2015-01-19_15-51-20-624 First run of IncrementalLogWithVMParameters
	Parameters: heapMaxSize=7.6 GB
	Test Suite Parameters: Timeout=1200 s
2015-01-19_15-51-20-626 ### 1/300 ### Starting test for Input:LTL/rers/Problem14_prop_000.c Settings:settings/LtlSoftwareModelCheckingC.epf Toolchain:toolchains/LtlSoftwareModelCheckingC.xml
2015-01-19_15-51-39-176 Finishing test with SUCCESS for Input:LTL/rers/Problem14_prop_000.c Settings:settings/LtlSoftwareModelCheckingC.epf Toolchain:toolchains/LtlSoftwareModelCheckingC.xml: SAFE(Expected:SAFE): ExpectedResult: SAFE UltimateResult: SAFE   [ShortDescription: All specifications hold LongDescription: We were not able to verify any specifiation because the program does not contain any specification.]
2015-01-19_15-51-39-386 ### 2/300 ### Starting test for Input:LTL/rers/Problem14_prop_001.c Settings:settings/LtlSoftwareModelCheckingC.epf Toolchain:toolchains/LtlSoftwareModelCheckingC.xml
2015-01-19_16-12-34-309 Finishing test with UNKNOWN for Input:LTL/rers/Problem14_prop_001.c Settings:settings/LtlSoftwareModelCheckingC.epf Toolchain:toolchains/LtlSoftwareModelCheckingC.xml: TIMEOUT(Expected:SAFE): ExpectedResult: SAFE UltimateResult: TIMEOUT   [ShortDescription: Timeout LongDescription: Timout or Toolchain cancelled by user]
2015-01-19_16-12-44-580 ### 3/300 ### Starting test for Input:LTL/rers/Problem14_prop_002.c Settings:settings/LtlSoftwareModelCheckingC.epf Toolchain:toolchains/LtlSoftwareModelCheckingC.xml
2015-01-19_16-13-01-794 Finishing test with FAIL for Input:LTL/rers/Problem14_prop_002.c Settings:settings/LtlSoftwareModelCheckingC.epf Toolchain:toolchains/LtlSoftwareModelCheckingC.xml: UNSAFE(Expected:SAFE): ExpectedResult: SAFE UltimateResult: UNSAFE   Violation of LTL property G((A || F(B))) 
2015-01-19_16-13-02-046 ### 4/300 ### Starting test for Input:LTL/rers/Problem14_prop_003.c Settings:settings/LtlSoftwareModelCheckingC.epf Toolchain:toolchains/LtlSoftwareModelCheckingC.xml
2015-01-19_16-33-44-863 Finishing test with UNKNOWN for Input:LTL/rers/Problem14_prop_003.c Settings:settings/LtlSoftwareModelCheckingC.epf Toolchain:toolchains/LtlSoftwareModelCheckingC.xml: TIMEOUT(Expected:SAFE): ExpectedResult: SAFE UltimateResult: TIMEOUT   [ShortDescription: Timeout LongDescription: Timout or Toolchain cancelled by user]
2015-01-19_16-33-55-618 ### 5/300 ### Starting test for Input:LTL/rers/Problem14_prop_004.c Settings:settings/LtlSoftwareModelCheckingC.epf Toolchain:toolchains/LtlSoftwareModelCheckingC.xml
2015-01-19_16-36-56-953 Finishing test with SUCCESS for Input:LTL/rers/Problem14_prop_004.c Settings:settings/LtlSoftwareModelCheckingC.epf Toolchain:toolchains/LtlSoftwareModelCheckingC.xml: UNSAFE(Expected:UNSAFE): ExpectedResult: UNSAFE UltimateResult: UNSAFE   Violation of LTL property G((A || G(B))) 
2015-01-19_16-36-57-149 ### 6/300 ### Starting test for Input:LTL/rers/Problem14_prop_005.c Settings:settings/LtlSoftwareModelCheckingC.epf Toolchain:toolchains/LtlSoftwareModelCheckingC.xml
2015-01-19_16-38-59-083 Finishing test with FAIL for Input:LTL/rers/Problem14_prop_005.c Settings:settings/LtlSoftwareModelCheckingC.epf Toolchain:toolchains/LtlSoftwareModelCheckingC.xml: NO_RESULT(Expected:UNSAFE): ExpectedResult: UNSAFE UltimateResult: NO_RESULT   NO_RESULT
2015-01-19_16-38-59-497 ### 7/300 ### Starting test for Input:LTL/rers/Problem14_prop_006.c Settings:settings/LtlSoftwareModelCheckingC.epf Toolchain:toolchains/LtlSoftwareModelCheckingC.xml
2015-01-19_16-44-20-648 Finishing test with SUCCESS for Input:LTL/rers/Problem14_prop_006.c Settings:settings/LtlSoftwareModelCheckingC.epf Toolchain:toolchains/LtlSoftwareModelCheckingC.xml: UNSAFE(Expected:UNSAFE): ExpectedResult: UNSAFE UltimateResult: UNSAFE   Violation of LTL property G((A || G(B))) 
2015-01-19_16-44-20-814 ### 8/300 ### Starting test for Input:LTL/rers/Problem14_prop_007.c Settings:settings/LtlSoftwareModelCheckingC.epf Toolchain:toolchains/LtlSoftwareModelCheckingC.xml
2015-01-19_16-44-44-433 Finishing test with SUCCESS for Input:LTL/rers/Problem14_prop_007.c Settings:settings/LtlSoftwareModelCheckingC.epf Toolchain:toolchains/LtlSoftwareModelCheckingC.xml: SAFE(Expected:SAFE): ExpectedResult: SAFE UltimateResult: SAFE   [ShortDescription: All specifications hold LongDescription: We were not able to verify any specifiation because the program does not contain any specification.]
2015-01-19_16-44-44-922 ### 9/300 ### Starting test for Input:LTL/rers/Problem14_prop_008.c Settings:settings/LtlSoftwareModelCheckingC.epf Toolchain:toolchains/LtlSoftwareModelCheckingC.xml
2015-01-19_16-47-27-976 Finishing test with SUCCESS for Input:LTL/rers/Problem14_prop_008.c Settings:settings/LtlSoftwareModelCheckingC.epf Toolchain:toolchains/LtlSoftwareModelCheckingC.xml: UNSAFE(Expected:UNSAFE): ExpectedResult: UNSAFE UltimateResult: UNSAFE   Violation of LTL property G((!((A && F(B))) || (C U B))) 
2015-01-19_16-47-28-214 ### 10/300 ### Starting test for Input:LTL/rers/Problem14_prop_009.c Settings:settings/LtlSoftwareModelCheckingC.epf Toolchain:toolchains/LtlSoftwareModelCheckingC.xml
2015-01-19_16-49-40-533 Finishing test with SUCCESS for Input:LTL/rers/Problem14_prop_009.c Settings:settings/LtlSoftwareModelCheckingC.epf Toolchain:toolchains/LtlSoftwareModelCheckingC.xml: UNSAFE(Expected:UNSAFE): ExpectedResult: UNSAFE UltimateResult: UNSAFE   Violation of LTL property G((!((A && F(B))) || (C U B))) 
2015-01-19_16-49-40-829 ### 11/300 ### Starting test for Input:LTL/rers/Problem14_prop_010.c Settings:settings/LtlSoftwareModelCheckingC.epf Toolchain:toolchains/LtlSoftwareModelCheckingC.xml
2015-01-19_16-50-06-798 Finishing test with FAIL for Input:LTL/rers/Problem14_prop_010.c Settings:settings/LtlSoftwareModelCheckingC.epf Toolchain:toolchains/LtlSoftwareModelCheckingC.xml: UNSAFE(Expected:SAFE): ExpectedResult: SAFE UltimateResult: UNSAFE   Violation of LTL property (G(A) || F((B && F(C)))) 
2015-01-19_16-50-07-143 ### 12/300 ### Starting test for Input:LTL/rers/Problem14_prop_011.c Settings:settings/LtlSoftwareModelCheckingC.epf Toolchain:toolchains/LtlSoftwareModelCheckingC.xml
2015-01-19_16-50-55-306 Finishing test with SUCCESS for Input:LTL/rers/Problem14_prop_011.c Settings:settings/LtlSoftwareModelCheckingC.epf Toolchain:toolchains/LtlSoftwareModelCheckingC.xml: SAFE(Expected:SAFE): ExpectedResult: SAFE UltimateResult: SAFE   [ShortDescription: All specifications hold LongDescription: We were not able to verify any specifiation because the program does not contain any specification.]
2015-01-19_16-50-55-553 ### 13/300 ### Starting test for Input:LTL/rers/Problem14_prop_012.c Settings:settings/LtlSoftwareModelCheckingC.epf Toolchain:toolchains/LtlSoftwareModelCheckingC.xml
2015-01-19_16-51-09-256 Finishing test with SUCCESS for Input:LTL/rers/Problem14_prop_012.c Settings:settings/LtlSoftwareModelCheckingC.epf Toolchain:toolchains/LtlSoftwareModelCheckingC.xml: SAFE(Expected:SAFE): ExpectedResult: SAFE UltimateResult: SAFE   [ShortDescription: All specifications hold LongDescription: We were not able to verify any specifiation because the program does not contain any specification.]
2015-01-19_16-51-09-461 ### 14/300 ### Starting test for Input:LTL/rers/Problem14_prop_013.c Settings:settings/LtlSoftwareModelCheckingC.epf Toolchain:toolchains/LtlSoftwareModelCheckingC.xml
2015-01-19_16-51-16-407 Finishing test with SUCCESS for Input:LTL/rers/Problem14_prop_013.c Settings:settings/LtlSoftwareModelCheckingC.epf Toolchain:toolchains/LtlSoftwareModelCheckingC.xml: SAFE(Expected:SAFE): ExpectedResult: SAFE UltimateResult: SAFE   [ShortDescription: All specifications hold LongDescription: We were not able to verify any specifiation because the program does not contain any specification.]
2015-01-19_16-51-16-746 ### 15/300 ### Starting test for Input:LTL/rers/Problem14_prop_014.c Settings:settings/LtlSoftwareModelCheckingC.epf Toolchain:toolchains/LtlSoftwareModelCheckingC.xml
2015-01-19_16-53-29-145 Finishing test with SUCCESS for Input:LTL/rers/Problem14_prop_014.c Settings:settings/LtlSoftwareModelCheckingC.epf Toolchain:toolchains/LtlSoftwareModelCheckingC.xml: UNSAFE(Expected:UNSAFE): ExpectedResult: UNSAFE UltimateResult: UNSAFE   Violation of LTL property (!(F(A)) || (B U C)) 
2015-01-19_16-53-29-460 ### 16/300 ### Starting test for Input:LTL/rers/Problem14_prop_015.c Settings:settings/LtlSoftwareModelCheckingC.epf Toolchain:toolchains/LtlSoftwareModelCheckingC.xml
2015-01-19_17-13-53-786 Finishing test with UNKNOWN for Input:LTL/rers/Problem14_prop_015.c Settings:settings/LtlSoftwareModelCheckingC.epf Toolchain:toolchains/LtlSoftwareModelCheckingC.xml: TIMEOUT(Expected:UNSAFE): ExpectedResult: UNSAFE UltimateResult: TIMEOUT   [ShortDescription: Timeout LongDescription: Timout or Toolchain cancelled by user]
2015-01-19_17-14-02-525 ### 17/300 ### Starting test for Input:LTL/rers/Problem14_prop_016.c Settings:settings/LtlSoftwareModelCheckingC.epf Toolchain:toolchains/LtlSoftwareModelCheckingC.xml
2015-01-19_17-14-15-743 Finishing test with SUCCESS for Input:LTL/rers/Problem14_prop_016.c Settings:settings/LtlSoftwareModelCheckingC.epf Toolchain:toolchains/LtlSoftwareModelCheckingC.xml: SAFE(Expected:SAFE): ExpectedResult: SAFE UltimateResult: SAFE   [ShortDescription: All specifications hold LongDescription: We were not able to verify any specifiation because the program does not contain any specification.]
2015-01-19_17-14-16-093 ### 18/300 ### Starting test for Input:LTL/rers/Problem14_prop_017.c Settings:settings/LtlSoftwareModelCheckingC.epf Toolchain:toolchains/LtlSoftwareModelCheckingC.xml
2015-01-19_17-14-34-806 Finishing test with SUCCESS for Input:LTL/rers/Problem14_prop_017.c Settings:settings/LtlSoftwareModelCheckingC.epf Toolchain:toolchains/LtlSoftwareModelCheckingC.xml: UNSAFE(Expected:UNSAFE): ExpectedResult: UNSAFE UltimateResult: UNSAFE   Violation of LTL property ((A U B) || G(A)) 
2015-01-19_17-14-35-104 ### 19/300 ### Starting test for Input:LTL/rers/Problem14_prop_018.c Settings:settings/LtlSoftwareModelCheckingC.epf Toolchain:toolchains/LtlSoftwareModelCheckingC.xml
2015-01-19_17-14-48-069 Finishing test with SUCCESS for Input:LTL/rers/Problem14_prop_018.c Settings:settings/LtlSoftwareModelCheckingC.epf Toolchain:toolchains/LtlSoftwareModelCheckingC.xml: SAFE(Expected:SAFE): ExpectedResult: SAFE UltimateResult: SAFE   [ShortDescription: All specifications hold LongDescription: We were not able to verify any specifiation because the program does not contain any specification.]
2015-01-19_17-14-48-291 ### 20/300 ### Starting test for Input:LTL/rers/Problem14_prop_019.c Settings:settings/LtlSoftwareModelCheckingC.epf Toolchain:toolchains/LtlSoftwareModelCheckingC.xml
2015-01-19_17-15-16-198 Finishing test with SUCCESS for Input:LTL/rers/Problem14_prop_019.c Settings:settings/LtlSoftwareModelCheckingC.epf Toolchain:toolchains/LtlSoftwareModelCheckingC.xml: UNSAFE(Expected:UNSAFE): ExpectedResult: UNSAFE UltimateResult: UNSAFE   Violation of LTL property G((A || F(B))) 
2015-01-19_17-15-16-540 ### 21/300 ### Starting test for Input:LTL/rers/Problem14_prop_020.c Settings:settings/LtlSoftwareModelCheckingC.epf Toolchain:toolchains/LtlSoftwareModelCheckingC.xml
2015-01-19_17-16-17-412 Finishing test with SUCCESS for Input:LTL/rers/Problem14_prop_020.c Settings:settings/LtlSoftwareModelCheckingC.epf Toolchain:toolchains/LtlSoftwareModelCheckingC.xml: UNSAFE(Expected:UNSAFE): ExpectedResult: UNSAFE UltimateResult: UNSAFE   Violation of LTL property G(A) 
2015-01-19_17-16-17-640 ### 22/300 ### Starting test for Input:LTL/rers/Problem14_prop_021.c Settings:settings/LtlSoftwareModelCheckingC.epf Toolchain:toolchains/LtlSoftwareModelCheckingC.xml
2015-01-19_17-19-25-839 Finishing test with SUCCESS for Input:LTL/rers/Problem14_prop_021.c Settings:settings/LtlSoftwareModelCheckingC.epf Toolchain:toolchains/LtlSoftwareModelCheckingC.xml: UNSAFE(Expected:UNSAFE): ExpectedResult: UNSAFE UltimateResult: UNSAFE   Violation of LTL property G((A || ((B U C) || G(B)))) 
2015-01-19_17-19-26-094 ### 23/300 ### Starting test for Input:LTL/rers/Problem14_prop_022.c Settings:settings/LtlSoftwareModelCheckingC.epf Toolchain:toolchains/LtlSoftwareModelCheckingC.xml
2015-01-19_17-40-04-518 Finishing test with UNKNOWN for Input:LTL/rers/Problem14_prop_022.c Settings:settings/LtlSoftwareModelCheckingC.epf Toolchain:toolchains/LtlSoftwareModelCheckingC.xml: TIMEOUT(Expected:UNSAFE): ExpectedResult: UNSAFE UltimateResult: TIMEOUT   [ShortDescription: Timeout LongDescription: Timout or Toolchain cancelled by user]
2015-01-19_17-40-16-431 ### 24/300 ### Starting test for Input:LTL/rers/Problem14_prop_023.c Settings:settings/LtlSoftwareModelCheckingC.epf Toolchain:toolchains/LtlSoftwareModelCheckingC.xml
2015-01-19_17-41-16-480 Finishing test with SUCCESS for Input:LTL/rers/Problem14_prop_023.c Settings:settings/LtlSoftwareModelCheckingC.epf Toolchain:toolchains/LtlSoftwareModelCheckingC.xml: SAFE(Expected:SAFE): ExpectedResult: SAFE UltimateResult: SAFE   [ShortDescription: All specifications hold LongDescription: We were not able to verify any specifiation because the program does not contain any specification.]
2015-01-19_17-41-16-744 ### 25/300 ### Starting test for Input:LTL/rers/Problem14_prop_024.c Settings:settings/LtlSoftwareModelCheckingC.epf Toolchain:toolchains/LtlSoftwareModelCheckingC.xml
2015-01-19_17-42-38-565 Finishing test with SUCCESS for Input:LTL/rers/Problem14_prop_024.c Settings:settings/LtlSoftwareModelCheckingC.epf Toolchain:toolchains/LtlSoftwareModelCheckingC.xml: SAFE(Expected:SAFE): ExpectedResult: SAFE UltimateResult: SAFE   [ShortDescription: All specifications hold LongDescription: We were not able to verify any specifiation because the program does not contain any specification.]
2015-01-19_17-42-38-807 ### 26/300 ### Starting test for Input:LTL/rers/Problem14_prop_025.c Settings:settings/LtlSoftwareModelCheckingC.epf Toolchain:toolchains/LtlSoftwareModelCheckingC.xml
2015-01-19_17-43-22-941 Finishing test with SUCCESS for Input:LTL/rers/Problem14_prop_025.c Settings:settings/LtlSoftwareModelCheckingC.epf Toolchain:toolchains/LtlSoftwareModelCheckingC.xml: SAFE(Expected:SAFE): ExpectedResult: SAFE UltimateResult: SAFE   [ShortDescription: All specifications hold LongDescription: We were not able to verify any specifiation because the program does not contain any specification.]
2015-01-19_17-43-23-177 ### 27/300 ### Starting test for Input:LTL/rers/Problem14_prop_026.c Settings:settings/LtlSoftwareModelCheckingC.epf Toolchain:toolchains/LtlSoftwareModelCheckingC.xml
2015-01-19_17-47-02-202 Finishing test with SUCCESS for Input:LTL/rers/Problem14_prop_026.c Settings:settings/LtlSoftwareModelCheckingC.epf Toolchain:toolchains/LtlSoftwareModelCheckingC.xml: SAFE(Expected:SAFE): ExpectedResult: SAFE UltimateResult: SAFE   [ShortDescription: All specifications hold LongDescription: We were not able to verify any specifiation because the program does not contain any specification.]
2015-01-19_17-47-02-493 ### 28/300 ### Starting test for Input:LTL/rers/Problem14_prop_027.c Settings:settings/LtlSoftwareModelCheckingC.epf Toolchain:toolchains/LtlSoftwareModelCheckingC.xml
2015-01-19_17-48-26-384 Finishing test with SUCCESS for Input:LTL/rers/Problem14_prop_027.c Settings:settings/LtlSoftwareModelCheckingC.epf Toolchain:toolchains/LtlSoftwareModelCheckingC.xml: UNSAFE(Expected:UNSAFE): ExpectedResult: UNSAFE UltimateResult: UNSAFE   Violation of LTL property ((A U B) || G(A)) 
2015-01-19_17-48-26-624 ### 29/300 ### Starting test for Input:LTL/rers/Problem14_prop_028.c Settings:settings/LtlSoftwareModelCheckingC.epf Toolchain:toolchains/LtlSoftwareModelCheckingC.xml
2015-01-19_17-51-41-891 Finishing test with SUCCESS for Input:LTL/rers/Problem14_prop_028.c Settings:settings/LtlSoftwareModelCheckingC.epf Toolchain:toolchains/LtlSoftwareModelCheckingC.xml: UNSAFE(Expected:UNSAFE): ExpectedResult: UNSAFE UltimateResult: UNSAFE   Violation of LTL property ((A U ((B U ((A U ((B U G(A)) || G(B))) || G(A))) || G(B))) || G(A)) 
2015-01-19_17-51-42-234 ### 30/300 ### Starting test for Input:LTL/rers/Problem14_prop_029.c Settings:settings/LtlSoftwareModelCheckingC.epf Toolchain:toolchains/LtlSoftwareModelCheckingC.xml
2015-01-19_18-09-07-669 Finishing test with SUCCESS for Input:LTL/rers/Problem14_prop_029.c Settings:settings/LtlSoftwareModelCheckingC.epf Toolchain:toolchains/LtlSoftwareModelCheckingC.xml: UNSAFE(Expected:UNSAFE): ExpectedResult: UNSAFE UltimateResult: UNSAFE   Violation of LTL property G((A || (B U C))) 
2015-01-19_18-09-07-954 ### 31/300 ### Starting test for Input:LTL/rers/Problem14_prop_030.c Settings:settings/LtlSoftwareModelCheckingC.epf Toolchain:toolchains/LtlSoftwareModelCheckingC.xml
2015-01-19_18-09-14-906 Finishing test with SUCCESS for Input:LTL/rers/Problem14_prop_030.c Settings:settings/LtlSoftwareModelCheckingC.epf Toolchain:toolchains/LtlSoftwareModelCheckingC.xml: SAFE(Expected:SAFE): ExpectedResult: SAFE UltimateResult: SAFE   [ShortDescription: All specifications hold LongDescription: We were not able to verify any specifiation because the program does not contain any specification.]
2015-01-19_18-09-15-317 ### 32/300 ### Starting test for Input:LTL/rers/Problem14_prop_031.c Settings:settings/LtlSoftwareModelCheckingC.epf Toolchain:toolchains/LtlSoftwareModelCheckingC.xml
2015-01-19_18-10-35-607 Finishing test with SUCCESS for Input:LTL/rers/Problem14_prop_031.c Settings:settings/LtlSoftwareModelCheckingC.epf Toolchain:toolchains/LtlSoftwareModelCheckingC.xml: SAFE(Expected:SAFE): ExpectedResult: SAFE UltimateResult: SAFE   [ShortDescription: All specifications hold LongDescription: We were not able to verify any specifiation because the program does not contain any specification.]
2015-01-19_18-10-35-864 ### 33/300 ### Starting test for Input:LTL/rers/Problem14_prop_032.c Settings:settings/LtlSoftwareModelCheckingC.epf Toolchain:toolchains/LtlSoftwareModelCheckingC.xml
2015-01-19_18-10-45-889 Finishing test with SUCCESS for Input:LTL/rers/Problem14_prop_032.c Settings:settings/LtlSoftwareModelCheckingC.epf Toolchain:toolchains/LtlSoftwareModelCheckingC.xml: SAFE(Expected:SAFE): ExpectedResult: SAFE UltimateResult: SAFE   [ShortDescription: All specifications hold LongDescription: We were not able to verify any specifiation because the program does not contain any specification.]
2015-01-19_18-10-46-296 ### 34/300 ### Starting test for Input:LTL/rers/Problem14_prop_033.c Settings:settings/LtlSoftwareModelCheckingC.epf Toolchain:toolchains/LtlSoftwareModelCheckingC.xml
2015-01-19_18-31-16-913 Finishing test with UNKNOWN for Input:LTL/rers/Problem14_prop_033.c Settings:settings/LtlSoftwareModelCheckingC.epf Toolchain:toolchains/LtlSoftwareModelCheckingC.xml: TIMEOUT(Expected:UNSAFE): ExpectedResult: UNSAFE UltimateResult: TIMEOUT   [ShortDescription: Timeout LongDescription: Timout or Toolchain cancelled by user]
2015-01-19_18-31-27-416 ### 35/300 ### Starting test for Input:LTL/rers/Problem14_prop_034.c Settings:settings/LtlSoftwareModelCheckingC.epf Toolchain:toolchains/LtlSoftwareModelCheckingC.xml
2015-01-19_18-32-42-749 Finishing test with SUCCESS for Input:LTL/rers/Problem14_prop_034.c Settings:settings/LtlSoftwareModelCheckingC.epf Toolchain:toolchains/LtlSoftwareModelCheckingC.xml: UNSAFE(Expected:UNSAFE): ExpectedResult: UNSAFE UltimateResult: UNSAFE   Violation of LTL property ((A U B) || G(A)) 
2015-01-19_18-32-42-995 ### 36/300 ### Starting test for Input:LTL/rers/Problem14_prop_035.c Settings:settings/LtlSoftwareModelCheckingC.epf Toolchain:toolchains/LtlSoftwareModelCheckingC.xml
2015-01-19_18-36-01-864 Finishing test with SUCCESS for Input:LTL/rers/Problem14_prop_035.c Settings:settings/LtlSoftwareModelCheckingC.epf Toolchain:toolchains/LtlSoftwareModelCheckingC.xml: UNSAFE(Expected:UNSAFE): ExpectedResult: UNSAFE UltimateResult: UNSAFE   Violation of LTL property G(A) 
2015-01-19_18-36-02-093 ### 37/300 ### Starting test for Input:LTL/rers/Problem14_prop_036.c Settings:settings/LtlSoftwareModelCheckingC.epf Toolchain:toolchains/LtlSoftwareModelCheckingC.xml
2015-01-19_18-56-43-751 Finishing test with UNKNOWN for Input:LTL/rers/Problem14_prop_036.c Settings:settings/LtlSoftwareModelCheckingC.epf Toolchain:toolchains/LtlSoftwareModelCheckingC.xml: TIMEOUT(Expected:UNSAFE): ExpectedResult: UNSAFE UltimateResult: TIMEOUT   [ShortDescription: Timeout LongDescription: Timout or Toolchain cancelled by user]
2015-01-19_18-56-53-688 ### 38/300 ### Starting test for Input:LTL/rers/Problem14_prop_037.c Settings:settings/LtlSoftwareModelCheckingC.epf Toolchain:toolchains/LtlSoftwareModelCheckingC.xml
2015-01-19_18-58-17-056 Finishing test with SUCCESS for Input:LTL/rers/Problem14_prop_037.c Settings:settings/LtlSoftwareModelCheckingC.epf Toolchain:toolchains/LtlSoftwareModelCheckingC.xml: UNSAFE(Expected:UNSAFE): ExpectedResult: UNSAFE UltimateResult: UNSAFE   Violation of LTL property G((A || F(B))) 
2015-01-19_18-58-17-350 ### 39/300 ### Starting test for Input:LTL/rers/Problem14_prop_038.c Settings:settings/LtlSoftwareModelCheckingC.epf Toolchain:toolchains/LtlSoftwareModelCheckingC.xml
2015-01-19_18-59-57-489 Finishing test with SUCCESS for Input:LTL/rers/Problem14_prop_038.c Settings:settings/LtlSoftwareModelCheckingC.epf Toolchain:toolchains/LtlSoftwareModelCheckingC.xml: SAFE(Expected:SAFE): ExpectedResult: SAFE UltimateResult: SAFE   [ShortDescription: All specifications hold LongDescription: We were not able to verify any specifiation because the program does not contain any specification.]
2015-01-19_18-59-57-826 ### 40/300 ### Starting test for Input:LTL/rers/Problem14_prop_039.c Settings:settings/LtlSoftwareModelCheckingC.epf Toolchain:toolchains/LtlSoftwareModelCheckingC.xml
2015-01-19_19-03-01-906 Finishing test with SUCCESS for Input:LTL/rers/Problem14_prop_039.c Settings:settings/LtlSoftwareModelCheckingC.epf Toolchain:toolchains/LtlSoftwareModelCheckingC.xml: SAFE(Expected:SAFE): ExpectedResult: SAFE UltimateResult: SAFE   [ShortDescription: All specifications hold LongDescription: We were not able to verify any specifiation because the program does not contain any specification.]
2015-01-19_19-03-02-209 ### 41/300 ### Starting test for Input:LTL/rers/Problem14_prop_040.c Settings:settings/LtlSoftwareModelCheckingC.epf Toolchain:toolchains/LtlSoftwareModelCheckingC.xml
2015-01-19_19-05-05-194 Finishing test with SUCCESS for Input:LTL/rers/Problem14_prop_040.c Settings:settings/LtlSoftwareModelCheckingC.epf Toolchain:toolchains/LtlSoftwareModelCheckingC.xml: UNSAFE(Expected:UNSAFE): ExpectedResult: UNSAFE UltimateResult: UNSAFE   Violation of LTL property ((A U B) || G(A)) 
2015-01-19_19-05-05-511 ### 42/300 ### Starting test for Input:LTL/rers/Problem14_prop_041.c Settings:settings/LtlSoftwareModelCheckingC.epf Toolchain:toolchains/LtlSoftwareModelCheckingC.xml
2015-01-19_19-07-14-681 Finishing test with SUCCESS for Input:LTL/rers/Problem14_prop_041.c Settings:settings/LtlSoftwareModelCheckingC.epf Toolchain:toolchains/LtlSoftwareModelCheckingC.xml: UNSAFE(Expected:UNSAFE): ExpectedResult: UNSAFE UltimateResult: UNSAFE   Violation of LTL property G((A || (B U C))) 
2015-01-19_19-07-14-998 ### 43/300 ### Starting test for Input:LTL/rers/Problem14_prop_042.c Settings:settings/LtlSoftwareModelCheckingC.epf Toolchain:toolchains/LtlSoftwareModelCheckingC.xml
2015-01-19_19-10-55-264 Finishing test with SUCCESS for Input:LTL/rers/Problem14_prop_042.c Settings:settings/LtlSoftwareModelCheckingC.epf Toolchain:toolchains/LtlSoftwareModelCheckingC.xml: UNSAFE(Expected:UNSAFE): ExpectedResult: UNSAFE UltimateResult: UNSAFE   Violation of LTL property G(A) 
2015-01-19_19-10-55-551 ### 44/300 ### Starting test for Input:LTL/rers/Problem14_prop_043.c Settings:settings/LtlSoftwareModelCheckingC.epf Toolchain:toolchains/LtlSoftwareModelCheckingC.xml
2015-01-19_19-11-03-294 Finishing test with SUCCESS for Input:LTL/rers/Problem14_prop_043.c Settings:settings/LtlSoftwareModelCheckingC.epf Toolchain:toolchains/LtlSoftwareModelCheckingC.xml: SAFE(Expected:SAFE): ExpectedResult: SAFE UltimateResult: SAFE   [ShortDescription: All specifications hold LongDescription: We were not able to verify any specifiation because the program does not contain any specification.]
2015-01-19_19-11-03-783 ### 45/300 ### Starting test for Input:LTL/rers/Problem14_prop_044.c Settings:settings/LtlSoftwareModelCheckingC.epf Toolchain:toolchains/LtlSoftwareModelCheckingC.xml
2015-01-19_19-14-13-402 Finishing test with SUCCESS for Input:LTL/rers/Problem14_prop_044.c Settings:settings/LtlSoftwareModelCheckingC.epf Toolchain:toolchains/LtlSoftwareModelCheckingC.xml: UNSAFE(Expected:UNSAFE): ExpectedResult: UNSAFE UltimateResult: UNSAFE   Violation of LTL property (!(F(A)) || (B U C)) 
2015-01-19_19-14-13-790 ### 46/300 ### Starting test for Input:LTL/rers/Problem14_prop_045.c Settings:settings/LtlSoftwareModelCheckingC.epf Toolchain:toolchains/LtlSoftwareModelCheckingC.xml
2015-01-19_19-16-23-769 Finishing test with SUCCESS for Input:LTL/rers/Problem14_prop_045.c Settings:settings/LtlSoftwareModelCheckingC.epf Toolchain:toolchains/LtlSoftwareModelCheckingC.xml: UNSAFE(Expected:UNSAFE): ExpectedResult: UNSAFE UltimateResult: UNSAFE   Violation of LTL property G((!((A && F(B))) || (C U B))) 
2015-01-19_19-16-24-144 ### 47/300 ### Starting test for Input:LTL/rers/Problem14_prop_046.c Settings:settings/LtlSoftwareModelCheckingC.epf Toolchain:toolchains/LtlSoftwareModelCheckingC.xml
2015-01-19_19-17-58-289 Finishing test with SUCCESS for Input:LTL/rers/Problem14_prop_046.c Settings:settings/LtlSoftwareModelCheckingC.epf Toolchain:toolchains/LtlSoftwareModelCheckingC.xml: UNSAFE(Expected:UNSAFE): ExpectedResult: UNSAFE UltimateResult: UNSAFE   Violation of LTL property G((A || G(B))) 
2015-01-19_19-17-58-648 ### 48/300 ### Starting test for Input:LTL/rers/Problem14_prop_047.c Settings:settings/LtlSoftwareModelCheckingC.epf Toolchain:toolchains/LtlSoftwareModelCheckingC.xml
2015-01-19_19-20-02-845 Finishing test with SUCCESS for Input:LTL/rers/Problem14_prop_047.c Settings:settings/LtlSoftwareModelCheckingC.epf Toolchain:toolchains/LtlSoftwareModelCheckingC.xml: UNSAFE(Expected:UNSAFE): ExpectedResult: UNSAFE UltimateResult: UNSAFE   Violation of LTL property G((A || ((B U C) || G(B)))) 
2015-01-19_19-20-03-197 ### 49/300 ### Starting test for Input:LTL/rers/Problem14_prop_048.c Settings:settings/LtlSoftwareModelCheckingC.epf Toolchain:toolchains/LtlSoftwareModelCheckingC.xml
2015-01-19_19-21-28-076 Finishing test with SUCCESS for Input:LTL/rers/Problem14_prop_048.c Settings:settings/LtlSoftwareModelCheckingC.epf Toolchain:toolchains/LtlSoftwareModelCheckingC.xml: SAFE(Expected:SAFE): ExpectedResult: SAFE UltimateResult: SAFE   [ShortDescription: All specifications hold LongDescription: We were not able to verify any specifiation because the program does not contain any specification.]
2015-01-19_19-21-28-529 ### 50/300 ### Starting test for Input:LTL/rers/Problem14_prop_049.c Settings:settings/LtlSoftwareModelCheckingC.epf Toolchain:toolchains/LtlSoftwareModelCheckingC.xml
2015-01-19_19-22-03-872 Finishing test with SUCCESS for Input:LTL/rers/Problem14_prop_049.c Settings:settings/LtlSoftwareModelCheckingC.epf Toolchain:toolchains/LtlSoftwareModelCheckingC.xml: SAFE(Expected:SAFE): ExpectedResult: SAFE UltimateResult: SAFE   [ShortDescription: All specifications hold LongDescription: We were not able to verify any specifiation because the program does not contain any specification.]
2015-01-19_19-22-04-534 ### 51/300 ### Starting test for Input:LTL/rers/Problem15_prop_000.c Settings:settings/LtlSoftwareModelCheckingC.epf Toolchain:toolchains/LtlSoftwareModelCheckingC.xml
2015-01-19_19-26-26-647 Finishing test with SUCCESS for Input:LTL/rers/Problem15_prop_000.c Settings:settings/LtlSoftwareModelCheckingC.epf Toolchain:toolchains/LtlSoftwareModelCheckingC.xml: SAFE(Expected:SAFE): ExpectedResult: SAFE UltimateResult: SAFE   [ShortDescription: All specifications hold LongDescription: We were not able to verify any specifiation because the program does not contain any specification.]
2015-01-19_19-26-27-095 ### 52/300 ### Starting test for Input:LTL/rers/Problem15_prop_001.c Settings:settings/LtlSoftwareModelCheckingC.epf Toolchain:toolchains/LtlSoftwareModelCheckingC.xml
2015-01-19_19-27-29-716 Finishing test with SUCCESS for Input:LTL/rers/Problem15_prop_001.c Settings:settings/LtlSoftwareModelCheckingC.epf Toolchain:toolchains/LtlSoftwareModelCheckingC.xml: SAFE(Expected:SAFE): ExpectedResult: SAFE UltimateResult: SAFE   [ShortDescription: All specifications hold LongDescription: We were not able to verify any specifiation because the program does not contain any specification.]
2015-01-19_19-27-30-076 ### 53/300 ### Starting test for Input:LTL/rers/Problem15_prop_002.c Settings:settings/LtlSoftwareModelCheckingC.epf Toolchain:toolchains/LtlSoftwareModelCheckingC.xml
2015-01-19_19-28-05-973 Finishing test with SUCCESS for Input:LTL/rers/Problem15_prop_002.c Settings:settings/LtlSoftwareModelCheckingC.epf Toolchain:toolchains/LtlSoftwareModelCheckingC.xml: SAFE(Expected:SAFE): ExpectedResult: SAFE UltimateResult: SAFE   [ShortDescription: All specifications hold LongDescription: We were not able to verify any specifiation because the program does not contain any specification.]
2015-01-19_19-28-06-315 ### 54/300 ### Starting test for Input:LTL/rers/Problem15_prop_003.c Settings:settings/LtlSoftwareModelCheckingC.epf Toolchain:toolchains/LtlSoftwareModelCheckingC.xml
2015-01-19_19-29-36-899 Finishing test with SUCCESS for Input:LTL/rers/Problem15_prop_003.c Settings:settings/LtlSoftwareModelCheckingC.epf Toolchain:toolchains/LtlSoftwareModelCheckingC.xml: SAFE(Expected:SAFE): ExpectedResult: SAFE UltimateResult: SAFE   [ShortDescription: All specifications hold LongDescription: We were not able to verify any specifiation because the program does not contain any specification.]
2015-01-19_19-29-37-221 ### 55/300 ### Starting test for Input:LTL/rers/Problem15_prop_004.c Settings:settings/LtlSoftwareModelCheckingC.epf Toolchain:toolchains/LtlSoftwareModelCheckingC.xml
2015-01-19_19-40-24-079 Finishing test with FAIL for Input:LTL/rers/Problem15_prop_004.c Settings:settings/LtlSoftwareModelCheckingC.epf Toolchain:toolchains/LtlSoftwareModelCheckingC.xml: EXCEPTION_OR_ERROR(Expected:UNSAFE): ExpectedResult: UNSAFE UltimateResult: EXCEPTION_OR_ERROR   [de.uni_freiburg.informatik.ultimate.plugins.generator.buchiautomizer: OutOfMemoryError: GC overhead limit exceeded: java.util.HashMap.newKeyIterator(HashMap.java:972)]
2015-01-19_19-40-24-392 ### 56/300 ### Starting test for Input:LTL/rers/Problem15_prop_005.c Settings:settings/LtlSoftwareModelCheckingC.epf Toolchain:toolchains/LtlSoftwareModelCheckingC.xml
2015-01-19_19-41-02-096 Finishing test with SUCCESS for Input:LTL/rers/Problem15_prop_005.c Settings:settings/LtlSoftwareModelCheckingC.epf Toolchain:toolchains/LtlSoftwareModelCheckingC.xml: SAFE(Expected:SAFE): ExpectedResult: SAFE UltimateResult: SAFE   [ShortDescription: All specifications hold LongDescription: We were not able to verify any specifiation because the program does not contain any specification.]
2015-01-19_19-41-02-631 ### 57/300 ### Starting test for Input:LTL/rers/Problem15_prop_006.c Settings:settings/LtlSoftwareModelCheckingC.epf Toolchain:toolchains/LtlSoftwareModelCheckingC.xml
2015-01-19_20-11-28-818 Finishing test with FAIL for Input:LTL/rers/Problem15_prop_006.c Settings:settings/LtlSoftwareModelCheckingC.epf Toolchain:toolchains/LtlSoftwareModelCheckingC.xml: EXCEPTION_OR_ERROR(Expected:UNSAFE): ExpectedResult: UNSAFE UltimateResult: EXCEPTION_OR_ERROR   [de.uni_freiburg.informatik.ultimate.plugins.generator.buchiautomizer: OutOfMemoryError: GC overhead limit exceeded: java.util.HashMap.createEntry(HashMap.java:901)]
2015-01-19_20-11-29-113 ### 58/300 ### Starting test for Input:LTL/rers/Problem15_prop_007.c Settings:settings/LtlSoftwareModelCheckingC.epf Toolchain:toolchains/LtlSoftwareModelCheckingC.xml
2015-01-19_20-30-12-836 Finishing test with FAIL for Input:LTL/rers/Problem15_prop_007.c Settings:settings/LtlSoftwareModelCheckingC.epf Toolchain:toolchains/LtlSoftwareModelCheckingC.xml: EXCEPTION_OR_ERROR(Expected:UNSAFE): ExpectedResult: UNSAFE UltimateResult: EXCEPTION_OR_ERROR   [de.uni_freiburg.informatik.ultimate.plugins.generator.buchiautomizer: OutOfMemoryError: GC overhead limit exceeded: java.util.HashSet.<init>(HashSet.java:116)]
2015-01-19_20-30-13-132 ### 59/300 ### Starting test for Input:LTL/rers/Problem15_prop_008.c Settings:settings/LtlSoftwareModelCheckingC.epf Toolchain:toolchains/LtlSoftwareModelCheckingC.xml
2015-01-19_20-32-00-425 Finishing test with SUCCESS for Input:LTL/rers/Problem15_prop_008.c Settings:settings/LtlSoftwareModelCheckingC.epf Toolchain:toolchains/LtlSoftwareModelCheckingC.xml: SAFE(Expected:SAFE): ExpectedResult: SAFE UltimateResult: SAFE   [ShortDescription: All specifications hold LongDescription: We were not able to verify any specifiation because the program does not contain any specification.]
2015-01-19_20-32-01-086 ### 60/300 ### Starting test for Input:LTL/rers/Problem15_prop_009.c Settings:settings/LtlSoftwareModelCheckingC.epf Toolchain:toolchains/LtlSoftwareModelCheckingC.xml
2015-01-19_20-35-16-804 Finishing test with SUCCESS for Input:LTL/rers/Problem15_prop_009.c Settings:settings/LtlSoftwareModelCheckingC.epf Toolchain:toolchains/LtlSoftwareModelCheckingC.xml: SAFE(Expected:SAFE): ExpectedResult: SAFE UltimateResult: SAFE   [ShortDescription: All specifications hold LongDescription: We were not able to verify any specifiation because the program does not contain any specification.]
2015-01-19_20-35-17-175 ### 61/300 ### Starting test for Input:LTL/rers/Problem15_prop_010.c Settings:settings/LtlSoftwareModelCheckingC.epf Toolchain:toolchains/LtlSoftwareModelCheckingC.xml
2015-01-19_20-36-35-558 Finishing test with SUCCESS for Input:LTL/rers/Problem15_prop_010.c Settings:settings/LtlSoftwareModelCheckingC.epf Toolchain:toolchains/LtlSoftwareModelCheckingC.xml: SAFE(Expected:SAFE): ExpectedResult: SAFE UltimateResult: SAFE   [ShortDescription: All specifications hold LongDescription: We were not able to verify any specifiation because the program does not contain any specification.]
2015-01-19_20-36-35-980 ### 62/300 ### Starting test for Input:LTL/rers/Problem15_prop_011.c Settings:settings/LtlSoftwareModelCheckingC.epf Toolchain:toolchains/LtlSoftwareModelCheckingC.xml
2015-01-19_20-38-55-200 Finishing test with SUCCESS for Input:LTL/rers/Problem15_prop_011.c Settings:settings/LtlSoftwareModelCheckingC.epf Toolchain:toolchains/LtlSoftwareModelCheckingC.xml: SAFE(Expected:SAFE): ExpectedResult: SAFE UltimateResult: SAFE   [ShortDescription: All specifications hold LongDescription: We were not able to verify any specifiation because the program does not contain any specification.]
2015-01-19_20-38-55-710 ### 63/300 ### Starting test for Input:LTL/rers/Problem15_prop_012.c Settings:settings/LtlSoftwareModelCheckingC.epf Toolchain:toolchains/LtlSoftwareModelCheckingC.xml
2015-01-19_21-42-08-963 Finishing test with FAIL for Input:LTL/rers/Problem15_prop_012.c Settings:settings/LtlSoftwareModelCheckingC.epf Toolchain:toolchains/LtlSoftwareModelCheckingC.xml: EXCEPTION_OR_ERROR(Expected:UNSAFE): ExpectedResult: UNSAFE UltimateResult: EXCEPTION_OR_ERROR   [de.uni_freiburg.informatik.ultimate.plugins.generator.buchiautomizer: OutOfMemoryError: Java heap space: java.util.HashMap.createEntry(HashMap.java:901)]
2015-01-19_21-42-09-256 ### 64/300 ### Starting test for Input:LTL/rers/Problem15_prop_013.c Settings:settings/LtlSoftwareModelCheckingC.epf Toolchain:toolchains/LtlSoftwareModelCheckingC.xml
2015-01-19_22-41-47-218 Finishing test with FAIL for Input:LTL/rers/Problem15_prop_013.c Settings:settings/LtlSoftwareModelCheckingC.epf Toolchain:toolchains/LtlSoftwareModelCheckingC.xml: EXCEPTION_OR_ERROR(Expected:UNSAFE): ExpectedResult: UNSAFE UltimateResult: EXCEPTION_OR_ERROR   [de.uni_freiburg.informatik.ultimate.plugins.generator.buchiautomizer: OutOfMemoryError: Java heap space]
2015-01-19_22-41-47-479 ### 65/300 ### Starting test for Input:LTL/rers/Problem15_prop_014.c Settings:settings/LtlSoftwareModelCheckingC.epf Toolchain:toolchains/LtlSoftwareModelCheckingC.xml
2015-01-19_22-45-24-027 Finishing test with SUCCESS for Input:LTL/rers/Problem15_prop_014.c Settings:settings/LtlSoftwareModelCheckingC.epf Toolchain:toolchains/LtlSoftwareModelCheckingC.xml: SAFE(Expected:SAFE): ExpectedResult: SAFE UltimateResult: SAFE   [ShortDescription: All specifications hold LongDescription: We were not able to verify any specifiation because the program does not contain any specification.]
2015-01-19_22-45-24-692 ### 66/300 ### Starting test for Input:LTL/rers/Problem15_prop_015.c Settings:settings/LtlSoftwareModelCheckingC.epf Toolchain:toolchains/LtlSoftwareModelCheckingC.xml
2015-01-19_23-01-16-530 Finishing test with FAIL for Input:LTL/rers/Problem15_prop_015.c Settings:settings/LtlSoftwareModelCheckingC.epf Toolchain:toolchains/LtlSoftwareModelCheckingC.xml: EXCEPTION_OR_ERROR(Expected:UNSAFE): ExpectedResult: UNSAFE UltimateResult: EXCEPTION_OR_ERROR   [de.uni_freiburg.informatik.ultimate.plugins.generator.buchiautomizer: AssertionError: TermException de.uni_freiburg.informatik.ultimate.lassoranker.exceptions.UnknownFunctionException: Unknown function symbol: ite @term: (ite (<= (+ |v_div_aux(- v_mod_auxv_~a29_883629_1 (- 14))5_1| 1) 0) (+ |v_div_aux(ite (< (- v_mod_auxv_~a29_883629_1 (- 14)) 0) (+ v_div_aux(- v_mod_auxv_~a29_883629_1 (- 14))5_1 1) v_div_aux(- v_mod_auxv_~a29_883629_1 (- 14))5_1)5_1| 1) |v_div_aux(ite (< (- v_mod_auxv_~a29_883629_1 (- 14)) 0) (+ v_div_aux(- v_mod_auxv_~a29_883629_1 (- 14))5_1 1) v_div_aux(- v_mod_auxv_~a29_883629_1 (- 14))5_1)5_1|): de.uni_freiburg.informatik.ultimate.plugins.generator.buchiautomizer.LassoChecker.synthesize(LassoChecker.java:604)]
2015-01-19_23-01-17-113 ### 67/300 ### Starting test for Input:LTL/rers/Problem15_prop_016.c Settings:settings/LtlSoftwareModelCheckingC.epf Toolchain:toolchains/LtlSoftwareModelCheckingC.xml
2015-01-19_23-01-54-008 Finishing test with SUCCESS for Input:LTL/rers/Problem15_prop_016.c Settings:settings/LtlSoftwareModelCheckingC.epf Toolchain:toolchains/LtlSoftwareModelCheckingC.xml: SAFE(Expected:SAFE): ExpectedResult: SAFE UltimateResult: SAFE   [ShortDescription: All specifications hold LongDescription: We were not able to verify any specifiation because the program does not contain any specification.]
2015-01-19_23-01-54-420 ### 68/300 ### Starting test for Input:LTL/rers/Problem15_prop_017.c Settings:settings/LtlSoftwareModelCheckingC.epf Toolchain:toolchains/LtlSoftwareModelCheckingC.xml
2015-01-19_23-12-38-225 Finishing test with FAIL for Input:LTL/rers/Problem15_prop_017.c Settings:settings/LtlSoftwareModelCheckingC.epf Toolchain:toolchains/LtlSoftwareModelCheckingC.xml: EXCEPTION_OR_ERROR(Expected:UNSAFE): ExpectedResult: UNSAFE UltimateResult: EXCEPTION_OR_ERROR   [de.uni_freiburg.informatik.ultimate.plugins.generator.buchiautomizer: OutOfMemoryError: GC overhead limit exceeded]
2015-01-19_23-12-38-490 ### 69/300 ### Starting test for Input:LTL/rers/Problem15_prop_018.c Settings:settings/LtlSoftwareModelCheckingC.epf Toolchain:toolchains/LtlSoftwareModelCheckingC.xml
2015-01-19_23-13-19-883 Finishing test with SUCCESS for Input:LTL/rers/Problem15_prop_018.c Settings:settings/LtlSoftwareModelCheckingC.epf Toolchain:toolchains/LtlSoftwareModelCheckingC.xml: SAFE(Expected:SAFE): ExpectedResult: SAFE UltimateResult: SAFE   [ShortDescription: All specifications hold LongDescription: We were not able to verify any specifiation because the program does not contain any specification.]
2015-01-19_23-13-20-431 ### 70/300 ### Starting test for Input:LTL/rers/Problem15_prop_019.c Settings:settings/LtlSoftwareModelCheckingC.epf Toolchain:toolchains/LtlSoftwareModelCheckingC.xml
2015-01-19_23-25-24-113 Finishing test with SUCCESS for Input:LTL/rers/Problem15_prop_019.c Settings:settings/LtlSoftwareModelCheckingC.epf Toolchain:toolchains/LtlSoftwareModelCheckingC.xml: SAFE(Expected:SAFE): ExpectedResult: SAFE UltimateResult: SAFE   [ShortDescription: All specifications hold LongDescription: We were not able to verify any specifiation because the program does not contain any specification.]
2015-01-19_23-25-24-935 ### 71/300 ### Starting test for Input:LTL/rers/Problem15_prop_020.c Settings:settings/LtlSoftwareModelCheckingC.epf Toolchain:toolchains/LtlSoftwareModelCheckingC.xml
2015-01-19_23-44-29-647 Finishing test with FAIL for Input:LTL/rers/Problem15_prop_020.c Settings:settings/LtlSoftwareModelCheckingC.epf Toolchain:toolchains/LtlSoftwareModelCheckingC.xml: EXCEPTION_OR_ERROR(Expected:UNSAFE): ExpectedResult: UNSAFE UltimateResult: EXCEPTION_OR_ERROR   [de.uni_freiburg.informatik.ultimate.plugins.generator.buchiautomizer: OutOfMemoryError: GC overhead limit exceeded]
2015-01-19_23-44-29-914 ### 72/300 ### Starting test for Input:LTL/rers/Problem15_prop_021.c Settings:settings/LtlSoftwareModelCheckingC.epf Toolchain:toolchains/LtlSoftwareModelCheckingC.xml
2015-01-20_00-03-55-216 Finishing test with FAIL for Input:LTL/rers/Problem15_prop_021.c Settings:settings/LtlSoftwareModelCheckingC.epf Toolchain:toolchains/LtlSoftwareModelCheckingC.xml: EXCEPTION_OR_ERROR(Expected:UNSAFE): ExpectedResult: UNSAFE UltimateResult: EXCEPTION_OR_ERROR   [de.uni_freiburg.informatik.ultimate.plugins.generator.buchiautomizer: OutOfMemoryError: GC overhead limit exceeded]
2015-01-20_00-03-55-482 ### 73/300 ### Starting test for Input:LTL/rers/Problem15_prop_022.c Settings:settings/LtlSoftwareModelCheckingC.epf Toolchain:toolchains/LtlSoftwareModelCheckingC.xml
2015-01-20_00-11-12-524 Finishing test with FAIL for Input:LTL/rers/Problem15_prop_022.c Settings:settings/LtlSoftwareModelCheckingC.epf Toolchain:toolchains/LtlSoftwareModelCheckingC.xml: EXCEPTION_OR_ERROR(Expected:UNSAFE): ExpectedResult: UNSAFE UltimateResult: EXCEPTION_OR_ERROR   [de.uni_freiburg.informatik.ultimate.plugins.generator.buchiautomizer: OutOfMemoryError: GC overhead limit exceeded]
2015-01-20_00-11-12-789 ### 74/300 ### Starting test for Input:LTL/rers/Problem15_prop_023.c Settings:settings/LtlSoftwareModelCheckingC.epf Toolchain:toolchains/LtlSoftwareModelCheckingC.xml
2015-01-20_00-20-01-047 Finishing test with FAIL for Input:LTL/rers/Problem15_prop_023.c Settings:settings/LtlSoftwareModelCheckingC.epf Toolchain:toolchains/LtlSoftwareModelCheckingC.xml: EXCEPTION_OR_ERROR(Expected:UNSAFE): ExpectedResult: UNSAFE UltimateResult: EXCEPTION_OR_ERROR   [de.uni_freiburg.informatik.ultimate.plugins.generator.buchiautomizer: OutOfMemoryError: GC overhead limit exceeded]
2015-01-20_00-20-01-326 ### 75/300 ### Starting test for Input:LTL/rers/Problem15_prop_024.c Settings:settings/LtlSoftwareModelCheckingC.epf Toolchain:toolchains/LtlSoftwareModelCheckingC.xml
2015-01-20_00-25-08-055 Finishing test with SUCCESS for Input:LTL/rers/Problem15_prop_024.c Settings:settings/LtlSoftwareModelCheckingC.epf Toolchain:toolchains/LtlSoftwareModelCheckingC.xml: SAFE(Expected:SAFE): ExpectedResult: SAFE UltimateResult: SAFE   [ShortDescription: All specifications hold LongDescription: We were not able to verify any specifiation because the program does not contain any specification.]
2015-01-20_00-25-08-767 ### 76/300 ### Starting test for Input:LTL/rers/Problem15_prop_025.c Settings:settings/LtlSoftwareModelCheckingC.epf Toolchain:toolchains/LtlSoftwareModelCheckingC.xml
2015-01-20_00-45-52-532 Finishing test with UNKNOWN for Input:LTL/rers/Problem15_prop_025.c Settings:settings/LtlSoftwareModelCheckingC.epf Toolchain:toolchains/LtlSoftwareModelCheckingC.xml: TIMEOUT(Expected:SAFE): ExpectedResult: SAFE UltimateResult: TIMEOUT   [ShortDescription: Timeout LongDescription: Timeout while trying to prove G((A || ((B U C) || G(B))))]
2015-01-20_00-45-53-096 ### 77/300 ### Starting test for Input:LTL/rers/Problem15_prop_026.c Settings:settings/LtlSoftwareModelCheckingC.epf Toolchain:toolchains/LtlSoftwareModelCheckingC.xml
2015-01-20_01-05-54-402 Finishing test with UNKNOWN for Input:LTL/rers/Problem15_prop_026.c Settings:settings/LtlSoftwareModelCheckingC.epf Toolchain:toolchains/LtlSoftwareModelCheckingC.xml: TIMEOUT(Expected:UNSAFE): ExpectedResult: UNSAFE UltimateResult: TIMEOUT   [ShortDescription: Timeout LongDescription: Timout or Toolchain cancelled by user]
2015-01-20_01-05-55-141 ### 78/300 ### Starting test for Input:LTL/rers/Problem15_prop_027.c Settings:settings/LtlSoftwareModelCheckingC.epf Toolchain:toolchains/LtlSoftwareModelCheckingC.xml
2015-01-20_01-12-28-197 Finishing test with SUCCESS for Input:LTL/rers/Problem15_prop_027.c Settings:settings/LtlSoftwareModelCheckingC.epf Toolchain:toolchains/LtlSoftwareModelCheckingC.xml: SAFE(Expected:SAFE): ExpectedResult: SAFE UltimateResult: SAFE   [ShortDescription: All specifications hold LongDescription: We were not able to verify any specifiation because the program does not contain any specification.]
2015-01-20_01-12-28-884 ### 79/300 ### Starting test for Input:LTL/rers/Problem15_prop_028.c Settings:settings/LtlSoftwareModelCheckingC.epf Toolchain:toolchains/LtlSoftwareModelCheckingC.xml
2015-01-20_01-33-31-568 Finishing test with UNKNOWN for Input:LTL/rers/Problem15_prop_028.c Settings:settings/LtlSoftwareModelCheckingC.epf Toolchain:toolchains/LtlSoftwareModelCheckingC.xml: TIMEOUT(Expected:UNSAFE): ExpectedResult: UNSAFE UltimateResult: TIMEOUT   [ShortDescription: Timeout LongDescription: Timeout while trying to prove ((A U ((B U ((A U ((B U G(A)) || G(B))) || G(A))) || G(B))) || G(A))]
2015-01-20_01-33-32-311 ### 80/300 ### Starting test for Input:LTL/rers/Problem15_prop_029.c Settings:settings/LtlSoftwareModelCheckingC.epf Toolchain:toolchains/LtlSoftwareModelCheckingC.xml
2015-01-20_01-53-37-166 Finishing test with UNKNOWN for Input:LTL/rers/Problem15_prop_029.c Settings:settings/LtlSoftwareModelCheckingC.epf Toolchain:toolchains/LtlSoftwareModelCheckingC.xml: TIMEOUT(Expected:UNSAFE): ExpectedResult: UNSAFE UltimateResult: TIMEOUT   [ShortDescription: Timeout LongDescription: Timout or Toolchain cancelled by user]
2015-01-20_01-53-37-500 ### 81/300 ### Starting test for Input:LTL/rers/Problem15_prop_030.c Settings:settings/LtlSoftwareModelCheckingC.epf Toolchain:toolchains/LtlSoftwareModelCheckingC.xml
2015-01-20_02-14-30-486 Finishing test with FAIL for Input:LTL/rers/Problem15_prop_030.c Settings:settings/LtlSoftwareModelCheckingC.epf Toolchain:toolchains/LtlSoftwareModelCheckingC.xml: EXCEPTION_OR_ERROR(Expected:UNSAFE): ExpectedResult: UNSAFE UltimateResult: EXCEPTION_OR_ERROR   [de.uni_freiburg.informatik.ultimate.plugins.generator.buchiautomizer: OutOfMemoryError: GC overhead limit exceeded]
2015-01-20_02-14-30-763 ### 82/300 ### Starting test for Input:LTL/rers/Problem15_prop_031.c Settings:settings/LtlSoftwareModelCheckingC.epf Toolchain:toolchains/LtlSoftwareModelCheckingC.xml
2015-01-20_02-34-30-802 Finishing test with UNKNOWN for Input:LTL/rers/Problem15_prop_031.c Settings:settings/LtlSoftwareModelCheckingC.epf Toolchain:toolchains/LtlSoftwareModelCheckingC.xml: TIMEOUT(Expected:UNSAFE): ExpectedResult: UNSAFE UltimateResult: TIMEOUT   [ShortDescription: Timeout LongDescription: Timeout while trying to prove ((A U ((B U ((A U ((B U G(A)) || G(B))) || G(A))) || G(B))) || G(A))]
2015-01-20_02-34-31-436 ### 83/300 ### Starting test for Input:LTL/rers/Problem15_prop_032.c Settings:settings/LtlSoftwareModelCheckingC.epf Toolchain:toolchains/LtlSoftwareModelCheckingC.xml
2015-01-20_02-54-32-105 Finishing test with UNKNOWN for Input:LTL/rers/Problem15_prop_032.c Settings:settings/LtlSoftwareModelCheckingC.epf Toolchain:toolchains/LtlSoftwareModelCheckingC.xml: TIMEOUT(Expected:UNSAFE): ExpectedResult: UNSAFE UltimateResult: TIMEOUT   [ShortDescription: Timeout LongDescription: Timout or Toolchain cancelled by user]
2015-01-20_02-54-32-753 ### 84/300 ### Starting test for Input:LTL/rers/Problem15_prop_033.c Settings:settings/LtlSoftwareModelCheckingC.epf Toolchain:toolchains/LtlSoftwareModelCheckingC.xml
2015-01-20_02-55-09-850 Finishing test with SUCCESS for Input:LTL/rers/Problem15_prop_033.c Settings:settings/LtlSoftwareModelCheckingC.epf Toolchain:toolchains/LtlSoftwareModelCheckingC.xml: SAFE(Expected:SAFE): ExpectedResult: SAFE UltimateResult: SAFE   [ShortDescription: All specifications hold LongDescription: We were not able to verify any specifiation because the program does not contain any specification.]
2015-01-20_02-55-10-224 ### 85/300 ### Starting test for Input:LTL/rers/Problem15_prop_034.c Settings:settings/LtlSoftwareModelCheckingC.epf Toolchain:toolchains/LtlSoftwareModelCheckingC.xml
2015-01-20_02-59-09-147 Finishing test with SUCCESS for Input:LTL/rers/Problem15_prop_034.c Settings:settings/LtlSoftwareModelCheckingC.epf Toolchain:toolchains/LtlSoftwareModelCheckingC.xml: SAFE(Expected:SAFE): ExpectedResult: SAFE UltimateResult: SAFE   [ShortDescription: All specifications hold LongDescription: We were not able to verify any specifiation because the program does not contain any specification.]
2015-01-20_02-59-09-658 ### 86/300 ### Starting test for Input:LTL/rers/Problem15_prop_035.c Settings:settings/LtlSoftwareModelCheckingC.epf Toolchain:toolchains/LtlSoftwareModelCheckingC.xml
2015-01-20_03-22-03-973 Finishing test with FAIL for Input:LTL/rers/Problem15_prop_035.c Settings:settings/LtlSoftwareModelCheckingC.epf Toolchain:toolchains/LtlSoftwareModelCheckingC.xml: EXCEPTION_OR_ERROR(Expected:UNSAFE): ExpectedResult: UNSAFE UltimateResult: EXCEPTION_OR_ERROR   [de.uni_freiburg.informatik.ultimate.plugins.generator.buchiautomizer: OutOfMemoryError: GC overhead limit exceeded]
2015-01-20_03-22-04-247 ### 87/300 ### Starting test for Input:LTL/rers/Problem15_prop_036.c Settings:settings/LtlSoftwareModelCheckingC.epf Toolchain:toolchains/LtlSoftwareModelCheckingC.xml
2015-01-20_03-29-39-180 Finishing test with FAIL for Input:LTL/rers/Problem15_prop_036.c Settings:settings/LtlSoftwareModelCheckingC.epf Toolchain:toolchains/LtlSoftwareModelCheckingC.xml: EXCEPTION_OR_ERROR(Expected:UNSAFE): ExpectedResult: UNSAFE UltimateResult: EXCEPTION_OR_ERROR   [de.uni_freiburg.informatik.ultimate.plugins.generator.buchiautomizer: OutOfMemoryError: GC overhead limit exceeded]
2015-01-20_03-29-39-456 ### 88/300 ### Starting test for Input:LTL/rers/Problem15_prop_037.c Settings:settings/LtlSoftwareModelCheckingC.epf Toolchain:toolchains/LtlSoftwareModelCheckingC.xml
2015-01-20_03-43-43-331 Finishing test with FAIL for Input:LTL/rers/Problem15_prop_037.c Settings:settings/LtlSoftwareModelCheckingC.epf Toolchain:toolchains/LtlSoftwareModelCheckingC.xml: EXCEPTION_OR_ERROR(Expected:UNSAFE): ExpectedResult: UNSAFE UltimateResult: EXCEPTION_OR_ERROR   [de.uni_freiburg.informatik.ultimate.plugins.generator.buchiautomizer: OutOfMemoryError: GC overhead limit exceeded]
2015-01-20_03-43-43-608 ### 89/300 ### Starting test for Input:LTL/rers/Problem15_prop_038.c Settings:settings/LtlSoftwareModelCheckingC.epf Toolchain:toolchains/LtlSoftwareModelCheckingC.xml
2015-01-20_03-46-32-411 Finishing test with SUCCESS for Input:LTL/rers/Problem15_prop_038.c Settings:settings/LtlSoftwareModelCheckingC.epf Toolchain:toolchains/LtlSoftwareModelCheckingC.xml: SAFE(Expected:SAFE): ExpectedResult: SAFE UltimateResult: SAFE   [ShortDescription: All specifications hold LongDescription: We were not able to verify any specifiation because the program does not contain any specification.]
2015-01-20_03-46-33-231 ### 90/300 ### Starting test for Input:LTL/rers/Problem15_prop_039.c Settings:settings/LtlSoftwareModelCheckingC.epf Toolchain:toolchains/LtlSoftwareModelCheckingC.xml
2015-01-20_04-06-36-174 Finishing test with UNKNOWN for Input:LTL/rers/Problem15_prop_039.c Settings:settings/LtlSoftwareModelCheckingC.epf Toolchain:toolchains/LtlSoftwareModelCheckingC.xml: TIMEOUT(Expected:UNSAFE): ExpectedResult: UNSAFE UltimateResult: TIMEOUT   [ShortDescription: Timeout LongDescription: Timout or Toolchain cancelled by user]
2015-01-20_04-06-36-904 ### 91/300 ### Starting test for Input:LTL/rers/Problem15_prop_040.c Settings:settings/LtlSoftwareModelCheckingC.epf Toolchain:toolchains/LtlSoftwareModelCheckingC.xml
2015-01-20_04-19-12-201 Finishing test with FAIL for Input:LTL/rers/Problem15_prop_040.c Settings:settings/LtlSoftwareModelCheckingC.epf Toolchain:toolchains/LtlSoftwareModelCheckingC.xml: EXCEPTION_OR_ERROR(Expected:UNSAFE): ExpectedResult: UNSAFE UltimateResult: EXCEPTION_OR_ERROR   [de.uni_freiburg.informatik.ultimate.plugins.generator.buchiautomizer: OutOfMemoryError: GC overhead limit exceeded]
2015-01-20_04-19-12-480 ### 92/300 ### Starting test for Input:LTL/rers/Problem15_prop_041.c Settings:settings/LtlSoftwareModelCheckingC.epf Toolchain:toolchains/LtlSoftwareModelCheckingC.xml
2015-01-20_04-39-12-601 Finishing test with UNKNOWN for Input:LTL/rers/Problem15_prop_041.c Settings:settings/LtlSoftwareModelCheckingC.epf Toolchain:toolchains/LtlSoftwareModelCheckingC.xml: TIMEOUT(Expected:UNSAFE): ExpectedResult: UNSAFE UltimateResult: TIMEOUT   [ShortDescription: Timeout LongDescription: Timeout while trying to prove G((A || G(B)))]
2015-01-20_04-39-12-930 ### 93/300 ### Starting test for Input:LTL/rers/Problem15_prop_042.c Settings:settings/LtlSoftwareModelCheckingC.epf Toolchain:toolchains/LtlSoftwareModelCheckingC.xml
2015-01-20_04-51-29-595 Finishing test with SUCCESS for Input:LTL/rers/Problem15_prop_042.c Settings:settings/LtlSoftwareModelCheckingC.epf Toolchain:toolchains/LtlSoftwareModelCheckingC.xml: SAFE(Expected:SAFE): ExpectedResult: SAFE UltimateResult: SAFE   [ShortDescription: All specifications hold LongDescription: We were not able to verify any specifiation because the program does not contain any specification.]
2015-01-20_04-51-30-391 ### 94/300 ### Starting test for Input:LTL/rers/Problem15_prop_043.c Settings:settings/LtlSoftwareModelCheckingC.epf Toolchain:toolchains/LtlSoftwareModelCheckingC.xml
2015-01-20_04-54-01-287 Finishing test with SUCCESS for Input:LTL/rers/Problem15_prop_043.c Settings:settings/LtlSoftwareModelCheckingC.epf Toolchain:toolchains/LtlSoftwareModelCheckingC.xml: SAFE(Expected:SAFE): ExpectedResult: SAFE UltimateResult: SAFE   [ShortDescription: All specifications hold LongDescription: We were not able to verify any specifiation because the program does not contain any specification.]
2015-01-20_04-54-01-685 ### 95/300 ### Starting test for Input:LTL/rers/Problem15_prop_044.c Settings:settings/LtlSoftwareModelCheckingC.epf Toolchain:toolchains/LtlSoftwareModelCheckingC.xml
2015-01-20_04-54-43-271 Finishing test with SUCCESS for Input:LTL/rers/Problem15_prop_044.c Settings:settings/LtlSoftwareModelCheckingC.epf Toolchain:toolchains/LtlSoftwareModelCheckingC.xml: SAFE(Expected:SAFE): ExpectedResult: SAFE UltimateResult: SAFE   [ShortDescription: All specifications hold LongDescription: We were not able to verify any specifiation because the program does not contain any specification.]
2015-01-20_04-54-43-646 ### 96/300 ### Starting test for Input:LTL/rers/Problem15_prop_045.c Settings:settings/LtlSoftwareModelCheckingC.epf Toolchain:toolchains/LtlSoftwareModelCheckingC.xml
2015-01-20_05-02-50-887 Finishing test with FAIL for Input:LTL/rers/Problem15_prop_045.c Settings:settings/LtlSoftwareModelCheckingC.epf Toolchain:toolchains/LtlSoftwareModelCheckingC.xml: EXCEPTION_OR_ERROR(Expected:SAFE): ExpectedResult: SAFE UltimateResult: EXCEPTION_OR_ERROR   [de.uni_freiburg.informatik.ultimate.plugins.generator.buchiautomizer: OutOfMemoryError: GC overhead limit exceeded]
2015-01-20_05-02-51-168 ### 97/300 ### Starting test for Input:LTL/rers/Problem15_prop_046.c Settings:settings/LtlSoftwareModelCheckingC.epf Toolchain:toolchains/LtlSoftwareModelCheckingC.xml
2015-01-20_05-03-31-245 Finishing test with SUCCESS for Input:LTL/rers/Problem15_prop_046.c Settings:settings/LtlSoftwareModelCheckingC.epf Toolchain:toolchains/LtlSoftwareModelCheckingC.xml: SAFE(Expected:SAFE): ExpectedResult: SAFE UltimateResult: SAFE   [ShortDescription: All specifications hold LongDescription: We were not able to verify any specifiation because the program does not contain any specification.]
2015-01-20_05-03-31-872 ### 98/300 ### Starting test for Input:LTL/rers/Problem15_prop_047.c Settings:settings/LtlSoftwareModelCheckingC.epf Toolchain:toolchains/LtlSoftwareModelCheckingC.xml
2015-01-20_05-08-40-988 Finishing test with SUCCESS for Input:LTL/rers/Problem15_prop_047.c Settings:settings/LtlSoftwareModelCheckingC.epf Toolchain:toolchains/LtlSoftwareModelCheckingC.xml: SAFE(Expected:SAFE): ExpectedResult: SAFE UltimateResult: SAFE   [ShortDescription: All specifications hold LongDescription: We were not able to verify any specifiation because the program does not contain any specification.]
2015-01-20_05-08-41-597 ### 99/300 ### Starting test for Input:LTL/rers/Problem15_prop_048.c Settings:settings/LtlSoftwareModelCheckingC.epf Toolchain:toolchains/LtlSoftwareModelCheckingC.xml
2015-01-20_05-42-37-087 Finishing test with FAIL for Input:LTL/rers/Problem15_prop_048.c Settings:settings/LtlSoftwareModelCheckingC.epf Toolchain:toolchains/LtlSoftwareModelCheckingC.xml: EXCEPTION_OR_ERROR(Expected:UNSAFE): ExpectedResult: UNSAFE UltimateResult: EXCEPTION_OR_ERROR   [de.uni_freiburg.informatik.ultimate.plugins.generator.buchiautomizer: OutOfMemoryError: Java heap space]
2015-01-20_05-42-37-373 ### 100/300 ### Starting test for Input:LTL/rers/Problem15_prop_049.c Settings:settings/LtlSoftwareModelCheckingC.epf Toolchain:toolchains/LtlSoftwareModelCheckingC.xml
2015-01-20_05-44-00-706 Finishing test with SUCCESS for Input:LTL/rers/Problem15_prop_049.c Settings:settings/LtlSoftwareModelCheckingC.epf Toolchain:toolchains/LtlSoftwareModelCheckingC.xml: SAFE(Expected:SAFE): ExpectedResult: SAFE UltimateResult: SAFE   [ShortDescription: All specifications hold LongDescription: We were not able to verify any specifiation because the program does not contain any specification.]
2015-01-20_05-44-01-363 ### 101/300 ### Starting test for Input:LTL/rers/Problem16_prop_000.c Settings:settings/LtlSoftwareModelCheckingC.epf Toolchain:toolchains/LtlSoftwareModelCheckingC.xml
2015-01-20_05-45-51-225 Finishing test with SUCCESS for Input:LTL/rers/Problem16_prop_000.c Settings:settings/LtlSoftwareModelCheckingC.epf Toolchain:toolchains/LtlSoftwareModelCheckingC.xml: SAFE(Expected:SAFE): ExpectedResult: SAFE UltimateResult: SAFE   [ShortDescription: All specifications hold LongDescription: We were not able to verify any specifiation because the program does not contain any specification.]
2015-01-20_05-45-51-630 ### 102/300 ### Starting test for Input:LTL/rers/Problem16_prop_001.c Settings:settings/LtlSoftwareModelCheckingC.epf Toolchain:toolchains/LtlSoftwareModelCheckingC.xml
2015-01-20_05-56-36-820 Finishing test with FAIL for Input:LTL/rers/Problem16_prop_001.c Settings:settings/LtlSoftwareModelCheckingC.epf Toolchain:toolchains/LtlSoftwareModelCheckingC.xml: EXCEPTION_OR_ERROR(Expected:SAFE): ExpectedResult: SAFE UltimateResult: EXCEPTION_OR_ERROR   [de.uni_freiburg.informatik.ultimate.plugins.generator.buchiautomizer: OutOfMemoryError: GC overhead limit exceeded]
2015-01-20_05-56-37-107 ### 103/300 ### Starting test for Input:LTL/rers/Problem16_prop_002.c Settings:settings/LtlSoftwareModelCheckingC.epf Toolchain:toolchains/LtlSoftwareModelCheckingC.xml
2015-01-20_06-01-01-005 Finishing test with SUCCESS for Input:LTL/rers/Problem16_prop_002.c Settings:settings/LtlSoftwareModelCheckingC.epf Toolchain:toolchains/LtlSoftwareModelCheckingC.xml: SAFE(Expected:SAFE): ExpectedResult: SAFE UltimateResult: SAFE   [ShortDescription: All specifications hold LongDescription: We were not able to verify any specifiation because the program does not contain any specification.]
2015-01-20_06-01-01-583 ### 104/300 ### Starting test for Input:LTL/rers/Problem16_prop_003.c Settings:settings/LtlSoftwareModelCheckingC.epf Toolchain:toolchains/LtlSoftwareModelCheckingC.xml
2015-01-20_06-11-42-629 Finishing test with FAIL for Input:LTL/rers/Problem16_prop_003.c Settings:settings/LtlSoftwareModelCheckingC.epf Toolchain:toolchains/LtlSoftwareModelCheckingC.xml: EXCEPTION_OR_ERROR(Expected:SAFE): ExpectedResult: SAFE UltimateResult: EXCEPTION_OR_ERROR   [de.uni_freiburg.informatik.ultimate.plugins.generator.buchiautomizer: OutOfMemoryError: GC overhead limit exceeded]
2015-01-20_06-11-42-918 ### 105/300 ### Starting test for Input:LTL/rers/Problem16_prop_004.c Settings:settings/LtlSoftwareModelCheckingC.epf Toolchain:toolchains/LtlSoftwareModelCheckingC.xml
2015-01-20_06-14-10-642 Finishing test with SUCCESS for Input:LTL/rers/Problem16_prop_004.c Settings:settings/LtlSoftwareModelCheckingC.epf Toolchain:toolchains/LtlSoftwareModelCheckingC.xml: SAFE(Expected:SAFE): ExpectedResult: SAFE UltimateResult: SAFE   [ShortDescription: All specifications hold LongDescription: We were not able to verify any specifiation because the program does not contain any specification.]
2015-01-20_06-14-11-254 ### 106/300 ### Starting test for Input:LTL/rers/Problem16_prop_005.c Settings:settings/LtlSoftwareModelCheckingC.epf Toolchain:toolchains/LtlSoftwareModelCheckingC.xml
2015-01-20_06-36-53-662 Finishing test with FAIL for Input:LTL/rers/Problem16_prop_005.c Settings:settings/LtlSoftwareModelCheckingC.epf Toolchain:toolchains/LtlSoftwareModelCheckingC.xml: EXCEPTION_OR_ERROR(Expected:UNSAFE): ExpectedResult: UNSAFE UltimateResult: EXCEPTION_OR_ERROR   [de.uni_freiburg.informatik.ultimate.plugins.generator.buchiautomizer: OutOfMemoryError: GC overhead limit exceeded]
2015-01-20_06-36-53-949 ### 107/300 ### Starting test for Input:LTL/rers/Problem16_prop_006.c Settings:settings/LtlSoftwareModelCheckingC.epf Toolchain:toolchains/LtlSoftwareModelCheckingC.xml
2015-01-20_07-00-56-635 Finishing test with FAIL for Input:LTL/rers/Problem16_prop_006.c Settings:settings/LtlSoftwareModelCheckingC.epf Toolchain:toolchains/LtlSoftwareModelCheckingC.xml: EXCEPTION_OR_ERROR(Expected:UNSAFE): ExpectedResult: UNSAFE UltimateResult: EXCEPTION_OR_ERROR   [de.uni_freiburg.informatik.ultimate.plugins.generator.buchiautomizer: OutOfMemoryError: GC overhead limit exceeded]
2015-01-20_07-00-56-928 ### 108/300 ### Starting test for Input:LTL/rers/Problem16_prop_007.c Settings:settings/LtlSoftwareModelCheckingC.epf Toolchain:toolchains/LtlSoftwareModelCheckingC.xml
2015-01-20_07-10-23-342 Finishing test with SUCCESS for Input:LTL/rers/Problem16_prop_007.c Settings:settings/LtlSoftwareModelCheckingC.epf Toolchain:toolchains/LtlSoftwareModelCheckingC.xml: SAFE(Expected:SAFE): ExpectedResult: SAFE UltimateResult: SAFE   [ShortDescription: All specifications hold LongDescription: We were not able to verify any specifiation because the program does not contain any specification.]
2015-01-20_07-10-24-090 ### 109/300 ### Starting test for Input:LTL/rers/Problem16_prop_008.c Settings:settings/LtlSoftwareModelCheckingC.epf Toolchain:toolchains/LtlSoftwareModelCheckingC.xml
2015-01-20_07-15-50-910 Finishing test with SUCCESS for Input:LTL/rers/Problem16_prop_008.c Settings:settings/LtlSoftwareModelCheckingC.epf Toolchain:toolchains/LtlSoftwareModelCheckingC.xml: UNSAFE(Expected:UNSAFE): ExpectedResult: UNSAFE UltimateResult: UNSAFE   Violation of LTL property G((!((A && F(B))) || (C U B))) 
2015-01-20_07-15-51-361 ### 110/300 ### Starting test for Input:LTL/rers/Problem16_prop_009.c Settings:settings/LtlSoftwareModelCheckingC.epf Toolchain:toolchains/LtlSoftwareModelCheckingC.xml
2015-01-20_07-35-51-403 Finishing test with UNKNOWN for Input:LTL/rers/Problem16_prop_009.c Settings:settings/LtlSoftwareModelCheckingC.epf Toolchain:toolchains/LtlSoftwareModelCheckingC.xml: TIMEOUT(Expected:UNSAFE): ExpectedResult: UNSAFE UltimateResult: TIMEOUT   [ShortDescription: Timeout LongDescription: Timout or Toolchain cancelled by user]
2015-01-20_07-35-52-180 ### 111/300 ### Starting test for Input:LTL/rers/Problem16_prop_010.c Settings:settings/LtlSoftwareModelCheckingC.epf Toolchain:toolchains/LtlSoftwareModelCheckingC.xml
2015-01-20_07-45-02-381 Finishing test with SUCCESS for Input:LTL/rers/Problem16_prop_010.c Settings:settings/LtlSoftwareModelCheckingC.epf Toolchain:toolchains/LtlSoftwareModelCheckingC.xml: SAFE(Expected:SAFE): ExpectedResult: SAFE UltimateResult: SAFE   [ShortDescription: All specifications hold LongDescription: We were not able to verify any specifiation because the program does not contain any specification.]
2015-01-20_07-45-02-845 ### 112/300 ### Starting test for Input:LTL/rers/Problem16_prop_011.c Settings:settings/LtlSoftwareModelCheckingC.epf Toolchain:toolchains/LtlSoftwareModelCheckingC.xml
2015-01-20_08-05-03-089 Finishing test with FAIL for Input:LTL/rers/Problem16_prop_011.c Settings:settings/LtlSoftwareModelCheckingC.epf Toolchain:toolchains/LtlSoftwareModelCheckingC.xml: EXCEPTION_OR_ERROR(Expected:SAFE): ExpectedResult: SAFE UltimateResult: EXCEPTION_OR_ERROR   [de.uni_freiburg.informatik.ultimate.plugins.generator.buchiautomizer: SMTLIBException: generated interpolants did not pass sanity check: de.uni_freiburg.informatik.ultimate.smtinterpol.smtlib2.SMTInterpol.getInterpolants(SMTInterpol.java:1293)]
2015-01-20_08-05-03-744 ### 113/300 ### Starting test for Input:LTL/rers/Problem16_prop_012.c Settings:settings/LtlSoftwareModelCheckingC.epf Toolchain:toolchains/LtlSoftwareModelCheckingC.xml
2015-01-20_08-25-04-007 Finishing test with UNKNOWN for Input:LTL/rers/Problem16_prop_012.c Settings:settings/LtlSoftwareModelCheckingC.epf Toolchain:toolchains/LtlSoftwareModelCheckingC.xml: TIMEOUT(Expected:UNSAFE): ExpectedResult: UNSAFE UltimateResult: TIMEOUT   [ShortDescription: Timeout LongDescription: Timout or Toolchain cancelled by user]
2015-01-20_08-25-04-780 ### 114/300 ### Starting test for Input:LTL/rers/Problem16_prop_013.c Settings:settings/LtlSoftwareModelCheckingC.epf Toolchain:toolchains/LtlSoftwareModelCheckingC.xml
2015-01-20_08-34-40-532 Finishing test with FAIL for Input:LTL/rers/Problem16_prop_013.c Settings:settings/LtlSoftwareModelCheckingC.epf Toolchain:toolchains/LtlSoftwareModelCheckingC.xml: EXCEPTION_OR_ERROR(Expected:SAFE): ExpectedResult: SAFE UltimateResult: EXCEPTION_OR_ERROR   [de.uni_freiburg.informatik.ultimate.plugins.generator.buchiautomizer: OutOfMemoryError: GC overhead limit exceeded]
2015-01-20_08-34-40-841 ### 115/300 ### Starting test for Input:LTL/rers/Problem16_prop_014.c Settings:settings/LtlSoftwareModelCheckingC.epf Toolchain:toolchains/LtlSoftwareModelCheckingC.xml
2015-01-20_08-35-32-164 Finishing test with SUCCESS for Input:LTL/rers/Problem16_prop_014.c Settings:settings/LtlSoftwareModelCheckingC.epf Toolchain:toolchains/LtlSoftwareModelCheckingC.xml: SAFE(Expected:SAFE): ExpectedResult: SAFE UltimateResult: SAFE   [ShortDescription: All specifications hold LongDescription: We were not able to verify any specifiation because the program does not contain any specification.]
2015-01-20_08-35-32-754 ### 116/300 ### Starting test for Input:LTL/rers/Problem16_prop_015.c Settings:settings/LtlSoftwareModelCheckingC.epf Toolchain:toolchains/LtlSoftwareModelCheckingC.xml
2015-01-20_08-55-33-027 Finishing test with UNKNOWN for Input:LTL/rers/Problem16_prop_015.c Settings:settings/LtlSoftwareModelCheckingC.epf Toolchain:toolchains/LtlSoftwareModelCheckingC.xml: TIMEOUT(Expected:UNSAFE): ExpectedResult: UNSAFE UltimateResult: TIMEOUT   [ShortDescription: Timeout LongDescription: Timout or Toolchain cancelled by user]
2015-01-20_08-55-33-934 ### 117/300 ### Starting test for Input:LTL/rers/Problem16_prop_016.c Settings:settings/LtlSoftwareModelCheckingC.epf Toolchain:toolchains/LtlSoftwareModelCheckingC.xml
2015-01-20_08-56-25-452 Finishing test with SUCCESS for Input:LTL/rers/Problem16_prop_016.c Settings:settings/LtlSoftwareModelCheckingC.epf Toolchain:toolchains/LtlSoftwareModelCheckingC.xml: SAFE(Expected:SAFE): ExpectedResult: SAFE UltimateResult: SAFE   [ShortDescription: All specifications hold LongDescription: We were not able to verify any specifiation because the program does not contain any specification.]
2015-01-20_08-56-25-853 ### 118/300 ### Starting test for Input:LTL/rers/Problem16_prop_017.c Settings:settings/LtlSoftwareModelCheckingC.epf Toolchain:toolchains/LtlSoftwareModelCheckingC.xml
2015-01-20_09-09-05-548 Finishing test with FAIL for Input:LTL/rers/Problem16_prop_017.c Settings:settings/LtlSoftwareModelCheckingC.epf Toolchain:toolchains/LtlSoftwareModelCheckingC.xml: EXCEPTION_OR_ERROR(Expected:UNSAFE): ExpectedResult: UNSAFE UltimateResult: EXCEPTION_OR_ERROR   [de.uni_freiburg.informatik.ultimate.plugins.generator.buchiautomizer: OutOfMemoryError: GC overhead limit exceeded]
2015-01-20_09-09-05-862 ### 119/300 ### Starting test for Input:LTL/rers/Problem16_prop_018.c Settings:settings/LtlSoftwareModelCheckingC.epf Toolchain:toolchains/LtlSoftwareModelCheckingC.xml
2015-01-20_09-13-14-000 Finishing test with SUCCESS for Input:LTL/rers/Problem16_prop_018.c Settings:settings/LtlSoftwareModelCheckingC.epf Toolchain:toolchains/LtlSoftwareModelCheckingC.xml: SAFE(Expected:SAFE): ExpectedResult: SAFE UltimateResult: SAFE   [ShortDescription: All specifications hold LongDescription: We were not able to verify any specifiation because the program does not contain any specification.]
2015-01-20_09-13-14-667 ### 120/300 ### Starting test for Input:LTL/rers/Problem16_prop_019.c Settings:settings/LtlSoftwareModelCheckingC.epf Toolchain:toolchains/LtlSoftwareModelCheckingC.xml
2015-01-20_09-24-10-138 Finishing test with FAIL for Input:LTL/rers/Problem16_prop_019.c Settings:settings/LtlSoftwareModelCheckingC.epf Toolchain:toolchains/LtlSoftwareModelCheckingC.xml: EXCEPTION_OR_ERROR(Expected:UNSAFE): ExpectedResult: UNSAFE UltimateResult: EXCEPTION_OR_ERROR   [de.uni_freiburg.informatik.ultimate.plugins.generator.buchiautomizer: OutOfMemoryError: GC overhead limit exceeded]
2015-01-20_09-24-10-448 ### 121/300 ### Starting test for Input:LTL/rers/Problem16_prop_020.c Settings:settings/LtlSoftwareModelCheckingC.epf Toolchain:toolchains/LtlSoftwareModelCheckingC.xml
2015-01-20_09-39-52-002 Finishing test with FAIL for Input:LTL/rers/Problem16_prop_020.c Settings:settings/LtlSoftwareModelCheckingC.epf Toolchain:toolchains/LtlSoftwareModelCheckingC.xml: EXCEPTION_OR_ERROR(Expected:SAFE): ExpectedResult: SAFE UltimateResult: EXCEPTION_OR_ERROR   [de.uni_freiburg.informatik.ultimate.plugins.generator.buchiautomizer: OutOfMemoryError: GC overhead limit exceeded]
2015-01-20_09-39-52-312 ### 122/300 ### Starting test for Input:LTL/rers/Problem16_prop_021.c Settings:settings/LtlSoftwareModelCheckingC.epf Toolchain:toolchains/LtlSoftwareModelCheckingC.xml
2015-01-20_09-55-49-601 Finishing test with FAIL for Input:LTL/rers/Problem16_prop_021.c Settings:settings/LtlSoftwareModelCheckingC.epf Toolchain:toolchains/LtlSoftwareModelCheckingC.xml: EXCEPTION_OR_ERROR(Expected:UNSAFE): ExpectedResult: UNSAFE UltimateResult: EXCEPTION_OR_ERROR   [de.uni_freiburg.informatik.ultimate.plugins.generator.buchiautomizer: OutOfMemoryError: GC overhead limit exceeded]
2015-01-20_09-55-49-922 ### 123/300 ### Starting test for Input:LTL/rers/Problem16_prop_022.c Settings:settings/LtlSoftwareModelCheckingC.epf Toolchain:toolchains/LtlSoftwareModelCheckingC.xml
2015-01-20_10-16-02-719 Finishing test with UNKNOWN for Input:LTL/rers/Problem16_prop_022.c Settings:settings/LtlSoftwareModelCheckingC.epf Toolchain:toolchains/LtlSoftwareModelCheckingC.xml: TIMEOUT(Expected:UNSAFE): ExpectedResult: UNSAFE UltimateResult: TIMEOUT   [ShortDescription: Timeout LongDescription: Timout or Toolchain cancelled by user]
2015-01-20_10-16-03-058 ### 124/300 ### Starting test for Input:LTL/rers/Problem16_prop_023.c Settings:settings/LtlSoftwareModelCheckingC.epf Toolchain:toolchains/LtlSoftwareModelCheckingC.xml
2015-01-20_10-21-23-949 Finishing test with SUCCESS for Input:LTL/rers/Problem16_prop_023.c Settings:settings/LtlSoftwareModelCheckingC.epf Toolchain:toolchains/LtlSoftwareModelCheckingC.xml: SAFE(Expected:SAFE): ExpectedResult: SAFE UltimateResult: SAFE   [ShortDescription: All specifications hold LongDescription: We were not able to verify any specifiation because the program does not contain any specification.]
2015-01-20_10-21-24-824 ### 125/300 ### Starting test for Input:LTL/rers/Problem16_prop_024.c Settings:settings/LtlSoftwareModelCheckingC.epf Toolchain:toolchains/LtlSoftwareModelCheckingC.xml
2015-01-20_10-33-31-938 Finishing test with FAIL for Input:LTL/rers/Problem16_prop_024.c Settings:settings/LtlSoftwareModelCheckingC.epf Toolchain:toolchains/LtlSoftwareModelCheckingC.xml: EXCEPTION_OR_ERROR(Expected:UNSAFE): ExpectedResult: UNSAFE UltimateResult: EXCEPTION_OR_ERROR   [de.uni_freiburg.informatik.ultimate.plugins.generator.buchiautomizer: OutOfMemoryError: GC overhead limit exceeded]
2015-01-20_10-33-32-260 ### 126/300 ### Starting test for Input:LTL/rers/Problem16_prop_025.c Settings:settings/LtlSoftwareModelCheckingC.epf Toolchain:toolchains/LtlSoftwareModelCheckingC.xml
2015-01-20_10-49-33-150 Finishing test with SUCCESS for Input:LTL/rers/Problem16_prop_025.c Settings:settings/LtlSoftwareModelCheckingC.epf Toolchain:toolchains/LtlSoftwareModelCheckingC.xml: SAFE(Expected:SAFE): ExpectedResult: SAFE UltimateResult: SAFE   [ShortDescription: All specifications hold LongDescription: We were not able to verify any specifiation because the program does not contain any specification.]
2015-01-20_10-49-33-862 ### 127/300 ### Starting test for Input:LTL/rers/Problem16_prop_026.c Settings:settings/LtlSoftwareModelCheckingC.epf Toolchain:toolchains/LtlSoftwareModelCheckingC.xml
2015-01-20_11-01-58-319 Finishing test with FAIL for Input:LTL/rers/Problem16_prop_026.c Settings:settings/LtlSoftwareModelCheckingC.epf Toolchain:toolchains/LtlSoftwareModelCheckingC.xml: EXCEPTION_OR_ERROR(Expected:UNSAFE): ExpectedResult: UNSAFE UltimateResult: EXCEPTION_OR_ERROR   [de.uni_freiburg.informatik.ultimate.plugins.generator.buchiautomizer: OutOfMemoryError: GC overhead limit exceeded]
2015-01-20_11-01-58-646 ### 128/300 ### Starting test for Input:LTL/rers/Problem16_prop_027.c Settings:settings/LtlSoftwareModelCheckingC.epf Toolchain:toolchains/LtlSoftwareModelCheckingC.xml
2015-01-20_11-15-44-460 Finishing test with FAIL for Input:LTL/rers/Problem16_prop_027.c Settings:settings/LtlSoftwareModelCheckingC.epf Toolchain:toolchains/LtlSoftwareModelCheckingC.xml: EXCEPTION_OR_ERROR(Expected:UNSAFE): ExpectedResult: UNSAFE UltimateResult: EXCEPTION_OR_ERROR   [de.uni_freiburg.informatik.ultimate.plugins.generator.buchiautomizer: OutOfMemoryError: GC overhead limit exceeded]
2015-01-20_11-15-44-792 ### 129/300 ### Starting test for Input:LTL/rers/Problem16_prop_028.c Settings:settings/LtlSoftwareModelCheckingC.epf Toolchain:toolchains/LtlSoftwareModelCheckingC.xml
2015-01-20_11-18-04-134 Finishing test with SUCCESS for Input:LTL/rers/Problem16_prop_028.c Settings:settings/LtlSoftwareModelCheckingC.epf Toolchain:toolchains/LtlSoftwareModelCheckingC.xml: UNSAFE(Expected:UNSAFE): ExpectedResult: UNSAFE UltimateResult: UNSAFE   Violation of LTL property ((A U B) || G(A)) 
2015-01-20_11-18-04-609 ### 130/300 ### Starting test for Input:LTL/rers/Problem16_prop_029.c Settings:settings/LtlSoftwareModelCheckingC.epf Toolchain:toolchains/LtlSoftwareModelCheckingC.xml
2015-01-20_11-37-28-076 Finishing test with FAIL for Input:LTL/rers/Problem16_prop_029.c Settings:settings/LtlSoftwareModelCheckingC.epf Toolchain:toolchains/LtlSoftwareModelCheckingC.xml: EXCEPTION_OR_ERROR(Expected:UNSAFE): ExpectedResult: UNSAFE UltimateResult: EXCEPTION_OR_ERROR   [de.uni_freiburg.informatik.ultimate.plugins.generator.buchiautomizer: OutOfMemoryError: GC overhead limit exceeded]
2015-01-20_11-37-28-403 ### 131/300 ### Starting test for Input:LTL/rers/Problem16_prop_030.c Settings:settings/LtlSoftwareModelCheckingC.epf Toolchain:toolchains/LtlSoftwareModelCheckingC.xml
2015-01-20_11-52-27-847 Finishing test with FAIL for Input:LTL/rers/Problem16_prop_030.c Settings:settings/LtlSoftwareModelCheckingC.epf Toolchain:toolchains/LtlSoftwareModelCheckingC.xml: EXCEPTION_OR_ERROR(Expected:UNSAFE): ExpectedResult: UNSAFE UltimateResult: EXCEPTION_OR_ERROR   [de.uni_freiburg.informatik.ultimate.plugins.generator.buchiautomizer: OutOfMemoryError: GC overhead limit exceeded]
2015-01-20_11-52-28-174 ### 132/300 ### Starting test for Input:LTL/rers/Problem16_prop_031.c Settings:settings/LtlSoftwareModelCheckingC.epf Toolchain:toolchains/LtlSoftwareModelCheckingC.xml
2015-01-20_11-56-31-075 Finishing test with SUCCESS for Input:LTL/rers/Problem16_prop_031.c Settings:settings/LtlSoftwareModelCheckingC.epf Toolchain:toolchains/LtlSoftwareModelCheckingC.xml: SAFE(Expected:SAFE): ExpectedResult: SAFE UltimateResult: SAFE   [ShortDescription: All specifications hold LongDescription: We were not able to verify any specifiation because the program does not contain any specification.]
2015-01-20_11-56-31-695 ### 133/300 ### Starting test for Input:LTL/rers/Problem16_prop_032.c Settings:settings/LtlSoftwareModelCheckingC.epf Toolchain:toolchains/LtlSoftwareModelCheckingC.xml
2015-01-20_12-08-53-694 Finishing test with FAIL for Input:LTL/rers/Problem16_prop_032.c Settings:settings/LtlSoftwareModelCheckingC.epf Toolchain:toolchains/LtlSoftwareModelCheckingC.xml: EXCEPTION_OR_ERROR(Expected:UNSAFE): ExpectedResult: UNSAFE UltimateResult: EXCEPTION_OR_ERROR   [de.uni_freiburg.informatik.ultimate.plugins.generator.buchiautomizer: OutOfMemoryError: GC overhead limit exceeded]
2015-01-20_12-08-54-023 ### 134/300 ### Starting test for Input:LTL/rers/Problem16_prop_033.c Settings:settings/LtlSoftwareModelCheckingC.epf Toolchain:toolchains/LtlSoftwareModelCheckingC.xml
2015-01-20_12-13-57-848 Finishing test with SUCCESS for Input:LTL/rers/Problem16_prop_033.c Settings:settings/LtlSoftwareModelCheckingC.epf Toolchain:toolchains/LtlSoftwareModelCheckingC.xml: SAFE(Expected:SAFE): ExpectedResult: SAFE UltimateResult: SAFE   [ShortDescription: All specifications hold LongDescription: We were not able to verify any specifiation because the program does not contain any specification.]
2015-01-20_12-13-58-484 ### 135/300 ### Starting test for Input:LTL/rers/Problem16_prop_034.c Settings:settings/LtlSoftwareModelCheckingC.epf Toolchain:toolchains/LtlSoftwareModelCheckingC.xml
2015-01-20_12-19-17-818 Finishing test with SUCCESS for Input:LTL/rers/Problem16_prop_034.c Settings:settings/LtlSoftwareModelCheckingC.epf Toolchain:toolchains/LtlSoftwareModelCheckingC.xml: SAFE(Expected:SAFE): ExpectedResult: SAFE UltimateResult: SAFE   [ShortDescription: All specifications hold LongDescription: We were not able to verify any specifiation because the program does not contain any specification.]
2015-01-20_12-19-18-395 ### 136/300 ### Starting test for Input:LTL/rers/Problem16_prop_035.c Settings:settings/LtlSoftwareModelCheckingC.epf Toolchain:toolchains/LtlSoftwareModelCheckingC.xml
2015-01-20_12-25-41-343 Finishing test with SUCCESS for Input:LTL/rers/Problem16_prop_035.c Settings:settings/LtlSoftwareModelCheckingC.epf Toolchain:toolchains/LtlSoftwareModelCheckingC.xml: SAFE(Expected:SAFE): ExpectedResult: SAFE UltimateResult: SAFE   [ShortDescription: All specifications hold LongDescription: We were not able to verify any specifiation because the program does not contain any specification.]
2015-01-20_12-25-41-954 ### 137/300 ### Starting test for Input:LTL/rers/Problem16_prop_036.c Settings:settings/LtlSoftwareModelCheckingC.epf Toolchain:toolchains/LtlSoftwareModelCheckingC.xml
2015-01-20_12-45-42-632 Finishing test with UNKNOWN for Input:LTL/rers/Problem16_prop_036.c Settings:settings/LtlSoftwareModelCheckingC.epf Toolchain:toolchains/LtlSoftwareModelCheckingC.xml: TIMEOUT(Expected:UNSAFE): ExpectedResult: UNSAFE UltimateResult: TIMEOUT   [ShortDescription: Timeout LongDescription: Timout or Toolchain cancelled by user]
2015-01-20_12-45-43-463 ### 138/300 ### Starting test for Input:LTL/rers/Problem16_prop_037.c Settings:settings/LtlSoftwareModelCheckingC.epf Toolchain:toolchains/LtlSoftwareModelCheckingC.xml
2015-01-20_12-51-44-268 Finishing test with SUCCESS for Input:LTL/rers/Problem16_prop_037.c Settings:settings/LtlSoftwareModelCheckingC.epf Toolchain:toolchains/LtlSoftwareModelCheckingC.xml: UNSAFE(Expected:UNSAFE): ExpectedResult: UNSAFE UltimateResult: UNSAFE   Violation of LTL property G((A || (B U C))) 
2015-01-20_12-51-44-786 ### 139/300 ### Starting test for Input:LTL/rers/Problem16_prop_038.c Settings:settings/LtlSoftwareModelCheckingC.epf Toolchain:toolchains/LtlSoftwareModelCheckingC.xml
2015-01-20_13-04-29-228 Finishing test with FAIL for Input:LTL/rers/Problem16_prop_038.c Settings:settings/LtlSoftwareModelCheckingC.epf Toolchain:toolchains/LtlSoftwareModelCheckingC.xml: EXCEPTION_OR_ERROR(Expected:UNSAFE): ExpectedResult: UNSAFE UltimateResult: EXCEPTION_OR_ERROR   [de.uni_freiburg.informatik.ultimate.plugins.generator.buchiautomizer: OutOfMemoryError: GC overhead limit exceeded]
2015-01-20_13-04-29-571 ### 140/300 ### Starting test for Input:LTL/rers/Problem16_prop_039.c Settings:settings/LtlSoftwareModelCheckingC.epf Toolchain:toolchains/LtlSoftwareModelCheckingC.xml
2015-01-20_13-15-20-727 Finishing test with FAIL for Input:LTL/rers/Problem16_prop_039.c Settings:settings/LtlSoftwareModelCheckingC.epf Toolchain:toolchains/LtlSoftwareModelCheckingC.xml: NO_RESULT(Expected:UNSAFE): ExpectedResult: UNSAFE UltimateResult: NO_RESULT   NO_RESULT
2015-01-20_13-15-21-524 ### 141/300 ### Starting test for Input:LTL/rers/Problem16_prop_040.c Settings:settings/LtlSoftwareModelCheckingC.epf Toolchain:toolchains/LtlSoftwareModelCheckingC.xml
2015-01-20_13-31-10-921 Finishing test with FAIL for Input:LTL/rers/Problem16_prop_040.c Settings:settings/LtlSoftwareModelCheckingC.epf Toolchain:toolchains/LtlSoftwareModelCheckingC.xml: EXCEPTION_OR_ERROR(Expected:UNSAFE): ExpectedResult: UNSAFE UltimateResult: EXCEPTION_OR_ERROR   [de.uni_freiburg.informatik.ultimate.plugins.generator.buchiautomizer: OutOfMemoryError: GC overhead limit exceeded]
2015-01-20_13-31-11-267 ### 142/300 ### Starting test for Input:LTL/rers/Problem16_prop_041.c Settings:settings/LtlSoftwareModelCheckingC.epf Toolchain:toolchains/LtlSoftwareModelCheckingC.xml
2015-01-20_13-51-11-454 Finishing test with UNKNOWN for Input:LTL/rers/Problem16_prop_041.c Settings:settings/LtlSoftwareModelCheckingC.epf Toolchain:toolchains/LtlSoftwareModelCheckingC.xml: TIMEOUT(Expected:UNSAFE): ExpectedResult: UNSAFE UltimateResult: TIMEOUT   [ShortDescription: Timeout LongDescription: Timout or Toolchain cancelled by user]
2015-01-20_13-51-12-322 ### 143/300 ### Starting test for Input:LTL/rers/Problem16_prop_042.c Settings:settings/LtlSoftwareModelCheckingC.epf Toolchain:toolchains/LtlSoftwareModelCheckingC.xml
2015-01-20_16-44-34-058 Finishing test with UNKNOWN for Input:LTL/rers/Problem16_prop_042.c Settings:settings/LtlSoftwareModelCheckingC.epf Toolchain:toolchains/LtlSoftwareModelCheckingC.xml: TIMEOUT(Expected:UNSAFE): ExpectedResult: UNSAFE UltimateResult: TIMEOUT   [ShortDescription: Timeout LongDescription: Timout or Toolchain cancelled by user]
2015-01-20_16-44-34-434 ### 144/300 ### Starting test for Input:LTL/rers/Problem16_prop_043.c Settings:settings/LtlSoftwareModelCheckingC.epf Toolchain:toolchains/LtlSoftwareModelCheckingC.xml
2015-01-20_16-56-38-461 Finishing test with FAIL for Input:LTL/rers/Problem16_prop_043.c Settings:settings/LtlSoftwareModelCheckingC.epf Toolchain:toolchains/LtlSoftwareModelCheckingC.xml: EXCEPTION_OR_ERROR(Expected:UNSAFE): ExpectedResult: UNSAFE UltimateResult: EXCEPTION_OR_ERROR   [de.uni_freiburg.informatik.ultimate.plugins.generator.buchiautomizer: OutOfMemoryError: GC overhead limit exceeded]
2015-01-20_16-56-38-810 ### 145/300 ### Starting test for Input:LTL/rers/Problem16_prop_044.c Settings:settings/LtlSoftwareModelCheckingC.epf Toolchain:toolchains/LtlSoftwareModelCheckingC.xml
2015-01-20_16-57-34-359 Finishing test with SUCCESS for Input:LTL/rers/Problem16_prop_044.c Settings:settings/LtlSoftwareModelCheckingC.epf Toolchain:toolchains/LtlSoftwareModelCheckingC.xml: SAFE(Expected:SAFE): ExpectedResult: SAFE UltimateResult: SAFE   [ShortDescription: All specifications hold LongDescription: We were not able to verify any specifiation because the program does not contain any specification.]
2015-01-20_16-57-34-956 ### 146/300 ### Starting test for Input:LTL/rers/Problem16_prop_045.c Settings:settings/LtlSoftwareModelCheckingC.epf Toolchain:toolchains/LtlSoftwareModelCheckingC.xml
2015-01-20_17-09-01-645 Finishing test with FAIL for Input:LTL/rers/Problem16_prop_045.c Settings:settings/LtlSoftwareModelCheckingC.epf Toolchain:toolchains/LtlSoftwareModelCheckingC.xml: EXCEPTION_OR_ERROR(Expected:SAFE): ExpectedResult: SAFE UltimateResult: EXCEPTION_OR_ERROR   [de.uni_freiburg.informatik.ultimate.plugins.generator.buchiautomizer: OutOfMemoryError: GC overhead limit exceeded]
2015-01-20_17-09-01-999 ### 147/300 ### Starting test for Input:LTL/rers/Problem16_prop_046.c Settings:settings/LtlSoftwareModelCheckingC.epf Toolchain:toolchains/LtlSoftwareModelCheckingC.xml
2015-01-20_17-29-09-803 Finishing test with UNKNOWN for Input:LTL/rers/Problem16_prop_046.c Settings:settings/LtlSoftwareModelCheckingC.epf Toolchain:toolchains/LtlSoftwareModelCheckingC.xml: TIMEOUT(Expected:UNSAFE): ExpectedResult: UNSAFE UltimateResult: TIMEOUT   [ShortDescription: Timeout LongDescription: Timout or Toolchain cancelled by user]
2015-01-20_17-29-10-175 ### 148/300 ### Starting test for Input:LTL/rers/Problem16_prop_047.c Settings:settings/LtlSoftwareModelCheckingC.epf Toolchain:toolchains/LtlSoftwareModelCheckingC.xml
2015-01-20_17-33-45-574 Finishing test with SUCCESS for Input:LTL/rers/Problem16_prop_047.c Settings:settings/LtlSoftwareModelCheckingC.epf Toolchain:toolchains/LtlSoftwareModelCheckingC.xml: SAFE(Expected:SAFE): ExpectedResult: SAFE UltimateResult: SAFE   [ShortDescription: All specifications hold LongDescription: We were not able to verify any specifiation because the program does not contain any specification.]
2015-01-20_17-33-46-478 ### 149/300 ### Starting test for Input:LTL/rers/Problem16_prop_048.c Settings:settings/LtlSoftwareModelCheckingC.epf Toolchain:toolchains/LtlSoftwareModelCheckingC.xml
2015-01-20_17-48-48-285 Finishing test with FAIL for Input:LTL/rers/Problem16_prop_048.c Settings:settings/LtlSoftwareModelCheckingC.epf Toolchain:toolchains/LtlSoftwareModelCheckingC.xml: EXCEPTION_OR_ERROR(Expected:UNSAFE): ExpectedResult: UNSAFE UltimateResult: EXCEPTION_OR_ERROR   [de.uni_freiburg.informatik.ultimate.plugins.generator.buchiautomizer: OutOfMemoryError: GC overhead limit exceeded]
2015-01-20_17-48-48-637 ### 150/300 ### Starting test for Input:LTL/rers/Problem16_prop_049.c Settings:settings/LtlSoftwareModelCheckingC.epf Toolchain:toolchains/LtlSoftwareModelCheckingC.xml
2015-01-20_18-04-24-180 Finishing test with FAIL for Input:LTL/rers/Problem16_prop_049.c Settings:settings/LtlSoftwareModelCheckingC.epf Toolchain:toolchains/LtlSoftwareModelCheckingC.xml: EXCEPTION_OR_ERROR(Expected:UNSAFE): ExpectedResult: UNSAFE UltimateResult: EXCEPTION_OR_ERROR   [de.uni_freiburg.informatik.ultimate.plugins.generator.buchiautomizer: OutOfMemoryError: GC overhead limit exceeded]
2015-01-20_18-04-24-532 ### 151/300 ### Starting test for Input:LTL/rers/Problem17_prop_000.c Settings:settings/LtlSoftwareModelCheckingC.epf Toolchain:toolchains/LtlSoftwareModelCheckingC.xml
2015-01-20_18-08-52-222 Finishing test with SUCCESS for Input:LTL/rers/Problem17_prop_000.c Settings:settings/LtlSoftwareModelCheckingC.epf Toolchain:toolchains/LtlSoftwareModelCheckingC.xml: SAFE(Expected:SAFE): ExpectedResult: SAFE UltimateResult: SAFE   [ShortDescription: All specifications hold LongDescription: We were not able to verify any specifiation because the program does not contain any specification.]
2015-01-20_18-08-53-124 ### 152/300 ### Starting test for Input:LTL/rers/Problem17_prop_001.c Settings:settings/LtlSoftwareModelCheckingC.epf Toolchain:toolchains/LtlSoftwareModelCheckingC.xml
2015-01-20_18-09-11-226 Finishing test with SUCCESS for Input:LTL/rers/Problem17_prop_001.c Settings:settings/LtlSoftwareModelCheckingC.epf Toolchain:toolchains/LtlSoftwareModelCheckingC.xml: SAFE(Expected:SAFE): ExpectedResult: SAFE UltimateResult: SAFE   [ShortDescription: All specifications hold LongDescription: We were not able to verify any specifiation because the program does not contain any specification.]
2015-01-20_18-09-11-683 ### 153/300 ### Starting test for Input:LTL/rers/Problem17_prop_002.c Settings:settings/LtlSoftwareModelCheckingC.epf Toolchain:toolchains/LtlSoftwareModelCheckingC.xml
2015-01-20_18-23-43-595 Finishing test with SUCCESS for Input:LTL/rers/Problem17_prop_002.c Settings:settings/LtlSoftwareModelCheckingC.epf Toolchain:toolchains/LtlSoftwareModelCheckingC.xml: SAFE(Expected:SAFE): ExpectedResult: SAFE UltimateResult: SAFE   [ShortDescription: All specifications hold LongDescription: We were not able to verify any specifiation because the program does not contain any specification.]
2015-01-20_18-23-44-555 ### 154/300 ### Starting test for Input:LTL/rers/Problem17_prop_003.c Settings:settings/LtlSoftwareModelCheckingC.epf Toolchain:toolchains/LtlSoftwareModelCheckingC.xml
2015-01-20_18-24-02-261 Finishing test with SUCCESS for Input:LTL/rers/Problem17_prop_003.c Settings:settings/LtlSoftwareModelCheckingC.epf Toolchain:toolchains/LtlSoftwareModelCheckingC.xml: SAFE(Expected:SAFE): ExpectedResult: SAFE UltimateResult: SAFE   [ShortDescription: All specifications hold LongDescription: We were not able to verify any specifiation because the program does not contain any specification.]
2015-01-20_18-24-02-708 ### 155/300 ### Starting test for Input:LTL/rers/Problem17_prop_004.c Settings:settings/LtlSoftwareModelCheckingC.epf Toolchain:toolchains/LtlSoftwareModelCheckingC.xml
2015-01-20_18-34-56-370 Finishing test with FAIL for Input:LTL/rers/Problem17_prop_004.c Settings:settings/LtlSoftwareModelCheckingC.epf Toolchain:toolchains/LtlSoftwareModelCheckingC.xml: EXCEPTION_OR_ERROR(Expected:UNSAFE): ExpectedResult: UNSAFE UltimateResult: EXCEPTION_OR_ERROR   [de.uni_freiburg.informatik.ultimate.plugins.generator.buchiautomizer: OutOfMemoryError: GC overhead limit exceeded]
2015-01-20_18-34-56-731 ### 156/300 ### Starting test for Input:LTL/rers/Problem17_prop_005.c Settings:settings/LtlSoftwareModelCheckingC.epf Toolchain:toolchains/LtlSoftwareModelCheckingC.xml
2015-01-20_18-45-29-636 Finishing test with FAIL for Input:LTL/rers/Problem17_prop_005.c Settings:settings/LtlSoftwareModelCheckingC.epf Toolchain:toolchains/LtlSoftwareModelCheckingC.xml: EXCEPTION_OR_ERROR(Expected:SAFE): ExpectedResult: SAFE UltimateResult: EXCEPTION_OR_ERROR   [de.uni_freiburg.informatik.ultimate.plugins.generator.buchiautomizer: OutOfMemoryError: GC overhead limit exceeded]
2015-01-20_18-45-29-993 ### 157/300 ### Starting test for Input:LTL/rers/Problem17_prop_006.c Settings:settings/LtlSoftwareModelCheckingC.epf Toolchain:toolchains/LtlSoftwareModelCheckingC.xml
2015-01-20_19-07-40-549 Finishing test with FAIL for Input:LTL/rers/Problem17_prop_006.c Settings:settings/LtlSoftwareModelCheckingC.epf Toolchain:toolchains/LtlSoftwareModelCheckingC.xml: EXCEPTION_OR_ERROR(Expected:UNSAFE): ExpectedResult: UNSAFE UltimateResult: EXCEPTION_OR_ERROR   [de.uni_freiburg.informatik.ultimate.plugins.generator.buchiautomizer: OutOfMemoryError: GC overhead limit exceeded]
2015-01-20_19-07-40-931 ### 158/300 ### Starting test for Input:LTL/rers/Problem17_prop_007.c Settings:settings/LtlSoftwareModelCheckingC.epf Toolchain:toolchains/LtlSoftwareModelCheckingC.xml
2015-01-20_19-14-05-908 Finishing test with SUCCESS for Input:LTL/rers/Problem17_prop_007.c Settings:settings/LtlSoftwareModelCheckingC.epf Toolchain:toolchains/LtlSoftwareModelCheckingC.xml: SAFE(Expected:SAFE): ExpectedResult: SAFE UltimateResult: SAFE   [ShortDescription: All specifications hold LongDescription: We were not able to verify any specifiation because the program does not contain any specification.]
2015-01-20_19-14-06-961 ### 159/300 ### Starting test for Input:LTL/rers/Problem17_prop_008.c Settings:settings/LtlSoftwareModelCheckingC.epf Toolchain:toolchains/LtlSoftwareModelCheckingC.xml
2015-01-20_19-15-26-051 Finishing test with SUCCESS for Input:LTL/rers/Problem17_prop_008.c Settings:settings/LtlSoftwareModelCheckingC.epf Toolchain:toolchains/LtlSoftwareModelCheckingC.xml: SAFE(Expected:SAFE): ExpectedResult: SAFE UltimateResult: SAFE   [ShortDescription: All specifications hold LongDescription: We were not able to verify any specifiation because the program does not contain any specification.]
2015-01-20_19-15-26-563 ### 160/300 ### Starting test for Input:LTL/rers/Problem17_prop_009.c Settings:settings/LtlSoftwareModelCheckingC.epf Toolchain:toolchains/LtlSoftwareModelCheckingC.xml
2015-01-20_19-25-53-959 Finishing test with FAIL for Input:LTL/rers/Problem17_prop_009.c Settings:settings/LtlSoftwareModelCheckingC.epf Toolchain:toolchains/LtlSoftwareModelCheckingC.xml: EXCEPTION_OR_ERROR(Expected:UNSAFE): ExpectedResult: UNSAFE UltimateResult: EXCEPTION_OR_ERROR   [de.uni_freiburg.informatik.ultimate.plugins.generator.buchiautomizer: OutOfMemoryError: GC overhead limit exceeded]
2015-01-20_19-25-54-319 ### 161/300 ### Starting test for Input:LTL/rers/Problem17_prop_010.c Settings:settings/LtlSoftwareModelCheckingC.epf Toolchain:toolchains/LtlSoftwareModelCheckingC.xml
2015-01-20_19-26-17-597 Finishing test with SUCCESS for Input:LTL/rers/Problem17_prop_010.c Settings:settings/LtlSoftwareModelCheckingC.epf Toolchain:toolchains/LtlSoftwareModelCheckingC.xml: SAFE(Expected:SAFE): ExpectedResult: SAFE UltimateResult: SAFE   [ShortDescription: All specifications hold LongDescription: We were not able to verify any specifiation because the program does not contain any specification.]
2015-01-20_19-26-18-428 ### 162/300 ### Starting test for Input:LTL/rers/Problem17_prop_011.c Settings:settings/LtlSoftwareModelCheckingC.epf Toolchain:toolchains/LtlSoftwareModelCheckingC.xml
2015-01-20_19-26-41-403 Finishing test with SUCCESS for Input:LTL/rers/Problem17_prop_011.c Settings:settings/LtlSoftwareModelCheckingC.epf Toolchain:toolchains/LtlSoftwareModelCheckingC.xml: SAFE(Expected:SAFE): ExpectedResult: SAFE UltimateResult: SAFE   [ShortDescription: All specifications hold LongDescription: We were not able to verify any specifiation because the program does not contain any specification.]
2015-01-20_19-26-41-894 ### 163/300 ### Starting test for Input:LTL/rers/Problem17_prop_012.c Settings:settings/LtlSoftwareModelCheckingC.epf Toolchain:toolchains/LtlSoftwareModelCheckingC.xml
2015-01-20_19-33-59-199 Finishing test with FAIL for Input:LTL/rers/Problem17_prop_012.c Settings:settings/LtlSoftwareModelCheckingC.epf Toolchain:toolchains/LtlSoftwareModelCheckingC.xml: EXCEPTION_OR_ERROR(Expected:UNSAFE): ExpectedResult: UNSAFE UltimateResult: EXCEPTION_OR_ERROR   [de.uni_freiburg.informatik.ultimate.plugins.generator.buchiautomizer: OutOfMemoryError: GC overhead limit exceeded]
2015-01-20_19-33-59-565 ### 164/300 ### Starting test for Input:LTL/rers/Problem17_prop_013.c Settings:settings/LtlSoftwareModelCheckingC.epf Toolchain:toolchains/LtlSoftwareModelCheckingC.xml
2015-01-20_19-45-42-508 Finishing test with FAIL for Input:LTL/rers/Problem17_prop_013.c Settings:settings/LtlSoftwareModelCheckingC.epf Toolchain:toolchains/LtlSoftwareModelCheckingC.xml: EXCEPTION_OR_ERROR(Expected:UNSAFE): ExpectedResult: UNSAFE UltimateResult: EXCEPTION_OR_ERROR   [de.uni_freiburg.informatik.ultimate.plugins.generator.buchiautomizer: OutOfMemoryError: GC overhead limit exceeded]
2015-01-20_19-45-42-873 ### 165/300 ### Starting test for Input:LTL/rers/Problem17_prop_014.c Settings:settings/LtlSoftwareModelCheckingC.epf Toolchain:toolchains/LtlSoftwareModelCheckingC.xml
2015-01-20_19-58-20-884 Finishing test with FAIL for Input:LTL/rers/Problem17_prop_014.c Settings:settings/LtlSoftwareModelCheckingC.epf Toolchain:toolchains/LtlSoftwareModelCheckingC.xml: EXCEPTION_OR_ERROR(Expected:UNSAFE): ExpectedResult: UNSAFE UltimateResult: EXCEPTION_OR_ERROR   [de.uni_freiburg.informatik.ultimate.plugins.generator.buchiautomizer: OutOfMemoryError: GC overhead limit exceeded]
2015-01-20_19-58-21-255 ### 166/300 ### Starting test for Input:LTL/rers/Problem17_prop_015.c Settings:settings/LtlSoftwareModelCheckingC.epf Toolchain:toolchains/LtlSoftwareModelCheckingC.xml
2015-01-20_20-00-54-080 Finishing test with SUCCESS for Input:LTL/rers/Problem17_prop_015.c Settings:settings/LtlSoftwareModelCheckingC.epf Toolchain:toolchains/LtlSoftwareModelCheckingC.xml: SAFE(Expected:SAFE): ExpectedResult: SAFE UltimateResult: SAFE   [ShortDescription: All specifications hold LongDescription: We were not able to verify any specifiation because the program does not contain any specification.]
2015-01-20_20-00-54-831 ### 167/300 ### Starting test for Input:LTL/rers/Problem17_prop_016.c Settings:settings/LtlSoftwareModelCheckingC.epf Toolchain:toolchains/LtlSoftwareModelCheckingC.xml
2015-01-20_20-09-05-591 Finishing test with FAIL for Input:LTL/rers/Problem17_prop_016.c Settings:settings/LtlSoftwareModelCheckingC.epf Toolchain:toolchains/LtlSoftwareModelCheckingC.xml: EXCEPTION_OR_ERROR(Expected:UNSAFE): ExpectedResult: UNSAFE UltimateResult: EXCEPTION_OR_ERROR   [de.uni_freiburg.informatik.ultimate.plugins.generator.buchiautomizer: OutOfMemoryError: GC overhead limit exceeded]
2015-01-20_20-09-05-958 ### 168/300 ### Starting test for Input:LTL/rers/Problem17_prop_017.c Settings:settings/LtlSoftwareModelCheckingC.epf Toolchain:toolchains/LtlSoftwareModelCheckingC.xml
2015-01-20_20-10-14-360 Finishing test with SUCCESS for Input:LTL/rers/Problem17_prop_017.c Settings:settings/LtlSoftwareModelCheckingC.epf Toolchain:toolchains/LtlSoftwareModelCheckingC.xml: SAFE(Expected:SAFE): ExpectedResult: SAFE UltimateResult: SAFE   [ShortDescription: All specifications hold LongDescription: We were not able to verify any specifiation because the program does not contain any specification.]
2015-01-20_20-10-15-225 ### 169/300 ### Starting test for Input:LTL/rers/Problem17_prop_018.c Settings:settings/LtlSoftwareModelCheckingC.epf Toolchain:toolchains/LtlSoftwareModelCheckingC.xml
2015-01-20_20-12-10-639 Finishing test with SUCCESS for Input:LTL/rers/Problem17_prop_018.c Settings:settings/LtlSoftwareModelCheckingC.epf Toolchain:toolchains/LtlSoftwareModelCheckingC.xml: SAFE(Expected:SAFE): ExpectedResult: SAFE UltimateResult: SAFE   [ShortDescription: All specifications hold LongDescription: We were not able to verify any specifiation because the program does not contain any specification.]
2015-01-20_20-12-11-119 ### 170/300 ### Starting test for Input:LTL/rers/Problem17_prop_019.c Settings:settings/LtlSoftwareModelCheckingC.epf Toolchain:toolchains/LtlSoftwareModelCheckingC.xml
2015-01-20_20-27-30-069 Finishing test with FAIL for Input:LTL/rers/Problem17_prop_019.c Settings:settings/LtlSoftwareModelCheckingC.epf Toolchain:toolchains/LtlSoftwareModelCheckingC.xml: EXCEPTION_OR_ERROR(Expected:UNSAFE): ExpectedResult: UNSAFE UltimateResult: EXCEPTION_OR_ERROR   [de.uni_freiburg.informatik.ultimate.plugins.generator.buchiautomizer: OutOfMemoryError: GC overhead limit exceeded]
2015-01-20_20-27-30-438 ### 171/300 ### Starting test for Input:LTL/rers/Problem17_prop_020.c Settings:settings/LtlSoftwareModelCheckingC.epf Toolchain:toolchains/LtlSoftwareModelCheckingC.xml
2015-01-20_20-30-12-486 Finishing test with SUCCESS for Input:LTL/rers/Problem17_prop_020.c Settings:settings/LtlSoftwareModelCheckingC.epf Toolchain:toolchains/LtlSoftwareModelCheckingC.xml: SAFE(Expected:SAFE): ExpectedResult: SAFE UltimateResult: SAFE   [ShortDescription: All specifications hold LongDescription: We were not able to verify any specifiation because the program does not contain any specification.]
2015-01-20_20-30-13-349 ### 172/300 ### Starting test for Input:LTL/rers/Problem17_prop_021.c Settings:settings/LtlSoftwareModelCheckingC.epf Toolchain:toolchains/LtlSoftwareModelCheckingC.xml
2015-01-20_20-50-20-038 Finishing test with UNKNOWN for Input:LTL/rers/Problem17_prop_021.c Settings:settings/LtlSoftwareModelCheckingC.epf Toolchain:toolchains/LtlSoftwareModelCheckingC.xml: TIMEOUT(Expected:UNSAFE): ExpectedResult: UNSAFE UltimateResult: TIMEOUT   [ShortDescription: Timeout LongDescription: Timeout while trying to prove ((A U B) || G(A))]
2015-01-20_20-50-20-641 ### 173/300 ### Starting test for Input:LTL/rers/Problem17_prop_022.c Settings:settings/LtlSoftwareModelCheckingC.epf Toolchain:toolchains/LtlSoftwareModelCheckingC.xml
2015-01-20_20-50-38-433 Finishing test with SUCCESS for Input:LTL/rers/Problem17_prop_022.c Settings:settings/LtlSoftwareModelCheckingC.epf Toolchain:toolchains/LtlSoftwareModelCheckingC.xml: SAFE(Expected:SAFE): ExpectedResult: SAFE UltimateResult: SAFE   [ShortDescription: All specifications hold LongDescription: We were not able to verify any specifiation because the program does not contain any specification.]
2015-01-20_20-50-39-429 ### 174/300 ### Starting test for Input:LTL/rers/Problem17_prop_023.c Settings:settings/LtlSoftwareModelCheckingC.epf Toolchain:toolchains/LtlSoftwareModelCheckingC.xml
2015-01-20_20-51-03-087 Finishing test with SUCCESS for Input:LTL/rers/Problem17_prop_023.c Settings:settings/LtlSoftwareModelCheckingC.epf Toolchain:toolchains/LtlSoftwareModelCheckingC.xml: SAFE(Expected:SAFE): ExpectedResult: SAFE UltimateResult: SAFE   [ShortDescription: All specifications hold LongDescription: We were not able to verify any specifiation because the program does not contain any specification.]
2015-01-20_20-51-03-718 ### 175/300 ### Starting test for Input:LTL/rers/Problem17_prop_024.c Settings:settings/LtlSoftwareModelCheckingC.epf Toolchain:toolchains/LtlSoftwareModelCheckingC.xml
2015-01-20_21-53-59-903 Finishing test with FAIL for Input:LTL/rers/Problem17_prop_024.c Settings:settings/LtlSoftwareModelCheckingC.epf Toolchain:toolchains/LtlSoftwareModelCheckingC.xml: EXCEPTION_OR_ERROR(Expected:UNSAFE): ExpectedResult: UNSAFE UltimateResult: EXCEPTION_OR_ERROR   [de.uni_freiburg.informatik.ultimate.plugins.generator.buchiautomizer: OutOfMemoryError: Java heap space]
2015-01-20_21-54-00-400 ### 176/300 ### Starting test for Input:LTL/rers/Problem17_prop_025.c Settings:settings/LtlSoftwareModelCheckingC.epf Toolchain:toolchains/LtlSoftwareModelCheckingC.xml
2015-01-20_22-04-30-471 Finishing test with FAIL for Input:LTL/rers/Problem17_prop_025.c Settings:settings/LtlSoftwareModelCheckingC.epf Toolchain:toolchains/LtlSoftwareModelCheckingC.xml: EXCEPTION_OR_ERROR(Expected:UNSAFE): ExpectedResult: UNSAFE UltimateResult: EXCEPTION_OR_ERROR   [de.uni_freiburg.informatik.ultimate.plugins.generator.buchiautomizer: OutOfMemoryError: GC overhead limit exceeded]
2015-01-20_22-04-31-112 ### 177/300 ### Starting test for Input:LTL/rers/Problem17_prop_026.c Settings:settings/LtlSoftwareModelCheckingC.epf Toolchain:toolchains/LtlSoftwareModelCheckingC.xml
2015-01-20_22-07-26-870 Finishing test with SUCCESS for Input:LTL/rers/Problem17_prop_026.c Settings:settings/LtlSoftwareModelCheckingC.epf Toolchain:toolchains/LtlSoftwareModelCheckingC.xml: SAFE(Expected:SAFE): ExpectedResult: SAFE UltimateResult: SAFE   [ShortDescription: All specifications hold LongDescription: We were not able to verify any specifiation because the program does not contain any specification.]
2015-01-20_22-07-28-150 ### 178/300 ### Starting test for Input:LTL/rers/Problem17_prop_027.c Settings:settings/LtlSoftwareModelCheckingC.epf Toolchain:toolchains/LtlSoftwareModelCheckingC.xml
2015-01-20_22-10-19-024 Finishing test with SUCCESS for Input:LTL/rers/Problem17_prop_027.c Settings:settings/LtlSoftwareModelCheckingC.epf Toolchain:toolchains/LtlSoftwareModelCheckingC.xml: SAFE(Expected:SAFE): ExpectedResult: SAFE UltimateResult: SAFE   [ShortDescription: All specifications hold LongDescription: We were not able to verify any specifiation because the program does not contain any specification.]
2015-01-20_22-10-19-862 ### 179/300 ### Starting test for Input:LTL/rers/Problem17_prop_028.c Settings:settings/LtlSoftwareModelCheckingC.epf Toolchain:toolchains/LtlSoftwareModelCheckingC.xml
2015-01-20_22-10-53-040 Finishing test with SUCCESS for Input:LTL/rers/Problem17_prop_028.c Settings:settings/LtlSoftwareModelCheckingC.epf Toolchain:toolchains/LtlSoftwareModelCheckingC.xml: SAFE(Expected:SAFE): ExpectedResult: SAFE UltimateResult: SAFE   [ShortDescription: All specifications hold LongDescription: We were not able to verify any specifiation because the program does not contain any specification.]
2015-01-20_22-10-53-652 ### 180/300 ### Starting test for Input:LTL/rers/Problem17_prop_029.c Settings:settings/LtlSoftwareModelCheckingC.epf Toolchain:toolchains/LtlSoftwareModelCheckingC.xml
2015-01-20_22-22-29-464 Finishing test with FAIL for Input:LTL/rers/Problem17_prop_029.c Settings:settings/LtlSoftwareModelCheckingC.epf Toolchain:toolchains/LtlSoftwareModelCheckingC.xml: EXCEPTION_OR_ERROR(Expected:UNSAFE): ExpectedResult: UNSAFE UltimateResult: EXCEPTION_OR_ERROR   [de.uni_freiburg.informatik.ultimate.plugins.generator.buchiautomizer: OutOfMemoryError: GC overhead limit exceeded]
2015-01-20_22-22-29-943 ### 181/300 ### Starting test for Input:LTL/rers/Problem17_prop_030.c Settings:settings/LtlSoftwareModelCheckingC.epf Toolchain:toolchains/LtlSoftwareModelCheckingC.xml
2015-01-20_22-23-48-995 Finishing test with SUCCESS for Input:LTL/rers/Problem17_prop_030.c Settings:settings/LtlSoftwareModelCheckingC.epf Toolchain:toolchains/LtlSoftwareModelCheckingC.xml: SAFE(Expected:SAFE): ExpectedResult: SAFE UltimateResult: SAFE   [ShortDescription: All specifications hold LongDescription: We were not able to verify any specifiation because the program does not contain any specification.]
2015-01-20_22-23-49-986 ### 182/300 ### Starting test for Input:LTL/rers/Problem17_prop_031.c Settings:settings/LtlSoftwareModelCheckingC.epf Toolchain:toolchains/LtlSoftwareModelCheckingC.xml
2015-01-20_22-24-08-119 Finishing test with SUCCESS for Input:LTL/rers/Problem17_prop_031.c Settings:settings/LtlSoftwareModelCheckingC.epf Toolchain:toolchains/LtlSoftwareModelCheckingC.xml: SAFE(Expected:SAFE): ExpectedResult: SAFE UltimateResult: SAFE   [ShortDescription: All specifications hold LongDescription: We were not able to verify any specifiation because the program does not contain any specification.]
2015-01-20_22-24-08-730 ### 183/300 ### Starting test for Input:LTL/rers/Problem17_prop_032.c Settings:settings/LtlSoftwareModelCheckingC.epf Toolchain:toolchains/LtlSoftwareModelCheckingC.xml
2015-01-20_22-24-34-927 Finishing test with SUCCESS for Input:LTL/rers/Problem17_prop_032.c Settings:settings/LtlSoftwareModelCheckingC.epf Toolchain:toolchains/LtlSoftwareModelCheckingC.xml: SAFE(Expected:SAFE): ExpectedResult: SAFE UltimateResult: SAFE   [ShortDescription: All specifications hold LongDescription: We were not able to verify any specifiation because the program does not contain any specification.]
2015-01-20_22-24-35-544 ### 184/300 ### Starting test for Input:LTL/rers/Problem17_prop_033.c Settings:settings/LtlSoftwareModelCheckingC.epf Toolchain:toolchains/LtlSoftwareModelCheckingC.xml
2015-01-20_22-34-10-146 Finishing test with FAIL for Input:LTL/rers/Problem17_prop_033.c Settings:settings/LtlSoftwareModelCheckingC.epf Toolchain:toolchains/LtlSoftwareModelCheckingC.xml: EXCEPTION_OR_ERROR(Expected:UNSAFE): ExpectedResult: UNSAFE UltimateResult: EXCEPTION_OR_ERROR   [de.uni_freiburg.informatik.ultimate.plugins.generator.buchiautomizer: OutOfMemoryError: GC overhead limit exceeded]
2015-01-20_22-34-10-628 ### 185/300 ### Starting test for Input:LTL/rers/Problem17_prop_034.c Settings:settings/LtlSoftwareModelCheckingC.epf Toolchain:toolchains/LtlSoftwareModelCheckingC.xml
2015-01-20_22-55-32-363 Finishing test with UNKNOWN for Input:LTL/rers/Problem17_prop_034.c Settings:settings/LtlSoftwareModelCheckingC.epf Toolchain:toolchains/LtlSoftwareModelCheckingC.xml: TIMEOUT(Expected:UNSAFE): ExpectedResult: UNSAFE UltimateResult: TIMEOUT   [ShortDescription: Timeout LongDescription: Timeout while trying to prove ((A U ((B U ((A U ((B U G(A)) || G(B))) || G(A))) || G(B))) || G(A))]
2015-01-20_22-55-33-195 ### 186/300 ### Starting test for Input:LTL/rers/Problem17_prop_035.c Settings:settings/LtlSoftwareModelCheckingC.epf Toolchain:toolchains/LtlSoftwareModelCheckingC.xml
2015-01-20_22-57-26-375 Finishing test with SUCCESS for Input:LTL/rers/Problem17_prop_035.c Settings:settings/LtlSoftwareModelCheckingC.epf Toolchain:toolchains/LtlSoftwareModelCheckingC.xml: SAFE(Expected:SAFE): ExpectedResult: SAFE UltimateResult: SAFE   [ShortDescription: All specifications hold LongDescription: We were not able to verify any specifiation because the program does not contain any specification.]
2015-01-20_22-57-27-507 ### 187/300 ### Starting test for Input:LTL/rers/Problem17_prop_036.c Settings:settings/LtlSoftwareModelCheckingC.epf Toolchain:toolchains/LtlSoftwareModelCheckingC.xml
2015-01-20_23-09-36-050 Finishing test with FAIL for Input:LTL/rers/Problem17_prop_036.c Settings:settings/LtlSoftwareModelCheckingC.epf Toolchain:toolchains/LtlSoftwareModelCheckingC.xml: EXCEPTION_OR_ERROR(Expected:UNSAFE): ExpectedResult: UNSAFE UltimateResult: EXCEPTION_OR_ERROR   [de.uni_freiburg.informatik.ultimate.plugins.generator.buchiautomizer: OutOfMemoryError: GC overhead limit exceeded]
2015-01-20_23-09-36-644 ### 188/300 ### Starting test for Input:LTL/rers/Problem17_prop_037.c Settings:settings/LtlSoftwareModelCheckingC.epf Toolchain:toolchains/LtlSoftwareModelCheckingC.xml
2015-01-20_23-10-18-426 Finishing test with SUCCESS for Input:LTL/rers/Problem17_prop_037.c Settings:settings/LtlSoftwareModelCheckingC.epf Toolchain:toolchains/LtlSoftwareModelCheckingC.xml: SAFE(Expected:SAFE): ExpectedResult: SAFE UltimateResult: SAFE   [ShortDescription: All specifications hold LongDescription: We were not able to verify any specifiation because the program does not contain any specification.]
2015-01-20_23-10-19-474 ### 189/300 ### Starting test for Input:LTL/rers/Problem17_prop_038.c Settings:settings/LtlSoftwareModelCheckingC.epf Toolchain:toolchains/LtlSoftwareModelCheckingC.xml
2015-01-20_23-11-59-541 Finishing test with SUCCESS for Input:LTL/rers/Problem17_prop_038.c Settings:settings/LtlSoftwareModelCheckingC.epf Toolchain:toolchains/LtlSoftwareModelCheckingC.xml: SAFE(Expected:SAFE): ExpectedResult: SAFE UltimateResult: SAFE   [ShortDescription: All specifications hold LongDescription: We were not able to verify any specifiation because the program does not contain any specification.]
2015-01-20_23-12-00-259 ### 190/300 ### Starting test for Input:LTL/rers/Problem17_prop_039.c Settings:settings/LtlSoftwareModelCheckingC.epf Toolchain:toolchains/LtlSoftwareModelCheckingC.xml
2015-01-20_23-37-24-541 Finishing test with UNKNOWN for Input:LTL/rers/Problem17_prop_039.c Settings:settings/LtlSoftwareModelCheckingC.epf Toolchain:toolchains/LtlSoftwareModelCheckingC.xml: TIMEOUT(Expected:UNSAFE): ExpectedResult: UNSAFE UltimateResult: TIMEOUT   [ShortDescription: Timeout LongDescription: Timeout while trying to prove G((A || (B U C)))]
2015-01-20_23-37-25-132 ### 191/300 ### Starting test for Input:LTL/rers/Problem17_prop_040.c Settings:settings/LtlSoftwareModelCheckingC.epf Toolchain:toolchains/LtlSoftwareModelCheckingC.xml
2015-01-20_23-57-44-305 Finishing test with UNKNOWN for Input:LTL/rers/Problem17_prop_040.c Settings:settings/LtlSoftwareModelCheckingC.epf Toolchain:toolchains/LtlSoftwareModelCheckingC.xml: TIMEOUT(Expected:UNSAFE): ExpectedResult: UNSAFE UltimateResult: TIMEOUT   [ShortDescription: Timeout LongDescription: Timeout while trying to prove (G(A) || F((B && F(C))))]
2015-01-20_23-57-45-142 ### 192/300 ### Starting test for Input:LTL/rers/Problem17_prop_041.c Settings:settings/LtlSoftwareModelCheckingC.epf Toolchain:toolchains/LtlSoftwareModelCheckingC.xml
2015-01-20_23-58-12-134 Finishing test with SUCCESS for Input:LTL/rers/Problem17_prop_041.c Settings:settings/LtlSoftwareModelCheckingC.epf Toolchain:toolchains/LtlSoftwareModelCheckingC.xml: SAFE(Expected:SAFE): ExpectedResult: SAFE UltimateResult: SAFE   [ShortDescription: All specifications hold LongDescription: We were not able to verify any specifiation because the program does not contain any specification.]
2015-01-20_23-58-12-766 ### 193/300 ### Starting test for Input:LTL/rers/Problem17_prop_042.c Settings:settings/LtlSoftwareModelCheckingC.epf Toolchain:toolchains/LtlSoftwareModelCheckingC.xml
2015-01-21_00-09-44-251 Finishing test with FAIL for Input:LTL/rers/Problem17_prop_042.c Settings:settings/LtlSoftwareModelCheckingC.epf Toolchain:toolchains/LtlSoftwareModelCheckingC.xml: EXCEPTION_OR_ERROR(Expected:UNSAFE): ExpectedResult: UNSAFE UltimateResult: EXCEPTION_OR_ERROR   [de.uni_freiburg.informatik.ultimate.plugins.generator.buchiautomizer: OutOfMemoryError: GC overhead limit exceeded]
2015-01-21_00-09-44-735 ### 194/300 ### Starting test for Input:LTL/rers/Problem17_prop_043.c Settings:settings/LtlSoftwareModelCheckingC.epf Toolchain:toolchains/LtlSoftwareModelCheckingC.xml
2015-01-21_00-17-36-715 Finishing test with FAIL for Input:LTL/rers/Problem17_prop_043.c Settings:settings/LtlSoftwareModelCheckingC.epf Toolchain:toolchains/LtlSoftwareModelCheckingC.xml: EXCEPTION_OR_ERROR(Expected:UNSAFE): ExpectedResult: UNSAFE UltimateResult: EXCEPTION_OR_ERROR   [de.uni_freiburg.informatik.ultimate.plugins.generator.buchiautomizer: OutOfMemoryError: Java heap space]
2015-01-21_00-17-37-200 ### 195/300 ### Starting test for Input:LTL/rers/Problem17_prop_044.c Settings:settings/LtlSoftwareModelCheckingC.epf Toolchain:toolchains/LtlSoftwareModelCheckingC.xml
2015-01-21_00-18-40-784 Finishing test with SUCCESS for Input:LTL/rers/Problem17_prop_044.c Settings:settings/LtlSoftwareModelCheckingC.epf Toolchain:toolchains/LtlSoftwareModelCheckingC.xml: SAFE(Expected:SAFE): ExpectedResult: SAFE UltimateResult: SAFE   [ShortDescription: All specifications hold LongDescription: We were not able to verify any specifiation because the program does not contain any specification.]
2015-01-21_00-18-41-725 ### 196/300 ### Starting test for Input:LTL/rers/Problem17_prop_045.c Settings:settings/LtlSoftwareModelCheckingC.epf Toolchain:toolchains/LtlSoftwareModelCheckingC.xml
2015-01-21_00-36-36-822 Finishing test with SUCCESS for Input:LTL/rers/Problem17_prop_045.c Settings:settings/LtlSoftwareModelCheckingC.epf Toolchain:toolchains/LtlSoftwareModelCheckingC.xml: UNSAFE(Expected:UNSAFE): ExpectedResult: UNSAFE UltimateResult: UNSAFE   Violation of LTL property G((A || F(B))) 
2015-01-21_00-36-37-535 ### 197/300 ### Starting test for Input:LTL/rers/Problem17_prop_046.c Settings:settings/LtlSoftwareModelCheckingC.epf Toolchain:toolchains/LtlSoftwareModelCheckingC.xml
2015-01-21_00-36-55-666 Finishing test with SUCCESS for Input:LTL/rers/Problem17_prop_046.c Settings:settings/LtlSoftwareModelCheckingC.epf Toolchain:toolchains/LtlSoftwareModelCheckingC.xml: SAFE(Expected:SAFE): ExpectedResult: SAFE UltimateResult: SAFE   [ShortDescription: All specifications hold LongDescription: We were not able to verify any specifiation because the program does not contain any specification.]
2015-01-21_00-36-56-570 ### 198/300 ### Starting test for Input:LTL/rers/Problem17_prop_047.c Settings:settings/LtlSoftwareModelCheckingC.epf Toolchain:toolchains/LtlSoftwareModelCheckingC.xml
2015-01-21_00-46-04-032 Finishing test with FAIL for Input:LTL/rers/Problem17_prop_047.c Settings:settings/LtlSoftwareModelCheckingC.epf Toolchain:toolchains/LtlSoftwareModelCheckingC.xml: EXCEPTION_OR_ERROR(Expected:UNSAFE): ExpectedResult: UNSAFE UltimateResult: EXCEPTION_OR_ERROR   [de.uni_freiburg.informatik.ultimate.plugins.generator.buchiautomizer: OutOfMemoryError: GC overhead limit exceeded]
2015-01-21_00-46-04-515 ### 199/300 ### Starting test for Input:LTL/rers/Problem17_prop_048.c Settings:settings/LtlSoftwareModelCheckingC.epf Toolchain:toolchains/LtlSoftwareModelCheckingC.xml
2015-01-21_00-56-47-662 Finishing test with FAIL for Input:LTL/rers/Problem17_prop_048.c Settings:settings/LtlSoftwareModelCheckingC.epf Toolchain:toolchains/LtlSoftwareModelCheckingC.xml: EXCEPTION_OR_ERROR(Expected:SAFE): ExpectedResult: SAFE UltimateResult: EXCEPTION_OR_ERROR   [de.uni_freiburg.informatik.ultimate.plugins.generator.buchiautomizer: OutOfMemoryError: GC overhead limit exceeded]
2015-01-21_00-56-48-152 ### 200/300 ### Starting test for Input:LTL/rers/Problem17_prop_049.c Settings:settings/LtlSoftwareModelCheckingC.epf Toolchain:toolchains/LtlSoftwareModelCheckingC.xml
2015-01-21_01-07-10-730 Finishing test with FAIL for Input:LTL/rers/Problem17_prop_049.c Settings:settings/LtlSoftwareModelCheckingC.epf Toolchain:toolchains/LtlSoftwareModelCheckingC.xml: EXCEPTION_OR_ERROR(Expected:UNSAFE): ExpectedResult: UNSAFE UltimateResult: EXCEPTION_OR_ERROR   [de.uni_freiburg.informatik.ultimate.plugins.generator.buchiautomizer: OutOfMemoryError: GC overhead limit exceeded]
2015-01-21_01-07-11-223 ### 201/300 ### Starting test for Input:LTL/rers/Problem18_prop_000.c Settings:settings/LtlSoftwareModelCheckingC.epf Toolchain:toolchains/LtlSoftwareModelCheckingC.xml
2015-01-21_01-27-11-268 Finishing test with UNKNOWN for Input:LTL/rers/Problem18_prop_000.c Settings:settings/LtlSoftwareModelCheckingC.epf Toolchain:toolchains/LtlSoftwareModelCheckingC.xml: TIMEOUT(Expected:SAFE): ExpectedResult: SAFE UltimateResult: TIMEOUT   [ShortDescription: Timeout LongDescription: Timeout while trying to prove G((A || ((B U C) || G(B))))]
2015-01-21_01-27-12-111 ### 202/300 ### Starting test for Input:LTL/rers/Problem18_prop_001.c Settings:settings/LtlSoftwareModelCheckingC.epf Toolchain:toolchains/LtlSoftwareModelCheckingC.xml
2015-01-21_01-48-13-735 Finishing test with UNKNOWN for Input:LTL/rers/Problem18_prop_001.c Settings:settings/LtlSoftwareModelCheckingC.epf Toolchain:toolchains/LtlSoftwareModelCheckingC.xml: TIMEOUT(Expected:SAFE): ExpectedResult: SAFE UltimateResult: TIMEOUT   [ShortDescription: Timeout LongDescription: Timeout while trying to prove G((A || G(B)))]
2015-01-21_01-48-14-584 ### 203/300 ### Starting test for Input:LTL/rers/Problem18_prop_002.c Settings:settings/LtlSoftwareModelCheckingC.epf Toolchain:toolchains/LtlSoftwareModelCheckingC.xml
2015-01-21_01-53-49-303 Finishing test with SUCCESS for Input:LTL/rers/Problem18_prop_002.c Settings:settings/LtlSoftwareModelCheckingC.epf Toolchain:toolchains/LtlSoftwareModelCheckingC.xml: SAFE(Expected:SAFE): ExpectedResult: SAFE UltimateResult: SAFE   [ShortDescription: All specifications hold LongDescription: We were not able to verify any specifiation because the program does not contain any specification.]
2015-01-21_01-53-50-266 ### 204/300 ### Starting test for Input:LTL/rers/Problem18_prop_003.c Settings:settings/LtlSoftwareModelCheckingC.epf Toolchain:toolchains/LtlSoftwareModelCheckingC.xml
2015-01-21_01-58-34-229 Finishing test with SUCCESS for Input:LTL/rers/Problem18_prop_003.c Settings:settings/LtlSoftwareModelCheckingC.epf Toolchain:toolchains/LtlSoftwareModelCheckingC.xml: SAFE(Expected:SAFE): ExpectedResult: SAFE UltimateResult: SAFE   [ShortDescription: All specifications hold LongDescription: We were not able to verify any specifiation because the program does not contain any specification.]
2015-01-21_01-58-34-840 ### 205/300 ### Starting test for Input:LTL/rers/Problem18_prop_004.c Settings:settings/LtlSoftwareModelCheckingC.epf Toolchain:toolchains/LtlSoftwareModelCheckingC.xml
2015-01-21_02-04-53-989 Finishing test with SUCCESS for Input:LTL/rers/Problem18_prop_004.c Settings:settings/LtlSoftwareModelCheckingC.epf Toolchain:toolchains/LtlSoftwareModelCheckingC.xml: SAFE(Expected:SAFE): ExpectedResult: SAFE UltimateResult: SAFE   [ShortDescription: All specifications hold LongDescription: We were not able to verify any specifiation because the program does not contain any specification.]
2015-01-21_02-04-54-678 ### 206/300 ### Starting test for Input:LTL/rers/Problem18_prop_005.c Settings:settings/LtlSoftwareModelCheckingC.epf Toolchain:toolchains/LtlSoftwareModelCheckingC.xml
2015-01-21_02-27-55-309 Finishing test with UNKNOWN for Input:LTL/rers/Problem18_prop_005.c Settings:settings/LtlSoftwareModelCheckingC.epf Toolchain:toolchains/LtlSoftwareModelCheckingC.xml: TIMEOUT(Expected:UNSAFE): ExpectedResult: UNSAFE UltimateResult: TIMEOUT   [ShortDescription: Timeout LongDescription: Timeout while trying to prove (!(F(A)) || (B U (A || (C U (A || (B U (A || (C U (A || (D U A))))))))))]
2015-01-21_02-27-55-822 ### 207/300 ### Starting test for Input:LTL/rers/Problem18_prop_006.c Settings:settings/LtlSoftwareModelCheckingC.epf Toolchain:toolchains/LtlSoftwareModelCheckingC.xml
2015-01-21_02-38-46-674 Finishing test with FAIL for Input:LTL/rers/Problem18_prop_006.c Settings:settings/LtlSoftwareModelCheckingC.epf Toolchain:toolchains/LtlSoftwareModelCheckingC.xml: EXCEPTION_OR_ERROR(Expected:UNSAFE): ExpectedResult: UNSAFE UltimateResult: EXCEPTION_OR_ERROR   [de.uni_freiburg.informatik.ultimate.plugins.generator.buchiautomizer: OutOfMemoryError: GC overhead limit exceeded]
2015-01-21_02-38-47-173 ### 208/300 ### Starting test for Input:LTL/rers/Problem18_prop_007.c Settings:settings/LtlSoftwareModelCheckingC.epf Toolchain:toolchains/LtlSoftwareModelCheckingC.xml
2015-01-21_02-59-24-432 Finishing test with UNKNOWN for Input:LTL/rers/Problem18_prop_007.c Settings:settings/LtlSoftwareModelCheckingC.epf Toolchain:toolchains/LtlSoftwareModelCheckingC.xml: TIMEOUT(Expected:UNSAFE): ExpectedResult: UNSAFE UltimateResult: TIMEOUT   [ShortDescription: Timeout LongDescription: Timeout while trying to prove G((!((A && F(B))) || (C U B)))]
2015-01-21_02-59-25-253 ### 209/300 ### Starting test for Input:LTL/rers/Problem18_prop_008.c Settings:settings/LtlSoftwareModelCheckingC.epf Toolchain:toolchains/LtlSoftwareModelCheckingC.xml
2015-01-21_03-20-26-259 Finishing test with UNKNOWN for Input:LTL/rers/Problem18_prop_008.c Settings:settings/LtlSoftwareModelCheckingC.epf Toolchain:toolchains/LtlSoftwareModelCheckingC.xml: TIMEOUT(Expected:UNSAFE): ExpectedResult: UNSAFE UltimateResult: TIMEOUT   [ShortDescription: Timeout LongDescription: Timeout while trying to prove G((A || ((B U C) || G(B))))]
2015-01-21_03-20-27-017 ### 210/300 ### Starting test for Input:LTL/rers/Problem18_prop_009.c Settings:settings/LtlSoftwareModelCheckingC.epf Toolchain:toolchains/LtlSoftwareModelCheckingC.xml
2015-01-21_03-29-02-106 Finishing test with SUCCESS for Input:LTL/rers/Problem18_prop_009.c Settings:settings/LtlSoftwareModelCheckingC.epf Toolchain:toolchains/LtlSoftwareModelCheckingC.xml: SAFE(Expected:SAFE): ExpectedResult: SAFE UltimateResult: SAFE   [ShortDescription: All specifications hold LongDescription: We were not able to verify any specifiation because the program does not contain any specification.]
2015-01-21_03-29-02-796 ### 211/300 ### Starting test for Input:LTL/rers/Problem18_prop_010.c Settings:settings/LtlSoftwareModelCheckingC.epf Toolchain:toolchains/LtlSoftwareModelCheckingC.xml
2015-01-21_03-34-00-760 Finishing test with SUCCESS for Input:LTL/rers/Problem18_prop_010.c Settings:settings/LtlSoftwareModelCheckingC.epf Toolchain:toolchains/LtlSoftwareModelCheckingC.xml: SAFE(Expected:SAFE): ExpectedResult: SAFE UltimateResult: SAFE   [ShortDescription: All specifications hold LongDescription: We were not able to verify any specifiation because the program does not contain any specification.]
2015-01-21_03-34-01-391 ### 212/300 ### Starting test for Input:LTL/rers/Problem18_prop_011.c Settings:settings/LtlSoftwareModelCheckingC.epf Toolchain:toolchains/LtlSoftwareModelCheckingC.xml
2015-01-21_03-54-40-740 Finishing test with UNKNOWN for Input:LTL/rers/Problem18_prop_011.c Settings:settings/LtlSoftwareModelCheckingC.epf Toolchain:toolchains/LtlSoftwareModelCheckingC.xml: TIMEOUT(Expected:UNSAFE): ExpectedResult: UNSAFE UltimateResult: TIMEOUT   [ShortDescription: Timeout LongDescription: Timeout while trying to prove G(A)]
2015-01-21_03-54-41-451 ### 213/300 ### Starting test for Input:LTL/rers/Problem18_prop_012.c Settings:settings/LtlSoftwareModelCheckingC.epf Toolchain:toolchains/LtlSoftwareModelCheckingC.xml
2015-01-21_04-14-55-664 Finishing test with UNKNOWN for Input:LTL/rers/Problem18_prop_012.c Settings:settings/LtlSoftwareModelCheckingC.epf Toolchain:toolchains/LtlSoftwareModelCheckingC.xml: TIMEOUT(Expected:UNSAFE): ExpectedResult: UNSAFE UltimateResult: TIMEOUT   [ShortDescription: Timeout LongDescription: Timeout while trying to prove (!(F(A)) || (B U (A || (C U (A || (B U (A || (C U (A || (D U A))))))))))]
2015-01-21_04-14-56-416 ### 214/300 ### Starting test for Input:LTL/rers/Problem18_prop_013.c Settings:settings/LtlSoftwareModelCheckingC.epf Toolchain:toolchains/LtlSoftwareModelCheckingC.xml
2015-01-21_04-27-17-932 Finishing test with FAIL for Input:LTL/rers/Problem18_prop_013.c Settings:settings/LtlSoftwareModelCheckingC.epf Toolchain:toolchains/LtlSoftwareModelCheckingC.xml: EXCEPTION_OR_ERROR(Expected:UNSAFE): ExpectedResult: UNSAFE UltimateResult: EXCEPTION_OR_ERROR   [de.uni_freiburg.informatik.ultimate.plugins.generator.buchiautomizer: OutOfMemoryError: GC overhead limit exceeded]
2015-01-21_04-27-18-433 ### 215/300 ### Starting test for Input:LTL/rers/Problem18_prop_014.c Settings:settings/LtlSoftwareModelCheckingC.epf Toolchain:toolchains/LtlSoftwareModelCheckingC.xml
2015-01-21_04-47-23-549 Finishing test with UNKNOWN for Input:LTL/rers/Problem18_prop_014.c Settings:settings/LtlSoftwareModelCheckingC.epf Toolchain:toolchains/LtlSoftwareModelCheckingC.xml: TIMEOUT(Expected:UNSAFE): ExpectedResult: UNSAFE UltimateResult: TIMEOUT   [ShortDescription: Timeout LongDescription: Timeout while trying to prove (!(F(A)) || (B U C))]
2015-01-21_04-47-24-351 ### 216/300 ### Starting test for Input:LTL/rers/Problem18_prop_015.c Settings:settings/LtlSoftwareModelCheckingC.epf Toolchain:toolchains/LtlSoftwareModelCheckingC.xml
2015-01-21_05-07-27-268 Finishing test with UNKNOWN for Input:LTL/rers/Problem18_prop_015.c Settings:settings/LtlSoftwareModelCheckingC.epf Toolchain:toolchains/LtlSoftwareModelCheckingC.xml: TIMEOUT(Expected:SAFE): ExpectedResult: SAFE UltimateResult: TIMEOUT   [ShortDescription: Timeout LongDescription: Timeout while trying to prove G((!((A && F(B))) || (C U B)))]
2015-01-21_05-07-27-868 ### 217/300 ### Starting test for Input:LTL/rers/Problem18_prop_016.c Settings:settings/LtlSoftwareModelCheckingC.epf Toolchain:toolchains/LtlSoftwareModelCheckingC.xml
2015-01-21_05-16-22-193 Finishing test with SUCCESS for Input:LTL/rers/Problem18_prop_016.c Settings:settings/LtlSoftwareModelCheckingC.epf Toolchain:toolchains/LtlSoftwareModelCheckingC.xml: SAFE(Expected:SAFE): ExpectedResult: SAFE UltimateResult: SAFE   [ShortDescription: All specifications hold LongDescription: We were not able to verify any specifiation because the program does not contain any specification.]
2015-01-21_05-16-23-119 ### 218/300 ### Starting test for Input:LTL/rers/Problem18_prop_017.c Settings:settings/LtlSoftwareModelCheckingC.epf Toolchain:toolchains/LtlSoftwareModelCheckingC.xml
2015-01-21_05-36-37-729 Finishing test with UNKNOWN for Input:LTL/rers/Problem18_prop_017.c Settings:settings/LtlSoftwareModelCheckingC.epf Toolchain:toolchains/LtlSoftwareModelCheckingC.xml: TIMEOUT(Expected:UNSAFE): ExpectedResult: UNSAFE UltimateResult: TIMEOUT   [ShortDescription: Timeout LongDescription: Timeout while trying to prove (!(F(A)) || (B U C))]
2015-01-21_05-36-38-511 ### 219/300 ### Starting test for Input:LTL/rers/Problem18_prop_018.c Settings:settings/LtlSoftwareModelCheckingC.epf Toolchain:toolchains/LtlSoftwareModelCheckingC.xml
2015-01-21_05-58-34-860 Finishing test with UNKNOWN for Input:LTL/rers/Problem18_prop_018.c Settings:settings/LtlSoftwareModelCheckingC.epf Toolchain:toolchains/LtlSoftwareModelCheckingC.xml: TIMEOUT(Expected:UNSAFE): ExpectedResult: UNSAFE UltimateResult: TIMEOUT   [ShortDescription: Timeout LongDescription: Timeout while trying to prove G((A || ((B U C) || G(B))))]
2015-01-21_05-58-35-469 ### 220/300 ### Starting test for Input:LTL/rers/Problem18_prop_019.c Settings:settings/LtlSoftwareModelCheckingC.epf Toolchain:toolchains/LtlSoftwareModelCheckingC.xml
2015-01-21_06-20-36-111 Finishing test with UNKNOWN for Input:LTL/rers/Problem18_prop_019.c Settings:settings/LtlSoftwareModelCheckingC.epf Toolchain:toolchains/LtlSoftwareModelCheckingC.xml: TIMEOUT(Expected:SAFE): ExpectedResult: SAFE UltimateResult: TIMEOUT   [ShortDescription: Timeout LongDescription: Timeout while trying to prove ((A U ((B U ((A U ((B U G(A)) || G(B))) || G(A))) || G(B))) || G(A))]
2015-01-21_06-20-36-712 ### 221/300 ### Starting test for Input:LTL/rers/Problem18_prop_020.c Settings:settings/LtlSoftwareModelCheckingC.epf Toolchain:toolchains/LtlSoftwareModelCheckingC.xml
2015-01-21_06-42-02-342 Finishing test with UNKNOWN for Input:LTL/rers/Problem18_prop_020.c Settings:settings/LtlSoftwareModelCheckingC.epf Toolchain:toolchains/LtlSoftwareModelCheckingC.xml: TIMEOUT(Expected:UNSAFE): ExpectedResult: UNSAFE UltimateResult: TIMEOUT   [ShortDescription: Timeout LongDescription: Timeout while trying to prove G((A || (B U C)))]
2015-01-21_06-42-03-115 ### 222/300 ### Starting test for Input:LTL/rers/Problem18_prop_021.c Settings:settings/LtlSoftwareModelCheckingC.epf Toolchain:toolchains/LtlSoftwareModelCheckingC.xml
2015-01-21_07-00-18-873 Finishing test with FAIL for Input:LTL/rers/Problem18_prop_021.c Settings:settings/LtlSoftwareModelCheckingC.epf Toolchain:toolchains/LtlSoftwareModelCheckingC.xml: EXCEPTION_OR_ERROR(Expected:UNSAFE): ExpectedResult: UNSAFE UltimateResult: EXCEPTION_OR_ERROR   [de.uni_freiburg.informatik.ultimate.plugins.generator.buchiautomizer: OutOfMemoryError: GC overhead limit exceeded]
2015-01-21_07-00-19-381 ### 223/300 ### Starting test for Input:LTL/rers/Problem18_prop_022.c Settings:settings/LtlSoftwareModelCheckingC.epf Toolchain:toolchains/LtlSoftwareModelCheckingC.xml
2015-01-21_07-04-58-939 Finishing test with SUCCESS for Input:LTL/rers/Problem18_prop_022.c Settings:settings/LtlSoftwareModelCheckingC.epf Toolchain:toolchains/LtlSoftwareModelCheckingC.xml: SAFE(Expected:SAFE): ExpectedResult: SAFE UltimateResult: SAFE   [ShortDescription: All specifications hold LongDescription: We were not able to verify any specifiation because the program does not contain any specification.]
2015-01-21_07-04-59-900 ### 224/300 ### Starting test for Input:LTL/rers/Problem18_prop_023.c Settings:settings/LtlSoftwareModelCheckingC.epf Toolchain:toolchains/LtlSoftwareModelCheckingC.xml
2015-01-21_07-23-31-381 Finishing test with SUCCESS for Input:LTL/rers/Problem18_prop_023.c Settings:settings/LtlSoftwareModelCheckingC.epf Toolchain:toolchains/LtlSoftwareModelCheckingC.xml: UNSAFE(Expected:UNSAFE): ExpectedResult: UNSAFE UltimateResult: UNSAFE   Violation of LTL property ((A U B) || G(A)) 
2015-01-21_07-23-32-100 ### 225/300 ### Starting test for Input:LTL/rers/Problem18_prop_024.c Settings:settings/LtlSoftwareModelCheckingC.epf Toolchain:toolchains/LtlSoftwareModelCheckingC.xml
2015-01-21_07-28-48-975 Finishing test with SUCCESS for Input:LTL/rers/Problem18_prop_024.c Settings:settings/LtlSoftwareModelCheckingC.epf Toolchain:toolchains/LtlSoftwareModelCheckingC.xml: SAFE(Expected:SAFE): ExpectedResult: SAFE UltimateResult: SAFE   [ShortDescription: All specifications hold LongDescription: We were not able to verify any specifiation because the program does not contain any specification.]
2015-01-21_07-28-49-732 ### 226/300 ### Starting test for Input:LTL/rers/Problem18_prop_025.c Settings:settings/LtlSoftwareModelCheckingC.epf Toolchain:toolchains/LtlSoftwareModelCheckingC.xml
2015-01-21_07-49-37-235 Finishing test with UNKNOWN for Input:LTL/rers/Problem18_prop_025.c Settings:settings/LtlSoftwareModelCheckingC.epf Toolchain:toolchains/LtlSoftwareModelCheckingC.xml: TIMEOUT(Expected:UNSAFE): ExpectedResult: UNSAFE UltimateResult: TIMEOUT   [ShortDescription: Timeout LongDescription: Timeout while trying to prove G((A || ((B U C) || G(B))))]
2015-01-21_07-49-38-004 ### 227/300 ### Starting test for Input:LTL/rers/Problem18_prop_026.c Settings:settings/LtlSoftwareModelCheckingC.epf Toolchain:toolchains/LtlSoftwareModelCheckingC.xml
2015-01-21_08-10-44-814 Finishing test with UNKNOWN for Input:LTL/rers/Problem18_prop_026.c Settings:settings/LtlSoftwareModelCheckingC.epf Toolchain:toolchains/LtlSoftwareModelCheckingC.xml: TIMEOUT(Expected:UNSAFE): ExpectedResult: UNSAFE UltimateResult: TIMEOUT   [ShortDescription: Timeout LongDescription: Timeout while trying to prove G((A || ((B U C) || G(B))))]
2015-01-21_08-10-45-498 ### 228/300 ### Starting test for Input:LTL/rers/Problem18_prop_027.c Settings:settings/LtlSoftwareModelCheckingC.epf Toolchain:toolchains/LtlSoftwareModelCheckingC.xml
2015-01-21_08-30-45-712 Finishing test with UNKNOWN for Input:LTL/rers/Problem18_prop_027.c Settings:settings/LtlSoftwareModelCheckingC.epf Toolchain:toolchains/LtlSoftwareModelCheckingC.xml: TIMEOUT(Expected:SAFE): ExpectedResult: SAFE UltimateResult: TIMEOUT   [ShortDescription: Timeout LongDescription: Timeout while trying to prove (!(F(A)) || (B U C))]
2015-01-21_08-30-46-575 ### 229/300 ### Starting test for Input:LTL/rers/Problem18_prop_028.c Settings:settings/LtlSoftwareModelCheckingC.epf Toolchain:toolchains/LtlSoftwareModelCheckingC.xml
2015-01-21_08-45-00-600 Finishing test with FAIL for Input:LTL/rers/Problem18_prop_028.c Settings:settings/LtlSoftwareModelCheckingC.epf Toolchain:toolchains/LtlSoftwareModelCheckingC.xml: EXCEPTION_OR_ERROR(Expected:UNSAFE): ExpectedResult: UNSAFE UltimateResult: EXCEPTION_OR_ERROR   [de.uni_freiburg.informatik.ultimate.plugins.generator.buchiautomizer: OutOfMemoryError: Java heap space]
2015-01-21_08-45-01-146 ### 230/300 ### Starting test for Input:LTL/rers/Problem18_prop_029.c Settings:settings/LtlSoftwareModelCheckingC.epf Toolchain:toolchains/LtlSoftwareModelCheckingC.xml
2015-01-21_09-05-44-192 Finishing test with UNKNOWN for Input:LTL/rers/Problem18_prop_029.c Settings:settings/LtlSoftwareModelCheckingC.epf Toolchain:toolchains/LtlSoftwareModelCheckingC.xml: TIMEOUT(Expected:SAFE): ExpectedResult: SAFE UltimateResult: TIMEOUT   [ShortDescription: Timeout LongDescription: Timeout while trying to prove G((!((A && F(B))) || (C U B)))]
2015-01-21_09-05-45-066 ### 231/300 ### Starting test for Input:LTL/rers/Problem18_prop_030.c Settings:settings/LtlSoftwareModelCheckingC.epf Toolchain:toolchains/LtlSoftwareModelCheckingC.xml
2015-01-21_09-26-04-794 Finishing test with UNKNOWN for Input:LTL/rers/Problem18_prop_030.c Settings:settings/LtlSoftwareModelCheckingC.epf Toolchain:toolchains/LtlSoftwareModelCheckingC.xml: TIMEOUT(Expected:SAFE): ExpectedResult: SAFE UltimateResult: TIMEOUT   [ShortDescription: Timeout LongDescription: Timeout while trying to prove G((!((A && F(B))) || (C U B)))]
2015-01-21_09-26-05-720 ### 232/300 ### Starting test for Input:LTL/rers/Problem18_prop_031.c Settings:settings/LtlSoftwareModelCheckingC.epf Toolchain:toolchains/LtlSoftwareModelCheckingC.xml
2015-01-21_09-46-24-070 Finishing test with UNKNOWN for Input:LTL/rers/Problem18_prop_031.c Settings:settings/LtlSoftwareModelCheckingC.epf Toolchain:toolchains/LtlSoftwareModelCheckingC.xml: TIMEOUT(Expected:SAFE): ExpectedResult: SAFE UltimateResult: TIMEOUT   [ShortDescription: Timeout LongDescription: Timeout while trying to prove G((A || ((B U C) || G(B))))]
2015-01-21_09-46-24-838 ### 233/300 ### Starting test for Input:LTL/rers/Problem18_prop_032.c Settings:settings/LtlSoftwareModelCheckingC.epf Toolchain:toolchains/LtlSoftwareModelCheckingC.xml
2015-01-21_10-06-52-070 Finishing test with UNKNOWN for Input:LTL/rers/Problem18_prop_032.c Settings:settings/LtlSoftwareModelCheckingC.epf Toolchain:toolchains/LtlSoftwareModelCheckingC.xml: TIMEOUT(Expected:UNSAFE): ExpectedResult: UNSAFE UltimateResult: TIMEOUT   [ShortDescription: Timeout LongDescription: Timeout while trying to prove G((!((A && F(B))) || (C U B)))]
2015-01-21_10-06-52-785 ### 234/300 ### Starting test for Input:LTL/rers/Problem18_prop_033.c Settings:settings/LtlSoftwareModelCheckingC.epf Toolchain:toolchains/LtlSoftwareModelCheckingC.xml
2015-01-21_10-26-53-019 Finishing test with UNKNOWN for Input:LTL/rers/Problem18_prop_033.c Settings:settings/LtlSoftwareModelCheckingC.epf Toolchain:toolchains/LtlSoftwareModelCheckingC.xml: TIMEOUT(Expected:UNSAFE): ExpectedResult: UNSAFE UltimateResult: TIMEOUT   [ShortDescription: Timeout LongDescription: Timeout while trying to prove G(A)]
2015-01-21_10-26-53-877 ### 235/300 ### Starting test for Input:LTL/rers/Problem18_prop_034.c Settings:settings/LtlSoftwareModelCheckingC.epf Toolchain:toolchains/LtlSoftwareModelCheckingC.xml
2015-01-21_10-47-09-339 Finishing test with UNKNOWN for Input:LTL/rers/Problem18_prop_034.c Settings:settings/LtlSoftwareModelCheckingC.epf Toolchain:toolchains/LtlSoftwareModelCheckingC.xml: TIMEOUT(Expected:SAFE): ExpectedResult: SAFE UltimateResult: TIMEOUT   [ShortDescription: Timeout LongDescription: Timeout while trying to prove G((A || G(B)))]
2015-01-21_10-47-10-185 ### 236/300 ### Starting test for Input:LTL/rers/Problem18_prop_035.c Settings:settings/LtlSoftwareModelCheckingC.epf Toolchain:toolchains/LtlSoftwareModelCheckingC.xml
2015-01-21_10-52-05-129 Finishing test with SUCCESS for Input:LTL/rers/Problem18_prop_035.c Settings:settings/LtlSoftwareModelCheckingC.epf Toolchain:toolchains/LtlSoftwareModelCheckingC.xml: SAFE(Expected:SAFE): ExpectedResult: SAFE UltimateResult: SAFE   [ShortDescription: All specifications hold LongDescription: We were not able to verify any specifiation because the program does not contain any specification.]
2015-01-21_10-52-06-043 ### 237/300 ### Starting test for Input:LTL/rers/Problem18_prop_036.c Settings:settings/LtlSoftwareModelCheckingC.epf Toolchain:toolchains/LtlSoftwareModelCheckingC.xml
2015-01-21_11-15-00-045 Finishing test with UNKNOWN for Input:LTL/rers/Problem18_prop_036.c Settings:settings/LtlSoftwareModelCheckingC.epf Toolchain:toolchains/LtlSoftwareModelCheckingC.xml: TIMEOUT(Expected:SAFE): ExpectedResult: SAFE UltimateResult: TIMEOUT   [ShortDescription: Timeout LongDescription: Timeout while trying to prove G((!((A && F(B))) || (C U B)))]
2015-01-21_11-15-00-786 ### 238/300 ### Starting test for Input:LTL/rers/Problem18_prop_037.c Settings:settings/LtlSoftwareModelCheckingC.epf Toolchain:toolchains/LtlSoftwareModelCheckingC.xml
2015-01-21_11-36-33-944 Finishing test with UNKNOWN for Input:LTL/rers/Problem18_prop_037.c Settings:settings/LtlSoftwareModelCheckingC.epf Toolchain:toolchains/LtlSoftwareModelCheckingC.xml: TIMEOUT(Expected:UNSAFE): ExpectedResult: UNSAFE UltimateResult: TIMEOUT   [ShortDescription: Timeout LongDescription: Timeout while trying to prove (G(A) || F((B && F(C))))]
2015-01-21_11-36-34-889 ### 239/300 ### Starting test for Input:LTL/rers/Problem18_prop_038.c Settings:settings/LtlSoftwareModelCheckingC.epf Toolchain:toolchains/LtlSoftwareModelCheckingC.xml
2015-01-21_11-41-36-556 Finishing test with SUCCESS for Input:LTL/rers/Problem18_prop_038.c Settings:settings/LtlSoftwareModelCheckingC.epf Toolchain:toolchains/LtlSoftwareModelCheckingC.xml: SAFE(Expected:SAFE): ExpectedResult: SAFE UltimateResult: SAFE   [ShortDescription: All specifications hold LongDescription: We were not able to verify any specifiation because the program does not contain any specification.]
2015-01-21_11-41-37-624 ### 240/300 ### Starting test for Input:LTL/rers/Problem18_prop_039.c Settings:settings/LtlSoftwareModelCheckingC.epf Toolchain:toolchains/LtlSoftwareModelCheckingC.xml
2015-01-21_11-46-14-768 Finishing test with SUCCESS for Input:LTL/rers/Problem18_prop_039.c Settings:settings/LtlSoftwareModelCheckingC.epf Toolchain:toolchains/LtlSoftwareModelCheckingC.xml: SAFE(Expected:SAFE): ExpectedResult: SAFE UltimateResult: SAFE   [ShortDescription: All specifications hold LongDescription: We were not able to verify any specifiation because the program does not contain any specification.]
2015-01-21_11-46-15-404 ### 241/300 ### Starting test for Input:LTL/rers/Problem18_prop_040.c Settings:settings/LtlSoftwareModelCheckingC.epf Toolchain:toolchains/LtlSoftwareModelCheckingC.xml
2015-01-21_12-00-23-286 Finishing test with SUCCESS for Input:LTL/rers/Problem18_prop_040.c Settings:settings/LtlSoftwareModelCheckingC.epf Toolchain:toolchains/LtlSoftwareModelCheckingC.xml: SAFE(Expected:SAFE): ExpectedResult: SAFE UltimateResult: SAFE   [ShortDescription: All specifications hold LongDescription: We were not able to verify any specifiation because the program does not contain any specification.]
2015-01-21_12-00-24-133 ### 242/300 ### Starting test for Input:LTL/rers/Problem18_prop_041.c Settings:settings/LtlSoftwareModelCheckingC.epf Toolchain:toolchains/LtlSoftwareModelCheckingC.xml
2015-01-21_12-15-34-621 Finishing test with FAIL for Input:LTL/rers/Problem18_prop_041.c Settings:settings/LtlSoftwareModelCheckingC.epf Toolchain:toolchains/LtlSoftwareModelCheckingC.xml: EXCEPTION_OR_ERROR(Expected:UNSAFE): ExpectedResult: UNSAFE UltimateResult: EXCEPTION_OR_ERROR   [de.uni_freiburg.informatik.ultimate.plugins.generator.buchiautomizer: OutOfMemoryError: Java heap space]
2015-01-21_12-15-35-176 ### 243/300 ### Starting test for Input:LTL/rers/Problem18_prop_042.c Settings:settings/LtlSoftwareModelCheckingC.epf Toolchain:toolchains/LtlSoftwareModelCheckingC.xml
2015-01-21_12-33-22-397 Finishing test with FAIL for Input:LTL/rers/Problem18_prop_042.c Settings:settings/LtlSoftwareModelCheckingC.epf Toolchain:toolchains/LtlSoftwareModelCheckingC.xml: EXCEPTION_OR_ERROR(Expected:UNSAFE): ExpectedResult: UNSAFE UltimateResult: EXCEPTION_OR_ERROR   [de.uni_freiburg.informatik.ultimate.plugins.generator.buchiautomizer: OutOfMemoryError: GC overhead limit exceeded]
2015-01-21_12-33-22-934 ### 244/300 ### Starting test for Input:LTL/rers/Problem18_prop_043.c Settings:settings/LtlSoftwareModelCheckingC.epf Toolchain:toolchains/LtlSoftwareModelCheckingC.xml
2015-01-21_12-38-02-130 Finishing test with SUCCESS for Input:LTL/rers/Problem18_prop_043.c Settings:settings/LtlSoftwareModelCheckingC.epf Toolchain:toolchains/LtlSoftwareModelCheckingC.xml: SAFE(Expected:SAFE): ExpectedResult: SAFE UltimateResult: SAFE   [ShortDescription: All specifications hold LongDescription: We were not able to verify any specifiation because the program does not contain any specification.]
2015-01-21_12-38-02-980 ### 245/300 ### Starting test for Input:LTL/rers/Problem18_prop_044.c Settings:settings/LtlSoftwareModelCheckingC.epf Toolchain:toolchains/LtlSoftwareModelCheckingC.xml
2015-01-21_12-58-35-858 Finishing test with UNKNOWN for Input:LTL/rers/Problem18_prop_044.c Settings:settings/LtlSoftwareModelCheckingC.epf Toolchain:toolchains/LtlSoftwareModelCheckingC.xml: TIMEOUT(Expected:SAFE): ExpectedResult: SAFE UltimateResult: TIMEOUT   [ShortDescription: Timeout LongDescription: Timeout while trying to prove G((!((A && F(B))) || (C U B)))]
2015-01-21_12-58-36-793 ### 246/300 ### Starting test for Input:LTL/rers/Problem18_prop_045.c Settings:settings/LtlSoftwareModelCheckingC.epf Toolchain:toolchains/LtlSoftwareModelCheckingC.xml
2015-01-21_13-19-55-416 Finishing test with UNKNOWN for Input:LTL/rers/Problem18_prop_045.c Settings:settings/LtlSoftwareModelCheckingC.epf Toolchain:toolchains/LtlSoftwareModelCheckingC.xml: TIMEOUT(Expected:UNSAFE): ExpectedResult: UNSAFE UltimateResult: TIMEOUT   [ShortDescription: Timeout LongDescription: Timeout while trying to prove G((A || ((B U C) || G(B))))]
2015-01-21_13-19-56-390 ### 247/300 ### Starting test for Input:LTL/rers/Problem18_prop_046.c Settings:settings/LtlSoftwareModelCheckingC.epf Toolchain:toolchains/LtlSoftwareModelCheckingC.xml
2015-01-21_13-42-36-653 Finishing test with UNKNOWN for Input:LTL/rers/Problem18_prop_046.c Settings:settings/LtlSoftwareModelCheckingC.epf Toolchain:toolchains/LtlSoftwareModelCheckingC.xml: TIMEOUT(Expected:UNSAFE): ExpectedResult: UNSAFE UltimateResult: TIMEOUT   [ShortDescription: Timeout LongDescription: Timeout while trying to prove G((A || ((B U C) || G(B))))]
2015-01-21_13-42-37-625 ### 248/300 ### Starting test for Input:LTL/rers/Problem18_prop_047.c Settings:settings/LtlSoftwareModelCheckingC.epf Toolchain:toolchains/LtlSoftwareModelCheckingC.xml
2015-01-21_14-07-56-014 Finishing test with FAIL for Input:LTL/rers/Problem18_prop_047.c Settings:settings/LtlSoftwareModelCheckingC.epf Toolchain:toolchains/LtlSoftwareModelCheckingC.xml: EXCEPTION_OR_ERROR(Expected:SAFE): ExpectedResult: SAFE UltimateResult: EXCEPTION_OR_ERROR   [de.uni_freiburg.informatik.ultimate.plugins.generator.buchiautomizer: OutOfMemoryError: Java heap space]
2015-01-21_14-07-56-596 ### 249/300 ### Starting test for Input:LTL/rers/Problem18_prop_048.c Settings:settings/LtlSoftwareModelCheckingC.epf Toolchain:toolchains/LtlSoftwareModelCheckingC.xml
2015-01-21_14-27-58-301 Finishing test with UNKNOWN for Input:LTL/rers/Problem18_prop_048.c Settings:settings/LtlSoftwareModelCheckingC.epf Toolchain:toolchains/LtlSoftwareModelCheckingC.xml: TIMEOUT(Expected:SAFE): ExpectedResult: SAFE UltimateResult: TIMEOUT   [ShortDescription: Timeout LongDescription: Timeout while trying to prove G((A || ((B U C) || G(B))))]
2015-01-21_14-27-59-000 ### 250/300 ### Starting test for Input:LTL/rers/Problem18_prop_049.c Settings:settings/LtlSoftwareModelCheckingC.epf Toolchain:toolchains/LtlSoftwareModelCheckingC.xml
2015-01-21_14-47-59-052 Finishing test with UNKNOWN for Input:LTL/rers/Problem18_prop_049.c Settings:settings/LtlSoftwareModelCheckingC.epf Toolchain:toolchains/LtlSoftwareModelCheckingC.xml: TIMEOUT(Expected:UNSAFE): ExpectedResult: UNSAFE UltimateResult: TIMEOUT   [ShortDescription: Timeout LongDescription: Timeout while trying to prove G((A || ((B U C) || G(B))))]
2015-01-21_14-48-00-043 ### 251/300 ### Starting test for Input:LTL/rers/Problem19_prop_000.c Settings:settings/LtlSoftwareModelCheckingC.epf Toolchain:toolchains/LtlSoftwareModelCheckingC.xml
2015-01-21_15-09-42-257 Finishing test with UNKNOWN for Input:LTL/rers/Problem19_prop_000.c Settings:settings/LtlSoftwareModelCheckingC.epf Toolchain:toolchains/LtlSoftwareModelCheckingC.xml: TIMEOUT(Expected:SAFE): ExpectedResult: SAFE UltimateResult: TIMEOUT   [ShortDescription: Timeout LongDescription: Timeout while trying to prove G((A || ((B U C) || G(B))))]
2015-01-21_15-09-43-022 ### 252/300 ### Starting test for Input:LTL/rers/Problem19_prop_001.c Settings:settings/LtlSoftwareModelCheckingC.epf Toolchain:toolchains/LtlSoftwareModelCheckingC.xml
2015-01-21_15-30-29-628 Finishing test with UNKNOWN for Input:LTL/rers/Problem19_prop_001.c Settings:settings/LtlSoftwareModelCheckingC.epf Toolchain:toolchains/LtlSoftwareModelCheckingC.xml: TIMEOUT(Expected:SAFE): ExpectedResult: SAFE UltimateResult: TIMEOUT   [ShortDescription: Timeout LongDescription: Timeout while trying to prove G((A || F(B)))]
2015-01-21_15-30-30-462 ### 253/300 ### Starting test for Input:LTL/rers/Problem19_prop_002.c Settings:settings/LtlSoftwareModelCheckingC.epf Toolchain:toolchains/LtlSoftwareModelCheckingC.xml
2015-01-21_15-52-15-431 Finishing test with UNKNOWN for Input:LTL/rers/Problem19_prop_002.c Settings:settings/LtlSoftwareModelCheckingC.epf Toolchain:toolchains/LtlSoftwareModelCheckingC.xml: TIMEOUT(Expected:SAFE): ExpectedResult: SAFE UltimateResult: TIMEOUT   [ShortDescription: Timeout LongDescription: Timeout while trying to prove G((A || F(B)))]
2015-01-21_15-52-16-082 ### 254/300 ### Starting test for Input:LTL/rers/Problem19_prop_003.c Settings:settings/LtlSoftwareModelCheckingC.epf Toolchain:toolchains/LtlSoftwareModelCheckingC.xml
2015-01-21_16-12-25-324 Finishing test with UNKNOWN for Input:LTL/rers/Problem19_prop_003.c Settings:settings/LtlSoftwareModelCheckingC.epf Toolchain:toolchains/LtlSoftwareModelCheckingC.xml: TIMEOUT(Expected:SAFE): ExpectedResult: SAFE UltimateResult: TIMEOUT   [ShortDescription: Timeout LongDescription: Timeout while trying to prove ((A U B) || G(A))]
2015-01-21_16-12-26-175 ### 255/300 ### Starting test for Input:LTL/rers/Problem19_prop_004.c Settings:settings/LtlSoftwareModelCheckingC.epf Toolchain:toolchains/LtlSoftwareModelCheckingC.xml
2015-01-21_16-32-51-650 Finishing test with UNKNOWN for Input:LTL/rers/Problem19_prop_004.c Settings:settings/LtlSoftwareModelCheckingC.epf Toolchain:toolchains/LtlSoftwareModelCheckingC.xml: TIMEOUT(Expected:SAFE): ExpectedResult: SAFE UltimateResult: TIMEOUT   [ShortDescription: Timeout LongDescription: Timeout while trying to prove G((A || ((B U C) || G(B))))]
2015-01-21_16-32-52-523 ### 256/300 ### Starting test for Input:LTL/rers/Problem19_prop_005.c Settings:settings/LtlSoftwareModelCheckingC.epf Toolchain:toolchains/LtlSoftwareModelCheckingC.xml
2015-01-21_16-52-13-892 Finishing test with FAIL for Input:LTL/rers/Problem19_prop_005.c Settings:settings/LtlSoftwareModelCheckingC.epf Toolchain:toolchains/LtlSoftwareModelCheckingC.xml: EXCEPTION_OR_ERROR(Expected:SAFE): ExpectedResult: SAFE UltimateResult: EXCEPTION_OR_ERROR   [de.uni_freiburg.informatik.ultimate.plugins.generator.buchiautomizer: OutOfMemoryError: Java heap space]
2015-01-21_16-52-14-444 ### 257/300 ### Starting test for Input:LTL/rers/Problem19_prop_006.c Settings:settings/LtlSoftwareModelCheckingC.epf Toolchain:toolchains/LtlSoftwareModelCheckingC.xml
2015-01-21_17-12-14-499 Finishing test with UNKNOWN for Input:LTL/rers/Problem19_prop_006.c Settings:settings/LtlSoftwareModelCheckingC.epf Toolchain:toolchains/LtlSoftwareModelCheckingC.xml: TIMEOUT(Expected:SAFE): ExpectedResult: SAFE UltimateResult: TIMEOUT   [ShortDescription: Timeout LongDescription: Timeout while trying to prove (!(F(A)) || (B U C))]
2015-01-21_17-12-16-005 ### 258/300 ### Starting test for Input:LTL/rers/Problem19_prop_007.c Settings:settings/LtlSoftwareModelCheckingC.epf Toolchain:toolchains/LtlSoftwareModelCheckingC.xml
2015-01-21_17-33-18-842 Finishing test with UNKNOWN for Input:LTL/rers/Problem19_prop_007.c Settings:settings/LtlSoftwareModelCheckingC.epf Toolchain:toolchains/LtlSoftwareModelCheckingC.xml: TIMEOUT(Expected:UNSAFE): ExpectedResult: UNSAFE UltimateResult: TIMEOUT   [ShortDescription: Timeout LongDescription: Timeout while trying to prove ((A U B) || G(A))]
2015-01-21_17-33-19-699 ### 259/300 ### Starting test for Input:LTL/rers/Problem19_prop_008.c Settings:settings/LtlSoftwareModelCheckingC.epf Toolchain:toolchains/LtlSoftwareModelCheckingC.xml
2015-01-21_17-53-43-215 Finishing test with UNKNOWN for Input:LTL/rers/Problem19_prop_008.c Settings:settings/LtlSoftwareModelCheckingC.epf Toolchain:toolchains/LtlSoftwareModelCheckingC.xml: TIMEOUT(Expected:SAFE): ExpectedResult: SAFE UltimateResult: TIMEOUT   [ShortDescription: Timeout LongDescription: Timeout while trying to prove G(A)]
2015-01-21_17-53-43-946 ### 260/300 ### Starting test for Input:LTL/rers/Problem19_prop_009.c Settings:settings/LtlSoftwareModelCheckingC.epf Toolchain:toolchains/LtlSoftwareModelCheckingC.xml
2015-01-21_18-19-37-132 Finishing test with UNKNOWN for Input:LTL/rers/Problem19_prop_009.c Settings:settings/LtlSoftwareModelCheckingC.epf Toolchain:toolchains/LtlSoftwareModelCheckingC.xml: TIMEOUT(Expected:UNSAFE): ExpectedResult: UNSAFE UltimateResult: TIMEOUT   [ShortDescription: Timeout LongDescription: Timeout while trying to prove G(A)]
2015-01-21_18-19-37-735 ### 261/300 ### Starting test for Input:LTL/rers/Problem19_prop_010.c Settings:settings/LtlSoftwareModelCheckingC.epf Toolchain:toolchains/LtlSoftwareModelCheckingC.xml
2015-01-21_18-48-28-620 Finishing test with UNKNOWN for Input:LTL/rers/Problem19_prop_010.c Settings:settings/LtlSoftwareModelCheckingC.epf Toolchain:toolchains/LtlSoftwareModelCheckingC.xml: TIMEOUT(Expected:UNSAFE): ExpectedResult: UNSAFE UltimateResult: TIMEOUT   [ShortDescription: Timeout LongDescription: Timeout while trying to prove G((A || (B U C)))]
2015-01-21_18-48-29-454 ### 262/300 ### Starting test for Input:LTL/rers/Problem19_prop_011.c Settings:settings/LtlSoftwareModelCheckingC.epf Toolchain:toolchains/LtlSoftwareModelCheckingC.xml
2015-01-21_19-31-14-474 Finishing test with FAIL for Input:LTL/rers/Problem19_prop_011.c Settings:settings/LtlSoftwareModelCheckingC.epf Toolchain:toolchains/LtlSoftwareModelCheckingC.xml: EXCEPTION_OR_ERROR(Expected:SAFE): ExpectedResult: SAFE UltimateResult: EXCEPTION_OR_ERROR   [de.uni_freiburg.informatik.ultimate.plugins.generator.buchiautomizer: OutOfMemoryError: Java heap space]
2015-01-21_19-31-15-058 ### 263/300 ### Starting test for Input:LTL/rers/Problem19_prop_012.c Settings:settings/LtlSoftwareModelCheckingC.epf Toolchain:toolchains/LtlSoftwareModelCheckingC.xml
2015-01-21_19-45-02-012 Finishing test with FAIL for Input:LTL/rers/Problem19_prop_012.c Settings:settings/LtlSoftwareModelCheckingC.epf Toolchain:toolchains/LtlSoftwareModelCheckingC.xml: EXCEPTION_OR_ERROR(Expected:SAFE): ExpectedResult: SAFE UltimateResult: EXCEPTION_OR_ERROR   [de.uni_freiburg.informatik.ultimate.plugins.generator.buchiautomizer: OutOfMemoryError: GC overhead limit exceeded]
2015-01-21_19-45-02-574 ### 264/300 ### Starting test for Input:LTL/rers/Problem19_prop_013.c Settings:settings/LtlSoftwareModelCheckingC.epf Toolchain:toolchains/LtlSoftwareModelCheckingC.xml
2015-01-21_20-05-19-217 Finishing test with UNKNOWN for Input:LTL/rers/Problem19_prop_013.c Settings:settings/LtlSoftwareModelCheckingC.epf Toolchain:toolchains/LtlSoftwareModelCheckingC.xml: TIMEOUT(Expected:SAFE): ExpectedResult: SAFE UltimateResult: TIMEOUT   [ShortDescription: Timeout LongDescription: Timeout while trying to prove G((A || F(B)))]
2015-01-21_20-05-19-868 ### 265/300 ### Starting test for Input:LTL/rers/Problem19_prop_014.c Settings:settings/LtlSoftwareModelCheckingC.epf Toolchain:toolchains/LtlSoftwareModelCheckingC.xml
2015-01-21_20-22-32-994 Finishing test with FAIL for Input:LTL/rers/Problem19_prop_014.c Settings:settings/LtlSoftwareModelCheckingC.epf Toolchain:toolchains/LtlSoftwareModelCheckingC.xml: EXCEPTION_OR_ERROR(Expected:UNSAFE): ExpectedResult: UNSAFE UltimateResult: EXCEPTION_OR_ERROR   [de.uni_freiburg.informatik.ultimate.plugins.generator.buchiautomizer: OutOfMemoryError: Java heap space]
2015-01-21_20-22-33-559 ### 266/300 ### Starting test for Input:LTL/rers/Problem19_prop_015.c Settings:settings/LtlSoftwareModelCheckingC.epf Toolchain:toolchains/LtlSoftwareModelCheckingC.xml
2015-01-21_20-48-51-733 Finishing test with UNKNOWN for Input:LTL/rers/Problem19_prop_015.c Settings:settings/LtlSoftwareModelCheckingC.epf Toolchain:toolchains/LtlSoftwareModelCheckingC.xml: TIMEOUT(Expected:SAFE): ExpectedResult: SAFE UltimateResult: TIMEOUT   [ShortDescription: Timeout LongDescription: Timeout while trying to prove G((!((A && F(B))) || (C U B)))]
2015-01-21_20-48-52-319 ### 267/300 ### Starting test for Input:LTL/rers/Problem19_prop_016.c Settings:settings/LtlSoftwareModelCheckingC.epf Toolchain:toolchains/LtlSoftwareModelCheckingC.xml
2015-01-21_21-10-04-202 Finishing test with UNKNOWN for Input:LTL/rers/Problem19_prop_016.c Settings:settings/LtlSoftwareModelCheckingC.epf Toolchain:toolchains/LtlSoftwareModelCheckingC.xml: TIMEOUT(Expected:UNSAFE): ExpectedResult: UNSAFE UltimateResult: TIMEOUT   [ShortDescription: Timeout LongDescription: Timeout while trying to prove (G(A) || F((B && F(C))))]
2015-01-21_21-10-05-073 ### 268/300 ### Starting test for Input:LTL/rers/Problem19_prop_017.c Settings:settings/LtlSoftwareModelCheckingC.epf Toolchain:toolchains/LtlSoftwareModelCheckingC.xml
2015-01-21_21-24-01-382 Finishing test with FAIL for Input:LTL/rers/Problem19_prop_017.c Settings:settings/LtlSoftwareModelCheckingC.epf Toolchain:toolchains/LtlSoftwareModelCheckingC.xml: EXCEPTION_OR_ERROR(Expected:UNSAFE): ExpectedResult: UNSAFE UltimateResult: EXCEPTION_OR_ERROR   [de.uni_freiburg.informatik.ultimate.plugins.generator.buchiautomizer: OutOfMemoryError: GC overhead limit exceeded]
2015-01-21_21-24-01-941 ### 269/300 ### Starting test for Input:LTL/rers/Problem19_prop_018.c Settings:settings/LtlSoftwareModelCheckingC.epf Toolchain:toolchains/LtlSoftwareModelCheckingC.xml
2015-01-21_21-44-08-564 Finishing test with UNKNOWN for Input:LTL/rers/Problem19_prop_018.c Settings:settings/LtlSoftwareModelCheckingC.epf Toolchain:toolchains/LtlSoftwareModelCheckingC.xml: TIMEOUT(Expected:UNSAFE): ExpectedResult: UNSAFE UltimateResult: TIMEOUT   [ShortDescription: Timeout LongDescription: Timeout while trying to prove G((A || F(B)))]
2015-01-21_21-44-09-433 ### 270/300 ### Starting test for Input:LTL/rers/Problem19_prop_019.c Settings:settings/LtlSoftwareModelCheckingC.epf Toolchain:toolchains/LtlSoftwareModelCheckingC.xml
2015-01-21_22-07-00-232 Finishing test with UNKNOWN for Input:LTL/rers/Problem19_prop_019.c Settings:settings/LtlSoftwareModelCheckingC.epf Toolchain:toolchains/LtlSoftwareModelCheckingC.xml: TIMEOUT(Expected:SAFE): ExpectedResult: SAFE UltimateResult: TIMEOUT   [ShortDescription: Timeout LongDescription: Timeout while trying to prove (!(F(A)) || (B U C))]
2015-01-21_22-07-01-133 ### 271/300 ### Starting test for Input:LTL/rers/Problem19_prop_020.c Settings:settings/LtlSoftwareModelCheckingC.epf Toolchain:toolchains/LtlSoftwareModelCheckingC.xml
2015-01-21_22-18-06-806 Finishing test with FAIL for Input:LTL/rers/Problem19_prop_020.c Settings:settings/LtlSoftwareModelCheckingC.epf Toolchain:toolchains/LtlSoftwareModelCheckingC.xml: EXCEPTION_OR_ERROR(Expected:SAFE): ExpectedResult: SAFE UltimateResult: EXCEPTION_OR_ERROR   [de.uni_freiburg.informatik.ultimate.plugins.generator.buchiautomizer: OutOfMemoryError: Java heap space]
2015-01-21_22-18-07-386 ### 272/300 ### Starting test for Input:LTL/rers/Problem19_prop_021.c Settings:settings/LtlSoftwareModelCheckingC.epf Toolchain:toolchains/LtlSoftwareModelCheckingC.xml
2015-01-21_22-38-07-529 Finishing test with UNKNOWN for Input:LTL/rers/Problem19_prop_021.c Settings:settings/LtlSoftwareModelCheckingC.epf Toolchain:toolchains/LtlSoftwareModelCheckingC.xml: TIMEOUT(Expected:SAFE): ExpectedResult: SAFE UltimateResult: TIMEOUT   [ShortDescription: Timeout LongDescription: Timeout while trying to prove G(A)]
2015-01-21_22-38-08-191 ### 273/300 ### Starting test for Input:LTL/rers/Problem19_prop_022.c Settings:settings/LtlSoftwareModelCheckingC.epf Toolchain:toolchains/LtlSoftwareModelCheckingC.xml
2015-01-21_22-54-46-243 Finishing test with FAIL for Input:LTL/rers/Problem19_prop_022.c Settings:settings/LtlSoftwareModelCheckingC.epf Toolchain:toolchains/LtlSoftwareModelCheckingC.xml: EXCEPTION_OR_ERROR(Expected:SAFE): ExpectedResult: SAFE UltimateResult: EXCEPTION_OR_ERROR   [de.uni_freiburg.informatik.ultimate.plugins.generator.buchiautomizer: OutOfMemoryError: GC overhead limit exceeded]
2015-01-21_22-54-46-808 ### 274/300 ### Starting test for Input:LTL/rers/Problem19_prop_023.c Settings:settings/LtlSoftwareModelCheckingC.epf Toolchain:toolchains/LtlSoftwareModelCheckingC.xml
2015-01-21_23-05-32-319 Finishing test with FAIL for Input:LTL/rers/Problem19_prop_023.c Settings:settings/LtlSoftwareModelCheckingC.epf Toolchain:toolchains/LtlSoftwareModelCheckingC.xml: EXCEPTION_OR_ERROR(Expected:UNSAFE): ExpectedResult: UNSAFE UltimateResult: EXCEPTION_OR_ERROR   [de.uni_freiburg.informatik.ultimate.plugins.generator.buchiautomizer: OutOfMemoryError: GC overhead limit exceeded]
2015-01-21_23-05-33-031 ### 275/300 ### Starting test for Input:LTL/rers/Problem19_prop_024.c Settings:settings/LtlSoftwareModelCheckingC.epf Toolchain:toolchains/LtlSoftwareModelCheckingC.xml
2015-01-21_23-20-35-649 Finishing test with FAIL for Input:LTL/rers/Problem19_prop_024.c Settings:settings/LtlSoftwareModelCheckingC.epf Toolchain:toolchains/LtlSoftwareModelCheckingC.xml: EXCEPTION_OR_ERROR(Expected:UNSAFE): ExpectedResult: UNSAFE UltimateResult: EXCEPTION_OR_ERROR   [de.uni_freiburg.informatik.ultimate.plugins.generator.buchiautomizer: OutOfMemoryError: GC overhead limit exceeded]
2015-01-21_23-20-36-228 ### 276/300 ### Starting test for Input:LTL/rers/Problem19_prop_025.c Settings:settings/LtlSoftwareModelCheckingC.epf Toolchain:toolchains/LtlSoftwareModelCheckingC.xml
2015-01-21_23-45-11-084 Finishing test with UNKNOWN for Input:LTL/rers/Problem19_prop_025.c Settings:settings/LtlSoftwareModelCheckingC.epf Toolchain:toolchains/LtlSoftwareModelCheckingC.xml: TIMEOUT(Expected:UNSAFE): ExpectedResult: UNSAFE UltimateResult: TIMEOUT   [ShortDescription: Timeout LongDescription: Timeout while trying to prove G((A || F(B)))]
2015-01-21_23-45-11-820 ### 277/300 ### Starting test for Input:LTL/rers/Problem19_prop_026.c Settings:settings/LtlSoftwareModelCheckingC.epf Toolchain:toolchains/LtlSoftwareModelCheckingC.xml
2015-01-22_00-06-31-422 Finishing test with FAIL for Input:LTL/rers/Problem19_prop_026.c Settings:settings/LtlSoftwareModelCheckingC.epf Toolchain:toolchains/LtlSoftwareModelCheckingC.xml: EXCEPTION_OR_ERROR(Expected:SAFE): ExpectedResult: SAFE UltimateResult: EXCEPTION_OR_ERROR   [de.uni_freiburg.informatik.ultimate.plugins.generator.buchiautomizer: OutOfMemoryError: GC overhead limit exceeded]
2015-01-22_00-06-32-000 ### 278/300 ### Starting test for Input:LTL/rers/Problem19_prop_027.c Settings:settings/LtlSoftwareModelCheckingC.epf Toolchain:toolchains/LtlSoftwareModelCheckingC.xml
2015-01-22_00-20-48-533 Finishing test with FAIL for Input:LTL/rers/Problem19_prop_027.c Settings:settings/LtlSoftwareModelCheckingC.epf Toolchain:toolchains/LtlSoftwareModelCheckingC.xml: EXCEPTION_OR_ERROR(Expected:SAFE): ExpectedResult: SAFE UltimateResult: EXCEPTION_OR_ERROR   [de.uni_freiburg.informatik.ultimate.plugins.generator.buchiautomizer: OutOfMemoryError: GC overhead limit exceeded]
2015-01-22_00-20-49-096 ### 279/300 ### Starting test for Input:LTL/rers/Problem19_prop_028.c Settings:settings/LtlSoftwareModelCheckingC.epf Toolchain:toolchains/LtlSoftwareModelCheckingC.xml
2015-01-22_00-32-58-898 Finishing test with FAIL for Input:LTL/rers/Problem19_prop_028.c Settings:settings/LtlSoftwareModelCheckingC.epf Toolchain:toolchains/LtlSoftwareModelCheckingC.xml: EXCEPTION_OR_ERROR(Expected:UNSAFE): ExpectedResult: UNSAFE UltimateResult: EXCEPTION_OR_ERROR   [de.uni_freiburg.informatik.ultimate.plugins.generator.buchiautomizer: OutOfMemoryError: GC overhead limit exceeded]
2015-01-22_00-32-59-457 ### 280/300 ### Starting test for Input:LTL/rers/Problem19_prop_029.c Settings:settings/LtlSoftwareModelCheckingC.epf Toolchain:toolchains/LtlSoftwareModelCheckingC.xml
2015-01-22_00-53-41-017 Finishing test with UNKNOWN for Input:LTL/rers/Problem19_prop_029.c Settings:settings/LtlSoftwareModelCheckingC.epf Toolchain:toolchains/LtlSoftwareModelCheckingC.xml: TIMEOUT(Expected:UNSAFE): ExpectedResult: UNSAFE UltimateResult: TIMEOUT   [ShortDescription: Timeout LongDescription: Timeout while trying to prove F(A)]
2015-01-22_00-53-41-888 ### 281/300 ### Starting test for Input:LTL/rers/Problem19_prop_030.c Settings:settings/LtlSoftwareModelCheckingC.epf Toolchain:toolchains/LtlSoftwareModelCheckingC.xml
2015-01-22_01-15-56-760 Finishing test with UNKNOWN for Input:LTL/rers/Problem19_prop_030.c Settings:settings/LtlSoftwareModelCheckingC.epf Toolchain:toolchains/LtlSoftwareModelCheckingC.xml: TIMEOUT(Expected:SAFE): ExpectedResult: SAFE UltimateResult: TIMEOUT   [ShortDescription: Timeout LongDescription: Timeout while trying to prove G((A || (B U C)))]
2015-01-22_01-15-57-977 ### 282/300 ### Starting test for Input:LTL/rers/Problem19_prop_031.c Settings:settings/LtlSoftwareModelCheckingC.epf Toolchain:toolchains/LtlSoftwareModelCheckingC.xml
2015-01-22_01-41-01-529 Finishing test with UNKNOWN for Input:LTL/rers/Problem19_prop_031.c Settings:settings/LtlSoftwareModelCheckingC.epf Toolchain:toolchains/LtlSoftwareModelCheckingC.xml: TIMEOUT(Expected:SAFE): ExpectedResult: SAFE UltimateResult: TIMEOUT   [ShortDescription: Timeout LongDescription: Timeout while trying to prove G((A || ((B U C) || G(B))))]
2015-01-22_01-41-02-916 ### 283/300 ### Starting test for Input:LTL/rers/Problem19_prop_032.c Settings:settings/LtlSoftwareModelCheckingC.epf Toolchain:toolchains/LtlSoftwareModelCheckingC.xml
2015-01-22_02-01-50-108 Finishing test with UNKNOWN for Input:LTL/rers/Problem19_prop_032.c Settings:settings/LtlSoftwareModelCheckingC.epf Toolchain:toolchains/LtlSoftwareModelCheckingC.xml: TIMEOUT(Expected:SAFE): ExpectedResult: SAFE UltimateResult: TIMEOUT   [ShortDescription: Timeout LongDescription: Timeout while trying to prove G((A || ((B U C) || G(B))))]
2015-01-22_02-01-51-305 ### 284/300 ### Starting test for Input:LTL/rers/Problem19_prop_033.c Settings:settings/LtlSoftwareModelCheckingC.epf Toolchain:toolchains/LtlSoftwareModelCheckingC.xml
2015-01-22_02-24-02-480 Finishing test with UNKNOWN for Input:LTL/rers/Problem19_prop_033.c Settings:settings/LtlSoftwareModelCheckingC.epf Toolchain:toolchains/LtlSoftwareModelCheckingC.xml: TIMEOUT(Expected:UNSAFE): ExpectedResult: UNSAFE UltimateResult: TIMEOUT   [ShortDescription: Timeout LongDescription: Timeout while trying to prove G((!((A && F(B))) || (C U B)))]
2015-01-22_02-24-03-667 ### 285/300 ### Starting test for Input:LTL/rers/Problem19_prop_034.c Settings:settings/LtlSoftwareModelCheckingC.epf Toolchain:toolchains/LtlSoftwareModelCheckingC.xml
2015-01-22_02-44-03-872 Finishing test with UNKNOWN for Input:LTL/rers/Problem19_prop_034.c Settings:settings/LtlSoftwareModelCheckingC.epf Toolchain:toolchains/LtlSoftwareModelCheckingC.xml: TIMEOUT(Expected:UNSAFE): ExpectedResult: UNSAFE UltimateResult: TIMEOUT   [ShortDescription: Timeout LongDescription: Timeout while trying to prove G(A)]
2015-01-22_02-44-04-718 ### 286/300 ### Starting test for Input:LTL/rers/Problem19_prop_035.c Settings:settings/LtlSoftwareModelCheckingC.epf Toolchain:toolchains/LtlSoftwareModelCheckingC.xml
2015-01-22_03-04-56-906 Finishing test with UNKNOWN for Input:LTL/rers/Problem19_prop_035.c Settings:settings/LtlSoftwareModelCheckingC.epf Toolchain:toolchains/LtlSoftwareModelCheckingC.xml: TIMEOUT(Expected:UNSAFE): ExpectedResult: UNSAFE UltimateResult: TIMEOUT   [ShortDescription: Timeout LongDescription: Timeout while trying to prove (G(A) || F((B && F(C))))]
2015-01-22_03-04-57-816 ### 287/300 ### Starting test for Input:LTL/rers/Problem19_prop_036.c Settings:settings/LtlSoftwareModelCheckingC.epf Toolchain:toolchains/LtlSoftwareModelCheckingC.xml
2015-01-22_03-17-23-203 Finishing test with FAIL for Input:LTL/rers/Problem19_prop_036.c Settings:settings/LtlSoftwareModelCheckingC.epf Toolchain:toolchains/LtlSoftwareModelCheckingC.xml: EXCEPTION_OR_ERROR(Expected:SAFE): ExpectedResult: SAFE UltimateResult: EXCEPTION_OR_ERROR   [de.uni_freiburg.informatik.ultimate.plugins.generator.buchiautomizer: OutOfMemoryError: GC overhead limit exceeded]
2015-01-22_03-17-24-022 ### 288/300 ### Starting test for Input:LTL/rers/Problem19_prop_037.c Settings:settings/LtlSoftwareModelCheckingC.epf Toolchain:toolchains/LtlSoftwareModelCheckingC.xml
2015-01-22_03-37-56-660 Finishing test with UNKNOWN for Input:LTL/rers/Problem19_prop_037.c Settings:settings/LtlSoftwareModelCheckingC.epf Toolchain:toolchains/LtlSoftwareModelCheckingC.xml: TIMEOUT(Expected:UNSAFE): ExpectedResult: UNSAFE UltimateResult: TIMEOUT   [ShortDescription: Timeout LongDescription: Timeout while trying to prove F(A)]
2015-01-22_03-37-57-974 ### 289/300 ### Starting test for Input:LTL/rers/Problem19_prop_038.c Settings:settings/LtlSoftwareModelCheckingC.epf Toolchain:toolchains/LtlSoftwareModelCheckingC.xml
2015-01-22_04-00-56-912 Finishing test with UNKNOWN for Input:LTL/rers/Problem19_prop_038.c Settings:settings/LtlSoftwareModelCheckingC.epf Toolchain:toolchains/LtlSoftwareModelCheckingC.xml: TIMEOUT(Expected:UNSAFE): ExpectedResult: UNSAFE UltimateResult: TIMEOUT   [ShortDescription: Timeout LongDescription: Timeout while trying to prove G((A || ((B U C) || G(B))))]
2015-01-22_04-00-58-104 ### 290/300 ### Starting test for Input:LTL/rers/Problem19_prop_039.c Settings:settings/LtlSoftwareModelCheckingC.epf Toolchain:toolchains/LtlSoftwareModelCheckingC.xml
2015-01-22_04-21-01-835 Finishing test with UNKNOWN for Input:LTL/rers/Problem19_prop_039.c Settings:settings/LtlSoftwareModelCheckingC.epf Toolchain:toolchains/LtlSoftwareModelCheckingC.xml: TIMEOUT(Expected:UNSAFE): ExpectedResult: UNSAFE UltimateResult: TIMEOUT   [ShortDescription: Timeout LongDescription: Timeout while trying to prove G((A || ((B U C) || G(B))))]
2015-01-22_04-21-03-160 ### 291/300 ### Starting test for Input:LTL/rers/Problem19_prop_040.c Settings:settings/LtlSoftwareModelCheckingC.epf Toolchain:toolchains/LtlSoftwareModelCheckingC.xml
2015-01-22_04-42-10-990 Finishing test with UNKNOWN for Input:LTL/rers/Problem19_prop_040.c Settings:settings/LtlSoftwareModelCheckingC.epf Toolchain:toolchains/LtlSoftwareModelCheckingC.xml: TIMEOUT(Expected:UNSAFE): ExpectedResult: UNSAFE UltimateResult: TIMEOUT   [ShortDescription: Timeout LongDescription: Timeout while trying to prove (G(A) || F((B && F(C))))]
2015-01-22_04-42-12-499 ### 292/300 ### Starting test for Input:LTL/rers/Problem19_prop_041.c Settings:settings/LtlSoftwareModelCheckingC.epf Toolchain:toolchains/LtlSoftwareModelCheckingC.xml
2015-01-22_05-13-16-855 Finishing test with UNKNOWN for Input:LTL/rers/Problem19_prop_041.c Settings:settings/LtlSoftwareModelCheckingC.epf Toolchain:toolchains/LtlSoftwareModelCheckingC.xml: TIMEOUT(Expected:UNSAFE): ExpectedResult: UNSAFE UltimateResult: TIMEOUT   [ShortDescription: Timeout LongDescription: Timeout while trying to prove G((A || F(B)))]
2015-01-22_05-13-18-188 ### 293/300 ### Starting test for Input:LTL/rers/Problem19_prop_042.c Settings:settings/LtlSoftwareModelCheckingC.epf Toolchain:toolchains/LtlSoftwareModelCheckingC.xml
2015-01-22_05-33-21-098 Finishing test with UNKNOWN for Input:LTL/rers/Problem19_prop_042.c Settings:settings/LtlSoftwareModelCheckingC.epf Toolchain:toolchains/LtlSoftwareModelCheckingC.xml: TIMEOUT(Expected:SAFE): ExpectedResult: SAFE UltimateResult: TIMEOUT   [ShortDescription: Timeout LongDescription: Timeout while trying to prove G((!((A && F(B))) || (C U B)))]
2015-01-22_05-33-22-203 ### 294/300 ### Starting test for Input:LTL/rers/Problem19_prop_043.c Settings:settings/LtlSoftwareModelCheckingC.epf Toolchain:toolchains/LtlSoftwareModelCheckingC.xml
2015-01-22_05-54-27-576 Finishing test with UNKNOWN for Input:LTL/rers/Problem19_prop_043.c Settings:settings/LtlSoftwareModelCheckingC.epf Toolchain:toolchains/LtlSoftwareModelCheckingC.xml: TIMEOUT(Expected:UNSAFE): ExpectedResult: UNSAFE UltimateResult: TIMEOUT   [ShortDescription: Timeout LongDescription: Timeout while trying to prove ((A U B) || G(A))]
2015-01-22_05-54-28-900 ### 295/300 ### Starting test for Input:LTL/rers/Problem19_prop_044.c Settings:settings/LtlSoftwareModelCheckingC.epf Toolchain:toolchains/LtlSoftwareModelCheckingC.xml
2015-01-22_06-11-29-439 Finishing test with FAIL for Input:LTL/rers/Problem19_prop_044.c Settings:settings/LtlSoftwareModelCheckingC.epf Toolchain:toolchains/LtlSoftwareModelCheckingC.xml: EXCEPTION_OR_ERROR(Expected:SAFE): ExpectedResult: SAFE UltimateResult: EXCEPTION_OR_ERROR   [de.uni_freiburg.informatik.ultimate.plugins.generator.buchiautomizer: OutOfMemoryError: GC overhead limit exceeded]
2015-01-22_06-11-30-530 ### 296/300 ### Starting test for Input:LTL/rers/Problem19_prop_045.c Settings:settings/LtlSoftwareModelCheckingC.epf Toolchain:toolchains/LtlSoftwareModelCheckingC.xml
2015-01-22_06-25-23-415 Finishing test with FAIL for Input:LTL/rers/Problem19_prop_045.c Settings:settings/LtlSoftwareModelCheckingC.epf Toolchain:toolchains/LtlSoftwareModelCheckingC.xml: EXCEPTION_OR_ERROR(Expected:SAFE): ExpectedResult: SAFE UltimateResult: EXCEPTION_OR_ERROR   [de.uni_freiburg.informatik.ultimate.plugins.generator.buchiautomizer: OutOfMemoryError: GC overhead limit exceeded]
2015-01-22_06-25-25-684 ### 297/300 ### Starting test for Input:LTL/rers/Problem19_prop_046.c Settings:settings/LtlSoftwareModelCheckingC.epf Toolchain:toolchains/LtlSoftwareModelCheckingC.xml
2015-01-22_06-46-32-612 Finishing test with UNKNOWN for Input:LTL/rers/Problem19_prop_046.c Settings:settings/LtlSoftwareModelCheckingC.epf Toolchain:toolchains/LtlSoftwareModelCheckingC.xml: TIMEOUT(Expected:UNSAFE): ExpectedResult: UNSAFE UltimateResult: TIMEOUT   [ShortDescription: Timeout LongDescription: Timeout while trying to prove G(A)]
2015-01-22_06-46-33-958 ### 298/300 ### Starting test for Input:LTL/rers/Problem19_prop_047.c Settings:settings/LtlSoftwareModelCheckingC.epf Toolchain:toolchains/LtlSoftwareModelCheckingC.xml
2015-01-22_07-06-38-201 Finishing test with UNKNOWN for Input:LTL/rers/Problem19_prop_047.c Settings:settings/LtlSoftwareModelCheckingC.epf Toolchain:toolchains/LtlSoftwareModelCheckingC.xml: TIMEOUT(Expected:SAFE): ExpectedResult: SAFE UltimateResult: TIMEOUT   [ShortDescription: Timeout LongDescription: Timeout while trying to prove (!(F(A)) || (B U C))]
2015-01-22_07-06-39-280 ### 299/300 ### Starting test for Input:LTL/rers/Problem19_prop_048.c Settings:settings/LtlSoftwareModelCheckingC.epf Toolchain:toolchains/LtlSoftwareModelCheckingC.xml
2015-01-22_07-31-41-300 Finishing test with UNKNOWN for Input:LTL/rers/Problem19_prop_048.c Settings:settings/LtlSoftwareModelCheckingC.epf Toolchain:toolchains/LtlSoftwareModelCheckingC.xml: TIMEOUT(Expected:UNSAFE): ExpectedResult: UNSAFE UltimateResult: TIMEOUT   [ShortDescription: Timeout LongDescription: Timeout while trying to prove (!(F(A)) || (B U C))]
2015-01-22_07-31-42-507 ### 300/300 ### Starting test for Input:LTL/rers/Problem19_prop_049.c Settings:settings/LtlSoftwareModelCheckingC.epf Toolchain:toolchains/LtlSoftwareModelCheckingC.xml
2015-01-22_07-51-12-955 Finishing test with FAIL for Input:LTL/rers/Problem19_prop_049.c Settings:settings/LtlSoftwareModelCheckingC.epf Toolchain:toolchains/LtlSoftwareModelCheckingC.xml: EXCEPTION_OR_ERROR(Expected:SAFE): ExpectedResult: SAFE UltimateResult: EXCEPTION_OR_ERROR   [de.uni_freiburg.informatik.ultimate.plugins.generator.buchiautomizer: OutOfMemoryError: GC overhead limit exceeded]
