2015-02-03_18-51-10-132 First run of IncrementalLogWithVMParameters
	Parameters: heapMaxSize=7.6 GB
	Test Suite Parameters: Timeout=1200 s
2015-02-03_18-51-10-138 ### 1/341 ### Starting test for Input:LTL/coolant/coolant_basis_1_neg.c Settings:settings/LtlSoftwareModelCheckingC.epf Toolchain:toolchains/LtlSoftwareModelCheckingC.xml
2015-02-03_18-51-18-310 Finishing test with SUCCESS for Input:LTL/coolant/coolant_basis_1_neg.c Settings:settings/LtlSoftwareModelCheckingC.epf Toolchain:toolchains/LtlSoftwareModelCheckingC.xml: UNSAFE(Expected:UNSAFE): ExpectedResult: UNSAFE UltimateResult: UNSAFE   Violation of LTL property !(G((A ==> G(A)))) 
2015-02-03_18-51-18-642 ### 2/341 ### Starting test for Input:LTL/coolant/coolant_basis_1_safe_sfty.c Settings:settings/LtlSoftwareModelCheckingC.epf Toolchain:toolchains/LtlSoftwareModelCheckingC.xml
2015-02-03_18-51-18-989 Finishing test with SUCCESS for Input:LTL/coolant/coolant_basis_1_safe_sfty.c Settings:settings/LtlSoftwareModelCheckingC.epf Toolchain:toolchains/LtlSoftwareModelCheckingC.xml: SAFE(Expected:SAFE): ExpectedResult: SAFE UltimateResult: SAFE   [ShortDescription: All specifications hold LongDescription: We were not able to verify any specifiation because the program does not contain any specification.]
2015-02-03_18-51-19-159 ### 3/341 ### Starting test for Input:LTL/coolant/coolant_basis_1_unsafe_sfty.c Settings:settings/LtlSoftwareModelCheckingC.epf Toolchain:toolchains/LtlSoftwareModelCheckingC.xml
2015-02-03_18-51-22-284 Finishing test with SUCCESS for Input:LTL/coolant/coolant_basis_1_unsafe_sfty.c Settings:settings/LtlSoftwareModelCheckingC.epf Toolchain:toolchains/LtlSoftwareModelCheckingC.xml: UNSAFE(Expected:UNSAFE): ExpectedResult: UNSAFE UltimateResult: UNSAFE   Violation of LTL property !(G((A ==> G(A)))) 
2015-02-03_18-51-22-561 ### 4/341 ### Starting test for Input:LTL/coolant/coolant_basis_2_neg.c Settings:settings/LtlSoftwareModelCheckingC.epf Toolchain:toolchains/LtlSoftwareModelCheckingC.xml
2015-02-03_18-51-25-138 Finishing test with SUCCESS for Input:LTL/coolant/coolant_basis_2_neg.c Settings:settings/LtlSoftwareModelCheckingC.epf Toolchain:toolchains/LtlSoftwareModelCheckingC.xml: UNSAFE(Expected:UNSAFE): ExpectedResult: UNSAFE UltimateResult: UNSAFE   Violation of LTL property !(G(F(A))) 
2015-02-03_18-51-25-378 ### 5/341 ### Starting test for Input:LTL/coolant/coolant_basis_2_safe_liveness.c Settings:settings/LtlSoftwareModelCheckingC.epf Toolchain:toolchains/LtlSoftwareModelCheckingC.xml
2015-02-03_18-51-28-249 Finishing test with SUCCESS for Input:LTL/coolant/coolant_basis_2_safe_liveness.c Settings:settings/LtlSoftwareModelCheckingC.epf Toolchain:toolchains/LtlSoftwareModelCheckingC.xml: SAFE(Expected:SAFE): ExpectedResult: SAFE UltimateResult: SAFE   [ShortDescription: All specifications hold LongDescription: We were not able to verify any specifiation because the program does not contain any specification.]
2015-02-03_18-51-28-531 ### 6/341 ### Starting test for Input:LTL/coolant/coolant_basis_2_unsafe_liveness.c Settings:settings/LtlSoftwareModelCheckingC.epf Toolchain:toolchains/LtlSoftwareModelCheckingC.xml
2015-02-03_19-23-48-351 Finishing test with UNKNOWN for Input:LTL/coolant/coolant_basis_2_unsafe_liveness.c Settings:settings/LtlSoftwareModelCheckingC.epf Toolchain:toolchains/LtlSoftwareModelCheckingC.xml: TIMEOUT(Expected:UNSAFE): ExpectedResult: UNSAFE UltimateResult: TIMEOUT   [ShortDescription: Timeout LongDescription: Timeout while trying to prove G(F(A))]
2015-02-03_19-23-48-585 ### 7/341 ### Starting test for Input:LTL/coolant/coolant_basis_3_safe_sftyliveness.c Settings:settings/LtlSoftwareModelCheckingC.epf Toolchain:toolchains/LtlSoftwareModelCheckingC.xml
2015-02-03_19-23-48-772 Finishing test with SUCCESS for Input:LTL/coolant/coolant_basis_3_safe_sftyliveness.c Settings:settings/LtlSoftwareModelCheckingC.epf Toolchain:toolchains/LtlSoftwareModelCheckingC.xml: SAFE(Expected:SAFE): ExpectedResult: SAFE UltimateResult: SAFE   [ShortDescription: All specifications hold LongDescription: We were not able to verify any specifiation because the program does not contain any specification.]
2015-02-03_19-23-48-980 ### 8/341 ### Starting test for Input:LTL/coolant/coolant_basis_3_unsafe_sftyliveness.c Settings:settings/LtlSoftwareModelCheckingC.epf Toolchain:toolchains/LtlSoftwareModelCheckingC.xml
2015-02-03_19-23-49-315 Finishing test with SUCCESS for Input:LTL/coolant/coolant_basis_3_unsafe_sftyliveness.c Settings:settings/LtlSoftwareModelCheckingC.epf Toolchain:toolchains/LtlSoftwareModelCheckingC.xml: UNSAFE(Expected:UNSAFE): ExpectedResult: UNSAFE UltimateResult: UNSAFE   Violation of LTL property G((A || G(F(B)))) 
2015-02-03_19-23-49-524 ### 9/341 ### Starting test for Input:LTL/coolant/coolant_basis_4_1_unsafe_sftyliveness.c Settings:settings/LtlSoftwareModelCheckingC.epf Toolchain:toolchains/LtlSoftwareModelCheckingC.xml
2015-02-03_19-23-50-024 Finishing test with SUCCESS for Input:LTL/coolant/coolant_basis_4_1_unsafe_sftyliveness.c Settings:settings/LtlSoftwareModelCheckingC.epf Toolchain:toolchains/LtlSoftwareModelCheckingC.xml: UNSAFE(Expected:UNSAFE): ExpectedResult: UNSAFE UltimateResult: UNSAFE   Violation of LTL property G((A || (B || F(G(C))))) 
2015-02-03_19-23-50-243 ### 10/341 ### Starting test for Input:LTL/coolant/coolant_basis_4_2_unsafe_sftyliveness.c Settings:settings/LtlSoftwareModelCheckingC.epf Toolchain:toolchains/LtlSoftwareModelCheckingC.xml
2015-02-03_19-23-53-312 Finishing test with SUCCESS for Input:LTL/coolant/coolant_basis_4_2_unsafe_sftyliveness.c Settings:settings/LtlSoftwareModelCheckingC.epf Toolchain:toolchains/LtlSoftwareModelCheckingC.xml: UNSAFE(Expected:UNSAFE): ExpectedResult: UNSAFE UltimateResult: UNSAFE   Violation of LTL property G((A || (B || F(G(C))))) 
2015-02-03_19-23-53-597 ### 11/341 ### Starting test for Input:LTL/coolant/coolant_basis_4_neg.c Settings:settings/LtlSoftwareModelCheckingC.epf Toolchain:toolchains/LtlSoftwareModelCheckingC.xml
2015-02-03_19-23-53-923 Finishing test with SUCCESS for Input:LTL/coolant/coolant_basis_4_neg.c Settings:settings/LtlSoftwareModelCheckingC.epf Toolchain:toolchains/LtlSoftwareModelCheckingC.xml: UNSAFE(Expected:UNSAFE): ExpectedResult: UNSAFE UltimateResult: UNSAFE   Violation of LTL property !(G((A || (B || F(G(C)))))) 
2015-02-03_19-23-54-130 ### 12/341 ### Starting test for Input:LTL/coolant/coolant_basis_4_safe_sftyliveness.c Settings:settings/LtlSoftwareModelCheckingC.epf Toolchain:toolchains/LtlSoftwareModelCheckingC.xml
2015-02-03_19-23-54-432 Finishing test with SUCCESS for Input:LTL/coolant/coolant_basis_4_safe_sftyliveness.c Settings:settings/LtlSoftwareModelCheckingC.epf Toolchain:toolchains/LtlSoftwareModelCheckingC.xml: SAFE(Expected:SAFE): ExpectedResult: SAFE UltimateResult: SAFE   [ShortDescription: All specifications hold LongDescription: We were not able to verify any specifiation because the program does not contain any specification.]
2015-02-03_19-23-54-626 ### 13/341 ### Starting test for Input:LTL/coolant/coolant_basis_4_unsafe_sftyliveness.c Settings:settings/LtlSoftwareModelCheckingC.epf Toolchain:toolchains/LtlSoftwareModelCheckingC.xml
2015-02-03_19-43-54-665 Finishing test with UNKNOWN for Input:LTL/coolant/coolant_basis_4_unsafe_sftyliveness.c Settings:settings/LtlSoftwareModelCheckingC.epf Toolchain:toolchains/LtlSoftwareModelCheckingC.xml: TIMEOUT(Expected:UNSAFE): ExpectedResult: UNSAFE UltimateResult: TIMEOUT   [ShortDescription: Timeout LongDescription: Timeout while trying to prove G((A || (B || F(G(C)))))]
2015-02-03_19-43-55-150 ### 14/341 ### Starting test for Input:LTL/coolant/coolant_basis_5_neg.c Settings:settings/LtlSoftwareModelCheckingC.epf Toolchain:toolchains/LtlSoftwareModelCheckingC.xml
2015-02-03_19-43-55-402 Finishing test with SUCCESS for Input:LTL/coolant/coolant_basis_5_neg.c Settings:settings/LtlSoftwareModelCheckingC.epf Toolchain:toolchains/LtlSoftwareModelCheckingC.xml: UNSAFE(Expected:UNSAFE): ExpectedResult: UNSAFE UltimateResult: UNSAFE   Violation of LTL property !((A U ((B U G(C)) || G(B)))) 
2015-02-03_19-43-55-628 ### 15/341 ### Starting test for Input:LTL/coolant/coolant_basis_5_safe_sftyliveness.c Settings:settings/LtlSoftwareModelCheckingC.epf Toolchain:toolchains/LtlSoftwareModelCheckingC.xml
2015-02-03_19-43-56-113 Finishing test with SUCCESS for Input:LTL/coolant/coolant_basis_5_safe_sftyliveness.c Settings:settings/LtlSoftwareModelCheckingC.epf Toolchain:toolchains/LtlSoftwareModelCheckingC.xml: SAFE(Expected:SAFE): ExpectedResult: SAFE UltimateResult: SAFE   [ShortDescription: All specifications hold LongDescription: We were not able to verify any specifiation because the program does not contain any specification.]
2015-02-03_19-43-56-338 ### 16/341 ### Starting test for Input:LTL/coolant/coolant_basis_5_unsafe_sftyliveness.c Settings:settings/LtlSoftwareModelCheckingC.epf Toolchain:toolchains/LtlSoftwareModelCheckingC.xml
2015-02-03_19-43-58-319 Finishing test with SUCCESS for Input:LTL/coolant/coolant_basis_5_unsafe_sftyliveness.c Settings:settings/LtlSoftwareModelCheckingC.epf Toolchain:toolchains/LtlSoftwareModelCheckingC.xml: UNSAFE(Expected:UNSAFE): ExpectedResult: UNSAFE UltimateResult: UNSAFE   Violation of LTL property (A U ((B U G(C)) || G(B))) 
2015-02-03_19-43-58-606 ### 17/341 ### Starting test for Input:LTL/coolant/coolant_basis_6_safe_sftyliveness.c Settings:settings/LtlSoftwareModelCheckingC.epf Toolchain:toolchains/LtlSoftwareModelCheckingC.xml
2015-02-03_19-43-59-342 Finishing test with SUCCESS for Input:LTL/coolant/coolant_basis_6_safe_sftyliveness.c Settings:settings/LtlSoftwareModelCheckingC.epf Toolchain:toolchains/LtlSoftwareModelCheckingC.xml: SAFE(Expected:SAFE): ExpectedResult: SAFE UltimateResult: SAFE   [ShortDescription: All specifications hold LongDescription: We were not able to verify any specifiation because the program does not contain any specification.]
2015-02-03_19-43-59-562 ### 18/341 ### Starting test for Input:LTL/coolant/coolant_basis_6_unsafe_sftyliveness.c Settings:settings/LtlSoftwareModelCheckingC.epf Toolchain:toolchains/LtlSoftwareModelCheckingC.xml
2015-02-03_19-44-03-891 Finishing test with SUCCESS for Input:LTL/coolant/coolant_basis_6_unsafe_sftyliveness.c Settings:settings/LtlSoftwareModelCheckingC.epf Toolchain:toolchains/LtlSoftwareModelCheckingC.xml: UNSAFE(Expected:UNSAFE): ExpectedResult: UNSAFE UltimateResult: UNSAFE   Violation of LTL property G((A ==> (B ==> F(C)))) 
2015-02-03_19-44-04-221 ### 19/341 ### Starting test for Input:LTL/koskinen/ltlcmodelchecker-benchmarks/01-exsec2.c Settings:settings/LtlSoftwareModelCheckingC.epf Toolchain:toolchains/LtlSoftwareModelCheckingC.xml
2015-02-03_19-44-04-281 Finishing test with SUCCESS for Input:LTL/koskinen/ltlcmodelchecker-benchmarks/01-exsec2.c Settings:settings/LtlSoftwareModelCheckingC.epf Toolchain:toolchains/LtlSoftwareModelCheckingC.xml: SAFE(Expected:SAFE): ExpectedResult: SAFE UltimateResult: SAFE   [ShortDescription: All specifications hold LongDescription: We were not able to verify any specifiation because the program does not contain any specification.]
2015-02-03_19-44-04-480 ### 20/341 ### Starting test for Input:LTL/koskinen/ltlcmodelchecker-benchmarks/02-fig8-2007.c Settings:settings/LtlSoftwareModelCheckingC.epf Toolchain:toolchains/LtlSoftwareModelCheckingC.xml
2015-02-03_19-44-04-623 Finishing test with SUCCESS for Input:LTL/koskinen/ltlcmodelchecker-benchmarks/02-fig8-2007.c Settings:settings/LtlSoftwareModelCheckingC.epf Toolchain:toolchains/LtlSoftwareModelCheckingC.xml: SAFE(Expected:SAFE): ExpectedResult: SAFE UltimateResult: SAFE   [ShortDescription: All specifications hold LongDescription: We were not able to verify any specifiation because the program does not contain any specification.]
2015-02-03_19-44-04-821 ### 21/341 ### Starting test for Input:LTL/koskinen/ltlcmodelchecker-benchmarks/03-toyacquirerelease.c Settings:settings/LtlSoftwareModelCheckingC.epf Toolchain:toolchains/LtlSoftwareModelCheckingC.xml
2015-02-03_19-44-04-934 Finishing test with SUCCESS for Input:LTL/koskinen/ltlcmodelchecker-benchmarks/03-toyacquirerelease.c Settings:settings/LtlSoftwareModelCheckingC.epf Toolchain:toolchains/LtlSoftwareModelCheckingC.xml: SAFE(Expected:SAFE): ExpectedResult: SAFE UltimateResult: SAFE   [ShortDescription: All specifications hold LongDescription: We were not able to verify any specifiation because the program does not contain any specification.]
2015-02-03_19-44-05-134 ### 22/341 ### Starting test for Input:LTL/koskinen/ltlcmodelchecker-benchmarks/04-toylinarith1.c Settings:settings/LtlSoftwareModelCheckingC.epf Toolchain:toolchains/LtlSoftwareModelCheckingC.xml
2015-02-03_19-44-05-350 Finishing test with SUCCESS for Input:LTL/koskinen/ltlcmodelchecker-benchmarks/04-toylinarith1.c Settings:settings/LtlSoftwareModelCheckingC.epf Toolchain:toolchains/LtlSoftwareModelCheckingC.xml: UNSAFE(Expected:UNSAFE): ExpectedResult: UNSAFE UltimateResult: UNSAFE   Violation of LTL property (A ==> F(B)) 
2015-02-03_19-44-05-580 ### 23/341 ### Starting test for Input:LTL/koskinen/ltlcmodelchecker-benchmarks/05-toylinarith2.c Settings:settings/LtlSoftwareModelCheckingC.epf Toolchain:toolchains/LtlSoftwareModelCheckingC.xml
2015-02-03_19-44-05-936 Finishing test with SUCCESS for Input:LTL/koskinen/ltlcmodelchecker-benchmarks/05-toylinarith2.c Settings:settings/LtlSoftwareModelCheckingC.epf Toolchain:toolchains/LtlSoftwareModelCheckingC.xml: SAFE(Expected:SAFE): ExpectedResult: SAFE UltimateResult: SAFE   [ShortDescription: All specifications hold LongDescription: We were not able to verify any specifiation because the program does not contain any specification.]
2015-02-03_19-44-06-185 ### 24/341 ### Starting test for Input:LTL/koskinen/ltlcmodelchecker-benchmarks/06-postgreSQL_strmsrv.c Settings:settings/LtlSoftwareModelCheckingC.epf Toolchain:toolchains/LtlSoftwareModelCheckingC.xml
2015-02-03_19-44-07-097 Finishing test with SUCCESS for Input:LTL/koskinen/ltlcmodelchecker-benchmarks/06-postgreSQL_strmsrv.c Settings:settings/LtlSoftwareModelCheckingC.epf Toolchain:toolchains/LtlSoftwareModelCheckingC.xml: SAFE(Expected:SAFE): ExpectedResult: SAFE UltimateResult: SAFE   [ShortDescription: All specifications hold LongDescription: We were not able to verify any specifiation because the program does not contain any specification.]
2015-02-03_19-44-07-357 ### 25/341 ### Starting test for Input:LTL/koskinen/ltlcmodelchecker-benchmarks/07-postgreSQL_strmsrv_wbug.c Settings:settings/LtlSoftwareModelCheckingC.epf Toolchain:toolchains/LtlSoftwareModelCheckingC.xml
2015-02-03_19-44-07-741 Finishing test with SUCCESS for Input:LTL/koskinen/ltlcmodelchecker-benchmarks/07-postgreSQL_strmsrv_wbug.c Settings:settings/LtlSoftwareModelCheckingC.epf Toolchain:toolchains/LtlSoftwareModelCheckingC.xml: SAFE(Expected:SAFE): ExpectedResult: SAFE UltimateResult: SAFE   [ShortDescription: All specifications hold LongDescription: We were not able to verify any specifiation because the program does not contain any specification.]
2015-02-03_19-44-07-973 ### 26/341 ### Starting test for Input:LTL/koskinen/ltlcmodelchecker-benchmarks/08-postgreSQL_pgarch.c Settings:settings/LtlSoftwareModelCheckingC.epf Toolchain:toolchains/LtlSoftwareModelCheckingC.xml
2015-02-03_19-44-08-218 Finishing test with SUCCESS for Input:LTL/koskinen/ltlcmodelchecker-benchmarks/08-postgreSQL_pgarch.c Settings:settings/LtlSoftwareModelCheckingC.epf Toolchain:toolchains/LtlSoftwareModelCheckingC.xml: UNSAFE(Expected:UNSAFE): ExpectedResult: UNSAFE UltimateResult: UNSAFE   Violation of LTL property F(G(A)) 
2015-02-03_19-44-08-458 ### 27/341 ### Starting test for Input:LTL/koskinen/ltlcmodelchecker-benchmarks/09-postgreSQL_dropbuf_prop1.c Settings:settings/LtlSoftwareModelCheckingC.epf Toolchain:toolchains/LtlSoftwareModelCheckingC.xml
2015-02-03_19-44-08-906 Finishing test with SUCCESS for Input:LTL/koskinen/ltlcmodelchecker-benchmarks/09-postgreSQL_dropbuf_prop1.c Settings:settings/LtlSoftwareModelCheckingC.epf Toolchain:toolchains/LtlSoftwareModelCheckingC.xml: SAFE(Expected:SAFE): ExpectedResult: SAFE UltimateResult: SAFE   [ShortDescription: All specifications hold LongDescription: We were not able to verify any specifiation because the program does not contain any specification.]
2015-02-03_19-44-09-162 ### 28/341 ### Starting test for Input:LTL/koskinen/ltlcmodelchecker-benchmarks/10-postgreSQL_dropbuf_prop2.c Settings:settings/LtlSoftwareModelCheckingC.epf Toolchain:toolchains/LtlSoftwareModelCheckingC.xml
2015-02-03_19-44-10-399 Finishing test with FAIL for Input:LTL/koskinen/ltlcmodelchecker-benchmarks/10-postgreSQL_dropbuf_prop2.c Settings:settings/LtlSoftwareModelCheckingC.epf Toolchain:toolchains/LtlSoftwareModelCheckingC.xml: EXCEPTION_OR_ERROR(Expected:SAFE): ExpectedResult: SAFE UltimateResult: EXCEPTION_OR_ERROR   [de.uni_freiburg.informatik.ultimate.plugins.generator.buchiautomizer: UnsupportedOperationException: function symbols not yet supported: de.uni_freiburg.informatik.ultimate.lassoranker.variables.LassoPartitioneer.addInOuAuxVar(LassoPartitioneer.java:247)]
2015-02-03_19-44-10-630 ### 29/341 ### Starting test for Input:LTL/koskinen/ltlcmodelchecker-benchmarks/11-apache_accept_liveness.c Settings:settings/LtlSoftwareModelCheckingC.epf Toolchain:toolchains/LtlSoftwareModelCheckingC.xml
2015-02-03_20-03-11-830 Finishing test with FAIL for Input:LTL/koskinen/ltlcmodelchecker-benchmarks/11-apache_accept_liveness.c Settings:settings/LtlSoftwareModelCheckingC.epf Toolchain:toolchains/LtlSoftwareModelCheckingC.xml: EXCEPTION_OR_ERROR(Expected:SAFE): ExpectedResult: SAFE UltimateResult: EXCEPTION_OR_ERROR   [de.uni_freiburg.informatik.ultimate.plugins.generator.buchiautomizer: OutOfMemoryError: GC overhead limit exceeded: java.util.HashMap.createEntry(HashMap.java:901)]
2015-02-03_20-03-12-088 ### 30/341 ### Starting test for Input:LTL/koskinen/ltlcmodelchecker-benchmarks/12-apache_progress.c Settings:settings/LtlSoftwareModelCheckingC.epf Toolchain:toolchains/LtlSoftwareModelCheckingC.xml
2015-02-03_20-03-12-402 Finishing test with FAIL for Input:LTL/koskinen/ltlcmodelchecker-benchmarks/12-apache_progress.c Settings:settings/LtlSoftwareModelCheckingC.epf Toolchain:toolchains/LtlSoftwareModelCheckingC.xml: EXCEPTION_OR_ERROR(Expected:UNKNOWN): Neither filename nor path nor first line contains a keyword that defines the expected result UltimateResult: [de.uni_freiburg.informatik.ultimate.ltl2aut: UnsupportedOperationException: Unfinished: de.uni_freiburg.informatik.ultimate.ltl2aut.LTL2autObserver.getIRS(LTL2autObserver.java:211)]
2015-02-03_20-03-12-678 ### 31/341 ### Starting test for Input:LTL/koskinen/ltlcmodelchecker-benchmarks/13-windows_os_frag1.c Settings:settings/LtlSoftwareModelCheckingC.epf Toolchain:toolchains/LtlSoftwareModelCheckingC.xml
2015-02-03_20-03-30-352 Finishing test with SUCCESS for Input:LTL/koskinen/ltlcmodelchecker-benchmarks/13-windows_os_frag1.c Settings:settings/LtlSoftwareModelCheckingC.epf Toolchain:toolchains/LtlSoftwareModelCheckingC.xml: SAFE(Expected:SAFE): ExpectedResult: SAFE UltimateResult: SAFE   [ShortDescription: All specifications hold LongDescription: We were not able to verify any specifiation because the program does not contain any specification.]
2015-02-03_20-03-30-875 ### 32/341 ### Starting test for Input:LTL/koskinen/ltlcmodelchecker-benchmarks/14-windows_os_frag2.c Settings:settings/LtlSoftwareModelCheckingC.epf Toolchain:toolchains/LtlSoftwareModelCheckingC.xml
2015-02-03_20-03-31-059 Finishing test with SUCCESS for Input:LTL/koskinen/ltlcmodelchecker-benchmarks/14-windows_os_frag2.c Settings:settings/LtlSoftwareModelCheckingC.epf Toolchain:toolchains/LtlSoftwareModelCheckingC.xml: SAFE(Expected:SAFE): ExpectedResult: SAFE UltimateResult: SAFE   [ShortDescription: All specifications hold LongDescription: We were not able to verify any specifiation because the program does not contain any specification.]
2015-02-03_20-03-31-475 ### 33/341 ### Starting test for Input:LTL/koskinen/ltlcmodelchecker-benchmarks/15-windows_os_frag2_wbug.c Settings:settings/LtlSoftwareModelCheckingC.epf Toolchain:toolchains/LtlSoftwareModelCheckingC.xml
2015-02-03_20-03-31-852 Finishing test with SUCCESS for Input:LTL/koskinen/ltlcmodelchecker-benchmarks/15-windows_os_frag2_wbug.c Settings:settings/LtlSoftwareModelCheckingC.epf Toolchain:toolchains/LtlSoftwareModelCheckingC.xml: UNSAFE(Expected:UNSAFE): ExpectedResult: UNSAFE UltimateResult: UNSAFE   Violation of LTL property G(F(A)) 
2015-02-03_20-03-32-115 ### 34/341 ### Starting test for Input:LTL/koskinen/ltlcmodelchecker-benchmarks/16-windows_os_frag3.c Settings:settings/LtlSoftwareModelCheckingC.epf Toolchain:toolchains/LtlSoftwareModelCheckingC.xml
2015-02-03_20-03-32-190 Finishing test with SUCCESS for Input:LTL/koskinen/ltlcmodelchecker-benchmarks/16-windows_os_frag3.c Settings:settings/LtlSoftwareModelCheckingC.epf Toolchain:toolchains/LtlSoftwareModelCheckingC.xml: SAFE(Expected:SAFE): ExpectedResult: SAFE UltimateResult: SAFE   [ShortDescription: All specifications hold LongDescription: We were not able to verify any specifiation because the program does not contain any specification.]
2015-02-03_20-03-32-452 ### 35/341 ### Starting test for Input:LTL/koskinen/ltlcmodelchecker-benchmarks/17-windows_os_frag4_prop1.c Settings:settings/LtlSoftwareModelCheckingC.epf Toolchain:toolchains/LtlSoftwareModelCheckingC.xml
2015-02-03_20-03-34-062 Finishing test with SUCCESS for Input:LTL/koskinen/ltlcmodelchecker-benchmarks/17-windows_os_frag4_prop1.c Settings:settings/LtlSoftwareModelCheckingC.epf Toolchain:toolchains/LtlSoftwareModelCheckingC.xml: SAFE(Expected:SAFE): ExpectedResult: SAFE UltimateResult: SAFE   [ShortDescription: All specifications hold LongDescription: We were not able to verify any specifiation because the program does not contain any specification.]
2015-02-03_20-03-34-322 ### 36/341 ### Starting test for Input:LTL/koskinen/ltlcmodelchecker-benchmarks/18-windows_os_frag4_prop2.c Settings:settings/LtlSoftwareModelCheckingC.epf Toolchain:toolchains/LtlSoftwareModelCheckingC.xml
2015-02-03_20-03-34-432 Finishing test with FAIL for Input:LTL/koskinen/ltlcmodelchecker-benchmarks/18-windows_os_frag4_prop2.c Settings:settings/LtlSoftwareModelCheckingC.epf Toolchain:toolchains/LtlSoftwareModelCheckingC.xml: EXCEPTION_OR_ERROR(Expected:UNKNOWN): Neither filename nor path nor first line contains a keyword that defines the expected result UltimateResult: [de.uni_freiburg.informatik.ultimate.ltl2aut: UnsupportedOperationException: Unfinished: de.uni_freiburg.informatik.ultimate.ltl2aut.LTL2autObserver.getIRS(LTL2autObserver.java:211)]
2015-02-03_20-03-34-741 ### 37/341 ### Starting test for Input:LTL/koskinen/ltlcmodelchecker-benchmarks/19-windows_os_frag5.c Settings:settings/LtlSoftwareModelCheckingC.epf Toolchain:toolchains/LtlSoftwareModelCheckingC.xml
2015-02-03_20-03-55-088 Finishing test with SUCCESS for Input:LTL/koskinen/ltlcmodelchecker-benchmarks/19-windows_os_frag5.c Settings:settings/LtlSoftwareModelCheckingC.epf Toolchain:toolchains/LtlSoftwareModelCheckingC.xml: SAFE(Expected:SAFE): ExpectedResult: SAFE UltimateResult: SAFE   [ShortDescription: All specifications hold LongDescription: We were not able to verify any specifiation because the program does not contain any specification.]
2015-02-03_20-03-55-478 ### 38/341 ### Starting test for Input:LTL/koskinen/ltlcmodelchecker-benchmarks/20-windows_os_frag6.c Settings:settings/LtlSoftwareModelCheckingC.epf Toolchain:toolchains/LtlSoftwareModelCheckingC.xml
2015-02-03_20-26-35-502 Finishing test with UNKNOWN for Input:LTL/koskinen/ltlcmodelchecker-benchmarks/20-windows_os_frag6.c Settings:settings/LtlSoftwareModelCheckingC.epf Toolchain:toolchains/LtlSoftwareModelCheckingC.xml: TIMEOUT(Expected:SAFE): ExpectedResult: SAFE UltimateResult: TIMEOUT   [ShortDescription: Timeout LongDescription: Timeout while trying to prove F(G(A))]
2015-02-03_20-26-35-873 ### 39/341 ### Starting test for Input:LTL/koskinen/ltlcmodelchecker-benchmarks/21-windows_os_frag6_wbug.c Settings:settings/LtlSoftwareModelCheckingC.epf Toolchain:toolchains/LtlSoftwareModelCheckingC.xml
2015-02-03_20-26-35-968 Finishing test with SUCCESS for Input:LTL/koskinen/ltlcmodelchecker-benchmarks/21-windows_os_frag6_wbug.c Settings:settings/LtlSoftwareModelCheckingC.epf Toolchain:toolchains/LtlSoftwareModelCheckingC.xml: UNSAFE(Expected:UNSAFE): ExpectedResult: UNSAFE UltimateResult: UNSAFE   Violation of LTL property F(G(A)) 
2015-02-03_20-26-36-247 ### 40/341 ### Starting test for Input:LTL/koskinen/ltlcmodelchecker-benchmarks/22-windows_os_frag7.c Settings:settings/LtlSoftwareModelCheckingC.epf Toolchain:toolchains/LtlSoftwareModelCheckingC.xml
2015-02-03_20-26-37-117 Finishing test with SUCCESS for Input:LTL/koskinen/ltlcmodelchecker-benchmarks/22-windows_os_frag7.c Settings:settings/LtlSoftwareModelCheckingC.epf Toolchain:toolchains/LtlSoftwareModelCheckingC.xml: SAFE(Expected:SAFE): ExpectedResult: SAFE UltimateResult: SAFE   [ShortDescription: All specifications hold LongDescription: We were not able to verify any specifiation because the program does not contain any specification.]
2015-02-03_20-26-37-411 ### 41/341 ### Starting test for Input:LTL/koskinen/ltlcmodelchecker-benchmarks/23-windows_os_frag8.c Settings:settings/LtlSoftwareModelCheckingC.epf Toolchain:toolchains/LtlSoftwareModelCheckingC.xml
2015-02-03_20-27-32-527 Finishing test with SUCCESS for Input:LTL/koskinen/ltlcmodelchecker-benchmarks/23-windows_os_frag8.c Settings:settings/LtlSoftwareModelCheckingC.epf Toolchain:toolchains/LtlSoftwareModelCheckingC.xml: SAFE(Expected:SAFE): ExpectedResult: SAFE UltimateResult: SAFE   [ShortDescription: All specifications hold LongDescription: We were not able to verify any specifiation because the program does not contain any specification.]
2015-02-03_20-27-33-477 ### 42/341 ### Starting test for Input:LTL/rers/P14/Problem14_prop_000.c Settings:settings/LtlSoftwareModelCheckingC.epf Toolchain:toolchains/LtlSoftwareModelCheckingC.xml
2015-02-03_20-27-42-189 Finishing test with SUCCESS for Input:LTL/rers/P14/Problem14_prop_000.c Settings:settings/LtlSoftwareModelCheckingC.epf Toolchain:toolchains/LtlSoftwareModelCheckingC.xml: SAFE(Expected:SAFE): ExpectedResult: SAFE UltimateResult: SAFE   [ShortDescription: All specifications hold LongDescription: We were not able to verify any specifiation because the program does not contain any specification.]
2015-02-03_20-27-42-557 ### 43/341 ### Starting test for Input:LTL/rers/P14/Problem14_prop_001.c Settings:settings/LtlSoftwareModelCheckingC.epf Toolchain:toolchains/LtlSoftwareModelCheckingC.xml
2015-02-03_20-34-00-465 Finishing test with FAIL for Input:LTL/rers/P14/Problem14_prop_001.c Settings:settings/LtlSoftwareModelCheckingC.epf Toolchain:toolchains/LtlSoftwareModelCheckingC.xml: EXCEPTION_OR_ERROR(Expected:SAFE): ExpectedResult: SAFE UltimateResult: EXCEPTION_OR_ERROR   [de.uni_freiburg.informatik.ultimate.buchiprogramproduct: StackOverflowError: null: de.uni_freiburg.informatik.ultimate.model.boogie.output.BoogieOutput.appendExpression(BoogieOutput.java:228)]
2015-02-03_20-34-00-809 ### 44/341 ### Starting test for Input:LTL/rers/P14/Problem14_prop_002.c Settings:settings/LtlSoftwareModelCheckingC.epf Toolchain:toolchains/LtlSoftwareModelCheckingC.xml
2015-02-03_20-34-23-142 Finishing test with FAIL for Input:LTL/rers/P14/Problem14_prop_002.c Settings:settings/LtlSoftwareModelCheckingC.epf Toolchain:toolchains/LtlSoftwareModelCheckingC.xml: UNSAFE(Expected:SAFE): ExpectedResult: SAFE UltimateResult: UNSAFE   Violation of LTL property G((A || F(B))) 
2015-02-03_20-34-23-638 ### 45/341 ### Starting test for Input:LTL/rers/P14/Problem14_prop_003.c Settings:settings/LtlSoftwareModelCheckingC.epf Toolchain:toolchains/LtlSoftwareModelCheckingC.xml
2015-02-03_20-40-38-166 Finishing test with FAIL for Input:LTL/rers/P14/Problem14_prop_003.c Settings:settings/LtlSoftwareModelCheckingC.epf Toolchain:toolchains/LtlSoftwareModelCheckingC.xml: EXCEPTION_OR_ERROR(Expected:SAFE): ExpectedResult: SAFE UltimateResult: EXCEPTION_OR_ERROR   [de.uni_freiburg.informatik.ultimate.buchiprogramproduct: StackOverflowError: null: de.uni_freiburg.informatik.ultimate.model.boogie.output.BoogieOutput.appendExpression(BoogieOutput.java:228)]
2015-02-03_20-40-38-477 ### 46/341 ### Starting test for Input:LTL/rers/P14/Problem14_prop_004.c Settings:settings/LtlSoftwareModelCheckingC.epf Toolchain:toolchains/LtlSoftwareModelCheckingC.xml
2015-02-03_20-42-16-273 Finishing test with SUCCESS for Input:LTL/rers/P14/Problem14_prop_004.c Settings:settings/LtlSoftwareModelCheckingC.epf Toolchain:toolchains/LtlSoftwareModelCheckingC.xml: UNSAFE(Expected:UNSAFE): ExpectedResult: UNSAFE UltimateResult: UNSAFE   Violation of LTL property G((A || G(B))) 
2015-02-03_20-42-17-612 ### 47/341 ### Starting test for Input:LTL/rers/P14/Problem14_prop_005.c Settings:settings/LtlSoftwareModelCheckingC.epf Toolchain:toolchains/LtlSoftwareModelCheckingC.xml
2015-02-03_20-44-14-887 Finishing test with FAIL for Input:LTL/rers/P14/Problem14_prop_005.c Settings:settings/LtlSoftwareModelCheckingC.epf Toolchain:toolchains/LtlSoftwareModelCheckingC.xml: NO_RESULT(Expected:UNSAFE): ExpectedResult: UNSAFE UltimateResult: NO_RESULT   NO_RESULT
2015-02-03_20-44-15-567 ### 48/341 ### Starting test for Input:LTL/rers/P14/Problem14_prop_006.c Settings:settings/LtlSoftwareModelCheckingC.epf Toolchain:toolchains/LtlSoftwareModelCheckingC.xml
2015-02-03_20-48-02-951 Finishing test with SUCCESS for Input:LTL/rers/P14/Problem14_prop_006.c Settings:settings/LtlSoftwareModelCheckingC.epf Toolchain:toolchains/LtlSoftwareModelCheckingC.xml: UNSAFE(Expected:UNSAFE): ExpectedResult: UNSAFE UltimateResult: UNSAFE   Violation of LTL property G((A || G(B))) 
2015-02-03_20-48-04-417 ### 49/341 ### Starting test for Input:LTL/rers/P14/Problem14_prop_007.c Settings:settings/LtlSoftwareModelCheckingC.epf Toolchain:toolchains/LtlSoftwareModelCheckingC.xml
2015-02-03_20-48-21-466 Finishing test with SUCCESS for Input:LTL/rers/P14/Problem14_prop_007.c Settings:settings/LtlSoftwareModelCheckingC.epf Toolchain:toolchains/LtlSoftwareModelCheckingC.xml: SAFE(Expected:SAFE): ExpectedResult: SAFE UltimateResult: SAFE   [ShortDescription: All specifications hold LongDescription: We were not able to verify any specifiation because the program does not contain any specification.]
2015-02-03_20-48-21-870 ### 50/341 ### Starting test for Input:LTL/rers/P14/Problem14_prop_008.c Settings:settings/LtlSoftwareModelCheckingC.epf Toolchain:toolchains/LtlSoftwareModelCheckingC.xml
2015-02-03_20-51-44-259 Finishing test with SUCCESS for Input:LTL/rers/P14/Problem14_prop_008.c Settings:settings/LtlSoftwareModelCheckingC.epf Toolchain:toolchains/LtlSoftwareModelCheckingC.xml: UNSAFE(Expected:UNSAFE): ExpectedResult: UNSAFE UltimateResult: UNSAFE   Violation of LTL property G((!((A && F(B))) || (C U B))) 
2015-02-03_20-51-45-777 ### 51/341 ### Starting test for Input:LTL/rers/P14/Problem14_prop_009.c Settings:settings/LtlSoftwareModelCheckingC.epf Toolchain:toolchains/LtlSoftwareModelCheckingC.xml
2015-02-03_20-53-51-898 Finishing test with SUCCESS for Input:LTL/rers/P14/Problem14_prop_009.c Settings:settings/LtlSoftwareModelCheckingC.epf Toolchain:toolchains/LtlSoftwareModelCheckingC.xml: UNSAFE(Expected:UNSAFE): ExpectedResult: UNSAFE UltimateResult: UNSAFE   Violation of LTL property G((!((A && F(B))) || (C U B))) 
2015-02-03_20-53-53-634 ### 52/341 ### Starting test for Input:LTL/rers/P14/Problem14_prop_010.c Settings:settings/LtlSoftwareModelCheckingC.epf Toolchain:toolchains/LtlSoftwareModelCheckingC.xml
2015-02-03_20-54-24-091 Finishing test with FAIL for Input:LTL/rers/P14/Problem14_prop_010.c Settings:settings/LtlSoftwareModelCheckingC.epf Toolchain:toolchains/LtlSoftwareModelCheckingC.xml: UNSAFE(Expected:SAFE): ExpectedResult: SAFE UltimateResult: UNSAFE   Violation of LTL property (G(A) || F((B && F(C)))) 
2015-02-03_20-54-24-487 ### 53/341 ### Starting test for Input:LTL/rers/P14/Problem14_prop_011.c Settings:settings/LtlSoftwareModelCheckingC.epf Toolchain:toolchains/LtlSoftwareModelCheckingC.xml
2015-02-03_20-55-06-762 Finishing test with SUCCESS for Input:LTL/rers/P14/Problem14_prop_011.c Settings:settings/LtlSoftwareModelCheckingC.epf Toolchain:toolchains/LtlSoftwareModelCheckingC.xml: SAFE(Expected:SAFE): ExpectedResult: SAFE UltimateResult: SAFE   [ShortDescription: All specifications hold LongDescription: We were not able to verify any specifiation because the program does not contain any specification.]
2015-02-03_20-55-07-194 ### 54/341 ### Starting test for Input:LTL/rers/P14/Problem14_prop_012.c Settings:settings/LtlSoftwareModelCheckingC.epf Toolchain:toolchains/LtlSoftwareModelCheckingC.xml
2015-02-03_20-55-17-182 Finishing test with SUCCESS for Input:LTL/rers/P14/Problem14_prop_012.c Settings:settings/LtlSoftwareModelCheckingC.epf Toolchain:toolchains/LtlSoftwareModelCheckingC.xml: SAFE(Expected:SAFE): ExpectedResult: SAFE UltimateResult: SAFE   [ShortDescription: All specifications hold LongDescription: We were not able to verify any specifiation because the program does not contain any specification.]
2015-02-03_20-55-17-543 ### 55/341 ### Starting test for Input:LTL/rers/P14/Problem14_prop_013.c Settings:settings/LtlSoftwareModelCheckingC.epf Toolchain:toolchains/LtlSoftwareModelCheckingC.xml
2015-02-03_20-55-26-764 Finishing test with SUCCESS for Input:LTL/rers/P14/Problem14_prop_013.c Settings:settings/LtlSoftwareModelCheckingC.epf Toolchain:toolchains/LtlSoftwareModelCheckingC.xml: SAFE(Expected:SAFE): ExpectedResult: SAFE UltimateResult: SAFE   [ShortDescription: All specifications hold LongDescription: We were not able to verify any specifiation because the program does not contain any specification.]
2015-02-03_20-55-27-140 ### 56/341 ### Starting test for Input:LTL/rers/P14/Problem14_prop_014.c Settings:settings/LtlSoftwareModelCheckingC.epf Toolchain:toolchains/LtlSoftwareModelCheckingC.xml
2015-02-03_20-56-05-815 Finishing test with SUCCESS for Input:LTL/rers/P14/Problem14_prop_014.c Settings:settings/LtlSoftwareModelCheckingC.epf Toolchain:toolchains/LtlSoftwareModelCheckingC.xml: UNSAFE(Expected:UNSAFE): ExpectedResult: UNSAFE UltimateResult: UNSAFE   Violation of LTL property (!(F(A)) || (B U C)) 
2015-02-03_20-56-06-219 ### 57/341 ### Starting test for Input:LTL/rers/P14/Problem14_prop_015.c Settings:settings/LtlSoftwareModelCheckingC.epf Toolchain:toolchains/LtlSoftwareModelCheckingC.xml
2015-02-03_20-56-18-450 Finishing test with FAIL for Input:LTL/rers/P14/Problem14_prop_015.c Settings:settings/LtlSoftwareModelCheckingC.epf Toolchain:toolchains/LtlSoftwareModelCheckingC.xml: EXCEPTION_OR_ERROR(Expected:UNSAFE): ExpectedResult: UNSAFE UltimateResult: EXCEPTION_OR_ERROR   [de.uni_freiburg.informatik.ultimate.plugins.generator.buchiautomizer: AssertionError: TermException de.uni_freiburg.informatik.ultimate.lassoranker.exceptions.UnknownFunctionException: Unknown function symbol: ite @term: (ite (<= (+ (+ |v_div_aux(+ (- v_mod_auxv_~a12_530826_1 26) (- 1))5_1| 1) 1) 0) (+ |v_div_aux(ite (< (+ (- v_mod_auxv_~a12_530826_1 26) (- 1)) 0) (+ v_div_aux(+ (- v_mod_auxv_~a12_530826_1 26) (- 1))5_1 1) v_div_aux(+ (- v_mod_auxv_~a12_530826_1 26) (- 1))5_1)5_1| 1) |v_div_aux(ite (< (+ (- v_mod_auxv_~a12_530826_1 26) (- 1)) 0) (+ v_div_aux(+ (- v_mod_auxv_~a12_530826_1 26) (- 1))5_1 1) v_div_aux(+ (- v_mod_auxv_~a12_530826_1 26) (- 1))5_1)5_1|): de.uni_freiburg.informatik.ultimate.plugins.generator.buchiautomizer.LassoChecker.synthesize(LassoChecker.java:604)]
2015-02-03_20-56-18-851 ### 58/341 ### Starting test for Input:LTL/rers/P14/Problem14_prop_016.c Settings:settings/LtlSoftwareModelCheckingC.epf Toolchain:toolchains/LtlSoftwareModelCheckingC.xml
2015-02-03_20-56-44-152 Finishing test with SUCCESS for Input:LTL/rers/P14/Problem14_prop_016.c Settings:settings/LtlSoftwareModelCheckingC.epf Toolchain:toolchains/LtlSoftwareModelCheckingC.xml: SAFE(Expected:SAFE): ExpectedResult: SAFE UltimateResult: SAFE   [ShortDescription: All specifications hold LongDescription: We were not able to verify any specifiation because the program does not contain any specification.]
2015-02-03_20-56-44-609 ### 59/341 ### Starting test for Input:LTL/rers/P14/Problem14_prop_017.c Settings:settings/LtlSoftwareModelCheckingC.epf Toolchain:toolchains/LtlSoftwareModelCheckingC.xml
2015-02-03_20-57-02-197 Finishing test with SUCCESS for Input:LTL/rers/P14/Problem14_prop_017.c Settings:settings/LtlSoftwareModelCheckingC.epf Toolchain:toolchains/LtlSoftwareModelCheckingC.xml: UNSAFE(Expected:UNSAFE): ExpectedResult: UNSAFE UltimateResult: UNSAFE   Violation of LTL property ((A U B) || G(A)) 
2015-02-03_20-57-02-584 ### 60/341 ### Starting test for Input:LTL/rers/P14/Problem14_prop_018.c Settings:settings/LtlSoftwareModelCheckingC.epf Toolchain:toolchains/LtlSoftwareModelCheckingC.xml
2015-02-03_20-57-20-950 Finishing test with SUCCESS for Input:LTL/rers/P14/Problem14_prop_018.c Settings:settings/LtlSoftwareModelCheckingC.epf Toolchain:toolchains/LtlSoftwareModelCheckingC.xml: SAFE(Expected:SAFE): ExpectedResult: SAFE UltimateResult: SAFE   [ShortDescription: All specifications hold LongDescription: We were not able to verify any specifiation because the program does not contain any specification.]
2015-02-03_20-57-21-345 ### 61/341 ### Starting test for Input:LTL/rers/P14/Problem14_prop_019.c Settings:settings/LtlSoftwareModelCheckingC.epf Toolchain:toolchains/LtlSoftwareModelCheckingC.xml
2015-02-03_20-58-24-589 Finishing test with SUCCESS for Input:LTL/rers/P14/Problem14_prop_019.c Settings:settings/LtlSoftwareModelCheckingC.epf Toolchain:toolchains/LtlSoftwareModelCheckingC.xml: UNSAFE(Expected:UNSAFE): ExpectedResult: UNSAFE UltimateResult: UNSAFE   Violation of LTL property G((A || F(B))) 
2015-02-03_20-58-24-964 ### 62/341 ### Starting test for Input:LTL/rers/P14/Problem14_prop_020.c Settings:settings/LtlSoftwareModelCheckingC.epf Toolchain:toolchains/LtlSoftwareModelCheckingC.xml
2015-02-03_20-59-18-891 Finishing test with SUCCESS for Input:LTL/rers/P14/Problem14_prop_020.c Settings:settings/LtlSoftwareModelCheckingC.epf Toolchain:toolchains/LtlSoftwareModelCheckingC.xml: UNSAFE(Expected:UNSAFE): ExpectedResult: UNSAFE UltimateResult: UNSAFE   Violation of LTL property G(A) 
2015-02-03_20-59-20-271 ### 63/341 ### Starting test for Input:LTL/rers/P14/Problem14_prop_021.c Settings:settings/LtlSoftwareModelCheckingC.epf Toolchain:toolchains/LtlSoftwareModelCheckingC.xml
2015-02-03_21-03-38-242 Finishing test with SUCCESS for Input:LTL/rers/P14/Problem14_prop_021.c Settings:settings/LtlSoftwareModelCheckingC.epf Toolchain:toolchains/LtlSoftwareModelCheckingC.xml: UNSAFE(Expected:UNSAFE): ExpectedResult: UNSAFE UltimateResult: UNSAFE   Violation of LTL property G((A || ((B U C) || G(B)))) 
2015-02-03_21-03-39-901 ### 64/341 ### Starting test for Input:LTL/rers/P14/Problem14_prop_022.c Settings:settings/LtlSoftwareModelCheckingC.epf Toolchain:toolchains/LtlSoftwareModelCheckingC.xml
2015-02-03_21-24-28-000 Finishing test with UNKNOWN for Input:LTL/rers/P14/Problem14_prop_022.c Settings:settings/LtlSoftwareModelCheckingC.epf Toolchain:toolchains/LtlSoftwareModelCheckingC.xml: TIMEOUT(Expected:UNSAFE): ExpectedResult: UNSAFE UltimateResult: TIMEOUT   [ShortDescription: Timeout LongDescription: Timout or Toolchain cancelled by user]
2015-02-03_21-24-34-491 ### 65/341 ### Starting test for Input:LTL/rers/P14/Problem14_prop_023.c Settings:settings/LtlSoftwareModelCheckingC.epf Toolchain:toolchains/LtlSoftwareModelCheckingC.xml
2015-02-03_21-24-54-834 Finishing test with SUCCESS for Input:LTL/rers/P14/Problem14_prop_023.c Settings:settings/LtlSoftwareModelCheckingC.epf Toolchain:toolchains/LtlSoftwareModelCheckingC.xml: SAFE(Expected:SAFE): ExpectedResult: SAFE UltimateResult: SAFE   [ShortDescription: All specifications hold LongDescription: We were not able to verify any specifiation because the program does not contain any specification.]
2015-02-03_21-24-55-272 ### 66/341 ### Starting test for Input:LTL/rers/P14/Problem14_prop_024.c Settings:settings/LtlSoftwareModelCheckingC.epf Toolchain:toolchains/LtlSoftwareModelCheckingC.xml
2015-02-03_21-25-27-755 Finishing test with SUCCESS for Input:LTL/rers/P14/Problem14_prop_024.c Settings:settings/LtlSoftwareModelCheckingC.epf Toolchain:toolchains/LtlSoftwareModelCheckingC.xml: SAFE(Expected:SAFE): ExpectedResult: SAFE UltimateResult: SAFE   [ShortDescription: All specifications hold LongDescription: We were not able to verify any specifiation because the program does not contain any specification.]
2015-02-03_21-25-28-169 ### 67/341 ### Starting test for Input:LTL/rers/P14/Problem14_prop_025.c Settings:settings/LtlSoftwareModelCheckingC.epf Toolchain:toolchains/LtlSoftwareModelCheckingC.xml
2015-02-03_21-25-45-874 Finishing test with SUCCESS for Input:LTL/rers/P14/Problem14_prop_025.c Settings:settings/LtlSoftwareModelCheckingC.epf Toolchain:toolchains/LtlSoftwareModelCheckingC.xml: SAFE(Expected:SAFE): ExpectedResult: SAFE UltimateResult: SAFE   [ShortDescription: All specifications hold LongDescription: We were not able to verify any specifiation because the program does not contain any specification.]
2015-02-03_21-25-46-277 ### 68/341 ### Starting test for Input:LTL/rers/P14/Problem14_prop_026.c Settings:settings/LtlSoftwareModelCheckingC.epf Toolchain:toolchains/LtlSoftwareModelCheckingC.xml
2015-02-03_21-28-11-150 Finishing test with SUCCESS for Input:LTL/rers/P14/Problem14_prop_026.c Settings:settings/LtlSoftwareModelCheckingC.epf Toolchain:toolchains/LtlSoftwareModelCheckingC.xml: SAFE(Expected:SAFE): ExpectedResult: SAFE UltimateResult: SAFE   [ShortDescription: All specifications hold LongDescription: We were not able to verify any specifiation because the program does not contain any specification.]
2015-02-03_21-28-11-634 ### 69/341 ### Starting test for Input:LTL/rers/P14/Problem14_prop_027.c Settings:settings/LtlSoftwareModelCheckingC.epf Toolchain:toolchains/LtlSoftwareModelCheckingC.xml
2015-02-03_21-29-48-564 Finishing test with SUCCESS for Input:LTL/rers/P14/Problem14_prop_027.c Settings:settings/LtlSoftwareModelCheckingC.epf Toolchain:toolchains/LtlSoftwareModelCheckingC.xml: UNSAFE(Expected:UNSAFE): ExpectedResult: UNSAFE UltimateResult: UNSAFE   Violation of LTL property ((A U B) || G(A)) 
2015-02-03_21-29-50-103 ### 70/341 ### Starting test for Input:LTL/rers/P14/Problem14_prop_028.c Settings:settings/LtlSoftwareModelCheckingC.epf Toolchain:toolchains/LtlSoftwareModelCheckingC.xml
2015-02-03_21-33-58-489 Finishing test with SUCCESS for Input:LTL/rers/P14/Problem14_prop_028.c Settings:settings/LtlSoftwareModelCheckingC.epf Toolchain:toolchains/LtlSoftwareModelCheckingC.xml: UNSAFE(Expected:UNSAFE): ExpectedResult: UNSAFE UltimateResult: UNSAFE   Violation of LTL property ((A U ((B U ((A U ((B U G(A)) || G(B))) || G(A))) || G(B))) || G(A)) 
2015-02-03_21-33-58-882 ### 71/341 ### Starting test for Input:LTL/rers/P14/Problem14_prop_029.c Settings:settings/LtlSoftwareModelCheckingC.epf Toolchain:toolchains/LtlSoftwareModelCheckingC.xml
2015-02-03_21-35-04-689 Finishing test with SUCCESS for Input:LTL/rers/P14/Problem14_prop_029.c Settings:settings/LtlSoftwareModelCheckingC.epf Toolchain:toolchains/LtlSoftwareModelCheckingC.xml: UNSAFE(Expected:UNSAFE): ExpectedResult: UNSAFE UltimateResult: UNSAFE   Violation of LTL property G((A || (B U C))) 
2015-02-03_21-35-05-114 ### 72/341 ### Starting test for Input:LTL/rers/P14/Problem14_prop_030.c Settings:settings/LtlSoftwareModelCheckingC.epf Toolchain:toolchains/LtlSoftwareModelCheckingC.xml
2015-02-03_21-35-14-449 Finishing test with SUCCESS for Input:LTL/rers/P14/Problem14_prop_030.c Settings:settings/LtlSoftwareModelCheckingC.epf Toolchain:toolchains/LtlSoftwareModelCheckingC.xml: SAFE(Expected:SAFE): ExpectedResult: SAFE UltimateResult: SAFE   [ShortDescription: All specifications hold LongDescription: We were not able to verify any specifiation because the program does not contain any specification.]
2015-02-03_21-35-14-825 ### 73/341 ### Starting test for Input:LTL/rers/P14/Problem14_prop_031.c Settings:settings/LtlSoftwareModelCheckingC.epf Toolchain:toolchains/LtlSoftwareModelCheckingC.xml
2015-02-03_21-48-01-800 Finishing test with SUCCESS for Input:LTL/rers/P14/Problem14_prop_031.c Settings:settings/LtlSoftwareModelCheckingC.epf Toolchain:toolchains/LtlSoftwareModelCheckingC.xml: SAFE(Expected:SAFE): ExpectedResult: SAFE UltimateResult: SAFE   [ShortDescription: All specifications hold LongDescription: We were not able to verify any specifiation because the program does not contain any specification.]
2015-02-03_21-48-02-222 ### 74/341 ### Starting test for Input:LTL/rers/P14/Problem14_prop_032.c Settings:settings/LtlSoftwareModelCheckingC.epf Toolchain:toolchains/LtlSoftwareModelCheckingC.xml
2015-02-03_21-48-11-788 Finishing test with SUCCESS for Input:LTL/rers/P14/Problem14_prop_032.c Settings:settings/LtlSoftwareModelCheckingC.epf Toolchain:toolchains/LtlSoftwareModelCheckingC.xml: SAFE(Expected:SAFE): ExpectedResult: SAFE UltimateResult: SAFE   [ShortDescription: All specifications hold LongDescription: We were not able to verify any specifiation because the program does not contain any specification.]
2015-02-03_21-48-12-187 ### 75/341 ### Starting test for Input:LTL/rers/P14/Problem14_prop_033.c Settings:settings/LtlSoftwareModelCheckingC.epf Toolchain:toolchains/LtlSoftwareModelCheckingC.xml
2015-02-03_22-08-53-947 Finishing test with UNKNOWN for Input:LTL/rers/P14/Problem14_prop_033.c Settings:settings/LtlSoftwareModelCheckingC.epf Toolchain:toolchains/LtlSoftwareModelCheckingC.xml: TIMEOUT(Expected:UNSAFE): ExpectedResult: UNSAFE UltimateResult: TIMEOUT   [ShortDescription: Timeout LongDescription: Timout or Toolchain cancelled by user]
2015-02-03_22-09-01-795 ### 76/341 ### Starting test for Input:LTL/rers/P14/Problem14_prop_034.c Settings:settings/LtlSoftwareModelCheckingC.epf Toolchain:toolchains/LtlSoftwareModelCheckingC.xml
2015-02-03_22-11-52-435 Finishing test with SUCCESS for Input:LTL/rers/P14/Problem14_prop_034.c Settings:settings/LtlSoftwareModelCheckingC.epf Toolchain:toolchains/LtlSoftwareModelCheckingC.xml: UNSAFE(Expected:UNSAFE): ExpectedResult: UNSAFE UltimateResult: UNSAFE   Violation of LTL property ((A U B) || G(A)) 
2015-02-03_22-11-54-047 ### 77/341 ### Starting test for Input:LTL/rers/P14/Problem14_prop_035.c Settings:settings/LtlSoftwareModelCheckingC.epf Toolchain:toolchains/LtlSoftwareModelCheckingC.xml
2015-02-03_22-13-06-018 Finishing test with SUCCESS for Input:LTL/rers/P14/Problem14_prop_035.c Settings:settings/LtlSoftwareModelCheckingC.epf Toolchain:toolchains/LtlSoftwareModelCheckingC.xml: UNSAFE(Expected:UNSAFE): ExpectedResult: UNSAFE UltimateResult: UNSAFE   Violation of LTL property G(A) 
2015-02-03_22-13-07-314 ### 78/341 ### Starting test for Input:LTL/rers/P14/Problem14_prop_036.c Settings:settings/LtlSoftwareModelCheckingC.epf Toolchain:toolchains/LtlSoftwareModelCheckingC.xml
2015-02-03_22-19-24-924 Finishing test with FAIL for Input:LTL/rers/P14/Problem14_prop_036.c Settings:settings/LtlSoftwareModelCheckingC.epf Toolchain:toolchains/LtlSoftwareModelCheckingC.xml: EXCEPTION_OR_ERROR(Expected:UNSAFE): ExpectedResult: UNSAFE UltimateResult: EXCEPTION_OR_ERROR   [de.uni_freiburg.informatik.ultimate.buchiprogramproduct: StackOverflowError: null: de.uni_freiburg.informatik.ultimate.model.boogie.output.BoogieOutput.appendExpression(BoogieOutput.java:228)]
2015-02-03_22-19-25-260 ### 79/341 ### Starting test for Input:LTL/rers/P14/Problem14_prop_037.c Settings:settings/LtlSoftwareModelCheckingC.epf Toolchain:toolchains/LtlSoftwareModelCheckingC.xml
2015-02-03_22-19-37-046 Finishing test with FAIL for Input:LTL/rers/P14/Problem14_prop_037.c Settings:settings/LtlSoftwareModelCheckingC.epf Toolchain:toolchains/LtlSoftwareModelCheckingC.xml: EXCEPTION_OR_ERROR(Expected:UNSAFE): ExpectedResult: UNSAFE UltimateResult: EXCEPTION_OR_ERROR   [de.uni_freiburg.informatik.ultimate.plugins.generator.buchiautomizer: SMTLIBException: generated interpolants did not pass sanity check: de.uni_freiburg.informatik.ultimate.smtinterpol.smtlib2.SMTInterpol.getInterpolants(SMTInterpol.java:1294)]
2015-02-03_22-19-37-513 ### 80/341 ### Starting test for Input:LTL/rers/P14/Problem14_prop_038.c Settings:settings/LtlSoftwareModelCheckingC.epf Toolchain:toolchains/LtlSoftwareModelCheckingC.xml
2015-02-03_22-21-34-711 Finishing test with SUCCESS for Input:LTL/rers/P14/Problem14_prop_038.c Settings:settings/LtlSoftwareModelCheckingC.epf Toolchain:toolchains/LtlSoftwareModelCheckingC.xml: SAFE(Expected:SAFE): ExpectedResult: SAFE UltimateResult: SAFE   [ShortDescription: All specifications hold LongDescription: We were not able to verify any specifiation because the program does not contain any specification.]
2015-02-03_22-21-35-592 ### 81/341 ### Starting test for Input:LTL/rers/P14/Problem14_prop_039.c Settings:settings/LtlSoftwareModelCheckingC.epf Toolchain:toolchains/LtlSoftwareModelCheckingC.xml
2015-02-03_22-24-09-375 Finishing test with SUCCESS for Input:LTL/rers/P14/Problem14_prop_039.c Settings:settings/LtlSoftwareModelCheckingC.epf Toolchain:toolchains/LtlSoftwareModelCheckingC.xml: SAFE(Expected:SAFE): ExpectedResult: SAFE UltimateResult: SAFE   [ShortDescription: All specifications hold LongDescription: We were not able to verify any specifiation because the program does not contain any specification.]
2015-02-03_22-24-09-805 ### 82/341 ### Starting test for Input:LTL/rers/P14/Problem14_prop_040.c Settings:settings/LtlSoftwareModelCheckingC.epf Toolchain:toolchains/LtlSoftwareModelCheckingC.xml
2015-02-03_22-25-59-370 Finishing test with SUCCESS for Input:LTL/rers/P14/Problem14_prop_040.c Settings:settings/LtlSoftwareModelCheckingC.epf Toolchain:toolchains/LtlSoftwareModelCheckingC.xml: UNSAFE(Expected:UNSAFE): ExpectedResult: UNSAFE UltimateResult: UNSAFE   Violation of LTL property ((A U B) || G(A)) 
2015-02-03_22-26-00-620 ### 83/341 ### Starting test for Input:LTL/rers/P14/Problem14_prop_041.c Settings:settings/LtlSoftwareModelCheckingC.epf Toolchain:toolchains/LtlSoftwareModelCheckingC.xml
2015-02-03_22-28-35-997 Finishing test with SUCCESS for Input:LTL/rers/P14/Problem14_prop_041.c Settings:settings/LtlSoftwareModelCheckingC.epf Toolchain:toolchains/LtlSoftwareModelCheckingC.xml: UNSAFE(Expected:UNSAFE): ExpectedResult: UNSAFE UltimateResult: UNSAFE   Violation of LTL property G((A || (B U C))) 
2015-02-03_22-28-37-599 ### 84/341 ### Starting test for Input:LTL/rers/P14/Problem14_prop_042.c Settings:settings/LtlSoftwareModelCheckingC.epf Toolchain:toolchains/LtlSoftwareModelCheckingC.xml
2015-02-03_22-30-18-709 Finishing test with SUCCESS for Input:LTL/rers/P14/Problem14_prop_042.c Settings:settings/LtlSoftwareModelCheckingC.epf Toolchain:toolchains/LtlSoftwareModelCheckingC.xml: UNSAFE(Expected:UNSAFE): ExpectedResult: UNSAFE UltimateResult: UNSAFE   Violation of LTL property G(A) 
2015-02-03_22-30-20-058 ### 85/341 ### Starting test for Input:LTL/rers/P14/Problem14_prop_043.c Settings:settings/LtlSoftwareModelCheckingC.epf Toolchain:toolchains/LtlSoftwareModelCheckingC.xml
2015-02-03_22-30-29-269 Finishing test with SUCCESS for Input:LTL/rers/P14/Problem14_prop_043.c Settings:settings/LtlSoftwareModelCheckingC.epf Toolchain:toolchains/LtlSoftwareModelCheckingC.xml: SAFE(Expected:SAFE): ExpectedResult: SAFE UltimateResult: SAFE   [ShortDescription: All specifications hold LongDescription: We were not able to verify any specifiation because the program does not contain any specification.]
2015-02-03_22-30-29-723 ### 86/341 ### Starting test for Input:LTL/rers/P14/Problem14_prop_044.c Settings:settings/LtlSoftwareModelCheckingC.epf Toolchain:toolchains/LtlSoftwareModelCheckingC.xml
2015-02-03_22-31-52-389 Finishing test with SUCCESS for Input:LTL/rers/P14/Problem14_prop_044.c Settings:settings/LtlSoftwareModelCheckingC.epf Toolchain:toolchains/LtlSoftwareModelCheckingC.xml: UNSAFE(Expected:UNSAFE): ExpectedResult: UNSAFE UltimateResult: UNSAFE   Violation of LTL property (!(F(A)) || (B U C)) 
2015-02-03_22-31-53-921 ### 87/341 ### Starting test for Input:LTL/rers/P14/Problem14_prop_045.c Settings:settings/LtlSoftwareModelCheckingC.epf Toolchain:toolchains/LtlSoftwareModelCheckingC.xml
2015-02-03_22-35-40-494 Finishing test with SUCCESS for Input:LTL/rers/P14/Problem14_prop_045.c Settings:settings/LtlSoftwareModelCheckingC.epf Toolchain:toolchains/LtlSoftwareModelCheckingC.xml: UNSAFE(Expected:UNSAFE): ExpectedResult: UNSAFE UltimateResult: UNSAFE   Violation of LTL property G((!((A && F(B))) || (C U B))) 
2015-02-03_22-35-42-182 ### 88/341 ### Starting test for Input:LTL/rers/P14/Problem14_prop_046.c Settings:settings/LtlSoftwareModelCheckingC.epf Toolchain:toolchains/LtlSoftwareModelCheckingC.xml
2015-02-03_22-38-49-981 Finishing test with SUCCESS for Input:LTL/rers/P14/Problem14_prop_046.c Settings:settings/LtlSoftwareModelCheckingC.epf Toolchain:toolchains/LtlSoftwareModelCheckingC.xml: UNSAFE(Expected:UNSAFE): ExpectedResult: UNSAFE UltimateResult: UNSAFE   Violation of LTL property G((A || G(B))) 
2015-02-03_22-38-51-567 ### 89/341 ### Starting test for Input:LTL/rers/P14/Problem14_prop_047.c Settings:settings/LtlSoftwareModelCheckingC.epf Toolchain:toolchains/LtlSoftwareModelCheckingC.xml
2015-02-03_22-41-08-833 Finishing test with SUCCESS for Input:LTL/rers/P14/Problem14_prop_047.c Settings:settings/LtlSoftwareModelCheckingC.epf Toolchain:toolchains/LtlSoftwareModelCheckingC.xml: UNSAFE(Expected:UNSAFE): ExpectedResult: UNSAFE UltimateResult: UNSAFE   Violation of LTL property G((A || ((B U C) || G(B)))) 
2015-02-03_22-41-10-489 ### 90/341 ### Starting test for Input:LTL/rers/P14/Problem14_prop_048.c Settings:settings/LtlSoftwareModelCheckingC.epf Toolchain:toolchains/LtlSoftwareModelCheckingC.xml
2015-02-03_22-42-50-089 Finishing test with SUCCESS for Input:LTL/rers/P14/Problem14_prop_048.c Settings:settings/LtlSoftwareModelCheckingC.epf Toolchain:toolchains/LtlSoftwareModelCheckingC.xml: SAFE(Expected:SAFE): ExpectedResult: SAFE UltimateResult: SAFE   [ShortDescription: All specifications hold LongDescription: We were not able to verify any specifiation because the program does not contain any specification.]
2015-02-03_22-42-50-591 ### 91/341 ### Starting test for Input:LTL/rers/P14/Problem14_prop_049.c Settings:settings/LtlSoftwareModelCheckingC.epf Toolchain:toolchains/LtlSoftwareModelCheckingC.xml
2015-02-03_22-43-29-734 Finishing test with SUCCESS for Input:LTL/rers/P14/Problem14_prop_049.c Settings:settings/LtlSoftwareModelCheckingC.epf Toolchain:toolchains/LtlSoftwareModelCheckingC.xml: SAFE(Expected:SAFE): ExpectedResult: SAFE UltimateResult: SAFE   [ShortDescription: All specifications hold LongDescription: We were not able to verify any specifiation because the program does not contain any specification.]
2015-02-03_22-43-30-274 ### 92/341 ### Starting test for Input:LTL/rers/P15/Problem15_prop_000.c Settings:settings/LtlSoftwareModelCheckingC.epf Toolchain:toolchains/LtlSoftwareModelCheckingC.xml
2015-02-03_22-45-43-185 Finishing test with SUCCESS for Input:LTL/rers/P15/Problem15_prop_000.c Settings:settings/LtlSoftwareModelCheckingC.epf Toolchain:toolchains/LtlSoftwareModelCheckingC.xml: SAFE(Expected:SAFE): ExpectedResult: SAFE UltimateResult: SAFE   [ShortDescription: All specifications hold LongDescription: We were not able to verify any specifiation because the program does not contain any specification.]
2015-02-03_22-45-43-748 ### 93/341 ### Starting test for Input:LTL/rers/P15/Problem15_prop_001.c Settings:settings/LtlSoftwareModelCheckingC.epf Toolchain:toolchains/LtlSoftwareModelCheckingC.xml
2015-02-03_22-47-50-639 Finishing test with SUCCESS for Input:LTL/rers/P15/Problem15_prop_001.c Settings:settings/LtlSoftwareModelCheckingC.epf Toolchain:toolchains/LtlSoftwareModelCheckingC.xml: SAFE(Expected:SAFE): ExpectedResult: SAFE UltimateResult: SAFE   [ShortDescription: All specifications hold LongDescription: We were not able to verify any specifiation because the program does not contain any specification.]
2015-02-03_22-47-51-153 ### 94/341 ### Starting test for Input:LTL/rers/P15/Problem15_prop_002.c Settings:settings/LtlSoftwareModelCheckingC.epf Toolchain:toolchains/LtlSoftwareModelCheckingC.xml
2015-02-03_22-48-09-088 Finishing test with SUCCESS for Input:LTL/rers/P15/Problem15_prop_002.c Settings:settings/LtlSoftwareModelCheckingC.epf Toolchain:toolchains/LtlSoftwareModelCheckingC.xml: SAFE(Expected:SAFE): ExpectedResult: SAFE UltimateResult: SAFE   [ShortDescription: All specifications hold LongDescription: We were not able to verify any specifiation because the program does not contain any specification.]
2015-02-03_22-48-09-579 ### 95/341 ### Starting test for Input:LTL/rers/P15/Problem15_prop_003.c Settings:settings/LtlSoftwareModelCheckingC.epf Toolchain:toolchains/LtlSoftwareModelCheckingC.xml
2015-02-03_22-50-34-229 Finishing test with SUCCESS for Input:LTL/rers/P15/Problem15_prop_003.c Settings:settings/LtlSoftwareModelCheckingC.epf Toolchain:toolchains/LtlSoftwareModelCheckingC.xml: SAFE(Expected:SAFE): ExpectedResult: SAFE UltimateResult: SAFE   [ShortDescription: All specifications hold LongDescription: We were not able to verify any specifiation because the program does not contain any specification.]
2015-02-03_22-50-34-749 ### 96/341 ### Starting test for Input:LTL/rers/P15/Problem15_prop_004.c Settings:settings/LtlSoftwareModelCheckingC.epf Toolchain:toolchains/LtlSoftwareModelCheckingC.xml
2015-02-03_23-10-39-681 Finishing test with UNKNOWN for Input:LTL/rers/P15/Problem15_prop_004.c Settings:settings/LtlSoftwareModelCheckingC.epf Toolchain:toolchains/LtlSoftwareModelCheckingC.xml: TIMEOUT(Expected:UNSAFE): ExpectedResult: UNSAFE UltimateResult: TIMEOUT   [ShortDescription: Timeout LongDescription: Timout or Toolchain cancelled by user]
2015-02-03_23-10-40-176 ### 97/341 ### Starting test for Input:LTL/rers/P15/Problem15_prop_005.c Settings:settings/LtlSoftwareModelCheckingC.epf Toolchain:toolchains/LtlSoftwareModelCheckingC.xml
2015-02-03_23-10-59-236 Finishing test with SUCCESS for Input:LTL/rers/P15/Problem15_prop_005.c Settings:settings/LtlSoftwareModelCheckingC.epf Toolchain:toolchains/LtlSoftwareModelCheckingC.xml: SAFE(Expected:SAFE): ExpectedResult: SAFE UltimateResult: SAFE   [ShortDescription: All specifications hold LongDescription: We were not able to verify any specifiation because the program does not contain any specification.]
2015-02-03_23-10-59-937 ### 98/341 ### Starting test for Input:LTL/rers/P15/Problem15_prop_006.c Settings:settings/LtlSoftwareModelCheckingC.epf Toolchain:toolchains/LtlSoftwareModelCheckingC.xml
2015-02-03_23-31-05-208 Finishing test with UNKNOWN for Input:LTL/rers/P15/Problem15_prop_006.c Settings:settings/LtlSoftwareModelCheckingC.epf Toolchain:toolchains/LtlSoftwareModelCheckingC.xml: TIMEOUT(Expected:UNSAFE): ExpectedResult: UNSAFE UltimateResult: TIMEOUT   [ShortDescription: Timeout LongDescription: Timeout while trying to prove G((A || ((B U C) || G(B))))]
2015-02-03_23-31-05-642 ### 99/341 ### Starting test for Input:LTL/rers/P15/Problem15_prop_007.c Settings:settings/LtlSoftwareModelCheckingC.epf Toolchain:toolchains/LtlSoftwareModelCheckingC.xml
2015-02-03_23-51-05-679 Finishing test with UNKNOWN for Input:LTL/rers/P15/Problem15_prop_007.c Settings:settings/LtlSoftwareModelCheckingC.epf Toolchain:toolchains/LtlSoftwareModelCheckingC.xml: TIMEOUT(Expected:UNSAFE): ExpectedResult: UNSAFE UltimateResult: TIMEOUT   [ShortDescription: Timeout LongDescription: Timeout while trying to prove ((A U ((B U ((A U ((B U G(A)) || G(B))) || G(A))) || G(B))) || G(A))]
2015-02-03_23-51-06-369 ### 100/341 ### Starting test for Input:LTL/rers/P15/Problem15_prop_008.c Settings:settings/LtlSoftwareModelCheckingC.epf Toolchain:toolchains/LtlSoftwareModelCheckingC.xml
2015-02-03_23-51-47-930 Finishing test with SUCCESS for Input:LTL/rers/P15/Problem15_prop_008.c Settings:settings/LtlSoftwareModelCheckingC.epf Toolchain:toolchains/LtlSoftwareModelCheckingC.xml: SAFE(Expected:SAFE): ExpectedResult: SAFE UltimateResult: SAFE   [ShortDescription: All specifications hold LongDescription: We were not able to verify any specifiation because the program does not contain any specification.]
2015-02-03_23-51-48-478 ### 101/341 ### Starting test for Input:LTL/rers/P15/Problem15_prop_009.c Settings:settings/LtlSoftwareModelCheckingC.epf Toolchain:toolchains/LtlSoftwareModelCheckingC.xml
2015-02-03_23-52-22-745 Finishing test with SUCCESS for Input:LTL/rers/P15/Problem15_prop_009.c Settings:settings/LtlSoftwareModelCheckingC.epf Toolchain:toolchains/LtlSoftwareModelCheckingC.xml: SAFE(Expected:SAFE): ExpectedResult: SAFE UltimateResult: SAFE   [ShortDescription: All specifications hold LongDescription: We were not able to verify any specifiation because the program does not contain any specification.]
2015-02-03_23-52-23-276 ### 102/341 ### Starting test for Input:LTL/rers/P15/Problem15_prop_010.c Settings:settings/LtlSoftwareModelCheckingC.epf Toolchain:toolchains/LtlSoftwareModelCheckingC.xml
2015-02-03_23-53-02-473 Finishing test with SUCCESS for Input:LTL/rers/P15/Problem15_prop_010.c Settings:settings/LtlSoftwareModelCheckingC.epf Toolchain:toolchains/LtlSoftwareModelCheckingC.xml: SAFE(Expected:SAFE): ExpectedResult: SAFE UltimateResult: SAFE   [ShortDescription: All specifications hold LongDescription: We were not able to verify any specifiation because the program does not contain any specification.]
2015-02-03_23-53-03-078 ### 103/341 ### Starting test for Input:LTL/rers/P15/Problem15_prop_011.c Settings:settings/LtlSoftwareModelCheckingC.epf Toolchain:toolchains/LtlSoftwareModelCheckingC.xml
2015-02-03_23-53-34-417 Finishing test with SUCCESS for Input:LTL/rers/P15/Problem15_prop_011.c Settings:settings/LtlSoftwareModelCheckingC.epf Toolchain:toolchains/LtlSoftwareModelCheckingC.xml: SAFE(Expected:SAFE): ExpectedResult: SAFE UltimateResult: SAFE   [ShortDescription: All specifications hold LongDescription: We were not able to verify any specifiation because the program does not contain any specification.]
2015-02-03_23-53-34-971 ### 104/341 ### Starting test for Input:LTL/rers/P15/Problem15_prop_012.c Settings:settings/LtlSoftwareModelCheckingC.epf Toolchain:toolchains/LtlSoftwareModelCheckingC.xml
2015-02-04_00-17-58-626 Finishing test with FAIL for Input:LTL/rers/P15/Problem15_prop_012.c Settings:settings/LtlSoftwareModelCheckingC.epf Toolchain:toolchains/LtlSoftwareModelCheckingC.xml: EXCEPTION_OR_ERROR(Expected:UNSAFE): ExpectedResult: UNSAFE UltimateResult: EXCEPTION_OR_ERROR   [de.uni_freiburg.informatik.ultimate.plugins.generator.buchiautomizer: OutOfMemoryError: GC overhead limit exceeded: java.util.HashMap.createEntry(HashMap.java:901)]
2015-02-04_00-17-59-089 ### 105/341 ### Starting test for Input:LTL/rers/P15/Problem15_prop_013.c Settings:settings/LtlSoftwareModelCheckingC.epf Toolchain:toolchains/LtlSoftwareModelCheckingC.xml
2015-02-04_00-37-28-185 Finishing test with FAIL for Input:LTL/rers/P15/Problem15_prop_013.c Settings:settings/LtlSoftwareModelCheckingC.epf Toolchain:toolchains/LtlSoftwareModelCheckingC.xml: EXCEPTION_OR_ERROR(Expected:UNSAFE): ExpectedResult: UNSAFE UltimateResult: EXCEPTION_OR_ERROR   [de.uni_freiburg.informatik.ultimate.plugins.generator.buchiautomizer: OutOfMemoryError: GC overhead limit exceeded: java.util.HashMap.newKeyIterator(HashMap.java:972)]
2015-02-04_00-37-28-648 ### 106/341 ### Starting test for Input:LTL/rers/P15/Problem15_prop_014.c Settings:settings/LtlSoftwareModelCheckingC.epf Toolchain:toolchains/LtlSoftwareModelCheckingC.xml
2015-02-04_00-38-13-624 Finishing test with SUCCESS for Input:LTL/rers/P15/Problem15_prop_014.c Settings:settings/LtlSoftwareModelCheckingC.epf Toolchain:toolchains/LtlSoftwareModelCheckingC.xml: SAFE(Expected:SAFE): ExpectedResult: SAFE UltimateResult: SAFE   [ShortDescription: All specifications hold LongDescription: We were not able to verify any specifiation because the program does not contain any specification.]
2015-02-04_00-38-14-163 ### 107/341 ### Starting test for Input:LTL/rers/P15/Problem15_prop_015.c Settings:settings/LtlSoftwareModelCheckingC.epf Toolchain:toolchains/LtlSoftwareModelCheckingC.xml
2015-02-04_00-58-21-506 Finishing test with UNKNOWN for Input:LTL/rers/P15/Problem15_prop_015.c Settings:settings/LtlSoftwareModelCheckingC.epf Toolchain:toolchains/LtlSoftwareModelCheckingC.xml: TIMEOUT(Expected:UNSAFE): ExpectedResult: UNSAFE UltimateResult: TIMEOUT   [ShortDescription: Timeout LongDescription: Timeout while trying to prove G((!((A && F(B))) || (C U B)))]
2015-02-04_00-58-22-530 ### 108/341 ### Starting test for Input:LTL/rers/P15/Problem15_prop_016.c Settings:settings/LtlSoftwareModelCheckingC.epf Toolchain:toolchains/LtlSoftwareModelCheckingC.xml
2015-02-04_00-58-40-378 Finishing test with SUCCESS for Input:LTL/rers/P15/Problem15_prop_016.c Settings:settings/LtlSoftwareModelCheckingC.epf Toolchain:toolchains/LtlSoftwareModelCheckingC.xml: SAFE(Expected:SAFE): ExpectedResult: SAFE UltimateResult: SAFE   [ShortDescription: All specifications hold LongDescription: We were not able to verify any specifiation because the program does not contain any specification.]
2015-02-04_00-58-40-872 ### 109/341 ### Starting test for Input:LTL/rers/P15/Problem15_prop_017.c Settings:settings/LtlSoftwareModelCheckingC.epf Toolchain:toolchains/LtlSoftwareModelCheckingC.xml
2015-02-04_01-05-54-594 Finishing test with FAIL for Input:LTL/rers/P15/Problem15_prop_017.c Settings:settings/LtlSoftwareModelCheckingC.epf Toolchain:toolchains/LtlSoftwareModelCheckingC.xml: EXCEPTION_OR_ERROR(Expected:UNSAFE): ExpectedResult: UNSAFE UltimateResult: EXCEPTION_OR_ERROR   [de.uni_freiburg.informatik.ultimate.plugins.generator.buchiautomizer: OutOfMemoryError: Java heap space: java.util.HashMap.resize(HashMap.java:584)]
2015-02-04_01-05-55-065 ### 110/341 ### Starting test for Input:LTL/rers/P15/Problem15_prop_018.c Settings:settings/LtlSoftwareModelCheckingC.epf Toolchain:toolchains/LtlSoftwareModelCheckingC.xml
2015-02-04_01-06-13-890 Finishing test with SUCCESS for Input:LTL/rers/P15/Problem15_prop_018.c Settings:settings/LtlSoftwareModelCheckingC.epf Toolchain:toolchains/LtlSoftwareModelCheckingC.xml: SAFE(Expected:SAFE): ExpectedResult: SAFE UltimateResult: SAFE   [ShortDescription: All specifications hold LongDescription: We were not able to verify any specifiation because the program does not contain any specification.]
2015-02-04_01-06-14-410 ### 111/341 ### Starting test for Input:LTL/rers/P15/Problem15_prop_019.c Settings:settings/LtlSoftwareModelCheckingC.epf Toolchain:toolchains/LtlSoftwareModelCheckingC.xml
2015-02-04_01-08-56-735 Finishing test with SUCCESS for Input:LTL/rers/P15/Problem15_prop_019.c Settings:settings/LtlSoftwareModelCheckingC.epf Toolchain:toolchains/LtlSoftwareModelCheckingC.xml: SAFE(Expected:SAFE): ExpectedResult: SAFE UltimateResult: SAFE   [ShortDescription: All specifications hold LongDescription: We were not able to verify any specifiation because the program does not contain any specification.]
2015-02-04_01-08-57-423 ### 112/341 ### Starting test for Input:LTL/rers/P15/Problem15_prop_020.c Settings:settings/LtlSoftwareModelCheckingC.epf Toolchain:toolchains/LtlSoftwareModelCheckingC.xml
2015-02-04_01-28-57-813 Finishing test with UNKNOWN for Input:LTL/rers/P15/Problem15_prop_020.c Settings:settings/LtlSoftwareModelCheckingC.epf Toolchain:toolchains/LtlSoftwareModelCheckingC.xml: TIMEOUT(Expected:UNSAFE): ExpectedResult: UNSAFE UltimateResult: TIMEOUT   [ShortDescription: Timeout LongDescription: Timeout while trying to prove ((A U ((B U ((A U ((B U G(A)) || G(B))) || G(A))) || G(B))) || G(A))]
2015-02-04_01-28-58-311 ### 113/341 ### Starting test for Input:LTL/rers/P15/Problem15_prop_021.c Settings:settings/LtlSoftwareModelCheckingC.epf Toolchain:toolchains/LtlSoftwareModelCheckingC.xml
2015-02-04_02-04-19-432 Finishing test with UNKNOWN for Input:LTL/rers/P15/Problem15_prop_021.c Settings:settings/LtlSoftwareModelCheckingC.epf Toolchain:toolchains/LtlSoftwareModelCheckingC.xml: TIMEOUT(Expected:UNSAFE): ExpectedResult: UNSAFE UltimateResult: TIMEOUT   [ShortDescription: Timeout LongDescription: Timeout while trying to prove ((A U B) || G(A))]
2015-02-04_02-04-20-009 ### 114/341 ### Starting test for Input:LTL/rers/P15/Problem15_prop_022.c Settings:settings/LtlSoftwareModelCheckingC.epf Toolchain:toolchains/LtlSoftwareModelCheckingC.xml
2015-02-04_06-03-31-705 Finishing test with FAIL for Input:LTL/rers/P15/Problem15_prop_022.c Settings:settings/LtlSoftwareModelCheckingC.epf Toolchain:toolchains/LtlSoftwareModelCheckingC.xml: EXCEPTION_OR_ERROR(Expected:UNSAFE): ExpectedResult: UNSAFE UltimateResult: EXCEPTION_OR_ERROR   [de.uni_freiburg.informatik.ultimate.buchiprogramproduct: StackOverflowError: null: de.uni_freiburg.informatik.ultimate.model.boogie.output.BoogieOutput.appendExpression(BoogieOutput.java:228)]
2015-02-04_06-03-32-190 ### 115/341 ### Starting test for Input:LTL/rers/P15/Problem15_prop_023.c Settings:settings/LtlSoftwareModelCheckingC.epf Toolchain:toolchains/LtlSoftwareModelCheckingC.xml
2015-02-04_06-14-55-401 Finishing test with FAIL for Input:LTL/rers/P15/Problem15_prop_023.c Settings:settings/LtlSoftwareModelCheckingC.epf Toolchain:toolchains/LtlSoftwareModelCheckingC.xml: EXCEPTION_OR_ERROR(Expected:UNSAFE): ExpectedResult: UNSAFE UltimateResult: EXCEPTION_OR_ERROR   [de.uni_freiburg.informatik.ultimate.plugins.generator.buchiautomizer: OutOfMemoryError: GC overhead limit exceeded]
2015-02-04_06-14-55-832 ### 116/341 ### Starting test for Input:LTL/rers/P15/Problem15_prop_024.c Settings:settings/LtlSoftwareModelCheckingC.epf Toolchain:toolchains/LtlSoftwareModelCheckingC.xml
2015-02-04_06-15-25-452 Finishing test with SUCCESS for Input:LTL/rers/P15/Problem15_prop_024.c Settings:settings/LtlSoftwareModelCheckingC.epf Toolchain:toolchains/LtlSoftwareModelCheckingC.xml: SAFE(Expected:SAFE): ExpectedResult: SAFE UltimateResult: SAFE   [ShortDescription: All specifications hold LongDescription: We were not able to verify any specifiation because the program does not contain any specification.]
2015-02-04_06-15-26-052 ### 117/341 ### Starting test for Input:LTL/rers/P15/Problem15_prop_025.c Settings:settings/LtlSoftwareModelCheckingC.epf Toolchain:toolchains/LtlSoftwareModelCheckingC.xml
2015-02-04_06-36-26-352 Finishing test with UNKNOWN for Input:LTL/rers/P15/Problem15_prop_025.c Settings:settings/LtlSoftwareModelCheckingC.epf Toolchain:toolchains/LtlSoftwareModelCheckingC.xml: TIMEOUT(Expected:SAFE): ExpectedResult: SAFE UltimateResult: TIMEOUT   [ShortDescription: Timeout LongDescription: Timeout while trying to prove G((A || ((B U C) || G(B))))]
2015-02-04_06-36-27-136 ### 118/341 ### Starting test for Input:LTL/rers/P15/Problem15_prop_026.c Settings:settings/LtlSoftwareModelCheckingC.epf Toolchain:toolchains/LtlSoftwareModelCheckingC.xml
2015-02-04_06-51-03-308 Finishing test with FAIL for Input:LTL/rers/P15/Problem15_prop_026.c Settings:settings/LtlSoftwareModelCheckingC.epf Toolchain:toolchains/LtlSoftwareModelCheckingC.xml: NO_RESULT(Expected:UNSAFE): ExpectedResult: UNSAFE UltimateResult: NO_RESULT   NO_RESULT
2015-02-04_06-51-04-022 ### 119/341 ### Starting test for Input:LTL/rers/P15/Problem15_prop_027.c Settings:settings/LtlSoftwareModelCheckingC.epf Toolchain:toolchains/LtlSoftwareModelCheckingC.xml
2015-02-04_06-53-46-473 Finishing test with SUCCESS for Input:LTL/rers/P15/Problem15_prop_027.c Settings:settings/LtlSoftwareModelCheckingC.epf Toolchain:toolchains/LtlSoftwareModelCheckingC.xml: SAFE(Expected:SAFE): ExpectedResult: SAFE UltimateResult: SAFE   [ShortDescription: All specifications hold LongDescription: We were not able to verify any specifiation because the program does not contain any specification.]
2015-02-04_06-53-47-134 ### 120/341 ### Starting test for Input:LTL/rers/P15/Problem15_prop_028.c Settings:settings/LtlSoftwareModelCheckingC.epf Toolchain:toolchains/LtlSoftwareModelCheckingC.xml
2015-02-04_07-13-47-173 Finishing test with UNKNOWN for Input:LTL/rers/P15/Problem15_prop_028.c Settings:settings/LtlSoftwareModelCheckingC.epf Toolchain:toolchains/LtlSoftwareModelCheckingC.xml: TIMEOUT(Expected:UNSAFE): ExpectedResult: UNSAFE UltimateResult: TIMEOUT   [ShortDescription: Timeout LongDescription: Timeout while trying to prove ((A U ((B U ((A U ((B U G(A)) || G(B))) || G(A))) || G(B))) || G(A))]
2015-02-04_07-13-47-692 ### 121/341 ### Starting test for Input:LTL/rers/P15/Problem15_prop_029.c Settings:settings/LtlSoftwareModelCheckingC.epf Toolchain:toolchains/LtlSoftwareModelCheckingC.xml
2015-02-04_08-00-52-450 Finishing test with FAIL for Input:LTL/rers/P15/Problem15_prop_029.c Settings:settings/LtlSoftwareModelCheckingC.epf Toolchain:toolchains/LtlSoftwareModelCheckingC.xml: EXCEPTION_OR_ERROR(Expected:UNSAFE): ExpectedResult: UNSAFE UltimateResult: EXCEPTION_OR_ERROR   [de.uni_freiburg.informatik.ultimate.plugins.generator.buchiautomizer: OutOfMemoryError: Java heap space]
2015-02-04_08-00-52-916 ### 122/341 ### Starting test for Input:LTL/rers/P15/Problem15_prop_030.c Settings:settings/LtlSoftwareModelCheckingC.epf Toolchain:toolchains/LtlSoftwareModelCheckingC.xml
2015-02-04_08-25-32-548 Finishing test with UNKNOWN for Input:LTL/rers/P15/Problem15_prop_030.c Settings:settings/LtlSoftwareModelCheckingC.epf Toolchain:toolchains/LtlSoftwareModelCheckingC.xml: TIMEOUT(Expected:UNSAFE): ExpectedResult: UNSAFE UltimateResult: TIMEOUT   [ShortDescription: Timeout LongDescription: Timeout while trying to prove G((A || (B U C)))]
2015-02-04_08-25-33-407 ### 123/341 ### Starting test for Input:LTL/rers/P15/Problem15_prop_031.c Settings:settings/LtlSoftwareModelCheckingC.epf Toolchain:toolchains/LtlSoftwareModelCheckingC.xml
2015-02-04_08-45-33-448 Finishing test with UNKNOWN for Input:LTL/rers/P15/Problem15_prop_031.c Settings:settings/LtlSoftwareModelCheckingC.epf Toolchain:toolchains/LtlSoftwareModelCheckingC.xml: TIMEOUT(Expected:UNSAFE): ExpectedResult: UNSAFE UltimateResult: TIMEOUT   [ShortDescription: Timeout LongDescription: Timeout while trying to prove ((A U ((B U ((A U ((B U G(A)) || G(B))) || G(A))) || G(B))) || G(A))]
2015-02-04_08-45-34-242 ### 124/341 ### Starting test for Input:LTL/rers/P15/Problem15_prop_032.c Settings:settings/LtlSoftwareModelCheckingC.epf Toolchain:toolchains/LtlSoftwareModelCheckingC.xml
2015-02-04_09-01-33-547 Finishing test with FAIL for Input:LTL/rers/P15/Problem15_prop_032.c Settings:settings/LtlSoftwareModelCheckingC.epf Toolchain:toolchains/LtlSoftwareModelCheckingC.xml: NO_RESULT(Expected:UNSAFE): ExpectedResult: UNSAFE UltimateResult: NO_RESULT   NO_RESULT
2015-02-04_09-01-34-586 ### 125/341 ### Starting test for Input:LTL/rers/P15/Problem15_prop_033.c Settings:settings/LtlSoftwareModelCheckingC.epf Toolchain:toolchains/LtlSoftwareModelCheckingC.xml
2015-02-04_09-01-52-487 Finishing test with SUCCESS for Input:LTL/rers/P15/Problem15_prop_033.c Settings:settings/LtlSoftwareModelCheckingC.epf Toolchain:toolchains/LtlSoftwareModelCheckingC.xml: SAFE(Expected:SAFE): ExpectedResult: SAFE UltimateResult: SAFE   [ShortDescription: All specifications hold LongDescription: We were not able to verify any specifiation because the program does not contain any specification.]
2015-02-04_09-01-53-003 ### 126/341 ### Starting test for Input:LTL/rers/P15/Problem15_prop_034.c Settings:settings/LtlSoftwareModelCheckingC.epf Toolchain:toolchains/LtlSoftwareModelCheckingC.xml
2015-02-04_09-04-06-202 Finishing test with SUCCESS for Input:LTL/rers/P15/Problem15_prop_034.c Settings:settings/LtlSoftwareModelCheckingC.epf Toolchain:toolchains/LtlSoftwareModelCheckingC.xml: SAFE(Expected:SAFE): ExpectedResult: SAFE UltimateResult: SAFE   [ShortDescription: All specifications hold LongDescription: We were not able to verify any specifiation because the program does not contain any specification.]
2015-02-04_09-04-06-832 ### 127/341 ### Starting test for Input:LTL/rers/P15/Problem15_prop_035.c Settings:settings/LtlSoftwareModelCheckingC.epf Toolchain:toolchains/LtlSoftwareModelCheckingC.xml
2015-02-04_09-13-33-695 Finishing test with FAIL for Input:LTL/rers/P15/Problem15_prop_035.c Settings:settings/LtlSoftwareModelCheckingC.epf Toolchain:toolchains/LtlSoftwareModelCheckingC.xml: EXCEPTION_OR_ERROR(Expected:UNSAFE): ExpectedResult: UNSAFE UltimateResult: EXCEPTION_OR_ERROR   [de.uni_freiburg.informatik.ultimate.plugins.generator.buchiautomizer: OutOfMemoryError: GC overhead limit exceeded]
2015-02-04_09-13-34-143 ### 128/341 ### Starting test for Input:LTL/rers/P15/Problem15_prop_036.c Settings:settings/LtlSoftwareModelCheckingC.epf Toolchain:toolchains/LtlSoftwareModelCheckingC.xml
2015-02-04_09-19-48-557 Finishing test with FAIL for Input:LTL/rers/P15/Problem15_prop_036.c Settings:settings/LtlSoftwareModelCheckingC.epf Toolchain:toolchains/LtlSoftwareModelCheckingC.xml: EXCEPTION_OR_ERROR(Expected:UNSAFE): ExpectedResult: UNSAFE UltimateResult: EXCEPTION_OR_ERROR   [de.uni_freiburg.informatik.ultimate.plugins.generator.buchiautomizer: OutOfMemoryError: Java heap space]
2015-02-04_09-19-49-032 ### 129/341 ### Starting test for Input:LTL/rers/P15/Problem15_prop_037.c Settings:settings/LtlSoftwareModelCheckingC.epf Toolchain:toolchains/LtlSoftwareModelCheckingC.xml
2015-02-04_09-28-39-074 Finishing test with FAIL for Input:LTL/rers/P15/Problem15_prop_037.c Settings:settings/LtlSoftwareModelCheckingC.epf Toolchain:toolchains/LtlSoftwareModelCheckingC.xml: EXCEPTION_OR_ERROR(Expected:UNSAFE): ExpectedResult: UNSAFE UltimateResult: EXCEPTION_OR_ERROR   [de.uni_freiburg.informatik.ultimate.plugins.generator.buchiautomizer: OutOfMemoryError: GC overhead limit exceeded]
2015-02-04_09-28-39-526 ### 130/341 ### Starting test for Input:LTL/rers/P15/Problem15_prop_038.c Settings:settings/LtlSoftwareModelCheckingC.epf Toolchain:toolchains/LtlSoftwareModelCheckingC.xml
2015-02-04_09-41-28-943 Finishing test with SUCCESS for Input:LTL/rers/P15/Problem15_prop_038.c Settings:settings/LtlSoftwareModelCheckingC.epf Toolchain:toolchains/LtlSoftwareModelCheckingC.xml: SAFE(Expected:SAFE): ExpectedResult: SAFE UltimateResult: SAFE   [ShortDescription: All specifications hold LongDescription: We were not able to verify any specifiation because the program does not contain any specification.]
2015-02-04_09-41-29-893 ### 131/341 ### Starting test for Input:LTL/rers/P15/Problem15_prop_039.c Settings:settings/LtlSoftwareModelCheckingC.epf Toolchain:toolchains/LtlSoftwareModelCheckingC.xml
2015-02-04_10-02-48-174 Finishing test with FAIL for Input:LTL/rers/P15/Problem15_prop_039.c Settings:settings/LtlSoftwareModelCheckingC.epf Toolchain:toolchains/LtlSoftwareModelCheckingC.xml: EXCEPTION_OR_ERROR(Expected:UNSAFE): ExpectedResult: UNSAFE UltimateResult: EXCEPTION_OR_ERROR   [de.uni_freiburg.informatik.ultimate.plugins.generator.buchiautomizer: OutOfMemoryError: GC overhead limit exceeded]
2015-02-04_10-02-48-632 ### 132/341 ### Starting test for Input:LTL/rers/P15/Problem15_prop_040.c Settings:settings/LtlSoftwareModelCheckingC.epf Toolchain:toolchains/LtlSoftwareModelCheckingC.xml
2015-02-04_10-21-26-119 Finishing test with FAIL for Input:LTL/rers/P15/Problem15_prop_040.c Settings:settings/LtlSoftwareModelCheckingC.epf Toolchain:toolchains/LtlSoftwareModelCheckingC.xml: EXCEPTION_OR_ERROR(Expected:UNSAFE): ExpectedResult: UNSAFE UltimateResult: EXCEPTION_OR_ERROR   [de.uni_freiburg.informatik.ultimate.plugins.generator.buchiautomizer: OutOfMemoryError: Java heap space]
2015-02-04_10-21-26-574 ### 133/341 ### Starting test for Input:LTL/rers/P15/Problem15_prop_041.c Settings:settings/LtlSoftwareModelCheckingC.epf Toolchain:toolchains/LtlSoftwareModelCheckingC.xml
2015-02-04_10-41-31-565 Finishing test with UNKNOWN for Input:LTL/rers/P15/Problem15_prop_041.c Settings:settings/LtlSoftwareModelCheckingC.epf Toolchain:toolchains/LtlSoftwareModelCheckingC.xml: TIMEOUT(Expected:UNSAFE): ExpectedResult: UNSAFE UltimateResult: TIMEOUT   [ShortDescription: Timeout LongDescription: Timout or Toolchain cancelled by user]
2015-02-04_10-41-32-043 ### 134/341 ### Starting test for Input:LTL/rers/P15/Problem15_prop_042.c Settings:settings/LtlSoftwareModelCheckingC.epf Toolchain:toolchains/LtlSoftwareModelCheckingC.xml
2015-02-04_10-45-24-073 Finishing test with SUCCESS for Input:LTL/rers/P15/Problem15_prop_042.c Settings:settings/LtlSoftwareModelCheckingC.epf Toolchain:toolchains/LtlSoftwareModelCheckingC.xml: SAFE(Expected:SAFE): ExpectedResult: SAFE UltimateResult: SAFE   [ShortDescription: All specifications hold LongDescription: We were not able to verify any specifiation because the program does not contain any specification.]
2015-02-04_10-45-24-841 ### 135/341 ### Starting test for Input:LTL/rers/P15/Problem15_prop_043.c Settings:settings/LtlSoftwareModelCheckingC.epf Toolchain:toolchains/LtlSoftwareModelCheckingC.xml
2015-02-04_10-46-36-064 Finishing test with SUCCESS for Input:LTL/rers/P15/Problem15_prop_043.c Settings:settings/LtlSoftwareModelCheckingC.epf Toolchain:toolchains/LtlSoftwareModelCheckingC.xml: SAFE(Expected:SAFE): ExpectedResult: SAFE UltimateResult: SAFE   [ShortDescription: All specifications hold LongDescription: We were not able to verify any specifiation because the program does not contain any specification.]
2015-02-04_10-46-36-584 ### 136/341 ### Starting test for Input:LTL/rers/P15/Problem15_prop_044.c Settings:settings/LtlSoftwareModelCheckingC.epf Toolchain:toolchains/LtlSoftwareModelCheckingC.xml
2015-02-04_10-47-10-780 Finishing test with SUCCESS for Input:LTL/rers/P15/Problem15_prop_044.c Settings:settings/LtlSoftwareModelCheckingC.epf Toolchain:toolchains/LtlSoftwareModelCheckingC.xml: SAFE(Expected:SAFE): ExpectedResult: SAFE UltimateResult: SAFE   [ShortDescription: All specifications hold LongDescription: We were not able to verify any specifiation because the program does not contain any specification.]
2015-02-04_10-47-11-328 ### 137/341 ### Starting test for Input:LTL/rers/P15/Problem15_prop_045.c Settings:settings/LtlSoftwareModelCheckingC.epf Toolchain:toolchains/LtlSoftwareModelCheckingC.xml
2015-02-04_10-56-14-957 Finishing test with FAIL for Input:LTL/rers/P15/Problem15_prop_045.c Settings:settings/LtlSoftwareModelCheckingC.epf Toolchain:toolchains/LtlSoftwareModelCheckingC.xml: EXCEPTION_OR_ERROR(Expected:SAFE): ExpectedResult: SAFE UltimateResult: EXCEPTION_OR_ERROR   [de.uni_freiburg.informatik.ultimate.plugins.generator.buchiautomizer: OutOfMemoryError: GC overhead limit exceeded]
2015-02-04_10-56-15-422 ### 138/341 ### Starting test for Input:LTL/rers/P15/Problem15_prop_046.c Settings:settings/LtlSoftwareModelCheckingC.epf Toolchain:toolchains/LtlSoftwareModelCheckingC.xml
2015-02-04_10-56-37-425 Finishing test with SUCCESS for Input:LTL/rers/P15/Problem15_prop_046.c Settings:settings/LtlSoftwareModelCheckingC.epf Toolchain:toolchains/LtlSoftwareModelCheckingC.xml: SAFE(Expected:SAFE): ExpectedResult: SAFE UltimateResult: SAFE   [ShortDescription: All specifications hold LongDescription: We were not able to verify any specifiation because the program does not contain any specification.]
2015-02-04_10-56-37-987 ### 139/341 ### Starting test for Input:LTL/rers/P15/Problem15_prop_047.c Settings:settings/LtlSoftwareModelCheckingC.epf Toolchain:toolchains/LtlSoftwareModelCheckingC.xml
2015-02-04_10-58-54-082 Finishing test with SUCCESS for Input:LTL/rers/P15/Problem15_prop_047.c Settings:settings/LtlSoftwareModelCheckingC.epf Toolchain:toolchains/LtlSoftwareModelCheckingC.xml: SAFE(Expected:SAFE): ExpectedResult: SAFE UltimateResult: SAFE   [ShortDescription: All specifications hold LongDescription: We were not able to verify any specifiation because the program does not contain any specification.]
2015-02-04_10-58-54-770 ### 140/341 ### Starting test for Input:LTL/rers/P15/Problem15_prop_048.c Settings:settings/LtlSoftwareModelCheckingC.epf Toolchain:toolchains/LtlSoftwareModelCheckingC.xml
2015-02-04_11-10-08-161 Finishing test with FAIL for Input:LTL/rers/P15/Problem15_prop_048.c Settings:settings/LtlSoftwareModelCheckingC.epf Toolchain:toolchains/LtlSoftwareModelCheckingC.xml: EXCEPTION_OR_ERROR(Expected:UNSAFE): ExpectedResult: UNSAFE UltimateResult: EXCEPTION_OR_ERROR   [de.uni_freiburg.informatik.ultimate.plugins.generator.buchiautomizer: OutOfMemoryError: GC overhead limit exceeded]
2015-02-04_11-10-08-625 ### 141/341 ### Starting test for Input:LTL/rers/P15/Problem15_prop_049.c Settings:settings/LtlSoftwareModelCheckingC.epf Toolchain:toolchains/LtlSoftwareModelCheckingC.xml
2015-02-04_11-10-52-864 Finishing test with SUCCESS for Input:LTL/rers/P15/Problem15_prop_049.c Settings:settings/LtlSoftwareModelCheckingC.epf Toolchain:toolchains/LtlSoftwareModelCheckingC.xml: SAFE(Expected:SAFE): ExpectedResult: SAFE UltimateResult: SAFE   [ShortDescription: All specifications hold LongDescription: We were not able to verify any specifiation because the program does not contain any specification.]
2015-02-04_11-10-53-479 ### 142/341 ### Starting test for Input:LTL/rers/P16/Problem16_prop_000.c Settings:settings/LtlSoftwareModelCheckingC.epf Toolchain:toolchains/LtlSoftwareModelCheckingC.xml
2015-02-04_11-12-16-540 Finishing test with SUCCESS for Input:LTL/rers/P16/Problem16_prop_000.c Settings:settings/LtlSoftwareModelCheckingC.epf Toolchain:toolchains/LtlSoftwareModelCheckingC.xml: SAFE(Expected:SAFE): ExpectedResult: SAFE UltimateResult: SAFE   [ShortDescription: All specifications hold LongDescription: We were not able to verify any specifiation because the program does not contain any specification.]
2015-02-04_11-12-17-101 ### 143/341 ### Starting test for Input:LTL/rers/P16/Problem16_prop_001.c Settings:settings/LtlSoftwareModelCheckingC.epf Toolchain:toolchains/LtlSoftwareModelCheckingC.xml
2015-02-04_11-21-11-146 Finishing test with FAIL for Input:LTL/rers/P16/Problem16_prop_001.c Settings:settings/LtlSoftwareModelCheckingC.epf Toolchain:toolchains/LtlSoftwareModelCheckingC.xml: EXCEPTION_OR_ERROR(Expected:SAFE): ExpectedResult: SAFE UltimateResult: EXCEPTION_OR_ERROR   [de.uni_freiburg.informatik.ultimate.plugins.generator.buchiautomizer: OutOfMemoryError: GC overhead limit exceeded]
2015-02-04_11-21-11-608 ### 144/341 ### Starting test for Input:LTL/rers/P16/Problem16_prop_002.c Settings:settings/LtlSoftwareModelCheckingC.epf Toolchain:toolchains/LtlSoftwareModelCheckingC.xml
2015-02-04_11-23-59-349 Finishing test with SUCCESS for Input:LTL/rers/P16/Problem16_prop_002.c Settings:settings/LtlSoftwareModelCheckingC.epf Toolchain:toolchains/LtlSoftwareModelCheckingC.xml: SAFE(Expected:SAFE): ExpectedResult: SAFE UltimateResult: SAFE   [ShortDescription: All specifications hold LongDescription: We were not able to verify any specifiation because the program does not contain any specification.]
2015-02-04_11-23-59-920 ### 145/341 ### Starting test for Input:LTL/rers/P16/Problem16_prop_003.c Settings:settings/LtlSoftwareModelCheckingC.epf Toolchain:toolchains/LtlSoftwareModelCheckingC.xml
2015-02-04_11-27-43-126 Finishing test with FAIL for Input:LTL/rers/P16/Problem16_prop_003.c Settings:settings/LtlSoftwareModelCheckingC.epf Toolchain:toolchains/LtlSoftwareModelCheckingC.xml: EXCEPTION_OR_ERROR(Expected:SAFE): ExpectedResult: SAFE UltimateResult: EXCEPTION_OR_ERROR   [de.uni_freiburg.informatik.ultimate.buchiprogramproduct: StackOverflowError: null: de.uni_freiburg.informatik.ultimate.model.boogie.output.BoogieOutput.appendExpression(BoogieOutput.java:228)]
2015-02-04_11-27-43-605 ### 146/341 ### Starting test for Input:LTL/rers/P16/Problem16_prop_004.c Settings:settings/LtlSoftwareModelCheckingC.epf Toolchain:toolchains/LtlSoftwareModelCheckingC.xml
2015-02-04_11-33-01-831 Finishing test with SUCCESS for Input:LTL/rers/P16/Problem16_prop_004.c Settings:settings/LtlSoftwareModelCheckingC.epf Toolchain:toolchains/LtlSoftwareModelCheckingC.xml: SAFE(Expected:SAFE): ExpectedResult: SAFE UltimateResult: SAFE   [ShortDescription: All specifications hold LongDescription: We were not able to verify any specifiation because the program does not contain any specification.]
2015-02-04_11-33-02-523 ### 147/341 ### Starting test for Input:LTL/rers/P16/Problem16_prop_005.c Settings:settings/LtlSoftwareModelCheckingC.epf Toolchain:toolchains/LtlSoftwareModelCheckingC.xml
2015-02-04_11-53-02-566 Finishing test with UNKNOWN for Input:LTL/rers/P16/Problem16_prop_005.c Settings:settings/LtlSoftwareModelCheckingC.epf Toolchain:toolchains/LtlSoftwareModelCheckingC.xml: TIMEOUT(Expected:UNSAFE): ExpectedResult: UNSAFE UltimateResult: TIMEOUT   [ShortDescription: Timeout LongDescription: Timout or Toolchain cancelled by user]
2015-02-04_11-53-03-074 ### 148/341 ### Starting test for Input:LTL/rers/P16/Problem16_prop_006.c Settings:settings/LtlSoftwareModelCheckingC.epf Toolchain:toolchains/LtlSoftwareModelCheckingC.xml
2015-02-04_12-12-09-362 Finishing test with FAIL for Input:LTL/rers/P16/Problem16_prop_006.c Settings:settings/LtlSoftwareModelCheckingC.epf Toolchain:toolchains/LtlSoftwareModelCheckingC.xml: EXCEPTION_OR_ERROR(Expected:UNSAFE): ExpectedResult: UNSAFE UltimateResult: EXCEPTION_OR_ERROR   [de.uni_freiburg.informatik.ultimate.plugins.generator.buchiautomizer: OutOfMemoryError: GC overhead limit exceeded]
2015-02-04_12-12-09-844 ### 149/341 ### Starting test for Input:LTL/rers/P16/Problem16_prop_007.c Settings:settings/LtlSoftwareModelCheckingC.epf Toolchain:toolchains/LtlSoftwareModelCheckingC.xml
2015-02-04_12-25-39-968 Finishing test with SUCCESS for Input:LTL/rers/P16/Problem16_prop_007.c Settings:settings/LtlSoftwareModelCheckingC.epf Toolchain:toolchains/LtlSoftwareModelCheckingC.xml: SAFE(Expected:SAFE): ExpectedResult: SAFE UltimateResult: SAFE   [ShortDescription: All specifications hold LongDescription: We were not able to verify any specifiation because the program does not contain any specification.]
2015-02-04_12-25-40-669 ### 150/341 ### Starting test for Input:LTL/rers/P16/Problem16_prop_008.c Settings:settings/LtlSoftwareModelCheckingC.epf Toolchain:toolchains/LtlSoftwareModelCheckingC.xml
2015-02-04_12-45-40-744 Finishing test with UNKNOWN for Input:LTL/rers/P16/Problem16_prop_008.c Settings:settings/LtlSoftwareModelCheckingC.epf Toolchain:toolchains/LtlSoftwareModelCheckingC.xml: TIMEOUT(Expected:UNSAFE): ExpectedResult: UNSAFE UltimateResult: TIMEOUT   [ShortDescription: Timeout LongDescription: Timout or Toolchain cancelled by user]
2015-02-04_12-45-41-416 ### 151/341 ### Starting test for Input:LTL/rers/P16/Problem16_prop_009.c Settings:settings/LtlSoftwareModelCheckingC.epf Toolchain:toolchains/LtlSoftwareModelCheckingC.xml
2015-02-04_13-08-51-284 Finishing test with UNKNOWN for Input:LTL/rers/P16/Problem16_prop_009.c Settings:settings/LtlSoftwareModelCheckingC.epf Toolchain:toolchains/LtlSoftwareModelCheckingC.xml: TIMEOUT(Expected:UNSAFE): ExpectedResult: UNSAFE UltimateResult: TIMEOUT   [ShortDescription: Timeout LongDescription: Timeout while trying to prove ((A U ((B U ((A U ((B U G(A)) || G(B))) || G(A))) || G(B))) || G(A))]
2015-02-04_13-08-52-034 ### 152/341 ### Starting test for Input:LTL/rers/P16/Problem16_prop_010.c Settings:settings/LtlSoftwareModelCheckingC.epf Toolchain:toolchains/LtlSoftwareModelCheckingC.xml
2015-02-04_13-10-50-245 Finishing test with SUCCESS for Input:LTL/rers/P16/Problem16_prop_010.c Settings:settings/LtlSoftwareModelCheckingC.epf Toolchain:toolchains/LtlSoftwareModelCheckingC.xml: SAFE(Expected:SAFE): ExpectedResult: SAFE UltimateResult: SAFE   [ShortDescription: All specifications hold LongDescription: We were not able to verify any specifiation because the program does not contain any specification.]
2015-02-04_13-10-50-894 ### 153/341 ### Starting test for Input:LTL/rers/P16/Problem16_prop_011.c Settings:settings/LtlSoftwareModelCheckingC.epf Toolchain:toolchains/LtlSoftwareModelCheckingC.xml
2015-02-04_13-30-51-122 Finishing test with UNKNOWN for Input:LTL/rers/P16/Problem16_prop_011.c Settings:settings/LtlSoftwareModelCheckingC.epf Toolchain:toolchains/LtlSoftwareModelCheckingC.xml: TIMEOUT(Expected:SAFE): ExpectedResult: SAFE UltimateResult: TIMEOUT   [ShortDescription: Timeout LongDescription: Timeout while trying to prove G((!((A && F(B))) || (C U B)))]
2015-02-04_13-30-51-912 ### 154/341 ### Starting test for Input:LTL/rers/P16/Problem16_prop_012.c Settings:settings/LtlSoftwareModelCheckingC.epf Toolchain:toolchains/LtlSoftwareModelCheckingC.xml
2015-02-04_13-50-51-952 Finishing test with UNKNOWN for Input:LTL/rers/P16/Problem16_prop_012.c Settings:settings/LtlSoftwareModelCheckingC.epf Toolchain:toolchains/LtlSoftwareModelCheckingC.xml: TIMEOUT(Expected:UNSAFE): ExpectedResult: UNSAFE UltimateResult: TIMEOUT   [ShortDescription: Timeout LongDescription: Timeout while trying to prove G(A)]
2015-02-04_13-50-52-563 ### 155/341 ### Starting test for Input:LTL/rers/P16/Problem16_prop_013.c Settings:settings/LtlSoftwareModelCheckingC.epf Toolchain:toolchains/LtlSoftwareModelCheckingC.xml
2015-02-04_13-54-32-831 Finishing test with FAIL for Input:LTL/rers/P16/Problem16_prop_013.c Settings:settings/LtlSoftwareModelCheckingC.epf Toolchain:toolchains/LtlSoftwareModelCheckingC.xml: EXCEPTION_OR_ERROR(Expected:SAFE): ExpectedResult: SAFE UltimateResult: EXCEPTION_OR_ERROR   [de.uni_freiburg.informatik.ultimate.buchiprogramproduct: StackOverflowError: null: de.uni_freiburg.informatik.ultimate.model.boogie.output.BoogieOutput.appendExpression(BoogieOutput.java:228)]
2015-02-04_13-54-33-341 ### 156/341 ### Starting test for Input:LTL/rers/P16/Problem16_prop_014.c Settings:settings/LtlSoftwareModelCheckingC.epf Toolchain:toolchains/LtlSoftwareModelCheckingC.xml
2015-02-04_13-55-08-108 Finishing test with SUCCESS for Input:LTL/rers/P16/Problem16_prop_014.c Settings:settings/LtlSoftwareModelCheckingC.epf Toolchain:toolchains/LtlSoftwareModelCheckingC.xml: SAFE(Expected:SAFE): ExpectedResult: SAFE UltimateResult: SAFE   [ShortDescription: All specifications hold LongDescription: We were not able to verify any specifiation because the program does not contain any specification.]
2015-02-04_13-55-08-859 ### 157/341 ### Starting test for Input:LTL/rers/P16/Problem16_prop_015.c Settings:settings/LtlSoftwareModelCheckingC.epf Toolchain:toolchains/LtlSoftwareModelCheckingC.xml
2015-02-04_14-15-12-177 Finishing test with UNKNOWN for Input:LTL/rers/P16/Problem16_prop_015.c Settings:settings/LtlSoftwareModelCheckingC.epf Toolchain:toolchains/LtlSoftwareModelCheckingC.xml: TIMEOUT(Expected:UNSAFE): ExpectedResult: UNSAFE UltimateResult: TIMEOUT   [ShortDescription: Timeout LongDescription: Timeout while trying to prove G((!((A && F(B))) || (C U B)))]
2015-02-04_14-15-12-718 ### 158/341 ### Starting test for Input:LTL/rers/P16/Problem16_prop_016.c Settings:settings/LtlSoftwareModelCheckingC.epf Toolchain:toolchains/LtlSoftwareModelCheckingC.xml
2015-02-04_14-15-47-432 Finishing test with SUCCESS for Input:LTL/rers/P16/Problem16_prop_016.c Settings:settings/LtlSoftwareModelCheckingC.epf Toolchain:toolchains/LtlSoftwareModelCheckingC.xml: SAFE(Expected:SAFE): ExpectedResult: SAFE UltimateResult: SAFE   [ShortDescription: All specifications hold LongDescription: We were not able to verify any specifiation because the program does not contain any specification.]
2015-02-04_14-15-48-003 ### 159/341 ### Starting test for Input:LTL/rers/P16/Problem16_prop_017.c Settings:settings/LtlSoftwareModelCheckingC.epf Toolchain:toolchains/LtlSoftwareModelCheckingC.xml
2015-02-04_14-26-47-621 Finishing test with FAIL for Input:LTL/rers/P16/Problem16_prop_017.c Settings:settings/LtlSoftwareModelCheckingC.epf Toolchain:toolchains/LtlSoftwareModelCheckingC.xml: EXCEPTION_OR_ERROR(Expected:UNSAFE): ExpectedResult: UNSAFE UltimateResult: EXCEPTION_OR_ERROR   [de.uni_freiburg.informatik.ultimate.plugins.generator.buchiautomizer: OutOfMemoryError: Java heap space]
2015-02-04_14-26-48-143 ### 160/341 ### Starting test for Input:LTL/rers/P16/Problem16_prop_018.c Settings:settings/LtlSoftwareModelCheckingC.epf Toolchain:toolchains/LtlSoftwareModelCheckingC.xml
2015-02-04_14-30-38-900 Finishing test with SUCCESS for Input:LTL/rers/P16/Problem16_prop_018.c Settings:settings/LtlSoftwareModelCheckingC.epf Toolchain:toolchains/LtlSoftwareModelCheckingC.xml: SAFE(Expected:SAFE): ExpectedResult: SAFE UltimateResult: SAFE   [ShortDescription: All specifications hold LongDescription: We were not able to verify any specifiation because the program does not contain any specification.]
2015-02-04_14-30-39-583 ### 161/341 ### Starting test for Input:LTL/rers/P16/Problem16_prop_019.c Settings:settings/LtlSoftwareModelCheckingC.epf Toolchain:toolchains/LtlSoftwareModelCheckingC.xml
2015-02-04_14-39-00-185 Finishing test with FAIL for Input:LTL/rers/P16/Problem16_prop_019.c Settings:settings/LtlSoftwareModelCheckingC.epf Toolchain:toolchains/LtlSoftwareModelCheckingC.xml: EXCEPTION_OR_ERROR(Expected:UNSAFE): ExpectedResult: UNSAFE UltimateResult: EXCEPTION_OR_ERROR   [de.uni_freiburg.informatik.ultimate.plugins.generator.buchiautomizer: OutOfMemoryError: GC overhead limit exceeded]
2015-02-04_14-39-00-709 ### 162/341 ### Starting test for Input:LTL/rers/P16/Problem16_prop_020.c Settings:settings/LtlSoftwareModelCheckingC.epf Toolchain:toolchains/LtlSoftwareModelCheckingC.xml
2015-02-04_14-59-25-989 Finishing test with FAIL for Input:LTL/rers/P16/Problem16_prop_020.c Settings:settings/LtlSoftwareModelCheckingC.epf Toolchain:toolchains/LtlSoftwareModelCheckingC.xml: EXCEPTION_OR_ERROR(Expected:SAFE): ExpectedResult: SAFE UltimateResult: EXCEPTION_OR_ERROR   [de.uni_freiburg.informatik.ultimate.plugins.generator.buchiautomizer: OutOfMemoryError: GC overhead limit exceeded]
2015-02-04_14-59-26-517 ### 163/341 ### Starting test for Input:LTL/rers/P16/Problem16_prop_021.c Settings:settings/LtlSoftwareModelCheckingC.epf Toolchain:toolchains/LtlSoftwareModelCheckingC.xml
2015-02-04_15-21-59-541 Finishing test with FAIL for Input:LTL/rers/P16/Problem16_prop_021.c Settings:settings/LtlSoftwareModelCheckingC.epf Toolchain:toolchains/LtlSoftwareModelCheckingC.xml: EXCEPTION_OR_ERROR(Expected:UNSAFE): ExpectedResult: UNSAFE UltimateResult: EXCEPTION_OR_ERROR   [de.uni_freiburg.informatik.ultimate.plugins.generator.buchiautomizer: OutOfMemoryError: Java heap space]
2015-02-04_15-22-00-080 ### 164/341 ### Starting test for Input:LTL/rers/P16/Problem16_prop_022.c Settings:settings/LtlSoftwareModelCheckingC.epf Toolchain:toolchains/LtlSoftwareModelCheckingC.xml
2015-02-04_15-38-03-872 Finishing test with FAIL for Input:LTL/rers/P16/Problem16_prop_022.c Settings:settings/LtlSoftwareModelCheckingC.epf Toolchain:toolchains/LtlSoftwareModelCheckingC.xml: EXCEPTION_OR_ERROR(Expected:UNSAFE): ExpectedResult: UNSAFE UltimateResult: EXCEPTION_OR_ERROR   [de.uni_freiburg.informatik.ultimate.plugins.generator.buchiautomizer: OutOfMemoryError: GC overhead limit exceeded]
2015-02-04_15-38-04-403 ### 165/341 ### Starting test for Input:LTL/rers/P16/Problem16_prop_023.c Settings:settings/LtlSoftwareModelCheckingC.epf Toolchain:toolchains/LtlSoftwareModelCheckingC.xml
2015-02-04_15-51-44-465 Finishing test with SUCCESS for Input:LTL/rers/P16/Problem16_prop_023.c Settings:settings/LtlSoftwareModelCheckingC.epf Toolchain:toolchains/LtlSoftwareModelCheckingC.xml: SAFE(Expected:SAFE): ExpectedResult: SAFE UltimateResult: SAFE   [ShortDescription: All specifications hold LongDescription: We were not able to verify any specifiation because the program does not contain any specification.]
2015-02-04_15-51-45-271 ### 166/341 ### Starting test for Input:LTL/rers/P16/Problem16_prop_024.c Settings:settings/LtlSoftwareModelCheckingC.epf Toolchain:toolchains/LtlSoftwareModelCheckingC.xml
2015-02-04_16-04-49-963 Finishing test with FAIL for Input:LTL/rers/P16/Problem16_prop_024.c Settings:settings/LtlSoftwareModelCheckingC.epf Toolchain:toolchains/LtlSoftwareModelCheckingC.xml: EXCEPTION_OR_ERROR(Expected:UNSAFE): ExpectedResult: UNSAFE UltimateResult: EXCEPTION_OR_ERROR   [de.uni_freiburg.informatik.ultimate.plugins.generator.buchiautomizer: OutOfMemoryError: GC overhead limit exceeded]
2015-02-04_16-04-50-501 ### 167/341 ### Starting test for Input:LTL/rers/P16/Problem16_prop_025.c Settings:settings/LtlSoftwareModelCheckingC.epf Toolchain:toolchains/LtlSoftwareModelCheckingC.xml
2015-02-04_16-24-50-689 Finishing test with UNKNOWN for Input:LTL/rers/P16/Problem16_prop_025.c Settings:settings/LtlSoftwareModelCheckingC.epf Toolchain:toolchains/LtlSoftwareModelCheckingC.xml: TIMEOUT(Expected:SAFE): ExpectedResult: SAFE UltimateResult: TIMEOUT   [ShortDescription: Timeout LongDescription: Timeout while trying to prove G((!((A && F(B))) || (C U B)))]
2015-02-04_16-24-51-362 ### 168/341 ### Starting test for Input:LTL/rers/P16/Problem16_prop_026.c Settings:settings/LtlSoftwareModelCheckingC.epf Toolchain:toolchains/LtlSoftwareModelCheckingC.xml
2015-02-04_16-40-01-235 Finishing test with FAIL for Input:LTL/rers/P16/Problem16_prop_026.c Settings:settings/LtlSoftwareModelCheckingC.epf Toolchain:toolchains/LtlSoftwareModelCheckingC.xml: EXCEPTION_OR_ERROR(Expected:UNSAFE): ExpectedResult: UNSAFE UltimateResult: EXCEPTION_OR_ERROR   [de.uni_freiburg.informatik.ultimate.plugins.generator.buchiautomizer: OutOfMemoryError: GC overhead limit exceeded]
2015-02-04_16-40-01-823 ### 169/341 ### Starting test for Input:LTL/rers/P16/Problem16_prop_027.c Settings:settings/LtlSoftwareModelCheckingC.epf Toolchain:toolchains/LtlSoftwareModelCheckingC.xml
2015-02-04_16-50-40-942 Finishing test with FAIL for Input:LTL/rers/P16/Problem16_prop_027.c Settings:settings/LtlSoftwareModelCheckingC.epf Toolchain:toolchains/LtlSoftwareModelCheckingC.xml: EXCEPTION_OR_ERROR(Expected:UNSAFE): ExpectedResult: UNSAFE UltimateResult: EXCEPTION_OR_ERROR   [de.uni_freiburg.informatik.ultimate.plugins.generator.buchiautomizer: OutOfMemoryError: Java heap space]
2015-02-04_16-50-41-502 ### 170/341 ### Starting test for Input:LTL/rers/P16/Problem16_prop_028.c Settings:settings/LtlSoftwareModelCheckingC.epf Toolchain:toolchains/LtlSoftwareModelCheckingC.xml
2015-02-04_16-57-40-232 Finishing test with SUCCESS for Input:LTL/rers/P16/Problem16_prop_028.c Settings:settings/LtlSoftwareModelCheckingC.epf Toolchain:toolchains/LtlSoftwareModelCheckingC.xml: UNSAFE(Expected:UNSAFE): ExpectedResult: UNSAFE UltimateResult: UNSAFE   Violation of LTL property ((A U B) || G(A)) 
2015-02-04_16-57-41-419 ### 171/341 ### Starting test for Input:LTL/rers/P16/Problem16_prop_029.c Settings:settings/LtlSoftwareModelCheckingC.epf Toolchain:toolchains/LtlSoftwareModelCheckingC.xml
2015-02-04_17-17-47-620 Finishing test with UNKNOWN for Input:LTL/rers/P16/Problem16_prop_029.c Settings:settings/LtlSoftwareModelCheckingC.epf Toolchain:toolchains/LtlSoftwareModelCheckingC.xml: TIMEOUT(Expected:UNSAFE): ExpectedResult: UNSAFE UltimateResult: TIMEOUT   [ShortDescription: Timeout LongDescription: Timeout while trying to prove G((!((A && F(B))) || (C U B)))]
2015-02-04_17-17-48-184 ### 172/341 ### Starting test for Input:LTL/rers/P16/Problem16_prop_030.c Settings:settings/LtlSoftwareModelCheckingC.epf Toolchain:toolchains/LtlSoftwareModelCheckingC.xml
2015-02-04_17-39-20-841 Finishing test with FAIL for Input:LTL/rers/P16/Problem16_prop_030.c Settings:settings/LtlSoftwareModelCheckingC.epf Toolchain:toolchains/LtlSoftwareModelCheckingC.xml: EXCEPTION_OR_ERROR(Expected:UNSAFE): ExpectedResult: UNSAFE UltimateResult: EXCEPTION_OR_ERROR   [de.uni_freiburg.informatik.ultimate.plugins.generator.buchiautomizer: OutOfMemoryError: Java heap space]
2015-02-04_17-39-21-386 ### 173/341 ### Starting test for Input:LTL/rers/P16/Problem16_prop_031.c Settings:settings/LtlSoftwareModelCheckingC.epf Toolchain:toolchains/LtlSoftwareModelCheckingC.xml
2015-02-04_17-41-12-303 Finishing test with SUCCESS for Input:LTL/rers/P16/Problem16_prop_031.c Settings:settings/LtlSoftwareModelCheckingC.epf Toolchain:toolchains/LtlSoftwareModelCheckingC.xml: SAFE(Expected:SAFE): ExpectedResult: SAFE UltimateResult: SAFE   [ShortDescription: All specifications hold LongDescription: We were not able to verify any specifiation because the program does not contain any specification.]
2015-02-04_17-41-12-954 ### 174/341 ### Starting test for Input:LTL/rers/P16/Problem16_prop_032.c Settings:settings/LtlSoftwareModelCheckingC.epf Toolchain:toolchains/LtlSoftwareModelCheckingC.xml
2015-02-04_18-01-19-216 Finishing test with UNKNOWN for Input:LTL/rers/P16/Problem16_prop_032.c Settings:settings/LtlSoftwareModelCheckingC.epf Toolchain:toolchains/LtlSoftwareModelCheckingC.xml: TIMEOUT(Expected:UNSAFE): ExpectedResult: UNSAFE UltimateResult: TIMEOUT   [ShortDescription: Timeout LongDescription: Timeout while trying to prove ((A U B) || G(A))]
2015-02-04_18-01-20-173 ### 175/341 ### Starting test for Input:LTL/rers/P16/Problem16_prop_033.c Settings:settings/LtlSoftwareModelCheckingC.epf Toolchain:toolchains/LtlSoftwareModelCheckingC.xml
2015-02-04_18-07-32-888 Finishing test with SUCCESS for Input:LTL/rers/P16/Problem16_prop_033.c Settings:settings/LtlSoftwareModelCheckingC.epf Toolchain:toolchains/LtlSoftwareModelCheckingC.xml: SAFE(Expected:SAFE): ExpectedResult: SAFE UltimateResult: SAFE   [ShortDescription: All specifications hold LongDescription: We were not able to verify any specifiation because the program does not contain any specification.]
2015-02-04_18-07-33-528 ### 176/341 ### Starting test for Input:LTL/rers/P16/Problem16_prop_034.c Settings:settings/LtlSoftwareModelCheckingC.epf Toolchain:toolchains/LtlSoftwareModelCheckingC.xml
2015-02-04_18-12-35-999 Finishing test with SUCCESS for Input:LTL/rers/P16/Problem16_prop_034.c Settings:settings/LtlSoftwareModelCheckingC.epf Toolchain:toolchains/LtlSoftwareModelCheckingC.xml: SAFE(Expected:SAFE): ExpectedResult: SAFE UltimateResult: SAFE   [ShortDescription: All specifications hold LongDescription: We were not able to verify any specifiation because the program does not contain any specification.]
2015-02-04_18-12-36-791 ### 177/341 ### Starting test for Input:LTL/rers/P16/Problem16_prop_035.c Settings:settings/LtlSoftwareModelCheckingC.epf Toolchain:toolchains/LtlSoftwareModelCheckingC.xml
2015-02-04_18-18-53-128 Finishing test with SUCCESS for Input:LTL/rers/P16/Problem16_prop_035.c Settings:settings/LtlSoftwareModelCheckingC.epf Toolchain:toolchains/LtlSoftwareModelCheckingC.xml: SAFE(Expected:SAFE): ExpectedResult: SAFE UltimateResult: SAFE   [ShortDescription: All specifications hold LongDescription: We were not able to verify any specifiation because the program does not contain any specification.]
2015-02-04_18-18-53-959 ### 178/341 ### Starting test for Input:LTL/rers/P16/Problem16_prop_036.c Settings:settings/LtlSoftwareModelCheckingC.epf Toolchain:toolchains/LtlSoftwareModelCheckingC.xml
2015-02-04_18-38-53-996 Finishing test with UNKNOWN for Input:LTL/rers/P16/Problem16_prop_036.c Settings:settings/LtlSoftwareModelCheckingC.epf Toolchain:toolchains/LtlSoftwareModelCheckingC.xml: TIMEOUT(Expected:UNSAFE): ExpectedResult: UNSAFE UltimateResult: TIMEOUT   [ShortDescription: Timeout LongDescription: Timeout while trying to prove G((A || ((B U C) || G(B))))]
2015-02-04_18-38-54-736 ### 179/341 ### Starting test for Input:LTL/rers/P16/Problem16_prop_037.c Settings:settings/LtlSoftwareModelCheckingC.epf Toolchain:toolchains/LtlSoftwareModelCheckingC.xml
2015-02-04_18-59-30-035 Finishing test with UNKNOWN for Input:LTL/rers/P16/Problem16_prop_037.c Settings:settings/LtlSoftwareModelCheckingC.epf Toolchain:toolchains/LtlSoftwareModelCheckingC.xml: TIMEOUT(Expected:UNSAFE): ExpectedResult: UNSAFE UltimateResult: TIMEOUT   [ShortDescription: Timeout LongDescription: Timeout while trying to prove G((A || (B U C)))]
2015-02-04_18-59-31-036 ### 180/341 ### Starting test for Input:LTL/rers/P16/Problem16_prop_038.c Settings:settings/LtlSoftwareModelCheckingC.epf Toolchain:toolchains/LtlSoftwareModelCheckingC.xml
2015-02-04_19-11-42-800 Finishing test with FAIL for Input:LTL/rers/P16/Problem16_prop_038.c Settings:settings/LtlSoftwareModelCheckingC.epf Toolchain:toolchains/LtlSoftwareModelCheckingC.xml: EXCEPTION_OR_ERROR(Expected:UNSAFE): ExpectedResult: UNSAFE UltimateResult: EXCEPTION_OR_ERROR   [de.uni_freiburg.informatik.ultimate.plugins.generator.buchiautomizer: OutOfMemoryError: Java heap space]
2015-02-04_19-11-43-399 ### 181/341 ### Starting test for Input:LTL/rers/P16/Problem16_prop_039.c Settings:settings/LtlSoftwareModelCheckingC.epf Toolchain:toolchains/LtlSoftwareModelCheckingC.xml
2015-02-04_19-36-32-035 Finishing test with UNKNOWN for Input:LTL/rers/P16/Problem16_prop_039.c Settings:settings/LtlSoftwareModelCheckingC.epf Toolchain:toolchains/LtlSoftwareModelCheckingC.xml: TIMEOUT(Expected:UNSAFE): ExpectedResult: UNSAFE UltimateResult: TIMEOUT   [ShortDescription: Timeout LongDescription: Timeout while trying to prove G((!((A && F(B))) || (C U B)))]
2015-02-04_19-36-32-637 ### 182/341 ### Starting test for Input:LTL/rers/P16/Problem16_prop_040.c Settings:settings/LtlSoftwareModelCheckingC.epf Toolchain:toolchains/LtlSoftwareModelCheckingC.xml
2015-02-04_19-46-52-344 Finishing test with FAIL for Input:LTL/rers/P16/Problem16_prop_040.c Settings:settings/LtlSoftwareModelCheckingC.epf Toolchain:toolchains/LtlSoftwareModelCheckingC.xml: EXCEPTION_OR_ERROR(Expected:UNSAFE): ExpectedResult: UNSAFE UltimateResult: EXCEPTION_OR_ERROR   [de.uni_freiburg.informatik.ultimate.plugins.generator.buchiautomizer: OutOfMemoryError: Java heap space]
2015-02-04_19-46-52-936 ### 183/341 ### Starting test for Input:LTL/rers/P16/Problem16_prop_041.c Settings:settings/LtlSoftwareModelCheckingC.epf Toolchain:toolchains/LtlSoftwareModelCheckingC.xml
2015-02-04_20-01-33-565 Finishing test with FAIL for Input:LTL/rers/P16/Problem16_prop_041.c Settings:settings/LtlSoftwareModelCheckingC.epf Toolchain:toolchains/LtlSoftwareModelCheckingC.xml: NO_RESULT(Expected:UNSAFE): ExpectedResult: UNSAFE UltimateResult: NO_RESULT   NO_RESULT
2015-02-04_20-01-34-719 ### 184/341 ### Starting test for Input:LTL/rers/P16/Problem16_prop_042.c Settings:settings/LtlSoftwareModelCheckingC.epf Toolchain:toolchains/LtlSoftwareModelCheckingC.xml
2015-02-04_20-21-37-474 Finishing test with UNKNOWN for Input:LTL/rers/P16/Problem16_prop_042.c Settings:settings/LtlSoftwareModelCheckingC.epf Toolchain:toolchains/LtlSoftwareModelCheckingC.xml: TIMEOUT(Expected:UNSAFE): ExpectedResult: UNSAFE UltimateResult: TIMEOUT   [ShortDescription: Timeout LongDescription: Timeout while trying to prove (!(F(A)) || (B U (A || (C U (A || (B U (A || (C U (A || (D U A))))))))))]
2015-02-04_20-21-38-068 ### 185/341 ### Starting test for Input:LTL/rers/P16/Problem16_prop_043.c Settings:settings/LtlSoftwareModelCheckingC.epf Toolchain:toolchains/LtlSoftwareModelCheckingC.xml
2015-02-04_20-41-50-100 Finishing test with UNKNOWN for Input:LTL/rers/P16/Problem16_prop_043.c Settings:settings/LtlSoftwareModelCheckingC.epf Toolchain:toolchains/LtlSoftwareModelCheckingC.xml: TIMEOUT(Expected:UNSAFE): ExpectedResult: UNSAFE UltimateResult: TIMEOUT   [ShortDescription: Timeout LongDescription: Timeout while trying to prove ((A U B) || G(A))]
2015-02-04_20-41-50-911 ### 186/341 ### Starting test for Input:LTL/rers/P16/Problem16_prop_044.c Settings:settings/LtlSoftwareModelCheckingC.epf Toolchain:toolchains/LtlSoftwareModelCheckingC.xml
2015-02-04_20-42-31-489 Finishing test with SUCCESS for Input:LTL/rers/P16/Problem16_prop_044.c Settings:settings/LtlSoftwareModelCheckingC.epf Toolchain:toolchains/LtlSoftwareModelCheckingC.xml: SAFE(Expected:SAFE): ExpectedResult: SAFE UltimateResult: SAFE   [ShortDescription: All specifications hold LongDescription: We were not able to verify any specifiation because the program does not contain any specification.]
2015-02-04_20-42-32-208 ### 187/341 ### Starting test for Input:LTL/rers/P16/Problem16_prop_045.c Settings:settings/LtlSoftwareModelCheckingC.epf Toolchain:toolchains/LtlSoftwareModelCheckingC.xml
2015-02-04_20-46-18-976 Finishing test with FAIL for Input:LTL/rers/P16/Problem16_prop_045.c Settings:settings/LtlSoftwareModelCheckingC.epf Toolchain:toolchains/LtlSoftwareModelCheckingC.xml: EXCEPTION_OR_ERROR(Expected:SAFE): ExpectedResult: SAFE UltimateResult: EXCEPTION_OR_ERROR   [de.uni_freiburg.informatik.ultimate.buchiprogramproduct: StackOverflowError: null: de.uni_freiburg.informatik.ultimate.model.boogie.output.BoogieOutput.appendExpression(BoogieOutput.java:228)]
2015-02-04_20-46-19-573 ### 188/341 ### Starting test for Input:LTL/rers/P16/Problem16_prop_046.c Settings:settings/LtlSoftwareModelCheckingC.epf Toolchain:toolchains/LtlSoftwareModelCheckingC.xml
2015-02-04_21-09-14-534 Finishing test with UNKNOWN for Input:LTL/rers/P16/Problem16_prop_046.c Settings:settings/LtlSoftwareModelCheckingC.epf Toolchain:toolchains/LtlSoftwareModelCheckingC.xml: TIMEOUT(Expected:UNSAFE): ExpectedResult: UNSAFE UltimateResult: TIMEOUT   [ShortDescription: Timeout LongDescription: Timeout while trying to prove G((A || (B U C)))]
2015-02-04_21-09-15-411 ### 189/341 ### Starting test for Input:LTL/rers/P16/Problem16_prop_047.c Settings:settings/LtlSoftwareModelCheckingC.epf Toolchain:toolchains/LtlSoftwareModelCheckingC.xml
2015-02-04_21-17-54-226 Finishing test with SUCCESS for Input:LTL/rers/P16/Problem16_prop_047.c Settings:settings/LtlSoftwareModelCheckingC.epf Toolchain:toolchains/LtlSoftwareModelCheckingC.xml: SAFE(Expected:SAFE): ExpectedResult: SAFE UltimateResult: SAFE   [ShortDescription: All specifications hold LongDescription: We were not able to verify any specifiation because the program does not contain any specification.]
2015-02-04_21-17-55-158 ### 190/341 ### Starting test for Input:LTL/rers/P16/Problem16_prop_048.c Settings:settings/LtlSoftwareModelCheckingC.epf Toolchain:toolchains/LtlSoftwareModelCheckingC.xml
2015-02-04_21-33-23-669 Finishing test with FAIL for Input:LTL/rers/P16/Problem16_prop_048.c Settings:settings/LtlSoftwareModelCheckingC.epf Toolchain:toolchains/LtlSoftwareModelCheckingC.xml: EXCEPTION_OR_ERROR(Expected:UNSAFE): ExpectedResult: UNSAFE UltimateResult: EXCEPTION_OR_ERROR   [de.uni_freiburg.informatik.ultimate.plugins.generator.buchiautomizer: OutOfMemoryError: GC overhead limit exceeded]
2015-02-04_21-33-24-273 ### 191/341 ### Starting test for Input:LTL/rers/P16/Problem16_prop_049.c Settings:settings/LtlSoftwareModelCheckingC.epf Toolchain:toolchains/LtlSoftwareModelCheckingC.xml
2015-02-04_21-53-41-290 Finishing test with UNKNOWN for Input:LTL/rers/P16/Problem16_prop_049.c Settings:settings/LtlSoftwareModelCheckingC.epf Toolchain:toolchains/LtlSoftwareModelCheckingC.xml: TIMEOUT(Expected:UNSAFE): ExpectedResult: UNSAFE UltimateResult: TIMEOUT   [ShortDescription: Timeout LongDescription: Timeout while trying to prove ((A U B) || G(A))]
2015-02-04_21-53-42-071 ### 192/341 ### Starting test for Input:LTL/rers/P17/Problem17_prop_000.c Settings:settings/LtlSoftwareModelCheckingC.epf Toolchain:toolchains/LtlSoftwareModelCheckingC.xml
2015-02-04_21-54-24-627 Finishing test with SUCCESS for Input:LTL/rers/P17/Problem17_prop_000.c Settings:settings/LtlSoftwareModelCheckingC.epf Toolchain:toolchains/LtlSoftwareModelCheckingC.xml: SAFE(Expected:SAFE): ExpectedResult: SAFE UltimateResult: SAFE   [ShortDescription: All specifications hold LongDescription: We were not able to verify any specifiation because the program does not contain any specification.]
2015-02-04_21-54-25-370 ### 193/341 ### Starting test for Input:LTL/rers/P17/Problem17_prop_001.c Settings:settings/LtlSoftwareModelCheckingC.epf Toolchain:toolchains/LtlSoftwareModelCheckingC.xml
2015-02-04_21-54-40-087 Finishing test with SUCCESS for Input:LTL/rers/P17/Problem17_prop_001.c Settings:settings/LtlSoftwareModelCheckingC.epf Toolchain:toolchains/LtlSoftwareModelCheckingC.xml: SAFE(Expected:SAFE): ExpectedResult: SAFE UltimateResult: SAFE   [ShortDescription: All specifications hold LongDescription: We were not able to verify any specifiation because the program does not contain any specification.]
2015-02-04_21-54-40-800 ### 194/341 ### Starting test for Input:LTL/rers/P17/Problem17_prop_002.c Settings:settings/LtlSoftwareModelCheckingC.epf Toolchain:toolchains/LtlSoftwareModelCheckingC.xml
2015-02-04_21-58-14-317 Finishing test with SUCCESS for Input:LTL/rers/P17/Problem17_prop_002.c Settings:settings/LtlSoftwareModelCheckingC.epf Toolchain:toolchains/LtlSoftwareModelCheckingC.xml: SAFE(Expected:SAFE): ExpectedResult: SAFE UltimateResult: SAFE   [ShortDescription: All specifications hold LongDescription: We were not able to verify any specifiation because the program does not contain any specification.]
2015-02-04_21-58-15-476 ### 195/341 ### Starting test for Input:LTL/rers/P17/Problem17_prop_003.c Settings:settings/LtlSoftwareModelCheckingC.epf Toolchain:toolchains/LtlSoftwareModelCheckingC.xml
2015-02-04_21-58-30-378 Finishing test with SUCCESS for Input:LTL/rers/P17/Problem17_prop_003.c Settings:settings/LtlSoftwareModelCheckingC.epf Toolchain:toolchains/LtlSoftwareModelCheckingC.xml: SAFE(Expected:SAFE): ExpectedResult: SAFE UltimateResult: SAFE   [ShortDescription: All specifications hold LongDescription: We were not able to verify any specifiation because the program does not contain any specification.]
2015-02-04_21-58-31-099 ### 196/341 ### Starting test for Input:LTL/rers/P17/Problem17_prop_004.c Settings:settings/LtlSoftwareModelCheckingC.epf Toolchain:toolchains/LtlSoftwareModelCheckingC.xml
2015-02-04_22-11-00-529 Finishing test with FAIL for Input:LTL/rers/P17/Problem17_prop_004.c Settings:settings/LtlSoftwareModelCheckingC.epf Toolchain:toolchains/LtlSoftwareModelCheckingC.xml: EXCEPTION_OR_ERROR(Expected:UNSAFE): ExpectedResult: UNSAFE UltimateResult: EXCEPTION_OR_ERROR   [de.uni_freiburg.informatik.ultimate.plugins.generator.buchiautomizer: OutOfMemoryError: GC overhead limit exceeded]
2015-02-04_22-11-01-346 ### 197/341 ### Starting test for Input:LTL/rers/P17/Problem17_prop_005.c Settings:settings/LtlSoftwareModelCheckingC.epf Toolchain:toolchains/LtlSoftwareModelCheckingC.xml
2015-02-04_22-15-30-535 Finishing test with FAIL for Input:LTL/rers/P17/Problem17_prop_005.c Settings:settings/LtlSoftwareModelCheckingC.epf Toolchain:toolchains/LtlSoftwareModelCheckingC.xml: EXCEPTION_OR_ERROR(Expected:SAFE): ExpectedResult: SAFE UltimateResult: EXCEPTION_OR_ERROR   [de.uni_freiburg.informatik.ultimate.buchiprogramproduct: StackOverflowError: null: de.uni_freiburg.informatik.ultimate.model.boogie.output.BoogieOutput.appendExpression(BoogieOutput.java:228)]
2015-02-04_22-15-31-151 ### 198/341 ### Starting test for Input:LTL/rers/P17/Problem17_prop_006.c Settings:settings/LtlSoftwareModelCheckingC.epf Toolchain:toolchains/LtlSoftwareModelCheckingC.xml
2015-02-04_22-24-32-362 Finishing test with FAIL for Input:LTL/rers/P17/Problem17_prop_006.c Settings:settings/LtlSoftwareModelCheckingC.epf Toolchain:toolchains/LtlSoftwareModelCheckingC.xml: EXCEPTION_OR_ERROR(Expected:UNSAFE): ExpectedResult: UNSAFE UltimateResult: EXCEPTION_OR_ERROR   [de.uni_freiburg.informatik.ultimate.plugins.generator.buchiautomizer: OutOfMemoryError: GC overhead limit exceeded]
2015-02-04_22-24-33-006 ### 199/341 ### Starting test for Input:LTL/rers/P17/Problem17_prop_007.c Settings:settings/LtlSoftwareModelCheckingC.epf Toolchain:toolchains/LtlSoftwareModelCheckingC.xml
2015-02-04_22-27-10-597 Finishing test with SUCCESS for Input:LTL/rers/P17/Problem17_prop_007.c Settings:settings/LtlSoftwareModelCheckingC.epf Toolchain:toolchains/LtlSoftwareModelCheckingC.xml: SAFE(Expected:SAFE): ExpectedResult: SAFE UltimateResult: SAFE   [ShortDescription: All specifications hold LongDescription: We were not able to verify any specifiation because the program does not contain any specification.]
2015-02-04_22-27-11-595 ### 200/341 ### Starting test for Input:LTL/rers/P17/Problem17_prop_008.c Settings:settings/LtlSoftwareModelCheckingC.epf Toolchain:toolchains/LtlSoftwareModelCheckingC.xml
2015-02-04_22-28-00-926 Finishing test with SUCCESS for Input:LTL/rers/P17/Problem17_prop_008.c Settings:settings/LtlSoftwareModelCheckingC.epf Toolchain:toolchains/LtlSoftwareModelCheckingC.xml: SAFE(Expected:SAFE): ExpectedResult: SAFE UltimateResult: SAFE   [ShortDescription: All specifications hold LongDescription: We were not able to verify any specifiation because the program does not contain any specification.]
2015-02-04_22-28-01-698 ### 201/341 ### Starting test for Input:LTL/rers/P17/Problem17_prop_009.c Settings:settings/LtlSoftwareModelCheckingC.epf Toolchain:toolchains/LtlSoftwareModelCheckingC.xml
2015-02-04_22-36-15-311 Finishing test with FAIL for Input:LTL/rers/P17/Problem17_prop_009.c Settings:settings/LtlSoftwareModelCheckingC.epf Toolchain:toolchains/LtlSoftwareModelCheckingC.xml: EXCEPTION_OR_ERROR(Expected:UNSAFE): ExpectedResult: UNSAFE UltimateResult: EXCEPTION_OR_ERROR   [de.uni_freiburg.informatik.ultimate.plugins.generator.buchiautomizer: OutOfMemoryError: GC overhead limit exceeded]
2015-02-04_22-36-15-931 ### 202/341 ### Starting test for Input:LTL/rers/P17/Problem17_prop_010.c Settings:settings/LtlSoftwareModelCheckingC.epf Toolchain:toolchains/LtlSoftwareModelCheckingC.xml
2015-02-04_22-36-41-464 Finishing test with SUCCESS for Input:LTL/rers/P17/Problem17_prop_010.c Settings:settings/LtlSoftwareModelCheckingC.epf Toolchain:toolchains/LtlSoftwareModelCheckingC.xml: SAFE(Expected:SAFE): ExpectedResult: SAFE UltimateResult: SAFE   [ShortDescription: All specifications hold LongDescription: We were not able to verify any specifiation because the program does not contain any specification.]
2015-02-04_22-36-42-245 ### 203/341 ### Starting test for Input:LTL/rers/P17/Problem17_prop_011.c Settings:settings/LtlSoftwareModelCheckingC.epf Toolchain:toolchains/LtlSoftwareModelCheckingC.xml
2015-02-04_22-37-04-435 Finishing test with SUCCESS for Input:LTL/rers/P17/Problem17_prop_011.c Settings:settings/LtlSoftwareModelCheckingC.epf Toolchain:toolchains/LtlSoftwareModelCheckingC.xml: SAFE(Expected:SAFE): ExpectedResult: SAFE UltimateResult: SAFE   [ShortDescription: All specifications hold LongDescription: We were not able to verify any specifiation because the program does not contain any specification.]
2015-02-04_22-37-05-191 ### 204/341 ### Starting test for Input:LTL/rers/P17/Problem17_prop_012.c Settings:settings/LtlSoftwareModelCheckingC.epf Toolchain:toolchains/LtlSoftwareModelCheckingC.xml
2015-02-04_22-57-59-693 Finishing test with UNKNOWN for Input:LTL/rers/P17/Problem17_prop_012.c Settings:settings/LtlSoftwareModelCheckingC.epf Toolchain:toolchains/LtlSoftwareModelCheckingC.xml: TIMEOUT(Expected:UNSAFE): ExpectedResult: UNSAFE UltimateResult: TIMEOUT   [ShortDescription: Timeout LongDescription: Timeout while trying to prove G((A || G(B)))]
2015-02-04_22-58-00-863 ### 205/341 ### Starting test for Input:LTL/rers/P17/Problem17_prop_013.c Settings:settings/LtlSoftwareModelCheckingC.epf Toolchain:toolchains/LtlSoftwareModelCheckingC.xml
2015-02-04_23-20-56-589 Finishing test with UNKNOWN for Input:LTL/rers/P17/Problem17_prop_013.c Settings:settings/LtlSoftwareModelCheckingC.epf Toolchain:toolchains/LtlSoftwareModelCheckingC.xml: TIMEOUT(Expected:UNSAFE): ExpectedResult: UNSAFE UltimateResult: TIMEOUT   [ShortDescription: Timeout LongDescription: Timeout while trying to prove G((A || ((B U C) || G(B))))]
2015-02-04_23-20-58-000 ### 206/341 ### Starting test for Input:LTL/rers/P17/Problem17_prop_014.c Settings:settings/LtlSoftwareModelCheckingC.epf Toolchain:toolchains/LtlSoftwareModelCheckingC.xml
2015-02-04_23-30-36-868 Finishing test with FAIL for Input:LTL/rers/P17/Problem17_prop_014.c Settings:settings/LtlSoftwareModelCheckingC.epf Toolchain:toolchains/LtlSoftwareModelCheckingC.xml: EXCEPTION_OR_ERROR(Expected:UNSAFE): ExpectedResult: UNSAFE UltimateResult: EXCEPTION_OR_ERROR   [de.uni_freiburg.informatik.ultimate.plugins.generator.buchiautomizer: OutOfMemoryError: GC overhead limit exceeded]
2015-02-04_23-30-37-848 ### 207/341 ### Starting test for Input:LTL/rers/P17/Problem17_prop_015.c Settings:settings/LtlSoftwareModelCheckingC.epf Toolchain:toolchains/LtlSoftwareModelCheckingC.xml
2015-02-04_23-32-04-876 Finishing test with SUCCESS for Input:LTL/rers/P17/Problem17_prop_015.c Settings:settings/LtlSoftwareModelCheckingC.epf Toolchain:toolchains/LtlSoftwareModelCheckingC.xml: SAFE(Expected:SAFE): ExpectedResult: SAFE UltimateResult: SAFE   [ShortDescription: All specifications hold LongDescription: We were not able to verify any specifiation because the program does not contain any specification.]
2015-02-04_23-32-06-020 ### 208/341 ### Starting test for Input:LTL/rers/P17/Problem17_prop_016.c Settings:settings/LtlSoftwareModelCheckingC.epf Toolchain:toolchains/LtlSoftwareModelCheckingC.xml
2015-02-04_23-52-06-064 Finishing test with UNKNOWN for Input:LTL/rers/P17/Problem17_prop_016.c Settings:settings/LtlSoftwareModelCheckingC.epf Toolchain:toolchains/LtlSoftwareModelCheckingC.xml: TIMEOUT(Expected:UNSAFE): ExpectedResult: UNSAFE UltimateResult: TIMEOUT   [ShortDescription: Timeout LongDescription: Timeout while trying to prove G((A || (B U C)))]
2015-02-04_23-52-07-545 ### 209/341 ### Starting test for Input:LTL/rers/P17/Problem17_prop_017.c Settings:settings/LtlSoftwareModelCheckingC.epf Toolchain:toolchains/LtlSoftwareModelCheckingC.xml
2015-02-04_23-54-23-207 Finishing test with SUCCESS for Input:LTL/rers/P17/Problem17_prop_017.c Settings:settings/LtlSoftwareModelCheckingC.epf Toolchain:toolchains/LtlSoftwareModelCheckingC.xml: SAFE(Expected:SAFE): ExpectedResult: SAFE UltimateResult: SAFE   [ShortDescription: All specifications hold LongDescription: We were not able to verify any specifiation because the program does not contain any specification.]
2015-02-04_23-54-24-447 ### 210/341 ### Starting test for Input:LTL/rers/P17/Problem17_prop_018.c Settings:settings/LtlSoftwareModelCheckingC.epf Toolchain:toolchains/LtlSoftwareModelCheckingC.xml
2015-02-04_23-55-16-925 Finishing test with SUCCESS for Input:LTL/rers/P17/Problem17_prop_018.c Settings:settings/LtlSoftwareModelCheckingC.epf Toolchain:toolchains/LtlSoftwareModelCheckingC.xml: SAFE(Expected:SAFE): ExpectedResult: SAFE UltimateResult: SAFE   [ShortDescription: All specifications hold LongDescription: We were not able to verify any specifiation because the program does not contain any specification.]
2015-02-04_23-55-18-487 ### 211/341 ### Starting test for Input:LTL/rers/P17/Problem17_prop_019.c Settings:settings/LtlSoftwareModelCheckingC.epf Toolchain:toolchains/LtlSoftwareModelCheckingC.xml
2015-02-05_00-16-47-021 Finishing test with UNKNOWN for Input:LTL/rers/P17/Problem17_prop_019.c Settings:settings/LtlSoftwareModelCheckingC.epf Toolchain:toolchains/LtlSoftwareModelCheckingC.xml: TIMEOUT(Expected:UNSAFE): ExpectedResult: UNSAFE UltimateResult: TIMEOUT   [ShortDescription: Timeout LongDescription: Timeout while trying to prove G((A || (B U C)))]
2015-02-05_00-16-48-335 ### 212/341 ### Starting test for Input:LTL/rers/P17/Problem17_prop_020.c Settings:settings/LtlSoftwareModelCheckingC.epf Toolchain:toolchains/LtlSoftwareModelCheckingC.xml
2015-02-05_00-17-37-689 Finishing test with SUCCESS for Input:LTL/rers/P17/Problem17_prop_020.c Settings:settings/LtlSoftwareModelCheckingC.epf Toolchain:toolchains/LtlSoftwareModelCheckingC.xml: SAFE(Expected:SAFE): ExpectedResult: SAFE UltimateResult: SAFE   [ShortDescription: All specifications hold LongDescription: We were not able to verify any specifiation because the program does not contain any specification.]
2015-02-05_00-17-38-836 ### 213/341 ### Starting test for Input:LTL/rers/P17/Problem17_prop_021.c Settings:settings/LtlSoftwareModelCheckingC.epf Toolchain:toolchains/LtlSoftwareModelCheckingC.xml
2015-02-05_00-49-24-415 Finishing test with UNKNOWN for Input:LTL/rers/P17/Problem17_prop_021.c Settings:settings/LtlSoftwareModelCheckingC.epf Toolchain:toolchains/LtlSoftwareModelCheckingC.xml: TIMEOUT(Expected:UNSAFE): ExpectedResult: UNSAFE UltimateResult: TIMEOUT   [ShortDescription: Timeout LongDescription: Timeout while trying to prove ((A U B) || G(A))]
2015-02-05_00-49-25-736 ### 214/341 ### Starting test for Input:LTL/rers/P17/Problem17_prop_022.c Settings:settings/LtlSoftwareModelCheckingC.epf Toolchain:toolchains/LtlSoftwareModelCheckingC.xml
2015-02-05_00-49-40-494 Finishing test with SUCCESS for Input:LTL/rers/P17/Problem17_prop_022.c Settings:settings/LtlSoftwareModelCheckingC.epf Toolchain:toolchains/LtlSoftwareModelCheckingC.xml: SAFE(Expected:SAFE): ExpectedResult: SAFE UltimateResult: SAFE   [ShortDescription: All specifications hold LongDescription: We were not able to verify any specifiation because the program does not contain any specification.]
2015-02-05_00-49-41-993 ### 215/341 ### Starting test for Input:LTL/rers/P17/Problem17_prop_023.c Settings:settings/LtlSoftwareModelCheckingC.epf Toolchain:toolchains/LtlSoftwareModelCheckingC.xml
2015-02-05_00-50-07-870 Finishing test with SUCCESS for Input:LTL/rers/P17/Problem17_prop_023.c Settings:settings/LtlSoftwareModelCheckingC.epf Toolchain:toolchains/LtlSoftwareModelCheckingC.xml: SAFE(Expected:SAFE): ExpectedResult: SAFE UltimateResult: SAFE   [ShortDescription: All specifications hold LongDescription: We were not able to verify any specifiation because the program does not contain any specification.]
2015-02-05_00-50-09-186 ### 216/341 ### Starting test for Input:LTL/rers/P17/Problem17_prop_024.c Settings:settings/LtlSoftwareModelCheckingC.epf Toolchain:toolchains/LtlSoftwareModelCheckingC.xml
2015-02-05_01-13-02-807 Finishing test with UNKNOWN for Input:LTL/rers/P17/Problem17_prop_024.c Settings:settings/LtlSoftwareModelCheckingC.epf Toolchain:toolchains/LtlSoftwareModelCheckingC.xml: TIMEOUT(Expected:UNSAFE): ExpectedResult: UNSAFE UltimateResult: TIMEOUT   [ShortDescription: Timeout LongDescription: Timeout while trying to prove (!(F(A)) || (B U (A || (C U (A || (B U (A || (C U (A || (D U A))))))))))]
2015-02-05_01-13-04-076 ### 217/341 ### Starting test for Input:LTL/rers/P17/Problem17_prop_025.c Settings:settings/LtlSoftwareModelCheckingC.epf Toolchain:toolchains/LtlSoftwareModelCheckingC.xml
2015-02-05_01-17-30-939 Finishing test with FAIL for Input:LTL/rers/P17/Problem17_prop_025.c Settings:settings/LtlSoftwareModelCheckingC.epf Toolchain:toolchains/LtlSoftwareModelCheckingC.xml: EXCEPTION_OR_ERROR(Expected:UNSAFE): ExpectedResult: UNSAFE UltimateResult: EXCEPTION_OR_ERROR   [de.uni_freiburg.informatik.ultimate.buchiprogramproduct: StackOverflowError: null: de.uni_freiburg.informatik.ultimate.model.boogie.output.BoogieOutput.appendExpression(BoogieOutput.java:228)]
2015-02-05_01-17-32-213 ### 218/341 ### Starting test for Input:LTL/rers/P17/Problem17_prop_026.c Settings:settings/LtlSoftwareModelCheckingC.epf Toolchain:toolchains/LtlSoftwareModelCheckingC.xml
2015-02-05_01-19-24-126 Finishing test with SUCCESS for Input:LTL/rers/P17/Problem17_prop_026.c Settings:settings/LtlSoftwareModelCheckingC.epf Toolchain:toolchains/LtlSoftwareModelCheckingC.xml: SAFE(Expected:SAFE): ExpectedResult: SAFE UltimateResult: SAFE   [ShortDescription: All specifications hold LongDescription: We were not able to verify any specifiation because the program does not contain any specification.]
2015-02-05_01-19-27-296 ### 219/341 ### Starting test for Input:LTL/rers/P17/Problem17_prop_027.c Settings:settings/LtlSoftwareModelCheckingC.epf Toolchain:toolchains/LtlSoftwareModelCheckingC.xml
2015-02-05_01-21-33-015 Finishing test with SUCCESS for Input:LTL/rers/P17/Problem17_prop_027.c Settings:settings/LtlSoftwareModelCheckingC.epf Toolchain:toolchains/LtlSoftwareModelCheckingC.xml: SAFE(Expected:SAFE): ExpectedResult: SAFE UltimateResult: SAFE   [ShortDescription: All specifications hold LongDescription: We were not able to verify any specifiation because the program does not contain any specification.]
2015-02-05_01-21-34-497 ### 220/341 ### Starting test for Input:LTL/rers/P17/Problem17_prop_028.c Settings:settings/LtlSoftwareModelCheckingC.epf Toolchain:toolchains/LtlSoftwareModelCheckingC.xml
2015-02-05_01-21-59-732 Finishing test with SUCCESS for Input:LTL/rers/P17/Problem17_prop_028.c Settings:settings/LtlSoftwareModelCheckingC.epf Toolchain:toolchains/LtlSoftwareModelCheckingC.xml: SAFE(Expected:SAFE): ExpectedResult: SAFE UltimateResult: SAFE   [ShortDescription: All specifications hold LongDescription: We were not able to verify any specifiation because the program does not contain any specification.]
2015-02-05_01-22-01-091 ### 221/341 ### Starting test for Input:LTL/rers/P17/Problem17_prop_029.c Settings:settings/LtlSoftwareModelCheckingC.epf Toolchain:toolchains/LtlSoftwareModelCheckingC.xml
2015-02-05_01-33-40-557 Finishing test with FAIL for Input:LTL/rers/P17/Problem17_prop_029.c Settings:settings/LtlSoftwareModelCheckingC.epf Toolchain:toolchains/LtlSoftwareModelCheckingC.xml: EXCEPTION_OR_ERROR(Expected:UNSAFE): ExpectedResult: UNSAFE UltimateResult: EXCEPTION_OR_ERROR   [de.uni_freiburg.informatik.ultimate.plugins.generator.buchiautomizer: OutOfMemoryError: GC overhead limit exceeded]
2015-02-05_01-33-41-794 ### 222/341 ### Starting test for Input:LTL/rers/P17/Problem17_prop_030.c Settings:settings/LtlSoftwareModelCheckingC.epf Toolchain:toolchains/LtlSoftwareModelCheckingC.xml
2015-02-05_01-34-19-044 Finishing test with SUCCESS for Input:LTL/rers/P17/Problem17_prop_030.c Settings:settings/LtlSoftwareModelCheckingC.epf Toolchain:toolchains/LtlSoftwareModelCheckingC.xml: SAFE(Expected:SAFE): ExpectedResult: SAFE UltimateResult: SAFE   [ShortDescription: All specifications hold LongDescription: We were not able to verify any specifiation because the program does not contain any specification.]
2015-02-05_01-34-20-430 ### 223/341 ### Starting test for Input:LTL/rers/P17/Problem17_prop_031.c Settings:settings/LtlSoftwareModelCheckingC.epf Toolchain:toolchains/LtlSoftwareModelCheckingC.xml
2015-02-05_01-34-36-123 Finishing test with SUCCESS for Input:LTL/rers/P17/Problem17_prop_031.c Settings:settings/LtlSoftwareModelCheckingC.epf Toolchain:toolchains/LtlSoftwareModelCheckingC.xml: SAFE(Expected:SAFE): ExpectedResult: SAFE UltimateResult: SAFE   [ShortDescription: All specifications hold LongDescription: We were not able to verify any specifiation because the program does not contain any specification.]
2015-02-05_01-34-37-451 ### 224/341 ### Starting test for Input:LTL/rers/P17/Problem17_prop_032.c Settings:settings/LtlSoftwareModelCheckingC.epf Toolchain:toolchains/LtlSoftwareModelCheckingC.xml
2015-02-05_01-34-54-450 Finishing test with SUCCESS for Input:LTL/rers/P17/Problem17_prop_032.c Settings:settings/LtlSoftwareModelCheckingC.epf Toolchain:toolchains/LtlSoftwareModelCheckingC.xml: SAFE(Expected:SAFE): ExpectedResult: SAFE UltimateResult: SAFE   [ShortDescription: All specifications hold LongDescription: We were not able to verify any specifiation because the program does not contain any specification.]
2015-02-05_01-34-55-766 ### 225/341 ### Starting test for Input:LTL/rers/P17/Problem17_prop_033.c Settings:settings/LtlSoftwareModelCheckingC.epf Toolchain:toolchains/LtlSoftwareModelCheckingC.xml
2015-02-05_01-45-20-565 Finishing test with FAIL for Input:LTL/rers/P17/Problem17_prop_033.c Settings:settings/LtlSoftwareModelCheckingC.epf Toolchain:toolchains/LtlSoftwareModelCheckingC.xml: EXCEPTION_OR_ERROR(Expected:UNSAFE): ExpectedResult: UNSAFE UltimateResult: EXCEPTION_OR_ERROR   [de.uni_freiburg.informatik.ultimate.plugins.generator.buchiautomizer: OutOfMemoryError: GC overhead limit exceeded]
2015-02-05_01-45-22-044 ### 226/341 ### Starting test for Input:LTL/rers/P17/Problem17_prop_034.c Settings:settings/LtlSoftwareModelCheckingC.epf Toolchain:toolchains/LtlSoftwareModelCheckingC.xml
2015-02-05_01-59-42-746 Finishing test with FAIL for Input:LTL/rers/P17/Problem17_prop_034.c Settings:settings/LtlSoftwareModelCheckingC.epf Toolchain:toolchains/LtlSoftwareModelCheckingC.xml: EXCEPTION_OR_ERROR(Expected:UNSAFE): ExpectedResult: UNSAFE UltimateResult: EXCEPTION_OR_ERROR   [de.uni_freiburg.informatik.ultimate.plugins.generator.buchiautomizer: OutOfMemoryError: Java heap space]
2015-02-05_01-59-44-240 ### 227/341 ### Starting test for Input:LTL/rers/P17/Problem17_prop_035.c Settings:settings/LtlSoftwareModelCheckingC.epf Toolchain:toolchains/LtlSoftwareModelCheckingC.xml
2015-02-05_02-00-19-237 Finishing test with SUCCESS for Input:LTL/rers/P17/Problem17_prop_035.c Settings:settings/LtlSoftwareModelCheckingC.epf Toolchain:toolchains/LtlSoftwareModelCheckingC.xml: SAFE(Expected:SAFE): ExpectedResult: SAFE UltimateResult: SAFE   [ShortDescription: All specifications hold LongDescription: We were not able to verify any specifiation because the program does not contain any specification.]
2015-02-05_02-00-20-634 ### 228/341 ### Starting test for Input:LTL/rers/P17/Problem17_prop_036.c Settings:settings/LtlSoftwareModelCheckingC.epf Toolchain:toolchains/LtlSoftwareModelCheckingC.xml
2015-02-05_02-04-50-976 Finishing test with FAIL for Input:LTL/rers/P17/Problem17_prop_036.c Settings:settings/LtlSoftwareModelCheckingC.epf Toolchain:toolchains/LtlSoftwareModelCheckingC.xml: EXCEPTION_OR_ERROR(Expected:UNSAFE): ExpectedResult: UNSAFE UltimateResult: EXCEPTION_OR_ERROR   [de.uni_freiburg.informatik.ultimate.buchiprogramproduct: StackOverflowError: null: de.uni_freiburg.informatik.ultimate.model.boogie.output.BoogieOutput.appendExpression(BoogieOutput.java:228)]
2015-02-05_02-04-52-245 ### 229/341 ### Starting test for Input:LTL/rers/P17/Problem17_prop_037.c Settings:settings/LtlSoftwareModelCheckingC.epf Toolchain:toolchains/LtlSoftwareModelCheckingC.xml
2015-02-05_02-05-31-457 Finishing test with SUCCESS for Input:LTL/rers/P17/Problem17_prop_037.c Settings:settings/LtlSoftwareModelCheckingC.epf Toolchain:toolchains/LtlSoftwareModelCheckingC.xml: SAFE(Expected:SAFE): ExpectedResult: SAFE UltimateResult: SAFE   [ShortDescription: All specifications hold LongDescription: We were not able to verify any specifiation because the program does not contain any specification.]
2015-02-05_02-05-33-155 ### 230/341 ### Starting test for Input:LTL/rers/P17/Problem17_prop_038.c Settings:settings/LtlSoftwareModelCheckingC.epf Toolchain:toolchains/LtlSoftwareModelCheckingC.xml
2015-02-05_02-06-26-618 Finishing test with SUCCESS for Input:LTL/rers/P17/Problem17_prop_038.c Settings:settings/LtlSoftwareModelCheckingC.epf Toolchain:toolchains/LtlSoftwareModelCheckingC.xml: SAFE(Expected:SAFE): ExpectedResult: SAFE UltimateResult: SAFE   [ShortDescription: All specifications hold LongDescription: We were not able to verify any specifiation because the program does not contain any specification.]
2015-02-05_02-06-28-469 ### 231/341 ### Starting test for Input:LTL/rers/P17/Problem17_prop_039.c Settings:settings/LtlSoftwareModelCheckingC.epf Toolchain:toolchains/LtlSoftwareModelCheckingC.xml
2015-02-05_02-50-33-870 Finishing test with UNKNOWN for Input:LTL/rers/P17/Problem17_prop_039.c Settings:settings/LtlSoftwareModelCheckingC.epf Toolchain:toolchains/LtlSoftwareModelCheckingC.xml: TIMEOUT(Expected:UNSAFE): ExpectedResult: UNSAFE UltimateResult: TIMEOUT   [ShortDescription: Timeout LongDescription: Timeout while trying to prove G((A || (B U C)))]
2015-02-05_02-50-35-169 ### 232/341 ### Starting test for Input:LTL/rers/P17/Problem17_prop_040.c Settings:settings/LtlSoftwareModelCheckingC.epf Toolchain:toolchains/LtlSoftwareModelCheckingC.xml
2015-02-05_03-10-55-871 Finishing test with UNKNOWN for Input:LTL/rers/P17/Problem17_prop_040.c Settings:settings/LtlSoftwareModelCheckingC.epf Toolchain:toolchains/LtlSoftwareModelCheckingC.xml: TIMEOUT(Expected:UNSAFE): ExpectedResult: UNSAFE UltimateResult: TIMEOUT   [ShortDescription: Timeout LongDescription: Timeout while trying to prove (G(A) || F((B && F(C))))]
2015-02-05_03-10-57-123 ### 233/341 ### Starting test for Input:LTL/rers/P17/Problem17_prop_041.c Settings:settings/LtlSoftwareModelCheckingC.epf Toolchain:toolchains/LtlSoftwareModelCheckingC.xml
2015-02-05_03-11-14-159 Finishing test with SUCCESS for Input:LTL/rers/P17/Problem17_prop_041.c Settings:settings/LtlSoftwareModelCheckingC.epf Toolchain:toolchains/LtlSoftwareModelCheckingC.xml: SAFE(Expected:SAFE): ExpectedResult: SAFE UltimateResult: SAFE   [ShortDescription: All specifications hold LongDescription: We were not able to verify any specifiation because the program does not contain any specification.]
2015-02-05_03-11-15-505 ### 234/341 ### Starting test for Input:LTL/rers/P17/Problem17_prop_042.c Settings:settings/LtlSoftwareModelCheckingC.epf Toolchain:toolchains/LtlSoftwareModelCheckingC.xml
2015-02-05_03-15-45-171 Finishing test with FAIL for Input:LTL/rers/P17/Problem17_prop_042.c Settings:settings/LtlSoftwareModelCheckingC.epf Toolchain:toolchains/LtlSoftwareModelCheckingC.xml: EXCEPTION_OR_ERROR(Expected:UNSAFE): ExpectedResult: UNSAFE UltimateResult: EXCEPTION_OR_ERROR   [de.uni_freiburg.informatik.ultimate.buchiprogramproduct: StackOverflowError: null: de.uni_freiburg.informatik.ultimate.model.boogie.output.BoogieOutput.appendExpression(BoogieOutput.java:228)]
2015-02-05_03-15-46-424 ### 235/341 ### Starting test for Input:LTL/rers/P17/Problem17_prop_043.c Settings:settings/LtlSoftwareModelCheckingC.epf Toolchain:toolchains/LtlSoftwareModelCheckingC.xml
2015-02-05_03-24-26-505 Finishing test with FAIL for Input:LTL/rers/P17/Problem17_prop_043.c Settings:settings/LtlSoftwareModelCheckingC.epf Toolchain:toolchains/LtlSoftwareModelCheckingC.xml: EXCEPTION_OR_ERROR(Expected:UNSAFE): ExpectedResult: UNSAFE UltimateResult: EXCEPTION_OR_ERROR   [de.uni_freiburg.informatik.ultimate.plugins.generator.buchiautomizer: OutOfMemoryError: Java heap space]
2015-02-05_03-24-27-747 ### 236/341 ### Starting test for Input:LTL/rers/P17/Problem17_prop_044.c Settings:settings/LtlSoftwareModelCheckingC.epf Toolchain:toolchains/LtlSoftwareModelCheckingC.xml
2015-02-05_03-25-36-412 Finishing test with SUCCESS for Input:LTL/rers/P17/Problem17_prop_044.c Settings:settings/LtlSoftwareModelCheckingC.epf Toolchain:toolchains/LtlSoftwareModelCheckingC.xml: SAFE(Expected:SAFE): ExpectedResult: SAFE UltimateResult: SAFE   [ShortDescription: All specifications hold LongDescription: We were not able to verify any specifiation because the program does not contain any specification.]
2015-02-05_03-25-37-759 ### 237/341 ### Starting test for Input:LTL/rers/P17/Problem17_prop_045.c Settings:settings/LtlSoftwareModelCheckingC.epf Toolchain:toolchains/LtlSoftwareModelCheckingC.xml
2015-02-05_03-45-42-933 Finishing test with UNKNOWN for Input:LTL/rers/P17/Problem17_prop_045.c Settings:settings/LtlSoftwareModelCheckingC.epf Toolchain:toolchains/LtlSoftwareModelCheckingC.xml: TIMEOUT(Expected:UNSAFE): ExpectedResult: UNSAFE UltimateResult: TIMEOUT   [ShortDescription: Timeout LongDescription: Timeout while trying to prove G((A || F(B)))]
2015-02-05_03-45-44-239 ### 238/341 ### Starting test for Input:LTL/rers/P17/Problem17_prop_046.c Settings:settings/LtlSoftwareModelCheckingC.epf Toolchain:toolchains/LtlSoftwareModelCheckingC.xml
2015-02-05_03-45-59-577 Finishing test with SUCCESS for Input:LTL/rers/P17/Problem17_prop_046.c Settings:settings/LtlSoftwareModelCheckingC.epf Toolchain:toolchains/LtlSoftwareModelCheckingC.xml: SAFE(Expected:SAFE): ExpectedResult: SAFE UltimateResult: SAFE   [ShortDescription: All specifications hold LongDescription: We were not able to verify any specifiation because the program does not contain any specification.]
2015-02-05_03-46-00-968 ### 239/341 ### Starting test for Input:LTL/rers/P17/Problem17_prop_047.c Settings:settings/LtlSoftwareModelCheckingC.epf Toolchain:toolchains/LtlSoftwareModelCheckingC.xml
2015-02-05_04-03-00-218 Finishing test with FAIL for Input:LTL/rers/P17/Problem17_prop_047.c Settings:settings/LtlSoftwareModelCheckingC.epf Toolchain:toolchains/LtlSoftwareModelCheckingC.xml: EXCEPTION_OR_ERROR(Expected:UNSAFE): ExpectedResult: UNSAFE UltimateResult: EXCEPTION_OR_ERROR   [de.uni_freiburg.informatik.ultimate.plugins.generator.buchiautomizer: OutOfMemoryError: Java heap space]
2015-02-05_04-03-01-475 ### 240/341 ### Starting test for Input:LTL/rers/P17/Problem17_prop_048.c Settings:settings/LtlSoftwareModelCheckingC.epf Toolchain:toolchains/LtlSoftwareModelCheckingC.xml
2015-02-05_04-07-32-505 Finishing test with FAIL for Input:LTL/rers/P17/Problem17_prop_048.c Settings:settings/LtlSoftwareModelCheckingC.epf Toolchain:toolchains/LtlSoftwareModelCheckingC.xml: EXCEPTION_OR_ERROR(Expected:SAFE): ExpectedResult: SAFE UltimateResult: EXCEPTION_OR_ERROR   [de.uni_freiburg.informatik.ultimate.buchiprogramproduct: StackOverflowError: null: de.uni_freiburg.informatik.ultimate.model.boogie.output.BoogieOutput.appendExpression(BoogieOutput.java:228)]
2015-02-05_04-07-33-797 ### 241/341 ### Starting test for Input:LTL/rers/P17/Problem17_prop_049.c Settings:settings/LtlSoftwareModelCheckingC.epf Toolchain:toolchains/LtlSoftwareModelCheckingC.xml
2015-02-05_04-12-06-754 Finishing test with FAIL for Input:LTL/rers/P17/Problem17_prop_049.c Settings:settings/LtlSoftwareModelCheckingC.epf Toolchain:toolchains/LtlSoftwareModelCheckingC.xml: EXCEPTION_OR_ERROR(Expected:UNSAFE): ExpectedResult: UNSAFE UltimateResult: EXCEPTION_OR_ERROR   [de.uni_freiburg.informatik.ultimate.buchiprogramproduct: StackOverflowError: null: de.uni_freiburg.informatik.ultimate.model.boogie.output.BoogieOutput.appendExpression(BoogieOutput.java:228)]
2015-02-05_04-12-08-022 ### 242/341 ### Starting test for Input:LTL/rers/P18/Problem18_prop_000.c Settings:settings/LtlSoftwareModelCheckingC.epf Toolchain:toolchains/LtlSoftwareModelCheckingC.xml
2015-02-05_04-36-30-326 Finishing test with UNKNOWN for Input:LTL/rers/P18/Problem18_prop_000.c Settings:settings/LtlSoftwareModelCheckingC.epf Toolchain:toolchains/LtlSoftwareModelCheckingC.xml: TIMEOUT(Expected:SAFE): ExpectedResult: SAFE UltimateResult: TIMEOUT   [ShortDescription: Timeout LongDescription: Timeout while trying to prove G((A || ((B U C) || G(B))))]
2015-02-05_04-36-31-823 ### 243/341 ### Starting test for Input:LTL/rers/P18/Problem18_prop_001.c Settings:settings/LtlSoftwareModelCheckingC.epf Toolchain:toolchains/LtlSoftwareModelCheckingC.xml
2015-02-05_04-39-18-174 Finishing test with SUCCESS for Input:LTL/rers/P18/Problem18_prop_001.c Settings:settings/LtlSoftwareModelCheckingC.epf Toolchain:toolchains/LtlSoftwareModelCheckingC.xml: SAFE(Expected:SAFE): ExpectedResult: SAFE UltimateResult: SAFE   [ShortDescription: All specifications hold LongDescription: We were not able to verify any specifiation because the program does not contain any specification.]
2015-02-05_04-39-19-571 ### 244/341 ### Starting test for Input:LTL/rers/P18/Problem18_prop_002.c Settings:settings/LtlSoftwareModelCheckingC.epf Toolchain:toolchains/LtlSoftwareModelCheckingC.xml
2015-02-05_04-40-57-791 Finishing test with SUCCESS for Input:LTL/rers/P18/Problem18_prop_002.c Settings:settings/LtlSoftwareModelCheckingC.epf Toolchain:toolchains/LtlSoftwareModelCheckingC.xml: SAFE(Expected:SAFE): ExpectedResult: SAFE UltimateResult: SAFE   [ShortDescription: All specifications hold LongDescription: We were not able to verify any specifiation because the program does not contain any specification.]
2015-02-05_04-40-59-223 ### 245/341 ### Starting test for Input:LTL/rers/P18/Problem18_prop_003.c Settings:settings/LtlSoftwareModelCheckingC.epf Toolchain:toolchains/LtlSoftwareModelCheckingC.xml
2015-02-05_04-41-48-796 Finishing test with SUCCESS for Input:LTL/rers/P18/Problem18_prop_003.c Settings:settings/LtlSoftwareModelCheckingC.epf Toolchain:toolchains/LtlSoftwareModelCheckingC.xml: SAFE(Expected:SAFE): ExpectedResult: SAFE UltimateResult: SAFE   [ShortDescription: All specifications hold LongDescription: We were not able to verify any specifiation because the program does not contain any specification.]
2015-02-05_04-41-50-140 ### 246/341 ### Starting test for Input:LTL/rers/P18/Problem18_prop_004.c Settings:settings/LtlSoftwareModelCheckingC.epf Toolchain:toolchains/LtlSoftwareModelCheckingC.xml
2015-02-05_04-44-44-755 Finishing test with SUCCESS for Input:LTL/rers/P18/Problem18_prop_004.c Settings:settings/LtlSoftwareModelCheckingC.epf Toolchain:toolchains/LtlSoftwareModelCheckingC.xml: SAFE(Expected:SAFE): ExpectedResult: SAFE UltimateResult: SAFE   [ShortDescription: All specifications hold LongDescription: We were not able to verify any specifiation because the program does not contain any specification.]
2015-02-05_04-44-46-082 ### 247/341 ### Starting test for Input:LTL/rers/P18/Problem18_prop_005.c Settings:settings/LtlSoftwareModelCheckingC.epf Toolchain:toolchains/LtlSoftwareModelCheckingC.xml
2015-02-05_05-03-58-347 Finishing test with FAIL for Input:LTL/rers/P18/Problem18_prop_005.c Settings:settings/LtlSoftwareModelCheckingC.epf Toolchain:toolchains/LtlSoftwareModelCheckingC.xml: EXCEPTION_OR_ERROR(Expected:UNSAFE): ExpectedResult: UNSAFE UltimateResult: EXCEPTION_OR_ERROR   [de.uni_freiburg.informatik.ultimate.plugins.generator.buchiautomizer: OutOfMemoryError: GC overhead limit exceeded]
2015-02-05_05-03-59-603 ### 248/341 ### Starting test for Input:LTL/rers/P18/Problem18_prop_006.c Settings:settings/LtlSoftwareModelCheckingC.epf Toolchain:toolchains/LtlSoftwareModelCheckingC.xml
2015-02-05_05-15-32-369 Finishing test with FAIL for Input:LTL/rers/P18/Problem18_prop_006.c Settings:settings/LtlSoftwareModelCheckingC.epf Toolchain:toolchains/LtlSoftwareModelCheckingC.xml: EXCEPTION_OR_ERROR(Expected:UNSAFE): ExpectedResult: UNSAFE UltimateResult: EXCEPTION_OR_ERROR   [de.uni_freiburg.informatik.ultimate.buchiprogramproduct: StackOverflowError: null: de.uni_freiburg.informatik.ultimate.model.boogie.output.BoogieOutput.appendExpression(BoogieOutput.java:228)]
2015-02-05_05-15-33-620 ### 249/341 ### Starting test for Input:LTL/rers/P18/Problem18_prop_007.c Settings:settings/LtlSoftwareModelCheckingC.epf Toolchain:toolchains/LtlSoftwareModelCheckingC.xml
2015-02-05_05-38-12-723 Finishing test with UNKNOWN for Input:LTL/rers/P18/Problem18_prop_007.c Settings:settings/LtlSoftwareModelCheckingC.epf Toolchain:toolchains/LtlSoftwareModelCheckingC.xml: TIMEOUT(Expected:UNSAFE): ExpectedResult: UNSAFE UltimateResult: TIMEOUT   [ShortDescription: Timeout LongDescription: Timeout while trying to prove G((!((A && F(B))) || (C U B)))]
2015-02-05_05-38-13-990 ### 250/341 ### Starting test for Input:LTL/rers/P18/Problem18_prop_008.c Settings:settings/LtlSoftwareModelCheckingC.epf Toolchain:toolchains/LtlSoftwareModelCheckingC.xml
2015-02-05_05-58-14-037 Finishing test with UNKNOWN for Input:LTL/rers/P18/Problem18_prop_008.c Settings:settings/LtlSoftwareModelCheckingC.epf Toolchain:toolchains/LtlSoftwareModelCheckingC.xml: TIMEOUT(Expected:UNSAFE): ExpectedResult: UNSAFE UltimateResult: TIMEOUT   [ShortDescription: Timeout LongDescription: Timeout while trying to prove G((A || ((B U C) || G(B))))]
2015-02-05_05-58-15-493 ### 251/341 ### Starting test for Input:LTL/rers/P18/Problem18_prop_009.c Settings:settings/LtlSoftwareModelCheckingC.epf Toolchain:toolchains/LtlSoftwareModelCheckingC.xml
2015-02-05_06-18-27-149 Finishing test with UNKNOWN for Input:LTL/rers/P18/Problem18_prop_009.c Settings:settings/LtlSoftwareModelCheckingC.epf Toolchain:toolchains/LtlSoftwareModelCheckingC.xml: TIMEOUT(Expected:SAFE): ExpectedResult: SAFE UltimateResult: TIMEOUT   [ShortDescription: Timeout LongDescription: Timeout while trying to prove ((A U B) || G(A))]
2015-02-05_06-18-28-710 ### 252/341 ### Starting test for Input:LTL/rers/P18/Problem18_prop_010.c Settings:settings/LtlSoftwareModelCheckingC.epf Toolchain:toolchains/LtlSoftwareModelCheckingC.xml
2015-02-05_06-21-16-045 Finishing test with SUCCESS for Input:LTL/rers/P18/Problem18_prop_010.c Settings:settings/LtlSoftwareModelCheckingC.epf Toolchain:toolchains/LtlSoftwareModelCheckingC.xml: SAFE(Expected:SAFE): ExpectedResult: SAFE UltimateResult: SAFE   [ShortDescription: All specifications hold LongDescription: We were not able to verify any specifiation because the program does not contain any specification.]
2015-02-05_06-21-17-394 ### 253/341 ### Starting test for Input:LTL/rers/P18/Problem18_prop_011.c Settings:settings/LtlSoftwareModelCheckingC.epf Toolchain:toolchains/LtlSoftwareModelCheckingC.xml
2015-02-05_06-41-28-036 Finishing test with UNKNOWN for Input:LTL/rers/P18/Problem18_prop_011.c Settings:settings/LtlSoftwareModelCheckingC.epf Toolchain:toolchains/LtlSoftwareModelCheckingC.xml: TIMEOUT(Expected:UNSAFE): ExpectedResult: UNSAFE UltimateResult: TIMEOUT   [ShortDescription: Timeout LongDescription: Timeout while trying to prove G(A)]
2015-02-05_06-41-29-389 ### 254/341 ### Starting test for Input:LTL/rers/P18/Problem18_prop_012.c Settings:settings/LtlSoftwareModelCheckingC.epf Toolchain:toolchains/LtlSoftwareModelCheckingC.xml
2015-02-05_07-07-56-856 Finishing test with FAIL for Input:LTL/rers/P18/Problem18_prop_012.c Settings:settings/LtlSoftwareModelCheckingC.epf Toolchain:toolchains/LtlSoftwareModelCheckingC.xml: EXCEPTION_OR_ERROR(Expected:UNSAFE): ExpectedResult: UNSAFE UltimateResult: EXCEPTION_OR_ERROR   [de.uni_freiburg.informatik.ultimate.plugins.generator.buchiautomizer: OutOfMemoryError: Java heap space]
2015-02-05_07-07-58-145 ### 255/341 ### Starting test for Input:LTL/rers/P18/Problem18_prop_013.c Settings:settings/LtlSoftwareModelCheckingC.epf Toolchain:toolchains/LtlSoftwareModelCheckingC.xml
2015-02-05_07-24-07-303 Finishing test with FAIL for Input:LTL/rers/P18/Problem18_prop_013.c Settings:settings/LtlSoftwareModelCheckingC.epf Toolchain:toolchains/LtlSoftwareModelCheckingC.xml: EXCEPTION_OR_ERROR(Expected:UNSAFE): ExpectedResult: UNSAFE UltimateResult: EXCEPTION_OR_ERROR   [de.uni_freiburg.informatik.ultimate.plugins.generator.buchiautomizer: OutOfMemoryError: GC overhead limit exceeded]
2015-02-05_07-24-08-561 ### 256/341 ### Starting test for Input:LTL/rers/P18/Problem18_prop_014.c Settings:settings/LtlSoftwareModelCheckingC.epf Toolchain:toolchains/LtlSoftwareModelCheckingC.xml
2015-02-05_07-44-23-575 Finishing test with UNKNOWN for Input:LTL/rers/P18/Problem18_prop_014.c Settings:settings/LtlSoftwareModelCheckingC.epf Toolchain:toolchains/LtlSoftwareModelCheckingC.xml: TIMEOUT(Expected:UNSAFE): ExpectedResult: UNSAFE UltimateResult: TIMEOUT   [ShortDescription: Timeout LongDescription: Timeout while trying to prove (!(F(A)) || (B U C))]
2015-02-05_07-44-25-183 ### 257/341 ### Starting test for Input:LTL/rers/P18/Problem18_prop_015.c Settings:settings/LtlSoftwareModelCheckingC.epf Toolchain:toolchains/LtlSoftwareModelCheckingC.xml
2015-02-05_07-55-03-819 Finishing test with SUCCESS for Input:LTL/rers/P18/Problem18_prop_015.c Settings:settings/LtlSoftwareModelCheckingC.epf Toolchain:toolchains/LtlSoftwareModelCheckingC.xml: SAFE(Expected:SAFE): ExpectedResult: SAFE UltimateResult: SAFE   [ShortDescription: All specifications hold LongDescription: We were not able to verify any specifiation because the program does not contain any specification.]
2015-02-05_07-55-05-376 ### 258/341 ### Starting test for Input:LTL/rers/P18/Problem18_prop_016.c Settings:settings/LtlSoftwareModelCheckingC.epf Toolchain:toolchains/LtlSoftwareModelCheckingC.xml
2015-02-05_07-56-42-256 Finishing test with SUCCESS for Input:LTL/rers/P18/Problem18_prop_016.c Settings:settings/LtlSoftwareModelCheckingC.epf Toolchain:toolchains/LtlSoftwareModelCheckingC.xml: SAFE(Expected:SAFE): ExpectedResult: SAFE UltimateResult: SAFE   [ShortDescription: All specifications hold LongDescription: We were not able to verify any specifiation because the program does not contain any specification.]
2015-02-05_07-56-43-730 ### 259/341 ### Starting test for Input:LTL/rers/P18/Problem18_prop_017.c Settings:settings/LtlSoftwareModelCheckingC.epf Toolchain:toolchains/LtlSoftwareModelCheckingC.xml
2015-02-05_08-20-46-024 Finishing test with UNKNOWN for Input:LTL/rers/P18/Problem18_prop_017.c Settings:settings/LtlSoftwareModelCheckingC.epf Toolchain:toolchains/LtlSoftwareModelCheckingC.xml: TIMEOUT(Expected:UNSAFE): ExpectedResult: UNSAFE UltimateResult: TIMEOUT   [ShortDescription: Timeout LongDescription: Timeout while trying to prove (!(F(A)) || (B U C))]
2015-02-05_08-20-47-538 ### 260/341 ### Starting test for Input:LTL/rers/P18/Problem18_prop_018.c Settings:settings/LtlSoftwareModelCheckingC.epf Toolchain:toolchains/LtlSoftwareModelCheckingC.xml
2015-02-05_08-38-41-990 Finishing test with FAIL for Input:LTL/rers/P18/Problem18_prop_018.c Settings:settings/LtlSoftwareModelCheckingC.epf Toolchain:toolchains/LtlSoftwareModelCheckingC.xml: EXCEPTION_OR_ERROR(Expected:UNSAFE): ExpectedResult: UNSAFE UltimateResult: EXCEPTION_OR_ERROR   [de.uni_freiburg.informatik.ultimate.plugins.generator.buchiautomizer: OutOfMemoryError: GC overhead limit exceeded]
2015-02-05_08-38-43-258 ### 261/341 ### Starting test for Input:LTL/rers/P18/Problem18_prop_019.c Settings:settings/LtlSoftwareModelCheckingC.epf Toolchain:toolchains/LtlSoftwareModelCheckingC.xml
2015-02-05_08-45-25-634 Finishing test with SUCCESS for Input:LTL/rers/P18/Problem18_prop_019.c Settings:settings/LtlSoftwareModelCheckingC.epf Toolchain:toolchains/LtlSoftwareModelCheckingC.xml: SAFE(Expected:SAFE): ExpectedResult: SAFE UltimateResult: SAFE   [ShortDescription: All specifications hold LongDescription: We were not able to verify any specifiation because the program does not contain any specification.]
2015-02-05_08-45-27-187 ### 262/341 ### Starting test for Input:LTL/rers/P18/Problem18_prop_020.c Settings:settings/LtlSoftwareModelCheckingC.epf Toolchain:toolchains/LtlSoftwareModelCheckingC.xml
2015-02-05_09-05-35-593 Finishing test with UNKNOWN for Input:LTL/rers/P18/Problem18_prop_020.c Settings:settings/LtlSoftwareModelCheckingC.epf Toolchain:toolchains/LtlSoftwareModelCheckingC.xml: TIMEOUT(Expected:UNSAFE): ExpectedResult: UNSAFE UltimateResult: TIMEOUT   [ShortDescription: Timeout LongDescription: Timeout while trying to prove G((A || (B U C)))]
2015-02-05_09-05-37-151 ### 263/341 ### Starting test for Input:LTL/rers/P18/Problem18_prop_021.c Settings:settings/LtlSoftwareModelCheckingC.epf Toolchain:toolchains/LtlSoftwareModelCheckingC.xml
2015-02-05_09-17-09-905 Finishing test with FAIL for Input:LTL/rers/P18/Problem18_prop_021.c Settings:settings/LtlSoftwareModelCheckingC.epf Toolchain:toolchains/LtlSoftwareModelCheckingC.xml: EXCEPTION_OR_ERROR(Expected:UNSAFE): ExpectedResult: UNSAFE UltimateResult: EXCEPTION_OR_ERROR   [de.uni_freiburg.informatik.ultimate.buchiprogramproduct: StackOverflowError: null: de.uni_freiburg.informatik.ultimate.model.boogie.output.BoogieOutput.appendExpression(BoogieOutput.java:228)]
2015-02-05_09-17-11-189 ### 264/341 ### Starting test for Input:LTL/rers/P18/Problem18_prop_022.c Settings:settings/LtlSoftwareModelCheckingC.epf Toolchain:toolchains/LtlSoftwareModelCheckingC.xml
2015-02-05_09-18-00-147 Finishing test with SUCCESS for Input:LTL/rers/P18/Problem18_prop_022.c Settings:settings/LtlSoftwareModelCheckingC.epf Toolchain:toolchains/LtlSoftwareModelCheckingC.xml: SAFE(Expected:SAFE): ExpectedResult: SAFE UltimateResult: SAFE   [ShortDescription: All specifications hold LongDescription: We were not able to verify any specifiation because the program does not contain any specification.]
2015-02-05_09-18-01-778 ### 265/341 ### Starting test for Input:LTL/rers/P18/Problem18_prop_023.c Settings:settings/LtlSoftwareModelCheckingC.epf Toolchain:toolchains/LtlSoftwareModelCheckingC.xml
2015-02-05_09-38-02-993 Finishing test with UNKNOWN for Input:LTL/rers/P18/Problem18_prop_023.c Settings:settings/LtlSoftwareModelCheckingC.epf Toolchain:toolchains/LtlSoftwareModelCheckingC.xml: TIMEOUT(Expected:UNSAFE): ExpectedResult: UNSAFE UltimateResult: TIMEOUT   [ShortDescription: Timeout LongDescription: Timeout while trying to prove ((A U B) || G(A))]
2015-02-05_09-38-04-720 ### 266/341 ### Starting test for Input:LTL/rers/P18/Problem18_prop_024.c Settings:settings/LtlSoftwareModelCheckingC.epf Toolchain:toolchains/LtlSoftwareModelCheckingC.xml
2015-02-05_09-59-45-057 Finishing test with UNKNOWN for Input:LTL/rers/P18/Problem18_prop_024.c Settings:settings/LtlSoftwareModelCheckingC.epf Toolchain:toolchains/LtlSoftwareModelCheckingC.xml: TIMEOUT(Expected:SAFE): ExpectedResult: SAFE UltimateResult: TIMEOUT   [ShortDescription: Timeout LongDescription: Timeout while trying to prove (!(F(A)) || (B U C))]
2015-02-05_09-59-46-455 ### 267/341 ### Starting test for Input:LTL/rers/P18/Problem18_prop_025.c Settings:settings/LtlSoftwareModelCheckingC.epf Toolchain:toolchains/LtlSoftwareModelCheckingC.xml
2015-02-05_10-20-37-344 Finishing test with UNKNOWN for Input:LTL/rers/P18/Problem18_prop_025.c Settings:settings/LtlSoftwareModelCheckingC.epf Toolchain:toolchains/LtlSoftwareModelCheckingC.xml: TIMEOUT(Expected:UNSAFE): ExpectedResult: UNSAFE UltimateResult: TIMEOUT   [ShortDescription: Timeout LongDescription: Timeout while trying to prove G((A || ((B U C) || G(B))))]
2015-02-05_10-20-38-785 ### 268/341 ### Starting test for Input:LTL/rers/P18/Problem18_prop_026.c Settings:settings/LtlSoftwareModelCheckingC.epf Toolchain:toolchains/LtlSoftwareModelCheckingC.xml
2015-02-05_10-44-36-989 Finishing test with UNKNOWN for Input:LTL/rers/P18/Problem18_prop_026.c Settings:settings/LtlSoftwareModelCheckingC.epf Toolchain:toolchains/LtlSoftwareModelCheckingC.xml: TIMEOUT(Expected:UNSAFE): ExpectedResult: UNSAFE UltimateResult: TIMEOUT   [ShortDescription: Timeout LongDescription: Timeout while trying to prove G((A || ((B U C) || G(B))))]
2015-02-05_10-44-38-387 ### 269/341 ### Starting test for Input:LTL/rers/P18/Problem18_prop_027.c Settings:settings/LtlSoftwareModelCheckingC.epf Toolchain:toolchains/LtlSoftwareModelCheckingC.xml
2015-02-05_10-56-05-178 Finishing test with SUCCESS for Input:LTL/rers/P18/Problem18_prop_027.c Settings:settings/LtlSoftwareModelCheckingC.epf Toolchain:toolchains/LtlSoftwareModelCheckingC.xml: SAFE(Expected:SAFE): ExpectedResult: SAFE UltimateResult: SAFE   [ShortDescription: All specifications hold LongDescription: We were not able to verify any specifiation because the program does not contain any specification.]
2015-02-05_10-56-06-719 ### 270/341 ### Starting test for Input:LTL/rers/P18/Problem18_prop_028.c Settings:settings/LtlSoftwareModelCheckingC.epf Toolchain:toolchains/LtlSoftwareModelCheckingC.xml
2015-02-05_11-13-05-023 Finishing test with FAIL for Input:LTL/rers/P18/Problem18_prop_028.c Settings:settings/LtlSoftwareModelCheckingC.epf Toolchain:toolchains/LtlSoftwareModelCheckingC.xml: EXCEPTION_OR_ERROR(Expected:UNSAFE): ExpectedResult: UNSAFE UltimateResult: EXCEPTION_OR_ERROR   [de.uni_freiburg.informatik.ultimate.plugins.generator.buchiautomizer: OutOfMemoryError: GC overhead limit exceeded]
2015-02-05_11-13-06-293 ### 271/341 ### Starting test for Input:LTL/rers/P18/Problem18_prop_029.c Settings:settings/LtlSoftwareModelCheckingC.epf Toolchain:toolchains/LtlSoftwareModelCheckingC.xml
2015-02-05_11-30-20-960 Finishing test with SUCCESS for Input:LTL/rers/P18/Problem18_prop_029.c Settings:settings/LtlSoftwareModelCheckingC.epf Toolchain:toolchains/LtlSoftwareModelCheckingC.xml: SAFE(Expected:SAFE): ExpectedResult: SAFE UltimateResult: SAFE   [ShortDescription: All specifications hold LongDescription: We were not able to verify any specifiation because the program does not contain any specification.]
2015-02-05_11-30-22-719 ### 272/341 ### Starting test for Input:LTL/rers/P18/Problem18_prop_030.c Settings:settings/LtlSoftwareModelCheckingC.epf Toolchain:toolchains/LtlSoftwareModelCheckingC.xml
2015-02-05_11-33-30-647 Finishing test with SUCCESS for Input:LTL/rers/P18/Problem18_prop_030.c Settings:settings/LtlSoftwareModelCheckingC.epf Toolchain:toolchains/LtlSoftwareModelCheckingC.xml: SAFE(Expected:SAFE): ExpectedResult: SAFE UltimateResult: SAFE   [ShortDescription: All specifications hold LongDescription: We were not able to verify any specifiation because the program does not contain any specification.]
2015-02-05_11-33-32-197 ### 273/341 ### Starting test for Input:LTL/rers/P18/Problem18_prop_031.c Settings:settings/LtlSoftwareModelCheckingC.epf Toolchain:toolchains/LtlSoftwareModelCheckingC.xml
2015-02-05_11-42-11-296 Finishing test with SUCCESS for Input:LTL/rers/P18/Problem18_prop_031.c Settings:settings/LtlSoftwareModelCheckingC.epf Toolchain:toolchains/LtlSoftwareModelCheckingC.xml: SAFE(Expected:SAFE): ExpectedResult: SAFE UltimateResult: SAFE   [ShortDescription: All specifications hold LongDescription: We were not able to verify any specifiation because the program does not contain any specification.]
2015-02-05_11-42-12-835 ### 274/341 ### Starting test for Input:LTL/rers/P18/Problem18_prop_032.c Settings:settings/LtlSoftwareModelCheckingC.epf Toolchain:toolchains/LtlSoftwareModelCheckingC.xml
2015-02-05_12-03-39-548 Finishing test with FAIL for Input:LTL/rers/P18/Problem18_prop_032.c Settings:settings/LtlSoftwareModelCheckingC.epf Toolchain:toolchains/LtlSoftwareModelCheckingC.xml: EXCEPTION_OR_ERROR(Expected:UNSAFE): ExpectedResult: UNSAFE UltimateResult: EXCEPTION_OR_ERROR   [de.uni_freiburg.informatik.ultimate.plugins.generator.buchiautomizer: OutOfMemoryError: GC overhead limit exceeded]
2015-02-05_12-03-40-880 ### 275/341 ### Starting test for Input:LTL/rers/P18/Problem18_prop_033.c Settings:settings/LtlSoftwareModelCheckingC.epf Toolchain:toolchains/LtlSoftwareModelCheckingC.xml
2015-02-05_12-23-58-149 Finishing test with UNKNOWN for Input:LTL/rers/P18/Problem18_prop_033.c Settings:settings/LtlSoftwareModelCheckingC.epf Toolchain:toolchains/LtlSoftwareModelCheckingC.xml: TIMEOUT(Expected:UNSAFE): ExpectedResult: UNSAFE UltimateResult: TIMEOUT   [ShortDescription: Timeout LongDescription: Timeout while trying to prove G(A)]
2015-02-05_12-23-59-603 ### 276/341 ### Starting test for Input:LTL/rers/P18/Problem18_prop_034.c Settings:settings/LtlSoftwareModelCheckingC.epf Toolchain:toolchains/LtlSoftwareModelCheckingC.xml
2015-02-05_12-28-14-194 Finishing test with SUCCESS for Input:LTL/rers/P18/Problem18_prop_034.c Settings:settings/LtlSoftwareModelCheckingC.epf Toolchain:toolchains/LtlSoftwareModelCheckingC.xml: SAFE(Expected:SAFE): ExpectedResult: SAFE UltimateResult: SAFE   [ShortDescription: All specifications hold LongDescription: We were not able to verify any specifiation because the program does not contain any specification.]
2015-02-05_12-28-15-782 ### 277/341 ### Starting test for Input:LTL/rers/P18/Problem18_prop_035.c Settings:settings/LtlSoftwareModelCheckingC.epf Toolchain:toolchains/LtlSoftwareModelCheckingC.xml
2015-02-05_12-29-20-727 Finishing test with SUCCESS for Input:LTL/rers/P18/Problem18_prop_035.c Settings:settings/LtlSoftwareModelCheckingC.epf Toolchain:toolchains/LtlSoftwareModelCheckingC.xml: SAFE(Expected:SAFE): ExpectedResult: SAFE UltimateResult: SAFE   [ShortDescription: All specifications hold LongDescription: We were not able to verify any specifiation because the program does not contain any specification.]
2015-02-05_12-29-22-089 ### 278/341 ### Starting test for Input:LTL/rers/P18/Problem18_prop_036.c Settings:settings/LtlSoftwareModelCheckingC.epf Toolchain:toolchains/LtlSoftwareModelCheckingC.xml
2015-02-05_12-48-43-468 Finishing test with FAIL for Input:LTL/rers/P18/Problem18_prop_036.c Settings:settings/LtlSoftwareModelCheckingC.epf Toolchain:toolchains/LtlSoftwareModelCheckingC.xml: EXCEPTION_OR_ERROR(Expected:SAFE): ExpectedResult: SAFE UltimateResult: EXCEPTION_OR_ERROR   [de.uni_freiburg.informatik.ultimate.plugins.generator.buchiautomizer: OutOfMemoryError: GC overhead limit exceeded]
2015-02-05_12-48-44-768 ### 279/341 ### Starting test for Input:LTL/rers/P18/Problem18_prop_037.c Settings:settings/LtlSoftwareModelCheckingC.epf Toolchain:toolchains/LtlSoftwareModelCheckingC.xml
2015-02-05_13-08-45-799 Finishing test with UNKNOWN for Input:LTL/rers/P18/Problem18_prop_037.c Settings:settings/LtlSoftwareModelCheckingC.epf Toolchain:toolchains/LtlSoftwareModelCheckingC.xml: TIMEOUT(Expected:UNSAFE): ExpectedResult: UNSAFE UltimateResult: TIMEOUT   [ShortDescription: Timeout LongDescription: Timeout while trying to prove (G(A) || F((B && F(C))))]
2015-02-05_13-08-47-486 ### 280/341 ### Starting test for Input:LTL/rers/P18/Problem18_prop_038.c Settings:settings/LtlSoftwareModelCheckingC.epf Toolchain:toolchains/LtlSoftwareModelCheckingC.xml
2015-02-05_13-11-00-510 Finishing test with SUCCESS for Input:LTL/rers/P18/Problem18_prop_038.c Settings:settings/LtlSoftwareModelCheckingC.epf Toolchain:toolchains/LtlSoftwareModelCheckingC.xml: SAFE(Expected:SAFE): ExpectedResult: SAFE UltimateResult: SAFE   [ShortDescription: All specifications hold LongDescription: We were not able to verify any specifiation because the program does not contain any specification.]
2015-02-05_13-11-01-913 ### 281/341 ### Starting test for Input:LTL/rers/P18/Problem18_prop_039.c Settings:settings/LtlSoftwareModelCheckingC.epf Toolchain:toolchains/LtlSoftwareModelCheckingC.xml
2015-02-05_13-11-51-619 Finishing test with SUCCESS for Input:LTL/rers/P18/Problem18_prop_039.c Settings:settings/LtlSoftwareModelCheckingC.epf Toolchain:toolchains/LtlSoftwareModelCheckingC.xml: SAFE(Expected:SAFE): ExpectedResult: SAFE UltimateResult: SAFE   [ShortDescription: All specifications hold LongDescription: We were not able to verify any specifiation because the program does not contain any specification.]
2015-02-05_13-11-52-974 ### 282/341 ### Starting test for Input:LTL/rers/P18/Problem18_prop_040.c Settings:settings/LtlSoftwareModelCheckingC.epf Toolchain:toolchains/LtlSoftwareModelCheckingC.xml
2015-02-05_13-13-07-322 Finishing test with SUCCESS for Input:LTL/rers/P18/Problem18_prop_040.c Settings:settings/LtlSoftwareModelCheckingC.epf Toolchain:toolchains/LtlSoftwareModelCheckingC.xml: SAFE(Expected:SAFE): ExpectedResult: SAFE UltimateResult: SAFE   [ShortDescription: All specifications hold LongDescription: We were not able to verify any specifiation because the program does not contain any specification.]
2015-02-05_13-13-08-724 ### 283/341 ### Starting test for Input:LTL/rers/P18/Problem18_prop_041.c Settings:settings/LtlSoftwareModelCheckingC.epf Toolchain:toolchains/LtlSoftwareModelCheckingC.xml
2015-02-05_13-28-35-470 Finishing test with FAIL for Input:LTL/rers/P18/Problem18_prop_041.c Settings:settings/LtlSoftwareModelCheckingC.epf Toolchain:toolchains/LtlSoftwareModelCheckingC.xml: EXCEPTION_OR_ERROR(Expected:UNSAFE): ExpectedResult: UNSAFE UltimateResult: EXCEPTION_OR_ERROR   [de.uni_freiburg.informatik.ultimate.plugins.generator.buchiautomizer: OutOfMemoryError: GC overhead limit exceeded]
2015-02-05_13-28-36-775 ### 284/341 ### Starting test for Input:LTL/rers/P18/Problem18_prop_042.c Settings:settings/LtlSoftwareModelCheckingC.epf Toolchain:toolchains/LtlSoftwareModelCheckingC.xml
2015-02-05_13-51-29-328 Finishing test with FAIL for Input:LTL/rers/P18/Problem18_prop_042.c Settings:settings/LtlSoftwareModelCheckingC.epf Toolchain:toolchains/LtlSoftwareModelCheckingC.xml: EXCEPTION_OR_ERROR(Expected:UNSAFE): ExpectedResult: UNSAFE UltimateResult: EXCEPTION_OR_ERROR   [de.uni_freiburg.informatik.ultimate.plugins.generator.buchiautomizer: OutOfMemoryError: Java heap space]
2015-02-05_13-51-30-641 ### 285/341 ### Starting test for Input:LTL/rers/P18/Problem18_prop_043.c Settings:settings/LtlSoftwareModelCheckingC.epf Toolchain:toolchains/LtlSoftwareModelCheckingC.xml
2015-02-05_13-52-19-522 Finishing test with SUCCESS for Input:LTL/rers/P18/Problem18_prop_043.c Settings:settings/LtlSoftwareModelCheckingC.epf Toolchain:toolchains/LtlSoftwareModelCheckingC.xml: SAFE(Expected:SAFE): ExpectedResult: SAFE UltimateResult: SAFE   [ShortDescription: All specifications hold LongDescription: We were not able to verify any specifiation because the program does not contain any specification.]
2015-02-05_13-52-20-913 ### 286/341 ### Starting test for Input:LTL/rers/P18/Problem18_prop_044.c Settings:settings/LtlSoftwareModelCheckingC.epf Toolchain:toolchains/LtlSoftwareModelCheckingC.xml
2015-02-05_13-56-51-377 Finishing test with SUCCESS for Input:LTL/rers/P18/Problem18_prop_044.c Settings:settings/LtlSoftwareModelCheckingC.epf Toolchain:toolchains/LtlSoftwareModelCheckingC.xml: SAFE(Expected:SAFE): ExpectedResult: SAFE UltimateResult: SAFE   [ShortDescription: All specifications hold LongDescription: We were not able to verify any specifiation because the program does not contain any specification.]
2015-02-05_13-56-52-878 ### 287/341 ### Starting test for Input:LTL/rers/P18/Problem18_prop_045.c Settings:settings/LtlSoftwareModelCheckingC.epf Toolchain:toolchains/LtlSoftwareModelCheckingC.xml
2015-02-05_14-25-06-612 Finishing test with UNKNOWN for Input:LTL/rers/P18/Problem18_prop_045.c Settings:settings/LtlSoftwareModelCheckingC.epf Toolchain:toolchains/LtlSoftwareModelCheckingC.xml: TIMEOUT(Expected:UNSAFE): ExpectedResult: UNSAFE UltimateResult: TIMEOUT   [ShortDescription: Timeout LongDescription: Timeout while trying to prove G((A || ((B U C) || G(B))))]
2015-02-05_14-25-07-918 ### 288/341 ### Starting test for Input:LTL/rers/P18/Problem18_prop_046.c Settings:settings/LtlSoftwareModelCheckingC.epf Toolchain:toolchains/LtlSoftwareModelCheckingC.xml
2015-02-05_14-45-39-552 Finishing test with UNKNOWN for Input:LTL/rers/P18/Problem18_prop_046.c Settings:settings/LtlSoftwareModelCheckingC.epf Toolchain:toolchains/LtlSoftwareModelCheckingC.xml: TIMEOUT(Expected:UNSAFE): ExpectedResult: UNSAFE UltimateResult: TIMEOUT   [ShortDescription: Timeout LongDescription: Timeout while trying to prove G((A || ((B U C) || G(B))))]
2015-02-05_14-45-41-130 ### 289/341 ### Starting test for Input:LTL/rers/P18/Problem18_prop_047.c Settings:settings/LtlSoftwareModelCheckingC.epf Toolchain:toolchains/LtlSoftwareModelCheckingC.xml
2015-02-05_15-36-54-132 Finishing test with FAIL for Input:LTL/rers/P18/Problem18_prop_047.c Settings:settings/LtlSoftwareModelCheckingC.epf Toolchain:toolchains/LtlSoftwareModelCheckingC.xml: EXCEPTION_OR_ERROR(Expected:SAFE): ExpectedResult: SAFE UltimateResult: EXCEPTION_OR_ERROR   [de.uni_freiburg.informatik.ultimate.plugins.generator.buchiautomizer: OutOfMemoryError: Java heap space]
2015-02-05_15-36-55-473 ### 290/341 ### Starting test for Input:LTL/rers/P18/Problem18_prop_048.c Settings:settings/LtlSoftwareModelCheckingC.epf Toolchain:toolchains/LtlSoftwareModelCheckingC.xml
2015-02-05_15-42-31-863 Finishing test with SUCCESS for Input:LTL/rers/P18/Problem18_prop_048.c Settings:settings/LtlSoftwareModelCheckingC.epf Toolchain:toolchains/LtlSoftwareModelCheckingC.xml: SAFE(Expected:SAFE): ExpectedResult: SAFE UltimateResult: SAFE   [ShortDescription: All specifications hold LongDescription: We were not able to verify any specifiation because the program does not contain any specification.]
2015-02-05_15-42-33-356 ### 291/341 ### Starting test for Input:LTL/rers/P18/Problem18_prop_049.c Settings:settings/LtlSoftwareModelCheckingC.epf Toolchain:toolchains/LtlSoftwareModelCheckingC.xml
2015-02-05_16-05-08-303 Finishing test with UNKNOWN for Input:LTL/rers/P18/Problem18_prop_049.c Settings:settings/LtlSoftwareModelCheckingC.epf Toolchain:toolchains/LtlSoftwareModelCheckingC.xml: TIMEOUT(Expected:UNSAFE): ExpectedResult: UNSAFE UltimateResult: TIMEOUT   [ShortDescription: Timeout LongDescription: Timeout while trying to prove G((A || ((B U C) || G(B))))]
2015-02-05_16-05-09-683 ### 292/341 ### Starting test for Input:LTL/rers/P19/Problem19_prop_000.c Settings:settings/LtlSoftwareModelCheckingC.epf Toolchain:toolchains/LtlSoftwareModelCheckingC.xml
2015-02-05_16-26-32-929 Finishing test with UNKNOWN for Input:LTL/rers/P19/Problem19_prop_000.c Settings:settings/LtlSoftwareModelCheckingC.epf Toolchain:toolchains/LtlSoftwareModelCheckingC.xml: TIMEOUT(Expected:SAFE): ExpectedResult: SAFE UltimateResult: TIMEOUT   [ShortDescription: Timeout LongDescription: Timeout while trying to prove G((A || ((B U C) || G(B))))]
2015-02-05_16-26-34-490 ### 293/341 ### Starting test for Input:LTL/rers/P19/Problem19_prop_001.c Settings:settings/LtlSoftwareModelCheckingC.epf Toolchain:toolchains/LtlSoftwareModelCheckingC.xml
2015-02-05_16-49-31-698 Finishing test with UNKNOWN for Input:LTL/rers/P19/Problem19_prop_001.c Settings:settings/LtlSoftwareModelCheckingC.epf Toolchain:toolchains/LtlSoftwareModelCheckingC.xml: TIMEOUT(Expected:SAFE): ExpectedResult: SAFE UltimateResult: TIMEOUT   [ShortDescription: Timeout LongDescription: Timeout while trying to prove G((A || F(B)))]
2015-02-05_16-49-33-211 ### 294/341 ### Starting test for Input:LTL/rers/P19/Problem19_prop_002.c Settings:settings/LtlSoftwareModelCheckingC.epf Toolchain:toolchains/LtlSoftwareModelCheckingC.xml
2015-02-05_17-11-15-510 Finishing test with UNKNOWN for Input:LTL/rers/P19/Problem19_prop_002.c Settings:settings/LtlSoftwareModelCheckingC.epf Toolchain:toolchains/LtlSoftwareModelCheckingC.xml: TIMEOUT(Expected:SAFE): ExpectedResult: SAFE UltimateResult: TIMEOUT   [ShortDescription: Timeout LongDescription: Timeout while trying to prove G((A || F(B)))]
2015-02-05_17-11-16-977 ### 295/341 ### Starting test for Input:LTL/rers/P19/Problem19_prop_003.c Settings:settings/LtlSoftwareModelCheckingC.epf Toolchain:toolchains/LtlSoftwareModelCheckingC.xml
2015-02-05_17-31-19-213 Finishing test with UNKNOWN for Input:LTL/rers/P19/Problem19_prop_003.c Settings:settings/LtlSoftwareModelCheckingC.epf Toolchain:toolchains/LtlSoftwareModelCheckingC.xml: TIMEOUT(Expected:SAFE): ExpectedResult: SAFE UltimateResult: TIMEOUT   [ShortDescription: Timeout LongDescription: Timeout while trying to prove ((A U B) || G(A))]
2015-02-05_17-31-20-731 ### 296/341 ### Starting test for Input:LTL/rers/P19/Problem19_prop_004.c Settings:settings/LtlSoftwareModelCheckingC.epf Toolchain:toolchains/LtlSoftwareModelCheckingC.xml
2015-02-05_17-52-22-577 Finishing test with FAIL for Input:LTL/rers/P19/Problem19_prop_004.c Settings:settings/LtlSoftwareModelCheckingC.epf Toolchain:toolchains/LtlSoftwareModelCheckingC.xml: EXCEPTION_OR_ERROR(Expected:SAFE): ExpectedResult: SAFE UltimateResult: EXCEPTION_OR_ERROR   [de.uni_freiburg.informatik.ultimate.plugins.generator.buchiautomizer: OutOfMemoryError: GC overhead limit exceeded]
2015-02-05_17-52-23-883 ### 297/341 ### Starting test for Input:LTL/rers/P19/Problem19_prop_005.c Settings:settings/LtlSoftwareModelCheckingC.epf Toolchain:toolchains/LtlSoftwareModelCheckingC.xml
2015-02-05_18-27-22-544 Finishing test with FAIL for Input:LTL/rers/P19/Problem19_prop_005.c Settings:settings/LtlSoftwareModelCheckingC.epf Toolchain:toolchains/LtlSoftwareModelCheckingC.xml: EXCEPTION_OR_ERROR(Expected:SAFE): ExpectedResult: SAFE UltimateResult: EXCEPTION_OR_ERROR   [de.uni_freiburg.informatik.ultimate.plugins.generator.buchiautomizer: OutOfMemoryError: Java heap space]
2015-02-05_18-27-23-879 ### 298/341 ### Starting test for Input:LTL/rers/P19/Problem19_prop_006.c Settings:settings/LtlSoftwareModelCheckingC.epf Toolchain:toolchains/LtlSoftwareModelCheckingC.xml
2015-02-05_18-47-56-059 Finishing test with UNKNOWN for Input:LTL/rers/P19/Problem19_prop_006.c Settings:settings/LtlSoftwareModelCheckingC.epf Toolchain:toolchains/LtlSoftwareModelCheckingC.xml: TIMEOUT(Expected:SAFE): ExpectedResult: SAFE UltimateResult: TIMEOUT   [ShortDescription: Timeout LongDescription: Timeout while trying to prove (!(F(A)) || (B U C))]
2015-02-05_18-47-57-499 ### 299/341 ### Starting test for Input:LTL/rers/P19/Problem19_prop_007.c Settings:settings/LtlSoftwareModelCheckingC.epf Toolchain:toolchains/LtlSoftwareModelCheckingC.xml
2015-02-05_19-10-34-564 Finishing test with UNKNOWN for Input:LTL/rers/P19/Problem19_prop_007.c Settings:settings/LtlSoftwareModelCheckingC.epf Toolchain:toolchains/LtlSoftwareModelCheckingC.xml: TIMEOUT(Expected:UNSAFE): ExpectedResult: UNSAFE UltimateResult: TIMEOUT   [ShortDescription: Timeout LongDescription: Timeout while trying to prove ((A U B) || G(A))]
2015-02-05_19-10-36-183 ### 300/341 ### Starting test for Input:LTL/rers/P19/Problem19_prop_008.c Settings:settings/LtlSoftwareModelCheckingC.epf Toolchain:toolchains/LtlSoftwareModelCheckingC.xml
2015-02-05_19-33-45-688 Finishing test with UNKNOWN for Input:LTL/rers/P19/Problem19_prop_008.c Settings:settings/LtlSoftwareModelCheckingC.epf Toolchain:toolchains/LtlSoftwareModelCheckingC.xml: TIMEOUT(Expected:SAFE): ExpectedResult: SAFE UltimateResult: TIMEOUT   [ShortDescription: Timeout LongDescription: Timeout while trying to prove G(A)]
2015-02-05_19-33-47-252 ### 301/341 ### Starting test for Input:LTL/rers/P19/Problem19_prop_009.c Settings:settings/LtlSoftwareModelCheckingC.epf Toolchain:toolchains/LtlSoftwareModelCheckingC.xml
2015-02-05_19-54-23-126 Finishing test with UNKNOWN for Input:LTL/rers/P19/Problem19_prop_009.c Settings:settings/LtlSoftwareModelCheckingC.epf Toolchain:toolchains/LtlSoftwareModelCheckingC.xml: TIMEOUT(Expected:UNSAFE): ExpectedResult: UNSAFE UltimateResult: TIMEOUT   [ShortDescription: Timeout LongDescription: Timeout while trying to prove G(A)]
2015-02-05_19-54-24-763 ### 302/341 ### Starting test for Input:LTL/rers/P19/Problem19_prop_010.c Settings:settings/LtlSoftwareModelCheckingC.epf Toolchain:toolchains/LtlSoftwareModelCheckingC.xml
2015-02-05_20-15-07-391 Finishing test with UNKNOWN for Input:LTL/rers/P19/Problem19_prop_010.c Settings:settings/LtlSoftwareModelCheckingC.epf Toolchain:toolchains/LtlSoftwareModelCheckingC.xml: TIMEOUT(Expected:UNSAFE): ExpectedResult: UNSAFE UltimateResult: TIMEOUT   [ShortDescription: Timeout LongDescription: Timeout while trying to prove G((A || (B U C)))]
2015-02-05_20-15-08-935 ### 303/341 ### Starting test for Input:LTL/rers/P19/Problem19_prop_011.c Settings:settings/LtlSoftwareModelCheckingC.epf Toolchain:toolchains/LtlSoftwareModelCheckingC.xml
2015-02-05_20-31-33-462 Finishing test with FAIL for Input:LTL/rers/P19/Problem19_prop_011.c Settings:settings/LtlSoftwareModelCheckingC.epf Toolchain:toolchains/LtlSoftwareModelCheckingC.xml: EXCEPTION_OR_ERROR(Expected:SAFE): ExpectedResult: SAFE UltimateResult: EXCEPTION_OR_ERROR   [de.uni_freiburg.informatik.ultimate.plugins.generator.buchiautomizer: OutOfMemoryError: GC overhead limit exceeded]
2015-02-05_20-31-34-760 ### 304/341 ### Starting test for Input:LTL/rers/P19/Problem19_prop_012.c Settings:settings/LtlSoftwareModelCheckingC.epf Toolchain:toolchains/LtlSoftwareModelCheckingC.xml
2015-02-05_20-45-34-571 Finishing test with FAIL for Input:LTL/rers/P19/Problem19_prop_012.c Settings:settings/LtlSoftwareModelCheckingC.epf Toolchain:toolchains/LtlSoftwareModelCheckingC.xml: EXCEPTION_OR_ERROR(Expected:SAFE): ExpectedResult: SAFE UltimateResult: EXCEPTION_OR_ERROR   [de.uni_freiburg.informatik.ultimate.plugins.generator.buchiautomizer: OutOfMemoryError: GC overhead limit exceeded]
2015-02-05_20-45-35-910 ### 305/341 ### Starting test for Input:LTL/rers/P19/Problem19_prop_013.c Settings:settings/LtlSoftwareModelCheckingC.epf Toolchain:toolchains/LtlSoftwareModelCheckingC.xml
2015-02-05_21-07-01-188 Finishing test with UNKNOWN for Input:LTL/rers/P19/Problem19_prop_013.c Settings:settings/LtlSoftwareModelCheckingC.epf Toolchain:toolchains/LtlSoftwareModelCheckingC.xml: TIMEOUT(Expected:SAFE): ExpectedResult: SAFE UltimateResult: TIMEOUT   [ShortDescription: Timeout LongDescription: Timeout while trying to prove G((A || F(B)))]
2015-02-05_21-07-02-534 ### 306/341 ### Starting test for Input:LTL/rers/P19/Problem19_prop_014.c Settings:settings/LtlSoftwareModelCheckingC.epf Toolchain:toolchains/LtlSoftwareModelCheckingC.xml
2015-02-05_21-27-18-693 Finishing test with UNKNOWN for Input:LTL/rers/P19/Problem19_prop_014.c Settings:settings/LtlSoftwareModelCheckingC.epf Toolchain:toolchains/LtlSoftwareModelCheckingC.xml: TIMEOUT(Expected:UNSAFE): ExpectedResult: UNSAFE UltimateResult: TIMEOUT   [ShortDescription: Timeout LongDescription: Timeout while trying to prove ((A U ((B U ((A U ((B U G(A)) || G(B))) || G(A))) || G(B))) || G(A))]
2015-02-05_21-27-20-658 ### 307/341 ### Starting test for Input:LTL/rers/P19/Problem19_prop_015.c Settings:settings/LtlSoftwareModelCheckingC.epf Toolchain:toolchains/LtlSoftwareModelCheckingC.xml
2015-02-05_21-43-20-751 Finishing test with FAIL for Input:LTL/rers/P19/Problem19_prop_015.c Settings:settings/LtlSoftwareModelCheckingC.epf Toolchain:toolchains/LtlSoftwareModelCheckingC.xml: EXCEPTION_OR_ERROR(Expected:SAFE): ExpectedResult: SAFE UltimateResult: EXCEPTION_OR_ERROR   [de.uni_freiburg.informatik.ultimate.plugins.generator.buchiautomizer: OutOfMemoryError: GC overhead limit exceeded]
2015-02-05_21-43-22-135 ### 308/341 ### Starting test for Input:LTL/rers/P19/Problem19_prop_016.c Settings:settings/LtlSoftwareModelCheckingC.epf Toolchain:toolchains/LtlSoftwareModelCheckingC.xml
2015-02-05_22-23-55-564 Finishing test with FAIL for Input:LTL/rers/P19/Problem19_prop_016.c Settings:settings/LtlSoftwareModelCheckingC.epf Toolchain:toolchains/LtlSoftwareModelCheckingC.xml: EXCEPTION_OR_ERROR(Expected:UNSAFE): ExpectedResult: UNSAFE UltimateResult: EXCEPTION_OR_ERROR   [de.uni_freiburg.informatik.ultimate.plugins.generator.buchiautomizer: OutOfMemoryError: Java heap space]
2015-02-05_22-23-56-893 ### 309/341 ### Starting test for Input:LTL/rers/P19/Problem19_prop_017.c Settings:settings/LtlSoftwareModelCheckingC.epf Toolchain:toolchains/LtlSoftwareModelCheckingC.xml
2015-02-05_22-43-59-785 Finishing test with UNKNOWN for Input:LTL/rers/P19/Problem19_prop_017.c Settings:settings/LtlSoftwareModelCheckingC.epf Toolchain:toolchains/LtlSoftwareModelCheckingC.xml: TIMEOUT(Expected:UNSAFE): ExpectedResult: UNSAFE UltimateResult: TIMEOUT   [ShortDescription: Timeout LongDescription: Timeout while trying to prove ((A U ((B U ((A U ((B U G(A)) || G(B))) || G(A))) || G(B))) || G(A))]
2015-02-05_22-44-01-154 ### 310/341 ### Starting test for Input:LTL/rers/P19/Problem19_prop_018.c Settings:settings/LtlSoftwareModelCheckingC.epf Toolchain:toolchains/LtlSoftwareModelCheckingC.xml
2015-02-05_23-04-49-388 Finishing test with UNKNOWN for Input:LTL/rers/P19/Problem19_prop_018.c Settings:settings/LtlSoftwareModelCheckingC.epf Toolchain:toolchains/LtlSoftwareModelCheckingC.xml: TIMEOUT(Expected:UNSAFE): ExpectedResult: UNSAFE UltimateResult: TIMEOUT   [ShortDescription: Timeout LongDescription: Timeout while trying to prove G((A || F(B)))]
2015-02-05_23-04-51-310 ### 311/341 ### Starting test for Input:LTL/rers/P19/Problem19_prop_019.c Settings:settings/LtlSoftwareModelCheckingC.epf Toolchain:toolchains/LtlSoftwareModelCheckingC.xml
2015-02-05_23-24-44-578 Finishing test with FAIL for Input:LTL/rers/P19/Problem19_prop_019.c Settings:settings/LtlSoftwareModelCheckingC.epf Toolchain:toolchains/LtlSoftwareModelCheckingC.xml: EXCEPTION_OR_ERROR(Expected:SAFE): ExpectedResult: SAFE UltimateResult: EXCEPTION_OR_ERROR   [de.uni_freiburg.informatik.ultimate.plugins.generator.buchiautomizer: OutOfMemoryError: GC overhead limit exceeded]
2015-02-05_23-24-45-911 ### 312/341 ### Starting test for Input:LTL/rers/P19/Problem19_prop_020.c Settings:settings/LtlSoftwareModelCheckingC.epf Toolchain:toolchains/LtlSoftwareModelCheckingC.xml
2015-02-05_23-34-06-360 Finishing test with FAIL for Input:LTL/rers/P19/Problem19_prop_020.c Settings:settings/LtlSoftwareModelCheckingC.epf Toolchain:toolchains/LtlSoftwareModelCheckingC.xml: EXCEPTION_OR_ERROR(Expected:SAFE): ExpectedResult: SAFE UltimateResult: EXCEPTION_OR_ERROR   [de.uni_freiburg.informatik.ultimate.plugins.generator.buchiautomizer: OutOfMemoryError: Java heap space]
2015-02-05_23-34-07-978 ### 313/341 ### Starting test for Input:LTL/rers/P19/Problem19_prop_021.c Settings:settings/LtlSoftwareModelCheckingC.epf Toolchain:toolchains/LtlSoftwareModelCheckingC.xml
2015-02-05_23-55-18-927 Finishing test with UNKNOWN for Input:LTL/rers/P19/Problem19_prop_021.c Settings:settings/LtlSoftwareModelCheckingC.epf Toolchain:toolchains/LtlSoftwareModelCheckingC.xml: TIMEOUT(Expected:SAFE): ExpectedResult: SAFE UltimateResult: TIMEOUT   [ShortDescription: Timeout LongDescription: Timeout while trying to prove G(A)]
2015-02-05_23-55-20-398 ### 314/341 ### Starting test for Input:LTL/rers/P19/Problem19_prop_022.c Settings:settings/LtlSoftwareModelCheckingC.epf Toolchain:toolchains/LtlSoftwareModelCheckingC.xml
2015-02-06_00-16-37-777 Finishing test with UNKNOWN for Input:LTL/rers/P19/Problem19_prop_022.c Settings:settings/LtlSoftwareModelCheckingC.epf Toolchain:toolchains/LtlSoftwareModelCheckingC.xml: TIMEOUT(Expected:SAFE): ExpectedResult: SAFE UltimateResult: TIMEOUT   [ShortDescription: Timeout LongDescription: Timeout while trying to prove G((!((A && F(B))) || (C U B)))]
2015-02-06_00-16-39-215 ### 315/341 ### Starting test for Input:LTL/rers/P19/Problem19_prop_023.c Settings:settings/LtlSoftwareModelCheckingC.epf Toolchain:toolchains/LtlSoftwareModelCheckingC.xml
2015-02-06_00-24-10-205 Finishing test with FAIL for Input:LTL/rers/P19/Problem19_prop_023.c Settings:settings/LtlSoftwareModelCheckingC.epf Toolchain:toolchains/LtlSoftwareModelCheckingC.xml: EXCEPTION_OR_ERROR(Expected:UNSAFE): ExpectedResult: UNSAFE UltimateResult: EXCEPTION_OR_ERROR   [de.uni_freiburg.informatik.ultimate.buchiprogramproduct: StackOverflowError: null: de.uni_freiburg.informatik.ultimate.model.boogie.output.BoogieOutput.appendExpression(BoogieOutput.java:228)]
2015-02-06_00-24-11-544 ### 316/341 ### Starting test for Input:LTL/rers/P19/Problem19_prop_024.c Settings:settings/LtlSoftwareModelCheckingC.epf Toolchain:toolchains/LtlSoftwareModelCheckingC.xml
2015-02-06_00-41-25-793 Finishing test with FAIL for Input:LTL/rers/P19/Problem19_prop_024.c Settings:settings/LtlSoftwareModelCheckingC.epf Toolchain:toolchains/LtlSoftwareModelCheckingC.xml: EXCEPTION_OR_ERROR(Expected:UNSAFE): ExpectedResult: UNSAFE UltimateResult: EXCEPTION_OR_ERROR   [de.uni_freiburg.informatik.ultimate.plugins.generator.buchiautomizer: OutOfMemoryError: GC overhead limit exceeded]
2015-02-06_00-41-28-950 ### 317/341 ### Starting test for Input:LTL/rers/P19/Problem19_prop_025.c Settings:settings/LtlSoftwareModelCheckingC.epf Toolchain:toolchains/LtlSoftwareModelCheckingC.xml
2015-02-06_01-06-30-406 Finishing test with UNKNOWN for Input:LTL/rers/P19/Problem19_prop_025.c Settings:settings/LtlSoftwareModelCheckingC.epf Toolchain:toolchains/LtlSoftwareModelCheckingC.xml: TIMEOUT(Expected:UNSAFE): ExpectedResult: UNSAFE UltimateResult: TIMEOUT   [ShortDescription: Timeout LongDescription: Timeout while trying to prove G((A || F(B)))]
2015-02-06_01-06-32-051 ### 318/341 ### Starting test for Input:LTL/rers/P19/Problem19_prop_026.c Settings:settings/LtlSoftwareModelCheckingC.epf Toolchain:toolchains/LtlSoftwareModelCheckingC.xml
2015-02-06_01-21-33-308 Finishing test with FAIL for Input:LTL/rers/P19/Problem19_prop_026.c Settings:settings/LtlSoftwareModelCheckingC.epf Toolchain:toolchains/LtlSoftwareModelCheckingC.xml: EXCEPTION_OR_ERROR(Expected:SAFE): ExpectedResult: SAFE UltimateResult: EXCEPTION_OR_ERROR   [de.uni_freiburg.informatik.ultimate.plugins.generator.buchiautomizer: OutOfMemoryError: GC overhead limit exceeded]
2015-02-06_01-21-34-612 ### 319/341 ### Starting test for Input:LTL/rers/P19/Problem19_prop_027.c Settings:settings/LtlSoftwareModelCheckingC.epf Toolchain:toolchains/LtlSoftwareModelCheckingC.xml
2015-02-06_01-38-54-591 Finishing test with FAIL for Input:LTL/rers/P19/Problem19_prop_027.c Settings:settings/LtlSoftwareModelCheckingC.epf Toolchain:toolchains/LtlSoftwareModelCheckingC.xml: EXCEPTION_OR_ERROR(Expected:SAFE): ExpectedResult: SAFE UltimateResult: EXCEPTION_OR_ERROR   [de.uni_freiburg.informatik.ultimate.plugins.generator.buchiautomizer: OutOfMemoryError: GC overhead limit exceeded]
2015-02-06_01-38-55-922 ### 320/341 ### Starting test for Input:LTL/rers/P19/Problem19_prop_028.c Settings:settings/LtlSoftwareModelCheckingC.epf Toolchain:toolchains/LtlSoftwareModelCheckingC.xml
2015-02-06_01-46-55-204 Finishing test with FAIL for Input:LTL/rers/P19/Problem19_prop_028.c Settings:settings/LtlSoftwareModelCheckingC.epf Toolchain:toolchains/LtlSoftwareModelCheckingC.xml: EXCEPTION_OR_ERROR(Expected:UNSAFE): ExpectedResult: UNSAFE UltimateResult: EXCEPTION_OR_ERROR   [de.uni_freiburg.informatik.ultimate.buchiprogramproduct: StackOverflowError: null: de.uni_freiburg.informatik.ultimate.model.boogie.output.BoogieOutput.appendExpression(BoogieOutput.java:228)]
2015-02-06_01-46-56-570 ### 321/341 ### Starting test for Input:LTL/rers/P19/Problem19_prop_029.c Settings:settings/LtlSoftwareModelCheckingC.epf Toolchain:toolchains/LtlSoftwareModelCheckingC.xml
2015-02-06_01-54-42-856 Finishing test with FAIL for Input:LTL/rers/P19/Problem19_prop_029.c Settings:settings/LtlSoftwareModelCheckingC.epf Toolchain:toolchains/LtlSoftwareModelCheckingC.xml: EXCEPTION_OR_ERROR(Expected:UNSAFE): ExpectedResult: UNSAFE UltimateResult: EXCEPTION_OR_ERROR   [de.uni_freiburg.informatik.ultimate.buchiprogramproduct: StackOverflowError: null: de.uni_freiburg.informatik.ultimate.model.boogie.output.BoogieOutput.appendExpression(BoogieOutput.java:228)]
2015-02-06_01-54-44-504 ### 322/341 ### Starting test for Input:LTL/rers/P19/Problem19_prop_030.c Settings:settings/LtlSoftwareModelCheckingC.epf Toolchain:toolchains/LtlSoftwareModelCheckingC.xml
2015-02-06_02-18-56-868 Finishing test with UNKNOWN for Input:LTL/rers/P19/Problem19_prop_030.c Settings:settings/LtlSoftwareModelCheckingC.epf Toolchain:toolchains/LtlSoftwareModelCheckingC.xml: TIMEOUT(Expected:SAFE): ExpectedResult: SAFE UltimateResult: TIMEOUT   [ShortDescription: Timeout LongDescription: Timeout while trying to prove G((A || (B U C)))]
2015-02-06_02-18-58-365 ### 323/341 ### Starting test for Input:LTL/rers/P19/Problem19_prop_031.c Settings:settings/LtlSoftwareModelCheckingC.epf Toolchain:toolchains/LtlSoftwareModelCheckingC.xml
2015-02-06_02-34-51-416 Finishing test with FAIL for Input:LTL/rers/P19/Problem19_prop_031.c Settings:settings/LtlSoftwareModelCheckingC.epf Toolchain:toolchains/LtlSoftwareModelCheckingC.xml: EXCEPTION_OR_ERROR(Expected:SAFE): ExpectedResult: SAFE UltimateResult: EXCEPTION_OR_ERROR   [de.uni_freiburg.informatik.ultimate.plugins.generator.buchiautomizer: OutOfMemoryError: GC overhead limit exceeded]
2015-02-06_02-34-52-729 ### 324/341 ### Starting test for Input:LTL/rers/P19/Problem19_prop_032.c Settings:settings/LtlSoftwareModelCheckingC.epf Toolchain:toolchains/LtlSoftwareModelCheckingC.xml
2015-02-06_02-58-40-932 Finishing test with UNKNOWN for Input:LTL/rers/P19/Problem19_prop_032.c Settings:settings/LtlSoftwareModelCheckingC.epf Toolchain:toolchains/LtlSoftwareModelCheckingC.xml: TIMEOUT(Expected:SAFE): ExpectedResult: SAFE UltimateResult: TIMEOUT   [ShortDescription: Timeout LongDescription: Timeout while trying to prove G((A || ((B U C) || G(B))))]
2015-02-06_02-58-42-392 ### 325/341 ### Starting test for Input:LTL/rers/P19/Problem19_prop_033.c Settings:settings/LtlSoftwareModelCheckingC.epf Toolchain:toolchains/LtlSoftwareModelCheckingC.xml
2015-02-06_03-17-04-134 Finishing test with FAIL for Input:LTL/rers/P19/Problem19_prop_033.c Settings:settings/LtlSoftwareModelCheckingC.epf Toolchain:toolchains/LtlSoftwareModelCheckingC.xml: EXCEPTION_OR_ERROR(Expected:UNSAFE): ExpectedResult: UNSAFE UltimateResult: EXCEPTION_OR_ERROR   [de.uni_freiburg.informatik.ultimate.plugins.generator.buchiautomizer: OutOfMemoryError: GC overhead limit exceeded]
2015-02-06_03-17-05-509 ### 326/341 ### Starting test for Input:LTL/rers/P19/Problem19_prop_034.c Settings:settings/LtlSoftwareModelCheckingC.epf Toolchain:toolchains/LtlSoftwareModelCheckingC.xml
2015-02-06_03-37-52-088 Finishing test with UNKNOWN for Input:LTL/rers/P19/Problem19_prop_034.c Settings:settings/LtlSoftwareModelCheckingC.epf Toolchain:toolchains/LtlSoftwareModelCheckingC.xml: TIMEOUT(Expected:UNSAFE): ExpectedResult: UNSAFE UltimateResult: TIMEOUT   [ShortDescription: Timeout LongDescription: Timeout while trying to prove G(A)]
2015-02-06_03-37-53-775 ### 327/341 ### Starting test for Input:LTL/rers/P19/Problem19_prop_035.c Settings:settings/LtlSoftwareModelCheckingC.epf Toolchain:toolchains/LtlSoftwareModelCheckingC.xml
2015-02-06_03-57-54-327 Finishing test with UNKNOWN for Input:LTL/rers/P19/Problem19_prop_035.c Settings:settings/LtlSoftwareModelCheckingC.epf Toolchain:toolchains/LtlSoftwareModelCheckingC.xml: TIMEOUT(Expected:UNSAFE): ExpectedResult: UNSAFE UltimateResult: TIMEOUT   [ShortDescription: Timeout LongDescription: Timeout while trying to prove (G(A) || F((B && F(C))))]
2015-02-06_03-57-55-951 ### 328/341 ### Starting test for Input:LTL/rers/P19/Problem19_prop_036.c Settings:settings/LtlSoftwareModelCheckingC.epf Toolchain:toolchains/LtlSoftwareModelCheckingC.xml
2015-02-06_04-05-33-773 Finishing test with FAIL for Input:LTL/rers/P19/Problem19_prop_036.c Settings:settings/LtlSoftwareModelCheckingC.epf Toolchain:toolchains/LtlSoftwareModelCheckingC.xml: EXCEPTION_OR_ERROR(Expected:SAFE): ExpectedResult: SAFE UltimateResult: EXCEPTION_OR_ERROR   [de.uni_freiburg.informatik.ultimate.buchiprogramproduct: StackOverflowError: null: de.uni_freiburg.informatik.ultimate.model.boogie.output.BoogieOutput.appendExpression(BoogieOutput.java:228)]
2015-02-06_04-05-35-142 ### 329/341 ### Starting test for Input:LTL/rers/P19/Problem19_prop_037.c Settings:settings/LtlSoftwareModelCheckingC.epf Toolchain:toolchains/LtlSoftwareModelCheckingC.xml
2015-02-06_04-13-20-805 Finishing test with FAIL for Input:LTL/rers/P19/Problem19_prop_037.c Settings:settings/LtlSoftwareModelCheckingC.epf Toolchain:toolchains/LtlSoftwareModelCheckingC.xml: EXCEPTION_OR_ERROR(Expected:UNSAFE): ExpectedResult: UNSAFE UltimateResult: EXCEPTION_OR_ERROR   [de.uni_freiburg.informatik.ultimate.buchiprogramproduct: StackOverflowError: null: de.uni_freiburg.informatik.ultimate.model.boogie.output.BoogieOutput.appendExpression(BoogieOutput.java:228)]
2015-02-06_04-13-22-151 ### 330/341 ### Starting test for Input:LTL/rers/P19/Problem19_prop_038.c Settings:settings/LtlSoftwareModelCheckingC.epf Toolchain:toolchains/LtlSoftwareModelCheckingC.xml
2015-02-06_04-37-40-772 Finishing test with UNKNOWN for Input:LTL/rers/P19/Problem19_prop_038.c Settings:settings/LtlSoftwareModelCheckingC.epf Toolchain:toolchains/LtlSoftwareModelCheckingC.xml: TIMEOUT(Expected:UNSAFE): ExpectedResult: UNSAFE UltimateResult: TIMEOUT   [ShortDescription: Timeout LongDescription: Timeout while trying to prove G((A || ((B U C) || G(B))))]
2015-02-06_04-37-42-486 ### 331/341 ### Starting test for Input:LTL/rers/P19/Problem19_prop_039.c Settings:settings/LtlSoftwareModelCheckingC.epf Toolchain:toolchains/LtlSoftwareModelCheckingC.xml
2015-02-06_04-59-37-559 Finishing test with UNKNOWN for Input:LTL/rers/P19/Problem19_prop_039.c Settings:settings/LtlSoftwareModelCheckingC.epf Toolchain:toolchains/LtlSoftwareModelCheckingC.xml: TIMEOUT(Expected:UNSAFE): ExpectedResult: UNSAFE UltimateResult: TIMEOUT   [ShortDescription: Timeout LongDescription: Timeout while trying to prove G((A || ((B U C) || G(B))))]
2015-02-06_04-59-39-267 ### 332/341 ### Starting test for Input:LTL/rers/P19/Problem19_prop_040.c Settings:settings/LtlSoftwareModelCheckingC.epf Toolchain:toolchains/LtlSoftwareModelCheckingC.xml
2015-02-06_05-21-16-302 Finishing test with UNKNOWN for Input:LTL/rers/P19/Problem19_prop_040.c Settings:settings/LtlSoftwareModelCheckingC.epf Toolchain:toolchains/LtlSoftwareModelCheckingC.xml: TIMEOUT(Expected:UNSAFE): ExpectedResult: UNSAFE UltimateResult: TIMEOUT   [ShortDescription: Timeout LongDescription: Timeout while trying to prove (G(A) || F((B && F(C))))]
2015-02-06_05-21-18-037 ### 333/341 ### Starting test for Input:LTL/rers/P19/Problem19_prop_041.c Settings:settings/LtlSoftwareModelCheckingC.epf Toolchain:toolchains/LtlSoftwareModelCheckingC.xml
2015-02-06_05-55-55-132 Finishing test with UNKNOWN for Input:LTL/rers/P19/Problem19_prop_041.c Settings:settings/LtlSoftwareModelCheckingC.epf Toolchain:toolchains/LtlSoftwareModelCheckingC.xml: TIMEOUT(Expected:UNSAFE): ExpectedResult: UNSAFE UltimateResult: TIMEOUT   [ShortDescription: Timeout LongDescription: Timeout while trying to prove G((A || F(B)))]
2015-02-06_05-55-56-643 ### 334/341 ### Starting test for Input:LTL/rers/P19/Problem19_prop_042.c Settings:settings/LtlSoftwareModelCheckingC.epf Toolchain:toolchains/LtlSoftwareModelCheckingC.xml
2015-02-06_06-11-20-917 Finishing test with FAIL for Input:LTL/rers/P19/Problem19_prop_042.c Settings:settings/LtlSoftwareModelCheckingC.epf Toolchain:toolchains/LtlSoftwareModelCheckingC.xml: EXCEPTION_OR_ERROR(Expected:SAFE): ExpectedResult: SAFE UltimateResult: EXCEPTION_OR_ERROR   [de.uni_freiburg.informatik.ultimate.plugins.generator.buchiautomizer: OutOfMemoryError: GC overhead limit exceeded]
2015-02-06_06-11-22-257 ### 335/341 ### Starting test for Input:LTL/rers/P19/Problem19_prop_043.c Settings:settings/LtlSoftwareModelCheckingC.epf Toolchain:toolchains/LtlSoftwareModelCheckingC.xml
2015-02-06_06-35-18-168 Finishing test with UNKNOWN for Input:LTL/rers/P19/Problem19_prop_043.c Settings:settings/LtlSoftwareModelCheckingC.epf Toolchain:toolchains/LtlSoftwareModelCheckingC.xml: TIMEOUT(Expected:UNSAFE): ExpectedResult: UNSAFE UltimateResult: TIMEOUT   [ShortDescription: Timeout LongDescription: Timeout while trying to prove ((A U B) || G(A))]
2015-02-06_06-35-19-751 ### 336/341 ### Starting test for Input:LTL/rers/P19/Problem19_prop_044.c Settings:settings/LtlSoftwareModelCheckingC.epf Toolchain:toolchains/LtlSoftwareModelCheckingC.xml
2015-02-06_06-51-08-347 Finishing test with FAIL for Input:LTL/rers/P19/Problem19_prop_044.c Settings:settings/LtlSoftwareModelCheckingC.epf Toolchain:toolchains/LtlSoftwareModelCheckingC.xml: EXCEPTION_OR_ERROR(Expected:SAFE): ExpectedResult: SAFE UltimateResult: EXCEPTION_OR_ERROR   [de.uni_freiburg.informatik.ultimate.plugins.generator.buchiautomizer: OutOfMemoryError: GC overhead limit exceeded]
2015-02-06_06-51-09-728 ### 337/341 ### Starting test for Input:LTL/rers/P19/Problem19_prop_045.c Settings:settings/LtlSoftwareModelCheckingC.epf Toolchain:toolchains/LtlSoftwareModelCheckingC.xml
2015-02-06_07-05-05-617 Finishing test with FAIL for Input:LTL/rers/P19/Problem19_prop_045.c Settings:settings/LtlSoftwareModelCheckingC.epf Toolchain:toolchains/LtlSoftwareModelCheckingC.xml: EXCEPTION_OR_ERROR(Expected:SAFE): ExpectedResult: SAFE UltimateResult: EXCEPTION_OR_ERROR   [de.uni_freiburg.informatik.ultimate.plugins.generator.buchiautomizer: OutOfMemoryError: GC overhead limit exceeded]
2015-02-06_07-05-07-006 ### 338/341 ### Starting test for Input:LTL/rers/P19/Problem19_prop_046.c Settings:settings/LtlSoftwareModelCheckingC.epf Toolchain:toolchains/LtlSoftwareModelCheckingC.xml
2015-02-06_07-29-48-026 Finishing test with UNKNOWN for Input:LTL/rers/P19/Problem19_prop_046.c Settings:settings/LtlSoftwareModelCheckingC.epf Toolchain:toolchains/LtlSoftwareModelCheckingC.xml: TIMEOUT(Expected:UNSAFE): ExpectedResult: UNSAFE UltimateResult: TIMEOUT   [ShortDescription: Timeout LongDescription: Timeout while trying to prove G(A)]
2015-02-06_07-29-49-450 ### 339/341 ### Starting test for Input:LTL/rers/P19/Problem19_prop_047.c Settings:settings/LtlSoftwareModelCheckingC.epf Toolchain:toolchains/LtlSoftwareModelCheckingC.xml
2015-02-06_07-48-58-216 Finishing test with FAIL for Input:LTL/rers/P19/Problem19_prop_047.c Settings:settings/LtlSoftwareModelCheckingC.epf Toolchain:toolchains/LtlSoftwareModelCheckingC.xml: EXCEPTION_OR_ERROR(Expected:SAFE): ExpectedResult: SAFE UltimateResult: EXCEPTION_OR_ERROR   [de.uni_freiburg.informatik.ultimate.plugins.generator.buchiautomizer: OutOfMemoryError: GC overhead limit exceeded]
2015-02-06_07-48-59-704 ### 340/341 ### Starting test for Input:LTL/rers/P19/Problem19_prop_048.c Settings:settings/LtlSoftwareModelCheckingC.epf Toolchain:toolchains/LtlSoftwareModelCheckingC.xml
2015-02-06_08-11-21-632 Finishing test with UNKNOWN for Input:LTL/rers/P19/Problem19_prop_048.c Settings:settings/LtlSoftwareModelCheckingC.epf Toolchain:toolchains/LtlSoftwareModelCheckingC.xml: TIMEOUT(Expected:UNSAFE): ExpectedResult: UNSAFE UltimateResult: TIMEOUT   [ShortDescription: Timeout LongDescription: Timeout while trying to prove (!(F(A)) || (B U C))]
2015-02-06_08-11-23-004 ### 341/341 ### Starting test for Input:LTL/rers/P19/Problem19_prop_049.c Settings:settings/LtlSoftwareModelCheckingC.epf Toolchain:toolchains/LtlSoftwareModelCheckingC.xml
2015-02-06_08-31-49-446 Finishing test with UNKNOWN for Input:LTL/rers/P19/Problem19_prop_049.c Settings:settings/LtlSoftwareModelCheckingC.epf Toolchain:toolchains/LtlSoftwareModelCheckingC.xml: TIMEOUT(Expected:SAFE): ExpectedResult: SAFE UltimateResult: TIMEOUT   [ShortDescription: Timeout LongDescription: Timeout while trying to prove G((!((A && F(B))) || (C U B)))]
