2015-01-03_11-11-38-065 First run of IncrementalLogWithVMParameters
	Parameters: heapMaxSize=7.6 GB
	Test Suite Parameters: Timeout=1200 s
2015-01-03_11-11-38-067 ### 1/300 ### Starting test for Input:LTL/rers/Problem14_prop_000.c Settings:settings/LtlSoftwareModelCheckingC.epf Toolchain:toolchains/LtlSoftwareModelCheckingC.xml
2015-01-03_11-11-55-856 Finishing test with SUCCESS for Input:LTL/rers/Problem14_prop_000.c Settings:settings/LtlSoftwareModelCheckingC.epf Toolchain:toolchains/LtlSoftwareModelCheckingC.xml: SAFE(Expected:SAFE): ExpectedResult: SAFE UltimateResult: SAFE   [ShortDescription: All specifications hold LongDescription: We were not able to verify any specifiation because the program does not contain any specification.]
2015-01-03_11-11-56-144 ### 2/300 ### Starting test for Input:LTL/rers/Problem14_prop_001.c Settings:settings/LtlSoftwareModelCheckingC.epf Toolchain:toolchains/LtlSoftwareModelCheckingC.xml
2015-01-03_11-32-55-306 Finishing test with FAIL for Input:LTL/rers/Problem14_prop_001.c Settings:settings/LtlSoftwareModelCheckingC.epf Toolchain:toolchains/LtlSoftwareModelCheckingC.xml: NO_RESULT(Expected:SAFE): ExpectedResult: SAFE UltimateResult: NO_RESULT   NO_RESULT
2015-01-03_11-33-03-030 ### 3/300 ### Starting test for Input:LTL/rers/Problem14_prop_002.c Settings:settings/LtlSoftwareModelCheckingC.epf Toolchain:toolchains/LtlSoftwareModelCheckingC.xml
2015-01-03_11-33-20-187 Finishing test with FAIL for Input:LTL/rers/Problem14_prop_002.c Settings:settings/LtlSoftwareModelCheckingC.epf Toolchain:toolchains/LtlSoftwareModelCheckingC.xml: UNSAFE(Expected:SAFE): ExpectedResult: SAFE UltimateResult: UNSAFE   Violation of LTL property G((A || F(B))) 
2015-01-03_11-33-20-446 ### 4/300 ### Starting test for Input:LTL/rers/Problem14_prop_003.c Settings:settings/LtlSoftwareModelCheckingC.epf Toolchain:toolchains/LtlSoftwareModelCheckingC.xml
2015-01-03_11-54-01-843 Finishing test with FAIL for Input:LTL/rers/Problem14_prop_003.c Settings:settings/LtlSoftwareModelCheckingC.epf Toolchain:toolchains/LtlSoftwareModelCheckingC.xml: NO_RESULT(Expected:SAFE): ExpectedResult: SAFE UltimateResult: NO_RESULT   NO_RESULT
2015-01-03_11-54-12-605 ### 5/300 ### Starting test for Input:LTL/rers/Problem14_prop_004.c Settings:settings/LtlSoftwareModelCheckingC.epf Toolchain:toolchains/LtlSoftwareModelCheckingC.xml
2015-01-03_11-57-04-302 Finishing test with FAIL for Input:LTL/rers/Problem14_prop_004.c Settings:settings/LtlSoftwareModelCheckingC.epf Toolchain:toolchains/LtlSoftwareModelCheckingC.xml: NO_RESULT(Expected:UNSAFE): ExpectedResult: UNSAFE UltimateResult: NO_RESULT   NO_RESULT
2015-01-03_11-57-05-763 ### 6/300 ### Starting test for Input:LTL/rers/Problem14_prop_005.c Settings:settings/LtlSoftwareModelCheckingC.epf Toolchain:toolchains/LtlSoftwareModelCheckingC.xml
2015-01-03_11-58-57-928 Finishing test with FAIL for Input:LTL/rers/Problem14_prop_005.c Settings:settings/LtlSoftwareModelCheckingC.epf Toolchain:toolchains/LtlSoftwareModelCheckingC.xml: NO_RESULT(Expected:UNSAFE): ExpectedResult: UNSAFE UltimateResult: NO_RESULT   NO_RESULT
2015-01-03_11-58-58-317 ### 7/300 ### Starting test for Input:LTL/rers/Problem14_prop_006.c Settings:settings/LtlSoftwareModelCheckingC.epf Toolchain:toolchains/LtlSoftwareModelCheckingC.xml
2015-01-03_12-04-11-265 Finishing test with FAIL for Input:LTL/rers/Problem14_prop_006.c Settings:settings/LtlSoftwareModelCheckingC.epf Toolchain:toolchains/LtlSoftwareModelCheckingC.xml: NO_RESULT(Expected:UNSAFE): ExpectedResult: UNSAFE UltimateResult: NO_RESULT   NO_RESULT
2015-01-03_12-04-12-469 ### 8/300 ### Starting test for Input:LTL/rers/Problem14_prop_007.c Settings:settings/LtlSoftwareModelCheckingC.epf Toolchain:toolchains/LtlSoftwareModelCheckingC.xml
2015-01-03_12-04-36-269 Finishing test with SUCCESS for Input:LTL/rers/Problem14_prop_007.c Settings:settings/LtlSoftwareModelCheckingC.epf Toolchain:toolchains/LtlSoftwareModelCheckingC.xml: SAFE(Expected:SAFE): ExpectedResult: SAFE UltimateResult: SAFE   [ShortDescription: All specifications hold LongDescription: We were not able to verify any specifiation because the program does not contain any specification.]
2015-01-03_12-04-36-808 ### 9/300 ### Starting test for Input:LTL/rers/Problem14_prop_008.c Settings:settings/LtlSoftwareModelCheckingC.epf Toolchain:toolchains/LtlSoftwareModelCheckingC.xml
2015-01-03_12-07-32-792 Finishing test with FAIL for Input:LTL/rers/Problem14_prop_008.c Settings:settings/LtlSoftwareModelCheckingC.epf Toolchain:toolchains/LtlSoftwareModelCheckingC.xml: NO_RESULT(Expected:UNSAFE): ExpectedResult: UNSAFE UltimateResult: NO_RESULT   NO_RESULT
2015-01-03_12-07-34-118 ### 10/300 ### Starting test for Input:LTL/rers/Problem14_prop_009.c Settings:settings/LtlSoftwareModelCheckingC.epf Toolchain:toolchains/LtlSoftwareModelCheckingC.xml
2015-01-03_12-09-53-824 Finishing test with FAIL for Input:LTL/rers/Problem14_prop_009.c Settings:settings/LtlSoftwareModelCheckingC.epf Toolchain:toolchains/LtlSoftwareModelCheckingC.xml: NO_RESULT(Expected:UNSAFE): ExpectedResult: UNSAFE UltimateResult: NO_RESULT   NO_RESULT
2015-01-03_12-09-55-322 ### 11/300 ### Starting test for Input:LTL/rers/Problem14_prop_010.c Settings:settings/LtlSoftwareModelCheckingC.epf Toolchain:toolchains/LtlSoftwareModelCheckingC.xml
2015-01-03_12-10-21-266 Finishing test with FAIL for Input:LTL/rers/Problem14_prop_010.c Settings:settings/LtlSoftwareModelCheckingC.epf Toolchain:toolchains/LtlSoftwareModelCheckingC.xml: UNSAFE(Expected:SAFE): ExpectedResult: SAFE UltimateResult: UNSAFE   Violation of LTL property (G(A) || F((B && F(C)))) 
2015-01-03_12-10-21-616 ### 12/300 ### Starting test for Input:LTL/rers/Problem14_prop_011.c Settings:settings/LtlSoftwareModelCheckingC.epf Toolchain:toolchains/LtlSoftwareModelCheckingC.xml
2015-01-03_12-11-09-925 Finishing test with SUCCESS for Input:LTL/rers/Problem14_prop_011.c Settings:settings/LtlSoftwareModelCheckingC.epf Toolchain:toolchains/LtlSoftwareModelCheckingC.xml: SAFE(Expected:SAFE): ExpectedResult: SAFE UltimateResult: SAFE   [ShortDescription: All specifications hold LongDescription: We were not able to verify any specifiation because the program does not contain any specification.]
2015-01-03_12-11-10-192 ### 13/300 ### Starting test for Input:LTL/rers/Problem14_prop_012.c Settings:settings/LtlSoftwareModelCheckingC.epf Toolchain:toolchains/LtlSoftwareModelCheckingC.xml
2015-01-03_12-11-24-070 Finishing test with SUCCESS for Input:LTL/rers/Problem14_prop_012.c Settings:settings/LtlSoftwareModelCheckingC.epf Toolchain:toolchains/LtlSoftwareModelCheckingC.xml: SAFE(Expected:SAFE): ExpectedResult: SAFE UltimateResult: SAFE   [ShortDescription: All specifications hold LongDescription: We were not able to verify any specifiation because the program does not contain any specification.]
2015-01-03_12-11-24-311 ### 14/300 ### Starting test for Input:LTL/rers/Problem14_prop_013.c Settings:settings/LtlSoftwareModelCheckingC.epf Toolchain:toolchains/LtlSoftwareModelCheckingC.xml
2015-01-03_12-11-31-394 Finishing test with SUCCESS for Input:LTL/rers/Problem14_prop_013.c Settings:settings/LtlSoftwareModelCheckingC.epf Toolchain:toolchains/LtlSoftwareModelCheckingC.xml: SAFE(Expected:SAFE): ExpectedResult: SAFE UltimateResult: SAFE   [ShortDescription: All specifications hold LongDescription: We were not able to verify any specifiation because the program does not contain any specification.]
2015-01-03_12-11-31-768 ### 15/300 ### Starting test for Input:LTL/rers/Problem14_prop_014.c Settings:settings/LtlSoftwareModelCheckingC.epf Toolchain:toolchains/LtlSoftwareModelCheckingC.xml
2015-01-03_12-13-52-277 Finishing test with SUCCESS for Input:LTL/rers/Problem14_prop_014.c Settings:settings/LtlSoftwareModelCheckingC.epf Toolchain:toolchains/LtlSoftwareModelCheckingC.xml: UNSAFE(Expected:UNSAFE): ExpectedResult: UNSAFE UltimateResult: UNSAFE   Violation of LTL property (!(F(A)) || (B U C)) 
2015-01-03_12-13-52-576 ### 16/300 ### Starting test for Input:LTL/rers/Problem14_prop_015.c Settings:settings/LtlSoftwareModelCheckingC.epf Toolchain:toolchains/LtlSoftwareModelCheckingC.xml
2015-01-03_12-34-19-732 Finishing test with FAIL for Input:LTL/rers/Problem14_prop_015.c Settings:settings/LtlSoftwareModelCheckingC.epf Toolchain:toolchains/LtlSoftwareModelCheckingC.xml: NO_RESULT(Expected:UNSAFE): ExpectedResult: UNSAFE UltimateResult: NO_RESULT   NO_RESULT
2015-01-03_12-34-29-022 ### 17/300 ### Starting test for Input:LTL/rers/Problem14_prop_016.c Settings:settings/LtlSoftwareModelCheckingC.epf Toolchain:toolchains/LtlSoftwareModelCheckingC.xml
2015-01-03_12-34-42-362 Finishing test with SUCCESS for Input:LTL/rers/Problem14_prop_016.c Settings:settings/LtlSoftwareModelCheckingC.epf Toolchain:toolchains/LtlSoftwareModelCheckingC.xml: SAFE(Expected:SAFE): ExpectedResult: SAFE UltimateResult: SAFE   [ShortDescription: All specifications hold LongDescription: We were not able to verify any specifiation because the program does not contain any specification.]
2015-01-03_12-34-42-638 ### 18/300 ### Starting test for Input:LTL/rers/Problem14_prop_017.c Settings:settings/LtlSoftwareModelCheckingC.epf Toolchain:toolchains/LtlSoftwareModelCheckingC.xml
2015-01-03_12-35-01-520 Finishing test with SUCCESS for Input:LTL/rers/Problem14_prop_017.c Settings:settings/LtlSoftwareModelCheckingC.epf Toolchain:toolchains/LtlSoftwareModelCheckingC.xml: UNSAFE(Expected:UNSAFE): ExpectedResult: UNSAFE UltimateResult: UNSAFE   Violation of LTL property ((A U B) || G(A)) 
2015-01-03_12-35-01-850 ### 19/300 ### Starting test for Input:LTL/rers/Problem14_prop_018.c Settings:settings/LtlSoftwareModelCheckingC.epf Toolchain:toolchains/LtlSoftwareModelCheckingC.xml
2015-01-03_12-35-14-922 Finishing test with SUCCESS for Input:LTL/rers/Problem14_prop_018.c Settings:settings/LtlSoftwareModelCheckingC.epf Toolchain:toolchains/LtlSoftwareModelCheckingC.xml: SAFE(Expected:SAFE): ExpectedResult: SAFE UltimateResult: SAFE   [ShortDescription: All specifications hold LongDescription: We were not able to verify any specifiation because the program does not contain any specification.]
2015-01-03_12-35-15-171 ### 20/300 ### Starting test for Input:LTL/rers/Problem14_prop_019.c Settings:settings/LtlSoftwareModelCheckingC.epf Toolchain:toolchains/LtlSoftwareModelCheckingC.xml
2015-01-03_12-35-42-942 Finishing test with SUCCESS for Input:LTL/rers/Problem14_prop_019.c Settings:settings/LtlSoftwareModelCheckingC.epf Toolchain:toolchains/LtlSoftwareModelCheckingC.xml: UNSAFE(Expected:UNSAFE): ExpectedResult: UNSAFE UltimateResult: UNSAFE   Violation of LTL property G((A || F(B))) 
2015-01-03_12-35-43-264 ### 21/300 ### Starting test for Input:LTL/rers/Problem14_prop_020.c Settings:settings/LtlSoftwareModelCheckingC.epf Toolchain:toolchains/LtlSoftwareModelCheckingC.xml
2015-01-03_12-36-50-465 Finishing test with FAIL for Input:LTL/rers/Problem14_prop_020.c Settings:settings/LtlSoftwareModelCheckingC.epf Toolchain:toolchains/LtlSoftwareModelCheckingC.xml: NO_RESULT(Expected:UNSAFE): ExpectedResult: UNSAFE UltimateResult: NO_RESULT   NO_RESULT
2015-01-03_12-36-52-019 ### 22/300 ### Starting test for Input:LTL/rers/Problem14_prop_021.c Settings:settings/LtlSoftwareModelCheckingC.epf Toolchain:toolchains/LtlSoftwareModelCheckingC.xml
2015-01-03_12-40-36-952 Finishing test with FAIL for Input:LTL/rers/Problem14_prop_021.c Settings:settings/LtlSoftwareModelCheckingC.epf Toolchain:toolchains/LtlSoftwareModelCheckingC.xml: NO_RESULT(Expected:UNSAFE): ExpectedResult: UNSAFE UltimateResult: NO_RESULT   NO_RESULT
2015-01-03_12-40-38-318 ### 23/300 ### Starting test for Input:LTL/rers/Problem14_prop_022.c Settings:settings/LtlSoftwareModelCheckingC.epf Toolchain:toolchains/LtlSoftwareModelCheckingC.xml
2015-01-03_13-01-15-014 Finishing test with FAIL for Input:LTL/rers/Problem14_prop_022.c Settings:settings/LtlSoftwareModelCheckingC.epf Toolchain:toolchains/LtlSoftwareModelCheckingC.xml: NO_RESULT(Expected:UNSAFE): ExpectedResult: UNSAFE UltimateResult: NO_RESULT   NO_RESULT
2015-01-03_13-01-27-690 ### 24/300 ### Starting test for Input:LTL/rers/Problem14_prop_023.c Settings:settings/LtlSoftwareModelCheckingC.epf Toolchain:toolchains/LtlSoftwareModelCheckingC.xml
2015-01-03_13-02-29-074 Finishing test with SUCCESS for Input:LTL/rers/Problem14_prop_023.c Settings:settings/LtlSoftwareModelCheckingC.epf Toolchain:toolchains/LtlSoftwareModelCheckingC.xml: SAFE(Expected:SAFE): ExpectedResult: SAFE UltimateResult: SAFE   [ShortDescription: All specifications hold LongDescription: We were not able to verify any specifiation because the program does not contain any specification.]
2015-01-03_13-02-29-382 ### 25/300 ### Starting test for Input:LTL/rers/Problem14_prop_024.c Settings:settings/LtlSoftwareModelCheckingC.epf Toolchain:toolchains/LtlSoftwareModelCheckingC.xml
2015-01-03_13-03-51-498 Finishing test with SUCCESS for Input:LTL/rers/Problem14_prop_024.c Settings:settings/LtlSoftwareModelCheckingC.epf Toolchain:toolchains/LtlSoftwareModelCheckingC.xml: SAFE(Expected:SAFE): ExpectedResult: SAFE UltimateResult: SAFE   [ShortDescription: All specifications hold LongDescription: We were not able to verify any specifiation because the program does not contain any specification.]
2015-01-03_13-03-51-776 ### 26/300 ### Starting test for Input:LTL/rers/Problem14_prop_025.c Settings:settings/LtlSoftwareModelCheckingC.epf Toolchain:toolchains/LtlSoftwareModelCheckingC.xml
2015-01-03_13-04-36-201 Finishing test with SUCCESS for Input:LTL/rers/Problem14_prop_025.c Settings:settings/LtlSoftwareModelCheckingC.epf Toolchain:toolchains/LtlSoftwareModelCheckingC.xml: SAFE(Expected:SAFE): ExpectedResult: SAFE UltimateResult: SAFE   [ShortDescription: All specifications hold LongDescription: We were not able to verify any specifiation because the program does not contain any specification.]
2015-01-03_13-04-36-476 ### 27/300 ### Starting test for Input:LTL/rers/Problem14_prop_026.c Settings:settings/LtlSoftwareModelCheckingC.epf Toolchain:toolchains/LtlSoftwareModelCheckingC.xml
2015-01-03_13-08-18-634 Finishing test with SUCCESS for Input:LTL/rers/Problem14_prop_026.c Settings:settings/LtlSoftwareModelCheckingC.epf Toolchain:toolchains/LtlSoftwareModelCheckingC.xml: SAFE(Expected:SAFE): ExpectedResult: SAFE UltimateResult: SAFE   [ShortDescription: All specifications hold LongDescription: We were not able to verify any specifiation because the program does not contain any specification.]
2015-01-03_13-08-18-956 ### 28/300 ### Starting test for Input:LTL/rers/Problem14_prop_027.c Settings:settings/LtlSoftwareModelCheckingC.epf Toolchain:toolchains/LtlSoftwareModelCheckingC.xml
2015-01-03_13-09-33-104 Finishing test with FAIL for Input:LTL/rers/Problem14_prop_027.c Settings:settings/LtlSoftwareModelCheckingC.epf Toolchain:toolchains/LtlSoftwareModelCheckingC.xml: NO_RESULT(Expected:UNSAFE): ExpectedResult: UNSAFE UltimateResult: NO_RESULT   NO_RESULT
2015-01-03_13-09-34-481 ### 29/300 ### Starting test for Input:LTL/rers/Problem14_prop_028.c Settings:settings/LtlSoftwareModelCheckingC.epf Toolchain:toolchains/LtlSoftwareModelCheckingC.xml
2015-01-03_13-12-50-147 Finishing test with SUCCESS for Input:LTL/rers/Problem14_prop_028.c Settings:settings/LtlSoftwareModelCheckingC.epf Toolchain:toolchains/LtlSoftwareModelCheckingC.xml: UNSAFE(Expected:UNSAFE): ExpectedResult: UNSAFE UltimateResult: UNSAFE   Violation of LTL property ((A U ((B U ((A U ((B U G(A)) || G(B))) || G(A))) || G(B))) || G(A)) 
2015-01-03_13-12-50-466 ### 30/300 ### Starting test for Input:LTL/rers/Problem14_prop_029.c Settings:settings/LtlSoftwareModelCheckingC.epf Toolchain:toolchains/LtlSoftwareModelCheckingC.xml
2015-01-03_13-28-56-674 Finishing test with FAIL for Input:LTL/rers/Problem14_prop_029.c Settings:settings/LtlSoftwareModelCheckingC.epf Toolchain:toolchains/LtlSoftwareModelCheckingC.xml: NO_RESULT(Expected:UNSAFE): ExpectedResult: UNSAFE UltimateResult: NO_RESULT   NO_RESULT
2015-01-03_13-28-59-503 ### 31/300 ### Starting test for Input:LTL/rers/Problem14_prop_030.c Settings:settings/LtlSoftwareModelCheckingC.epf Toolchain:toolchains/LtlSoftwareModelCheckingC.xml
2015-01-03_13-29-06-367 Finishing test with SUCCESS for Input:LTL/rers/Problem14_prop_030.c Settings:settings/LtlSoftwareModelCheckingC.epf Toolchain:toolchains/LtlSoftwareModelCheckingC.xml: SAFE(Expected:SAFE): ExpectedResult: SAFE UltimateResult: SAFE   [ShortDescription: All specifications hold LongDescription: We were not able to verify any specifiation because the program does not contain any specification.]
2015-01-03_13-29-06-650 ### 32/300 ### Starting test for Input:LTL/rers/Problem14_prop_031.c Settings:settings/LtlSoftwareModelCheckingC.epf Toolchain:toolchains/LtlSoftwareModelCheckingC.xml
2015-01-03_13-30-26-657 Finishing test with SUCCESS for Input:LTL/rers/Problem14_prop_031.c Settings:settings/LtlSoftwareModelCheckingC.epf Toolchain:toolchains/LtlSoftwareModelCheckingC.xml: SAFE(Expected:SAFE): ExpectedResult: SAFE UltimateResult: SAFE   [ShortDescription: All specifications hold LongDescription: We were not able to verify any specifiation because the program does not contain any specification.]
2015-01-03_13-30-26-975 ### 33/300 ### Starting test for Input:LTL/rers/Problem14_prop_032.c Settings:settings/LtlSoftwareModelCheckingC.epf Toolchain:toolchains/LtlSoftwareModelCheckingC.xml
2015-01-03_13-30-36-883 Finishing test with SUCCESS for Input:LTL/rers/Problem14_prop_032.c Settings:settings/LtlSoftwareModelCheckingC.epf Toolchain:toolchains/LtlSoftwareModelCheckingC.xml: SAFE(Expected:SAFE): ExpectedResult: SAFE UltimateResult: SAFE   [ShortDescription: All specifications hold LongDescription: We were not able to verify any specifiation because the program does not contain any specification.]
2015-01-03_13-30-37-292 ### 34/300 ### Starting test for Input:LTL/rers/Problem14_prop_033.c Settings:settings/LtlSoftwareModelCheckingC.epf Toolchain:toolchains/LtlSoftwareModelCheckingC.xml
2015-01-03_13-51-11-973 Finishing test with FAIL for Input:LTL/rers/Problem14_prop_033.c Settings:settings/LtlSoftwareModelCheckingC.epf Toolchain:toolchains/LtlSoftwareModelCheckingC.xml: NO_RESULT(Expected:UNSAFE): ExpectedResult: UNSAFE UltimateResult: NO_RESULT   NO_RESULT
2015-01-03_13-51-22-831 ### 35/300 ### Starting test for Input:LTL/rers/Problem14_prop_034.c Settings:settings/LtlSoftwareModelCheckingC.epf Toolchain:toolchains/LtlSoftwareModelCheckingC.xml
2015-01-03_13-52-39-440 Finishing test with FAIL for Input:LTL/rers/Problem14_prop_034.c Settings:settings/LtlSoftwareModelCheckingC.epf Toolchain:toolchains/LtlSoftwareModelCheckingC.xml: NO_RESULT(Expected:UNSAFE): ExpectedResult: UNSAFE UltimateResult: NO_RESULT   NO_RESULT
2015-01-03_13-52-40-904 ### 36/300 ### Starting test for Input:LTL/rers/Problem14_prop_035.c Settings:settings/LtlSoftwareModelCheckingC.epf Toolchain:toolchains/LtlSoftwareModelCheckingC.xml
2015-01-03_13-55-04-960 Finishing test with FAIL for Input:LTL/rers/Problem14_prop_035.c Settings:settings/LtlSoftwareModelCheckingC.epf Toolchain:toolchains/LtlSoftwareModelCheckingC.xml: NO_RESULT(Expected:UNSAFE): ExpectedResult: UNSAFE UltimateResult: NO_RESULT   NO_RESULT
2015-01-03_13-55-06-237 ### 37/300 ### Starting test for Input:LTL/rers/Problem14_prop_036.c Settings:settings/LtlSoftwareModelCheckingC.epf Toolchain:toolchains/LtlSoftwareModelCheckingC.xml
2015-01-03_14-15-29-299 Finishing test with FAIL for Input:LTL/rers/Problem14_prop_036.c Settings:settings/LtlSoftwareModelCheckingC.epf Toolchain:toolchains/LtlSoftwareModelCheckingC.xml: NO_RESULT(Expected:UNSAFE): ExpectedResult: UNSAFE UltimateResult: NO_RESULT   NO_RESULT
2015-01-03_14-15-39-496 ### 38/300 ### Starting test for Input:LTL/rers/Problem14_prop_037.c Settings:settings/LtlSoftwareModelCheckingC.epf Toolchain:toolchains/LtlSoftwareModelCheckingC.xml
2015-01-03_14-17-15-489 Finishing test with SUCCESS for Input:LTL/rers/Problem14_prop_037.c Settings:settings/LtlSoftwareModelCheckingC.epf Toolchain:toolchains/LtlSoftwareModelCheckingC.xml: UNSAFE(Expected:UNSAFE): ExpectedResult: UNSAFE UltimateResult: UNSAFE   Violation of LTL property G((A || F(B))) 
2015-01-03_14-17-15-808 ### 39/300 ### Starting test for Input:LTL/rers/Problem14_prop_038.c Settings:settings/LtlSoftwareModelCheckingC.epf Toolchain:toolchains/LtlSoftwareModelCheckingC.xml
2015-01-03_14-18-55-231 Finishing test with SUCCESS for Input:LTL/rers/Problem14_prop_038.c Settings:settings/LtlSoftwareModelCheckingC.epf Toolchain:toolchains/LtlSoftwareModelCheckingC.xml: SAFE(Expected:SAFE): ExpectedResult: SAFE UltimateResult: SAFE   [ShortDescription: All specifications hold LongDescription: We were not able to verify any specifiation because the program does not contain any specification.]
2015-01-03_14-18-55-594 ### 40/300 ### Starting test for Input:LTL/rers/Problem14_prop_039.c Settings:settings/LtlSoftwareModelCheckingC.epf Toolchain:toolchains/LtlSoftwareModelCheckingC.xml
2015-01-03_14-22-01-547 Finishing test with SUCCESS for Input:LTL/rers/Problem14_prop_039.c Settings:settings/LtlSoftwareModelCheckingC.epf Toolchain:toolchains/LtlSoftwareModelCheckingC.xml: SAFE(Expected:SAFE): ExpectedResult: SAFE UltimateResult: SAFE   [ShortDescription: All specifications hold LongDescription: We were not able to verify any specifiation because the program does not contain any specification.]
2015-01-03_14-22-01-913 ### 41/300 ### Starting test for Input:LTL/rers/Problem14_prop_040.c Settings:settings/LtlSoftwareModelCheckingC.epf Toolchain:toolchains/LtlSoftwareModelCheckingC.xml
2015-01-03_14-23-53-172 Finishing test with FAIL for Input:LTL/rers/Problem14_prop_040.c Settings:settings/LtlSoftwareModelCheckingC.epf Toolchain:toolchains/LtlSoftwareModelCheckingC.xml: NO_RESULT(Expected:UNSAFE): ExpectedResult: UNSAFE UltimateResult: NO_RESULT   NO_RESULT
2015-01-03_14-23-54-504 ### 42/300 ### Starting test for Input:LTL/rers/Problem14_prop_041.c Settings:settings/LtlSoftwareModelCheckingC.epf Toolchain:toolchains/LtlSoftwareModelCheckingC.xml
2015-01-03_14-25-37-670 Finishing test with FAIL for Input:LTL/rers/Problem14_prop_041.c Settings:settings/LtlSoftwareModelCheckingC.epf Toolchain:toolchains/LtlSoftwareModelCheckingC.xml: NO_RESULT(Expected:UNSAFE): ExpectedResult: UNSAFE UltimateResult: NO_RESULT   NO_RESULT
2015-01-03_14-25-38-971 ### 43/300 ### Starting test for Input:LTL/rers/Problem14_prop_042.c Settings:settings/LtlSoftwareModelCheckingC.epf Toolchain:toolchains/LtlSoftwareModelCheckingC.xml
2015-01-03_14-31-38-992 Finishing test with FAIL for Input:LTL/rers/Problem14_prop_042.c Settings:settings/LtlSoftwareModelCheckingC.epf Toolchain:toolchains/LtlSoftwareModelCheckingC.xml: NO_RESULT(Expected:UNSAFE): ExpectedResult: UNSAFE UltimateResult: NO_RESULT   NO_RESULT
2015-01-03_14-31-40-244 ### 44/300 ### Starting test for Input:LTL/rers/Problem14_prop_043.c Settings:settings/LtlSoftwareModelCheckingC.epf Toolchain:toolchains/LtlSoftwareModelCheckingC.xml
2015-01-03_14-31-47-989 Finishing test with SUCCESS for Input:LTL/rers/Problem14_prop_043.c Settings:settings/LtlSoftwareModelCheckingC.epf Toolchain:toolchains/LtlSoftwareModelCheckingC.xml: SAFE(Expected:SAFE): ExpectedResult: SAFE UltimateResult: SAFE   [ShortDescription: All specifications hold LongDescription: We were not able to verify any specifiation because the program does not contain any specification.]
2015-01-03_14-31-48-395 ### 45/300 ### Starting test for Input:LTL/rers/Problem14_prop_044.c Settings:settings/LtlSoftwareModelCheckingC.epf Toolchain:toolchains/LtlSoftwareModelCheckingC.xml
2015-01-03_14-34-06-904 Finishing test with FAIL for Input:LTL/rers/Problem14_prop_044.c Settings:settings/LtlSoftwareModelCheckingC.epf Toolchain:toolchains/LtlSoftwareModelCheckingC.xml: NO_RESULT(Expected:UNSAFE): ExpectedResult: UNSAFE UltimateResult: NO_RESULT   NO_RESULT
2015-01-03_14-34-08-524 ### 46/300 ### Starting test for Input:LTL/rers/Problem14_prop_045.c Settings:settings/LtlSoftwareModelCheckingC.epf Toolchain:toolchains/LtlSoftwareModelCheckingC.xml
2015-01-03_14-36-12-456 Finishing test with FAIL for Input:LTL/rers/Problem14_prop_045.c Settings:settings/LtlSoftwareModelCheckingC.epf Toolchain:toolchains/LtlSoftwareModelCheckingC.xml: NO_RESULT(Expected:UNSAFE): ExpectedResult: UNSAFE UltimateResult: NO_RESULT   NO_RESULT
2015-01-03_14-36-14-040 ### 47/300 ### Starting test for Input:LTL/rers/Problem14_prop_046.c Settings:settings/LtlSoftwareModelCheckingC.epf Toolchain:toolchains/LtlSoftwareModelCheckingC.xml
2015-01-03_14-39-03-041 Finishing test with FAIL for Input:LTL/rers/Problem14_prop_046.c Settings:settings/LtlSoftwareModelCheckingC.epf Toolchain:toolchains/LtlSoftwareModelCheckingC.xml: NO_RESULT(Expected:UNSAFE): ExpectedResult: UNSAFE UltimateResult: NO_RESULT   NO_RESULT
2015-01-03_14-39-04-515 ### 48/300 ### Starting test for Input:LTL/rers/Problem14_prop_047.c Settings:settings/LtlSoftwareModelCheckingC.epf Toolchain:toolchains/LtlSoftwareModelCheckingC.xml
2015-01-03_14-41-20-074 Finishing test with FAIL for Input:LTL/rers/Problem14_prop_047.c Settings:settings/LtlSoftwareModelCheckingC.epf Toolchain:toolchains/LtlSoftwareModelCheckingC.xml: NO_RESULT(Expected:UNSAFE): ExpectedResult: UNSAFE UltimateResult: NO_RESULT   NO_RESULT
2015-01-03_14-41-21-732 ### 49/300 ### Starting test for Input:LTL/rers/Problem14_prop_048.c Settings:settings/LtlSoftwareModelCheckingC.epf Toolchain:toolchains/LtlSoftwareModelCheckingC.xml
2015-01-03_14-42-41-578 Finishing test with SUCCESS for Input:LTL/rers/Problem14_prop_048.c Settings:settings/LtlSoftwareModelCheckingC.epf Toolchain:toolchains/LtlSoftwareModelCheckingC.xml: SAFE(Expected:SAFE): ExpectedResult: SAFE UltimateResult: SAFE   [ShortDescription: All specifications hold LongDescription: We were not able to verify any specifiation because the program does not contain any specification.]
2015-01-03_14-42-42-114 ### 50/300 ### Starting test for Input:LTL/rers/Problem14_prop_049.c Settings:settings/LtlSoftwareModelCheckingC.epf Toolchain:toolchains/LtlSoftwareModelCheckingC.xml
2015-01-03_14-43-15-812 Finishing test with SUCCESS for Input:LTL/rers/Problem14_prop_049.c Settings:settings/LtlSoftwareModelCheckingC.epf Toolchain:toolchains/LtlSoftwareModelCheckingC.xml: SAFE(Expected:SAFE): ExpectedResult: SAFE UltimateResult: SAFE   [ShortDescription: All specifications hold LongDescription: We were not able to verify any specifiation because the program does not contain any specification.]
2015-01-03_14-43-16-251 ### 51/300 ### Starting test for Input:LTL/rers/Problem15_prop_000.c Settings:settings/LtlSoftwareModelCheckingC.epf Toolchain:toolchains/LtlSoftwareModelCheckingC.xml
2015-01-03_14-47-38-580 Finishing test with SUCCESS for Input:LTL/rers/Problem15_prop_000.c Settings:settings/LtlSoftwareModelCheckingC.epf Toolchain:toolchains/LtlSoftwareModelCheckingC.xml: SAFE(Expected:SAFE): ExpectedResult: SAFE UltimateResult: SAFE   [ShortDescription: All specifications hold LongDescription: We were not able to verify any specifiation because the program does not contain any specification.]
2015-01-03_14-47-39-155 ### 52/300 ### Starting test for Input:LTL/rers/Problem15_prop_001.c Settings:settings/LtlSoftwareModelCheckingC.epf Toolchain:toolchains/LtlSoftwareModelCheckingC.xml
2015-01-03_14-48-42-046 Finishing test with SUCCESS for Input:LTL/rers/Problem15_prop_001.c Settings:settings/LtlSoftwareModelCheckingC.epf Toolchain:toolchains/LtlSoftwareModelCheckingC.xml: SAFE(Expected:SAFE): ExpectedResult: SAFE UltimateResult: SAFE   [ShortDescription: All specifications hold LongDescription: We were not able to verify any specifiation because the program does not contain any specification.]
2015-01-03_14-48-42-449 ### 53/300 ### Starting test for Input:LTL/rers/Problem15_prop_002.c Settings:settings/LtlSoftwareModelCheckingC.epf Toolchain:toolchains/LtlSoftwareModelCheckingC.xml
2015-01-03_14-49-19-803 Finishing test with SUCCESS for Input:LTL/rers/Problem15_prop_002.c Settings:settings/LtlSoftwareModelCheckingC.epf Toolchain:toolchains/LtlSoftwareModelCheckingC.xml: SAFE(Expected:SAFE): ExpectedResult: SAFE UltimateResult: SAFE   [ShortDescription: All specifications hold LongDescription: We were not able to verify any specifiation because the program does not contain any specification.]
2015-01-03_14-49-20-196 ### 54/300 ### Starting test for Input:LTL/rers/Problem15_prop_003.c Settings:settings/LtlSoftwareModelCheckingC.epf Toolchain:toolchains/LtlSoftwareModelCheckingC.xml
2015-01-03_14-50-51-725 Finishing test with SUCCESS for Input:LTL/rers/Problem15_prop_003.c Settings:settings/LtlSoftwareModelCheckingC.epf Toolchain:toolchains/LtlSoftwareModelCheckingC.xml: SAFE(Expected:SAFE): ExpectedResult: SAFE UltimateResult: SAFE   [ShortDescription: All specifications hold LongDescription: We were not able to verify any specifiation because the program does not contain any specification.]
2015-01-03_14-50-52-238 ### 55/300 ### Starting test for Input:LTL/rers/Problem15_prop_004.c Settings:settings/LtlSoftwareModelCheckingC.epf Toolchain:toolchains/LtlSoftwareModelCheckingC.xml
2015-01-03_15-01-40-031 Finishing test with FAIL for Input:LTL/rers/Problem15_prop_004.c Settings:settings/LtlSoftwareModelCheckingC.epf Toolchain:toolchains/LtlSoftwareModelCheckingC.xml: EXCEPTION_OR_ERROR(Expected:UNSAFE): ExpectedResult: UNSAFE UltimateResult: EXCEPTION_OR_ERROR   [de.uni_freiburg.informatik.ultimate.plugins.generator.buchiautomizer: OutOfMemoryError: GC overhead limit exceeded: java.util.HashMap.createEntry(HashMap.java:901)]
2015-01-03_15-01-40-402 ### 56/300 ### Starting test for Input:LTL/rers/Problem15_prop_005.c Settings:settings/LtlSoftwareModelCheckingC.epf Toolchain:toolchains/LtlSoftwareModelCheckingC.xml
2015-01-03_15-02-17-995 Finishing test with SUCCESS for Input:LTL/rers/Problem15_prop_005.c Settings:settings/LtlSoftwareModelCheckingC.epf Toolchain:toolchains/LtlSoftwareModelCheckingC.xml: SAFE(Expected:SAFE): ExpectedResult: SAFE UltimateResult: SAFE   [ShortDescription: All specifications hold LongDescription: We were not able to verify any specifiation because the program does not contain any specification.]
2015-01-03_15-02-18-638 ### 57/300 ### Starting test for Input:LTL/rers/Problem15_prop_006.c Settings:settings/LtlSoftwareModelCheckingC.epf Toolchain:toolchains/LtlSoftwareModelCheckingC.xml
2015-01-03_15-22-51-048 Finishing test with UNKNOWN for Input:LTL/rers/Problem15_prop_006.c Settings:settings/LtlSoftwareModelCheckingC.epf Toolchain:toolchains/LtlSoftwareModelCheckingC.xml: TIMEOUT(Expected:UNSAFE): ExpectedResult: UNSAFE UltimateResult: TIMEOUT   [ShortDescription: Timeout LongDescription: Timeout while trying to prove G((A || ((B U C) || G(B))))]
2015-01-03_15-22-51-660 ### 58/300 ### Starting test for Input:LTL/rers/Problem15_prop_007.c Settings:settings/LtlSoftwareModelCheckingC.epf Toolchain:toolchains/LtlSoftwareModelCheckingC.xml
2015-01-03_15-41-04-560 Finishing test with FAIL for Input:LTL/rers/Problem15_prop_007.c Settings:settings/LtlSoftwareModelCheckingC.epf Toolchain:toolchains/LtlSoftwareModelCheckingC.xml: EXCEPTION_OR_ERROR(Expected:UNSAFE): ExpectedResult: UNSAFE UltimateResult: EXCEPTION_OR_ERROR   [de.uni_freiburg.informatik.ultimate.plugins.generator.buchiautomizer: OutOfMemoryError: GC overhead limit exceeded: java.util.HashMap.createEntry(HashMap.java:901)]
2015-01-03_15-41-04-915 ### 59/300 ### Starting test for Input:LTL/rers/Problem15_prop_008.c Settings:settings/LtlSoftwareModelCheckingC.epf Toolchain:toolchains/LtlSoftwareModelCheckingC.xml
2015-01-03_15-42-54-621 Finishing test with SUCCESS for Input:LTL/rers/Problem15_prop_008.c Settings:settings/LtlSoftwareModelCheckingC.epf Toolchain:toolchains/LtlSoftwareModelCheckingC.xml: SAFE(Expected:SAFE): ExpectedResult: SAFE UltimateResult: SAFE   [ShortDescription: All specifications hold LongDescription: We were not able to verify any specifiation because the program does not contain any specification.]
2015-01-03_15-42-55-324 ### 60/300 ### Starting test for Input:LTL/rers/Problem15_prop_009.c Settings:settings/LtlSoftwareModelCheckingC.epf Toolchain:toolchains/LtlSoftwareModelCheckingC.xml
2015-01-03_15-46-13-880 Finishing test with SUCCESS for Input:LTL/rers/Problem15_prop_009.c Settings:settings/LtlSoftwareModelCheckingC.epf Toolchain:toolchains/LtlSoftwareModelCheckingC.xml: SAFE(Expected:SAFE): ExpectedResult: SAFE UltimateResult: SAFE   [ShortDescription: All specifications hold LongDescription: We were not able to verify any specifiation because the program does not contain any specification.]
2015-01-03_15-46-14-299 ### 61/300 ### Starting test for Input:LTL/rers/Problem15_prop_010.c Settings:settings/LtlSoftwareModelCheckingC.epf Toolchain:toolchains/LtlSoftwareModelCheckingC.xml
2015-01-03_15-47-32-898 Finishing test with SUCCESS for Input:LTL/rers/Problem15_prop_010.c Settings:settings/LtlSoftwareModelCheckingC.epf Toolchain:toolchains/LtlSoftwareModelCheckingC.xml: SAFE(Expected:SAFE): ExpectedResult: SAFE UltimateResult: SAFE   [ShortDescription: All specifications hold LongDescription: We were not able to verify any specifiation because the program does not contain any specification.]
2015-01-03_15-47-33-437 ### 62/300 ### Starting test for Input:LTL/rers/Problem15_prop_011.c Settings:settings/LtlSoftwareModelCheckingC.epf Toolchain:toolchains/LtlSoftwareModelCheckingC.xml
2015-01-03_15-49-53-928 Finishing test with SUCCESS for Input:LTL/rers/Problem15_prop_011.c Settings:settings/LtlSoftwareModelCheckingC.epf Toolchain:toolchains/LtlSoftwareModelCheckingC.xml: SAFE(Expected:SAFE): ExpectedResult: SAFE UltimateResult: SAFE   [ShortDescription: All specifications hold LongDescription: We were not able to verify any specifiation because the program does not contain any specification.]
2015-01-03_15-49-54-393 ### 63/300 ### Starting test for Input:LTL/rers/Problem15_prop_012.c Settings:settings/LtlSoftwareModelCheckingC.epf Toolchain:toolchains/LtlSoftwareModelCheckingC.xml
2015-01-03_16-18-16-186 Finishing test with FAIL for Input:LTL/rers/Problem15_prop_012.c Settings:settings/LtlSoftwareModelCheckingC.epf Toolchain:toolchains/LtlSoftwareModelCheckingC.xml: EXCEPTION_OR_ERROR(Expected:UNSAFE): ExpectedResult: UNSAFE UltimateResult: EXCEPTION_OR_ERROR   [de.uni_freiburg.informatik.ultimate.plugins.generator.buchiautomizer: OutOfMemoryError: Java heap space: java.util.HashMap.inflateTable(HashMap.java:320)]
2015-01-03_16-18-16-557 ### 64/300 ### Starting test for Input:LTL/rers/Problem15_prop_013.c Settings:settings/LtlSoftwareModelCheckingC.epf Toolchain:toolchains/LtlSoftwareModelCheckingC.xml
2015-01-03_16-30-13-200 Finishing test with FAIL for Input:LTL/rers/Problem15_prop_013.c Settings:settings/LtlSoftwareModelCheckingC.epf Toolchain:toolchains/LtlSoftwareModelCheckingC.xml: EXCEPTION_OR_ERROR(Expected:UNSAFE): ExpectedResult: UNSAFE UltimateResult: EXCEPTION_OR_ERROR   [de.uni_freiburg.informatik.ultimate.plugins.generator.buchiautomizer: OutOfMemoryError: GC overhead limit exceeded: java.util.HashMap.createEntry(HashMap.java:901)]
2015-01-03_16-30-13-557 ### 65/300 ### Starting test for Input:LTL/rers/Problem15_prop_014.c Settings:settings/LtlSoftwareModelCheckingC.epf Toolchain:toolchains/LtlSoftwareModelCheckingC.xml
2015-01-03_16-33-52-693 Finishing test with SUCCESS for Input:LTL/rers/Problem15_prop_014.c Settings:settings/LtlSoftwareModelCheckingC.epf Toolchain:toolchains/LtlSoftwareModelCheckingC.xml: SAFE(Expected:SAFE): ExpectedResult: SAFE UltimateResult: SAFE   [ShortDescription: All specifications hold LongDescription: We were not able to verify any specifiation because the program does not contain any specification.]
2015-01-03_16-33-53-461 ### 66/300 ### Starting test for Input:LTL/rers/Problem15_prop_015.c Settings:settings/LtlSoftwareModelCheckingC.epf Toolchain:toolchains/LtlSoftwareModelCheckingC.xml
2015-01-03_16-50-01-741 Finishing test with FAIL for Input:LTL/rers/Problem15_prop_015.c Settings:settings/LtlSoftwareModelCheckingC.epf Toolchain:toolchains/LtlSoftwareModelCheckingC.xml: EXCEPTION_OR_ERROR(Expected:UNSAFE): ExpectedResult: UNSAFE UltimateResult: EXCEPTION_OR_ERROR   [de.uni_freiburg.informatik.ultimate.plugins.generator.buchiautomizer: AssertionError: TermException de.uni_freiburg.informatik.ultimate.lassoranker.exceptions.UnknownFunctionException: Unknown function symbol: ite @term: (ite (<= (+ |v_div_aux(- v_mod_auxv_~a29_883629_1 (- 14))5_1| 1) 0) (+ |v_div_aux(ite (< (- v_mod_auxv_~a29_883629_1 (- 14)) 0) (+ v_div_aux(- v_mod_auxv_~a29_883629_1 (- 14))5_1 1) v_div_aux(- v_mod_auxv_~a29_883629_1 (- 14))5_1)5_1| 1) |v_div_aux(ite (< (- v_mod_auxv_~a29_883629_1 (- 14)) 0) (+ v_div_aux(- v_mod_auxv_~a29_883629_1 (- 14))5_1 1) v_div_aux(- v_mod_auxv_~a29_883629_1 (- 14))5_1)5_1|): de.uni_freiburg.informatik.ultimate.plugins.generator.buchiautomizer.LassoChecker.synthesize(LassoChecker.java:608)]
2015-01-03_16-50-02-343 ### 67/300 ### Starting test for Input:LTL/rers/Problem15_prop_016.c Settings:settings/LtlSoftwareModelCheckingC.epf Toolchain:toolchains/LtlSoftwareModelCheckingC.xml
2015-01-03_16-50-40-240 Finishing test with SUCCESS for Input:LTL/rers/Problem15_prop_016.c Settings:settings/LtlSoftwareModelCheckingC.epf Toolchain:toolchains/LtlSoftwareModelCheckingC.xml: SAFE(Expected:SAFE): ExpectedResult: SAFE UltimateResult: SAFE   [ShortDescription: All specifications hold LongDescription: We were not able to verify any specifiation because the program does not contain any specification.]
2015-01-03_16-50-40-738 ### 68/300 ### Starting test for Input:LTL/rers/Problem15_prop_017.c Settings:settings/LtlSoftwareModelCheckingC.epf Toolchain:toolchains/LtlSoftwareModelCheckingC.xml
2015-01-03_16-58-19-102 Finishing test with FAIL for Input:LTL/rers/Problem15_prop_017.c Settings:settings/LtlSoftwareModelCheckingC.epf Toolchain:toolchains/LtlSoftwareModelCheckingC.xml: EXCEPTION_OR_ERROR(Expected:UNSAFE): ExpectedResult: UNSAFE UltimateResult: EXCEPTION_OR_ERROR   [de.uni_freiburg.informatik.ultimate.plugins.generator.buchiautomizer: OutOfMemoryError: GC overhead limit exceeded]
2015-01-03_16-58-19-417 ### 69/300 ### Starting test for Input:LTL/rers/Problem15_prop_018.c Settings:settings/LtlSoftwareModelCheckingC.epf Toolchain:toolchains/LtlSoftwareModelCheckingC.xml
2015-01-03_16-59-00-378 Finishing test with SUCCESS for Input:LTL/rers/Problem15_prop_018.c Settings:settings/LtlSoftwareModelCheckingC.epf Toolchain:toolchains/LtlSoftwareModelCheckingC.xml: SAFE(Expected:SAFE): ExpectedResult: SAFE UltimateResult: SAFE   [ShortDescription: All specifications hold LongDescription: We were not able to verify any specifiation because the program does not contain any specification.]
2015-01-03_16-59-00-989 ### 70/300 ### Starting test for Input:LTL/rers/Problem15_prop_019.c Settings:settings/LtlSoftwareModelCheckingC.epf Toolchain:toolchains/LtlSoftwareModelCheckingC.xml
2015-01-03_17-11-06-103 Finishing test with SUCCESS for Input:LTL/rers/Problem15_prop_019.c Settings:settings/LtlSoftwareModelCheckingC.epf Toolchain:toolchains/LtlSoftwareModelCheckingC.xml: SAFE(Expected:SAFE): ExpectedResult: SAFE UltimateResult: SAFE   [ShortDescription: All specifications hold LongDescription: We were not able to verify any specifiation because the program does not contain any specification.]
2015-01-03_17-11-06-893 ### 71/300 ### Starting test for Input:LTL/rers/Problem15_prop_020.c Settings:settings/LtlSoftwareModelCheckingC.epf Toolchain:toolchains/LtlSoftwareModelCheckingC.xml
2015-01-03_17-30-30-929 Finishing test with FAIL for Input:LTL/rers/Problem15_prop_020.c Settings:settings/LtlSoftwareModelCheckingC.epf Toolchain:toolchains/LtlSoftwareModelCheckingC.xml: EXCEPTION_OR_ERROR(Expected:UNSAFE): ExpectedResult: UNSAFE UltimateResult: EXCEPTION_OR_ERROR   [de.uni_freiburg.informatik.ultimate.plugins.generator.buchiautomizer: OutOfMemoryError: GC overhead limit exceeded]
2015-01-03_17-30-31-249 ### 72/300 ### Starting test for Input:LTL/rers/Problem15_prop_021.c Settings:settings/LtlSoftwareModelCheckingC.epf Toolchain:toolchains/LtlSoftwareModelCheckingC.xml
2015-01-03_17-49-43-407 Finishing test with FAIL for Input:LTL/rers/Problem15_prop_021.c Settings:settings/LtlSoftwareModelCheckingC.epf Toolchain:toolchains/LtlSoftwareModelCheckingC.xml: EXCEPTION_OR_ERROR(Expected:UNSAFE): ExpectedResult: UNSAFE UltimateResult: EXCEPTION_OR_ERROR   [de.uni_freiburg.informatik.ultimate.plugins.generator.buchiautomizer: OutOfMemoryError: GC overhead limit exceeded]
2015-01-03_17-49-43-726 ### 73/300 ### Starting test for Input:LTL/rers/Problem15_prop_022.c Settings:settings/LtlSoftwareModelCheckingC.epf Toolchain:toolchains/LtlSoftwareModelCheckingC.xml
2015-01-03_17-58-48-775 Finishing test with FAIL for Input:LTL/rers/Problem15_prop_022.c Settings:settings/LtlSoftwareModelCheckingC.epf Toolchain:toolchains/LtlSoftwareModelCheckingC.xml: EXCEPTION_OR_ERROR(Expected:UNSAFE): ExpectedResult: UNSAFE UltimateResult: EXCEPTION_OR_ERROR   [de.uni_freiburg.informatik.ultimate.plugins.generator.buchiautomizer: OutOfMemoryError: GC overhead limit exceeded]
2015-01-03_17-58-49-094 ### 74/300 ### Starting test for Input:LTL/rers/Problem15_prop_023.c Settings:settings/LtlSoftwareModelCheckingC.epf Toolchain:toolchains/LtlSoftwareModelCheckingC.xml
2015-01-03_18-07-33-513 Finishing test with FAIL for Input:LTL/rers/Problem15_prop_023.c Settings:settings/LtlSoftwareModelCheckingC.epf Toolchain:toolchains/LtlSoftwareModelCheckingC.xml: EXCEPTION_OR_ERROR(Expected:UNSAFE): ExpectedResult: UNSAFE UltimateResult: EXCEPTION_OR_ERROR   [de.uni_freiburg.informatik.ultimate.plugins.generator.buchiautomizer: OutOfMemoryError: GC overhead limit exceeded]
2015-01-03_18-07-33-830 ### 75/300 ### Starting test for Input:LTL/rers/Problem15_prop_024.c Settings:settings/LtlSoftwareModelCheckingC.epf Toolchain:toolchains/LtlSoftwareModelCheckingC.xml
2015-01-03_18-12-45-290 Finishing test with SUCCESS for Input:LTL/rers/Problem15_prop_024.c Settings:settings/LtlSoftwareModelCheckingC.epf Toolchain:toolchains/LtlSoftwareModelCheckingC.xml: SAFE(Expected:SAFE): ExpectedResult: SAFE UltimateResult: SAFE   [ShortDescription: All specifications hold LongDescription: We were not able to verify any specifiation because the program does not contain any specification.]
2015-01-03_18-12-46-132 ### 76/300 ### Starting test for Input:LTL/rers/Problem15_prop_025.c Settings:settings/LtlSoftwareModelCheckingC.epf Toolchain:toolchains/LtlSoftwareModelCheckingC.xml
2015-01-03_18-34-07-931 Finishing test with UNKNOWN for Input:LTL/rers/Problem15_prop_025.c Settings:settings/LtlSoftwareModelCheckingC.epf Toolchain:toolchains/LtlSoftwareModelCheckingC.xml: TIMEOUT(Expected:SAFE): ExpectedResult: SAFE UltimateResult: TIMEOUT   [ShortDescription: Timeout LongDescription: Timeout while trying to prove G((A || ((B U C) || G(B))))]
2015-01-03_18-34-08-659 ### 77/300 ### Starting test for Input:LTL/rers/Problem15_prop_026.c Settings:settings/LtlSoftwareModelCheckingC.epf Toolchain:toolchains/LtlSoftwareModelCheckingC.xml
2015-01-03_18-37-32-866 Finishing test with FAIL for Input:LTL/rers/Problem15_prop_026.c Settings:settings/LtlSoftwareModelCheckingC.epf Toolchain:toolchains/LtlSoftwareModelCheckingC.xml: NO_RESULT(Expected:UNSAFE): ExpectedResult: UNSAFE UltimateResult: NO_RESULT   NO_RESULT
2015-01-03_18-37-33-509 ### 78/300 ### Starting test for Input:LTL/rers/Problem15_prop_027.c Settings:settings/LtlSoftwareModelCheckingC.epf Toolchain:toolchains/LtlSoftwareModelCheckingC.xml
2015-01-03_18-44-06-059 Finishing test with SUCCESS for Input:LTL/rers/Problem15_prop_027.c Settings:settings/LtlSoftwareModelCheckingC.epf Toolchain:toolchains/LtlSoftwareModelCheckingC.xml: SAFE(Expected:SAFE): ExpectedResult: SAFE UltimateResult: SAFE   [ShortDescription: All specifications hold LongDescription: We were not able to verify any specifiation because the program does not contain any specification.]
2015-01-03_18-44-06-813 ### 79/300 ### Starting test for Input:LTL/rers/Problem15_prop_028.c Settings:settings/LtlSoftwareModelCheckingC.epf Toolchain:toolchains/LtlSoftwareModelCheckingC.xml
2015-01-03_19-04-06-851 Finishing test with UNKNOWN for Input:LTL/rers/Problem15_prop_028.c Settings:settings/LtlSoftwareModelCheckingC.epf Toolchain:toolchains/LtlSoftwareModelCheckingC.xml: TIMEOUT(Expected:UNSAFE): ExpectedResult: UNSAFE UltimateResult: TIMEOUT   [ShortDescription: Timeout LongDescription: Timeout while trying to prove ((A U ((B U ((A U ((B U G(A)) || G(B))) || G(A))) || G(B))) || G(A))]
2015-01-03_19-04-07-974 ### 80/300 ### Starting test for Input:LTL/rers/Problem15_prop_029.c Settings:settings/LtlSoftwareModelCheckingC.epf Toolchain:toolchains/LtlSoftwareModelCheckingC.xml
2015-01-03_19-24-08-563 Finishing test with UNKNOWN for Input:LTL/rers/Problem15_prop_029.c Settings:settings/LtlSoftwareModelCheckingC.epf Toolchain:toolchains/LtlSoftwareModelCheckingC.xml: TIMEOUT(Expected:UNSAFE): ExpectedResult: UNSAFE UltimateResult: TIMEOUT   [ShortDescription: Timeout LongDescription: Timout or Toolchain cancelled by user]
2015-01-03_19-24-08-906 ### 81/300 ### Starting test for Input:LTL/rers/Problem15_prop_030.c Settings:settings/LtlSoftwareModelCheckingC.epf Toolchain:toolchains/LtlSoftwareModelCheckingC.xml
2015-01-03_19-44-14-995 Finishing test with UNKNOWN for Input:LTL/rers/Problem15_prop_030.c Settings:settings/LtlSoftwareModelCheckingC.epf Toolchain:toolchains/LtlSoftwareModelCheckingC.xml: TIMEOUT(Expected:UNSAFE): ExpectedResult: UNSAFE UltimateResult: TIMEOUT   [ShortDescription: Timeout LongDescription: Timeout while trying to prove G((A || (B U C)))]
2015-01-03_19-44-15-643 ### 82/300 ### Starting test for Input:LTL/rers/Problem15_prop_031.c Settings:settings/LtlSoftwareModelCheckingC.epf Toolchain:toolchains/LtlSoftwareModelCheckingC.xml
2015-01-03_20-04-17-093 Finishing test with UNKNOWN for Input:LTL/rers/Problem15_prop_031.c Settings:settings/LtlSoftwareModelCheckingC.epf Toolchain:toolchains/LtlSoftwareModelCheckingC.xml: TIMEOUT(Expected:UNSAFE): ExpectedResult: UNSAFE UltimateResult: TIMEOUT   [ShortDescription: Timeout LongDescription: Timeout while trying to prove ((A U ((B U ((A U ((B U G(A)) || G(B))) || G(A))) || G(B))) || G(A))]
2015-01-03_20-04-17-757 ### 83/300 ### Starting test for Input:LTL/rers/Problem15_prop_032.c Settings:settings/LtlSoftwareModelCheckingC.epf Toolchain:toolchains/LtlSoftwareModelCheckingC.xml
2015-01-03_20-07-37-610 Finishing test with FAIL for Input:LTL/rers/Problem15_prop_032.c Settings:settings/LtlSoftwareModelCheckingC.epf Toolchain:toolchains/LtlSoftwareModelCheckingC.xml: NO_RESULT(Expected:UNSAFE): ExpectedResult: UNSAFE UltimateResult: NO_RESULT   NO_RESULT
2015-01-03_20-07-38-497 ### 84/300 ### Starting test for Input:LTL/rers/Problem15_prop_033.c Settings:settings/LtlSoftwareModelCheckingC.epf Toolchain:toolchains/LtlSoftwareModelCheckingC.xml
2015-01-03_20-08-16-624 Finishing test with SUCCESS for Input:LTL/rers/Problem15_prop_033.c Settings:settings/LtlSoftwareModelCheckingC.epf Toolchain:toolchains/LtlSoftwareModelCheckingC.xml: SAFE(Expected:SAFE): ExpectedResult: SAFE UltimateResult: SAFE   [ShortDescription: All specifications hold LongDescription: We were not able to verify any specifiation because the program does not contain any specification.]
2015-01-03_20-08-17-039 ### 85/300 ### Starting test for Input:LTL/rers/Problem15_prop_034.c Settings:settings/LtlSoftwareModelCheckingC.epf Toolchain:toolchains/LtlSoftwareModelCheckingC.xml
2015-01-03_20-12-16-889 Finishing test with SUCCESS for Input:LTL/rers/Problem15_prop_034.c Settings:settings/LtlSoftwareModelCheckingC.epf Toolchain:toolchains/LtlSoftwareModelCheckingC.xml: SAFE(Expected:SAFE): ExpectedResult: SAFE UltimateResult: SAFE   [ShortDescription: All specifications hold LongDescription: We were not able to verify any specifiation because the program does not contain any specification.]
2015-01-03_20-12-17-591 ### 86/300 ### Starting test for Input:LTL/rers/Problem15_prop_035.c Settings:settings/LtlSoftwareModelCheckingC.epf Toolchain:toolchains/LtlSoftwareModelCheckingC.xml
2015-01-03_20-35-30-834 Finishing test with FAIL for Input:LTL/rers/Problem15_prop_035.c Settings:settings/LtlSoftwareModelCheckingC.epf Toolchain:toolchains/LtlSoftwareModelCheckingC.xml: EXCEPTION_OR_ERROR(Expected:UNSAFE): ExpectedResult: UNSAFE UltimateResult: EXCEPTION_OR_ERROR   [de.uni_freiburg.informatik.ultimate.plugins.generator.buchiautomizer: OutOfMemoryError: GC overhead limit exceeded]
2015-01-03_20-35-31-158 ### 87/300 ### Starting test for Input:LTL/rers/Problem15_prop_036.c Settings:settings/LtlSoftwareModelCheckingC.epf Toolchain:toolchains/LtlSoftwareModelCheckingC.xml
2015-01-03_20-43-24-578 Finishing test with FAIL for Input:LTL/rers/Problem15_prop_036.c Settings:settings/LtlSoftwareModelCheckingC.epf Toolchain:toolchains/LtlSoftwareModelCheckingC.xml: EXCEPTION_OR_ERROR(Expected:UNSAFE): ExpectedResult: UNSAFE UltimateResult: EXCEPTION_OR_ERROR   [de.uni_freiburg.informatik.ultimate.plugins.generator.buchiautomizer: OutOfMemoryError: GC overhead limit exceeded]
2015-01-03_20-43-24-904 ### 88/300 ### Starting test for Input:LTL/rers/Problem15_prop_037.c Settings:settings/LtlSoftwareModelCheckingC.epf Toolchain:toolchains/LtlSoftwareModelCheckingC.xml
2015-01-03_20-57-17-913 Finishing test with FAIL for Input:LTL/rers/Problem15_prop_037.c Settings:settings/LtlSoftwareModelCheckingC.epf Toolchain:toolchains/LtlSoftwareModelCheckingC.xml: EXCEPTION_OR_ERROR(Expected:UNSAFE): ExpectedResult: UNSAFE UltimateResult: EXCEPTION_OR_ERROR   [de.uni_freiburg.informatik.ultimate.plugins.generator.buchiautomizer: OutOfMemoryError: GC overhead limit exceeded]
2015-01-03_20-57-18-239 ### 89/300 ### Starting test for Input:LTL/rers/Problem15_prop_038.c Settings:settings/LtlSoftwareModelCheckingC.epf Toolchain:toolchains/LtlSoftwareModelCheckingC.xml
2015-01-03_21-00-09-605 Finishing test with SUCCESS for Input:LTL/rers/Problem15_prop_038.c Settings:settings/LtlSoftwareModelCheckingC.epf Toolchain:toolchains/LtlSoftwareModelCheckingC.xml: SAFE(Expected:SAFE): ExpectedResult: SAFE UltimateResult: SAFE   [ShortDescription: All specifications hold LongDescription: We were not able to verify any specifiation because the program does not contain any specification.]
2015-01-03_21-00-10-438 ### 90/300 ### Starting test for Input:LTL/rers/Problem15_prop_039.c Settings:settings/LtlSoftwareModelCheckingC.epf Toolchain:toolchains/LtlSoftwareModelCheckingC.xml
2015-01-03_21-15-25-307 Finishing test with FAIL for Input:LTL/rers/Problem15_prop_039.c Settings:settings/LtlSoftwareModelCheckingC.epf Toolchain:toolchains/LtlSoftwareModelCheckingC.xml: NO_RESULT(Expected:UNSAFE): ExpectedResult: UNSAFE UltimateResult: NO_RESULT   NO_RESULT
2015-01-03_21-15-26-700 ### 91/300 ### Starting test for Input:LTL/rers/Problem15_prop_040.c Settings:settings/LtlSoftwareModelCheckingC.epf Toolchain:toolchains/LtlSoftwareModelCheckingC.xml
2015-01-03_21-25-41-659 Finishing test with FAIL for Input:LTL/rers/Problem15_prop_040.c Settings:settings/LtlSoftwareModelCheckingC.epf Toolchain:toolchains/LtlSoftwareModelCheckingC.xml: EXCEPTION_OR_ERROR(Expected:UNSAFE): ExpectedResult: UNSAFE UltimateResult: EXCEPTION_OR_ERROR   [de.uni_freiburg.informatik.ultimate.plugins.generator.buchiautomizer: OutOfMemoryError: GC overhead limit exceeded]
2015-01-03_21-25-41-986 ### 92/300 ### Starting test for Input:LTL/rers/Problem15_prop_041.c Settings:settings/LtlSoftwareModelCheckingC.epf Toolchain:toolchains/LtlSoftwareModelCheckingC.xml
2015-01-03_21-46-14-604 Finishing test with UNKNOWN for Input:LTL/rers/Problem15_prop_041.c Settings:settings/LtlSoftwareModelCheckingC.epf Toolchain:toolchains/LtlSoftwareModelCheckingC.xml: TIMEOUT(Expected:UNSAFE): ExpectedResult: UNSAFE UltimateResult: TIMEOUT   [ShortDescription: Timeout LongDescription: Timeout while trying to prove G((A || G(B)))]
2015-01-03_21-46-15-097 ### 93/300 ### Starting test for Input:LTL/rers/Problem15_prop_042.c Settings:settings/LtlSoftwareModelCheckingC.epf Toolchain:toolchains/LtlSoftwareModelCheckingC.xml
2015-01-03_21-58-42-170 Finishing test with SUCCESS for Input:LTL/rers/Problem15_prop_042.c Settings:settings/LtlSoftwareModelCheckingC.epf Toolchain:toolchains/LtlSoftwareModelCheckingC.xml: SAFE(Expected:SAFE): ExpectedResult: SAFE UltimateResult: SAFE   [ShortDescription: All specifications hold LongDescription: We were not able to verify any specifiation because the program does not contain any specification.]
2015-01-03_21-58-43-004 ### 94/300 ### Starting test for Input:LTL/rers/Problem15_prop_043.c Settings:settings/LtlSoftwareModelCheckingC.epf Toolchain:toolchains/LtlSoftwareModelCheckingC.xml
2015-01-03_22-01-14-931 Finishing test with SUCCESS for Input:LTL/rers/Problem15_prop_043.c Settings:settings/LtlSoftwareModelCheckingC.epf Toolchain:toolchains/LtlSoftwareModelCheckingC.xml: SAFE(Expected:SAFE): ExpectedResult: SAFE UltimateResult: SAFE   [ShortDescription: All specifications hold LongDescription: We were not able to verify any specifiation because the program does not contain any specification.]
2015-01-03_22-01-15-370 ### 95/300 ### Starting test for Input:LTL/rers/Problem15_prop_044.c Settings:settings/LtlSoftwareModelCheckingC.epf Toolchain:toolchains/LtlSoftwareModelCheckingC.xml
2015-01-03_22-01-58-348 Finishing test with SUCCESS for Input:LTL/rers/Problem15_prop_044.c Settings:settings/LtlSoftwareModelCheckingC.epf Toolchain:toolchains/LtlSoftwareModelCheckingC.xml: SAFE(Expected:SAFE): ExpectedResult: SAFE UltimateResult: SAFE   [ShortDescription: All specifications hold LongDescription: We were not able to verify any specifiation because the program does not contain any specification.]
2015-01-03_22-01-58-776 ### 96/300 ### Starting test for Input:LTL/rers/Problem15_prop_045.c Settings:settings/LtlSoftwareModelCheckingC.epf Toolchain:toolchains/LtlSoftwareModelCheckingC.xml
2015-01-03_22-10-21-434 Finishing test with FAIL for Input:LTL/rers/Problem15_prop_045.c Settings:settings/LtlSoftwareModelCheckingC.epf Toolchain:toolchains/LtlSoftwareModelCheckingC.xml: EXCEPTION_OR_ERROR(Expected:SAFE): ExpectedResult: SAFE UltimateResult: EXCEPTION_OR_ERROR   [de.uni_freiburg.informatik.ultimate.plugins.generator.buchiautomizer: OutOfMemoryError: GC overhead limit exceeded]
2015-01-03_22-10-21-761 ### 97/300 ### Starting test for Input:LTL/rers/Problem15_prop_046.c Settings:settings/LtlSoftwareModelCheckingC.epf Toolchain:toolchains/LtlSoftwareModelCheckingC.xml
2015-01-03_22-11-02-329 Finishing test with SUCCESS for Input:LTL/rers/Problem15_prop_046.c Settings:settings/LtlSoftwareModelCheckingC.epf Toolchain:toolchains/LtlSoftwareModelCheckingC.xml: SAFE(Expected:SAFE): ExpectedResult: SAFE UltimateResult: SAFE   [ShortDescription: All specifications hold LongDescription: We were not able to verify any specifiation because the program does not contain any specification.]
2015-01-03_22-11-02-919 ### 98/300 ### Starting test for Input:LTL/rers/Problem15_prop_047.c Settings:settings/LtlSoftwareModelCheckingC.epf Toolchain:toolchains/LtlSoftwareModelCheckingC.xml
2015-01-03_22-16-12-649 Finishing test with SUCCESS for Input:LTL/rers/Problem15_prop_047.c Settings:settings/LtlSoftwareModelCheckingC.epf Toolchain:toolchains/LtlSoftwareModelCheckingC.xml: SAFE(Expected:SAFE): ExpectedResult: SAFE UltimateResult: SAFE   [ShortDescription: All specifications hold LongDescription: We were not able to verify any specifiation because the program does not contain any specification.]
2015-01-03_22-16-13-300 ### 99/300 ### Starting test for Input:LTL/rers/Problem15_prop_048.c Settings:settings/LtlSoftwareModelCheckingC.epf Toolchain:toolchains/LtlSoftwareModelCheckingC.xml
2015-01-03_22-24-23-604 Finishing test with FAIL for Input:LTL/rers/Problem15_prop_048.c Settings:settings/LtlSoftwareModelCheckingC.epf Toolchain:toolchains/LtlSoftwareModelCheckingC.xml: EXCEPTION_OR_ERROR(Expected:UNSAFE): ExpectedResult: UNSAFE UltimateResult: EXCEPTION_OR_ERROR   [de.uni_freiburg.informatik.ultimate.plugins.generator.buchiautomizer: OutOfMemoryError: GC overhead limit exceeded]
2015-01-03_22-24-23-940 ### 100/300 ### Starting test for Input:LTL/rers/Problem15_prop_049.c Settings:settings/LtlSoftwareModelCheckingC.epf Toolchain:toolchains/LtlSoftwareModelCheckingC.xml
2015-01-03_22-25-48-742 Finishing test with SUCCESS for Input:LTL/rers/Problem15_prop_049.c Settings:settings/LtlSoftwareModelCheckingC.epf Toolchain:toolchains/LtlSoftwareModelCheckingC.xml: SAFE(Expected:SAFE): ExpectedResult: SAFE UltimateResult: SAFE   [ShortDescription: All specifications hold LongDescription: We were not able to verify any specifiation because the program does not contain any specification.]
2015-01-03_22-25-49-436 ### 101/300 ### Starting test for Input:LTL/rers/Problem16_prop_000.c Settings:settings/LtlSoftwareModelCheckingC.epf Toolchain:toolchains/LtlSoftwareModelCheckingC.xml
2015-01-03_22-27-41-234 Finishing test with SUCCESS for Input:LTL/rers/Problem16_prop_000.c Settings:settings/LtlSoftwareModelCheckingC.epf Toolchain:toolchains/LtlSoftwareModelCheckingC.xml: SAFE(Expected:SAFE): ExpectedResult: SAFE UltimateResult: SAFE   [ShortDescription: All specifications hold LongDescription: We were not able to verify any specifiation because the program does not contain any specification.]
2015-01-03_22-27-41-685 ### 102/300 ### Starting test for Input:LTL/rers/Problem16_prop_001.c Settings:settings/LtlSoftwareModelCheckingC.epf Toolchain:toolchains/LtlSoftwareModelCheckingC.xml
2015-01-03_22-33-23-591 Finishing test with FAIL for Input:LTL/rers/Problem16_prop_001.c Settings:settings/LtlSoftwareModelCheckingC.epf Toolchain:toolchains/LtlSoftwareModelCheckingC.xml: EXCEPTION_OR_ERROR(Expected:SAFE): ExpectedResult: SAFE UltimateResult: EXCEPTION_OR_ERROR   [de.uni_freiburg.informatik.ultimate.plugins.generator.buchiautomizer: OutOfMemoryError: Java heap space]
2015-01-03_22-33-23-923 ### 103/300 ### Starting test for Input:LTL/rers/Problem16_prop_002.c Settings:settings/LtlSoftwareModelCheckingC.epf Toolchain:toolchains/LtlSoftwareModelCheckingC.xml
2015-01-03_22-37-48-619 Finishing test with SUCCESS for Input:LTL/rers/Problem16_prop_002.c Settings:settings/LtlSoftwareModelCheckingC.epf Toolchain:toolchains/LtlSoftwareModelCheckingC.xml: SAFE(Expected:SAFE): ExpectedResult: SAFE UltimateResult: SAFE   [ShortDescription: All specifications hold LongDescription: We were not able to verify any specifiation because the program does not contain any specification.]
2015-01-03_22-37-49-293 ### 104/300 ### Starting test for Input:LTL/rers/Problem16_prop_003.c Settings:settings/LtlSoftwareModelCheckingC.epf Toolchain:toolchains/LtlSoftwareModelCheckingC.xml
2015-01-03_22-48-07-708 Finishing test with FAIL for Input:LTL/rers/Problem16_prop_003.c Settings:settings/LtlSoftwareModelCheckingC.epf Toolchain:toolchains/LtlSoftwareModelCheckingC.xml: EXCEPTION_OR_ERROR(Expected:SAFE): ExpectedResult: SAFE UltimateResult: EXCEPTION_OR_ERROR   [de.uni_freiburg.informatik.ultimate.plugins.generator.buchiautomizer: OutOfMemoryError: GC overhead limit exceeded]
2015-01-03_22-48-08-043 ### 105/300 ### Starting test for Input:LTL/rers/Problem16_prop_004.c Settings:settings/LtlSoftwareModelCheckingC.epf Toolchain:toolchains/LtlSoftwareModelCheckingC.xml
2015-01-03_22-50-37-787 Finishing test with SUCCESS for Input:LTL/rers/Problem16_prop_004.c Settings:settings/LtlSoftwareModelCheckingC.epf Toolchain:toolchains/LtlSoftwareModelCheckingC.xml: SAFE(Expected:SAFE): ExpectedResult: SAFE UltimateResult: SAFE   [ShortDescription: All specifications hold LongDescription: We were not able to verify any specifiation because the program does not contain any specification.]
2015-01-03_22-50-38-446 ### 106/300 ### Starting test for Input:LTL/rers/Problem16_prop_005.c Settings:settings/LtlSoftwareModelCheckingC.epf Toolchain:toolchains/LtlSoftwareModelCheckingC.xml
2015-01-03_23-12-57-814 Finishing test with FAIL for Input:LTL/rers/Problem16_prop_005.c Settings:settings/LtlSoftwareModelCheckingC.epf Toolchain:toolchains/LtlSoftwareModelCheckingC.xml: EXCEPTION_OR_ERROR(Expected:UNSAFE): ExpectedResult: UNSAFE UltimateResult: EXCEPTION_OR_ERROR   [de.uni_freiburg.informatik.ultimate.plugins.generator.buchiautomizer: OutOfMemoryError: GC overhead limit exceeded]
2015-01-03_23-12-58-155 ### 107/300 ### Starting test for Input:LTL/rers/Problem16_prop_006.c Settings:settings/LtlSoftwareModelCheckingC.epf Toolchain:toolchains/LtlSoftwareModelCheckingC.xml
2015-01-03_23-33-09-037 Finishing test with UNKNOWN for Input:LTL/rers/Problem16_prop_006.c Settings:settings/LtlSoftwareModelCheckingC.epf Toolchain:toolchains/LtlSoftwareModelCheckingC.xml: TIMEOUT(Expected:UNSAFE): ExpectedResult: UNSAFE UltimateResult: TIMEOUT   [ShortDescription: Timeout LongDescription: Timout or Toolchain cancelled by user]
2015-01-03_23-33-09-378 ### 108/300 ### Starting test for Input:LTL/rers/Problem16_prop_007.c Settings:settings/LtlSoftwareModelCheckingC.epf Toolchain:toolchains/LtlSoftwareModelCheckingC.xml
2015-01-03_23-42-45-877 Finishing test with SUCCESS for Input:LTL/rers/Problem16_prop_007.c Settings:settings/LtlSoftwareModelCheckingC.epf Toolchain:toolchains/LtlSoftwareModelCheckingC.xml: SAFE(Expected:SAFE): ExpectedResult: SAFE UltimateResult: SAFE   [ShortDescription: All specifications hold LongDescription: We were not able to verify any specifiation because the program does not contain any specification.]
2015-01-03_23-42-46-818 ### 109/300 ### Starting test for Input:LTL/rers/Problem16_prop_008.c Settings:settings/LtlSoftwareModelCheckingC.epf Toolchain:toolchains/LtlSoftwareModelCheckingC.xml
2015-01-03_23-48-18-313 Finishing test with SUCCESS for Input:LTL/rers/Problem16_prop_008.c Settings:settings/LtlSoftwareModelCheckingC.epf Toolchain:toolchains/LtlSoftwareModelCheckingC.xml: UNSAFE(Expected:UNSAFE): ExpectedResult: UNSAFE UltimateResult: UNSAFE   Violation of LTL property G((!((A && F(B))) || (C U B))) 
2015-01-03_23-48-18-882 ### 110/300 ### Starting test for Input:LTL/rers/Problem16_prop_009.c Settings:settings/LtlSoftwareModelCheckingC.epf Toolchain:toolchains/LtlSoftwareModelCheckingC.xml
2015-01-04_00-08-18-924 Finishing test with UNKNOWN for Input:LTL/rers/Problem16_prop_009.c Settings:settings/LtlSoftwareModelCheckingC.epf Toolchain:toolchains/LtlSoftwareModelCheckingC.xml: TIMEOUT(Expected:UNSAFE): ExpectedResult: UNSAFE UltimateResult: TIMEOUT   [ShortDescription: Timeout LongDescription: Timout or Toolchain cancelled by user]
2015-01-04_00-08-19-834 ### 111/300 ### Starting test for Input:LTL/rers/Problem16_prop_010.c Settings:settings/LtlSoftwareModelCheckingC.epf Toolchain:toolchains/LtlSoftwareModelCheckingC.xml
2015-01-04_00-17-38-502 Finishing test with SUCCESS for Input:LTL/rers/Problem16_prop_010.c Settings:settings/LtlSoftwareModelCheckingC.epf Toolchain:toolchains/LtlSoftwareModelCheckingC.xml: SAFE(Expected:SAFE): ExpectedResult: SAFE UltimateResult: SAFE   [ShortDescription: All specifications hold LongDescription: We were not able to verify any specifiation because the program does not contain any specification.]
2015-01-04_00-17-39-007 ### 112/300 ### Starting test for Input:LTL/rers/Problem16_prop_011.c Settings:settings/LtlSoftwareModelCheckingC.epf Toolchain:toolchains/LtlSoftwareModelCheckingC.xml
2015-01-04_00-37-39-049 Finishing test with UNKNOWN for Input:LTL/rers/Problem16_prop_011.c Settings:settings/LtlSoftwareModelCheckingC.epf Toolchain:toolchains/LtlSoftwareModelCheckingC.xml: TIMEOUT(Expected:SAFE): ExpectedResult: SAFE UltimateResult: TIMEOUT   [ShortDescription: Timeout LongDescription: Timout or Toolchain cancelled by user]
2015-01-04_00-37-39-628 ### 113/300 ### Starting test for Input:LTL/rers/Problem16_prop_012.c Settings:settings/LtlSoftwareModelCheckingC.epf Toolchain:toolchains/LtlSoftwareModelCheckingC.xml
2015-01-04_00-39-36-804 Finishing test with FAIL for Input:LTL/rers/Problem16_prop_012.c Settings:settings/LtlSoftwareModelCheckingC.epf Toolchain:toolchains/LtlSoftwareModelCheckingC.xml: NO_RESULT(Expected:UNSAFE): ExpectedResult: UNSAFE UltimateResult: NO_RESULT   NO_RESULT
2015-01-04_00-39-37-595 ### 114/300 ### Starting test for Input:LTL/rers/Problem16_prop_013.c Settings:settings/LtlSoftwareModelCheckingC.epf Toolchain:toolchains/LtlSoftwareModelCheckingC.xml
2015-01-04_00-46-48-767 Finishing test with FAIL for Input:LTL/rers/Problem16_prop_013.c Settings:settings/LtlSoftwareModelCheckingC.epf Toolchain:toolchains/LtlSoftwareModelCheckingC.xml: EXCEPTION_OR_ERROR(Expected:SAFE): ExpectedResult: SAFE UltimateResult: EXCEPTION_OR_ERROR   [de.uni_freiburg.informatik.ultimate.plugins.generator.buchiautomizer: OutOfMemoryError: Java heap space]
2015-01-04_00-46-49-140 ### 115/300 ### Starting test for Input:LTL/rers/Problem16_prop_014.c Settings:settings/LtlSoftwareModelCheckingC.epf Toolchain:toolchains/LtlSoftwareModelCheckingC.xml
2015-01-04_00-47-40-596 Finishing test with SUCCESS for Input:LTL/rers/Problem16_prop_014.c Settings:settings/LtlSoftwareModelCheckingC.epf Toolchain:toolchains/LtlSoftwareModelCheckingC.xml: SAFE(Expected:SAFE): ExpectedResult: SAFE UltimateResult: SAFE   [ShortDescription: All specifications hold LongDescription: We were not able to verify any specifiation because the program does not contain any specification.]
2015-01-04_00-47-41-185 ### 116/300 ### Starting test for Input:LTL/rers/Problem16_prop_015.c Settings:settings/LtlSoftwareModelCheckingC.epf Toolchain:toolchains/LtlSoftwareModelCheckingC.xml
2015-01-04_01-07-41-424 Finishing test with UNKNOWN for Input:LTL/rers/Problem16_prop_015.c Settings:settings/LtlSoftwareModelCheckingC.epf Toolchain:toolchains/LtlSoftwareModelCheckingC.xml: TIMEOUT(Expected:UNSAFE): ExpectedResult: UNSAFE UltimateResult: TIMEOUT   [ShortDescription: Timeout LongDescription: Timout or Toolchain cancelled by user]
2015-01-04_01-07-42-167 ### 117/300 ### Starting test for Input:LTL/rers/Problem16_prop_016.c Settings:settings/LtlSoftwareModelCheckingC.epf Toolchain:toolchains/LtlSoftwareModelCheckingC.xml
2015-01-04_01-08-33-619 Finishing test with SUCCESS for Input:LTL/rers/Problem16_prop_016.c Settings:settings/LtlSoftwareModelCheckingC.epf Toolchain:toolchains/LtlSoftwareModelCheckingC.xml: SAFE(Expected:SAFE): ExpectedResult: SAFE UltimateResult: SAFE   [ShortDescription: All specifications hold LongDescription: We were not able to verify any specifiation because the program does not contain any specification.]
2015-01-04_01-08-34-073 ### 118/300 ### Starting test for Input:LTL/rers/Problem16_prop_017.c Settings:settings/LtlSoftwareModelCheckingC.epf Toolchain:toolchains/LtlSoftwareModelCheckingC.xml
2015-01-04_01-21-15-233 Finishing test with FAIL for Input:LTL/rers/Problem16_prop_017.c Settings:settings/LtlSoftwareModelCheckingC.epf Toolchain:toolchains/LtlSoftwareModelCheckingC.xml: EXCEPTION_OR_ERROR(Expected:UNSAFE): ExpectedResult: UNSAFE UltimateResult: EXCEPTION_OR_ERROR   [de.uni_freiburg.informatik.ultimate.plugins.generator.buchiautomizer: OutOfMemoryError: GC overhead limit exceeded]
2015-01-04_01-21-15-586 ### 119/300 ### Starting test for Input:LTL/rers/Problem16_prop_018.c Settings:settings/LtlSoftwareModelCheckingC.epf Toolchain:toolchains/LtlSoftwareModelCheckingC.xml
2015-01-04_01-25-26-285 Finishing test with SUCCESS for Input:LTL/rers/Problem16_prop_018.c Settings:settings/LtlSoftwareModelCheckingC.epf Toolchain:toolchains/LtlSoftwareModelCheckingC.xml: SAFE(Expected:SAFE): ExpectedResult: SAFE UltimateResult: SAFE   [ShortDescription: All specifications hold LongDescription: We were not able to verify any specifiation because the program does not contain any specification.]
2015-01-04_01-25-27-094 ### 120/300 ### Starting test for Input:LTL/rers/Problem16_prop_019.c Settings:settings/LtlSoftwareModelCheckingC.epf Toolchain:toolchains/LtlSoftwareModelCheckingC.xml
2015-01-04_01-36-11-246 Finishing test with FAIL for Input:LTL/rers/Problem16_prop_019.c Settings:settings/LtlSoftwareModelCheckingC.epf Toolchain:toolchains/LtlSoftwareModelCheckingC.xml: EXCEPTION_OR_ERROR(Expected:UNSAFE): ExpectedResult: UNSAFE UltimateResult: EXCEPTION_OR_ERROR   [de.uni_freiburg.informatik.ultimate.plugins.generator.buchiautomizer: OutOfMemoryError: GC overhead limit exceeded]
2015-01-04_01-36-11-608 ### 121/300 ### Starting test for Input:LTL/rers/Problem16_prop_020.c Settings:settings/LtlSoftwareModelCheckingC.epf Toolchain:toolchains/LtlSoftwareModelCheckingC.xml
2015-01-04_01-53-44-059 Finishing test with FAIL for Input:LTL/rers/Problem16_prop_020.c Settings:settings/LtlSoftwareModelCheckingC.epf Toolchain:toolchains/LtlSoftwareModelCheckingC.xml: EXCEPTION_OR_ERROR(Expected:SAFE): ExpectedResult: SAFE UltimateResult: EXCEPTION_OR_ERROR   [de.uni_freiburg.informatik.ultimate.plugins.generator.buchiautomizer: OutOfMemoryError: GC overhead limit exceeded]
2015-01-04_01-53-44-425 ### 122/300 ### Starting test for Input:LTL/rers/Problem16_prop_021.c Settings:settings/LtlSoftwareModelCheckingC.epf Toolchain:toolchains/LtlSoftwareModelCheckingC.xml
2015-01-04_02-11-55-020 Finishing test with FAIL for Input:LTL/rers/Problem16_prop_021.c Settings:settings/LtlSoftwareModelCheckingC.epf Toolchain:toolchains/LtlSoftwareModelCheckingC.xml: EXCEPTION_OR_ERROR(Expected:UNSAFE): ExpectedResult: UNSAFE UltimateResult: EXCEPTION_OR_ERROR   [de.uni_freiburg.informatik.ultimate.plugins.generator.buchiautomizer: OutOfMemoryError: GC overhead limit exceeded]
2015-01-04_02-11-55-381 ### 123/300 ### Starting test for Input:LTL/rers/Problem16_prop_022.c Settings:settings/LtlSoftwareModelCheckingC.epf Toolchain:toolchains/LtlSoftwareModelCheckingC.xml
2015-01-04_02-31-55-428 Finishing test with UNKNOWN for Input:LTL/rers/Problem16_prop_022.c Settings:settings/LtlSoftwareModelCheckingC.epf Toolchain:toolchains/LtlSoftwareModelCheckingC.xml: TIMEOUT(Expected:UNSAFE): ExpectedResult: UNSAFE UltimateResult: TIMEOUT   [ShortDescription: Timeout LongDescription: Timout or Toolchain cancelled by user]
2015-01-04_02-31-55-830 ### 124/300 ### Starting test for Input:LTL/rers/Problem16_prop_023.c Settings:settings/LtlSoftwareModelCheckingC.epf Toolchain:toolchains/LtlSoftwareModelCheckingC.xml
2015-01-04_02-37-19-083 Finishing test with SUCCESS for Input:LTL/rers/Problem16_prop_023.c Settings:settings/LtlSoftwareModelCheckingC.epf Toolchain:toolchains/LtlSoftwareModelCheckingC.xml: SAFE(Expected:SAFE): ExpectedResult: SAFE UltimateResult: SAFE   [ShortDescription: All specifications hold LongDescription: We were not able to verify any specifiation because the program does not contain any specification.]
2015-01-04_02-37-19-992 ### 125/300 ### Starting test for Input:LTL/rers/Problem16_prop_024.c Settings:settings/LtlSoftwareModelCheckingC.epf Toolchain:toolchains/LtlSoftwareModelCheckingC.xml
2015-01-04_02-49-40-664 Finishing test with FAIL for Input:LTL/rers/Problem16_prop_024.c Settings:settings/LtlSoftwareModelCheckingC.epf Toolchain:toolchains/LtlSoftwareModelCheckingC.xml: EXCEPTION_OR_ERROR(Expected:UNSAFE): ExpectedResult: UNSAFE UltimateResult: EXCEPTION_OR_ERROR   [de.uni_freiburg.informatik.ultimate.plugins.generator.buchiautomizer: OutOfMemoryError: GC overhead limit exceeded]
2015-01-04_02-49-41-029 ### 126/300 ### Starting test for Input:LTL/rers/Problem16_prop_025.c Settings:settings/LtlSoftwareModelCheckingC.epf Toolchain:toolchains/LtlSoftwareModelCheckingC.xml
2015-01-04_03-05-35-045 Finishing test with SUCCESS for Input:LTL/rers/Problem16_prop_025.c Settings:settings/LtlSoftwareModelCheckingC.epf Toolchain:toolchains/LtlSoftwareModelCheckingC.xml: SAFE(Expected:SAFE): ExpectedResult: SAFE UltimateResult: SAFE   [ShortDescription: All specifications hold LongDescription: We were not able to verify any specifiation because the program does not contain any specification.]
2015-01-04_03-05-35-858 ### 127/300 ### Starting test for Input:LTL/rers/Problem16_prop_026.c Settings:settings/LtlSoftwareModelCheckingC.epf Toolchain:toolchains/LtlSoftwareModelCheckingC.xml
2015-01-04_03-18-15-610 Finishing test with FAIL for Input:LTL/rers/Problem16_prop_026.c Settings:settings/LtlSoftwareModelCheckingC.epf Toolchain:toolchains/LtlSoftwareModelCheckingC.xml: EXCEPTION_OR_ERROR(Expected:UNSAFE): ExpectedResult: UNSAFE UltimateResult: EXCEPTION_OR_ERROR   [de.uni_freiburg.informatik.ultimate.plugins.generator.buchiautomizer: OutOfMemoryError: GC overhead limit exceeded]
2015-01-04_03-18-15-978 ### 128/300 ### Starting test for Input:LTL/rers/Problem16_prop_027.c Settings:settings/LtlSoftwareModelCheckingC.epf Toolchain:toolchains/LtlSoftwareModelCheckingC.xml
2015-01-04_03-30-12-237 Finishing test with FAIL for Input:LTL/rers/Problem16_prop_027.c Settings:settings/LtlSoftwareModelCheckingC.epf Toolchain:toolchains/LtlSoftwareModelCheckingC.xml: EXCEPTION_OR_ERROR(Expected:UNSAFE): ExpectedResult: UNSAFE UltimateResult: EXCEPTION_OR_ERROR   [de.uni_freiburg.informatik.ultimate.plugins.generator.buchiautomizer: OutOfMemoryError: GC overhead limit exceeded]
2015-01-04_03-30-12-608 ### 129/300 ### Starting test for Input:LTL/rers/Problem16_prop_028.c Settings:settings/LtlSoftwareModelCheckingC.epf Toolchain:toolchains/LtlSoftwareModelCheckingC.xml
2015-01-04_03-32-33-797 Finishing test with SUCCESS for Input:LTL/rers/Problem16_prop_028.c Settings:settings/LtlSoftwareModelCheckingC.epf Toolchain:toolchains/LtlSoftwareModelCheckingC.xml: UNSAFE(Expected:UNSAFE): ExpectedResult: UNSAFE UltimateResult: UNSAFE   Violation of LTL property ((A U B) || G(A)) 
2015-01-04_03-32-34-392 ### 130/300 ### Starting test for Input:LTL/rers/Problem16_prop_029.c Settings:settings/LtlSoftwareModelCheckingC.epf Toolchain:toolchains/LtlSoftwareModelCheckingC.xml
2015-01-04_03-51-49-792 Finishing test with FAIL for Input:LTL/rers/Problem16_prop_029.c Settings:settings/LtlSoftwareModelCheckingC.epf Toolchain:toolchains/LtlSoftwareModelCheckingC.xml: EXCEPTION_OR_ERROR(Expected:UNSAFE): ExpectedResult: UNSAFE UltimateResult: EXCEPTION_OR_ERROR   [de.uni_freiburg.informatik.ultimate.plugins.generator.buchiautomizer: OutOfMemoryError: GC overhead limit exceeded]
2015-01-04_03-51-50-164 ### 131/300 ### Starting test for Input:LTL/rers/Problem16_prop_030.c Settings:settings/LtlSoftwareModelCheckingC.epf Toolchain:toolchains/LtlSoftwareModelCheckingC.xml
2015-01-04_04-07-55-761 Finishing test with FAIL for Input:LTL/rers/Problem16_prop_030.c Settings:settings/LtlSoftwareModelCheckingC.epf Toolchain:toolchains/LtlSoftwareModelCheckingC.xml: EXCEPTION_OR_ERROR(Expected:UNSAFE): ExpectedResult: UNSAFE UltimateResult: EXCEPTION_OR_ERROR   [de.uni_freiburg.informatik.ultimate.plugins.generator.buchiautomizer: OutOfMemoryError: GC overhead limit exceeded]
2015-01-04_04-07-56-145 ### 132/300 ### Starting test for Input:LTL/rers/Problem16_prop_031.c Settings:settings/LtlSoftwareModelCheckingC.epf Toolchain:toolchains/LtlSoftwareModelCheckingC.xml
2015-01-04_04-12-09-777 Finishing test with SUCCESS for Input:LTL/rers/Problem16_prop_031.c Settings:settings/LtlSoftwareModelCheckingC.epf Toolchain:toolchains/LtlSoftwareModelCheckingC.xml: SAFE(Expected:SAFE): ExpectedResult: SAFE UltimateResult: SAFE   [ShortDescription: All specifications hold LongDescription: We were not able to verify any specifiation because the program does not contain any specification.]
2015-01-04_04-12-10-554 ### 133/300 ### Starting test for Input:LTL/rers/Problem16_prop_032.c Settings:settings/LtlSoftwareModelCheckingC.epf Toolchain:toolchains/LtlSoftwareModelCheckingC.xml
2015-01-04_04-24-08-740 Finishing test with FAIL for Input:LTL/rers/Problem16_prop_032.c Settings:settings/LtlSoftwareModelCheckingC.epf Toolchain:toolchains/LtlSoftwareModelCheckingC.xml: EXCEPTION_OR_ERROR(Expected:UNSAFE): ExpectedResult: UNSAFE UltimateResult: EXCEPTION_OR_ERROR   [de.uni_freiburg.informatik.ultimate.plugins.generator.buchiautomizer: OutOfMemoryError: Java heap space]
2015-01-04_04-24-09-114 ### 134/300 ### Starting test for Input:LTL/rers/Problem16_prop_033.c Settings:settings/LtlSoftwareModelCheckingC.epf Toolchain:toolchains/LtlSoftwareModelCheckingC.xml
2015-01-04_04-29-13-579 Finishing test with SUCCESS for Input:LTL/rers/Problem16_prop_033.c Settings:settings/LtlSoftwareModelCheckingC.epf Toolchain:toolchains/LtlSoftwareModelCheckingC.xml: SAFE(Expected:SAFE): ExpectedResult: SAFE UltimateResult: SAFE   [ShortDescription: All specifications hold LongDescription: We were not able to verify any specifiation because the program does not contain any specification.]
2015-01-04_04-29-14-257 ### 135/300 ### Starting test for Input:LTL/rers/Problem16_prop_034.c Settings:settings/LtlSoftwareModelCheckingC.epf Toolchain:toolchains/LtlSoftwareModelCheckingC.xml
2015-01-04_04-34-38-202 Finishing test with SUCCESS for Input:LTL/rers/Problem16_prop_034.c Settings:settings/LtlSoftwareModelCheckingC.epf Toolchain:toolchains/LtlSoftwareModelCheckingC.xml: SAFE(Expected:SAFE): ExpectedResult: SAFE UltimateResult: SAFE   [ShortDescription: All specifications hold LongDescription: We were not able to verify any specifiation because the program does not contain any specification.]
2015-01-04_04-34-38-847 ### 136/300 ### Starting test for Input:LTL/rers/Problem16_prop_035.c Settings:settings/LtlSoftwareModelCheckingC.epf Toolchain:toolchains/LtlSoftwareModelCheckingC.xml
2015-01-04_04-41-04-690 Finishing test with SUCCESS for Input:LTL/rers/Problem16_prop_035.c Settings:settings/LtlSoftwareModelCheckingC.epf Toolchain:toolchains/LtlSoftwareModelCheckingC.xml: SAFE(Expected:SAFE): ExpectedResult: SAFE UltimateResult: SAFE   [ShortDescription: All specifications hold LongDescription: We were not able to verify any specifiation because the program does not contain any specification.]
2015-01-04_04-41-05-337 ### 137/300 ### Starting test for Input:LTL/rers/Problem16_prop_036.c Settings:settings/LtlSoftwareModelCheckingC.epf Toolchain:toolchains/LtlSoftwareModelCheckingC.xml
2015-01-04_05-01-06-875 Finishing test with UNKNOWN for Input:LTL/rers/Problem16_prop_036.c Settings:settings/LtlSoftwareModelCheckingC.epf Toolchain:toolchains/LtlSoftwareModelCheckingC.xml: TIMEOUT(Expected:UNSAFE): ExpectedResult: UNSAFE UltimateResult: TIMEOUT   [ShortDescription: Timeout LongDescription: Timout or Toolchain cancelled by user]
2015-01-04_05-01-07-803 ### 138/300 ### Starting test for Input:LTL/rers/Problem16_prop_037.c Settings:settings/LtlSoftwareModelCheckingC.epf Toolchain:toolchains/LtlSoftwareModelCheckingC.xml
2015-01-04_05-07-09-862 Finishing test with FAIL for Input:LTL/rers/Problem16_prop_037.c Settings:settings/LtlSoftwareModelCheckingC.epf Toolchain:toolchains/LtlSoftwareModelCheckingC.xml: NO_RESULT(Expected:UNSAFE): ExpectedResult: UNSAFE UltimateResult: NO_RESULT   NO_RESULT
2015-01-04_05-07-10-776 ### 139/300 ### Starting test for Input:LTL/rers/Problem16_prop_038.c Settings:settings/LtlSoftwareModelCheckingC.epf Toolchain:toolchains/LtlSoftwareModelCheckingC.xml
2015-01-04_05-18-54-901 Finishing test with FAIL for Input:LTL/rers/Problem16_prop_038.c Settings:settings/LtlSoftwareModelCheckingC.epf Toolchain:toolchains/LtlSoftwareModelCheckingC.xml: EXCEPTION_OR_ERROR(Expected:UNSAFE): ExpectedResult: UNSAFE UltimateResult: EXCEPTION_OR_ERROR   [de.uni_freiburg.informatik.ultimate.plugins.generator.buchiautomizer: OutOfMemoryError: GC overhead limit exceeded]
2015-01-04_05-18-55-287 ### 140/300 ### Starting test for Input:LTL/rers/Problem16_prop_039.c Settings:settings/LtlSoftwareModelCheckingC.epf Toolchain:toolchains/LtlSoftwareModelCheckingC.xml
2015-01-04_05-29-43-860 Finishing test with FAIL for Input:LTL/rers/Problem16_prop_039.c Settings:settings/LtlSoftwareModelCheckingC.epf Toolchain:toolchains/LtlSoftwareModelCheckingC.xml: NO_RESULT(Expected:UNSAFE): ExpectedResult: UNSAFE UltimateResult: NO_RESULT   NO_RESULT
2015-01-04_05-29-44-631 ### 141/300 ### Starting test for Input:LTL/rers/Problem16_prop_040.c Settings:settings/LtlSoftwareModelCheckingC.epf Toolchain:toolchains/LtlSoftwareModelCheckingC.xml
2015-01-04_05-44-02-921 Finishing test with FAIL for Input:LTL/rers/Problem16_prop_040.c Settings:settings/LtlSoftwareModelCheckingC.epf Toolchain:toolchains/LtlSoftwareModelCheckingC.xml: EXCEPTION_OR_ERROR(Expected:UNSAFE): ExpectedResult: UNSAFE UltimateResult: EXCEPTION_OR_ERROR   [de.uni_freiburg.informatik.ultimate.plugins.generator.buchiautomizer: OutOfMemoryError: GC overhead limit exceeded]
2015-01-04_05-44-03-309 ### 142/300 ### Starting test for Input:LTL/rers/Problem16_prop_041.c Settings:settings/LtlSoftwareModelCheckingC.epf Toolchain:toolchains/LtlSoftwareModelCheckingC.xml
2015-01-04_05-55-38-437 Finishing test with FAIL for Input:LTL/rers/Problem16_prop_041.c Settings:settings/LtlSoftwareModelCheckingC.epf Toolchain:toolchains/LtlSoftwareModelCheckingC.xml: NO_RESULT(Expected:UNSAFE): ExpectedResult: UNSAFE UltimateResult: NO_RESULT   NO_RESULT
2015-01-04_05-55-39-219 ### 143/300 ### Starting test for Input:LTL/rers/Problem16_prop_042.c Settings:settings/LtlSoftwareModelCheckingC.epf Toolchain:toolchains/LtlSoftwareModelCheckingC.xml
2015-01-04_08-48-13-080 Finishing test with UNKNOWN for Input:LTL/rers/Problem16_prop_042.c Settings:settings/LtlSoftwareModelCheckingC.epf Toolchain:toolchains/LtlSoftwareModelCheckingC.xml: TIMEOUT(Expected:UNSAFE): ExpectedResult: UNSAFE UltimateResult: TIMEOUT   [ShortDescription: Timeout LongDescription: Timout or Toolchain cancelled by user]
2015-01-04_08-48-13-491 ### 144/300 ### Starting test for Input:LTL/rers/Problem16_prop_043.c Settings:settings/LtlSoftwareModelCheckingC.epf Toolchain:toolchains/LtlSoftwareModelCheckingC.xml
2015-01-04_09-00-21-461 Finishing test with FAIL for Input:LTL/rers/Problem16_prop_043.c Settings:settings/LtlSoftwareModelCheckingC.epf Toolchain:toolchains/LtlSoftwareModelCheckingC.xml: EXCEPTION_OR_ERROR(Expected:UNSAFE): ExpectedResult: UNSAFE UltimateResult: EXCEPTION_OR_ERROR   [de.uni_freiburg.informatik.ultimate.plugins.generator.buchiautomizer: OutOfMemoryError: GC overhead limit exceeded]
2015-01-04_09-00-21-850 ### 145/300 ### Starting test for Input:LTL/rers/Problem16_prop_044.c Settings:settings/LtlSoftwareModelCheckingC.epf Toolchain:toolchains/LtlSoftwareModelCheckingC.xml
2015-01-04_09-01-17-620 Finishing test with SUCCESS for Input:LTL/rers/Problem16_prop_044.c Settings:settings/LtlSoftwareModelCheckingC.epf Toolchain:toolchains/LtlSoftwareModelCheckingC.xml: SAFE(Expected:SAFE): ExpectedResult: SAFE UltimateResult: SAFE   [ShortDescription: All specifications hold LongDescription: We were not able to verify any specifiation because the program does not contain any specification.]
2015-01-04_09-01-18-280 ### 146/300 ### Starting test for Input:LTL/rers/Problem16_prop_045.c Settings:settings/LtlSoftwareModelCheckingC.epf Toolchain:toolchains/LtlSoftwareModelCheckingC.xml
2015-01-04_09-11-57-836 Finishing test with FAIL for Input:LTL/rers/Problem16_prop_045.c Settings:settings/LtlSoftwareModelCheckingC.epf Toolchain:toolchains/LtlSoftwareModelCheckingC.xml: EXCEPTION_OR_ERROR(Expected:SAFE): ExpectedResult: SAFE UltimateResult: EXCEPTION_OR_ERROR   [de.uni_freiburg.informatik.ultimate.plugins.generator.buchiautomizer: OutOfMemoryError: GC overhead limit exceeded]
2015-01-04_09-11-58-232 ### 147/300 ### Starting test for Input:LTL/rers/Problem16_prop_046.c Settings:settings/LtlSoftwareModelCheckingC.epf Toolchain:toolchains/LtlSoftwareModelCheckingC.xml
2015-01-04_09-24-24-296 Finishing test with FAIL for Input:LTL/rers/Problem16_prop_046.c Settings:settings/LtlSoftwareModelCheckingC.epf Toolchain:toolchains/LtlSoftwareModelCheckingC.xml: EXCEPTION_OR_ERROR(Expected:UNSAFE): ExpectedResult: UNSAFE UltimateResult: EXCEPTION_OR_ERROR   [de.uni_freiburg.informatik.ultimate.plugins.generator.buchiautomizer: OutOfMemoryError: Java heap space]
2015-01-04_09-24-24-695 ### 148/300 ### Starting test for Input:LTL/rers/Problem16_prop_047.c Settings:settings/LtlSoftwareModelCheckingC.epf Toolchain:toolchains/LtlSoftwareModelCheckingC.xml
2015-01-04_09-29-03-254 Finishing test with SUCCESS for Input:LTL/rers/Problem16_prop_047.c Settings:settings/LtlSoftwareModelCheckingC.epf Toolchain:toolchains/LtlSoftwareModelCheckingC.xml: SAFE(Expected:SAFE): ExpectedResult: SAFE UltimateResult: SAFE   [ShortDescription: All specifications hold LongDescription: We were not able to verify any specifiation because the program does not contain any specification.]
2015-01-04_09-29-04-252 ### 149/300 ### Starting test for Input:LTL/rers/Problem16_prop_048.c Settings:settings/LtlSoftwareModelCheckingC.epf Toolchain:toolchains/LtlSoftwareModelCheckingC.xml
2015-01-04_09-44-22-442 Finishing test with FAIL for Input:LTL/rers/Problem16_prop_048.c Settings:settings/LtlSoftwareModelCheckingC.epf Toolchain:toolchains/LtlSoftwareModelCheckingC.xml: EXCEPTION_OR_ERROR(Expected:UNSAFE): ExpectedResult: UNSAFE UltimateResult: EXCEPTION_OR_ERROR   [de.uni_freiburg.informatik.ultimate.plugins.generator.buchiautomizer: OutOfMemoryError: GC overhead limit exceeded]
2015-01-04_09-44-22-834 ### 150/300 ### Starting test for Input:LTL/rers/Problem16_prop_049.c Settings:settings/LtlSoftwareModelCheckingC.epf Toolchain:toolchains/LtlSoftwareModelCheckingC.xml
2015-01-04_09-59-35-047 Finishing test with FAIL for Input:LTL/rers/Problem16_prop_049.c Settings:settings/LtlSoftwareModelCheckingC.epf Toolchain:toolchains/LtlSoftwareModelCheckingC.xml: EXCEPTION_OR_ERROR(Expected:UNSAFE): ExpectedResult: UNSAFE UltimateResult: EXCEPTION_OR_ERROR   [de.uni_freiburg.informatik.ultimate.plugins.generator.buchiautomizer: OutOfMemoryError: GC overhead limit exceeded]
2015-01-04_09-59-35-441 ### 151/300 ### Starting test for Input:LTL/rers/Problem17_prop_000.c Settings:settings/LtlSoftwareModelCheckingC.epf Toolchain:toolchains/LtlSoftwareModelCheckingC.xml
2015-01-04_10-04-06-832 Finishing test with SUCCESS for Input:LTL/rers/Problem17_prop_000.c Settings:settings/LtlSoftwareModelCheckingC.epf Toolchain:toolchains/LtlSoftwareModelCheckingC.xml: SAFE(Expected:SAFE): ExpectedResult: SAFE UltimateResult: SAFE   [ShortDescription: All specifications hold LongDescription: We were not able to verify any specifiation because the program does not contain any specification.]
2015-01-04_10-04-07-760 ### 152/300 ### Starting test for Input:LTL/rers/Problem17_prop_001.c Settings:settings/LtlSoftwareModelCheckingC.epf Toolchain:toolchains/LtlSoftwareModelCheckingC.xml
2015-01-04_10-04-25-728 Finishing test with SUCCESS for Input:LTL/rers/Problem17_prop_001.c Settings:settings/LtlSoftwareModelCheckingC.epf Toolchain:toolchains/LtlSoftwareModelCheckingC.xml: SAFE(Expected:SAFE): ExpectedResult: SAFE UltimateResult: SAFE   [ShortDescription: All specifications hold LongDescription: We were not able to verify any specifiation because the program does not contain any specification.]
2015-01-04_10-04-26-237 ### 153/300 ### Starting test for Input:LTL/rers/Problem17_prop_002.c Settings:settings/LtlSoftwareModelCheckingC.epf Toolchain:toolchains/LtlSoftwareModelCheckingC.xml
2015-01-04_10-19-23-429 Finishing test with SUCCESS for Input:LTL/rers/Problem17_prop_002.c Settings:settings/LtlSoftwareModelCheckingC.epf Toolchain:toolchains/LtlSoftwareModelCheckingC.xml: SAFE(Expected:SAFE): ExpectedResult: SAFE UltimateResult: SAFE   [ShortDescription: All specifications hold LongDescription: We were not able to verify any specifiation because the program does not contain any specification.]
2015-01-04_10-19-24-179 ### 154/300 ### Starting test for Input:LTL/rers/Problem17_prop_003.c Settings:settings/LtlSoftwareModelCheckingC.epf Toolchain:toolchains/LtlSoftwareModelCheckingC.xml
2015-01-04_10-19-41-928 Finishing test with SUCCESS for Input:LTL/rers/Problem17_prop_003.c Settings:settings/LtlSoftwareModelCheckingC.epf Toolchain:toolchains/LtlSoftwareModelCheckingC.xml: SAFE(Expected:SAFE): ExpectedResult: SAFE UltimateResult: SAFE   [ShortDescription: All specifications hold LongDescription: We were not able to verify any specifiation because the program does not contain any specification.]
2015-01-04_10-19-42-425 ### 155/300 ### Starting test for Input:LTL/rers/Problem17_prop_004.c Settings:settings/LtlSoftwareModelCheckingC.epf Toolchain:toolchains/LtlSoftwareModelCheckingC.xml
2015-01-04_10-30-14-452 Finishing test with FAIL for Input:LTL/rers/Problem17_prop_004.c Settings:settings/LtlSoftwareModelCheckingC.epf Toolchain:toolchains/LtlSoftwareModelCheckingC.xml: EXCEPTION_OR_ERROR(Expected:UNSAFE): ExpectedResult: UNSAFE UltimateResult: EXCEPTION_OR_ERROR   [de.uni_freiburg.informatik.ultimate.plugins.generator.buchiautomizer: OutOfMemoryError: GC overhead limit exceeded]
2015-01-04_10-30-14-844 ### 156/300 ### Starting test for Input:LTL/rers/Problem17_prop_005.c Settings:settings/LtlSoftwareModelCheckingC.epf Toolchain:toolchains/LtlSoftwareModelCheckingC.xml
2015-01-04_10-40-59-766 Finishing test with FAIL for Input:LTL/rers/Problem17_prop_005.c Settings:settings/LtlSoftwareModelCheckingC.epf Toolchain:toolchains/LtlSoftwareModelCheckingC.xml: EXCEPTION_OR_ERROR(Expected:SAFE): ExpectedResult: SAFE UltimateResult: EXCEPTION_OR_ERROR   [de.uni_freiburg.informatik.ultimate.plugins.generator.buchiautomizer: OutOfMemoryError: GC overhead limit exceeded]
2015-01-04_10-41-00-165 ### 157/300 ### Starting test for Input:LTL/rers/Problem17_prop_006.c Settings:settings/LtlSoftwareModelCheckingC.epf Toolchain:toolchains/LtlSoftwareModelCheckingC.xml
2015-01-04_11-01-02-631 Finishing test with UNKNOWN for Input:LTL/rers/Problem17_prop_006.c Settings:settings/LtlSoftwareModelCheckingC.epf Toolchain:toolchains/LtlSoftwareModelCheckingC.xml: TIMEOUT(Expected:UNSAFE): ExpectedResult: UNSAFE UltimateResult: TIMEOUT   [ShortDescription: Timeout LongDescription: Timeout while trying to prove (G(A) || F((B && F(C))))]
2015-01-04_11-01-03-581 ### 158/300 ### Starting test for Input:LTL/rers/Problem17_prop_007.c Settings:settings/LtlSoftwareModelCheckingC.epf Toolchain:toolchains/LtlSoftwareModelCheckingC.xml
2015-01-04_11-07-50-410 Finishing test with SUCCESS for Input:LTL/rers/Problem17_prop_007.c Settings:settings/LtlSoftwareModelCheckingC.epf Toolchain:toolchains/LtlSoftwareModelCheckingC.xml: SAFE(Expected:SAFE): ExpectedResult: SAFE UltimateResult: SAFE   [ShortDescription: All specifications hold LongDescription: We were not able to verify any specifiation because the program does not contain any specification.]
2015-01-04_11-07-51-780 ### 159/300 ### Starting test for Input:LTL/rers/Problem17_prop_008.c Settings:settings/LtlSoftwareModelCheckingC.epf Toolchain:toolchains/LtlSoftwareModelCheckingC.xml
2015-01-04_11-09-17-771 Finishing test with SUCCESS for Input:LTL/rers/Problem17_prop_008.c Settings:settings/LtlSoftwareModelCheckingC.epf Toolchain:toolchains/LtlSoftwareModelCheckingC.xml: SAFE(Expected:SAFE): ExpectedResult: SAFE UltimateResult: SAFE   [ShortDescription: All specifications hold LongDescription: We were not able to verify any specifiation because the program does not contain any specification.]
2015-01-04_11-09-18-683 ### 160/300 ### Starting test for Input:LTL/rers/Problem17_prop_009.c Settings:settings/LtlSoftwareModelCheckingC.epf Toolchain:toolchains/LtlSoftwareModelCheckingC.xml
2015-01-04_11-20-43-163 Finishing test with FAIL for Input:LTL/rers/Problem17_prop_009.c Settings:settings/LtlSoftwareModelCheckingC.epf Toolchain:toolchains/LtlSoftwareModelCheckingC.xml: EXCEPTION_OR_ERROR(Expected:UNSAFE): ExpectedResult: UNSAFE UltimateResult: EXCEPTION_OR_ERROR   [de.uni_freiburg.informatik.ultimate.plugins.generator.buchiautomizer: OutOfMemoryError: GC overhead limit exceeded]
2015-01-04_11-20-43-836 ### 161/300 ### Starting test for Input:LTL/rers/Problem17_prop_010.c Settings:settings/LtlSoftwareModelCheckingC.epf Toolchain:toolchains/LtlSoftwareModelCheckingC.xml
2015-01-04_11-21-07-189 Finishing test with SUCCESS for Input:LTL/rers/Problem17_prop_010.c Settings:settings/LtlSoftwareModelCheckingC.epf Toolchain:toolchains/LtlSoftwareModelCheckingC.xml: SAFE(Expected:SAFE): ExpectedResult: SAFE UltimateResult: SAFE   [ShortDescription: All specifications hold LongDescription: We were not able to verify any specifiation because the program does not contain any specification.]
2015-01-04_11-21-08-356 ### 162/300 ### Starting test for Input:LTL/rers/Problem17_prop_011.c Settings:settings/LtlSoftwareModelCheckingC.epf Toolchain:toolchains/LtlSoftwareModelCheckingC.xml
2015-01-04_11-21-31-434 Finishing test with SUCCESS for Input:LTL/rers/Problem17_prop_011.c Settings:settings/LtlSoftwareModelCheckingC.epf Toolchain:toolchains/LtlSoftwareModelCheckingC.xml: SAFE(Expected:SAFE): ExpectedResult: SAFE UltimateResult: SAFE   [ShortDescription: All specifications hold LongDescription: We were not able to verify any specifiation because the program does not contain any specification.]
2015-01-04_11-21-32-273 ### 163/300 ### Starting test for Input:LTL/rers/Problem17_prop_012.c Settings:settings/LtlSoftwareModelCheckingC.epf Toolchain:toolchains/LtlSoftwareModelCheckingC.xml
2015-01-04_11-25-01-504 Finishing test with FAIL for Input:LTL/rers/Problem17_prop_012.c Settings:settings/LtlSoftwareModelCheckingC.epf Toolchain:toolchains/LtlSoftwareModelCheckingC.xml: EXCEPTION_OR_ERROR(Expected:UNSAFE): ExpectedResult: UNSAFE UltimateResult: EXCEPTION_OR_ERROR   [de.uni_freiburg.informatik.ultimate.plugins.generator.buchiautomizer: OutOfMemoryError: Java heap space]
2015-01-04_11-25-02-233 ### 164/300 ### Starting test for Input:LTL/rers/Problem17_prop_013.c Settings:settings/LtlSoftwareModelCheckingC.epf Toolchain:toolchains/LtlSoftwareModelCheckingC.xml
2015-01-04_11-37-21-879 Finishing test with FAIL for Input:LTL/rers/Problem17_prop_013.c Settings:settings/LtlSoftwareModelCheckingC.epf Toolchain:toolchains/LtlSoftwareModelCheckingC.xml: EXCEPTION_OR_ERROR(Expected:UNSAFE): ExpectedResult: UNSAFE UltimateResult: EXCEPTION_OR_ERROR   [de.uni_freiburg.informatik.ultimate.plugins.generator.buchiautomizer: OutOfMemoryError: GC overhead limit exceeded]
2015-01-04_11-37-22-559 ### 165/300 ### Starting test for Input:LTL/rers/Problem17_prop_014.c Settings:settings/LtlSoftwareModelCheckingC.epf Toolchain:toolchains/LtlSoftwareModelCheckingC.xml
2015-01-04_11-49-42-528 Finishing test with FAIL for Input:LTL/rers/Problem17_prop_014.c Settings:settings/LtlSoftwareModelCheckingC.epf Toolchain:toolchains/LtlSoftwareModelCheckingC.xml: EXCEPTION_OR_ERROR(Expected:UNSAFE): ExpectedResult: UNSAFE UltimateResult: EXCEPTION_OR_ERROR   [de.uni_freiburg.informatik.ultimate.plugins.generator.buchiautomizer: OutOfMemoryError: Java heap space]
2015-01-04_11-49-43-218 ### 166/300 ### Starting test for Input:LTL/rers/Problem17_prop_015.c Settings:settings/LtlSoftwareModelCheckingC.epf Toolchain:toolchains/LtlSoftwareModelCheckingC.xml
2015-01-04_11-52-19-078 Finishing test with SUCCESS for Input:LTL/rers/Problem17_prop_015.c Settings:settings/LtlSoftwareModelCheckingC.epf Toolchain:toolchains/LtlSoftwareModelCheckingC.xml: SAFE(Expected:SAFE): ExpectedResult: SAFE UltimateResult: SAFE   [ShortDescription: All specifications hold LongDescription: We were not able to verify any specifiation because the program does not contain any specification.]
2015-01-04_11-52-20-236 ### 167/300 ### Starting test for Input:LTL/rers/Problem17_prop_016.c Settings:settings/LtlSoftwareModelCheckingC.epf Toolchain:toolchains/LtlSoftwareModelCheckingC.xml
2015-01-04_12-12-41-064 Finishing test with UNKNOWN for Input:LTL/rers/Problem17_prop_016.c Settings:settings/LtlSoftwareModelCheckingC.epf Toolchain:toolchains/LtlSoftwareModelCheckingC.xml: TIMEOUT(Expected:UNSAFE): ExpectedResult: UNSAFE UltimateResult: TIMEOUT   [ShortDescription: Timeout LongDescription: Timeout while trying to prove G((A || (B U C)))]
2015-01-04_12-12-41-952 ### 168/300 ### Starting test for Input:LTL/rers/Problem17_prop_017.c Settings:settings/LtlSoftwareModelCheckingC.epf Toolchain:toolchains/LtlSoftwareModelCheckingC.xml
2015-01-04_12-13-50-902 Finishing test with SUCCESS for Input:LTL/rers/Problem17_prop_017.c Settings:settings/LtlSoftwareModelCheckingC.epf Toolchain:toolchains/LtlSoftwareModelCheckingC.xml: SAFE(Expected:SAFE): ExpectedResult: SAFE UltimateResult: SAFE   [ShortDescription: All specifications hold LongDescription: We were not able to verify any specifiation because the program does not contain any specification.]
2015-01-04_12-13-52-455 ### 169/300 ### Starting test for Input:LTL/rers/Problem17_prop_018.c Settings:settings/LtlSoftwareModelCheckingC.epf Toolchain:toolchains/LtlSoftwareModelCheckingC.xml
2015-01-04_12-15-50-780 Finishing test with SUCCESS for Input:LTL/rers/Problem17_prop_018.c Settings:settings/LtlSoftwareModelCheckingC.epf Toolchain:toolchains/LtlSoftwareModelCheckingC.xml: SAFE(Expected:SAFE): ExpectedResult: SAFE UltimateResult: SAFE   [ShortDescription: All specifications hold LongDescription: We were not able to verify any specifiation because the program does not contain any specification.]
2015-01-04_12-15-52-282 ### 170/300 ### Starting test for Input:LTL/rers/Problem17_prop_019.c Settings:settings/LtlSoftwareModelCheckingC.epf Toolchain:toolchains/LtlSoftwareModelCheckingC.xml
2015-01-04_12-31-25-601 Finishing test with FAIL for Input:LTL/rers/Problem17_prop_019.c Settings:settings/LtlSoftwareModelCheckingC.epf Toolchain:toolchains/LtlSoftwareModelCheckingC.xml: EXCEPTION_OR_ERROR(Expected:UNSAFE): ExpectedResult: UNSAFE UltimateResult: EXCEPTION_OR_ERROR   [de.uni_freiburg.informatik.ultimate.plugins.generator.buchiautomizer: OutOfMemoryError: GC overhead limit exceeded]
2015-01-04_12-31-26-474 ### 171/300 ### Starting test for Input:LTL/rers/Problem17_prop_020.c Settings:settings/LtlSoftwareModelCheckingC.epf Toolchain:toolchains/LtlSoftwareModelCheckingC.xml
2015-01-04_12-34-10-512 Finishing test with SUCCESS for Input:LTL/rers/Problem17_prop_020.c Settings:settings/LtlSoftwareModelCheckingC.epf Toolchain:toolchains/LtlSoftwareModelCheckingC.xml: SAFE(Expected:SAFE): ExpectedResult: SAFE UltimateResult: SAFE   [ShortDescription: All specifications hold LongDescription: We were not able to verify any specifiation because the program does not contain any specification.]
2015-01-04_12-34-11-919 ### 172/300 ### Starting test for Input:LTL/rers/Problem17_prop_021.c Settings:settings/LtlSoftwareModelCheckingC.epf Toolchain:toolchains/LtlSoftwareModelCheckingC.xml
2015-01-04_12-54-13-752 Finishing test with UNKNOWN for Input:LTL/rers/Problem17_prop_021.c Settings:settings/LtlSoftwareModelCheckingC.epf Toolchain:toolchains/LtlSoftwareModelCheckingC.xml: TIMEOUT(Expected:UNSAFE): ExpectedResult: UNSAFE UltimateResult: TIMEOUT   [ShortDescription: Timeout LongDescription: Timeout while trying to prove ((A U B) || G(A))]
2015-01-04_12-54-14-822 ### 173/300 ### Starting test for Input:LTL/rers/Problem17_prop_022.c Settings:settings/LtlSoftwareModelCheckingC.epf Toolchain:toolchains/LtlSoftwareModelCheckingC.xml
2015-01-04_12-54-32-594 Finishing test with SUCCESS for Input:LTL/rers/Problem17_prop_022.c Settings:settings/LtlSoftwareModelCheckingC.epf Toolchain:toolchains/LtlSoftwareModelCheckingC.xml: SAFE(Expected:SAFE): ExpectedResult: SAFE UltimateResult: SAFE   [ShortDescription: All specifications hold LongDescription: We were not able to verify any specifiation because the program does not contain any specification.]
2015-01-04_12-54-34-123 ### 174/300 ### Starting test for Input:LTL/rers/Problem17_prop_023.c Settings:settings/LtlSoftwareModelCheckingC.epf Toolchain:toolchains/LtlSoftwareModelCheckingC.xml
2015-01-04_12-54-58-054 Finishing test with SUCCESS for Input:LTL/rers/Problem17_prop_023.c Settings:settings/LtlSoftwareModelCheckingC.epf Toolchain:toolchains/LtlSoftwareModelCheckingC.xml: SAFE(Expected:SAFE): ExpectedResult: SAFE UltimateResult: SAFE   [ShortDescription: All specifications hold LongDescription: We were not able to verify any specifiation because the program does not contain any specification.]
2015-01-04_12-54-59-211 ### 175/300 ### Starting test for Input:LTL/rers/Problem17_prop_024.c Settings:settings/LtlSoftwareModelCheckingC.epf Toolchain:toolchains/LtlSoftwareModelCheckingC.xml
2015-01-04_13-15-39-849 Finishing test with FAIL for Input:LTL/rers/Problem17_prop_024.c Settings:settings/LtlSoftwareModelCheckingC.epf Toolchain:toolchains/LtlSoftwareModelCheckingC.xml: EXCEPTION_OR_ERROR(Expected:UNSAFE): ExpectedResult: UNSAFE UltimateResult: EXCEPTION_OR_ERROR   [de.uni_freiburg.informatik.ultimate.plugins.generator.buchiautomizer: OutOfMemoryError: GC overhead limit exceeded]
2015-01-04_13-15-40-874 ### 176/300 ### Starting test for Input:LTL/rers/Problem17_prop_025.c Settings:settings/LtlSoftwareModelCheckingC.epf Toolchain:toolchains/LtlSoftwareModelCheckingC.xml
2015-01-04_13-24-56-246 Finishing test with FAIL for Input:LTL/rers/Problem17_prop_025.c Settings:settings/LtlSoftwareModelCheckingC.epf Toolchain:toolchains/LtlSoftwareModelCheckingC.xml: EXCEPTION_OR_ERROR(Expected:UNSAFE): ExpectedResult: UNSAFE UltimateResult: EXCEPTION_OR_ERROR   [de.uni_freiburg.informatik.ultimate.plugins.generator.buchiautomizer: OutOfMemoryError: GC overhead limit exceeded]
2015-01-04_13-24-57-250 ### 177/300 ### Starting test for Input:LTL/rers/Problem17_prop_026.c Settings:settings/LtlSoftwareModelCheckingC.epf Toolchain:toolchains/LtlSoftwareModelCheckingC.xml
2015-01-04_13-27-52-219 Finishing test with SUCCESS for Input:LTL/rers/Problem17_prop_026.c Settings:settings/LtlSoftwareModelCheckingC.epf Toolchain:toolchains/LtlSoftwareModelCheckingC.xml: SAFE(Expected:SAFE): ExpectedResult: SAFE UltimateResult: SAFE   [ShortDescription: All specifications hold LongDescription: We were not able to verify any specifiation because the program does not contain any specification.]
2015-01-04_13-27-53-980 ### 178/300 ### Starting test for Input:LTL/rers/Problem17_prop_027.c Settings:settings/LtlSoftwareModelCheckingC.epf Toolchain:toolchains/LtlSoftwareModelCheckingC.xml
2015-01-04_13-30-46-474 Finishing test with SUCCESS for Input:LTL/rers/Problem17_prop_027.c Settings:settings/LtlSoftwareModelCheckingC.epf Toolchain:toolchains/LtlSoftwareModelCheckingC.xml: SAFE(Expected:SAFE): ExpectedResult: SAFE UltimateResult: SAFE   [ShortDescription: All specifications hold LongDescription: We were not able to verify any specifiation because the program does not contain any specification.]
2015-01-04_13-30-47-838 ### 179/300 ### Starting test for Input:LTL/rers/Problem17_prop_028.c Settings:settings/LtlSoftwareModelCheckingC.epf Toolchain:toolchains/LtlSoftwareModelCheckingC.xml
2015-01-04_13-31-21-147 Finishing test with SUCCESS for Input:LTL/rers/Problem17_prop_028.c Settings:settings/LtlSoftwareModelCheckingC.epf Toolchain:toolchains/LtlSoftwareModelCheckingC.xml: SAFE(Expected:SAFE): ExpectedResult: SAFE UltimateResult: SAFE   [ShortDescription: All specifications hold LongDescription: We were not able to verify any specifiation because the program does not contain any specification.]
2015-01-04_13-31-22-304 ### 180/300 ### Starting test for Input:LTL/rers/Problem17_prop_029.c Settings:settings/LtlSoftwareModelCheckingC.epf Toolchain:toolchains/LtlSoftwareModelCheckingC.xml
2015-01-04_13-43-10-146 Finishing test with FAIL for Input:LTL/rers/Problem17_prop_029.c Settings:settings/LtlSoftwareModelCheckingC.epf Toolchain:toolchains/LtlSoftwareModelCheckingC.xml: EXCEPTION_OR_ERROR(Expected:UNSAFE): ExpectedResult: UNSAFE UltimateResult: EXCEPTION_OR_ERROR   [de.uni_freiburg.informatik.ultimate.plugins.generator.buchiautomizer: OutOfMemoryError: GC overhead limit exceeded]
2015-01-04_13-43-11-160 ### 181/300 ### Starting test for Input:LTL/rers/Problem17_prop_030.c Settings:settings/LtlSoftwareModelCheckingC.epf Toolchain:toolchains/LtlSoftwareModelCheckingC.xml
2015-01-04_13-44-30-204 Finishing test with SUCCESS for Input:LTL/rers/Problem17_prop_030.c Settings:settings/LtlSoftwareModelCheckingC.epf Toolchain:toolchains/LtlSoftwareModelCheckingC.xml: SAFE(Expected:SAFE): ExpectedResult: SAFE UltimateResult: SAFE   [ShortDescription: All specifications hold LongDescription: We were not able to verify any specifiation because the program does not contain any specification.]
2015-01-04_13-44-31-730 ### 182/300 ### Starting test for Input:LTL/rers/Problem17_prop_031.c Settings:settings/LtlSoftwareModelCheckingC.epf Toolchain:toolchains/LtlSoftwareModelCheckingC.xml
2015-01-04_13-44-49-930 Finishing test with SUCCESS for Input:LTL/rers/Problem17_prop_031.c Settings:settings/LtlSoftwareModelCheckingC.epf Toolchain:toolchains/LtlSoftwareModelCheckingC.xml: SAFE(Expected:SAFE): ExpectedResult: SAFE UltimateResult: SAFE   [ShortDescription: All specifications hold LongDescription: We were not able to verify any specifiation because the program does not contain any specification.]
2015-01-04_13-44-51-062 ### 183/300 ### Starting test for Input:LTL/rers/Problem17_prop_032.c Settings:settings/LtlSoftwareModelCheckingC.epf Toolchain:toolchains/LtlSoftwareModelCheckingC.xml
2015-01-04_13-45-17-704 Finishing test with SUCCESS for Input:LTL/rers/Problem17_prop_032.c Settings:settings/LtlSoftwareModelCheckingC.epf Toolchain:toolchains/LtlSoftwareModelCheckingC.xml: SAFE(Expected:SAFE): ExpectedResult: SAFE UltimateResult: SAFE   [ShortDescription: All specifications hold LongDescription: We were not able to verify any specifiation because the program does not contain any specification.]
2015-01-04_13-45-18-848 ### 184/300 ### Starting test for Input:LTL/rers/Problem17_prop_033.c Settings:settings/LtlSoftwareModelCheckingC.epf Toolchain:toolchains/LtlSoftwareModelCheckingC.xml
2015-01-04_13-55-08-261 Finishing test with FAIL for Input:LTL/rers/Problem17_prop_033.c Settings:settings/LtlSoftwareModelCheckingC.epf Toolchain:toolchains/LtlSoftwareModelCheckingC.xml: EXCEPTION_OR_ERROR(Expected:UNSAFE): ExpectedResult: UNSAFE UltimateResult: EXCEPTION_OR_ERROR   [de.uni_freiburg.informatik.ultimate.plugins.generator.buchiautomizer: OutOfMemoryError: GC overhead limit exceeded]
2015-01-04_13-55-09-268 ### 185/300 ### Starting test for Input:LTL/rers/Problem17_prop_034.c Settings:settings/LtlSoftwareModelCheckingC.epf Toolchain:toolchains/LtlSoftwareModelCheckingC.xml
2015-01-04_14-50-01-543 Finishing test with FAIL for Input:LTL/rers/Problem17_prop_034.c Settings:settings/LtlSoftwareModelCheckingC.epf Toolchain:toolchains/LtlSoftwareModelCheckingC.xml: EXCEPTION_OR_ERROR(Expected:UNSAFE): ExpectedResult: UNSAFE UltimateResult: EXCEPTION_OR_ERROR   [de.uni_freiburg.informatik.ultimate.plugins.generator.buchiautomizer: OutOfMemoryError: Java heap space]
2015-01-04_14-50-02-654 ### 186/300 ### Starting test for Input:LTL/rers/Problem17_prop_035.c Settings:settings/LtlSoftwareModelCheckingC.epf Toolchain:toolchains/LtlSoftwareModelCheckingC.xml
2015-01-04_14-51-57-184 Finishing test with SUCCESS for Input:LTL/rers/Problem17_prop_035.c Settings:settings/LtlSoftwareModelCheckingC.epf Toolchain:toolchains/LtlSoftwareModelCheckingC.xml: SAFE(Expected:SAFE): ExpectedResult: SAFE UltimateResult: SAFE   [ShortDescription: All specifications hold LongDescription: We were not able to verify any specifiation because the program does not contain any specification.]
2015-01-04_14-51-58-858 ### 187/300 ### Starting test for Input:LTL/rers/Problem17_prop_036.c Settings:settings/LtlSoftwareModelCheckingC.epf Toolchain:toolchains/LtlSoftwareModelCheckingC.xml
2015-01-04_15-01-07-880 Finishing test with FAIL for Input:LTL/rers/Problem17_prop_036.c Settings:settings/LtlSoftwareModelCheckingC.epf Toolchain:toolchains/LtlSoftwareModelCheckingC.xml: EXCEPTION_OR_ERROR(Expected:UNSAFE): ExpectedResult: UNSAFE UltimateResult: EXCEPTION_OR_ERROR   [de.uni_freiburg.informatik.ultimate.plugins.generator.buchiautomizer: OutOfMemoryError: GC overhead limit exceeded]
2015-01-04_15-01-08-906 ### 188/300 ### Starting test for Input:LTL/rers/Problem17_prop_037.c Settings:settings/LtlSoftwareModelCheckingC.epf Toolchain:toolchains/LtlSoftwareModelCheckingC.xml
2015-01-04_15-01-48-403 Finishing test with SUCCESS for Input:LTL/rers/Problem17_prop_037.c Settings:settings/LtlSoftwareModelCheckingC.epf Toolchain:toolchains/LtlSoftwareModelCheckingC.xml: SAFE(Expected:SAFE): ExpectedResult: SAFE UltimateResult: SAFE   [ShortDescription: All specifications hold LongDescription: We were not able to verify any specifiation because the program does not contain any specification.]
2015-01-04_15-01-49-885 ### 189/300 ### Starting test for Input:LTL/rers/Problem17_prop_038.c Settings:settings/LtlSoftwareModelCheckingC.epf Toolchain:toolchains/LtlSoftwareModelCheckingC.xml
2015-01-04_15-03-27-389 Finishing test with SUCCESS for Input:LTL/rers/Problem17_prop_038.c Settings:settings/LtlSoftwareModelCheckingC.epf Toolchain:toolchains/LtlSoftwareModelCheckingC.xml: SAFE(Expected:SAFE): ExpectedResult: SAFE UltimateResult: SAFE   [ShortDescription: All specifications hold LongDescription: We were not able to verify any specifiation because the program does not contain any specification.]
2015-01-04_15-03-28-534 ### 190/300 ### Starting test for Input:LTL/rers/Problem17_prop_039.c Settings:settings/LtlSoftwareModelCheckingC.epf Toolchain:toolchains/LtlSoftwareModelCheckingC.xml
2015-01-04_15-30-07-984 Finishing test with UNKNOWN for Input:LTL/rers/Problem17_prop_039.c Settings:settings/LtlSoftwareModelCheckingC.epf Toolchain:toolchains/LtlSoftwareModelCheckingC.xml: TIMEOUT(Expected:UNSAFE): ExpectedResult: UNSAFE UltimateResult: TIMEOUT   [ShortDescription: Timeout LongDescription: Timeout while trying to prove G((A || (B U C)))]
2015-01-04_15-30-09-187 ### 191/300 ### Starting test for Input:LTL/rers/Problem17_prop_040.c Settings:settings/LtlSoftwareModelCheckingC.epf Toolchain:toolchains/LtlSoftwareModelCheckingC.xml
2015-01-04_15-51-15-006 Finishing test with UNKNOWN for Input:LTL/rers/Problem17_prop_040.c Settings:settings/LtlSoftwareModelCheckingC.epf Toolchain:toolchains/LtlSoftwareModelCheckingC.xml: TIMEOUT(Expected:UNSAFE): ExpectedResult: UNSAFE UltimateResult: TIMEOUT   [ShortDescription: Timeout LongDescription: Timeout while trying to prove (G(A) || F((B && F(C))))]
2015-01-04_15-51-16-434 ### 192/300 ### Starting test for Input:LTL/rers/Problem17_prop_041.c Settings:settings/LtlSoftwareModelCheckingC.epf Toolchain:toolchains/LtlSoftwareModelCheckingC.xml
2015-01-04_15-51-43-001 Finishing test with SUCCESS for Input:LTL/rers/Problem17_prop_041.c Settings:settings/LtlSoftwareModelCheckingC.epf Toolchain:toolchains/LtlSoftwareModelCheckingC.xml: SAFE(Expected:SAFE): ExpectedResult: SAFE UltimateResult: SAFE   [ShortDescription: All specifications hold LongDescription: We were not able to verify any specifiation because the program does not contain any specification.]
2015-01-04_15-51-44-471 ### 193/300 ### Starting test for Input:LTL/rers/Problem17_prop_042.c Settings:settings/LtlSoftwareModelCheckingC.epf Toolchain:toolchains/LtlSoftwareModelCheckingC.xml
2015-01-04_16-01-07-588 Finishing test with FAIL for Input:LTL/rers/Problem17_prop_042.c Settings:settings/LtlSoftwareModelCheckingC.epf Toolchain:toolchains/LtlSoftwareModelCheckingC.xml: EXCEPTION_OR_ERROR(Expected:UNSAFE): ExpectedResult: UNSAFE UltimateResult: EXCEPTION_OR_ERROR   [de.uni_freiburg.informatik.ultimate.plugins.generator.buchiautomizer: OutOfMemoryError: GC overhead limit exceeded]
2015-01-04_16-01-08-595 ### 194/300 ### Starting test for Input:LTL/rers/Problem17_prop_043.c Settings:settings/LtlSoftwareModelCheckingC.epf Toolchain:toolchains/LtlSoftwareModelCheckingC.xml
2015-01-04_16-10-46-321 Finishing test with FAIL for Input:LTL/rers/Problem17_prop_043.c Settings:settings/LtlSoftwareModelCheckingC.epf Toolchain:toolchains/LtlSoftwareModelCheckingC.xml: EXCEPTION_OR_ERROR(Expected:UNSAFE): ExpectedResult: UNSAFE UltimateResult: EXCEPTION_OR_ERROR   [de.uni_freiburg.informatik.ultimate.plugins.generator.buchiautomizer: OutOfMemoryError: GC overhead limit exceeded]
2015-01-04_16-10-47-337 ### 195/300 ### Starting test for Input:LTL/rers/Problem17_prop_044.c Settings:settings/LtlSoftwareModelCheckingC.epf Toolchain:toolchains/LtlSoftwareModelCheckingC.xml
2015-01-04_16-11-50-948 Finishing test with SUCCESS for Input:LTL/rers/Problem17_prop_044.c Settings:settings/LtlSoftwareModelCheckingC.epf Toolchain:toolchains/LtlSoftwareModelCheckingC.xml: SAFE(Expected:SAFE): ExpectedResult: SAFE UltimateResult: SAFE   [ShortDescription: All specifications hold LongDescription: We were not able to verify any specifiation because the program does not contain any specification.]
2015-01-04_16-11-52-388 ### 196/300 ### Starting test for Input:LTL/rers/Problem17_prop_045.c Settings:settings/LtlSoftwareModelCheckingC.epf Toolchain:toolchains/LtlSoftwareModelCheckingC.xml
2015-01-04_16-30-22-923 Finishing test with SUCCESS for Input:LTL/rers/Problem17_prop_045.c Settings:settings/LtlSoftwareModelCheckingC.epf Toolchain:toolchains/LtlSoftwareModelCheckingC.xml: UNSAFE(Expected:UNSAFE): ExpectedResult: UNSAFE UltimateResult: UNSAFE   Violation of LTL property G((A || F(B))) 
2015-01-04_16-30-24-140 ### 197/300 ### Starting test for Input:LTL/rers/Problem17_prop_046.c Settings:settings/LtlSoftwareModelCheckingC.epf Toolchain:toolchains/LtlSoftwareModelCheckingC.xml
2015-01-04_16-30-42-450 Finishing test with SUCCESS for Input:LTL/rers/Problem17_prop_046.c Settings:settings/LtlSoftwareModelCheckingC.epf Toolchain:toolchains/LtlSoftwareModelCheckingC.xml: SAFE(Expected:SAFE): ExpectedResult: SAFE UltimateResult: SAFE   [ShortDescription: All specifications hold LongDescription: We were not able to verify any specifiation because the program does not contain any specification.]
2015-01-04_16-30-43-868 ### 198/300 ### Starting test for Input:LTL/rers/Problem17_prop_047.c Settings:settings/LtlSoftwareModelCheckingC.epf Toolchain:toolchains/LtlSoftwareModelCheckingC.xml
2015-01-04_16-39-58-462 Finishing test with FAIL for Input:LTL/rers/Problem17_prop_047.c Settings:settings/LtlSoftwareModelCheckingC.epf Toolchain:toolchains/LtlSoftwareModelCheckingC.xml: EXCEPTION_OR_ERROR(Expected:UNSAFE): ExpectedResult: UNSAFE UltimateResult: EXCEPTION_OR_ERROR   [de.uni_freiburg.informatik.ultimate.plugins.generator.buchiautomizer: OutOfMemoryError: GC overhead limit exceeded]
2015-01-04_16-39-59-449 ### 199/300 ### Starting test for Input:LTL/rers/Problem17_prop_048.c Settings:settings/LtlSoftwareModelCheckingC.epf Toolchain:toolchains/LtlSoftwareModelCheckingC.xml
2015-01-04_16-49-01-608 Finishing test with FAIL for Input:LTL/rers/Problem17_prop_048.c Settings:settings/LtlSoftwareModelCheckingC.epf Toolchain:toolchains/LtlSoftwareModelCheckingC.xml: EXCEPTION_OR_ERROR(Expected:SAFE): ExpectedResult: SAFE UltimateResult: EXCEPTION_OR_ERROR   [de.uni_freiburg.informatik.ultimate.plugins.generator.buchiautomizer: OutOfMemoryError: GC overhead limit exceeded]
2015-01-04_16-49-02-601 ### 200/300 ### Starting test for Input:LTL/rers/Problem17_prop_049.c Settings:settings/LtlSoftwareModelCheckingC.epf Toolchain:toolchains/LtlSoftwareModelCheckingC.xml
2015-01-04_16-58-10-000 Finishing test with FAIL for Input:LTL/rers/Problem17_prop_049.c Settings:settings/LtlSoftwareModelCheckingC.epf Toolchain:toolchains/LtlSoftwareModelCheckingC.xml: EXCEPTION_OR_ERROR(Expected:UNSAFE): ExpectedResult: UNSAFE UltimateResult: EXCEPTION_OR_ERROR   [de.uni_freiburg.informatik.ultimate.plugins.generator.buchiautomizer: OutOfMemoryError: GC overhead limit exceeded]
2015-01-04_16-58-10-989 ### 201/300 ### Starting test for Input:LTL/rers/Problem18_prop_000.c Settings:settings/LtlSoftwareModelCheckingC.epf Toolchain:toolchains/LtlSoftwareModelCheckingC.xml
2015-01-04_17-18-27-234 Finishing test with UNKNOWN for Input:LTL/rers/Problem18_prop_000.c Settings:settings/LtlSoftwareModelCheckingC.epf Toolchain:toolchains/LtlSoftwareModelCheckingC.xml: TIMEOUT(Expected:SAFE): ExpectedResult: SAFE UltimateResult: TIMEOUT   [ShortDescription: Timeout LongDescription: Timeout while trying to prove G((A || ((B U C) || G(B))))]
2015-01-04_17-18-28-447 ### 202/300 ### Starting test for Input:LTL/rers/Problem18_prop_001.c Settings:settings/LtlSoftwareModelCheckingC.epf Toolchain:toolchains/LtlSoftwareModelCheckingC.xml
2015-01-04_17-38-28-490 Finishing test with UNKNOWN for Input:LTL/rers/Problem18_prop_001.c Settings:settings/LtlSoftwareModelCheckingC.epf Toolchain:toolchains/LtlSoftwareModelCheckingC.xml: TIMEOUT(Expected:SAFE): ExpectedResult: SAFE UltimateResult: TIMEOUT   [ShortDescription: Timeout LongDescription: Timeout while trying to prove G((A || G(B)))]
2015-01-04_17-38-29-926 ### 203/300 ### Starting test for Input:LTL/rers/Problem18_prop_002.c Settings:settings/LtlSoftwareModelCheckingC.epf Toolchain:toolchains/LtlSoftwareModelCheckingC.xml
2015-01-04_17-44-04-520 Finishing test with SUCCESS for Input:LTL/rers/Problem18_prop_002.c Settings:settings/LtlSoftwareModelCheckingC.epf Toolchain:toolchains/LtlSoftwareModelCheckingC.xml: SAFE(Expected:SAFE): ExpectedResult: SAFE UltimateResult: SAFE   [ShortDescription: All specifications hold LongDescription: We were not able to verify any specifiation because the program does not contain any specification.]
2015-01-04_17-44-05-973 ### 204/300 ### Starting test for Input:LTL/rers/Problem18_prop_003.c Settings:settings/LtlSoftwareModelCheckingC.epf Toolchain:toolchains/LtlSoftwareModelCheckingC.xml
2015-01-04_17-48-48-115 Finishing test with SUCCESS for Input:LTL/rers/Problem18_prop_003.c Settings:settings/LtlSoftwareModelCheckingC.epf Toolchain:toolchains/LtlSoftwareModelCheckingC.xml: SAFE(Expected:SAFE): ExpectedResult: SAFE UltimateResult: SAFE   [ShortDescription: All specifications hold LongDescription: We were not able to verify any specifiation because the program does not contain any specification.]
2015-01-04_17-48-49-241 ### 205/300 ### Starting test for Input:LTL/rers/Problem18_prop_004.c Settings:settings/LtlSoftwareModelCheckingC.epf Toolchain:toolchains/LtlSoftwareModelCheckingC.xml
2015-01-04_17-55-09-898 Finishing test with SUCCESS for Input:LTL/rers/Problem18_prop_004.c Settings:settings/LtlSoftwareModelCheckingC.epf Toolchain:toolchains/LtlSoftwareModelCheckingC.xml: SAFE(Expected:SAFE): ExpectedResult: SAFE UltimateResult: SAFE   [ShortDescription: All specifications hold LongDescription: We were not able to verify any specifiation because the program does not contain any specification.]
2015-01-04_17-55-11-119 ### 206/300 ### Starting test for Input:LTL/rers/Problem18_prop_005.c Settings:settings/LtlSoftwareModelCheckingC.epf Toolchain:toolchains/LtlSoftwareModelCheckingC.xml
2015-01-04_18-18-31-518 Finishing test with UNKNOWN for Input:LTL/rers/Problem18_prop_005.c Settings:settings/LtlSoftwareModelCheckingC.epf Toolchain:toolchains/LtlSoftwareModelCheckingC.xml: TIMEOUT(Expected:UNSAFE): ExpectedResult: UNSAFE UltimateResult: TIMEOUT   [ShortDescription: Timeout LongDescription: Timeout while trying to prove (!(F(A)) || (B U (A || (C U (A || (B U (A || (C U (A || (D U A))))))))))]
2015-01-04_18-18-32-564 ### 207/300 ### Starting test for Input:LTL/rers/Problem18_prop_006.c Settings:settings/LtlSoftwareModelCheckingC.epf Toolchain:toolchains/LtlSoftwareModelCheckingC.xml
2015-01-04_18-34-49-671 Finishing test with FAIL for Input:LTL/rers/Problem18_prop_006.c Settings:settings/LtlSoftwareModelCheckingC.epf Toolchain:toolchains/LtlSoftwareModelCheckingC.xml: EXCEPTION_OR_ERROR(Expected:UNSAFE): ExpectedResult: UNSAFE UltimateResult: EXCEPTION_OR_ERROR   [de.uni_freiburg.informatik.ultimate.plugins.generator.buchiautomizer: OutOfMemoryError: GC overhead limit exceeded]
2015-01-04_18-34-50-688 ### 208/300 ### Starting test for Input:LTL/rers/Problem18_prop_007.c Settings:settings/LtlSoftwareModelCheckingC.epf Toolchain:toolchains/LtlSoftwareModelCheckingC.xml
2015-01-04_18-56-02-522 Finishing test with UNKNOWN for Input:LTL/rers/Problem18_prop_007.c Settings:settings/LtlSoftwareModelCheckingC.epf Toolchain:toolchains/LtlSoftwareModelCheckingC.xml: TIMEOUT(Expected:UNSAFE): ExpectedResult: UNSAFE UltimateResult: TIMEOUT   [ShortDescription: Timeout LongDescription: Timeout while trying to prove G((!((A && F(B))) || (C U B)))]
2015-01-04_18-56-03-943 ### 209/300 ### Starting test for Input:LTL/rers/Problem18_prop_008.c Settings:settings/LtlSoftwareModelCheckingC.epf Toolchain:toolchains/LtlSoftwareModelCheckingC.xml
2015-01-04_19-16-05-608 Finishing test with UNKNOWN for Input:LTL/rers/Problem18_prop_008.c Settings:settings/LtlSoftwareModelCheckingC.epf Toolchain:toolchains/LtlSoftwareModelCheckingC.xml: TIMEOUT(Expected:UNSAFE): ExpectedResult: UNSAFE UltimateResult: TIMEOUT   [ShortDescription: Timeout LongDescription: Timeout while trying to prove G((A || ((B U C) || G(B))))]
2015-01-04_19-16-06-867 ### 210/300 ### Starting test for Input:LTL/rers/Problem18_prop_009.c Settings:settings/LtlSoftwareModelCheckingC.epf Toolchain:toolchains/LtlSoftwareModelCheckingC.xml
2015-01-04_19-25-04-468 Finishing test with SUCCESS for Input:LTL/rers/Problem18_prop_009.c Settings:settings/LtlSoftwareModelCheckingC.epf Toolchain:toolchains/LtlSoftwareModelCheckingC.xml: SAFE(Expected:SAFE): ExpectedResult: SAFE UltimateResult: SAFE   [ShortDescription: All specifications hold LongDescription: We were not able to verify any specifiation because the program does not contain any specification.]
2015-01-04_19-25-05-732 ### 211/300 ### Starting test for Input:LTL/rers/Problem18_prop_010.c Settings:settings/LtlSoftwareModelCheckingC.epf Toolchain:toolchains/LtlSoftwareModelCheckingC.xml
2015-01-04_19-30-09-074 Finishing test with SUCCESS for Input:LTL/rers/Problem18_prop_010.c Settings:settings/LtlSoftwareModelCheckingC.epf Toolchain:toolchains/LtlSoftwareModelCheckingC.xml: SAFE(Expected:SAFE): ExpectedResult: SAFE UltimateResult: SAFE   [ShortDescription: All specifications hold LongDescription: We were not able to verify any specifiation because the program does not contain any specification.]
2015-01-04_19-30-10-252 ### 212/300 ### Starting test for Input:LTL/rers/Problem18_prop_011.c Settings:settings/LtlSoftwareModelCheckingC.epf Toolchain:toolchains/LtlSoftwareModelCheckingC.xml
2015-01-04_19-50-49-151 Finishing test with UNKNOWN for Input:LTL/rers/Problem18_prop_011.c Settings:settings/LtlSoftwareModelCheckingC.epf Toolchain:toolchains/LtlSoftwareModelCheckingC.xml: TIMEOUT(Expected:UNSAFE): ExpectedResult: UNSAFE UltimateResult: TIMEOUT   [ShortDescription: Timeout LongDescription: Timeout while trying to prove G(A)]
2015-01-04_19-50-50-428 ### 213/300 ### Starting test for Input:LTL/rers/Problem18_prop_012.c Settings:settings/LtlSoftwareModelCheckingC.epf Toolchain:toolchains/LtlSoftwareModelCheckingC.xml
2015-01-04_20-11-30-001 Finishing test with UNKNOWN for Input:LTL/rers/Problem18_prop_012.c Settings:settings/LtlSoftwareModelCheckingC.epf Toolchain:toolchains/LtlSoftwareModelCheckingC.xml: TIMEOUT(Expected:UNSAFE): ExpectedResult: UNSAFE UltimateResult: TIMEOUT   [ShortDescription: Timeout LongDescription: Timeout while trying to prove (!(F(A)) || (B U (A || (C U (A || (B U (A || (C U (A || (D U A))))))))))]
2015-01-04_20-11-31-057 ### 214/300 ### Starting test for Input:LTL/rers/Problem18_prop_013.c Settings:settings/LtlSoftwareModelCheckingC.epf Toolchain:toolchains/LtlSoftwareModelCheckingC.xml
2015-01-04_20-23-43-377 Finishing test with FAIL for Input:LTL/rers/Problem18_prop_013.c Settings:settings/LtlSoftwareModelCheckingC.epf Toolchain:toolchains/LtlSoftwareModelCheckingC.xml: EXCEPTION_OR_ERROR(Expected:UNSAFE): ExpectedResult: UNSAFE UltimateResult: EXCEPTION_OR_ERROR   [de.uni_freiburg.informatik.ultimate.plugins.generator.buchiautomizer: OutOfMemoryError: GC overhead limit exceeded]
2015-01-04_20-23-44-408 ### 215/300 ### Starting test for Input:LTL/rers/Problem18_prop_014.c Settings:settings/LtlSoftwareModelCheckingC.epf Toolchain:toolchains/LtlSoftwareModelCheckingC.xml
2015-01-04_20-44-25-211 Finishing test with UNKNOWN for Input:LTL/rers/Problem18_prop_014.c Settings:settings/LtlSoftwareModelCheckingC.epf Toolchain:toolchains/LtlSoftwareModelCheckingC.xml: TIMEOUT(Expected:UNSAFE): ExpectedResult: UNSAFE UltimateResult: TIMEOUT   [ShortDescription: Timeout LongDescription: Timeout while trying to prove (!(F(A)) || (B U C))]
2015-01-04_20-44-26-377 ### 216/300 ### Starting test for Input:LTL/rers/Problem18_prop_015.c Settings:settings/LtlSoftwareModelCheckingC.epf Toolchain:toolchains/LtlSoftwareModelCheckingC.xml
2015-01-04_21-04-40-038 Finishing test with UNKNOWN for Input:LTL/rers/Problem18_prop_015.c Settings:settings/LtlSoftwareModelCheckingC.epf Toolchain:toolchains/LtlSoftwareModelCheckingC.xml: TIMEOUT(Expected:SAFE): ExpectedResult: SAFE UltimateResult: TIMEOUT   [ShortDescription: Timeout LongDescription: Timeout while trying to prove G((!((A && F(B))) || (C U B)))]
2015-01-04_21-04-41-304 ### 217/300 ### Starting test for Input:LTL/rers/Problem18_prop_016.c Settings:settings/LtlSoftwareModelCheckingC.epf Toolchain:toolchains/LtlSoftwareModelCheckingC.xml
2015-01-04_21-13-45-408 Finishing test with SUCCESS for Input:LTL/rers/Problem18_prop_016.c Settings:settings/LtlSoftwareModelCheckingC.epf Toolchain:toolchains/LtlSoftwareModelCheckingC.xml: SAFE(Expected:SAFE): ExpectedResult: SAFE UltimateResult: SAFE   [ShortDescription: All specifications hold LongDescription: We were not able to verify any specifiation because the program does not contain any specification.]
2015-01-04_21-13-46-830 ### 218/300 ### Starting test for Input:LTL/rers/Problem18_prop_017.c Settings:settings/LtlSoftwareModelCheckingC.epf Toolchain:toolchains/LtlSoftwareModelCheckingC.xml
2015-01-04_21-34-55-933 Finishing test with UNKNOWN for Input:LTL/rers/Problem18_prop_017.c Settings:settings/LtlSoftwareModelCheckingC.epf Toolchain:toolchains/LtlSoftwareModelCheckingC.xml: TIMEOUT(Expected:UNSAFE): ExpectedResult: UNSAFE UltimateResult: TIMEOUT   [ShortDescription: Timeout LongDescription: Timeout while trying to prove (!(F(A)) || (B U C))]
2015-01-04_21-34-57-102 ### 219/300 ### Starting test for Input:LTL/rers/Problem18_prop_018.c Settings:settings/LtlSoftwareModelCheckingC.epf Toolchain:toolchains/LtlSoftwareModelCheckingC.xml
2015-01-04_21-57-36-730 Finishing test with UNKNOWN for Input:LTL/rers/Problem18_prop_018.c Settings:settings/LtlSoftwareModelCheckingC.epf Toolchain:toolchains/LtlSoftwareModelCheckingC.xml: TIMEOUT(Expected:UNSAFE): ExpectedResult: UNSAFE UltimateResult: TIMEOUT   [ShortDescription: Timeout LongDescription: Timeout while trying to prove G((A || ((B U C) || G(B))))]
2015-01-04_21-57-37-916 ### 220/300 ### Starting test for Input:LTL/rers/Problem18_prop_019.c Settings:settings/LtlSoftwareModelCheckingC.epf Toolchain:toolchains/LtlSoftwareModelCheckingC.xml
2015-01-04_22-18-01-437 Finishing test with UNKNOWN for Input:LTL/rers/Problem18_prop_019.c Settings:settings/LtlSoftwareModelCheckingC.epf Toolchain:toolchains/LtlSoftwareModelCheckingC.xml: TIMEOUT(Expected:SAFE): ExpectedResult: SAFE UltimateResult: TIMEOUT   [ShortDescription: Timeout LongDescription: Timeout while trying to prove ((A U ((B U ((A U ((B U G(A)) || G(B))) || G(A))) || G(B))) || G(A))]
2015-01-04_22-18-02-471 ### 221/300 ### Starting test for Input:LTL/rers/Problem18_prop_020.c Settings:settings/LtlSoftwareModelCheckingC.epf Toolchain:toolchains/LtlSoftwareModelCheckingC.xml
2015-01-04_22-40-18-261 Finishing test with UNKNOWN for Input:LTL/rers/Problem18_prop_020.c Settings:settings/LtlSoftwareModelCheckingC.epf Toolchain:toolchains/LtlSoftwareModelCheckingC.xml: TIMEOUT(Expected:UNSAFE): ExpectedResult: UNSAFE UltimateResult: TIMEOUT   [ShortDescription: Timeout LongDescription: Timeout while trying to prove G((A || (B U C)))]
2015-01-04_22-40-19-475 ### 222/300 ### Starting test for Input:LTL/rers/Problem18_prop_021.c Settings:settings/LtlSoftwareModelCheckingC.epf Toolchain:toolchains/LtlSoftwareModelCheckingC.xml
2015-01-04_22-57-39-171 Finishing test with FAIL for Input:LTL/rers/Problem18_prop_021.c Settings:settings/LtlSoftwareModelCheckingC.epf Toolchain:toolchains/LtlSoftwareModelCheckingC.xml: EXCEPTION_OR_ERROR(Expected:UNSAFE): ExpectedResult: UNSAFE UltimateResult: EXCEPTION_OR_ERROR   [de.uni_freiburg.informatik.ultimate.plugins.generator.buchiautomizer: OutOfMemoryError: GC overhead limit exceeded]
2015-01-04_22-57-40-215 ### 223/300 ### Starting test for Input:LTL/rers/Problem18_prop_022.c Settings:settings/LtlSoftwareModelCheckingC.epf Toolchain:toolchains/LtlSoftwareModelCheckingC.xml
2015-01-04_23-02-26-402 Finishing test with SUCCESS for Input:LTL/rers/Problem18_prop_022.c Settings:settings/LtlSoftwareModelCheckingC.epf Toolchain:toolchains/LtlSoftwareModelCheckingC.xml: SAFE(Expected:SAFE): ExpectedResult: SAFE UltimateResult: SAFE   [ShortDescription: All specifications hold LongDescription: We were not able to verify any specifiation because the program does not contain any specification.]
2015-01-04_23-02-27-850 ### 224/300 ### Starting test for Input:LTL/rers/Problem18_prop_023.c Settings:settings/LtlSoftwareModelCheckingC.epf Toolchain:toolchains/LtlSoftwareModelCheckingC.xml
2015-01-04_23-23-08-554 Finishing test with UNKNOWN for Input:LTL/rers/Problem18_prop_023.c Settings:settings/LtlSoftwareModelCheckingC.epf Toolchain:toolchains/LtlSoftwareModelCheckingC.xml: TIMEOUT(Expected:UNSAFE): ExpectedResult: UNSAFE UltimateResult: TIMEOUT   [ShortDescription: Timeout LongDescription: Timeout while trying to prove ((A U B) || G(A))]
2015-01-04_23-23-09-801 ### 225/300 ### Starting test for Input:LTL/rers/Problem18_prop_024.c Settings:settings/LtlSoftwareModelCheckingC.epf Toolchain:toolchains/LtlSoftwareModelCheckingC.xml
2015-01-04_23-28-32-813 Finishing test with SUCCESS for Input:LTL/rers/Problem18_prop_024.c Settings:settings/LtlSoftwareModelCheckingC.epf Toolchain:toolchains/LtlSoftwareModelCheckingC.xml: SAFE(Expected:SAFE): ExpectedResult: SAFE UltimateResult: SAFE   [ShortDescription: All specifications hold LongDescription: We were not able to verify any specifiation because the program does not contain any specification.]
2015-01-04_23-28-34-602 ### 226/300 ### Starting test for Input:LTL/rers/Problem18_prop_025.c Settings:settings/LtlSoftwareModelCheckingC.epf Toolchain:toolchains/LtlSoftwareModelCheckingC.xml
2015-01-04_23-49-34-360 Finishing test with UNKNOWN for Input:LTL/rers/Problem18_prop_025.c Settings:settings/LtlSoftwareModelCheckingC.epf Toolchain:toolchains/LtlSoftwareModelCheckingC.xml: TIMEOUT(Expected:UNSAFE): ExpectedResult: UNSAFE UltimateResult: TIMEOUT   [ShortDescription: Timeout LongDescription: Timeout while trying to prove G((A || ((B U C) || G(B))))]
2015-01-04_23-49-35-682 ### 227/300 ### Starting test for Input:LTL/rers/Problem18_prop_026.c Settings:settings/LtlSoftwareModelCheckingC.epf Toolchain:toolchains/LtlSoftwareModelCheckingC.xml
2015-01-05_00-11-21-318 Finishing test with UNKNOWN for Input:LTL/rers/Problem18_prop_026.c Settings:settings/LtlSoftwareModelCheckingC.epf Toolchain:toolchains/LtlSoftwareModelCheckingC.xml: TIMEOUT(Expected:UNSAFE): ExpectedResult: UNSAFE UltimateResult: TIMEOUT   [ShortDescription: Timeout LongDescription: Timeout while trying to prove G((A || ((B U C) || G(B))))]
2015-01-05_00-11-22-640 ### 228/300 ### Starting test for Input:LTL/rers/Problem18_prop_027.c Settings:settings/LtlSoftwareModelCheckingC.epf Toolchain:toolchains/LtlSoftwareModelCheckingC.xml
2015-01-05_00-31-55-842 Finishing test with UNKNOWN for Input:LTL/rers/Problem18_prop_027.c Settings:settings/LtlSoftwareModelCheckingC.epf Toolchain:toolchains/LtlSoftwareModelCheckingC.xml: TIMEOUT(Expected:SAFE): ExpectedResult: SAFE UltimateResult: TIMEOUT   [ShortDescription: Timeout LongDescription: Timeout while trying to prove (!(F(A)) || (B U C))]
2015-01-05_00-31-57-080 ### 229/300 ### Starting test for Input:LTL/rers/Problem18_prop_028.c Settings:settings/LtlSoftwareModelCheckingC.epf Toolchain:toolchains/LtlSoftwareModelCheckingC.xml
2015-01-05_00-59-33-815 Finishing test with FAIL for Input:LTL/rers/Problem18_prop_028.c Settings:settings/LtlSoftwareModelCheckingC.epf Toolchain:toolchains/LtlSoftwareModelCheckingC.xml: EXCEPTION_OR_ERROR(Expected:UNSAFE): ExpectedResult: UNSAFE UltimateResult: EXCEPTION_OR_ERROR   [de.uni_freiburg.informatik.ultimate.plugins.generator.buchiautomizer: OutOfMemoryError: Java heap space]
2015-01-05_00-59-34-860 ### 230/300 ### Starting test for Input:LTL/rers/Problem18_prop_029.c Settings:settings/LtlSoftwareModelCheckingC.epf Toolchain:toolchains/LtlSoftwareModelCheckingC.xml
2015-01-05_01-19-34-902 Finishing test with UNKNOWN for Input:LTL/rers/Problem18_prop_029.c Settings:settings/LtlSoftwareModelCheckingC.epf Toolchain:toolchains/LtlSoftwareModelCheckingC.xml: TIMEOUT(Expected:SAFE): ExpectedResult: SAFE UltimateResult: TIMEOUT   [ShortDescription: Timeout LongDescription: Timeout while trying to prove G((!((A && F(B))) || (C U B)))]
2015-01-05_01-19-36-548 ### 231/300 ### Starting test for Input:LTL/rers/Problem18_prop_030.c Settings:settings/LtlSoftwareModelCheckingC.epf Toolchain:toolchains/LtlSoftwareModelCheckingC.xml
2015-01-05_01-40-26-338 Finishing test with UNKNOWN for Input:LTL/rers/Problem18_prop_030.c Settings:settings/LtlSoftwareModelCheckingC.epf Toolchain:toolchains/LtlSoftwareModelCheckingC.xml: TIMEOUT(Expected:SAFE): ExpectedResult: SAFE UltimateResult: TIMEOUT   [ShortDescription: Timeout LongDescription: Timeout while trying to prove G((!((A && F(B))) || (C U B)))]
2015-01-05_01-40-27-705 ### 232/300 ### Starting test for Input:LTL/rers/Problem18_prop_031.c Settings:settings/LtlSoftwareModelCheckingC.epf Toolchain:toolchains/LtlSoftwareModelCheckingC.xml
2015-01-05_02-00-27-755 Finishing test with UNKNOWN for Input:LTL/rers/Problem18_prop_031.c Settings:settings/LtlSoftwareModelCheckingC.epf Toolchain:toolchains/LtlSoftwareModelCheckingC.xml: TIMEOUT(Expected:SAFE): ExpectedResult: SAFE UltimateResult: TIMEOUT   [ShortDescription: Timeout LongDescription: Timeout while trying to prove G((A || ((B U C) || G(B))))]
2015-01-05_02-00-29-872 ### 233/300 ### Starting test for Input:LTL/rers/Problem18_prop_032.c Settings:settings/LtlSoftwareModelCheckingC.epf Toolchain:toolchains/LtlSoftwareModelCheckingC.xml
2015-01-05_02-20-31-139 Finishing test with UNKNOWN for Input:LTL/rers/Problem18_prop_032.c Settings:settings/LtlSoftwareModelCheckingC.epf Toolchain:toolchains/LtlSoftwareModelCheckingC.xml: TIMEOUT(Expected:UNSAFE): ExpectedResult: UNSAFE UltimateResult: TIMEOUT   [ShortDescription: Timeout LongDescription: Timeout while trying to prove G((!((A && F(B))) || (C U B)))]
2015-01-05_02-20-32-585 ### 234/300 ### Starting test for Input:LTL/rers/Problem18_prop_033.c Settings:settings/LtlSoftwareModelCheckingC.epf Toolchain:toolchains/LtlSoftwareModelCheckingC.xml
2015-01-05_02-41-03-686 Finishing test with UNKNOWN for Input:LTL/rers/Problem18_prop_033.c Settings:settings/LtlSoftwareModelCheckingC.epf Toolchain:toolchains/LtlSoftwareModelCheckingC.xml: TIMEOUT(Expected:UNSAFE): ExpectedResult: UNSAFE UltimateResult: TIMEOUT   [ShortDescription: Timeout LongDescription: Timeout while trying to prove G(A)]
2015-01-05_02-41-04-906 ### 235/300 ### Starting test for Input:LTL/rers/Problem18_prop_034.c Settings:settings/LtlSoftwareModelCheckingC.epf Toolchain:toolchains/LtlSoftwareModelCheckingC.xml
2015-01-05_03-01-09-740 Finishing test with UNKNOWN for Input:LTL/rers/Problem18_prop_034.c Settings:settings/LtlSoftwareModelCheckingC.epf Toolchain:toolchains/LtlSoftwareModelCheckingC.xml: TIMEOUT(Expected:SAFE): ExpectedResult: SAFE UltimateResult: TIMEOUT   [ShortDescription: Timeout LongDescription: Timeout while trying to prove G((A || G(B)))]
2015-01-05_03-01-11-130 ### 236/300 ### Starting test for Input:LTL/rers/Problem18_prop_035.c Settings:settings/LtlSoftwareModelCheckingC.epf Toolchain:toolchains/LtlSoftwareModelCheckingC.xml
2015-01-05_03-06-12-828 Finishing test with SUCCESS for Input:LTL/rers/Problem18_prop_035.c Settings:settings/LtlSoftwareModelCheckingC.epf Toolchain:toolchains/LtlSoftwareModelCheckingC.xml: SAFE(Expected:SAFE): ExpectedResult: SAFE UltimateResult: SAFE   [ShortDescription: All specifications hold LongDescription: We were not able to verify any specifiation because the program does not contain any specification.]
2015-01-05_03-06-14-225 ### 237/300 ### Starting test for Input:LTL/rers/Problem18_prop_036.c Settings:settings/LtlSoftwareModelCheckingC.epf Toolchain:toolchains/LtlSoftwareModelCheckingC.xml
2015-01-05_03-26-14-277 Finishing test with UNKNOWN for Input:LTL/rers/Problem18_prop_036.c Settings:settings/LtlSoftwareModelCheckingC.epf Toolchain:toolchains/LtlSoftwareModelCheckingC.xml: TIMEOUT(Expected:SAFE): ExpectedResult: SAFE UltimateResult: TIMEOUT   [ShortDescription: Timeout LongDescription: Timeout while trying to prove G((!((A && F(B))) || (C U B)))]
2015-01-05_03-26-16-070 ### 238/300 ### Starting test for Input:LTL/rers/Problem18_prop_037.c Settings:settings/LtlSoftwareModelCheckingC.epf Toolchain:toolchains/LtlSoftwareModelCheckingC.xml
2015-01-05_03-46-16-115 Finishing test with UNKNOWN for Input:LTL/rers/Problem18_prop_037.c Settings:settings/LtlSoftwareModelCheckingC.epf Toolchain:toolchains/LtlSoftwareModelCheckingC.xml: TIMEOUT(Expected:UNSAFE): ExpectedResult: UNSAFE UltimateResult: TIMEOUT   [ShortDescription: Timeout LongDescription: Timeout while trying to prove (G(A) || F((B && F(C))))]
2015-01-05_03-46-17-634 ### 239/300 ### Starting test for Input:LTL/rers/Problem18_prop_038.c Settings:settings/LtlSoftwareModelCheckingC.epf Toolchain:toolchains/LtlSoftwareModelCheckingC.xml
2015-01-05_03-51-23-953 Finishing test with SUCCESS for Input:LTL/rers/Problem18_prop_038.c Settings:settings/LtlSoftwareModelCheckingC.epf Toolchain:toolchains/LtlSoftwareModelCheckingC.xml: SAFE(Expected:SAFE): ExpectedResult: SAFE UltimateResult: SAFE   [ShortDescription: All specifications hold LongDescription: We were not able to verify any specifiation because the program does not contain any specification.]
2015-01-05_03-51-25-160 ### 240/300 ### Starting test for Input:LTL/rers/Problem18_prop_039.c Settings:settings/LtlSoftwareModelCheckingC.epf Toolchain:toolchains/LtlSoftwareModelCheckingC.xml
2015-01-05_03-56-11-024 Finishing test with SUCCESS for Input:LTL/rers/Problem18_prop_039.c Settings:settings/LtlSoftwareModelCheckingC.epf Toolchain:toolchains/LtlSoftwareModelCheckingC.xml: SAFE(Expected:SAFE): ExpectedResult: SAFE UltimateResult: SAFE   [ShortDescription: All specifications hold LongDescription: We were not able to verify any specifiation because the program does not contain any specification.]
2015-01-05_03-56-12-188 ### 241/300 ### Starting test for Input:LTL/rers/Problem18_prop_040.c Settings:settings/LtlSoftwareModelCheckingC.epf Toolchain:toolchains/LtlSoftwareModelCheckingC.xml
2015-01-05_04-10-51-149 Finishing test with SUCCESS for Input:LTL/rers/Problem18_prop_040.c Settings:settings/LtlSoftwareModelCheckingC.epf Toolchain:toolchains/LtlSoftwareModelCheckingC.xml: SAFE(Expected:SAFE): ExpectedResult: SAFE UltimateResult: SAFE   [ShortDescription: All specifications hold LongDescription: We were not able to verify any specifiation because the program does not contain any specification.]
2015-01-05_04-10-52-665 ### 242/300 ### Starting test for Input:LTL/rers/Problem18_prop_041.c Settings:settings/LtlSoftwareModelCheckingC.epf Toolchain:toolchains/LtlSoftwareModelCheckingC.xml
2015-01-05_04-31-37-829 Finishing test with FAIL for Input:LTL/rers/Problem18_prop_041.c Settings:settings/LtlSoftwareModelCheckingC.epf Toolchain:toolchains/LtlSoftwareModelCheckingC.xml: EXCEPTION_OR_ERROR(Expected:UNSAFE): ExpectedResult: UNSAFE UltimateResult: EXCEPTION_OR_ERROR   [de.uni_freiburg.informatik.ultimate.plugins.generator.buchiautomizer: OutOfMemoryError: Java heap space]
2015-01-05_04-31-38-892 ### 243/300 ### Starting test for Input:LTL/rers/Problem18_prop_042.c Settings:settings/LtlSoftwareModelCheckingC.epf Toolchain:toolchains/LtlSoftwareModelCheckingC.xml
2015-01-05_07-08-06-149 Finishing test with UNKNOWN for Input:LTL/rers/Problem18_prop_042.c Settings:settings/LtlSoftwareModelCheckingC.epf Toolchain:toolchains/LtlSoftwareModelCheckingC.xml: TIMEOUT(Expected:UNSAFE): ExpectedResult: UNSAFE UltimateResult: TIMEOUT   [ShortDescription: Timeout LongDescription: Timout or Toolchain cancelled by user]
2015-01-05_07-08-07-168 ### 244/300 ### Starting test for Input:LTL/rers/Problem18_prop_043.c Settings:settings/LtlSoftwareModelCheckingC.epf Toolchain:toolchains/LtlSoftwareModelCheckingC.xml
2015-01-05_07-12-52-121 Finishing test with SUCCESS for Input:LTL/rers/Problem18_prop_043.c Settings:settings/LtlSoftwareModelCheckingC.epf Toolchain:toolchains/LtlSoftwareModelCheckingC.xml: SAFE(Expected:SAFE): ExpectedResult: SAFE UltimateResult: SAFE   [ShortDescription: All specifications hold LongDescription: We were not able to verify any specifiation because the program does not contain any specification.]
2015-01-05_07-12-53-484 ### 245/300 ### Starting test for Input:LTL/rers/Problem18_prop_044.c Settings:settings/LtlSoftwareModelCheckingC.epf Toolchain:toolchains/LtlSoftwareModelCheckingC.xml
2015-01-05_07-32-53-530 Finishing test with UNKNOWN for Input:LTL/rers/Problem18_prop_044.c Settings:settings/LtlSoftwareModelCheckingC.epf Toolchain:toolchains/LtlSoftwareModelCheckingC.xml: TIMEOUT(Expected:SAFE): ExpectedResult: SAFE UltimateResult: TIMEOUT   [ShortDescription: Timeout LongDescription: Timout or Toolchain cancelled by user]
2015-01-05_07-32-55-270 ### 246/300 ### Starting test for Input:LTL/rers/Problem18_prop_045.c Settings:settings/LtlSoftwareModelCheckingC.epf Toolchain:toolchains/LtlSoftwareModelCheckingC.xml
2015-01-05_07-55-10-133 Finishing test with UNKNOWN for Input:LTL/rers/Problem18_prop_045.c Settings:settings/LtlSoftwareModelCheckingC.epf Toolchain:toolchains/LtlSoftwareModelCheckingC.xml: TIMEOUT(Expected:UNSAFE): ExpectedResult: UNSAFE UltimateResult: TIMEOUT   [ShortDescription: Timeout LongDescription: Timeout while trying to prove G((A || ((B U C) || G(B))))]
2015-01-05_07-55-11-475 ### 247/300 ### Starting test for Input:LTL/rers/Problem18_prop_046.c Settings:settings/LtlSoftwareModelCheckingC.epf Toolchain:toolchains/LtlSoftwareModelCheckingC.xml
2015-01-05_08-19-07-142 Finishing test with UNKNOWN for Input:LTL/rers/Problem18_prop_046.c Settings:settings/LtlSoftwareModelCheckingC.epf Toolchain:toolchains/LtlSoftwareModelCheckingC.xml: TIMEOUT(Expected:UNSAFE): ExpectedResult: UNSAFE UltimateResult: TIMEOUT   [ShortDescription: Timeout LongDescription: Timeout while trying to prove G((A || ((B U C) || G(B))))]
2015-01-05_08-19-08-571 ### 248/300 ### Starting test for Input:LTL/rers/Problem18_prop_047.c Settings:settings/LtlSoftwareModelCheckingC.epf Toolchain:toolchains/LtlSoftwareModelCheckingC.xml
2015-01-05_08-42-57-135 Finishing test with FAIL for Input:LTL/rers/Problem18_prop_047.c Settings:settings/LtlSoftwareModelCheckingC.epf Toolchain:toolchains/LtlSoftwareModelCheckingC.xml: EXCEPTION_OR_ERROR(Expected:SAFE): ExpectedResult: SAFE UltimateResult: EXCEPTION_OR_ERROR   [de.uni_freiburg.informatik.ultimate.plugins.generator.buchiautomizer: OutOfMemoryError: GC overhead limit exceeded]
2015-01-05_08-42-58-202 ### 249/300 ### Starting test for Input:LTL/rers/Problem18_prop_048.c Settings:settings/LtlSoftwareModelCheckingC.epf Toolchain:toolchains/LtlSoftwareModelCheckingC.xml
2015-01-05_09-03-41-802 Finishing test with UNKNOWN for Input:LTL/rers/Problem18_prop_048.c Settings:settings/LtlSoftwareModelCheckingC.epf Toolchain:toolchains/LtlSoftwareModelCheckingC.xml: TIMEOUT(Expected:SAFE): ExpectedResult: SAFE UltimateResult: TIMEOUT   [ShortDescription: Timeout LongDescription: Timeout while trying to prove G((A || ((B U C) || G(B))))]
2015-01-05_09-03-43-078 ### 250/300 ### Starting test for Input:LTL/rers/Problem18_prop_049.c Settings:settings/LtlSoftwareModelCheckingC.epf Toolchain:toolchains/LtlSoftwareModelCheckingC.xml
2015-01-05_09-23-59-775 Finishing test with UNKNOWN for Input:LTL/rers/Problem18_prop_049.c Settings:settings/LtlSoftwareModelCheckingC.epf Toolchain:toolchains/LtlSoftwareModelCheckingC.xml: TIMEOUT(Expected:UNSAFE): ExpectedResult: UNSAFE UltimateResult: TIMEOUT   [ShortDescription: Timeout LongDescription: Timeout while trying to prove G((A || ((B U C) || G(B))))]
2015-01-05_09-24-01-019 ### 251/300 ### Starting test for Input:LTL/rers/Problem19_prop_000.c Settings:settings/LtlSoftwareModelCheckingC.epf Toolchain:toolchains/LtlSoftwareModelCheckingC.xml
2015-01-05_09-46-53-578 Finishing test with UNKNOWN for Input:LTL/rers/Problem19_prop_000.c Settings:settings/LtlSoftwareModelCheckingC.epf Toolchain:toolchains/LtlSoftwareModelCheckingC.xml: TIMEOUT(Expected:SAFE): ExpectedResult: SAFE UltimateResult: TIMEOUT   [ShortDescription: Timeout LongDescription: Timeout while trying to prove G((A || ((B U C) || G(B))))]
2015-01-05_09-46-54-838 ### 252/300 ### Starting test for Input:LTL/rers/Problem19_prop_001.c Settings:settings/LtlSoftwareModelCheckingC.epf Toolchain:toolchains/LtlSoftwareModelCheckingC.xml
2015-01-05_10-08-37-707 Finishing test with UNKNOWN for Input:LTL/rers/Problem19_prop_001.c Settings:settings/LtlSoftwareModelCheckingC.epf Toolchain:toolchains/LtlSoftwareModelCheckingC.xml: TIMEOUT(Expected:SAFE): ExpectedResult: SAFE UltimateResult: TIMEOUT   [ShortDescription: Timeout LongDescription: Timeout while trying to prove G((A || F(B)))]
2015-01-05_10-08-39-016 ### 253/300 ### Starting test for Input:LTL/rers/Problem19_prop_002.c Settings:settings/LtlSoftwareModelCheckingC.epf Toolchain:toolchains/LtlSoftwareModelCheckingC.xml
2015-01-05_10-31-35-889 Finishing test with UNKNOWN for Input:LTL/rers/Problem19_prop_002.c Settings:settings/LtlSoftwareModelCheckingC.epf Toolchain:toolchains/LtlSoftwareModelCheckingC.xml: TIMEOUT(Expected:SAFE): ExpectedResult: SAFE UltimateResult: TIMEOUT   [ShortDescription: Timeout LongDescription: Timeout while trying to prove G((A || F(B)))]
2015-01-05_10-31-37-213 ### 254/300 ### Starting test for Input:LTL/rers/Problem19_prop_003.c Settings:settings/LtlSoftwareModelCheckingC.epf Toolchain:toolchains/LtlSoftwareModelCheckingC.xml
2015-01-05_10-52-40-233 Finishing test with UNKNOWN for Input:LTL/rers/Problem19_prop_003.c Settings:settings/LtlSoftwareModelCheckingC.epf Toolchain:toolchains/LtlSoftwareModelCheckingC.xml: TIMEOUT(Expected:SAFE): ExpectedResult: SAFE UltimateResult: TIMEOUT   [ShortDescription: Timeout LongDescription: Timeout while trying to prove ((A U B) || G(A))]
2015-01-05_10-52-41-518 ### 255/300 ### Starting test for Input:LTL/rers/Problem19_prop_004.c Settings:settings/LtlSoftwareModelCheckingC.epf Toolchain:toolchains/LtlSoftwareModelCheckingC.xml
2015-01-05_11-14-20-361 Finishing test with UNKNOWN for Input:LTL/rers/Problem19_prop_004.c Settings:settings/LtlSoftwareModelCheckingC.epf Toolchain:toolchains/LtlSoftwareModelCheckingC.xml: TIMEOUT(Expected:SAFE): ExpectedResult: SAFE UltimateResult: TIMEOUT   [ShortDescription: Timeout LongDescription: Timeout while trying to prove G((A || ((B U C) || G(B))))]
2015-01-05_11-14-21-768 ### 256/300 ### Starting test for Input:LTL/rers/Problem19_prop_005.c Settings:settings/LtlSoftwareModelCheckingC.epf Toolchain:toolchains/LtlSoftwareModelCheckingC.xml
2015-01-05_11-34-36-076 Finishing test with UNKNOWN for Input:LTL/rers/Problem19_prop_005.c Settings:settings/LtlSoftwareModelCheckingC.epf Toolchain:toolchains/LtlSoftwareModelCheckingC.xml: TIMEOUT(Expected:SAFE): ExpectedResult: SAFE UltimateResult: TIMEOUT   [ShortDescription: Timeout LongDescription: Timeout while trying to prove G((!((A && F(B))) || (C U B)))]
2015-01-05_11-34-37-131 ### 257/300 ### Starting test for Input:LTL/rers/Problem19_prop_006.c Settings:settings/LtlSoftwareModelCheckingC.epf Toolchain:toolchains/LtlSoftwareModelCheckingC.xml
2015-01-05_11-54-38-290 Finishing test with UNKNOWN for Input:LTL/rers/Problem19_prop_006.c Settings:settings/LtlSoftwareModelCheckingC.epf Toolchain:toolchains/LtlSoftwareModelCheckingC.xml: TIMEOUT(Expected:SAFE): ExpectedResult: SAFE UltimateResult: TIMEOUT   [ShortDescription: Timeout LongDescription: Timeout while trying to prove (!(F(A)) || (B U C))]
2015-01-05_11-54-39-550 ### 258/300 ### Starting test for Input:LTL/rers/Problem19_prop_007.c Settings:settings/LtlSoftwareModelCheckingC.epf Toolchain:toolchains/LtlSoftwareModelCheckingC.xml
2015-01-05_12-14-39-602 Finishing test with UNKNOWN for Input:LTL/rers/Problem19_prop_007.c Settings:settings/LtlSoftwareModelCheckingC.epf Toolchain:toolchains/LtlSoftwareModelCheckingC.xml: TIMEOUT(Expected:UNSAFE): ExpectedResult: UNSAFE UltimateResult: TIMEOUT   [ShortDescription: Timeout LongDescription: Timeout while trying to prove ((A U B) || G(A))]
2015-01-05_12-14-41-241 ### 259/300 ### Starting test for Input:LTL/rers/Problem19_prop_008.c Settings:settings/LtlSoftwareModelCheckingC.epf Toolchain:toolchains/LtlSoftwareModelCheckingC.xml
2015-01-05_12-36-05-906 Finishing test with UNKNOWN for Input:LTL/rers/Problem19_prop_008.c Settings:settings/LtlSoftwareModelCheckingC.epf Toolchain:toolchains/LtlSoftwareModelCheckingC.xml: TIMEOUT(Expected:SAFE): ExpectedResult: SAFE UltimateResult: TIMEOUT   [ShortDescription: Timeout LongDescription: Timeout while trying to prove G(A)]
2015-01-05_12-36-07-301 ### 260/300 ### Starting test for Input:LTL/rers/Problem19_prop_009.c Settings:settings/LtlSoftwareModelCheckingC.epf Toolchain:toolchains/LtlSoftwareModelCheckingC.xml
2015-01-05_12-56-36-084 Finishing test with UNKNOWN for Input:LTL/rers/Problem19_prop_009.c Settings:settings/LtlSoftwareModelCheckingC.epf Toolchain:toolchains/LtlSoftwareModelCheckingC.xml: TIMEOUT(Expected:UNSAFE): ExpectedResult: UNSAFE UltimateResult: TIMEOUT   [ShortDescription: Timeout LongDescription: Timeout while trying to prove G(A)]
2015-01-05_12-56-37-444 ### 261/300 ### Starting test for Input:LTL/rers/Problem19_prop_010.c Settings:settings/LtlSoftwareModelCheckingC.epf Toolchain:toolchains/LtlSoftwareModelCheckingC.xml
2015-01-05_13-27-05-485 Finishing test with UNKNOWN for Input:LTL/rers/Problem19_prop_010.c Settings:settings/LtlSoftwareModelCheckingC.epf Toolchain:toolchains/LtlSoftwareModelCheckingC.xml: TIMEOUT(Expected:UNSAFE): ExpectedResult: UNSAFE UltimateResult: TIMEOUT   [ShortDescription: Timeout LongDescription: Timeout while trying to prove G((A || (B U C)))]
2015-01-05_13-27-06-836 ### 262/300 ### Starting test for Input:LTL/rers/Problem19_prop_011.c Settings:settings/LtlSoftwareModelCheckingC.epf Toolchain:toolchains/LtlSoftwareModelCheckingC.xml
2015-01-05_14-22-14-098 Finishing test with FAIL for Input:LTL/rers/Problem19_prop_011.c Settings:settings/LtlSoftwareModelCheckingC.epf Toolchain:toolchains/LtlSoftwareModelCheckingC.xml: EXCEPTION_OR_ERROR(Expected:SAFE): ExpectedResult: SAFE UltimateResult: EXCEPTION_OR_ERROR   [de.uni_freiburg.informatik.ultimate.plugins.generator.buchiautomizer: OutOfMemoryError: Java heap space]
2015-01-05_14-22-15-170 ### 263/300 ### Starting test for Input:LTL/rers/Problem19_prop_012.c Settings:settings/LtlSoftwareModelCheckingC.epf Toolchain:toolchains/LtlSoftwareModelCheckingC.xml
2015-01-05_14-36-34-258 Finishing test with FAIL for Input:LTL/rers/Problem19_prop_012.c Settings:settings/LtlSoftwareModelCheckingC.epf Toolchain:toolchains/LtlSoftwareModelCheckingC.xml: EXCEPTION_OR_ERROR(Expected:SAFE): ExpectedResult: SAFE UltimateResult: EXCEPTION_OR_ERROR   [de.uni_freiburg.informatik.ultimate.plugins.generator.buchiautomizer: OutOfMemoryError: GC overhead limit exceeded]
2015-01-05_14-36-35-317 ### 264/300 ### Starting test for Input:LTL/rers/Problem19_prop_013.c Settings:settings/LtlSoftwareModelCheckingC.epf Toolchain:toolchains/LtlSoftwareModelCheckingC.xml
2015-01-05_14-57-41-108 Finishing test with UNKNOWN for Input:LTL/rers/Problem19_prop_013.c Settings:settings/LtlSoftwareModelCheckingC.epf Toolchain:toolchains/LtlSoftwareModelCheckingC.xml: TIMEOUT(Expected:SAFE): ExpectedResult: SAFE UltimateResult: TIMEOUT   [ShortDescription: Timeout LongDescription: Timeout while trying to prove G((A || F(B)))]
2015-01-05_14-57-42-437 ### 265/300 ### Starting test for Input:LTL/rers/Problem19_prop_014.c Settings:settings/LtlSoftwareModelCheckingC.epf Toolchain:toolchains/LtlSoftwareModelCheckingC.xml
2015-01-05_15-18-02-836 Finishing test with UNKNOWN for Input:LTL/rers/Problem19_prop_014.c Settings:settings/LtlSoftwareModelCheckingC.epf Toolchain:toolchains/LtlSoftwareModelCheckingC.xml: TIMEOUT(Expected:UNSAFE): ExpectedResult: UNSAFE UltimateResult: TIMEOUT   [ShortDescription: Timeout LongDescription: Timeout while trying to prove ((A U ((B U ((A U ((B U G(A)) || G(B))) || G(A))) || G(B))) || G(A))]
2015-01-05_15-18-03-898 ### 266/300 ### Starting test for Input:LTL/rers/Problem19_prop_015.c Settings:settings/LtlSoftwareModelCheckingC.epf Toolchain:toolchains/LtlSoftwareModelCheckingC.xml
2015-01-05_15-52-50-944 Finishing test with FAIL for Input:LTL/rers/Problem19_prop_015.c Settings:settings/LtlSoftwareModelCheckingC.epf Toolchain:toolchains/LtlSoftwareModelCheckingC.xml: EXCEPTION_OR_ERROR(Expected:SAFE): ExpectedResult: SAFE UltimateResult: EXCEPTION_OR_ERROR   [de.uni_freiburg.informatik.ultimate.plugins.generator.buchiautomizer: OutOfMemoryError: Java heap space]
2015-01-05_15-52-52-005 ### 267/300 ### Starting test for Input:LTL/rers/Problem19_prop_016.c Settings:settings/LtlSoftwareModelCheckingC.epf Toolchain:toolchains/LtlSoftwareModelCheckingC.xml
2015-01-05_16-14-46-313 Finishing test with UNKNOWN for Input:LTL/rers/Problem19_prop_016.c Settings:settings/LtlSoftwareModelCheckingC.epf Toolchain:toolchains/LtlSoftwareModelCheckingC.xml: TIMEOUT(Expected:UNSAFE): ExpectedResult: UNSAFE UltimateResult: TIMEOUT   [ShortDescription: Timeout LongDescription: Timeout while trying to prove (G(A) || F((B && F(C))))]
2015-01-05_16-14-47-836 ### 268/300 ### Starting test for Input:LTL/rers/Problem19_prop_017.c Settings:settings/LtlSoftwareModelCheckingC.epf Toolchain:toolchains/LtlSoftwareModelCheckingC.xml
2015-01-05_16-33-16-956 Finishing test with FAIL for Input:LTL/rers/Problem19_prop_017.c Settings:settings/LtlSoftwareModelCheckingC.epf Toolchain:toolchains/LtlSoftwareModelCheckingC.xml: EXCEPTION_OR_ERROR(Expected:UNSAFE): ExpectedResult: UNSAFE UltimateResult: EXCEPTION_OR_ERROR   [de.uni_freiburg.informatik.ultimate.plugins.generator.buchiautomizer: OutOfMemoryError: Java heap space]
2015-01-05_16-33-18-021 ### 269/300 ### Starting test for Input:LTL/rers/Problem19_prop_018.c Settings:settings/LtlSoftwareModelCheckingC.epf Toolchain:toolchains/LtlSoftwareModelCheckingC.xml
2015-01-05_16-54-19-474 Finishing test with UNKNOWN for Input:LTL/rers/Problem19_prop_018.c Settings:settings/LtlSoftwareModelCheckingC.epf Toolchain:toolchains/LtlSoftwareModelCheckingC.xml: TIMEOUT(Expected:UNSAFE): ExpectedResult: UNSAFE UltimateResult: TIMEOUT   [ShortDescription: Timeout LongDescription: Timeout while trying to prove G((A || F(B)))]
2015-01-05_16-54-20-841 ### 270/300 ### Starting test for Input:LTL/rers/Problem19_prop_019.c Settings:settings/LtlSoftwareModelCheckingC.epf Toolchain:toolchains/LtlSoftwareModelCheckingC.xml
2015-01-05_17-18-10-129 Finishing test with UNKNOWN for Input:LTL/rers/Problem19_prop_019.c Settings:settings/LtlSoftwareModelCheckingC.epf Toolchain:toolchains/LtlSoftwareModelCheckingC.xml: TIMEOUT(Expected:SAFE): ExpectedResult: SAFE UltimateResult: TIMEOUT   [ShortDescription: Timeout LongDescription: Timeout while trying to prove (!(F(A)) || (B U C))]
2015-01-05_17-18-11-251 ### 271/300 ### Starting test for Input:LTL/rers/Problem19_prop_020.c Settings:settings/LtlSoftwareModelCheckingC.epf Toolchain:toolchains/LtlSoftwareModelCheckingC.xml
2015-01-05_17-32-42-370 Finishing test with FAIL for Input:LTL/rers/Problem19_prop_020.c Settings:settings/LtlSoftwareModelCheckingC.epf Toolchain:toolchains/LtlSoftwareModelCheckingC.xml: EXCEPTION_OR_ERROR(Expected:SAFE): ExpectedResult: SAFE UltimateResult: EXCEPTION_OR_ERROR   [de.uni_freiburg.informatik.ultimate.plugins.generator.buchiautomizer: OutOfMemoryError: GC overhead limit exceeded]
2015-01-05_17-32-43-418 ### 272/300 ### Starting test for Input:LTL/rers/Problem19_prop_021.c Settings:settings/LtlSoftwareModelCheckingC.epf Toolchain:toolchains/LtlSoftwareModelCheckingC.xml
2015-01-05_17-53-22-924 Finishing test with UNKNOWN for Input:LTL/rers/Problem19_prop_021.c Settings:settings/LtlSoftwareModelCheckingC.epf Toolchain:toolchains/LtlSoftwareModelCheckingC.xml: TIMEOUT(Expected:SAFE): ExpectedResult: SAFE UltimateResult: TIMEOUT   [ShortDescription: Timeout LongDescription: Timeout while trying to prove G(A)]
2015-01-05_17-53-24-231 ### 273/300 ### Starting test for Input:LTL/rers/Problem19_prop_022.c Settings:settings/LtlSoftwareModelCheckingC.epf Toolchain:toolchains/LtlSoftwareModelCheckingC.xml
2015-01-05_18-12-35-782 Finishing test with FAIL for Input:LTL/rers/Problem19_prop_022.c Settings:settings/LtlSoftwareModelCheckingC.epf Toolchain:toolchains/LtlSoftwareModelCheckingC.xml: EXCEPTION_OR_ERROR(Expected:SAFE): ExpectedResult: SAFE UltimateResult: EXCEPTION_OR_ERROR   [de.uni_freiburg.informatik.ultimate.plugins.generator.buchiautomizer: OutOfMemoryError: GC overhead limit exceeded]
2015-01-05_18-12-36-848 ### 274/300 ### Starting test for Input:LTL/rers/Problem19_prop_023.c Settings:settings/LtlSoftwareModelCheckingC.epf Toolchain:toolchains/LtlSoftwareModelCheckingC.xml
2015-01-05_18-24-54-237 Finishing test with FAIL for Input:LTL/rers/Problem19_prop_023.c Settings:settings/LtlSoftwareModelCheckingC.epf Toolchain:toolchains/LtlSoftwareModelCheckingC.xml: EXCEPTION_OR_ERROR(Expected:UNSAFE): ExpectedResult: UNSAFE UltimateResult: EXCEPTION_OR_ERROR   [de.uni_freiburg.informatik.ultimate.plugins.generator.buchiautomizer: OutOfMemoryError: GC overhead limit exceeded]
2015-01-05_18-24-55-300 ### 275/300 ### Starting test for Input:LTL/rers/Problem19_prop_024.c Settings:settings/LtlSoftwareModelCheckingC.epf Toolchain:toolchains/LtlSoftwareModelCheckingC.xml
2015-01-05_18-39-51-352 Finishing test with FAIL for Input:LTL/rers/Problem19_prop_024.c Settings:settings/LtlSoftwareModelCheckingC.epf Toolchain:toolchains/LtlSoftwareModelCheckingC.xml: EXCEPTION_OR_ERROR(Expected:UNSAFE): ExpectedResult: UNSAFE UltimateResult: EXCEPTION_OR_ERROR   [de.uni_freiburg.informatik.ultimate.plugins.generator.buchiautomizer: OutOfMemoryError: GC overhead limit exceeded]
2015-01-05_18-39-52-395 ### 276/300 ### Starting test for Input:LTL/rers/Problem19_prop_025.c Settings:settings/LtlSoftwareModelCheckingC.epf Toolchain:toolchains/LtlSoftwareModelCheckingC.xml
2015-01-05_19-06-05-597 Finishing test with UNKNOWN for Input:LTL/rers/Problem19_prop_025.c Settings:settings/LtlSoftwareModelCheckingC.epf Toolchain:toolchains/LtlSoftwareModelCheckingC.xml: TIMEOUT(Expected:UNSAFE): ExpectedResult: UNSAFE UltimateResult: TIMEOUT   [ShortDescription: Timeout LongDescription: Timeout while trying to prove G((A || F(B)))]
2015-01-05_19-06-06-799 ### 277/300 ### Starting test for Input:LTL/rers/Problem19_prop_026.c Settings:settings/LtlSoftwareModelCheckingC.epf Toolchain:toolchains/LtlSoftwareModelCheckingC.xml
2015-01-05_19-28-36-540 Finishing test with FAIL for Input:LTL/rers/Problem19_prop_026.c Settings:settings/LtlSoftwareModelCheckingC.epf Toolchain:toolchains/LtlSoftwareModelCheckingC.xml: EXCEPTION_OR_ERROR(Expected:SAFE): ExpectedResult: SAFE UltimateResult: EXCEPTION_OR_ERROR   [de.uni_freiburg.informatik.ultimate.plugins.generator.buchiautomizer: OutOfMemoryError: GC overhead limit exceeded]
2015-01-05_19-28-37-591 ### 278/300 ### Starting test for Input:LTL/rers/Problem19_prop_027.c Settings:settings/LtlSoftwareModelCheckingC.epf Toolchain:toolchains/LtlSoftwareModelCheckingC.xml
2015-01-05_19-48-50-043 Finishing test with UNKNOWN for Input:LTL/rers/Problem19_prop_027.c Settings:settings/LtlSoftwareModelCheckingC.epf Toolchain:toolchains/LtlSoftwareModelCheckingC.xml: TIMEOUT(Expected:SAFE): ExpectedResult: SAFE UltimateResult: TIMEOUT   [ShortDescription: Timeout LongDescription: Timeout while trying to prove ((A U ((B U ((A U ((B U G(A)) || G(B))) || G(A))) || G(B))) || G(A))]
2015-01-05_19-48-51-120 ### 279/300 ### Starting test for Input:LTL/rers/Problem19_prop_028.c Settings:settings/LtlSoftwareModelCheckingC.epf Toolchain:toolchains/LtlSoftwareModelCheckingC.xml
2015-01-05_20-00-26-102 Finishing test with FAIL for Input:LTL/rers/Problem19_prop_028.c Settings:settings/LtlSoftwareModelCheckingC.epf Toolchain:toolchains/LtlSoftwareModelCheckingC.xml: EXCEPTION_OR_ERROR(Expected:UNSAFE): ExpectedResult: UNSAFE UltimateResult: EXCEPTION_OR_ERROR   [de.uni_freiburg.informatik.ultimate.plugins.generator.buchiautomizer: OutOfMemoryError: GC overhead limit exceeded]
2015-01-05_20-00-27-168 ### 280/300 ### Starting test for Input:LTL/rers/Problem19_prop_029.c Settings:settings/LtlSoftwareModelCheckingC.epf Toolchain:toolchains/LtlSoftwareModelCheckingC.xml
2015-01-05_20-12-50-847 Finishing test with FAIL for Input:LTL/rers/Problem19_prop_029.c Settings:settings/LtlSoftwareModelCheckingC.epf Toolchain:toolchains/LtlSoftwareModelCheckingC.xml: EXCEPTION_OR_ERROR(Expected:UNSAFE): ExpectedResult: UNSAFE UltimateResult: EXCEPTION_OR_ERROR   [de.uni_freiburg.informatik.ultimate.plugins.generator.buchiautomizer: OutOfMemoryError: GC overhead limit exceeded]
2015-01-05_20-12-51-905 ### 281/300 ### Starting test for Input:LTL/rers/Problem19_prop_030.c Settings:settings/LtlSoftwareModelCheckingC.epf Toolchain:toolchains/LtlSoftwareModelCheckingC.xml
2015-01-05_20-36-15-188 Finishing test with UNKNOWN for Input:LTL/rers/Problem19_prop_030.c Settings:settings/LtlSoftwareModelCheckingC.epf Toolchain:toolchains/LtlSoftwareModelCheckingC.xml: TIMEOUT(Expected:SAFE): ExpectedResult: SAFE UltimateResult: TIMEOUT   [ShortDescription: Timeout LongDescription: Timeout while trying to prove G((A || (B U C)))]
2015-01-05_20-36-16-429 ### 282/300 ### Starting test for Input:LTL/rers/Problem19_prop_031.c Settings:settings/LtlSoftwareModelCheckingC.epf Toolchain:toolchains/LtlSoftwareModelCheckingC.xml
2015-01-05_21-02-17-689 Finishing test with UNKNOWN for Input:LTL/rers/Problem19_prop_031.c Settings:settings/LtlSoftwareModelCheckingC.epf Toolchain:toolchains/LtlSoftwareModelCheckingC.xml: TIMEOUT(Expected:SAFE): ExpectedResult: SAFE UltimateResult: TIMEOUT   [ShortDescription: Timeout LongDescription: Timeout while trying to prove G((A || ((B U C) || G(B))))]
2015-01-05_21-02-19-148 ### 283/300 ### Starting test for Input:LTL/rers/Problem19_prop_032.c Settings:settings/LtlSoftwareModelCheckingC.epf Toolchain:toolchains/LtlSoftwareModelCheckingC.xml
2015-01-05_21-23-13-202 Finishing test with UNKNOWN for Input:LTL/rers/Problem19_prop_032.c Settings:settings/LtlSoftwareModelCheckingC.epf Toolchain:toolchains/LtlSoftwareModelCheckingC.xml: TIMEOUT(Expected:SAFE): ExpectedResult: SAFE UltimateResult: TIMEOUT   [ShortDescription: Timeout LongDescription: Timeout while trying to prove G((A || ((B U C) || G(B))))]
2015-01-05_21-23-14-542 ### 284/300 ### Starting test for Input:LTL/rers/Problem19_prop_033.c Settings:settings/LtlSoftwareModelCheckingC.epf Toolchain:toolchains/LtlSoftwareModelCheckingC.xml
2015-01-05_21-46-16-235 Finishing test with UNKNOWN for Input:LTL/rers/Problem19_prop_033.c Settings:settings/LtlSoftwareModelCheckingC.epf Toolchain:toolchains/LtlSoftwareModelCheckingC.xml: TIMEOUT(Expected:UNSAFE): ExpectedResult: UNSAFE UltimateResult: TIMEOUT   [ShortDescription: Timeout LongDescription: Timeout while trying to prove G((!((A && F(B))) || (C U B)))]
2015-01-05_21-46-17-454 ### 285/300 ### Starting test for Input:LTL/rers/Problem19_prop_034.c Settings:settings/LtlSoftwareModelCheckingC.epf Toolchain:toolchains/LtlSoftwareModelCheckingC.xml
2015-01-05_22-06-47-888 Finishing test with UNKNOWN for Input:LTL/rers/Problem19_prop_034.c Settings:settings/LtlSoftwareModelCheckingC.epf Toolchain:toolchains/LtlSoftwareModelCheckingC.xml: TIMEOUT(Expected:UNSAFE): ExpectedResult: UNSAFE UltimateResult: TIMEOUT   [ShortDescription: Timeout LongDescription: Timeout while trying to prove G(A)]
2015-01-05_22-06-49-264 ### 286/300 ### Starting test for Input:LTL/rers/Problem19_prop_035.c Settings:settings/LtlSoftwareModelCheckingC.epf Toolchain:toolchains/LtlSoftwareModelCheckingC.xml
2015-01-05_22-26-51-093 Finishing test with UNKNOWN for Input:LTL/rers/Problem19_prop_035.c Settings:settings/LtlSoftwareModelCheckingC.epf Toolchain:toolchains/LtlSoftwareModelCheckingC.xml: TIMEOUT(Expected:UNSAFE): ExpectedResult: UNSAFE UltimateResult: TIMEOUT   [ShortDescription: Timeout LongDescription: Timeout while trying to prove (G(A) || F((B && F(C))))]
2015-01-05_22-26-52-310 ### 287/300 ### Starting test for Input:LTL/rers/Problem19_prop_036.c Settings:settings/LtlSoftwareModelCheckingC.epf Toolchain:toolchains/LtlSoftwareModelCheckingC.xml
2015-01-05_22-47-22-798 Finishing test with UNKNOWN for Input:LTL/rers/Problem19_prop_036.c Settings:settings/LtlSoftwareModelCheckingC.epf Toolchain:toolchains/LtlSoftwareModelCheckingC.xml: TIMEOUT(Expected:SAFE): ExpectedResult: SAFE UltimateResult: TIMEOUT   [ShortDescription: Timeout LongDescription: Timeout while trying to prove F(A)]
2015-01-05_22-47-24-331 ### 288/300 ### Starting test for Input:LTL/rers/Problem19_prop_037.c Settings:settings/LtlSoftwareModelCheckingC.epf Toolchain:toolchains/LtlSoftwareModelCheckingC.xml
2015-01-05_22-58-39-959 Finishing test with FAIL for Input:LTL/rers/Problem19_prop_037.c Settings:settings/LtlSoftwareModelCheckingC.epf Toolchain:toolchains/LtlSoftwareModelCheckingC.xml: EXCEPTION_OR_ERROR(Expected:UNSAFE): ExpectedResult: UNSAFE UltimateResult: EXCEPTION_OR_ERROR   [de.uni_freiburg.informatik.ultimate.plugins.generator.buchiautomizer: OutOfMemoryError: GC overhead limit exceeded]
2015-01-05_22-58-41-293 ### 289/300 ### Starting test for Input:LTL/rers/Problem19_prop_038.c Settings:settings/LtlSoftwareModelCheckingC.epf Toolchain:toolchains/LtlSoftwareModelCheckingC.xml
2015-01-05_23-22-03-062 Finishing test with UNKNOWN for Input:LTL/rers/Problem19_prop_038.c Settings:settings/LtlSoftwareModelCheckingC.epf Toolchain:toolchains/LtlSoftwareModelCheckingC.xml: TIMEOUT(Expected:UNSAFE): ExpectedResult: UNSAFE UltimateResult: TIMEOUT   [ShortDescription: Timeout LongDescription: Timeout while trying to prove G((A || ((B U C) || G(B))))]
2015-01-05_23-22-04-669 ### 290/300 ### Starting test for Input:LTL/rers/Problem19_prop_039.c Settings:settings/LtlSoftwareModelCheckingC.epf Toolchain:toolchains/LtlSoftwareModelCheckingC.xml
2015-01-05_23-42-19-863 Finishing test with UNKNOWN for Input:LTL/rers/Problem19_prop_039.c Settings:settings/LtlSoftwareModelCheckingC.epf Toolchain:toolchains/LtlSoftwareModelCheckingC.xml: TIMEOUT(Expected:UNSAFE): ExpectedResult: UNSAFE UltimateResult: TIMEOUT   [ShortDescription: Timeout LongDescription: Timeout while trying to prove G((A || ((B U C) || G(B))))]
2015-01-05_23-42-21-578 ### 291/300 ### Starting test for Input:LTL/rers/Problem19_prop_040.c Settings:settings/LtlSoftwareModelCheckingC.epf Toolchain:toolchains/LtlSoftwareModelCheckingC.xml
2015-01-06_00-04-09-740 Finishing test with UNKNOWN for Input:LTL/rers/Problem19_prop_040.c Settings:settings/LtlSoftwareModelCheckingC.epf Toolchain:toolchains/LtlSoftwareModelCheckingC.xml: TIMEOUT(Expected:UNSAFE): ExpectedResult: UNSAFE UltimateResult: TIMEOUT   [ShortDescription: Timeout LongDescription: Timeout while trying to prove (G(A) || F((B && F(C))))]
2015-01-06_00-04-11-312 ### 292/300 ### Starting test for Input:LTL/rers/Problem19_prop_041.c Settings:settings/LtlSoftwareModelCheckingC.epf Toolchain:toolchains/LtlSoftwareModelCheckingC.xml
2015-01-06_00-24-11-371 Finishing test with UNKNOWN for Input:LTL/rers/Problem19_prop_041.c Settings:settings/LtlSoftwareModelCheckingC.epf Toolchain:toolchains/LtlSoftwareModelCheckingC.xml: TIMEOUT(Expected:UNSAFE): ExpectedResult: UNSAFE UltimateResult: TIMEOUT   [ShortDescription: Timeout LongDescription: Timeout while trying to prove G((A || F(B)))]
2015-01-06_00-24-12-721 ### 293/300 ### Starting test for Input:LTL/rers/Problem19_prop_042.c Settings:settings/LtlSoftwareModelCheckingC.epf Toolchain:toolchains/LtlSoftwareModelCheckingC.xml
2015-01-06_00-44-15-147 Finishing test with UNKNOWN for Input:LTL/rers/Problem19_prop_042.c Settings:settings/LtlSoftwareModelCheckingC.epf Toolchain:toolchains/LtlSoftwareModelCheckingC.xml: TIMEOUT(Expected:SAFE): ExpectedResult: SAFE UltimateResult: TIMEOUT   [ShortDescription: Timeout LongDescription: Timeout while trying to prove G((!((A && F(B))) || (C U B)))]
2015-01-06_00-44-16-484 ### 294/300 ### Starting test for Input:LTL/rers/Problem19_prop_043.c Settings:settings/LtlSoftwareModelCheckingC.epf Toolchain:toolchains/LtlSoftwareModelCheckingC.xml
2015-01-06_01-04-16-540 Finishing test with UNKNOWN for Input:LTL/rers/Problem19_prop_043.c Settings:settings/LtlSoftwareModelCheckingC.epf Toolchain:toolchains/LtlSoftwareModelCheckingC.xml: TIMEOUT(Expected:UNSAFE): ExpectedResult: UNSAFE UltimateResult: TIMEOUT   [ShortDescription: Timeout LongDescription: Timeout while trying to prove ((A U B) || G(A))]
2015-01-06_01-04-18-525 ### 295/300 ### Starting test for Input:LTL/rers/Problem19_prop_044.c Settings:settings/LtlSoftwareModelCheckingC.epf Toolchain:toolchains/LtlSoftwareModelCheckingC.xml
2015-01-06_01-22-16-373 Finishing test with FAIL for Input:LTL/rers/Problem19_prop_044.c Settings:settings/LtlSoftwareModelCheckingC.epf Toolchain:toolchains/LtlSoftwareModelCheckingC.xml: EXCEPTION_OR_ERROR(Expected:SAFE): ExpectedResult: SAFE UltimateResult: EXCEPTION_OR_ERROR   [de.uni_freiburg.informatik.ultimate.plugins.generator.buchiautomizer: OutOfMemoryError: GC overhead limit exceeded]
2015-01-06_01-22-17-698 ### 296/300 ### Starting test for Input:LTL/rers/Problem19_prop_045.c Settings:settings/LtlSoftwareModelCheckingC.epf Toolchain:toolchains/LtlSoftwareModelCheckingC.xml
2015-01-06_01-36-09-444 Finishing test with FAIL for Input:LTL/rers/Problem19_prop_045.c Settings:settings/LtlSoftwareModelCheckingC.epf Toolchain:toolchains/LtlSoftwareModelCheckingC.xml: EXCEPTION_OR_ERROR(Expected:SAFE): ExpectedResult: SAFE UltimateResult: EXCEPTION_OR_ERROR   [de.uni_freiburg.informatik.ultimate.plugins.generator.buchiautomizer: OutOfMemoryError: GC overhead limit exceeded]
2015-01-06_01-36-10-782 ### 297/300 ### Starting test for Input:LTL/rers/Problem19_prop_046.c Settings:settings/LtlSoftwareModelCheckingC.epf Toolchain:toolchains/LtlSoftwareModelCheckingC.xml
2015-01-06_01-56-10-915 Finishing test with UNKNOWN for Input:LTL/rers/Problem19_prop_046.c Settings:settings/LtlSoftwareModelCheckingC.epf Toolchain:toolchains/LtlSoftwareModelCheckingC.xml: TIMEOUT(Expected:UNSAFE): ExpectedResult: UNSAFE UltimateResult: TIMEOUT   [ShortDescription: Timeout LongDescription: Timeout while trying to prove G(A)]
2015-01-06_01-56-12-918 ### 298/300 ### Starting test for Input:LTL/rers/Problem19_prop_047.c Settings:settings/LtlSoftwareModelCheckingC.epf Toolchain:toolchains/LtlSoftwareModelCheckingC.xml
2015-01-06_02-19-57-701 Finishing test with FAIL for Input:LTL/rers/Problem19_prop_047.c Settings:settings/LtlSoftwareModelCheckingC.epf Toolchain:toolchains/LtlSoftwareModelCheckingC.xml: EXCEPTION_OR_ERROR(Expected:SAFE): ExpectedResult: SAFE UltimateResult: EXCEPTION_OR_ERROR   [de.uni_freiburg.informatik.ultimate.plugins.generator.buchiautomizer: OutOfMemoryError: GC overhead limit exceeded]
2015-01-06_02-19-59-028 ### 299/300 ### Starting test for Input:LTL/rers/Problem19_prop_048.c Settings:settings/LtlSoftwareModelCheckingC.epf Toolchain:toolchains/LtlSoftwareModelCheckingC.xml
2015-01-06_02-45-48-032 Finishing test with UNKNOWN for Input:LTL/rers/Problem19_prop_048.c Settings:settings/LtlSoftwareModelCheckingC.epf Toolchain:toolchains/LtlSoftwareModelCheckingC.xml: TIMEOUT(Expected:UNSAFE): ExpectedResult: UNSAFE UltimateResult: TIMEOUT   [ShortDescription: Timeout LongDescription: Timeout while trying to prove (!(F(A)) || (B U C))]
2015-01-06_02-45-49-455 ### 300/300 ### Starting test for Input:LTL/rers/Problem19_prop_049.c Settings:settings/LtlSoftwareModelCheckingC.epf Toolchain:toolchains/LtlSoftwareModelCheckingC.xml
2015-01-06_03-05-26-267 Finishing test with FAIL for Input:LTL/rers/Problem19_prop_049.c Settings:settings/LtlSoftwareModelCheckingC.epf Toolchain:toolchains/LtlSoftwareModelCheckingC.xml: EXCEPTION_OR_ERROR(Expected:SAFE): ExpectedResult: SAFE UltimateResult: EXCEPTION_OR_ERROR   [de.uni_freiburg.informatik.ultimate.plugins.generator.buchiautomizer: OutOfMemoryError: GC overhead limit exceeded]
