################# Trace Abstraction Test Summary #################
====== SUCCESSFUL TESTS =====
	UNSAFE(Expected:UNSAFE)
		F:\repos\ultimate fresher co\trunk\examples\svcomp\ntdrivers-simplified\floppy_simpl3_false-unreach-call_true-termination.cil.c: ExpectedResult: UNSAFE UltimateResult: UNSAFE   a call of __VERIFIER_error() is reachable 
		No benchmark results available.
		F:\repos\ultimate fresher co\trunk\examples\svcomp\locks\test_locks_14_false-unreach-call.c: ExpectedResult: UNSAFE UltimateResult: UNSAFE   a call of __VERIFIER_error() is reachable 
		No benchmark results available.
		F:\repos\ultimate fresher co\trunk\examples\svcomp\ntdrivers-simplified\cdaudio_simpl1_false-unreach-call_true-termination.cil.c: ExpectedResult: UNSAFE UltimateResult: UNSAFE   a call of __VERIFIER_error() is reachable 
		No benchmark results available.
		F:\repos\ultimate fresher co\trunk\examples\svcomp\ssh-simplified\s3_clnt_1_false-unreach-call.cil.c: ExpectedResult: UNSAFE UltimateResult: UNSAFE   a call of __VERIFIER_error() is reachable 
		No benchmark results available.
		F:\repos\ultimate fresher co\trunk\examples\svcomp\systemc\kundu2_false-unreach-call_false-termination.cil.c: ExpectedResult: UNSAFE UltimateResult: UNSAFE   a call of __VERIFIER_error() is reachable 
		No benchmark results available.
		F:\repos\ultimate fresher co\trunk\examples\svcomp\systemc\kundu1_false-unreach-call_false-termination.cil.c: ExpectedResult: UNSAFE UltimateResult: UNSAFE   a call of __VERIFIER_error() is reachable 
		No benchmark results available.
		F:\repos\ultimate fresher co\trunk\examples\svcomp\ssh-simplified\s3_clnt_2_false-unreach-call_true-termination.cil.c: ExpectedResult: UNSAFE UltimateResult: UNSAFE   a call of __VERIFIER_error() is reachable 
		No benchmark results available.
		F:\repos\ultimate fresher co\trunk\examples\svcomp\recursive\Ackermann02_false-unreach-call_false-termination.c: ExpectedResult: UNSAFE UltimateResult: UNSAFE   a call of __VERIFIER_error() is reachable 
		No benchmark results available.
	Count for UNSAFE(Expected:UNSAFE): 22
	--------
	SAFE(Expected:SAFE)
		F:\repos\ultimate fresher co\trunk\examples\svcomp\recursive\Addition01_true-unreach-call_true-termination.c: ExpectedResult: SAFE UltimateResult: SAFE   [ShortDescription: All specifications hold LongDescription: 1 specifications checked. All of them hold]
		No benchmark results available.
		F:\repos\ultimate fresher co\trunk\examples\svcomp\locks\test_locks_13_true-unreach-call.c: ExpectedResult: SAFE UltimateResult: SAFE   [ShortDescription: All specifications hold LongDescription: 1 specifications checked. All of them hold]
		No benchmark results available.
		F:\repos\ultimate fresher co\trunk\examples\svcomp\systemc\mem_slave_tlm.1_true-unreach-call_false-termination.cil.c: ExpectedResult: SAFE UltimateResult: SAFE   [ShortDescription: All specifications hold LongDescription: 1 specifications checked. All of them hold]
		No benchmark results available.
		F:\repos\ultimate fresher co\trunk\examples\svcomp\locks\test_locks_12_true-unreach-call_false-termination.c: ExpectedResult: SAFE UltimateResult: SAFE   [ShortDescription: All specifications hold LongDescription: 1 specifications checked. All of them hold]
		No benchmark results available.
		F:\repos\ultimate fresher co\trunk\examples\svcomp\ssh-simplified\s3_clnt_3.cil_true-unreach-call_true-termination.c: ExpectedResult: SAFE UltimateResult: SAFE   [ShortDescription: All specifications hold LongDescription: 1 specifications checked. All of them hold]
		No benchmark results available.
		F:\repos\ultimate fresher co\trunk\examples\svcomp\locks\test_locks_10_true-unreach-call.c: ExpectedResult: SAFE UltimateResult: SAFE   [ShortDescription: All specifications hold LongDescription: 1 specifications checked. All of them hold]
		No benchmark results available.
		F:\repos\ultimate fresher co\trunk\examples\svcomp\ssh-simplified\s3_clnt_2_true-unreach-call_true-termination.cil.c: ExpectedResult: SAFE UltimateResult: SAFE   [ShortDescription: All specifications hold LongDescription: 2 specifications checked. All of them hold]
		No benchmark results available.
		F:\repos\ultimate fresher co\trunk\examples\svcomp\systemc\bist_cell_true-unreach-call_false-termination.cil.c: ExpectedResult: SAFE UltimateResult: SAFE   [ShortDescription: All specifications hold LongDescription: 1 specifications checked. All of them hold]
		No benchmark results available.
		F:\repos\ultimate fresher co\trunk\examples\svcomp\recursive\Ackermann04_true-unreach-call.c: ExpectedResult: SAFE UltimateResult: SAFE   [ShortDescription: All specifications hold LongDescription: 1 specifications checked. All of them hold]
		No benchmark results available.
		F:\repos\ultimate fresher co\trunk\examples\svcomp\recursive\Ackermann01_true-unreach-call.c: ExpectedResult: SAFE UltimateResult: SAFE   [ShortDescription: All specifications hold LongDescription: 1 specifications checked. All of them hold]
		No benchmark results available.
		F:\repos\ultimate fresher co\trunk\examples\svcomp\ssh-simplified\s3_clnt_1_true-unreach-call.cil.c: ExpectedResult: SAFE UltimateResult: SAFE   [ShortDescription: All specifications hold LongDescription: 2 specifications checked. All of them hold]
		No benchmark results available.
		F:\repos\ultimate fresher co\trunk\examples\svcomp\loop-new\count_by_1_variant_true-unreach-call.c: ExpectedResult: SAFE UltimateResult: SAFE   [ShortDescription: All specifications hold LongDescription: 1 specifications checked. All of them hold]
		No benchmark results available.
		F:\repos\ultimate fresher co\trunk\examples\svcomp\locks\test_locks_11_true-unreach-call_false-termination.c: ExpectedResult: SAFE UltimateResult: SAFE   [ShortDescription: All specifications hold LongDescription: 1 specifications checked. All of them hold]
		No benchmark results available.
	Count for SAFE(Expected:SAFE): 33
	--------
Count: 55

====== UNKNOWN TESTS =====
	TIMEOUT(Expected:SAFE)
		F:\repos\ultimate fresher co\trunk\examples\svcomp\loop-new\count_by_1_true-unreach-call.c: ExpectedResult: SAFE UltimateResult: TIMEOUT   [ShortDescription: Timeout LongDescription: Unable to prove that call of __VERIFIER_error() unreachable (line 5)]
		No benchmark results available.
		F:\repos\ultimate fresher co\trunk\examples\svcomp\loop-invgen\fragtest_simple_true-unreach-call.c: ExpectedResult: SAFE UltimateResult: TIMEOUT   [ShortDescription: Timeout LongDescription: Unable to prove that call of __VERIFIER_error() unreachable (line 5)]
		No benchmark results available.
		F:\repos\ultimate fresher co\trunk\examples\svcomp\loop-new\count_by_k_true-unreach-call.c: ExpectedResult: SAFE UltimateResult: TIMEOUT   [ShortDescription: Timeout LongDescription: Unable to prove that call of __VERIFIER_error() unreachable (line 5)]
		No benchmark results available.
		F:\repos\ultimate fresher co\trunk\examples\svcomp\recursive\Addition01_true-unreach-call_true-termination.c: ExpectedResult: SAFE UltimateResult: TIMEOUT   [ShortDescription: Timeout LongDescription: Unable to prove that call of __VERIFIER_error() unreachable (line 39)]
		No benchmark results available.
		F:\repos\ultimate fresher co\trunk\examples\svcomp\systemc\mem_slave_tlm.1_true-unreach-call_false-termination.cil.c: ExpectedResult: SAFE UltimateResult: TIMEOUT   [ShortDescription: Timeout LongDescription: Unable to prove that call of __VERIFIER_error() unreachable (line 10)]
		No benchmark results available.
		F:\repos\ultimate fresher co\trunk\examples\svcomp\recursive\Ackermann03_true-unreach-call.c: ExpectedResult: SAFE UltimateResult: TIMEOUT   [ShortDescription: Timeout LongDescription: Timout or Toolchain cancelled by user]
		No benchmark results available.
		F:\repos\ultimate fresher co\trunk\examples\svcomp\systemc\bist_cell_true-unreach-call_false-termination.cil.c: ExpectedResult: SAFE UltimateResult: TIMEOUT   [ShortDescription: Timeout LongDescription: Unable to prove that call of __VERIFIER_error() unreachable (line 9)]
		No benchmark results available.
		F:\repos\ultimate fresher co\trunk\examples\svcomp\loop-new\count_by_nondet_true-unreach-call.c: ExpectedResult: SAFE UltimateResult: TIMEOUT   [ShortDescription: Timeout LongDescription: Unable to prove that call of __VERIFIER_error() unreachable (line 5)]
		No benchmark results available.
		F:\repos\ultimate fresher co\trunk\examples\svcomp\loop-new\count_by_2_true-unreach-call.c: ExpectedResult: SAFE UltimateResult: TIMEOUT   [ShortDescription: Timeout LongDescription: Unable to prove that call of __VERIFIER_error() unreachable (line 5)]
		No benchmark results available.
		F:\repos\ultimate fresher co\trunk\examples\svcomp\loop-invgen\down_true-unreach-call.c: ExpectedResult: SAFE UltimateResult: TIMEOUT   [ShortDescription: Timeout LongDescription: Unable to prove that call of __VERIFIER_error() unreachable (line 5)]
		No benchmark results available.
		F:\repos\ultimate fresher co\trunk\examples\svcomp\systemc\kundu_true-unreach-call_false-termination.cil.c: ExpectedResult: SAFE UltimateResult: TIMEOUT   [ShortDescription: Timeout LongDescription: Unable to prove that call of __VERIFIER_error() unreachable (line 9)]
		No benchmark results available.
	Count for TIMEOUT(Expected:SAFE): 17
	--------
Count: 17

====== FAILED TESTS =====
	NO_RESULT(Expected:SAFE)
		F:\repos\ultimate fresher co\trunk\examples\svcomp\loop-invgen\fragtest_simple_true-unreach-call.c: ExpectedResult: SAFE UltimateResult: NO_RESULT   NO_RESULT
		No benchmark results available.
		F:\repos\ultimate fresher co\trunk\examples\svcomp\recursive\Addition01_true-unreach-call_true-termination.c: ExpectedResult: SAFE UltimateResult: NO_RESULT   NO_RESULT
		No benchmark results available.
		F:\repos\ultimate fresher co\trunk\examples\svcomp\systemc\mem_slave_tlm.1_true-unreach-call_false-termination.cil.c: ExpectedResult: SAFE UltimateResult: NO_RESULT   NO_RESULT
		No benchmark results available.
		F:\repos\ultimate fresher co\trunk\examples\svcomp\ssh-simplified\s3_clnt_3.cil_true-unreach-call_true-termination.c: ExpectedResult: SAFE UltimateResult: NO_RESULT   NO_RESULT
		No benchmark results available.
		F:\repos\ultimate fresher co\trunk\examples\svcomp\systemc\bist_cell_true-unreach-call_false-termination.cil.c: ExpectedResult: SAFE UltimateResult: NO_RESULT   NO_RESULT
		No benchmark results available.
		F:\repos\ultimate fresher co\trunk\examples\svcomp\loop-new\count_by_nondet_true-unreach-call.c: ExpectedResult: SAFE UltimateResult: NO_RESULT   NO_RESULT
		No benchmark results available.
		F:\repos\ultimate fresher co\trunk\examples\svcomp\ntdrivers-simplified\diskperf_simpl1_true-unreach-call_true-termination.cil.c: ExpectedResult: SAFE UltimateResult: NO_RESULT   NO_RESULT
		No benchmark results available.
		F:\repos\ultimate fresher co\trunk\examples\svcomp\recursive\Ackermann04_true-unreach-call.c: ExpectedResult: SAFE UltimateResult: NO_RESULT   NO_RESULT
		No benchmark results available.
		F:\repos\ultimate fresher co\trunk\examples\svcomp\loop-invgen\down_true-unreach-call.c: ExpectedResult: SAFE UltimateResult: NO_RESULT   NO_RESULT
		No benchmark results available.
		F:\repos\ultimate fresher co\trunk\examples\svcomp\systemc\kundu_true-unreach-call_false-termination.cil.c: ExpectedResult: SAFE UltimateResult: NO_RESULT   NO_RESULT
		No benchmark results available.
		F:\repos\ultimate fresher co\trunk\examples\svcomp\loop-new\count_by_1_true-unreach-call.c: ExpectedResult: SAFE UltimateResult: NO_RESULT   NO_RESULT
		No benchmark results available.
		F:\repos\ultimate fresher co\trunk\examples\svcomp\loop-new\count_by_k_true-unreach-call.c: ExpectedResult: SAFE UltimateResult: NO_RESULT   NO_RESULT
		No benchmark results available.
		F:\repos\ultimate fresher co\trunk\examples\svcomp\recursive\Ackermann01_true-unreach-call.c: ExpectedResult: SAFE UltimateResult: NO_RESULT   NO_RESULT
		No benchmark results available.
		F:\repos\ultimate fresher co\trunk\examples\svcomp\recursive\Ackermann03_true-unreach-call.c: ExpectedResult: SAFE UltimateResult: NO_RESULT   NO_RESULT
		No benchmark results available.
		F:\repos\ultimate fresher co\trunk\examples\svcomp\loop-new\count_by_1_variant_true-unreach-call.c: ExpectedResult: SAFE UltimateResult: NO_RESULT   NO_RESULT
		No benchmark results available.
		F:\repos\ultimate fresher co\trunk\examples\svcomp\ntdrivers-simplified\cdaudio_simpl1_true-unreach-call_true-termination.cil.c: ExpectedResult: SAFE UltimateResult: NO_RESULT   NO_RESULT
		No benchmark results available.
		F:\repos\ultimate fresher co\trunk\examples\svcomp\loop-new\count_by_2_true-unreach-call.c: ExpectedResult: SAFE UltimateResult: NO_RESULT   NO_RESULT
		No benchmark results available.
		F:\repos\ultimate fresher co\trunk\examples\svcomp\ntdrivers-simplified\floppy_simpl3_true-unreach-call_true-termination.cil.c: ExpectedResult: SAFE UltimateResult: NO_RESULT   NO_RESULT
		No benchmark results available.
	Count for NO_RESULT(Expected:SAFE): 29
	--------
	NO_RESULT(Expected:UNSAFE)
		F:\repos\ultimate fresher co\trunk\examples\svcomp\ntdrivers-simplified\cdaudio_simpl1_false-unreach-call_true-termination.cil.c: ExpectedResult: UNSAFE UltimateResult: NO_RESULT   NO_RESULT
		No benchmark results available.
		F:\repos\ultimate fresher co\trunk\examples\svcomp\systemc\kundu2_false-unreach-call_false-termination.cil.c: ExpectedResult: UNSAFE UltimateResult: NO_RESULT   NO_RESULT
		No benchmark results available.
		F:\repos\ultimate fresher co\trunk\examples\svcomp\systemc\kundu1_false-unreach-call_false-termination.cil.c: ExpectedResult: UNSAFE UltimateResult: NO_RESULT   NO_RESULT
		No benchmark results available.
		F:\repos\ultimate fresher co\trunk\examples\svcomp\recursive\Ackermann02_false-unreach-call_false-termination.c: ExpectedResult: UNSAFE UltimateResult: NO_RESULT   NO_RESULT
		No benchmark results available.
	Count for NO_RESULT(Expected:UNSAFE): 8
	--------
	EXCEPTION_OR_ERROR(Expected:UNSAFE)
		F:\repos\ultimate fresher co\trunk\examples\svcomp\systemc\kundu2_false-unreach-call_false-termination.cil.c: ExpectedResult: UNSAFE UltimateResult: EXCEPTION_OR_ERROR   [ShortDescription: ArrayIndexOutOfBoundsException LongDescription: java.lang.ArrayIndexOutOfBoundsException]
		No benchmark results available.
		F:\repos\ultimate fresher co\trunk\examples\svcomp\recursive\Ackermann02_false-unreach-call_false-termination.c: ExpectedResult: UNSAFE UltimateResult: EXCEPTION_OR_ERROR   [ShortDescription: ArrayIndexOutOfBoundsException LongDescription: java.lang.ArrayIndexOutOfBoundsException]
		No benchmark results available.
	Count for EXCEPTION_OR_ERROR(Expected:UNSAFE): 2
	--------
	UNSAFE(Expected:SAFE)
		F:\repos\ultimate fresher co\trunk\examples\svcomp\ntdrivers-simplified\diskperf_simpl1_true-unreach-call_true-termination.cil.c: ExpectedResult: SAFE UltimateResult: UNSAFE   a call of __VERIFIER_error() is reachable 
		No benchmark results available.
		F:\repos\ultimate fresher co\trunk\examples\svcomp\ntdrivers-simplified\cdaudio_simpl1_true-unreach-call_true-termination.cil.c: ExpectedResult: SAFE UltimateResult: UNSAFE   a call of __VERIFIER_error() is reachable 
		No benchmark results available.
		F:\repos\ultimate fresher co\trunk\examples\svcomp\ntdrivers-simplified\floppy_simpl3_true-unreach-call_true-termination.cil.c: ExpectedResult: SAFE UltimateResult: UNSAFE   a call of __VERIFIER_error() is reachable 
		No benchmark results available.
	Count for UNSAFE(Expected:SAFE): 8
	--------
	EXCEPTION_OR_ERROR(Expected:SAFE)
		F:\repos\ultimate fresher co\trunk\examples\svcomp\loop-new\count_by_k_true-unreach-call.c: ExpectedResult: SAFE UltimateResult: EXCEPTION_OR_ERROR   [ShortDescription: SMTLIBException LongDescription: de.uni_freiburg.informatik.ultimate.logic.SMTLIBException: Cannot create quantifier in quantifier-free logic]
		No benchmark results available.
		F:\repos\ultimate fresher co\trunk\examples\svcomp\recursive\Ackermann01_true-unreach-call.c: ExpectedResult: SAFE UltimateResult: EXCEPTION_OR_ERROR   [ShortDescription: ArrayIndexOutOfBoundsException LongDescription: java.lang.ArrayIndexOutOfBoundsException]
		No benchmark results available.
		F:\repos\ultimate fresher co\trunk\examples\svcomp\recursive\Ackermann03_true-unreach-call.c: ExpectedResult: SAFE UltimateResult: EXCEPTION_OR_ERROR   [ShortDescription: ArrayIndexOutOfBoundsException LongDescription: java.lang.ArrayIndexOutOfBoundsException]
		No benchmark results available.
		F:\repos\ultimate fresher co\trunk\examples\svcomp\ssh-simplified\s3_clnt_3.cil_true-unreach-call_true-termination.c: ExpectedResult: SAFE UltimateResult: EXCEPTION_OR_ERROR   [ShortDescription: SMTLIBException LongDescription: de.uni_freiburg.informatik.ultimate.logic.SMTLIBException: Cannot create quantifier in quantifier-free logic]
		No benchmark results available.
		F:\repos\ultimate fresher co\trunk\examples\svcomp\loop-new\count_by_1_variant_true-unreach-call.c: ExpectedResult: SAFE UltimateResult: EXCEPTION_OR_ERROR   [ShortDescription: SMTLIBException LongDescription: de.uni_freiburg.informatik.ultimate.logic.SMTLIBException: Cannot create quantifier in quantifier-free logic]
		No benchmark results available.
		F:\repos\ultimate fresher co\trunk\examples\svcomp\recursive\Ackermann04_true-unreach-call.c: ExpectedResult: SAFE UltimateResult: EXCEPTION_OR_ERROR   [ShortDescription: ArrayIndexOutOfBoundsException LongDescription: java.lang.ArrayIndexOutOfBoundsException]
		No benchmark results available.
	Count for EXCEPTION_OR_ERROR(Expected:SAFE): 9
	--------
	SYNTAX_ERROR(Expected:SAFE)
		F:\repos\ultimate fresher co\trunk\examples\svcomp\loop-invgen\apache-get-tag_true-unreach-call.c: ExpectedResult: SAFE UltimateResult: SYNTAX_ERROR   [ShortDescription: Incorrect Syntax LongDescription: Error: unexpected dispatch result]
		No benchmark results available.
		F:\repos\ultimate fresher co\trunk\examples\svcomp\loop-invgen\apache-escape-absolute_true-unreach-call.c: ExpectedResult: SAFE UltimateResult: SYNTAX_ERROR   [ShortDescription: Incorrect Syntax LongDescription: Error: unexpected dispatch result]
		No benchmark results available.
		F:\repos\ultimate fresher co\trunk\examples\svcomp\loop-invgen\half_2_true-unreach-call.c: ExpectedResult: SAFE UltimateResult: SYNTAX_ERROR   [ShortDescription: Incorrect Syntax LongDescription: Following method was called but never declared! assume]
		No benchmark results available.
	Count for SYNTAX_ERROR(Expected:SAFE): 12
	--------
Count: 68


====== SUMMARY for Trace Abstraction ======
Success:	55
Unknown:	17
Failures:	68
Total:		140