2014-11-03_20-49-38-639 First run of IncrementalLogWithVMParameters
	Parameters: heapMaxSize=3.8 GB
	Test Suite Parameters: Timeout=30 s
2014-11-03_20-49-38-641 ### 1/220 ### Starting test for Input:svcomp/array-examples/data_structures_set_multi_proc_false-unreach-call_ground.i Settings:settings/svcomp2015/svComp-32bit-precise-BE-Impulse.epf Toolchain:toolchains/CodeCheckWithBE-C.xml
2014-11-03_20-49-40-785 Finishing test with FAIL for Input:svcomp/array-examples/data_structures_set_multi_proc_false-unreach-call_ground.i Settings:settings/svcomp2015/svComp-32bit-precise-BE-Impulse.epf Toolchain:toolchains/CodeCheckWithBE-C.xml: EXCEPTION_OR_ERROR(Expected:UNSAFE): ExpectedResult: UNSAFE UltimateResult: EXCEPTION_OR_ERROR   [de.uni_freiburg.informatik.ultimate.boogie.preprocessor: StackOverflowError: null: de.uni_freiburg.informatik.ultimate.boogie.preprocessor.TypeChecker.findVariable(TypeChecker.java:141)]
2014-11-03_20-49-40-929 ### 2/220 ### Starting test for Input:svcomp/array-examples/data_structures_set_multi_proc_trivial_true-unreach-call_ground.i Settings:settings/svcomp2015/svComp-32bit-precise-BE-Impulse.epf Toolchain:toolchains/CodeCheckWithBE-C.xml
2014-11-03_20-49-41-891 Finishing test with FAIL for Input:svcomp/array-examples/data_structures_set_multi_proc_trivial_true-unreach-call_ground.i Settings:settings/svcomp2015/svComp-32bit-precise-BE-Impulse.epf Toolchain:toolchains/CodeCheckWithBE-C.xml: EXCEPTION_OR_ERROR(Expected:SAFE): ExpectedResult: SAFE UltimateResult: EXCEPTION_OR_ERROR   [de.uni_freiburg.informatik.ultimate.boogie.preprocessor: StackOverflowError: null: java.util.Vector$ListItr.<init>(Vector.java:1165)]
2014-11-03_20-49-41-983 ### 3/220 ### Starting test for Input:svcomp/array-examples/sanfoundry_02_true-unreach-call_ground.i Settings:settings/svcomp2015/svComp-32bit-precise-BE-Impulse.epf Toolchain:toolchains/CodeCheckWithBE-C.xml
2014-11-03_20-50-12-028 Finishing test with UNKNOWN for Input:svcomp/array-examples/sanfoundry_02_true-unreach-call_ground.i Settings:settings/svcomp2015/svComp-32bit-precise-BE-Impulse.epf Toolchain:toolchains/CodeCheckWithBE-C.xml: TIMEOUT(Expected:SAFE): ExpectedResult: SAFE UltimateResult: TIMEOUT   [ShortDescription: Timeout LongDescription: Timout or Toolchain cancelled by user]
2014-11-03_20-50-12-182 ### 4/220 ### Starting test for Input:svcomp/array-examples/sanfoundry_27_true-unreach-call_ground.i Settings:settings/svcomp2015/svComp-32bit-precise-BE-Impulse.epf Toolchain:toolchains/CodeCheckWithBE-C.xml
2014-11-03_20-50-42-220 Finishing test with UNKNOWN for Input:svcomp/array-examples/sanfoundry_27_true-unreach-call_ground.i Settings:settings/svcomp2015/svComp-32bit-precise-BE-Impulse.epf Toolchain:toolchains/CodeCheckWithBE-C.xml: TIMEOUT(Expected:SAFE): ExpectedResult: SAFE UltimateResult: TIMEOUT   [ShortDescription: Timeout LongDescription: Timout or Toolchain cancelled by user]
2014-11-03_20-50-42-336 ### 5/220 ### Starting test for Input:svcomp/array-examples/sanfoundry_43_true-unreach-call_ground.i Settings:settings/svcomp2015/svComp-32bit-precise-BE-Impulse.epf Toolchain:toolchains/CodeCheckWithBE-C.xml
2014-11-03_20-50-43-201 Finishing test with FAIL for Input:svcomp/array-examples/sanfoundry_43_true-unreach-call_ground.i Settings:settings/svcomp2015/svComp-32bit-precise-BE-Impulse.epf Toolchain:toolchains/CodeCheckWithBE-C.xml: EXCEPTION_OR_ERROR(Expected:SAFE): ExpectedResult: SAFE UltimateResult: EXCEPTION_OR_ERROR   [de.uni_freiburg.informatik.ultimate.boogie.preprocessor: StackOverflowError: null: java.util.Vector$ListItr.<init>(Vector.java:1165)]
2014-11-03_20-50-43-317 ### 6/220 ### Starting test for Input:svcomp/array-examples/sorting_bubblesort_false-unreach-call_ground.i Settings:settings/svcomp2015/svComp-32bit-precise-BE-Impulse.epf Toolchain:toolchains/CodeCheckWithBE-C.xml
2014-11-03_20-51-13-362 Finishing test with UNKNOWN for Input:svcomp/array-examples/sorting_bubblesort_false-unreach-call_ground.i Settings:settings/svcomp2015/svComp-32bit-precise-BE-Impulse.epf Toolchain:toolchains/CodeCheckWithBE-C.xml: TIMEOUT(Expected:UNSAFE): ExpectedResult: UNSAFE UltimateResult: TIMEOUT   [ShortDescription: Timeout LongDescription: Timout or Toolchain cancelled by user]
2014-11-03_20-51-13-478 ### 7/220 ### Starting test for Input:svcomp/array-examples/sorting_selectionsort_false-unreach-call2_ground.i Settings:settings/svcomp2015/svComp-32bit-precise-BE-Impulse.epf Toolchain:toolchains/CodeCheckWithBE-C.xml
2014-11-03_20-51-43-507 Finishing test with UNKNOWN for Input:svcomp/array-examples/sorting_selectionsort_false-unreach-call2_ground.i Settings:settings/svcomp2015/svComp-32bit-precise-BE-Impulse.epf Toolchain:toolchains/CodeCheckWithBE-C.xml: TIMEOUT(Expected:UNSAFE): ExpectedResult: UNSAFE UltimateResult: TIMEOUT   [ShortDescription: Timeout LongDescription: Timout or Toolchain cancelled by user]
2014-11-03_20-51-43-614 ### 8/220 ### Starting test for Input:svcomp/array-examples/standard_allDiff2_false-unreach-call_ground.i Settings:settings/svcomp2015/svComp-32bit-precise-BE-Impulse.epf Toolchain:toolchains/CodeCheckWithBE-C.xml
2014-11-03_20-52-13-647 Finishing test with UNKNOWN for Input:svcomp/array-examples/standard_allDiff2_false-unreach-call_ground.i Settings:settings/svcomp2015/svComp-32bit-precise-BE-Impulse.epf Toolchain:toolchains/CodeCheckWithBE-C.xml: TIMEOUT(Expected:UNSAFE): ExpectedResult: UNSAFE UltimateResult: TIMEOUT   [ShortDescription: Timeout LongDescription: Timout or Toolchain cancelled by user]
2014-11-03_20-52-13-778 ### 9/220 ### Starting test for Input:svcomp/array-examples/standard_copy2_false-unreach-call_ground.i Settings:settings/svcomp2015/svComp-32bit-precise-BE-Impulse.epf Toolchain:toolchains/CodeCheckWithBE-C.xml
2014-11-03_20-52-43-820 Finishing test with UNKNOWN for Input:svcomp/array-examples/standard_copy2_false-unreach-call_ground.i Settings:settings/svcomp2015/svComp-32bit-precise-BE-Impulse.epf Toolchain:toolchains/CodeCheckWithBE-C.xml: TIMEOUT(Expected:UNSAFE): ExpectedResult: UNSAFE UltimateResult: TIMEOUT   [ShortDescription: Timeout LongDescription: Timout or Toolchain cancelled by user]
2014-11-03_20-52-43-924 ### 10/220 ### Starting test for Input:svcomp/array-examples/standard_copy2_true-unreach-call_ground.i Settings:settings/svcomp2015/svComp-32bit-precise-BE-Impulse.epf Toolchain:toolchains/CodeCheckWithBE-C.xml
2014-11-03_20-53-13-961 Finishing test with UNKNOWN for Input:svcomp/array-examples/standard_copy2_true-unreach-call_ground.i Settings:settings/svcomp2015/svComp-32bit-precise-BE-Impulse.epf Toolchain:toolchains/CodeCheckWithBE-C.xml: TIMEOUT(Expected:SAFE): ExpectedResult: SAFE UltimateResult: TIMEOUT   [ShortDescription: Timeout LongDescription: Timout or Toolchain cancelled by user]
2014-11-03_20-53-14-061 ### 11/220 ### Starting test for Input:svcomp/array-examples/standard_copy3_false-unreach-call_ground.i Settings:settings/svcomp2015/svComp-32bit-precise-BE-Impulse.epf Toolchain:toolchains/CodeCheckWithBE-C.xml
2014-11-03_20-53-44-101 Finishing test with UNKNOWN for Input:svcomp/array-examples/standard_copy3_false-unreach-call_ground.i Settings:settings/svcomp2015/svComp-32bit-precise-BE-Impulse.epf Toolchain:toolchains/CodeCheckWithBE-C.xml: TIMEOUT(Expected:UNSAFE): ExpectedResult: UNSAFE UltimateResult: TIMEOUT   [ShortDescription: Timeout LongDescription: Timout or Toolchain cancelled by user]
2014-11-03_20-53-44-202 ### 12/220 ### Starting test for Input:svcomp/array-examples/standard_copy5_false-unreach-call_ground.i Settings:settings/svcomp2015/svComp-32bit-precise-BE-Impulse.epf Toolchain:toolchains/CodeCheckWithBE-C.xml
2014-11-03_20-54-14-230 Finishing test with UNKNOWN for Input:svcomp/array-examples/standard_copy5_false-unreach-call_ground.i Settings:settings/svcomp2015/svComp-32bit-precise-BE-Impulse.epf Toolchain:toolchains/CodeCheckWithBE-C.xml: TIMEOUT(Expected:UNSAFE): ExpectedResult: UNSAFE UltimateResult: TIMEOUT   [ShortDescription: Timeout LongDescription: Timout or Toolchain cancelled by user]
2014-11-03_20-54-14-331 ### 13/220 ### Starting test for Input:svcomp/array-examples/standard_copy7_false-unreach-call_ground.i Settings:settings/svcomp2015/svComp-32bit-precise-BE-Impulse.epf Toolchain:toolchains/CodeCheckWithBE-C.xml
2014-11-03_20-54-44-368 Finishing test with UNKNOWN for Input:svcomp/array-examples/standard_copy7_false-unreach-call_ground.i Settings:settings/svcomp2015/svComp-32bit-precise-BE-Impulse.epf Toolchain:toolchains/CodeCheckWithBE-C.xml: TIMEOUT(Expected:UNSAFE): ExpectedResult: UNSAFE UltimateResult: TIMEOUT   [ShortDescription: Timeout LongDescription: Timout or Toolchain cancelled by user]
2014-11-03_20-54-44-473 ### 14/220 ### Starting test for Input:svcomp/array-examples/standard_copy8_true-unreach-call_ground.i Settings:settings/svcomp2015/svComp-32bit-precise-BE-Impulse.epf Toolchain:toolchains/CodeCheckWithBE-C.xml
2014-11-03_20-55-14-569 Finishing test with UNKNOWN for Input:svcomp/array-examples/standard_copy8_true-unreach-call_ground.i Settings:settings/svcomp2015/svComp-32bit-precise-BE-Impulse.epf Toolchain:toolchains/CodeCheckWithBE-C.xml: TIMEOUT(Expected:SAFE): ExpectedResult: SAFE UltimateResult: TIMEOUT   [ShortDescription: Timeout LongDescription: Timout or Toolchain cancelled by user]
2014-11-03_20-55-14-681 ### 15/220 ### Starting test for Input:svcomp/array-examples/standard_copyInitSum2_true-unreach-call_ground.i Settings:settings/svcomp2015/svComp-32bit-precise-BE-Impulse.epf Toolchain:toolchains/CodeCheckWithBE-C.xml
2014-11-03_20-55-44-719 Finishing test with UNKNOWN for Input:svcomp/array-examples/standard_copyInitSum2_true-unreach-call_ground.i Settings:settings/svcomp2015/svComp-32bit-precise-BE-Impulse.epf Toolchain:toolchains/CodeCheckWithBE-C.xml: TIMEOUT(Expected:SAFE): ExpectedResult: SAFE UltimateResult: TIMEOUT   [ShortDescription: Timeout LongDescription: Timout or Toolchain cancelled by user]
2014-11-03_20-55-44-828 ### 16/220 ### Starting test for Input:svcomp/array-examples/standard_init1_false-unreach-call_ground.i Settings:settings/svcomp2015/svComp-32bit-precise-BE-Impulse.epf Toolchain:toolchains/CodeCheckWithBE-C.xml
2014-11-03_20-56-14-867 Finishing test with UNKNOWN for Input:svcomp/array-examples/standard_init1_false-unreach-call_ground.i Settings:settings/svcomp2015/svComp-32bit-precise-BE-Impulse.epf Toolchain:toolchains/CodeCheckWithBE-C.xml: TIMEOUT(Expected:UNSAFE): ExpectedResult: UNSAFE UltimateResult: TIMEOUT   [ShortDescription: Timeout LongDescription: Timout or Toolchain cancelled by user]
2014-11-03_20-56-14-970 ### 17/220 ### Starting test for Input:svcomp/array-examples/standard_init5_false-unreach-call_ground.i Settings:settings/svcomp2015/svComp-32bit-precise-BE-Impulse.epf Toolchain:toolchains/CodeCheckWithBE-C.xml
2014-11-03_20-56-44-997 Finishing test with UNKNOWN for Input:svcomp/array-examples/standard_init5_false-unreach-call_ground.i Settings:settings/svcomp2015/svComp-32bit-precise-BE-Impulse.epf Toolchain:toolchains/CodeCheckWithBE-C.xml: TIMEOUT(Expected:UNSAFE): ExpectedResult: UNSAFE UltimateResult: TIMEOUT   [ShortDescription: Timeout LongDescription: Timout or Toolchain cancelled by user]
2014-11-03_20-56-45-097 ### 18/220 ### Starting test for Input:svcomp/array-examples/standard_init6_false-unreach-call_ground.i Settings:settings/svcomp2015/svComp-32bit-precise-BE-Impulse.epf Toolchain:toolchains/CodeCheckWithBE-C.xml
2014-11-03_20-57-15-152 Finishing test with UNKNOWN for Input:svcomp/array-examples/standard_init6_false-unreach-call_ground.i Settings:settings/svcomp2015/svComp-32bit-precise-BE-Impulse.epf Toolchain:toolchains/CodeCheckWithBE-C.xml: TIMEOUT(Expected:UNSAFE): ExpectedResult: UNSAFE UltimateResult: TIMEOUT   [ShortDescription: Timeout LongDescription: Unable to prove that call of __VERIFIER_error() unreachable (line 2)]
2014-11-03_20-57-15-256 ### 19/220 ### Starting test for Input:svcomp/array-examples/standard_init6_true-unreach-call_ground.i Settings:settings/svcomp2015/svComp-32bit-precise-BE-Impulse.epf Toolchain:toolchains/CodeCheckWithBE-C.xml
2014-11-03_20-57-45-284 Finishing test with UNKNOWN for Input:svcomp/array-examples/standard_init6_true-unreach-call_ground.i Settings:settings/svcomp2015/svComp-32bit-precise-BE-Impulse.epf Toolchain:toolchains/CodeCheckWithBE-C.xml: TIMEOUT(Expected:SAFE): ExpectedResult: SAFE UltimateResult: TIMEOUT   [ShortDescription: Timeout LongDescription: Timout or Toolchain cancelled by user]
2014-11-03_20-57-45-395 ### 20/220 ### Starting test for Input:svcomp/array-examples/standard_palindrome_true-unreach-call_ground.i Settings:settings/svcomp2015/svComp-32bit-precise-BE-Impulse.epf Toolchain:toolchains/CodeCheckWithBE-C.xml
2014-11-03_20-58-15-446 Finishing test with UNKNOWN for Input:svcomp/array-examples/standard_palindrome_true-unreach-call_ground.i Settings:settings/svcomp2015/svComp-32bit-precise-BE-Impulse.epf Toolchain:toolchains/CodeCheckWithBE-C.xml: TIMEOUT(Expected:SAFE): ExpectedResult: SAFE UltimateResult: TIMEOUT   [ShortDescription: Timeout LongDescription: Timout or Toolchain cancelled by user]
2014-11-03_20-58-15-540 ### 21/220 ### Starting test for Input:svcomp/array-examples/standard_partition_false-unreach-call_ground.i Settings:settings/svcomp2015/svComp-32bit-precise-BE-Impulse.epf Toolchain:toolchains/CodeCheckWithBE-C.xml
2014-11-03_20-58-45-585 Finishing test with UNKNOWN for Input:svcomp/array-examples/standard_partition_false-unreach-call_ground.i Settings:settings/svcomp2015/svComp-32bit-precise-BE-Impulse.epf Toolchain:toolchains/CodeCheckWithBE-C.xml: TIMEOUT(Expected:UNSAFE): ExpectedResult: UNSAFE UltimateResult: TIMEOUT   [ShortDescription: Timeout LongDescription: Timout or Toolchain cancelled by user]
2014-11-03_20-58-45-715 ### 22/220 ### Starting test for Input:svcomp/array-examples/standard_partition_original_true-unreach-call_ground.i Settings:settings/svcomp2015/svComp-32bit-precise-BE-Impulse.epf Toolchain:toolchains/CodeCheckWithBE-C.xml
2014-11-03_20-59-15-743 Finishing test with UNKNOWN for Input:svcomp/array-examples/standard_partition_original_true-unreach-call_ground.i Settings:settings/svcomp2015/svComp-32bit-precise-BE-Impulse.epf Toolchain:toolchains/CodeCheckWithBE-C.xml: TIMEOUT(Expected:SAFE): ExpectedResult: SAFE UltimateResult: TIMEOUT   [ShortDescription: Timeout LongDescription: Timout or Toolchain cancelled by user]
2014-11-03_20-59-15-865 ### 23/220 ### Starting test for Input:svcomp/array-examples/standard_two_index_05_true-unreach-call.i Settings:settings/svcomp2015/svComp-32bit-precise-BE-Impulse.epf Toolchain:toolchains/CodeCheckWithBE-C.xml
2014-11-03_20-59-45-904 Finishing test with UNKNOWN for Input:svcomp/array-examples/standard_two_index_05_true-unreach-call.i Settings:settings/svcomp2015/svComp-32bit-precise-BE-Impulse.epf Toolchain:toolchains/CodeCheckWithBE-C.xml: TIMEOUT(Expected:SAFE): ExpectedResult: SAFE UltimateResult: TIMEOUT   [ShortDescription: Timeout LongDescription: Timout or Toolchain cancelled by user]
2014-11-03_20-59-46-002 ### 24/220 ### Starting test for Input:svcomp/array-examples/standard_two_index_06_true-unreach-call.i Settings:settings/svcomp2015/svComp-32bit-precise-BE-Impulse.epf Toolchain:toolchains/CodeCheckWithBE-C.xml
2014-11-03_21-00-16-037 Finishing test with UNKNOWN for Input:svcomp/array-examples/standard_two_index_06_true-unreach-call.i Settings:settings/svcomp2015/svComp-32bit-precise-BE-Impulse.epf Toolchain:toolchains/CodeCheckWithBE-C.xml: TIMEOUT(Expected:SAFE): ExpectedResult: SAFE UltimateResult: TIMEOUT   [ShortDescription: Timeout LongDescription: Timout or Toolchain cancelled by user]
2014-11-03_21-00-16-139 ### 25/220 ### Starting test for Input:svcomp/bitvector-regression/implicitunsignedconversion_true-unreach-call.i Settings:settings/svcomp2015/svComp-32bit-precise-BE-Impulse.epf Toolchain:toolchains/CodeCheckWithBE-C.xml
2014-11-03_21-00-16-197 Finishing test with SUCCESS for Input:svcomp/bitvector-regression/implicitunsignedconversion_true-unreach-call.i Settings:settings/svcomp2015/svComp-32bit-precise-BE-Impulse.epf Toolchain:toolchains/CodeCheckWithBE-C.xml: SAFE(Expected:SAFE): ExpectedResult: SAFE UltimateResult: SAFE   [ShortDescription: All specifications hold LongDescription: 1 specifications checked. All of them hold]
2014-11-03_21-00-16-278 ### 26/220 ### Starting test for Input:svcomp/bitvector-regression/integerpromotion_true-unreach-call.i Settings:settings/svcomp2015/svComp-32bit-precise-BE-Impulse.epf Toolchain:toolchains/CodeCheckWithBE-C.xml
2014-11-03_21-00-16-471 Finishing test with FAIL for Input:svcomp/bitvector-regression/integerpromotion_true-unreach-call.i Settings:settings/svcomp2015/svComp-32bit-precise-BE-Impulse.epf Toolchain:toolchains/CodeCheckWithBE-C.xml: UNSAFE(Expected:SAFE): ExpectedResult: SAFE UltimateResult: UNSAFE   a call of __VERIFIER_error() is reachable 
2014-11-03_21-00-16-586 ### 27/220 ### Starting test for Input:svcomp/bitvector-regression/pointer_extension2_false-unreach-call.i Settings:settings/svcomp2015/svComp-32bit-precise-BE-Impulse.epf Toolchain:toolchains/CodeCheckWithBE-C.xml
2014-11-03_21-00-16-692 Finishing test with FAIL for Input:svcomp/bitvector-regression/pointer_extension2_false-unreach-call.i Settings:settings/svcomp2015/svComp-32bit-precise-BE-Impulse.epf Toolchain:toolchains/CodeCheckWithBE-C.xml: SAFE(Expected:UNSAFE): ExpectedResult: UNSAFE UltimateResult: SAFE   [ShortDescription: All specifications hold LongDescription: 1 specifications checked. All of them hold]
2014-11-03_21-00-16-780 ### 28/220 ### Starting test for Input:svcomp/bitvector-regression/pointer_extension3_false-unreach-call.i Settings:settings/svcomp2015/svComp-32bit-precise-BE-Impulse.epf Toolchain:toolchains/CodeCheckWithBE-C.xml
2014-11-03_21-00-16-905 Finishing test with SUCCESS for Input:svcomp/bitvector-regression/pointer_extension3_false-unreach-call.i Settings:settings/svcomp2015/svComp-32bit-precise-BE-Impulse.epf Toolchain:toolchains/CodeCheckWithBE-C.xml: UNSAFE(Expected:UNSAFE): ExpectedResult: UNSAFE UltimateResult: UNSAFE   a call of __VERIFIER_error() is reachable 
2014-11-03_21-00-16-998 ### 29/220 ### Starting test for Input:svcomp/bitvector-regression/pointer_extension_false-unreach-call.i Settings:settings/svcomp2015/svComp-32bit-precise-BE-Impulse.epf Toolchain:toolchains/CodeCheckWithBE-C.xml
2014-11-03_21-00-17-130 Finishing test with SUCCESS for Input:svcomp/bitvector-regression/pointer_extension_false-unreach-call.i Settings:settings/svcomp2015/svComp-32bit-precise-BE-Impulse.epf Toolchain:toolchains/CodeCheckWithBE-C.xml: UNSAFE(Expected:UNSAFE): ExpectedResult: UNSAFE UltimateResult: UNSAFE   a call of __VERIFIER_error() is reachable 
2014-11-03_21-00-17-218 ### 30/220 ### Starting test for Input:svcomp/bitvector-regression/signextension2_false-unreach-call.i Settings:settings/svcomp2015/svComp-32bit-precise-BE-Impulse.epf Toolchain:toolchains/CodeCheckWithBE-C.xml
2014-11-03_21-00-17-302 Finishing test with SUCCESS for Input:svcomp/bitvector-regression/signextension2_false-unreach-call.i Settings:settings/svcomp2015/svComp-32bit-precise-BE-Impulse.epf Toolchain:toolchains/CodeCheckWithBE-C.xml: UNSAFE(Expected:UNSAFE): ExpectedResult: UNSAFE UltimateResult: UNSAFE   a call of __VERIFIER_error() is reachable 
2014-11-03_21-00-17-388 ### 31/220 ### Starting test for Input:svcomp/bitvector-regression/signextension2_true-unreach-call.i Settings:settings/svcomp2015/svComp-32bit-precise-BE-Impulse.epf Toolchain:toolchains/CodeCheckWithBE-C.xml
2014-11-03_21-00-17-465 Finishing test with SUCCESS for Input:svcomp/bitvector-regression/signextension2_true-unreach-call.i Settings:settings/svcomp2015/svComp-32bit-precise-BE-Impulse.epf Toolchain:toolchains/CodeCheckWithBE-C.xml: SAFE(Expected:SAFE): ExpectedResult: SAFE UltimateResult: SAFE   [ShortDescription: All specifications hold LongDescription: 1 specifications checked. All of them hold]
2014-11-03_21-00-17-558 ### 32/220 ### Starting test for Input:svcomp/bitvector-regression/signextension_true-unreach-call.i Settings:settings/svcomp2015/svComp-32bit-precise-BE-Impulse.epf Toolchain:toolchains/CodeCheckWithBE-C.xml
2014-11-03_21-00-17-659 Finishing test with FAIL for Input:svcomp/bitvector-regression/signextension_true-unreach-call.i Settings:settings/svcomp2015/svComp-32bit-precise-BE-Impulse.epf Toolchain:toolchains/CodeCheckWithBE-C.xml: UNSAFE(Expected:SAFE): ExpectedResult: SAFE UltimateResult: UNSAFE   a call of __VERIFIER_error() is reachable 
2014-11-03_21-00-17-741 ### 33/220 ### Starting test for Input:svcomp/bitvector/byte_add_false-unreach-call.i Settings:settings/svcomp2015/svComp-32bit-precise-BE-Impulse.epf Toolchain:toolchains/CodeCheckWithBE-C.xml
2014-11-03_21-00-18-950 Finishing test with SUCCESS for Input:svcomp/bitvector/byte_add_false-unreach-call.i Settings:settings/svcomp2015/svComp-32bit-precise-BE-Impulse.epf Toolchain:toolchains/CodeCheckWithBE-C.xml: UNSAFE(Expected:UNSAFE): ExpectedResult: UNSAFE UltimateResult: UNSAFE   a call of __VERIFIER_error() is reachable 
2014-11-03_21-00-19-082 ### 34/220 ### Starting test for Input:svcomp/bitvector/jain_1_true-unreach-call.i Settings:settings/svcomp2015/svComp-32bit-precise-BE-Impulse.epf Toolchain:toolchains/CodeCheckWithBE-C.xml
2014-11-03_21-00-19-825 Finishing test with SUCCESS for Input:svcomp/bitvector/jain_1_true-unreach-call.i Settings:settings/svcomp2015/svComp-32bit-precise-BE-Impulse.epf Toolchain:toolchains/CodeCheckWithBE-C.xml: SAFE(Expected:SAFE): ExpectedResult: SAFE UltimateResult: SAFE   [ShortDescription: All specifications hold LongDescription: 1 specifications checked. All of them hold]
2014-11-03_21-00-19-914 ### 35/220 ### Starting test for Input:svcomp/bitvector/jain_5_true-unreach-call.i Settings:settings/svcomp2015/svComp-32bit-precise-BE-Impulse.epf Toolchain:toolchains/CodeCheckWithBE-C.xml
2014-11-03_21-00-20-815 Finishing test with SUCCESS for Input:svcomp/bitvector/jain_5_true-unreach-call.i Settings:settings/svcomp2015/svComp-32bit-precise-BE-Impulse.epf Toolchain:toolchains/CodeCheckWithBE-C.xml: SAFE(Expected:SAFE): ExpectedResult: SAFE UltimateResult: SAFE   [ShortDescription: All specifications hold LongDescription: 1 specifications checked. All of them hold]
2014-11-03_21-00-20-907 ### 36/220 ### Starting test for Input:svcomp/bitvector/jain_6_true-unreach-call.i Settings:settings/svcomp2015/svComp-32bit-precise-BE-Impulse.epf Toolchain:toolchains/CodeCheckWithBE-C.xml
2014-11-03_21-00-53-839 Finishing test with UNKNOWN for Input:svcomp/bitvector/jain_6_true-unreach-call.i Settings:settings/svcomp2015/svComp-32bit-precise-BE-Impulse.epf Toolchain:toolchains/CodeCheckWithBE-C.xml: TIMEOUT(Expected:SAFE): ExpectedResult: SAFE UltimateResult: TIMEOUT   [ShortDescription: Timeout LongDescription: Timout or Toolchain cancelled by user]
2014-11-03_21-00-53-997 ### 37/220 ### Starting test for Input:svcomp/bitvector/num_conversion_2_true-unreach-call.i Settings:settings/svcomp2015/svComp-32bit-precise-BE-Impulse.epf Toolchain:toolchains/CodeCheckWithBE-C.xml
2014-11-03_21-00-54-471 Finishing test with FAIL for Input:svcomp/bitvector/num_conversion_2_true-unreach-call.i Settings:settings/svcomp2015/svComp-32bit-precise-BE-Impulse.epf Toolchain:toolchains/CodeCheckWithBE-C.xml: UNSAFE(Expected:SAFE): ExpectedResult: SAFE UltimateResult: UNSAFE   a call of __VERIFIER_error() is reachable 
2014-11-03_21-00-54-564 ### 38/220 ### Starting test for Input:svcomp/bitvector/s3_clnt_1_false-unreach-call.BV.c.cil.c Settings:settings/svcomp2015/svComp-32bit-precise-BE-Impulse.epf Toolchain:toolchains/CodeCheckWithBE-C.xml
2014-11-03_21-00-54-699 Finishing test with FAIL for Input:svcomp/bitvector/s3_clnt_1_false-unreach-call.BV.c.cil.c Settings:settings/svcomp2015/svComp-32bit-precise-BE-Impulse.epf Toolchain:toolchains/CodeCheckWithBE-C.xml: EXCEPTION_OR_ERROR(Expected:UNSAFE): ExpectedResult: UNSAFE UltimateResult: EXCEPTION_OR_ERROR   [de.uni_freiburg.informatik.ultimate.plugins.generator.rcfgbuilder: SMTLIBException: line 1009 column 581: logic does not support nonlinear arithmetic: de.uni_freiburg.informatik.ultimate.smtsolver.external.Parser$Action$.CUP$do_action(Parser.java:1338)]
2014-11-03_21-00-54-792 ### 39/220 ### Starting test for Input:svcomp/bitvector/s3_clnt_2_false-unreach-call.BV.c.cil.c Settings:settings/svcomp2015/svComp-32bit-precise-BE-Impulse.epf Toolchain:toolchains/CodeCheckWithBE-C.xml
2014-11-03_21-01-25-018 Finishing test with UNKNOWN for Input:svcomp/bitvector/s3_clnt_2_false-unreach-call.BV.c.cil.c Settings:settings/svcomp2015/svComp-32bit-precise-BE-Impulse.epf Toolchain:toolchains/CodeCheckWithBE-C.xml: TIMEOUT(Expected:UNSAFE): ExpectedResult: UNSAFE UltimateResult: TIMEOUT   [ShortDescription: Timeout LongDescription: Unable to prove that call of __VERIFIER_error() unreachable (line 606)]
2014-11-03_21-01-25-189 ### 40/220 ### Starting test for Input:svcomp/bitvector/s3_clnt_3_false-unreach-call.BV.c.cil.c Settings:settings/svcomp2015/svComp-32bit-precise-BE-Impulse.epf Toolchain:toolchains/CodeCheckWithBE-C.xml
2014-11-03_21-01-26-765 Finishing test with SUCCESS for Input:svcomp/bitvector/s3_clnt_3_false-unreach-call.BV.c.cil.c Settings:settings/svcomp2015/svComp-32bit-precise-BE-Impulse.epf Toolchain:toolchains/CodeCheckWithBE-C.xml: UNSAFE(Expected:UNSAFE): ExpectedResult: UNSAFE UltimateResult: UNSAFE   a call of __VERIFIER_error() is reachable 
2014-11-03_21-01-26-876 ### 41/220 ### Starting test for Input:svcomp/bitvector/s3_srvr_1_true-unreach-call.BV.c.cil.c Settings:settings/svcomp2015/svComp-32bit-precise-BE-Impulse.epf Toolchain:toolchains/CodeCheckWithBE-C.xml
2014-11-03_21-01-56-899 Finishing test with UNKNOWN for Input:svcomp/bitvector/s3_srvr_1_true-unreach-call.BV.c.cil.c Settings:settings/svcomp2015/svComp-32bit-precise-BE-Impulse.epf Toolchain:toolchains/CodeCheckWithBE-C.xml: TIMEOUT(Expected:SAFE): ExpectedResult: SAFE UltimateResult: TIMEOUT   [ShortDescription: Timeout LongDescription: Timout or Toolchain cancelled by user]
2014-11-03_21-01-57-045 ### 42/220 ### Starting test for Input:svcomp/bitvector/s3_srvr_2_true-unreach-call.BV.c.cil.c Settings:settings/svcomp2015/svComp-32bit-precise-BE-Impulse.epf Toolchain:toolchains/CodeCheckWithBE-C.xml
2014-11-03_21-02-27-081 Finishing test with UNKNOWN for Input:svcomp/bitvector/s3_srvr_2_true-unreach-call.BV.c.cil.c Settings:settings/svcomp2015/svComp-32bit-precise-BE-Impulse.epf Toolchain:toolchains/CodeCheckWithBE-C.xml: TIMEOUT(Expected:SAFE): ExpectedResult: SAFE UltimateResult: TIMEOUT   [ShortDescription: Timeout LongDescription: Unable to prove that call of __VERIFIER_error() unreachable (line 669)]
2014-11-03_21-02-27-223 ### 43/220 ### Starting test for Input:svcomp/bitvector/soft_float_1_true-unreach-call.c.cil.c Settings:settings/svcomp2015/svComp-32bit-precise-BE-Impulse.epf Toolchain:toolchains/CodeCheckWithBE-C.xml
2014-11-03_21-02-28-308 Finishing test with FAIL for Input:svcomp/bitvector/soft_float_1_true-unreach-call.c.cil.c Settings:settings/svcomp2015/svComp-32bit-precise-BE-Impulse.epf Toolchain:toolchains/CodeCheckWithBE-C.xml: UNSAFE(Expected:SAFE): ExpectedResult: SAFE UltimateResult: UNSAFE   a call of __VERIFIER_error() is reachable 
2014-11-03_21-02-28-418 ### 44/220 ### Starting test for Input:svcomp/bitvector/soft_float_4_true-unreach-call.c.cil.c Settings:settings/svcomp2015/svComp-32bit-precise-BE-Impulse.epf Toolchain:toolchains/CodeCheckWithBE-C.xml
2014-11-03_21-02-29-386 Finishing test with FAIL for Input:svcomp/bitvector/soft_float_4_true-unreach-call.c.cil.c Settings:settings/svcomp2015/svComp-32bit-precise-BE-Impulse.epf Toolchain:toolchains/CodeCheckWithBE-C.xml: UNSAFE(Expected:SAFE): ExpectedResult: SAFE UltimateResult: UNSAFE   a call of __VERIFIER_error() is reachable 
2014-11-03_21-02-29-487 ### 45/220 ### Starting test for Input:svcomp/locks/test_locks_12_true-unreach-call_false-termination.c Settings:settings/svcomp2015/svComp-32bit-precise-BE-Impulse.epf Toolchain:toolchains/CodeCheckWithBE-C.xml
2014-11-03_21-02-30-235 Finishing test with SUCCESS for Input:svcomp/locks/test_locks_12_true-unreach-call_false-termination.c Settings:settings/svcomp2015/svComp-32bit-precise-BE-Impulse.epf Toolchain:toolchains/CodeCheckWithBE-C.xml: SAFE(Expected:SAFE): ExpectedResult: SAFE UltimateResult: SAFE   [ShortDescription: All specifications hold LongDescription: 1 specifications checked. All of them hold]
2014-11-03_21-02-30-346 ### 46/220 ### Starting test for Input:svcomp/locks/test_locks_13_true-unreach-call.c Settings:settings/svcomp2015/svComp-32bit-precise-BE-Impulse.epf Toolchain:toolchains/CodeCheckWithBE-C.xml
2014-11-03_21-02-31-214 Finishing test with SUCCESS for Input:svcomp/locks/test_locks_13_true-unreach-call.c Settings:settings/svcomp2015/svComp-32bit-precise-BE-Impulse.epf Toolchain:toolchains/CodeCheckWithBE-C.xml: SAFE(Expected:SAFE): ExpectedResult: SAFE UltimateResult: SAFE   [ShortDescription: All specifications hold LongDescription: 1 specifications checked. All of them hold]
2014-11-03_21-02-31-322 ### 47/220 ### Starting test for Input:svcomp/locks/test_locks_14_false-unreach-call.c Settings:settings/svcomp2015/svComp-32bit-precise-BE-Impulse.epf Toolchain:toolchains/CodeCheckWithBE-C.xml
2014-11-03_21-02-32-208 Finishing test with SUCCESS for Input:svcomp/locks/test_locks_14_false-unreach-call.c Settings:settings/svcomp2015/svComp-32bit-precise-BE-Impulse.epf Toolchain:toolchains/CodeCheckWithBE-C.xml: UNSAFE(Expected:UNSAFE): ExpectedResult: UNSAFE UltimateResult: UNSAFE   a call of __VERIFIER_error() is reachable 
2014-11-03_21-02-32-316 ### 48/220 ### Starting test for Input:svcomp/locks/test_locks_14_true-unreach-call.c Settings:settings/svcomp2015/svComp-32bit-precise-BE-Impulse.epf Toolchain:toolchains/CodeCheckWithBE-C.xml
2014-11-03_21-02-33-290 Finishing test with SUCCESS for Input:svcomp/locks/test_locks_14_true-unreach-call.c Settings:settings/svcomp2015/svComp-32bit-precise-BE-Impulse.epf Toolchain:toolchains/CodeCheckWithBE-C.xml: SAFE(Expected:SAFE): ExpectedResult: SAFE UltimateResult: SAFE   [ShortDescription: All specifications hold LongDescription: 1 specifications checked. All of them hold]
2014-11-03_21-02-33-401 ### 49/220 ### Starting test for Input:svcomp/locks/test_locks_15_false-unreach-call.c Settings:settings/svcomp2015/svComp-32bit-precise-BE-Impulse.epf Toolchain:toolchains/CodeCheckWithBE-C.xml
2014-11-03_21-02-34-421 Finishing test with SUCCESS for Input:svcomp/locks/test_locks_15_false-unreach-call.c Settings:settings/svcomp2015/svComp-32bit-precise-BE-Impulse.epf Toolchain:toolchains/CodeCheckWithBE-C.xml: UNSAFE(Expected:UNSAFE): ExpectedResult: UNSAFE UltimateResult: UNSAFE   a call of __VERIFIER_error() is reachable 
2014-11-03_21-02-34-542 ### 50/220 ### Starting test for Input:svcomp/locks/test_locks_9_true-unreach-call.c Settings:settings/svcomp2015/svComp-32bit-precise-BE-Impulse.epf Toolchain:toolchains/CodeCheckWithBE-C.xml
2014-11-03_21-02-35-052 Finishing test with SUCCESS for Input:svcomp/locks/test_locks_9_true-unreach-call.c Settings:settings/svcomp2015/svComp-32bit-precise-BE-Impulse.epf Toolchain:toolchains/CodeCheckWithBE-C.xml: SAFE(Expected:SAFE): ExpectedResult: SAFE UltimateResult: SAFE   [ShortDescription: All specifications hold LongDescription: 1 specifications checked. All of them hold]
2014-11-03_21-02-35-164 ### 51/220 ### Starting test for Input:svcomp/ntdrivers-simplified/cdaudio_simpl1_false-unreach-call_true-termination.cil.c Settings:settings/svcomp2015/svComp-32bit-precise-BE-Impulse.epf Toolchain:toolchains/CodeCheckWithBE-C.xml
2014-11-03_21-03-05-235 Finishing test with UNKNOWN for Input:svcomp/ntdrivers-simplified/cdaudio_simpl1_false-unreach-call_true-termination.cil.c Settings:settings/svcomp2015/svComp-32bit-precise-BE-Impulse.epf Toolchain:toolchains/CodeCheckWithBE-C.xml: TIMEOUT(Expected:UNSAFE): ExpectedResult: UNSAFE UltimateResult: TIMEOUT   [ShortDescription: Timeout LongDescription: Unable to prove that call of __VERIFIER_error() unreachable (line 36)]
2014-11-03_21-03-05-403 ### 52/220 ### Starting test for Input:svcomp/ntdrivers-simplified/cdaudio_simpl1_true-unreach-call_true-termination.cil.c Settings:settings/svcomp2015/svComp-32bit-precise-BE-Impulse.epf Toolchain:toolchains/CodeCheckWithBE-C.xml
2014-11-03_21-03-35-544 Finishing test with UNKNOWN for Input:svcomp/ntdrivers-simplified/cdaudio_simpl1_true-unreach-call_true-termination.cil.c Settings:settings/svcomp2015/svComp-32bit-precise-BE-Impulse.epf Toolchain:toolchains/CodeCheckWithBE-C.xml: TIMEOUT(Expected:SAFE): ExpectedResult: SAFE UltimateResult: TIMEOUT   [ShortDescription: Timeout LongDescription: Unable to prove that call of __VERIFIER_error() unreachable (line 36)]
2014-11-03_21-03-35-718 ### 53/220 ### Starting test for Input:svcomp/ntdrivers-simplified/diskperf_simpl1_true-unreach-call_true-termination.cil.c Settings:settings/svcomp2015/svComp-32bit-precise-BE-Impulse.epf Toolchain:toolchains/CodeCheckWithBE-C.xml
2014-11-03_21-04-05-877 Finishing test with UNKNOWN for Input:svcomp/ntdrivers-simplified/diskperf_simpl1_true-unreach-call_true-termination.cil.c Settings:settings/svcomp2015/svComp-32bit-precise-BE-Impulse.epf Toolchain:toolchains/CodeCheckWithBE-C.xml: TIMEOUT(Expected:SAFE): ExpectedResult: SAFE UltimateResult: TIMEOUT   [ShortDescription: Timeout LongDescription: Unable to prove that call of __VERIFIER_error() unreachable (line 34)]
2014-11-03_21-04-06-001 ### 54/220 ### Starting test for Input:svcomp/ntdrivers-simplified/floppy_simpl3_false-unreach-call_true-termination.cil.c Settings:settings/svcomp2015/svComp-32bit-precise-BE-Impulse.epf Toolchain:toolchains/CodeCheckWithBE-C.xml
2014-11-03_21-04-36-529 Finishing test with UNKNOWN for Input:svcomp/ntdrivers-simplified/floppy_simpl3_false-unreach-call_true-termination.cil.c Settings:settings/svcomp2015/svComp-32bit-precise-BE-Impulse.epf Toolchain:toolchains/CodeCheckWithBE-C.xml: TIMEOUT(Expected:UNSAFE): ExpectedResult: UNSAFE UltimateResult: TIMEOUT   [ShortDescription: Timeout LongDescription: Unable to prove that call of __VERIFIER_error() unreachable (line 38)]
2014-11-03_21-04-36-663 ### 55/220 ### Starting test for Input:svcomp/ntdrivers-simplified/floppy_simpl4_false-unreach-call_true-termination.cil.c Settings:settings/svcomp2015/svComp-32bit-precise-BE-Impulse.epf Toolchain:toolchains/CodeCheckWithBE-C.xml
2014-11-03_21-05-07-683 Finishing test with UNKNOWN for Input:svcomp/ntdrivers-simplified/floppy_simpl4_false-unreach-call_true-termination.cil.c Settings:settings/svcomp2015/svComp-32bit-precise-BE-Impulse.epf Toolchain:toolchains/CodeCheckWithBE-C.xml: TIMEOUT(Expected:UNSAFE): ExpectedResult: UNSAFE UltimateResult: TIMEOUT   [ShortDescription: Timeout LongDescription: Unable to prove that call of __VERIFIER_error() unreachable (line 2163)]
2014-11-03_21-05-07-824 ### 56/220 ### Starting test for Input:svcomp/ntdrivers-simplified/kbfiltr_simpl1_true-unreach-call_true-termination.cil.c Settings:settings/svcomp2015/svComp-32bit-precise-BE-Impulse.epf Toolchain:toolchains/CodeCheckWithBE-C.xml
2014-11-03_21-05-34-018 Finishing test with SUCCESS for Input:svcomp/ntdrivers-simplified/kbfiltr_simpl1_true-unreach-call_true-termination.cil.c Settings:settings/svcomp2015/svComp-32bit-precise-BE-Impulse.epf Toolchain:toolchains/CodeCheckWithBE-C.xml: SAFE(Expected:SAFE): ExpectedResult: SAFE UltimateResult: SAFE   [ShortDescription: All specifications hold LongDescription: 1 specifications checked. All of them hold]
2014-11-03_21-05-34-132 ### 57/220 ### Starting test for Input:svcomp/ntdrivers-simplified/kbfiltr_simpl2_false-unreach-call_true-termination.cil.c Settings:settings/svcomp2015/svComp-32bit-precise-BE-Impulse.epf Toolchain:toolchains/CodeCheckWithBE-C.xml
2014-11-03_21-06-05-511 Finishing test with UNKNOWN for Input:svcomp/ntdrivers-simplified/kbfiltr_simpl2_false-unreach-call_true-termination.cil.c Settings:settings/svcomp2015/svComp-32bit-precise-BE-Impulse.epf Toolchain:toolchains/CodeCheckWithBE-C.xml: TIMEOUT(Expected:UNSAFE): ExpectedResult: UNSAFE UltimateResult: TIMEOUT   [ShortDescription: Timeout LongDescription: Unable to prove that call of __VERIFIER_error() unreachable (line 1327)]
2014-11-03_21-06-05-646 ### 58/220 ### Starting test for Input:svcomp/ntdrivers-simplified/kbfiltr_simpl2_true-unreach-call_true-termination.cil.c Settings:settings/svcomp2015/svComp-32bit-precise-BE-Impulse.epf Toolchain:toolchains/CodeCheckWithBE-C.xml
2014-11-03_21-06-36-856 Finishing test with UNKNOWN for Input:svcomp/ntdrivers-simplified/kbfiltr_simpl2_true-unreach-call_true-termination.cil.c Settings:settings/svcomp2015/svComp-32bit-precise-BE-Impulse.epf Toolchain:toolchains/CodeCheckWithBE-C.xml: TIMEOUT(Expected:SAFE): ExpectedResult: SAFE UltimateResult: TIMEOUT   [ShortDescription: Timeout LongDescription: Unable to prove that call of __VERIFIER_error() unreachable (line 1325)]
2014-11-03_21-06-36-989 ### 59/220 ### Starting test for Input:svcomp/ssh-simplified/s3_clnt_1_false-unreach-call.cil.c Settings:settings/svcomp2015/svComp-32bit-precise-BE-Impulse.epf Toolchain:toolchains/CodeCheckWithBE-C.xml
2014-11-03_21-06-44-369 Finishing test with SUCCESS for Input:svcomp/ssh-simplified/s3_clnt_1_false-unreach-call.cil.c Settings:settings/svcomp2015/svComp-32bit-precise-BE-Impulse.epf Toolchain:toolchains/CodeCheckWithBE-C.xml: UNSAFE(Expected:UNSAFE): ExpectedResult: UNSAFE UltimateResult: UNSAFE   a call of __VERIFIER_error() is reachable 
2014-11-03_21-06-44-508 ### 60/220 ### Starting test for Input:svcomp/ssh-simplified/s3_clnt_4_false-unreach-call.cil.c Settings:settings/svcomp2015/svComp-32bit-precise-BE-Impulse.epf Toolchain:toolchains/CodeCheckWithBE-C.xml
2014-11-03_21-06-48-753 Finishing test with SUCCESS for Input:svcomp/ssh-simplified/s3_clnt_4_false-unreach-call.cil.c Settings:settings/svcomp2015/svComp-32bit-precise-BE-Impulse.epf Toolchain:toolchains/CodeCheckWithBE-C.xml: UNSAFE(Expected:UNSAFE): ExpectedResult: UNSAFE UltimateResult: UNSAFE   a call of __VERIFIER_error() is reachable 
2014-11-03_21-06-48-891 ### 61/220 ### Starting test for Input:svcomp/ssh-simplified/s3_srvr_10_false-unreach-call.cil.c Settings:settings/svcomp2015/svComp-32bit-precise-BE-Impulse.epf Toolchain:toolchains/CodeCheckWithBE-C.xml
2014-11-03_21-06-49-809 Finishing test with SUCCESS for Input:svcomp/ssh-simplified/s3_srvr_10_false-unreach-call.cil.c Settings:settings/svcomp2015/svComp-32bit-precise-BE-Impulse.epf Toolchain:toolchains/CodeCheckWithBE-C.xml: UNSAFE(Expected:UNSAFE): ExpectedResult: UNSAFE UltimateResult: UNSAFE   a call of __VERIFIER_error() is reachable 
2014-11-03_21-06-49-940 ### 62/220 ### Starting test for Input:svcomp/ssh-simplified/s3_srvr_13_false-unreach-call.cil.c Settings:settings/svcomp2015/svComp-32bit-precise-BE-Impulse.epf Toolchain:toolchains/CodeCheckWithBE-C.xml
2014-11-03_21-07-14-436 Finishing test with SUCCESS for Input:svcomp/ssh-simplified/s3_srvr_13_false-unreach-call.cil.c Settings:settings/svcomp2015/svComp-32bit-precise-BE-Impulse.epf Toolchain:toolchains/CodeCheckWithBE-C.xml: UNSAFE(Expected:UNSAFE): ExpectedResult: UNSAFE UltimateResult: UNSAFE   a call of __VERIFIER_error() is reachable 
2014-11-03_21-07-14-566 ### 63/220 ### Starting test for Input:svcomp/ssh-simplified/s3_srvr_1_true-unreach-call.cil.c Settings:settings/svcomp2015/svComp-32bit-precise-BE-Impulse.epf Toolchain:toolchains/CodeCheckWithBE-C.xml
2014-11-03_21-07-25-664 Finishing test with FAIL for Input:svcomp/ssh-simplified/s3_srvr_1_true-unreach-call.cil.c Settings:settings/svcomp2015/svComp-32bit-precise-BE-Impulse.epf Toolchain:toolchains/CodeCheckWithBE-C.xml: EXCEPTION_OR_ERROR(Expected:SAFE): ExpectedResult: SAFE UltimateResult: EXCEPTION_OR_ERROR   [de.uni_freiburg.informatik.ultimate.plugins.generator.codecheck: NullPointerException: null: de.uni_freiburg.informatik.ultimate.modelcheckerutils.smt.linearTerms.AffineRelation.onLeftHandSideOnly(AffineRelation.java:179)]
2014-11-03_21-07-25-791 ### 64/220 ### Starting test for Input:svcomp/ssh-simplified/s3_srvr_1b_true-unreach-call_false-termination.cil.c Settings:settings/svcomp2015/svComp-32bit-precise-BE-Impulse.epf Toolchain:toolchains/CodeCheckWithBE-C.xml
2014-11-03_21-07-26-936 Finishing test with SUCCESS for Input:svcomp/ssh-simplified/s3_srvr_1b_true-unreach-call_false-termination.cil.c Settings:settings/svcomp2015/svComp-32bit-precise-BE-Impulse.epf Toolchain:toolchains/CodeCheckWithBE-C.xml: SAFE(Expected:SAFE): ExpectedResult: SAFE UltimateResult: SAFE   [ShortDescription: All specifications hold LongDescription: 1 specifications checked. All of them hold]
2014-11-03_21-07-27-032 ### 65/220 ### Starting test for Input:svcomp/ssh-simplified/s3_srvr_6_true-unreach-call.cil.c Settings:settings/svcomp2015/svComp-32bit-precise-BE-Impulse.epf Toolchain:toolchains/CodeCheckWithBE-C.xml
2014-11-03_21-07-57-100 Finishing test with UNKNOWN for Input:svcomp/ssh-simplified/s3_srvr_6_true-unreach-call.cil.c Settings:settings/svcomp2015/svComp-32bit-precise-BE-Impulse.epf Toolchain:toolchains/CodeCheckWithBE-C.xml: TIMEOUT(Expected:SAFE): ExpectedResult: SAFE UltimateResult: TIMEOUT   [ShortDescription: Timeout LongDescription: Timout or Toolchain cancelled by user]
2014-11-03_21-07-57-274 ### 66/220 ### Starting test for Input:svcomp/ssh-simplified/s3_srvr_7_true-unreach-call.cil.c Settings:settings/svcomp2015/svComp-32bit-precise-BE-Impulse.epf Toolchain:toolchains/CodeCheckWithBE-C.xml
2014-11-03_21-08-27-479 Finishing test with UNKNOWN for Input:svcomp/ssh-simplified/s3_srvr_7_true-unreach-call.cil.c Settings:settings/svcomp2015/svComp-32bit-precise-BE-Impulse.epf Toolchain:toolchains/CodeCheckWithBE-C.xml: TIMEOUT(Expected:SAFE): ExpectedResult: SAFE UltimateResult: TIMEOUT   [ShortDescription: Timeout LongDescription: Unable to prove that call of __VERIFIER_error() unreachable (line 865)]
2014-11-03_21-08-27-661 ### 67/220 ### Starting test for Input:svcomp/ldv-commit-tester/m0_false-unreach-call_drivers-staging-comedi-drivers-ni_670x-ko--107_1a--adbbc36-1.c Settings:settings/svcomp2015/svComp-64bit-precise-BE-Impulse.epf Toolchain:toolchains/CodeCheckWithBE-C.xml
2014-11-03_21-08-27-773 Finishing test with FAIL for Input:svcomp/ldv-commit-tester/m0_false-unreach-call_drivers-staging-comedi-drivers-ni_670x-ko--107_1a--adbbc36-1.c Settings:settings/svcomp2015/svComp-64bit-precise-BE-Impulse.epf Toolchain:toolchains/CodeCheckWithBE-C.xml: UNSUPPORTED_SYNTAX(Expected:UNSAFE): ExpectedResult: UNSAFE UltimateResult: UNSUPPORTED_SYNTAX   [ShortDescription: Unsupported Syntax LongDescription: bitfields are not supported at the moment]
2014-11-03_21-08-27-930 ### 68/220 ### Starting test for Input:svcomp/ldv-commit-tester/main7_true-unreach-call_sound-oss-sound-ko--32_7a--c4cb1dd.c Settings:settings/svcomp2015/svComp-64bit-precise-BE-Impulse.epf Toolchain:toolchains/CodeCheckWithBE-C.xml
2014-11-03_21-08-28-473 Finishing test with FAIL for Input:svcomp/ldv-commit-tester/main7_true-unreach-call_sound-oss-sound-ko--32_7a--c4cb1dd.c Settings:settings/svcomp2015/svComp-64bit-precise-BE-Impulse.epf Toolchain:toolchains/CodeCheckWithBE-C.xml: UNSUPPORTED_SYNTAX(Expected:SAFE): ExpectedResult: SAFE UltimateResult: UNSUPPORTED_SYNTAX   [ShortDescription: Unsupported Syntax LongDescription: bitfields are not supported at the moment]
2014-11-03_21-08-28-653 ### 69/220 ### Starting test for Input:svcomp/ldv-consumption/32_7a_cilled_true-unreach-call_linux-3.8-rc1-drivers--media--usb--em28xx--em28xx.ko-main.cil.out.c Settings:settings/svcomp2015/svComp-64bit-precise-BE-Impulse.epf Toolchain:toolchains/CodeCheckWithBE-C.xml
2014-11-03_21-08-29-029 Finishing test with FAIL for Input:svcomp/ldv-consumption/32_7a_cilled_true-unreach-call_linux-3.8-rc1-drivers--media--usb--em28xx--em28xx.ko-main.cil.out.c Settings:settings/svcomp2015/svComp-64bit-precise-BE-Impulse.epf Toolchain:toolchains/CodeCheckWithBE-C.xml: UNSUPPORTED_SYNTAX(Expected:SAFE): ExpectedResult: SAFE UltimateResult: UNSUPPORTED_SYNTAX   [ShortDescription: Unsupported Syntax LongDescription: bitfields are not supported at the moment]
2014-11-03_21-08-29-172 ### 70/220 ### Starting test for Input:svcomp/ldv-consumption/linux-3.8-rc1-32_7a-drivers--pcmcia--pcmcia.ko-ldv_main0_false-unreach-call.cil.out.c Settings:settings/svcomp2015/svComp-64bit-precise-BE-Impulse.epf Toolchain:toolchains/CodeCheckWithBE-C.xml
2014-11-03_21-08-29-394 Finishing test with FAIL for Input:svcomp/ldv-consumption/linux-3.8-rc1-32_7a-drivers--pcmcia--pcmcia.ko-ldv_main0_false-unreach-call.cil.out.c Settings:settings/svcomp2015/svComp-64bit-precise-BE-Impulse.epf Toolchain:toolchains/CodeCheckWithBE-C.xml: UNSUPPORTED_SYNTAX(Expected:UNSAFE): ExpectedResult: UNSAFE UltimateResult: UNSUPPORTED_SYNTAX   [ShortDescription: Unsupported Syntax LongDescription: bitfields are not supported at the moment]
2014-11-03_21-08-29-548 ### 71/220 ### Starting test for Input:svcomp/ldv-linux-3.0/usb_urb-drivers-input-misc-keyspan_remote.ko_false-unreach-call.cil.out.i.pp.i Settings:settings/svcomp2015/svComp-64bit-precise-BE-Impulse.epf Toolchain:toolchains/CodeCheckWithBE-C.xml
2014-11-03_21-08-29-632 Finishing test with FAIL for Input:svcomp/ldv-linux-3.0/usb_urb-drivers-input-misc-keyspan_remote.ko_false-unreach-call.cil.out.i.pp.i Settings:settings/svcomp2015/svComp-64bit-precise-BE-Impulse.epf Toolchain:toolchains/CodeCheckWithBE-C.xml: UNSUPPORTED_SYNTAX(Expected:UNSAFE): ExpectedResult: UNSAFE UltimateResult: UNSUPPORTED_SYNTAX   [ShortDescription: Unsupported Syntax LongDescription: bitfields are not supported at the moment]
2014-11-03_21-08-29-791 ### 72/220 ### Starting test for Input:svcomp/ldv-linux-3.0/usb_urb-drivers-media-video-c-qcam.ko_true-unreach-call.cil.out.i.pp.i Settings:settings/svcomp2015/svComp-64bit-precise-BE-Impulse.epf Toolchain:toolchains/CodeCheckWithBE-C.xml
2014-11-03_21-08-29-885 Finishing test with FAIL for Input:svcomp/ldv-linux-3.0/usb_urb-drivers-media-video-c-qcam.ko_true-unreach-call.cil.out.i.pp.i Settings:settings/svcomp2015/svComp-64bit-precise-BE-Impulse.epf Toolchain:toolchains/CodeCheckWithBE-C.xml: UNSUPPORTED_SYNTAX(Expected:SAFE): ExpectedResult: SAFE UltimateResult: UNSUPPORTED_SYNTAX   [ShortDescription: Unsupported Syntax LongDescription: bitfields are not supported at the moment]
2014-11-03_21-08-30-041 ### 73/220 ### Starting test for Input:svcomp/ldv-linux-3.12-rc1/linux-3.12-rc1.tar.xz-144_2a-drivers--net--usb--cdc_mbim.ko-entry_point_true-unreach-call.cil.out.c Settings:settings/svcomp2015/svComp-64bit-precise-BE-Impulse.epf Toolchain:toolchains/CodeCheckWithBE-C.xml
2014-11-03_21-08-30-114 Finishing test with FAIL for Input:svcomp/ldv-linux-3.12-rc1/linux-3.12-rc1.tar.xz-144_2a-drivers--net--usb--cdc_mbim.ko-entry_point_true-unreach-call.cil.out.c Settings:settings/svcomp2015/svComp-64bit-precise-BE-Impulse.epf Toolchain:toolchains/CodeCheckWithBE-C.xml: UNSUPPORTED_SYNTAX(Expected:SAFE): ExpectedResult: SAFE UltimateResult: UNSUPPORTED_SYNTAX   [ShortDescription: Unsupported Syntax LongDescription: bitfields are not supported at the moment]
2014-11-03_21-08-30-255 ### 74/220 ### Starting test for Input:svcomp/ldv-linux-3.12-rc1/linux-3.12-rc1.tar.xz-144_2a-drivers--staging--media--go7007--go7007-loader.ko-entry_point_false-unreach-call.cil.out.c Settings:settings/svcomp2015/svComp-64bit-precise-BE-Impulse.epf Toolchain:toolchains/CodeCheckWithBE-C.xml
2014-11-03_21-08-30-300 Finishing test with FAIL for Input:svcomp/ldv-linux-3.12-rc1/linux-3.12-rc1.tar.xz-144_2a-drivers--staging--media--go7007--go7007-loader.ko-entry_point_false-unreach-call.cil.out.c Settings:settings/svcomp2015/svComp-64bit-precise-BE-Impulse.epf Toolchain:toolchains/CodeCheckWithBE-C.xml: UNSUPPORTED_SYNTAX(Expected:UNSAFE): ExpectedResult: UNSAFE UltimateResult: UNSUPPORTED_SYNTAX   [ShortDescription: Unsupported Syntax LongDescription: bitfields are not supported at the moment]
2014-11-03_21-08-30-443 ### 75/220 ### Starting test for Input:svcomp/ldv-linux-3.16-rc1/205_9a_array_unsafes_linux-3.16-rc1.tar.xz-205_9a-drivers--net--wireless--hostap--hostap_plx.ko-entry_point_false-unreach-call.cil.out.c Settings:settings/svcomp2015/svComp-64bit-precise-BE-Impulse.epf Toolchain:toolchains/CodeCheckWithBE-C.xml
2014-11-03_21-08-30-562 Finishing test with FAIL for Input:svcomp/ldv-linux-3.16-rc1/205_9a_array_unsafes_linux-3.16-rc1.tar.xz-205_9a-drivers--net--wireless--hostap--hostap_plx.ko-entry_point_false-unreach-call.cil.out.c Settings:settings/svcomp2015/svComp-64bit-precise-BE-Impulse.epf Toolchain:toolchains/CodeCheckWithBE-C.xml: UNSUPPORTED_SYNTAX(Expected:UNSAFE): ExpectedResult: UNSAFE UltimateResult: UNSUPPORTED_SYNTAX   [ShortDescription: Unsupported Syntax LongDescription: bitfields are not supported at the moment]
2014-11-03_21-08-30-710 ### 76/220 ### Starting test for Input:svcomp/ldv-linux-3.16-rc1/43_2a_consumption_linux-3.16-rc1.tar.xz-43_2a-drivers--isdn--mISDN--mISDN_dsp.ko-entry_point_true-unreach-call.cil.out.c Settings:settings/svcomp2015/svComp-64bit-precise-BE-Impulse.epf Toolchain:toolchains/CodeCheckWithBE-C.xml
2014-11-03_21-08-30-838 Finishing test with FAIL for Input:svcomp/ldv-linux-3.16-rc1/43_2a_consumption_linux-3.16-rc1.tar.xz-43_2a-drivers--isdn--mISDN--mISDN_dsp.ko-entry_point_true-unreach-call.cil.out.c Settings:settings/svcomp2015/svComp-64bit-precise-BE-Impulse.epf Toolchain:toolchains/CodeCheckWithBE-C.xml: UNSUPPORTED_SYNTAX(Expected:SAFE): ExpectedResult: SAFE UltimateResult: UNSUPPORTED_SYNTAX   [ShortDescription: Unsupported Syntax LongDescription: bitfields are not supported at the moment]
2014-11-03_21-08-30-979 ### 77/220 ### Starting test for Input:svcomp/ldv-linux-3.4-simple/43_1a_cilled_false-unreach-call_ok_linux-43_1a-drivers--scsi--megaraid--megaraid_mm.ko-ldv_main0_sequence_infinite_withcheck_stateful.cil.out.c Settings:settings/svcomp2015/svComp-64bit-precise-BE-Impulse.epf Toolchain:toolchains/CodeCheckWithBE-C.xml
2014-11-03_21-08-31-087 Finishing test with FAIL for Input:svcomp/ldv-linux-3.4-simple/43_1a_cilled_false-unreach-call_ok_linux-43_1a-drivers--scsi--megaraid--megaraid_mm.ko-ldv_main0_sequence_infinite_withcheck_stateful.cil.out.c Settings:settings/svcomp2015/svComp-64bit-precise-BE-Impulse.epf Toolchain:toolchains/CodeCheckWithBE-C.xml: UNSUPPORTED_SYNTAX(Expected:UNSAFE): ExpectedResult: UNSAFE UltimateResult: UNSUPPORTED_SYNTAX   [ShortDescription: Unsupported Syntax LongDescription: bitfields are not supported at the moment]
2014-11-03_21-08-31-229 ### 78/220 ### Starting test for Input:svcomp/ldv-linux-3.4-simple/43_1a_cilled_true-unreach-call_ok_nondet_linux-43_1a-drivers--media--rc--keymaps--rc-trekstor.ko-ldv_main0_sequence_infinite_withcheck_stateful.cil.out.c Settings:settings/svcomp2015/svComp-64bit-precise-BE-Impulse.epf Toolchain:toolchains/CodeCheckWithBE-C.xml
2014-11-03_21-08-41-066 Finishing test with FAIL for Input:svcomp/ldv-linux-3.4-simple/43_1a_cilled_true-unreach-call_ok_nondet_linux-43_1a-drivers--media--rc--keymaps--rc-trekstor.ko-ldv_main0_sequence_infinite_withcheck_stateful.cil.out.c Settings:settings/svcomp2015/svComp-64bit-precise-BE-Impulse.epf Toolchain:toolchains/CodeCheckWithBE-C.xml: EXCEPTION_OR_ERROR(Expected:SAFE): ExpectedResult: SAFE UltimateResult: EXCEPTION_OR_ERROR   [de.uni_freiburg.informatik.ultimate.plugins.generator.blockencoding: OutOfMemoryError: Java heap space: java.util.Arrays.copyOf(Arrays.java:2367)]
2014-11-03_21-08-41-231 ### 79/220 ### Starting test for Input:svcomp/ldv-linux-3.7.3/linux-3.10-rc1-43_1a-bitvector-drivers--atm--he.ko-ldv_main0_true-unreach-call.cil.out.c Settings:settings/svcomp2015/svComp-64bit-precise-BE-Impulse.epf Toolchain:toolchains/CodeCheckWithBE-C.xml
2014-11-03_21-08-41-324 Finishing test with FAIL for Input:svcomp/ldv-linux-3.7.3/linux-3.10-rc1-43_1a-bitvector-drivers--atm--he.ko-ldv_main0_true-unreach-call.cil.out.c Settings:settings/svcomp2015/svComp-64bit-precise-BE-Impulse.epf Toolchain:toolchains/CodeCheckWithBE-C.xml: UNSUPPORTED_SYNTAX(Expected:SAFE): ExpectedResult: SAFE UltimateResult: UNSUPPORTED_SYNTAX   [ShortDescription: Unsupported Syntax LongDescription: bitfields are not supported at the moment]
2014-11-03_21-08-41-489 ### 80/220 ### Starting test for Input:svcomp/ldv-linux-3.7.3/main17_false-unreach-call_drivers-gpu-drm-vmwgfx-vmwgfx-ko--32_7a--linux-3.5.c Settings:settings/svcomp2015/svComp-64bit-precise-BE-Impulse.epf Toolchain:toolchains/CodeCheckWithBE-C.xml
2014-11-03_21-08-41-709 Finishing test with FAIL for Input:svcomp/ldv-linux-3.7.3/main17_false-unreach-call_drivers-gpu-drm-vmwgfx-vmwgfx-ko--32_7a--linux-3.5.c Settings:settings/svcomp2015/svComp-64bit-precise-BE-Impulse.epf Toolchain:toolchains/CodeCheckWithBE-C.xml: UNSUPPORTED_SYNTAX(Expected:UNSAFE): ExpectedResult: UNSAFE UltimateResult: UNSUPPORTED_SYNTAX   [ShortDescription: Unsupported Syntax LongDescription: bitfields are not supported at the moment]
2014-11-03_21-08-41-825 ### 81/220 ### Starting test for Input:svcomp/ldv-validator-v0.6/linux-stable-d47b389-1-32_7a-drivers--media--video--cx88--cx88-blackbird.ko-entry_point_false-unreach-call.cil.out.c Settings:settings/svcomp2015/svComp-64bit-precise-BE-Impulse.epf Toolchain:toolchains/CodeCheckWithBE-C.xml
2014-11-03_21-08-41-907 Finishing test with FAIL for Input:svcomp/ldv-validator-v0.6/linux-stable-d47b389-1-32_7a-drivers--media--video--cx88--cx88-blackbird.ko-entry_point_false-unreach-call.cil.out.c Settings:settings/svcomp2015/svComp-64bit-precise-BE-Impulse.epf Toolchain:toolchains/CodeCheckWithBE-C.xml: UNSUPPORTED_SYNTAX(Expected:UNSAFE): ExpectedResult: UNSAFE UltimateResult: UNSUPPORTED_SYNTAX   [ShortDescription: Unsupported Syntax LongDescription: bitfields are not supported at the moment]
2014-11-03_21-08-42-016 ### 82/220 ### Starting test for Input:svcomp/eca-rers2012/Problem02_label13_false-unreach-call.c Settings:settings/svcomp2015/svComp-32bit-precise-BE-Impulse.epf Toolchain:toolchains/CodeCheckWithBE-C.xml
2014-11-03_21-09-12-042 Finishing test with UNKNOWN for Input:svcomp/eca-rers2012/Problem02_label13_false-unreach-call.c Settings:settings/svcomp2015/svComp-32bit-precise-BE-Impulse.epf Toolchain:toolchains/CodeCheckWithBE-C.xml: TIMEOUT(Expected:UNSAFE): ExpectedResult: UNSAFE UltimateResult: TIMEOUT   [ShortDescription: Timeout LongDescription: Timout or Toolchain cancelled by user]
2014-11-03_21-09-12-522 ### 83/220 ### Starting test for Input:svcomp/eca-rers2012/Problem02_label35_true-unreach-call.c Settings:settings/svcomp2015/svComp-32bit-precise-BE-Impulse.epf Toolchain:toolchains/CodeCheckWithBE-C.xml
2014-11-03_21-09-42-765 Finishing test with UNKNOWN for Input:svcomp/eca-rers2012/Problem02_label35_true-unreach-call.c Settings:settings/svcomp2015/svComp-32bit-precise-BE-Impulse.epf Toolchain:toolchains/CodeCheckWithBE-C.xml: TIMEOUT(Expected:SAFE): ExpectedResult: SAFE UltimateResult: TIMEOUT   [ShortDescription: Timeout LongDescription: Timout or Toolchain cancelled by user]
2014-11-03_21-09-43-643 ### 84/220 ### Starting test for Input:svcomp/eca-rers2012/Problem03_label08_true-unreach-call.c Settings:settings/svcomp2015/svComp-32bit-precise-BE-Impulse.epf Toolchain:toolchains/CodeCheckWithBE-C.xml
2014-11-03_21-10-18-011 Finishing test with FAIL for Input:svcomp/eca-rers2012/Problem03_label08_true-unreach-call.c Settings:settings/svcomp2015/svComp-32bit-precise-BE-Impulse.epf Toolchain:toolchains/CodeCheckWithBE-C.xml: NO_RESULT(Expected:SAFE): ExpectedResult: SAFE UltimateResult: NO_RESULT   NO_RESULT
2014-11-03_21-10-19-328 ### 85/220 ### Starting test for Input:svcomp/eca-rers2012/Problem05_label55_false-unreach-call.c Settings:settings/svcomp2015/svComp-32bit-precise-BE-Impulse.epf Toolchain:toolchains/CodeCheckWithBE-C.xml
2014-11-03_21-10-59-033 Finishing test with FAIL for Input:svcomp/eca-rers2012/Problem05_label55_false-unreach-call.c Settings:settings/svcomp2015/svComp-32bit-precise-BE-Impulse.epf Toolchain:toolchains/CodeCheckWithBE-C.xml: NO_RESULT(Expected:UNSAFE): ExpectedResult: UNSAFE UltimateResult: NO_RESULT   NO_RESULT
2014-11-03_21-11-03-343 ### 86/220 ### Starting test for Input:svcomp/eca-rers2012/Problem06_label22_true-unreach-call.c Settings:settings/svcomp2015/svComp-32bit-precise-BE-Impulse.epf Toolchain:toolchains/CodeCheckWithBE-C.xml
2014-11-03_21-12-09-359 Finishing test with FAIL for Input:svcomp/eca-rers2012/Problem06_label22_true-unreach-call.c Settings:settings/svcomp2015/svComp-32bit-precise-BE-Impulse.epf Toolchain:toolchains/CodeCheckWithBE-C.xml: NO_RESULT(Expected:SAFE): ExpectedResult: SAFE UltimateResult: NO_RESULT   NO_RESULT
2014-11-03_21-12-11-961 ### 87/220 ### Starting test for Input:svcomp/eca-rers2012/Problem06_label59_false-unreach-call.c Settings:settings/svcomp2015/svComp-32bit-precise-BE-Impulse.epf Toolchain:toolchains/CodeCheckWithBE-C.xml
2014-11-03_21-13-18-992 Finishing test with FAIL for Input:svcomp/eca-rers2012/Problem06_label59_false-unreach-call.c Settings:settings/svcomp2015/svComp-32bit-precise-BE-Impulse.epf Toolchain:toolchains/CodeCheckWithBE-C.xml: NO_RESULT(Expected:UNSAFE): ExpectedResult: UNSAFE UltimateResult: NO_RESULT   NO_RESULT
2014-11-03_21-13-21-459 ### 88/220 ### Starting test for Input:svcomp/eca-rers2012/Problem09_label42_true-unreach-call.c Settings:settings/svcomp2015/svComp-32bit-precise-BE-Impulse.epf Toolchain:toolchains/CodeCheckWithBE-C.xml
2014-11-03_21-13-51-869 Finishing test with UNKNOWN for Input:svcomp/eca-rers2012/Problem09_label42_true-unreach-call.c Settings:settings/svcomp2015/svComp-32bit-precise-BE-Impulse.epf Toolchain:toolchains/CodeCheckWithBE-C.xml: TIMEOUT(Expected:SAFE): ExpectedResult: SAFE UltimateResult: TIMEOUT   [ShortDescription: Timeout LongDescription: Timout or Toolchain cancelled by user]
2014-11-03_21-13-53-387 ### 89/220 ### Starting test for Input:svcomp/eca-rers2012/Problem09_label53_false-unreach-call.c Settings:settings/svcomp2015/svComp-32bit-precise-BE-Impulse.epf Toolchain:toolchains/CodeCheckWithBE-C.xml
2014-11-03_21-14-23-822 Finishing test with UNKNOWN for Input:svcomp/eca-rers2012/Problem09_label53_false-unreach-call.c Settings:settings/svcomp2015/svComp-32bit-precise-BE-Impulse.epf Toolchain:toolchains/CodeCheckWithBE-C.xml: TIMEOUT(Expected:UNSAFE): ExpectedResult: UNSAFE UltimateResult: TIMEOUT   [ShortDescription: Timeout LongDescription: Timout or Toolchain cancelled by user]
2014-11-03_21-14-25-330 ### 90/220 ### Starting test for Input:svcomp/eca-rers2012/Problem10_label09_true-unreach-call.c Settings:settings/svcomp2015/svComp-32bit-precise-BE-Impulse.epf Toolchain:toolchains/CodeCheckWithBE-C.xml
2014-11-03_21-14-55-359 Finishing test with UNKNOWN for Input:svcomp/eca-rers2012/Problem10_label09_true-unreach-call.c Settings:settings/svcomp2015/svComp-32bit-precise-BE-Impulse.epf Toolchain:toolchains/CodeCheckWithBE-C.xml: TIMEOUT(Expected:SAFE): ExpectedResult: SAFE UltimateResult: TIMEOUT   [ShortDescription: Timeout LongDescription: Timout or Toolchain cancelled by user]
2014-11-03_21-14-55-660 ### 91/220 ### Starting test for Input:svcomp/eca-rers2012/Problem10_label18_true-unreach-call.c Settings:settings/svcomp2015/svComp-32bit-precise-BE-Impulse.epf Toolchain:toolchains/CodeCheckWithBE-C.xml
2014-11-03_21-15-25-684 Finishing test with UNKNOWN for Input:svcomp/eca-rers2012/Problem10_label18_true-unreach-call.c Settings:settings/svcomp2015/svComp-32bit-precise-BE-Impulse.epf Toolchain:toolchains/CodeCheckWithBE-C.xml: TIMEOUT(Expected:SAFE): ExpectedResult: SAFE UltimateResult: TIMEOUT   [ShortDescription: Timeout LongDescription: Timout or Toolchain cancelled by user]
2014-11-03_21-15-25-992 ### 92/220 ### Starting test for Input:svcomp/eca-rers2012/Problem11_label32_true-unreach-call.c Settings:settings/svcomp2015/svComp-32bit-precise-BE-Impulse.epf Toolchain:toolchains/CodeCheckWithBE-C.xml
2014-11-03_21-15-56-024 Finishing test with UNKNOWN for Input:svcomp/eca-rers2012/Problem11_label32_true-unreach-call.c Settings:settings/svcomp2015/svComp-32bit-precise-BE-Impulse.epf Toolchain:toolchains/CodeCheckWithBE-C.xml: TIMEOUT(Expected:SAFE): ExpectedResult: SAFE UltimateResult: TIMEOUT   [ShortDescription: Timeout LongDescription: Timout or Toolchain cancelled by user]
2014-11-03_21-15-56-713 ### 93/220 ### Starting test for Input:svcomp/eca-rers2012/Problem11_label43_false-unreach-call.c Settings:settings/svcomp2015/svComp-32bit-precise-BE-Impulse.epf Toolchain:toolchains/CodeCheckWithBE-C.xml
2014-11-03_21-16-26-743 Finishing test with UNKNOWN for Input:svcomp/eca-rers2012/Problem11_label43_false-unreach-call.c Settings:settings/svcomp2015/svComp-32bit-precise-BE-Impulse.epf Toolchain:toolchains/CodeCheckWithBE-C.xml: TIMEOUT(Expected:UNSAFE): ExpectedResult: UNSAFE UltimateResult: TIMEOUT   [ShortDescription: Timeout LongDescription: Timout or Toolchain cancelled by user]
2014-11-03_21-16-27-434 ### 94/220 ### Starting test for Input:svcomp/eca-rers2012/Problem12_label32_true-unreach-call.c Settings:settings/svcomp2015/svComp-32bit-precise-BE-Impulse.epf Toolchain:toolchains/CodeCheckWithBE-C.xml
2014-11-03_21-17-21-664 Finishing test with FAIL for Input:svcomp/eca-rers2012/Problem12_label32_true-unreach-call.c Settings:settings/svcomp2015/svComp-32bit-precise-BE-Impulse.epf Toolchain:toolchains/CodeCheckWithBE-C.xml: NO_RESULT(Expected:SAFE): ExpectedResult: SAFE UltimateResult: NO_RESULT   NO_RESULT
2014-11-03_21-17-23-466 ### 95/220 ### Starting test for Input:svcomp/eca-rers2012/Problem12_label57_true-unreach-call.c Settings:settings/svcomp2015/svComp-32bit-precise-BE-Impulse.epf Toolchain:toolchains/CodeCheckWithBE-C.xml
2014-11-03_21-18-19-755 Finishing test with FAIL for Input:svcomp/eca-rers2012/Problem12_label57_true-unreach-call.c Settings:settings/svcomp2015/svComp-32bit-precise-BE-Impulse.epf Toolchain:toolchains/CodeCheckWithBE-C.xml: NO_RESULT(Expected:SAFE): ExpectedResult: SAFE UltimateResult: NO_RESULT   NO_RESULT
2014-11-03_21-18-21-558 ### 96/220 ### Starting test for Input:svcomp/eca-rers2012/Problem13_label07_false-unreach-call.c Settings:settings/svcomp2015/svComp-32bit-precise-BE-Impulse.epf Toolchain:toolchains/CodeCheckWithBE-C.xml
2014-11-03_21-19-36-041 Finishing test with FAIL for Input:svcomp/eca-rers2012/Problem13_label07_false-unreach-call.c Settings:settings/svcomp2015/svComp-32bit-precise-BE-Impulse.epf Toolchain:toolchains/CodeCheckWithBE-C.xml: NO_RESULT(Expected:UNSAFE): ExpectedResult: UNSAFE UltimateResult: NO_RESULT   NO_RESULT
2014-11-03_21-19-38-621 ### 97/220 ### Starting test for Input:svcomp/eca-rers2012/Problem13_label24_false-unreach-call.c Settings:settings/svcomp2015/svComp-32bit-precise-BE-Impulse.epf Toolchain:toolchains/CodeCheckWithBE-C.xml
2014-11-03_21-20-56-365 Finishing test with FAIL for Input:svcomp/eca-rers2012/Problem13_label24_false-unreach-call.c Settings:settings/svcomp2015/svComp-32bit-precise-BE-Impulse.epf Toolchain:toolchains/CodeCheckWithBE-C.xml: NO_RESULT(Expected:UNSAFE): ExpectedResult: UNSAFE UltimateResult: NO_RESULT   NO_RESULT
2014-11-03_21-20-58-720 ### 98/220 ### Starting test for Input:svcomp/eca-rers2012/Problem16_label05_false-unreach-call.c Settings:settings/svcomp2015/svComp-32bit-precise-BE-Impulse.epf Toolchain:toolchains/CodeCheckWithBE-C.xml
2014-11-03_21-21-54-586 Finishing test with FAIL for Input:svcomp/eca-rers2012/Problem16_label05_false-unreach-call.c Settings:settings/svcomp2015/svComp-32bit-precise-BE-Impulse.epf Toolchain:toolchains/CodeCheckWithBE-C.xml: NO_RESULT(Expected:UNSAFE): ExpectedResult: UNSAFE UltimateResult: NO_RESULT   NO_RESULT
2014-11-03_21-21-56-351 ### 99/220 ### Starting test for Input:svcomp/eca-rers2012/Problem16_label46_false-unreach-call.c Settings:settings/svcomp2015/svComp-32bit-precise-BE-Impulse.epf Toolchain:toolchains/CodeCheckWithBE-C.xml
2014-11-03_21-23-00-585 Finishing test with FAIL for Input:svcomp/eca-rers2012/Problem16_label46_false-unreach-call.c Settings:settings/svcomp2015/svComp-32bit-precise-BE-Impulse.epf Toolchain:toolchains/CodeCheckWithBE-C.xml: NO_RESULT(Expected:UNSAFE): ExpectedResult: UNSAFE UltimateResult: NO_RESULT   NO_RESULT
2014-11-03_21-23-02-251 ### 100/220 ### Starting test for Input:svcomp/eca-rers2012/Problem17_label35_false-unreach-call.c Settings:settings/svcomp2015/svComp-32bit-precise-BE-Impulse.epf Toolchain:toolchains/CodeCheckWithBE-C.xml
2014-11-03_21-23-33-731 Finishing test with FAIL for Input:svcomp/eca-rers2012/Problem17_label35_false-unreach-call.c Settings:settings/svcomp2015/svComp-32bit-precise-BE-Impulse.epf Toolchain:toolchains/CodeCheckWithBE-C.xml: NO_RESULT(Expected:UNSAFE): ExpectedResult: UNSAFE UltimateResult: NO_RESULT   NO_RESULT
2014-11-03_21-23-34-743 ### 101/220 ### Starting test for Input:svcomp/eca-rers2012/Problem17_label41_true-unreach-call.c Settings:settings/svcomp2015/svComp-32bit-precise-BE-Impulse.epf Toolchain:toolchains/CodeCheckWithBE-C.xml
2014-11-03_21-24-05-945 Finishing test with FAIL for Input:svcomp/eca-rers2012/Problem17_label41_true-unreach-call.c Settings:settings/svcomp2015/svComp-32bit-precise-BE-Impulse.epf Toolchain:toolchains/CodeCheckWithBE-C.xml: NO_RESULT(Expected:SAFE): ExpectedResult: SAFE UltimateResult: NO_RESULT   NO_RESULT
2014-11-03_21-24-06-963 ### 102/220 ### Starting test for Input:svcomp/eca-rers2012/Problem18_label03_false-unreach-call.c Settings:settings/svcomp2015/svComp-32bit-precise-BE-Impulse.epf Toolchain:toolchains/CodeCheckWithBE-C.xml
2014-11-03_21-24-47-816 Finishing test with FAIL for Input:svcomp/eca-rers2012/Problem18_label03_false-unreach-call.c Settings:settings/svcomp2015/svComp-32bit-precise-BE-Impulse.epf Toolchain:toolchains/CodeCheckWithBE-C.xml: NO_RESULT(Expected:UNSAFE): ExpectedResult: UNSAFE UltimateResult: NO_RESULT   NO_RESULT
2014-11-03_21-24-49-436 ### 103/220 ### Starting test for Input:svcomp/eca-rers2012/Problem18_label08_false-unreach-call.c Settings:settings/svcomp2015/svComp-32bit-precise-BE-Impulse.epf Toolchain:toolchains/CodeCheckWithBE-C.xml
2014-11-03_21-25-32-146 Finishing test with FAIL for Input:svcomp/eca-rers2012/Problem18_label08_false-unreach-call.c Settings:settings/svcomp2015/svComp-32bit-precise-BE-Impulse.epf Toolchain:toolchains/CodeCheckWithBE-C.xml: NO_RESULT(Expected:UNSAFE): ExpectedResult: UNSAFE UltimateResult: NO_RESULT   NO_RESULT
2014-11-03_21-25-33-701 ### 104/220 ### Starting test for Input:svcomp/eca-rers2012/Problem18_label43_true-unreach-call.c Settings:settings/svcomp2015/svComp-32bit-precise-BE-Impulse.epf Toolchain:toolchains/CodeCheckWithBE-C.xml
2014-11-03_21-26-16-395 Finishing test with FAIL for Input:svcomp/eca-rers2012/Problem18_label43_true-unreach-call.c Settings:settings/svcomp2015/svComp-32bit-precise-BE-Impulse.epf Toolchain:toolchains/CodeCheckWithBE-C.xml: NO_RESULT(Expected:SAFE): ExpectedResult: SAFE UltimateResult: NO_RESULT   NO_RESULT
2014-11-03_21-26-18-120 ### 105/220 ### Starting test for Input:svcomp/eca-rers2012/Problem19_label46_true-unreach-call.c Settings:settings/svcomp2015/svComp-32bit-precise-BE-Impulse.epf Toolchain:toolchains/CodeCheckWithBE-C.xml
2014-11-03_21-27-12-279 Finishing test with FAIL for Input:svcomp/eca-rers2012/Problem19_label46_true-unreach-call.c Settings:settings/svcomp2015/svComp-32bit-precise-BE-Impulse.epf Toolchain:toolchains/CodeCheckWithBE-C.xml: NO_RESULT(Expected:SAFE): ExpectedResult: SAFE UltimateResult: NO_RESULT   NO_RESULT
2014-11-03_21-27-14-291 ### 106/220 ### Starting test for Input:svcomp/ddv-machzwd/ddv_machzwd_all_false-unreach-call.i Settings:settings/svcomp2015/svComp-32bit-precise-BE-Impulse.epf Toolchain:toolchains/CodeCheckWithBE-C.xml
2014-11-03_21-27-14-338 Finishing test with FAIL for Input:svcomp/ddv-machzwd/ddv_machzwd_all_false-unreach-call.i Settings:settings/svcomp2015/svComp-32bit-precise-BE-Impulse.epf Toolchain:toolchains/CodeCheckWithBE-C.xml: EXCEPTION_OR_ERROR(Expected:UNSAFE): ExpectedResult: UNSAFE UltimateResult: EXCEPTION_OR_ERROR   [de.uni_freiburg.informatik.ultimate.plugins.generator.cacsl2boogietranslator: EmptyStackException: null: java.util.Stack.peek(Stack.java:102)]
2014-11-03_21-27-15-748 ### 107/220 ### Starting test for Input:svcomp/ddv-machzwd/ddv_machzwd_inb_true-unreach-call.i Settings:settings/svcomp2015/svComp-32bit-precise-BE-Impulse.epf Toolchain:toolchains/CodeCheckWithBE-C.xml
2014-11-03_21-27-15-796 Finishing test with FAIL for Input:svcomp/ddv-machzwd/ddv_machzwd_inb_true-unreach-call.i Settings:settings/svcomp2015/svComp-32bit-precise-BE-Impulse.epf Toolchain:toolchains/CodeCheckWithBE-C.xml: EXCEPTION_OR_ERROR(Expected:SAFE): ExpectedResult: SAFE UltimateResult: EXCEPTION_OR_ERROR   [de.uni_freiburg.informatik.ultimate.plugins.generator.cacsl2boogietranslator: EmptyStackException: null: java.util.Stack.peek(Stack.java:102)]
2014-11-03_21-27-16-897 ### 108/220 ### Starting test for Input:svcomp/ddv-machzwd/ddv_machzwd_inl_p_true-unreach-call.i Settings:settings/svcomp2015/svComp-32bit-precise-BE-Impulse.epf Toolchain:toolchains/CodeCheckWithBE-C.xml
2014-11-03_21-27-16-947 Finishing test with FAIL for Input:svcomp/ddv-machzwd/ddv_machzwd_inl_p_true-unreach-call.i Settings:settings/svcomp2015/svComp-32bit-precise-BE-Impulse.epf Toolchain:toolchains/CodeCheckWithBE-C.xml: EXCEPTION_OR_ERROR(Expected:SAFE): ExpectedResult: SAFE UltimateResult: EXCEPTION_OR_ERROR   [de.uni_freiburg.informatik.ultimate.plugins.generator.cacsl2boogietranslator: EmptyStackException: null: java.util.Stack.peek(Stack.java:102)]
2014-11-03_21-27-18-054 ### 109/220 ### Starting test for Input:svcomp/ddv-machzwd/ddv_machzwd_inw_false-unreach-call.i Settings:settings/svcomp2015/svComp-32bit-precise-BE-Impulse.epf Toolchain:toolchains/CodeCheckWithBE-C.xml
2014-11-03_21-27-18-119 Finishing test with FAIL for Input:svcomp/ddv-machzwd/ddv_machzwd_inw_false-unreach-call.i Settings:settings/svcomp2015/svComp-32bit-precise-BE-Impulse.epf Toolchain:toolchains/CodeCheckWithBE-C.xml: EXCEPTION_OR_ERROR(Expected:UNSAFE): ExpectedResult: UNSAFE UltimateResult: EXCEPTION_OR_ERROR   [de.uni_freiburg.informatik.ultimate.plugins.generator.cacsl2boogietranslator: EmptyStackException: null: java.util.Stack.peek(Stack.java:102)]
2014-11-03_21-27-19-224 ### 110/220 ### Starting test for Input:svcomp/ddv-machzwd/ddv_machzwd_outb_false-unreach-call.i Settings:settings/svcomp2015/svComp-32bit-precise-BE-Impulse.epf Toolchain:toolchains/CodeCheckWithBE-C.xml
2014-11-03_21-27-19-277 Finishing test with FAIL for Input:svcomp/ddv-machzwd/ddv_machzwd_outb_false-unreach-call.i Settings:settings/svcomp2015/svComp-32bit-precise-BE-Impulse.epf Toolchain:toolchains/CodeCheckWithBE-C.xml: EXCEPTION_OR_ERROR(Expected:UNSAFE): ExpectedResult: UNSAFE UltimateResult: EXCEPTION_OR_ERROR   [de.uni_freiburg.informatik.ultimate.plugins.generator.cacsl2boogietranslator: EmptyStackException: null: java.util.Stack.peek(Stack.java:102)]
2014-11-03_21-27-20-372 ### 111/220 ### Starting test for Input:svcomp/ddv-machzwd/ddv_machzwd_pthread_mutex_unlock_true-unreach-call.i Settings:settings/svcomp2015/svComp-32bit-precise-BE-Impulse.epf Toolchain:toolchains/CodeCheckWithBE-C.xml
2014-11-03_21-27-20-411 Finishing test with FAIL for Input:svcomp/ddv-machzwd/ddv_machzwd_pthread_mutex_unlock_true-unreach-call.i Settings:settings/svcomp2015/svComp-32bit-precise-BE-Impulse.epf Toolchain:toolchains/CodeCheckWithBE-C.xml: EXCEPTION_OR_ERROR(Expected:SAFE): ExpectedResult: SAFE UltimateResult: EXCEPTION_OR_ERROR   [de.uni_freiburg.informatik.ultimate.plugins.generator.cacsl2boogietranslator: EmptyStackException: null: java.util.Stack.peek(Stack.java:102)]
2014-11-03_21-27-21-510 ### 112/220 ### Starting test for Input:svcomp/heap-manipulation/bubble_sort_linux_false-unreach-call.i Settings:settings/svcomp2015/svComp-32bit-precise-BE-Impulse.epf Toolchain:toolchains/CodeCheckWithBE-C.xml
2014-11-03_21-27-23-177 Finishing test with FAIL for Input:svcomp/heap-manipulation/bubble_sort_linux_false-unreach-call.i Settings:settings/svcomp2015/svComp-32bit-precise-BE-Impulse.epf Toolchain:toolchains/CodeCheckWithBE-C.xml: EXCEPTION_OR_ERROR(Expected:UNSAFE): ExpectedResult: UNSAFE UltimateResult: EXCEPTION_OR_ERROR   [de.uni_freiburg.informatik.ultimate.plugins.generator.codecheck: ClassCastException: de.uni_freiburg.informatik.ultimate.logic.ApplicationTerm cannot be cast to de.uni_freiburg.informatik.ultimate.modelcheckerutils.smt.linearTerms.AffineTerm: de.uni_freiburg.informatik.ultimate.modelcheckerutils.smt.linearTerms.AffineRelation.<init>(AffineRelation.java:55)]
2014-11-03_21-27-23-310 ### 113/220 ### Starting test for Input:svcomp/heap-manipulation/dll_of_dll_true-unreach-call.i Settings:settings/svcomp2015/svComp-32bit-precise-BE-Impulse.epf Toolchain:toolchains/CodeCheckWithBE-C.xml
2014-11-03_21-27-23-740 Finishing test with FAIL for Input:svcomp/heap-manipulation/dll_of_dll_true-unreach-call.i Settings:settings/svcomp2015/svComp-32bit-precise-BE-Impulse.epf Toolchain:toolchains/CodeCheckWithBE-C.xml: EXCEPTION_OR_ERROR(Expected:SAFE): ExpectedResult: SAFE UltimateResult: EXCEPTION_OR_ERROR   [de.uni_freiburg.informatik.ultimate.plugins.generator.codecheck: ClassCastException: de.uni_freiburg.informatik.ultimate.logic.ApplicationTerm cannot be cast to de.uni_freiburg.informatik.ultimate.modelcheckerutils.smt.linearTerms.AffineTerm: de.uni_freiburg.informatik.ultimate.modelcheckerutils.smt.linearTerms.AffineRelation.<init>(AffineRelation.java:54)]
2014-11-03_21-27-23-866 ### 114/220 ### Starting test for Input:svcomp/heap-manipulation/merge_sort_false-unreach-call.i Settings:settings/svcomp2015/svComp-32bit-precise-BE-Impulse.epf Toolchain:toolchains/CodeCheckWithBE-C.xml
2014-11-03_21-27-23-903 Finishing test with FAIL for Input:svcomp/heap-manipulation/merge_sort_false-unreach-call.i Settings:settings/svcomp2015/svComp-32bit-precise-BE-Impulse.epf Toolchain:toolchains/CodeCheckWithBE-C.xml: SYNTAX_ERROR(Expected:UNSAFE): ExpectedResult: UNSAFE UltimateResult: SYNTAX_ERROR   [ShortDescription: Type Error LongDescription: ~node~31already declared as local variable]
2014-11-03_21-27-24-033 ### 115/220 ### Starting test for Input:svcomp/heap-manipulation/merge_sort_true-unreach-call.i Settings:settings/svcomp2015/svComp-32bit-precise-BE-Impulse.epf Toolchain:toolchains/CodeCheckWithBE-C.xml
2014-11-03_21-27-24-072 Finishing test with FAIL for Input:svcomp/heap-manipulation/merge_sort_true-unreach-call.i Settings:settings/svcomp2015/svComp-32bit-precise-BE-Impulse.epf Toolchain:toolchains/CodeCheckWithBE-C.xml: SYNTAX_ERROR(Expected:SAFE): ExpectedResult: SAFE UltimateResult: SYNTAX_ERROR   [ShortDescription: Type Error LongDescription: ~node~31already declared as local variable]
2014-11-03_21-27-24-199 ### 116/220 ### Starting test for Input:svcomp/heap-manipulation/sll_to_dll_rev_false-unreach-call.i Settings:settings/svcomp2015/svComp-32bit-precise-BE-Impulse.epf Toolchain:toolchains/CodeCheckWithBE-C.xml
2014-11-03_21-27-38-480 Finishing test with FAIL for Input:svcomp/heap-manipulation/sll_to_dll_rev_false-unreach-call.i Settings:settings/svcomp2015/svComp-32bit-precise-BE-Impulse.epf Toolchain:toolchains/CodeCheckWithBE-C.xml: EXCEPTION_OR_ERROR(Expected:UNSAFE): ExpectedResult: UNSAFE UltimateResult: EXCEPTION_OR_ERROR   [de.uni_freiburg.informatik.ultimate.plugins.generator.codecheck: ClassCastException: de.uni_freiburg.informatik.ultimate.logic.ApplicationTerm cannot be cast to de.uni_freiburg.informatik.ultimate.modelcheckerutils.smt.linearTerms.AffineTerm: de.uni_freiburg.informatik.ultimate.modelcheckerutils.smt.linearTerms.AffineRelation.<init>(AffineRelation.java:54)]
2014-11-03_21-27-38-612 ### 117/220 ### Starting test for Input:svcomp/heap-manipulation/sll_to_dll_rev_true-unreach-call.i Settings:settings/svcomp2015/svComp-32bit-precise-BE-Impulse.epf Toolchain:toolchains/CodeCheckWithBE-C.xml
2014-11-03_21-28-16-811 Finishing test with UNKNOWN for Input:svcomp/heap-manipulation/sll_to_dll_rev_true-unreach-call.i Settings:settings/svcomp2015/svComp-32bit-precise-BE-Impulse.epf Toolchain:toolchains/CodeCheckWithBE-C.xml: TIMEOUT(Expected:SAFE): ExpectedResult: SAFE UltimateResult: TIMEOUT   [ShortDescription: Timeout LongDescription: Timout or Toolchain cancelled by user]
2014-11-03_21-28-16-969 ### 118/220 ### Starting test for Input:svcomp/ldv-regression/1_3.c_false-unreach-call.i Settings:settings/svcomp2015/svComp-32bit-precise-BE-Impulse.epf Toolchain:toolchains/CodeCheckWithBE-C.xml
2014-11-03_21-28-17-083 Finishing test with FAIL for Input:svcomp/ldv-regression/1_3.c_false-unreach-call.i Settings:settings/svcomp2015/svComp-32bit-precise-BE-Impulse.epf Toolchain:toolchains/CodeCheckWithBE-C.xml: EXCEPTION_OR_ERROR(Expected:UNSAFE): ExpectedResult: UNSAFE UltimateResult: EXCEPTION_OR_ERROR   [de.uni_freiburg.informatik.ultimate.plugins.generator.codecheck: ClassCastException: de.uni_freiburg.informatik.ultimate.logic.ApplicationTerm cannot be cast to de.uni_freiburg.informatik.ultimate.modelcheckerutils.smt.linearTerms.AffineTerm: de.uni_freiburg.informatik.ultimate.modelcheckerutils.smt.linearTerms.AffineRelation.<init>(AffineRelation.java:54)]
2014-11-03_21-28-17-202 ### 119/220 ### Starting test for Input:svcomp/ldv-regression/alias_of_return_2.c_true-unreach-call_1.i Settings:settings/svcomp2015/svComp-32bit-precise-BE-Impulse.epf Toolchain:toolchains/CodeCheckWithBE-C.xml
2014-11-03_21-28-17-267 Finishing test with SUCCESS for Input:svcomp/ldv-regression/alias_of_return_2.c_true-unreach-call_1.i Settings:settings/svcomp2015/svComp-32bit-precise-BE-Impulse.epf Toolchain:toolchains/CodeCheckWithBE-C.xml: SAFE(Expected:SAFE): ExpectedResult: SAFE UltimateResult: SAFE   [ShortDescription: All specifications hold LongDescription: 1 specifications checked. All of them hold]
2014-11-03_21-28-17-378 ### 120/220 ### Starting test for Input:svcomp/ldv-regression/just_assert.c_true-unreach-call.i Settings:settings/svcomp2015/svComp-32bit-precise-BE-Impulse.epf Toolchain:toolchains/CodeCheckWithBE-C.xml
2014-11-03_21-28-17-421 Finishing test with SUCCESS for Input:svcomp/ldv-regression/just_assert.c_true-unreach-call.i Settings:settings/svcomp2015/svComp-32bit-precise-BE-Impulse.epf Toolchain:toolchains/CodeCheckWithBE-C.xml: SAFE(Expected:SAFE): ExpectedResult: SAFE UltimateResult: SAFE   [ShortDescription: All specifications hold LongDescription: 1 specifications checked. All of them hold]
2014-11-03_21-28-17-528 ### 121/220 ### Starting test for Input:svcomp/ldv-regression/mutex_lock_struct.c_false-unreach-call.i Settings:settings/svcomp2015/svComp-32bit-precise-BE-Impulse.epf Toolchain:toolchains/CodeCheckWithBE-C.xml
2014-11-03_21-28-17-605 Finishing test with FAIL for Input:svcomp/ldv-regression/mutex_lock_struct.c_false-unreach-call.i Settings:settings/svcomp2015/svComp-32bit-precise-BE-Impulse.epf Toolchain:toolchains/CodeCheckWithBE-C.xml: EXCEPTION_OR_ERROR(Expected:UNSAFE): ExpectedResult: UNSAFE UltimateResult: EXCEPTION_OR_ERROR   [de.uni_freiburg.informatik.ultimate.plugins.generator.codecheck: ClassCastException: de.uni_freiburg.informatik.ultimate.logic.ApplicationTerm cannot be cast to de.uni_freiburg.informatik.ultimate.modelcheckerutils.smt.linearTerms.AffineTerm: de.uni_freiburg.informatik.ultimate.modelcheckerutils.smt.linearTerms.AffineRelation.<init>(AffineRelation.java:54)]
2014-11-03_21-28-17-713 ### 122/220 ### Starting test for Input:svcomp/ldv-regression/recursive_list.c_false-unreach-call.i Settings:settings/svcomp2015/svComp-32bit-precise-BE-Impulse.epf Toolchain:toolchains/CodeCheckWithBE-C.xml
2014-11-03_21-28-17-939 Finishing test with SUCCESS for Input:svcomp/ldv-regression/recursive_list.c_false-unreach-call.i Settings:settings/svcomp2015/svComp-32bit-precise-BE-Impulse.epf Toolchain:toolchains/CodeCheckWithBE-C.xml: UNSAFE(Expected:UNSAFE): ExpectedResult: UNSAFE UltimateResult: UNSAFE   a call of __VERIFIER_error() is reachable 
2014-11-03_21-28-18-071 ### 123/220 ### Starting test for Input:svcomp/ldv-regression/rule60_list.c_true-unreach-call.i Settings:settings/svcomp2015/svComp-32bit-precise-BE-Impulse.epf Toolchain:toolchains/CodeCheckWithBE-C.xml
2014-11-03_21-28-18-182 Finishing test with FAIL for Input:svcomp/ldv-regression/rule60_list.c_true-unreach-call.i Settings:settings/svcomp2015/svComp-32bit-precise-BE-Impulse.epf Toolchain:toolchains/CodeCheckWithBE-C.xml: EXCEPTION_OR_ERROR(Expected:SAFE): ExpectedResult: SAFE UltimateResult: EXCEPTION_OR_ERROR   [de.uni_freiburg.informatik.ultimate.plugins.generator.codecheck: ClassCastException: de.uni_freiburg.informatik.ultimate.logic.ApplicationTerm cannot be cast to de.uni_freiburg.informatik.ultimate.modelcheckerutils.smt.linearTerms.AffineTerm: de.uni_freiburg.informatik.ultimate.modelcheckerutils.smt.linearTerms.AffineRelation.<init>(AffineRelation.java:54)]
2014-11-03_21-28-18-291 ### 124/220 ### Starting test for Input:svcomp/list-properties/alternating_list_false-unreach-call.i Settings:settings/svcomp2015/svComp-32bit-precise-BE-Impulse.epf Toolchain:toolchains/CodeCheckWithBE-C.xml
2014-11-03_21-28-18-444 Finishing test with FAIL for Input:svcomp/list-properties/alternating_list_false-unreach-call.i Settings:settings/svcomp2015/svComp-32bit-precise-BE-Impulse.epf Toolchain:toolchains/CodeCheckWithBE-C.xml: EXCEPTION_OR_ERROR(Expected:UNSAFE): ExpectedResult: UNSAFE UltimateResult: EXCEPTION_OR_ERROR   [de.uni_freiburg.informatik.ultimate.plugins.generator.codecheck: ClassCastException: de.uni_freiburg.informatik.ultimate.logic.ApplicationTerm cannot be cast to de.uni_freiburg.informatik.ultimate.modelcheckerutils.smt.linearTerms.AffineTerm: de.uni_freiburg.informatik.ultimate.modelcheckerutils.smt.linearTerms.AffineRelation.<init>(AffineRelation.java:54)]
2014-11-03_21-28-18-571 ### 125/220 ### Starting test for Input:svcomp/list-properties/list_false-unreach-call.i Settings:settings/svcomp2015/svComp-32bit-precise-BE-Impulse.epf Toolchain:toolchains/CodeCheckWithBE-C.xml
2014-11-03_21-28-18-766 Finishing test with FAIL for Input:svcomp/list-properties/list_false-unreach-call.i Settings:settings/svcomp2015/svComp-32bit-precise-BE-Impulse.epf Toolchain:toolchains/CodeCheckWithBE-C.xml: EXCEPTION_OR_ERROR(Expected:UNSAFE): ExpectedResult: UNSAFE UltimateResult: EXCEPTION_OR_ERROR   [de.uni_freiburg.informatik.ultimate.plugins.generator.codecheck: ClassCastException: de.uni_freiburg.informatik.ultimate.logic.ApplicationTerm cannot be cast to de.uni_freiburg.informatik.ultimate.modelcheckerutils.smt.linearTerms.AffineTerm: de.uni_freiburg.informatik.ultimate.modelcheckerutils.smt.linearTerms.AffineRelation.<init>(AffineRelation.java:54)]
2014-11-03_21-28-18-889 ### 126/220 ### Starting test for Input:svcomp/list-properties/list_flag_false-unreach-call.i Settings:settings/svcomp2015/svComp-32bit-precise-BE-Impulse.epf Toolchain:toolchains/CodeCheckWithBE-C.xml
2014-11-03_21-28-19-039 Finishing test with FAIL for Input:svcomp/list-properties/list_flag_false-unreach-call.i Settings:settings/svcomp2015/svComp-32bit-precise-BE-Impulse.epf Toolchain:toolchains/CodeCheckWithBE-C.xml: EXCEPTION_OR_ERROR(Expected:UNSAFE): ExpectedResult: UNSAFE UltimateResult: EXCEPTION_OR_ERROR   [de.uni_freiburg.informatik.ultimate.plugins.generator.codecheck: ClassCastException: de.uni_freiburg.informatik.ultimate.logic.ApplicationTerm cannot be cast to de.uni_freiburg.informatik.ultimate.modelcheckerutils.smt.linearTerms.AffineTerm: de.uni_freiburg.informatik.ultimate.modelcheckerutils.smt.linearTerms.AffineRelation.<init>(AffineRelation.java:54)]
2014-11-03_21-28-19-153 ### 127/220 ### Starting test for Input:svcomp/list-properties/list_flag_true-unreach-call.i Settings:settings/svcomp2015/svComp-32bit-precise-BE-Impulse.epf Toolchain:toolchains/CodeCheckWithBE-C.xml
2014-11-03_21-28-19-302 Finishing test with FAIL for Input:svcomp/list-properties/list_flag_true-unreach-call.i Settings:settings/svcomp2015/svComp-32bit-precise-BE-Impulse.epf Toolchain:toolchains/CodeCheckWithBE-C.xml: EXCEPTION_OR_ERROR(Expected:SAFE): ExpectedResult: SAFE UltimateResult: EXCEPTION_OR_ERROR   [de.uni_freiburg.informatik.ultimate.plugins.generator.codecheck: ClassCastException: de.uni_freiburg.informatik.ultimate.logic.ApplicationTerm cannot be cast to de.uni_freiburg.informatik.ultimate.modelcheckerutils.smt.linearTerms.AffineTerm: de.uni_freiburg.informatik.ultimate.modelcheckerutils.smt.linearTerms.AffineRelation.<init>(AffineRelation.java:54)]
2014-11-03_21-28-19-420 ### 128/220 ### Starting test for Input:svcomp/list-properties/simple_true-unreach-call.i Settings:settings/svcomp2015/svComp-32bit-precise-BE-Impulse.epf Toolchain:toolchains/CodeCheckWithBE-C.xml
2014-11-03_21-28-19-556 Finishing test with FAIL for Input:svcomp/list-properties/simple_true-unreach-call.i Settings:settings/svcomp2015/svComp-32bit-precise-BE-Impulse.epf Toolchain:toolchains/CodeCheckWithBE-C.xml: EXCEPTION_OR_ERROR(Expected:SAFE): ExpectedResult: SAFE UltimateResult: EXCEPTION_OR_ERROR   [de.uni_freiburg.informatik.ultimate.plugins.generator.codecheck: ClassCastException: de.uni_freiburg.informatik.ultimate.logic.ApplicationTerm cannot be cast to de.uni_freiburg.informatik.ultimate.modelcheckerutils.smt.linearTerms.AffineTerm: de.uni_freiburg.informatik.ultimate.modelcheckerutils.smt.linearTerms.AffineRelation.<init>(AffineRelation.java:55)]
2014-11-03_21-28-19-667 ### 129/220 ### Starting test for Input:svcomp/list-properties/splice_true-unreach-call.i Settings:settings/svcomp2015/svComp-32bit-precise-BE-Impulse.epf Toolchain:toolchains/CodeCheckWithBE-C.xml
2014-11-03_21-28-20-291 Finishing test with FAIL for Input:svcomp/list-properties/splice_true-unreach-call.i Settings:settings/svcomp2015/svComp-32bit-precise-BE-Impulse.epf Toolchain:toolchains/CodeCheckWithBE-C.xml: EXCEPTION_OR_ERROR(Expected:SAFE): ExpectedResult: SAFE UltimateResult: EXCEPTION_OR_ERROR   [de.uni_freiburg.informatik.ultimate.plugins.generator.codecheck: ClassCastException: de.uni_freiburg.informatik.ultimate.logic.ApplicationTerm cannot be cast to de.uni_freiburg.informatik.ultimate.modelcheckerutils.smt.linearTerms.AffineTerm: de.uni_freiburg.informatik.ultimate.modelcheckerutils.smt.linearTerms.AffineRelation.<init>(AffineRelation.java:54)]
2014-11-03_21-28-20-403 ### 130/220 ### Starting test for Input:svcomp/loop-acceleration/array_true-unreach-call2.i Settings:settings/svcomp2015/svComp-32bit-precise-BE-Impulse.epf Toolchain:toolchains/CodeCheckWithBE-C.xml
2014-11-03_21-28-50-433 Finishing test with UNKNOWN for Input:svcomp/loop-acceleration/array_true-unreach-call2.i Settings:settings/svcomp2015/svComp-32bit-precise-BE-Impulse.epf Toolchain:toolchains/CodeCheckWithBE-C.xml: TIMEOUT(Expected:SAFE): ExpectedResult: SAFE UltimateResult: TIMEOUT   [ShortDescription: Timeout LongDescription: Timout or Toolchain cancelled by user]
2014-11-03_21-28-50-548 ### 131/220 ### Starting test for Input:svcomp/loop-acceleration/diamond_false-unreach-call2.i Settings:settings/svcomp2015/svComp-32bit-precise-BE-Impulse.epf Toolchain:toolchains/CodeCheckWithBE-C.xml
2014-11-03_21-28-50-728 Finishing test with SUCCESS for Input:svcomp/loop-acceleration/diamond_false-unreach-call2.i Settings:settings/svcomp2015/svComp-32bit-precise-BE-Impulse.epf Toolchain:toolchains/CodeCheckWithBE-C.xml: UNSAFE(Expected:UNSAFE): ExpectedResult: UNSAFE UltimateResult: UNSAFE   a call of __VERIFIER_error() is reachable 
2014-11-03_21-28-50-848 ### 132/220 ### Starting test for Input:svcomp/loop-acceleration/phases_false-unreach-call1.i Settings:settings/svcomp2015/svComp-32bit-precise-BE-Impulse.epf Toolchain:toolchains/CodeCheckWithBE-C.xml
2014-11-03_21-29-17-425 Finishing test with FAIL for Input:svcomp/loop-acceleration/phases_false-unreach-call1.i Settings:settings/svcomp2015/svComp-32bit-precise-BE-Impulse.epf Toolchain:toolchains/CodeCheckWithBE-C.xml: EXCEPTION_OR_ERROR(Expected:UNSAFE): ExpectedResult: UNSAFE UltimateResult: EXCEPTION_OR_ERROR   [de.uni_freiburg.informatik.ultimate.plugins.generator.codecheck: AssertionError: no branch was taken: de.uni_freiburg.informatik.ultimate.plugins.generator.rcfgbuilder.RCFGBacktranslator.addCodeBlock(RCFGBacktranslator.java:128)]
2014-11-03_21-29-17-609 ### 133/220 ### Starting test for Input:svcomp/loop-acceleration/phases_false-unreach-call2.i Settings:settings/svcomp2015/svComp-32bit-precise-BE-Impulse.epf Toolchain:toolchains/CodeCheckWithBE-C.xml
2014-11-03_21-29-17-644 Finishing test with FAIL for Input:svcomp/loop-acceleration/phases_false-unreach-call2.i Settings:settings/svcomp2015/svComp-32bit-precise-BE-Impulse.epf Toolchain:toolchains/CodeCheckWithBE-C.xml: EXCEPTION_OR_ERROR(Expected:UNSAFE): ExpectedResult: UNSAFE UltimateResult: EXCEPTION_OR_ERROR   [de.uni_freiburg.informatik.ultimate.plugins.generator.rcfgbuilder: SMTLIBException: line 97 column 335: logic does not support nonlinear arithmetic: de.uni_freiburg.informatik.ultimate.smtsolver.external.Parser$Action$.CUP$do_action(Parser.java:1338)]
2014-11-03_21-29-17-758 ### 134/220 ### Starting test for Input:svcomp/loop-acceleration/phases_true-unreach-call1.i Settings:settings/svcomp2015/svComp-32bit-precise-BE-Impulse.epf Toolchain:toolchains/CodeCheckWithBE-C.xml
2014-11-03_21-29-43-724 Finishing test with FAIL for Input:svcomp/loop-acceleration/phases_true-unreach-call1.i Settings:settings/svcomp2015/svComp-32bit-precise-BE-Impulse.epf Toolchain:toolchains/CodeCheckWithBE-C.xml: EXCEPTION_OR_ERROR(Expected:SAFE): ExpectedResult: SAFE UltimateResult: EXCEPTION_OR_ERROR   [de.uni_freiburg.informatik.ultimate.plugins.generator.codecheck: AssertionError: no branch was taken: de.uni_freiburg.informatik.ultimate.plugins.generator.rcfgbuilder.RCFGBacktranslator.addCodeBlock(RCFGBacktranslator.java:128)]
2014-11-03_21-29-43-851 ### 135/220 ### Starting test for Input:svcomp/loop-acceleration/simple_true-unreach-call1.i Settings:settings/svcomp2015/svComp-32bit-precise-BE-Impulse.epf Toolchain:toolchains/CodeCheckWithBE-C.xml
2014-11-03_21-30-13-880 Finishing test with UNKNOWN for Input:svcomp/loop-acceleration/simple_true-unreach-call1.i Settings:settings/svcomp2015/svComp-32bit-precise-BE-Impulse.epf Toolchain:toolchains/CodeCheckWithBE-C.xml: TIMEOUT(Expected:SAFE): ExpectedResult: SAFE UltimateResult: TIMEOUT   [ShortDescription: Timeout LongDescription: Timout or Toolchain cancelled by user]
2014-11-03_21-30-14-021 ### 136/220 ### Starting test for Input:svcomp/loop-invgen/NetBSD_loop_false-unreach-call.i Settings:settings/svcomp2015/svComp-32bit-precise-BE-Impulse.epf Toolchain:toolchains/CodeCheckWithBE-C.xml
2014-11-03_21-30-24-448 Finishing test with FAIL for Input:svcomp/loop-invgen/NetBSD_loop_false-unreach-call.i Settings:settings/svcomp2015/svComp-32bit-precise-BE-Impulse.epf Toolchain:toolchains/CodeCheckWithBE-C.xml: SAFE(Expected:UNSAFE): ExpectedResult: UNSAFE UltimateResult: SAFE   [ShortDescription: All specifications hold LongDescription: 1 specifications checked. All of them hold]
2014-11-03_21-30-24-578 ### 137/220 ### Starting test for Input:svcomp/loop-invgen/SpamAssassin-loop_false-unreach-call.i Settings:settings/svcomp2015/svComp-32bit-precise-BE-Impulse.epf Toolchain:toolchains/CodeCheckWithBE-C.xml
2014-11-03_21-30-57-770 Finishing test with UNKNOWN for Input:svcomp/loop-invgen/SpamAssassin-loop_false-unreach-call.i Settings:settings/svcomp2015/svComp-32bit-precise-BE-Impulse.epf Toolchain:toolchains/CodeCheckWithBE-C.xml: TIMEOUT(Expected:UNSAFE): ExpectedResult: UNSAFE UltimateResult: TIMEOUT   [ShortDescription: Timeout LongDescription: Unable to prove that call of __VERIFIER_error() unreachable (line 5)]
2014-11-03_21-30-57-910 ### 138/220 ### Starting test for Input:svcomp/loop-invgen/fragtest_simple_true-unreach-call.i Settings:settings/svcomp2015/svComp-32bit-precise-BE-Impulse.epf Toolchain:toolchains/CodeCheckWithBE-C.xml
2014-11-03_21-31-37-172 Finishing test with UNKNOWN for Input:svcomp/loop-invgen/fragtest_simple_true-unreach-call.i Settings:settings/svcomp2015/svComp-32bit-precise-BE-Impulse.epf Toolchain:toolchains/CodeCheckWithBE-C.xml: TIMEOUT(Expected:SAFE): ExpectedResult: SAFE UltimateResult: TIMEOUT   [ShortDescription: Timeout LongDescription: Unable to prove that call of __VERIFIER_error() unreachable (line 5)]
2014-11-03_21-31-37-327 ### 139/220 ### Starting test for Input:svcomp/loop-invgen/id_build_true-unreach-call.i Settings:settings/svcomp2015/svComp-32bit-precise-BE-Impulse.epf Toolchain:toolchains/CodeCheckWithBE-C.xml
2014-11-03_21-32-10-341 Finishing test with UNKNOWN for Input:svcomp/loop-invgen/id_build_true-unreach-call.i Settings:settings/svcomp2015/svComp-32bit-precise-BE-Impulse.epf Toolchain:toolchains/CodeCheckWithBE-C.xml: TIMEOUT(Expected:SAFE): ExpectedResult: SAFE UltimateResult: TIMEOUT   [ShortDescription: Timeout LongDescription: Unable to prove that call of __VERIFIER_error() unreachable (line 5)]
2014-11-03_21-32-10-462 ### 140/220 ### Starting test for Input:svcomp/loop-invgen/id_trans_false-unreach-call.i Settings:settings/svcomp2015/svComp-32bit-precise-BE-Impulse.epf Toolchain:toolchains/CodeCheckWithBE-C.xml
2014-11-03_21-32-13-256 Finishing test with SUCCESS for Input:svcomp/loop-invgen/id_trans_false-unreach-call.i Settings:settings/svcomp2015/svComp-32bit-precise-BE-Impulse.epf Toolchain:toolchains/CodeCheckWithBE-C.xml: UNSAFE(Expected:UNSAFE): ExpectedResult: UNSAFE UltimateResult: UNSAFE   a call of __VERIFIER_error() is reachable 
2014-11-03_21-32-13-393 ### 141/220 ### Starting test for Input:svcomp/loop-invgen/nested6_true-unreach-call.i Settings:settings/svcomp2015/svComp-32bit-precise-BE-Impulse.epf Toolchain:toolchains/CodeCheckWithBE-C.xml
2014-11-03_21-32-46-005 Finishing test with UNKNOWN for Input:svcomp/loop-invgen/nested6_true-unreach-call.i Settings:settings/svcomp2015/svComp-32bit-precise-BE-Impulse.epf Toolchain:toolchains/CodeCheckWithBE-C.xml: TIMEOUT(Expected:SAFE): ExpectedResult: SAFE UltimateResult: TIMEOUT   [ShortDescription: Timeout LongDescription: Unable to prove that call of __VERIFIER_error() unreachable (line 5)]
2014-11-03_21-32-46-119 ### 142/220 ### Starting test for Input:svcomp/loop-lit/cggmp2005b_true-unreach-call.c.i Settings:settings/svcomp2015/svComp-32bit-precise-BE-Impulse.epf Toolchain:toolchains/CodeCheckWithBE-C.xml
2014-11-03_21-33-17-798 Finishing test with UNKNOWN for Input:svcomp/loop-lit/cggmp2005b_true-unreach-call.c.i Settings:settings/svcomp2015/svComp-32bit-precise-BE-Impulse.epf Toolchain:toolchains/CodeCheckWithBE-C.xml: TIMEOUT(Expected:SAFE): ExpectedResult: SAFE UltimateResult: TIMEOUT   [ShortDescription: Timeout LongDescription: Timout or Toolchain cancelled by user]
2014-11-03_21-33-17-913 ### 143/220 ### Starting test for Input:svcomp/loop-lit/gj2007_true-unreach-call.c.i Settings:settings/svcomp2015/svComp-32bit-precise-BE-Impulse.epf Toolchain:toolchains/CodeCheckWithBE-C.xml
2014-11-03_21-33-47-939 Finishing test with UNKNOWN for Input:svcomp/loop-lit/gj2007_true-unreach-call.c.i Settings:settings/svcomp2015/svComp-32bit-precise-BE-Impulse.epf Toolchain:toolchains/CodeCheckWithBE-C.xml: TIMEOUT(Expected:SAFE): ExpectedResult: SAFE UltimateResult: TIMEOUT   [ShortDescription: Timeout LongDescription: Timout or Toolchain cancelled by user]
2014-11-03_21-33-48-053 ### 144/220 ### Starting test for Input:svcomp/loop-lit/gj2007b_true-unreach-call.c.i Settings:settings/svcomp2015/svComp-32bit-precise-BE-Impulse.epf Toolchain:toolchains/CodeCheckWithBE-C.xml
2014-11-03_21-33-48-662 Finishing test with SUCCESS for Input:svcomp/loop-lit/gj2007b_true-unreach-call.c.i Settings:settings/svcomp2015/svComp-32bit-precise-BE-Impulse.epf Toolchain:toolchains/CodeCheckWithBE-C.xml: SAFE(Expected:SAFE): ExpectedResult: SAFE UltimateResult: SAFE   [ShortDescription: All specifications hold LongDescription: 1 specifications checked. All of them hold]
2014-11-03_21-33-48-772 ### 145/220 ### Starting test for Input:svcomp/loop-new/count_by_1_true-unreach-call.i Settings:settings/svcomp2015/svComp-32bit-precise-BE-Impulse.epf Toolchain:toolchains/CodeCheckWithBE-C.xml
2014-11-03_21-34-18-834 Finishing test with UNKNOWN for Input:svcomp/loop-new/count_by_1_true-unreach-call.i Settings:settings/svcomp2015/svComp-32bit-precise-BE-Impulse.epf Toolchain:toolchains/CodeCheckWithBE-C.xml: TIMEOUT(Expected:SAFE): ExpectedResult: SAFE UltimateResult: TIMEOUT   [ShortDescription: Timeout LongDescription: Unable to prove that call of __VERIFIER_error() unreachable (line 5)]
2014-11-03_21-34-18-950 ### 146/220 ### Starting test for Input:svcomp/loop-new/gauss_sum_true-unreach-call.i Settings:settings/svcomp2015/svComp-32bit-precise-BE-Impulse.epf Toolchain:toolchains/CodeCheckWithBE-C.xml
2014-11-03_21-34-19-001 Finishing test with FAIL for Input:svcomp/loop-new/gauss_sum_true-unreach-call.i Settings:settings/svcomp2015/svComp-32bit-precise-BE-Impulse.epf Toolchain:toolchains/CodeCheckWithBE-C.xml: EXCEPTION_OR_ERROR(Expected:SAFE): ExpectedResult: SAFE UltimateResult: EXCEPTION_OR_ERROR   [de.uni_freiburg.informatik.ultimate.plugins.generator.codecheck: SMTLIBException: line 275 column 154: logic does not support nonlinear arithmetic: de.uni_freiburg.informatik.ultimate.smtsolver.external.Parser$Action$.CUP$do_action(Parser.java:1338)]
2014-11-03_21-34-19-109 ### 147/220 ### Starting test for Input:svcomp/loop-new/nested_true-unreach-call.i Settings:settings/svcomp2015/svComp-32bit-precise-BE-Impulse.epf Toolchain:toolchains/CodeCheckWithBE-C.xml
2014-11-03_21-34-49-199 Finishing test with UNKNOWN for Input:svcomp/loop-new/nested_true-unreach-call.i Settings:settings/svcomp2015/svComp-32bit-precise-BE-Impulse.epf Toolchain:toolchains/CodeCheckWithBE-C.xml: TIMEOUT(Expected:SAFE): ExpectedResult: SAFE UltimateResult: TIMEOUT   [ShortDescription: Timeout LongDescription: Timout or Toolchain cancelled by user]
2014-11-03_21-34-49-309 ### 148/220 ### Starting test for Input:svcomp/loops/count_up_down_false-unreach-call_true-termination.i Settings:settings/svcomp2015/svComp-32bit-precise-BE-Impulse.epf Toolchain:toolchains/CodeCheckWithBE-C.xml
2014-11-03_21-34-49-369 Finishing test with SUCCESS for Input:svcomp/loops/count_up_down_false-unreach-call_true-termination.i Settings:settings/svcomp2015/svComp-32bit-precise-BE-Impulse.epf Toolchain:toolchains/CodeCheckWithBE-C.xml: UNSAFE(Expected:UNSAFE): ExpectedResult: UNSAFE UltimateResult: UNSAFE   a call of __VERIFIER_error() is reachable 
2014-11-03_21-34-49-481 ### 149/220 ### Starting test for Input:svcomp/loops/for_infinite_loop_2_true-unreach-call_false-termination.i Settings:settings/svcomp2015/svComp-32bit-precise-BE-Impulse.epf Toolchain:toolchains/CodeCheckWithBE-C.xml
2014-11-03_21-34-49-597 Finishing test with SUCCESS for Input:svcomp/loops/for_infinite_loop_2_true-unreach-call_false-termination.i Settings:settings/svcomp2015/svComp-32bit-precise-BE-Impulse.epf Toolchain:toolchains/CodeCheckWithBE-C.xml: SAFE(Expected:SAFE): ExpectedResult: SAFE UltimateResult: SAFE   [ShortDescription: All specifications hold LongDescription: 1 specifications checked. All of them hold]
2014-11-03_21-34-49-711 ### 150/220 ### Starting test for Input:svcomp/loops/linear_search_false-unreach-call.i Settings:settings/svcomp2015/svComp-32bit-precise-BE-Impulse.epf Toolchain:toolchains/CodeCheckWithBE-C.xml
2014-11-03_21-34-49-737 Finishing test with FAIL for Input:svcomp/loops/linear_search_false-unreach-call.i Settings:settings/svcomp2015/svComp-32bit-precise-BE-Impulse.epf Toolchain:toolchains/CodeCheckWithBE-C.xml: UNSUPPORTED_SYNTAX(Expected:UNSAFE): ExpectedResult: UNSAFE UltimateResult: UNSUPPORTED_SYNTAX   [ShortDescription: Unsupported Syntax LongDescription: we need to generalize this to nested and/or variable length arrays]
2014-11-03_21-34-49-852 ### 151/220 ### Starting test for Input:svcomp/loops/nec11_false-unreach-call.i Settings:settings/svcomp2015/svComp-32bit-precise-BE-Impulse.epf Toolchain:toolchains/CodeCheckWithBE-C.xml
2014-11-03_21-34-49-919 Finishing test with SUCCESS for Input:svcomp/loops/nec11_false-unreach-call.i Settings:settings/svcomp2015/svComp-32bit-precise-BE-Impulse.epf Toolchain:toolchains/CodeCheckWithBE-C.xml: UNSAFE(Expected:UNSAFE): ExpectedResult: UNSAFE UltimateResult: UNSAFE   a call of __VERIFIER_error() is reachable 
2014-11-03_21-34-50-029 ### 152/220 ### Starting test for Input:svcomp/loops/string_true-unreach-call.i Settings:settings/svcomp2015/svComp-32bit-precise-BE-Impulse.epf Toolchain:toolchains/CodeCheckWithBE-C.xml
2014-11-03_21-34-51-037 Finishing test with SUCCESS for Input:svcomp/loops/string_true-unreach-call.i Settings:settings/svcomp2015/svComp-32bit-precise-BE-Impulse.epf Toolchain:toolchains/CodeCheckWithBE-C.xml: SAFE(Expected:SAFE): ExpectedResult: SAFE UltimateResult: SAFE   [ShortDescription: All specifications hold LongDescription: 1 specifications checked. All of them hold]
2014-11-03_21-34-51-154 ### 153/220 ### Starting test for Input:svcomp/loops/sum01_true-unreach-call_true-termination.i Settings:settings/svcomp2015/svComp-32bit-precise-BE-Impulse.epf Toolchain:toolchains/CodeCheckWithBE-C.xml
2014-11-03_21-35-21-177 Finishing test with UNKNOWN for Input:svcomp/loops/sum01_true-unreach-call_true-termination.i Settings:settings/svcomp2015/svComp-32bit-precise-BE-Impulse.epf Toolchain:toolchains/CodeCheckWithBE-C.xml: TIMEOUT(Expected:SAFE): ExpectedResult: SAFE UltimateResult: TIMEOUT   [ShortDescription: Timeout LongDescription: Timout or Toolchain cancelled by user]
2014-11-03_21-35-21-294 ### 154/220 ### Starting test for Input:svcomp/list-ext-properties/960521-1_1_false-valid-deref.i Settings:settings/svcomp2015/svComp-32bit-memsafety-BE-Impulse.epf.epf Toolchain:toolchains/CodeCheckWithBE-C.xml
2014-11-03_21-35-21-381 Finishing test with FAIL for Input:svcomp/list-ext-properties/960521-1_1_false-valid-deref.i Settings:settings/svcomp2015/svComp-32bit-memsafety-BE-Impulse.epf.epf Toolchain:toolchains/CodeCheckWithBE-C.xml: SAFE(Expected:UNSAFE_DEREF): ExpectedResult: UNSAFE_DEREF UltimateResult: SAFE   [ShortDescription: All specifications hold LongDescription: We were not able to verify any specifiation because the program does not contain any specification.]
2014-11-03_21-35-21-508 ### 155/220 ### Starting test for Input:svcomp/list-ext-properties/960521-1_1_false-valid-free.i Settings:settings/svcomp2015/svComp-32bit-memsafety-BE-Impulse.epf.epf Toolchain:toolchains/CodeCheckWithBE-C.xml
2014-11-03_21-35-21-591 Finishing test with FAIL for Input:svcomp/list-ext-properties/960521-1_1_false-valid-free.i Settings:settings/svcomp2015/svComp-32bit-memsafety-BE-Impulse.epf.epf Toolchain:toolchains/CodeCheckWithBE-C.xml: SAFE(Expected:UNSAFE_FREE): ExpectedResult: UNSAFE_FREE UltimateResult: SAFE   [ShortDescription: All specifications hold LongDescription: We were not able to verify any specifiation because the program does not contain any specification.]
2014-11-03_21-35-21-707 ### 156/220 ### Starting test for Input:svcomp/list-ext-properties/test-0019_1_true-valid-memsafety.i Settings:settings/svcomp2015/svComp-32bit-memsafety-BE-Impulse.epf.epf Toolchain:toolchains/CodeCheckWithBE-C.xml
2014-11-03_21-35-21-798 Finishing test with SUCCESS for Input:svcomp/list-ext-properties/test-0019_1_true-valid-memsafety.i Settings:settings/svcomp2015/svComp-32bit-memsafety-BE-Impulse.epf.epf Toolchain:toolchains/CodeCheckWithBE-C.xml: SAFE(Expected:SAFE): ExpectedResult: SAFE UltimateResult: SAFE   [ShortDescription: All specifications hold LongDescription: We were not able to verify any specifiation because the program does not contain any specification.]
2014-11-03_21-35-21-913 ### 157/220 ### Starting test for Input:svcomp/list-ext-properties/test-0232_1_false-valid-memtrack.i Settings:settings/svcomp2015/svComp-32bit-memsafety-BE-Impulse.epf.epf Toolchain:toolchains/CodeCheckWithBE-C.xml
2014-11-03_21-35-22-053 Finishing test with FAIL for Input:svcomp/list-ext-properties/test-0232_1_false-valid-memtrack.i Settings:settings/svcomp2015/svComp-32bit-memsafety-BE-Impulse.epf.epf Toolchain:toolchains/CodeCheckWithBE-C.xml: SAFE(Expected:UNSAFE_MEMTRACK): ExpectedResult: UNSAFE_MEMTRACK UltimateResult: SAFE   [ShortDescription: All specifications hold LongDescription: We were not able to verify any specifiation because the program does not contain any specification.]
2014-11-03_21-35-22-177 ### 158/220 ### Starting test for Input:svcomp/memory-alloca/c.02-alloca_true-valid-memsafety.i Settings:settings/svcomp2015/svComp-32bit-memsafety-BE-Impulse.epf.epf Toolchain:toolchains/CodeCheckWithBE-C.xml
2014-11-03_21-35-22-256 Finishing test with SUCCESS for Input:svcomp/memory-alloca/c.02-alloca_true-valid-memsafety.i Settings:settings/svcomp2015/svComp-32bit-memsafety-BE-Impulse.epf.epf Toolchain:toolchains/CodeCheckWithBE-C.xml: SAFE(Expected:SAFE): ExpectedResult: SAFE UltimateResult: SAFE   [ShortDescription: All specifications hold LongDescription: We were not able to verify any specifiation because the program does not contain any specification.]
2014-11-03_21-35-22-368 ### 159/220 ### Starting test for Input:svcomp/memory-alloca/cstrcpy_unsafe_false-valid-deref.i Settings:settings/svcomp2015/svComp-32bit-memsafety-BE-Impulse.epf.epf Toolchain:toolchains/CodeCheckWithBE-C.xml
2014-11-03_21-35-22-425 Finishing test with FAIL for Input:svcomp/memory-alloca/cstrcpy_unsafe_false-valid-deref.i Settings:settings/svcomp2015/svComp-32bit-memsafety-BE-Impulse.epf.epf Toolchain:toolchains/CodeCheckWithBE-C.xml: SAFE(Expected:UNSAFE_DEREF): ExpectedResult: UNSAFE_DEREF UltimateResult: SAFE   [ShortDescription: All specifications hold LongDescription: We were not able to verify any specifiation because the program does not contain any specification.]
2014-11-03_21-35-22-535 ### 160/220 ### Starting test for Input:svcomp/memsafety-ext/tree_dsw_true-valid-memsafety.i Settings:settings/svcomp2015/svComp-32bit-memsafety-BE-Impulse.epf.epf Toolchain:toolchains/CodeCheckWithBE-C.xml
2014-11-03_21-35-27-415 Finishing test with SUCCESS for Input:svcomp/memsafety-ext/tree_dsw_true-valid-memsafety.i Settings:settings/svcomp2015/svComp-32bit-memsafety-BE-Impulse.epf.epf Toolchain:toolchains/CodeCheckWithBE-C.xml: SAFE(Expected:SAFE): ExpectedResult: SAFE UltimateResult: SAFE   [ShortDescription: All specifications hold LongDescription: We were not able to verify any specifiation because the program does not contain any specification.]
2014-11-03_21-35-27-543 ### 161/220 ### Starting test for Input:svcomp/memsafety/960521-1_false-valid-deref.i Settings:settings/svcomp2015/svComp-32bit-memsafety-BE-Impulse.epf.epf Toolchain:toolchains/CodeCheckWithBE-C.xml
2014-11-03_21-35-27-614 Finishing test with FAIL for Input:svcomp/memsafety/960521-1_false-valid-deref.i Settings:settings/svcomp2015/svComp-32bit-memsafety-BE-Impulse.epf.epf Toolchain:toolchains/CodeCheckWithBE-C.xml: SAFE(Expected:UNSAFE_DEREF): ExpectedResult: UNSAFE_DEREF UltimateResult: SAFE   [ShortDescription: All specifications hold LongDescription: We were not able to verify any specifiation because the program does not contain any specification.]
2014-11-03_21-35-27-725 ### 162/220 ### Starting test for Input:svcomp/memsafety/960521-1_false-valid-free.i Settings:settings/svcomp2015/svComp-32bit-memsafety-BE-Impulse.epf.epf Toolchain:toolchains/CodeCheckWithBE-C.xml
2014-11-03_21-35-27-800 Finishing test with FAIL for Input:svcomp/memsafety/960521-1_false-valid-free.i Settings:settings/svcomp2015/svComp-32bit-memsafety-BE-Impulse.epf.epf Toolchain:toolchains/CodeCheckWithBE-C.xml: SAFE(Expected:UNSAFE_FREE): ExpectedResult: UNSAFE_FREE UltimateResult: SAFE   [ShortDescription: All specifications hold LongDescription: We were not able to verify any specifiation because the program does not contain any specification.]
2014-11-03_21-35-27-918 ### 163/220 ### Starting test for Input:svcomp/memsafety/test-0220_false-valid-memtrack.i Settings:settings/svcomp2015/svComp-32bit-memsafety-BE-Impulse.epf.epf Toolchain:toolchains/CodeCheckWithBE-C.xml
2014-11-03_21-35-27-973 Finishing test with FAIL for Input:svcomp/memsafety/test-0220_false-valid-memtrack.i Settings:settings/svcomp2015/svComp-32bit-memsafety-BE-Impulse.epf.epf Toolchain:toolchains/CodeCheckWithBE-C.xml: EXCEPTION_OR_ERROR(Expected:UNSAFE_MEMTRACK): ExpectedResult: UNSAFE_MEMTRACK UltimateResult: EXCEPTION_OR_ERROR   [de.uni_freiburg.informatik.ultimate.plugins.generator.rcfgbuilder: SMTLIBException: line 427 column 895: logic does not support nonlinear arithmetic: de.uni_freiburg.informatik.ultimate.smtsolver.external.Parser$Action$.CUP$do_action(Parser.java:1338)]
2014-11-03_21-35-28-092 ### 164/220 ### Starting test for Input:svcomp/memsafety/test-0236_true-valid-memsafety.i Settings:settings/svcomp2015/svComp-32bit-memsafety-BE-Impulse.epf.epf Toolchain:toolchains/CodeCheckWithBE-C.xml
2014-11-03_21-35-28-171 Finishing test with FAIL for Input:svcomp/memsafety/test-0236_true-valid-memsafety.i Settings:settings/svcomp2015/svComp-32bit-memsafety-BE-Impulse.epf.epf Toolchain:toolchains/CodeCheckWithBE-C.xml: EXCEPTION_OR_ERROR(Expected:SAFE): ExpectedResult: SAFE UltimateResult: EXCEPTION_OR_ERROR   [de.uni_freiburg.informatik.ultimate.plugins.generator.rcfgbuilder: SMTLIBException: line 742 column 895: logic does not support nonlinear arithmetic: de.uni_freiburg.informatik.ultimate.smtsolver.external.Parser$Action$.CUP$do_action(Parser.java:1338)]
2014-11-03_21-35-28-298 ### 165/220 ### Starting test for Input:svcomp/recursive/Ackermann01_true-unreach-call.c Settings:settings/svcomp2015/svComp-32bit-precise-BE-Impulse.epf Toolchain:toolchains/CodeCheckWithBE-C.xml
2014-11-03_21-36-01-074 Finishing test with UNKNOWN for Input:svcomp/recursive/Ackermann01_true-unreach-call.c Settings:settings/svcomp2015/svComp-32bit-precise-BE-Impulse.epf Toolchain:toolchains/CodeCheckWithBE-C.xml: TIMEOUT(Expected:SAFE): ExpectedResult: SAFE UltimateResult: TIMEOUT   [ShortDescription: Timeout LongDescription: Unable to prove that call of __VERIFIER_error() unreachable (line 38)]
2014-11-03_21-36-01-189 ### 166/220 ### Starting test for Input:svcomp/recursive/Ackermann02_false-unreach-call_false-termination.c Settings:settings/svcomp2015/svComp-32bit-precise-BE-Impulse.epf Toolchain:toolchains/CodeCheckWithBE-C.xml
2014-11-03_21-36-01-745 Finishing test with SUCCESS for Input:svcomp/recursive/Ackermann02_false-unreach-call_false-termination.c Settings:settings/svcomp2015/svComp-32bit-precise-BE-Impulse.epf Toolchain:toolchains/CodeCheckWithBE-C.xml: UNSAFE(Expected:UNSAFE): ExpectedResult: UNSAFE UltimateResult: UNSAFE   a call of __VERIFIER_error() is reachable 
2014-11-03_21-36-01-866 ### 167/220 ### Starting test for Input:svcomp/recursive/Ackermann03_true-unreach-call.c Settings:settings/svcomp2015/svComp-32bit-precise-BE-Impulse.epf Toolchain:toolchains/CodeCheckWithBE-C.xml
2014-11-03_21-36-44-713 Finishing test with UNKNOWN for Input:svcomp/recursive/Ackermann03_true-unreach-call.c Settings:settings/svcomp2015/svComp-32bit-precise-BE-Impulse.epf Toolchain:toolchains/CodeCheckWithBE-C.xml: TIMEOUT(Expected:SAFE): ExpectedResult: SAFE UltimateResult: TIMEOUT   [ShortDescription: Timeout LongDescription: Unable to prove that call of __VERIFIER_error() unreachable (line 38)]
2014-11-03_21-36-44-835 ### 168/220 ### Starting test for Input:svcomp/recursive/Addition02_false-unreach-call_false-termination.c Settings:settings/svcomp2015/svComp-32bit-precise-BE-Impulse.epf Toolchain:toolchains/CodeCheckWithBE-C.xml
2014-11-03_21-36-45-006 Finishing test with SUCCESS for Input:svcomp/recursive/Addition02_false-unreach-call_false-termination.c Settings:settings/svcomp2015/svComp-32bit-precise-BE-Impulse.epf Toolchain:toolchains/CodeCheckWithBE-C.xml: UNSAFE(Expected:UNSAFE): ExpectedResult: UNSAFE UltimateResult: UNSAFE   a call of __VERIFIER_error() is reachable 
2014-11-03_21-36-45-117 ### 169/220 ### Starting test for Input:svcomp/recursive/Addition03_false-unreach-call.c Settings:settings/svcomp2015/svComp-32bit-precise-BE-Impulse.epf Toolchain:toolchains/CodeCheckWithBE-C.xml
2014-11-03_21-37-23-253 Finishing test with UNKNOWN for Input:svcomp/recursive/Addition03_false-unreach-call.c Settings:settings/svcomp2015/svComp-32bit-precise-BE-Impulse.epf Toolchain:toolchains/CodeCheckWithBE-C.xml: TIMEOUT(Expected:UNSAFE): ExpectedResult: UNSAFE UltimateResult: TIMEOUT   [ShortDescription: Timeout LongDescription: Unable to prove that call of __VERIFIER_error() unreachable (line 33)]
2014-11-03_21-37-23-385 ### 170/220 ### Starting test for Input:svcomp/recursive/Fibonacci03_true-unreach-call_true-termination.c Settings:settings/svcomp2015/svComp-32bit-precise-BE-Impulse.epf Toolchain:toolchains/CodeCheckWithBE-C.xml
2014-11-03_21-37-53-701 Finishing test with UNKNOWN for Input:svcomp/recursive/Fibonacci03_true-unreach-call_true-termination.c Settings:settings/svcomp2015/svComp-32bit-precise-BE-Impulse.epf Toolchain:toolchains/CodeCheckWithBE-C.xml: TIMEOUT(Expected:SAFE): ExpectedResult: SAFE UltimateResult: TIMEOUT   [ShortDescription: Timeout LongDescription: Unable to prove that call of __VERIFIER_error() unreachable (line 34)]
2014-11-03_21-37-53-835 ### 171/220 ### Starting test for Input:svcomp/recursive/Fibonacci04_false-unreach-call_true-termination.c Settings:settings/svcomp2015/svComp-32bit-precise-BE-Impulse.epf Toolchain:toolchains/CodeCheckWithBE-C.xml
2014-11-03_21-38-02-776 Finishing test with SUCCESS for Input:svcomp/recursive/Fibonacci04_false-unreach-call_true-termination.c Settings:settings/svcomp2015/svComp-32bit-precise-BE-Impulse.epf Toolchain:toolchains/CodeCheckWithBE-C.xml: UNSAFE(Expected:UNSAFE): ExpectedResult: UNSAFE UltimateResult: UNSAFE   a call of __VERIFIER_error() is reachable 
2014-11-03_21-38-02-892 ### 172/220 ### Starting test for Input:svcomp/recursive/Fibonacci05_false-unreach-call_true-termination.c Settings:settings/svcomp2015/svComp-32bit-precise-BE-Impulse.epf Toolchain:toolchains/CodeCheckWithBE-C.xml
2014-11-03_21-39-02-185 Finishing test with UNKNOWN for Input:svcomp/recursive/Fibonacci05_false-unreach-call_true-termination.c Settings:settings/svcomp2015/svComp-32bit-precise-BE-Impulse.epf Toolchain:toolchains/CodeCheckWithBE-C.xml: TIMEOUT(Expected:UNSAFE): ExpectedResult: UNSAFE UltimateResult: TIMEOUT   [ShortDescription: Timeout LongDescription: Unable to prove that call of __VERIFIER_error() unreachable (line 31)]
2014-11-03_21-39-02-300 ### 173/220 ### Starting test for Input:svcomp/recursive/gcd01_true-unreach-call_true-termination.c Settings:settings/svcomp2015/svComp-32bit-precise-BE-Impulse.epf Toolchain:toolchains/CodeCheckWithBE-C.xml
2014-11-03_21-39-53-370 Finishing test with UNKNOWN for Input:svcomp/recursive/gcd01_true-unreach-call_true-termination.c Settings:settings/svcomp2015/svComp-32bit-precise-BE-Impulse.epf Toolchain:toolchains/CodeCheckWithBE-C.xml: TIMEOUT(Expected:SAFE): ExpectedResult: SAFE UltimateResult: TIMEOUT   [ShortDescription: Timeout LongDescription: Unable to prove that call of __VERIFIER_error() unreachable (line 39)]
2014-11-03_21-39-53-498 ### 174/220 ### Starting test for Input:svcomp/recursive/recHanoi01_true-unreach-call_true-termination.c Settings:settings/svcomp2015/svComp-32bit-precise-BE-Impulse.epf Toolchain:toolchains/CodeCheckWithBE-C.xml
2014-11-03_21-40-26-308 Finishing test with UNKNOWN for Input:svcomp/recursive/recHanoi01_true-unreach-call_true-termination.c Settings:settings/svcomp2015/svComp-32bit-precise-BE-Impulse.epf Toolchain:toolchains/CodeCheckWithBE-C.xml: TIMEOUT(Expected:SAFE): ExpectedResult: SAFE UltimateResult: TIMEOUT   [ShortDescription: Timeout LongDescription: Unable to prove that call of __VERIFIER_error() unreachable (line 51)]
2014-11-03_21-40-26-427 ### 175/220 ### Starting test for Input:svcomp/seq-mthreaded/pals_floodmax.3_true-unreach-call.ufo.UNBOUNDED.pals.c Settings:settings/svcomp2015/svComp-32bit-precise-BE-Impulse.epf Toolchain:toolchains/CodeCheckWithBE-C.xml
2014-11-03_21-40-56-449 Finishing test with UNKNOWN for Input:svcomp/seq-mthreaded/pals_floodmax.3_true-unreach-call.ufo.UNBOUNDED.pals.c Settings:settings/svcomp2015/svComp-32bit-precise-BE-Impulse.epf Toolchain:toolchains/CodeCheckWithBE-C.xml: TIMEOUT(Expected:SAFE): ExpectedResult: SAFE UltimateResult: TIMEOUT   [ShortDescription: Timeout LongDescription: Timout or Toolchain cancelled by user]
2014-11-03_21-40-56-597 ### 176/220 ### Starting test for Input:svcomp/seq-mthreaded/pals_lcr-var-start-time.5_false-unreach-call.2.ufo.UNBOUNDED.pals.c Settings:settings/svcomp2015/svComp-32bit-precise-BE-Impulse.epf Toolchain:toolchains/CodeCheckWithBE-C.xml
2014-11-03_21-41-27-036 Finishing test with UNKNOWN for Input:svcomp/seq-mthreaded/pals_lcr-var-start-time.5_false-unreach-call.2.ufo.UNBOUNDED.pals.c Settings:settings/svcomp2015/svComp-32bit-precise-BE-Impulse.epf Toolchain:toolchains/CodeCheckWithBE-C.xml: TIMEOUT(Expected:UNSAFE): ExpectedResult: UNSAFE UltimateResult: TIMEOUT   [ShortDescription: Timeout LongDescription: Timout or Toolchain cancelled by user]
2014-11-03_21-41-27-177 ### 177/220 ### Starting test for Input:svcomp/seq-mthreaded/pals_lcr-var-start-time.6_true-unreach-call.ufo.UNBOUNDED.pals.c Settings:settings/svcomp2015/svComp-32bit-precise-BE-Impulse.epf Toolchain:toolchains/CodeCheckWithBE-C.xml
2014-11-03_21-41-57-203 Finishing test with UNKNOWN for Input:svcomp/seq-mthreaded/pals_lcr-var-start-time.6_true-unreach-call.ufo.UNBOUNDED.pals.c Settings:settings/svcomp2015/svComp-32bit-precise-BE-Impulse.epf Toolchain:toolchains/CodeCheckWithBE-C.xml: TIMEOUT(Expected:SAFE): ExpectedResult: SAFE UltimateResult: TIMEOUT   [ShortDescription: Timeout LongDescription: Timout or Toolchain cancelled by user]
2014-11-03_21-41-57-351 ### 178/220 ### Starting test for Input:svcomp/seq-mthreaded/pals_lcr.8_false-unreach-call.1.ufo.UNBOUNDED.pals.c Settings:settings/svcomp2015/svComp-32bit-precise-BE-Impulse.epf Toolchain:toolchains/CodeCheckWithBE-C.xml
2014-11-03_21-42-27-377 Finishing test with UNKNOWN for Input:svcomp/seq-mthreaded/pals_lcr.8_false-unreach-call.1.ufo.UNBOUNDED.pals.c Settings:settings/svcomp2015/svComp-32bit-precise-BE-Impulse.epf Toolchain:toolchains/CodeCheckWithBE-C.xml: TIMEOUT(Expected:UNSAFE): ExpectedResult: UNSAFE UltimateResult: TIMEOUT   [ShortDescription: Timeout LongDescription: Timout or Toolchain cancelled by user]
2014-11-03_21-42-27-547 ### 179/220 ### Starting test for Input:svcomp/seq-mthreaded/rekcba_aso_false-unreach-call.3.M1.c Settings:settings/svcomp2015/svComp-32bit-precise-BE-Impulse.epf Toolchain:toolchains/CodeCheckWithBE-C.xml
2014-11-03_21-42-27-742 Finishing test with FAIL for Input:svcomp/seq-mthreaded/rekcba_aso_false-unreach-call.3.M1.c Settings:settings/svcomp2015/svComp-32bit-precise-BE-Impulse.epf Toolchain:toolchains/CodeCheckWithBE-C.xml: SYNTAX_ERROR(Expected:UNSAFE): ExpectedResult: UNSAFE UltimateResult: SYNTAX_ERROR   [ShortDescription: Type Error LongDescription: Type check failed for BinaryExpression[ARITHDIV,IdentifierExpression[~args_cmd_turn,<LOCAL,balance_control>],RealLiteral[100.0]], ShortDescription: Type Error LongDescription: Type check failed for BinaryExpression[ARITHMUL,RealLiteral[0.01745329238],IdentifierExpression[~args_theta_m_l,<LOCAL,balance_control>]], ShortDescription: Type Error LongDescription: Type check failed for BinaryExpression[ARITHMUL,BinaryExpression[ARITHPLUS,BinaryExpression[ARITHPLUS,BinaryExpression[ARITHMUL,RealLiteral[0.01745329238],IdentifierExpression[~args_theta_m_l,<LOCAL,balance_control>]],IdentifierExpression[~ud_psi~18,GLOBAL]],BinaryExpression[ARITHPLUS,BinaryExpression[ARITHMUL,RealLiteral[0.01745329238],IdentifierExpression[~args_theta_m_r,<LOCAL,balance_control>]],IdentifierExpression[~ud_psi~18,GLOBAL]]],RealLiteral[0.5]], ShortDescription: Type Error LongDescription: Type check failed for BinaryExpression[ARITHMUL,RealLiteral[0.00400000019],IdentifierExpression[~tmp_psidot~21,<LOCAL,balance_control>]], ShortDescription: Type Error LongDescription: Type check failed for BinaryExpression[ARITHMUL,BinaryExpression[ARITHDIV,BinaryExpression[ARITHMOD,BinaryExpression[ARITHPLUS,BinaryExpression[ARITHMUL,IdentifierExpression[~K_I~18,GLOBAL],IdentifierExpression[~ud_err_theta~18,GLOBAL]],IdentifierExpression[~tmp_pwm_r_limiter~21,<LOCAL,balance_control>]],IntegerLiteral[4294967296]],BinaryExpression[ARITHMOD,BinaryExpression[ARITHMINUS,BinaryExpression[ARITHMUL,IdentifierExpression[~BATTERY_GAIN~18,GLOBAL],IdentifierExpression[~args_battery,<LOCAL,balance_control>]],IdentifierExpression[~BATTERY_OFFSET~18,GLOBAL]],IntegerLiteral[4294967296]]],RealLiteral[100.0]], ShortDescription: Type Error LongDescription: Type check failed for BinaryExpression[ARITHMUL,BinaryExpression[ARITHMINUS,IdentifierExpression[~args_gyro,<LOCAL,balance_control>],IdentifierExpression[~args_gyro_offset,<LOCAL,balance_control>]],RealLiteral[0.01745329238]], ShortDescription: Type Error LongDescription: Type check failed for BinaryExpression[ARITHMUL,BinaryExpression[ARITHMINUS,IdentifierExpression[~ud_theta_ref~18,GLOBAL],IdentifierExpression[~tmp_theta~21,<LOCAL,balance_control>]],RealLiteral[0.00400000019]], ShortDescription: Type Error LongDescription: Type check failed (index 0): FunctionApplication[#to_int,[BinaryExpression[ARITHPLUS,BinaryExpression[ARITHMUL,RealLiteral[0.00400000019],IdentifierExpression[~tmp_psidot~21,<LOCAL,balance_control>]],IdentifierExpression[~ud_psi~18,GLOBAL]]]], ShortDescription: Type Error LongDescription: Type check failed (index 0): FunctionApplication[#to_int,[BinaryExpression[ARITHPLUS,BinaryExpression[ARITHMUL,BinaryExpression[ARITHMINUS,RealLiteral[1.0],IdentifierExpression[~A_D~18,GLOBAL]],IdentifierExpression[~tmp_theta~21,<LOCAL,balance_control>]],BinaryExpression[ARITHMUL,IdentifierExpression[~A_D~18,GLOBAL],IdentifierExpression[~ud_theta_lpf~18,GLOBAL]]]]], ShortDescription: Type Error LongDescription: Type check failed for BinaryExpression[ARITHMUL,RealLiteral[0.00400000019],IdentifierExpression[~tmp_thetadot_cmd_lpf~21,<LOCAL,balance_control>]], ShortDescription: Type Error LongDescription: Type check failed for BinaryExpression[ARITHDIV,IdentifierExpression[~args_cmd_forward,<LOCAL,balance_control>],RealLiteral[100.0]], ShortDescription: Type Error LongDescription: Type check failed for BinaryExpression[ARITHMINUS,RealLiteral[1.0],IdentifierExpression[~A_R~18,GLOBAL]], ShortDescription: Type Error LongDescription: Type check failed for BinaryExpression[ARITHDIV,BinaryExpression[ARITHMINUS,IdentifierExpression[~tmp_theta_lpf~21,<LOCAL,balance_control>],IdentifierExpression[~ud_theta_lpf~18,GLOBAL]],RealLiteral[0.00400000019]], ShortDescription: Type Error LongDescription: Type check failed for BinaryExpression[ARITHMUL,RealLiteral[0.01745329238],IdentifierExpression[~args_theta_m_r,<LOCAL,balance_control>]], ShortDescription: Type Error LongDescription: Type check failed for BinaryExpression[ARITHMINUS,RealLiteral[1.0],IdentifierExpression[~A_D~18,GLOBAL]], ShortDescription: Type Error LongDescription: Type check failed (index 0): FunctionApplication[#to_int,[BinaryExpression[ARITHPLUS,BinaryExpression[ARITHMUL,RealLiteral[0.00400000019],IdentifierExpression[~tmp_thetadot_cmd_lpf~21,<LOCAL,balance_control>]],IdentifierExpression[~ud_theta_ref~18,GLOBAL]]]]]
2014-11-03_21-42-27-920 ### 180/220 ### Starting test for Input:svcomp/seq-mthreaded/rekcba_nxt_false-unreach-call.2.M4.c Settings:settings/svcomp2015/svComp-32bit-precise-BE-Impulse.epf Toolchain:toolchains/CodeCheckWithBE-C.xml
2014-11-03_21-42-28-794 Finishing test with FAIL for Input:svcomp/seq-mthreaded/rekcba_nxt_false-unreach-call.2.M4.c Settings:settings/svcomp2015/svComp-32bit-precise-BE-Impulse.epf Toolchain:toolchains/CodeCheckWithBE-C.xml: SYNTAX_ERROR(Expected:UNSAFE): ExpectedResult: UNSAFE UltimateResult: SYNTAX_ERROR   [ShortDescription: Type Error LongDescription: Type check failed for BinaryExpression[ARITHMUL,RealLiteral[0.01745329238],IdentifierExpression[~args_theta_m_l,<LOCAL,balance_control>]], ShortDescription: Type Error LongDescription: Type check failed for BinaryExpression[ARITHMUL,BinaryExpression[ARITHMINUS,IdentifierExpression[~args_gyro,<LOCAL,balance_control>],IdentifierExpression[~args_gyro_offset,<LOCAL,balance_control>]],RealLiteral[0.01745329238]], ShortDescription: Type Error LongDescription: Type check failed for BinaryExpression[ARITHDIV,BinaryExpression[ARITHMINUS,IdentifierExpression[~tmp_theta_lpf~16,<LOCAL,balance_control>],IdentifierExpression[~ud_theta_lpf~13,GLOBAL]],RealLiteral[0.00400000019]], ShortDescription: Type Error LongDescription: Type check failed (index 0): FunctionApplication[#to_int,[BinaryExpression[ARITHPLUS,BinaryExpression[ARITHMUL,RealLiteral[0.00400000019],IdentifierExpression[~tmp_thetadot_cmd_lpf~16,<LOCAL,balance_control>]],IdentifierExpression[~ud_theta_ref~13,GLOBAL]]]], ShortDescription: Type Error LongDescription: Type check failed for BinaryExpression[ARITHMUL,RealLiteral[0.00400000019],IdentifierExpression[~tmp_psidot~16,<LOCAL,balance_control>]], ShortDescription: Type Error LongDescription: Type check failed for BinaryExpression[ARITHMINUS,RealLiteral[1.0],IdentifierExpression[~A_R~13,GLOBAL]], ShortDescription: Type Error LongDescription: Type check failed for BinaryExpression[ARITHDIV,IdentifierExpression[~args_cmd_turn,<LOCAL,balance_control>],RealLiteral[100.0]], ShortDescription: Type Error LongDescription: Type check failed for BinaryExpression[ARITHMUL,BinaryExpression[ARITHMINUS,IdentifierExpression[~ud_theta_ref~13,GLOBAL],IdentifierExpression[~tmp_theta~16,<LOCAL,balance_control>]],RealLiteral[0.00400000019]], ShortDescription: Type Error LongDescription: Type check failed for BinaryExpression[ARITHMUL,BinaryExpression[ARITHPLUS,BinaryExpression[ARITHPLUS,BinaryExpression[ARITHMUL,RealLiteral[0.01745329238],IdentifierExpression[~args_theta_m_l,<LOCAL,balance_control>]],IdentifierExpression[~ud_psi~13,GLOBAL]],BinaryExpression[ARITHPLUS,BinaryExpression[ARITHMUL,RealLiteral[0.01745329238],IdentifierExpression[~args_theta_m_r,<LOCAL,balance_control>]],IdentifierExpression[~ud_psi~13,GLOBAL]]],RealLiteral[0.5]], ShortDescription: Type Error LongDescription: Type check failed for BinaryExpression[ARITHMUL,RealLiteral[0.00400000019],IdentifierExpression[~tmp_thetadot_cmd_lpf~16,<LOCAL,balance_control>]], ShortDescription: Type Error LongDescription: Type check failed (index 0): FunctionApplication[#to_int,[BinaryExpression[ARITHPLUS,BinaryExpression[ARITHMUL,BinaryExpression[ARITHMINUS,RealLiteral[1.0],IdentifierExpression[~A_D~13,GLOBAL]],IdentifierExpression[~tmp_theta~16,<LOCAL,balance_control>]],BinaryExpression[ARITHMUL,IdentifierExpression[~A_D~13,GLOBAL],IdentifierExpression[~ud_theta_lpf~13,GLOBAL]]]]], ShortDescription: Type Error LongDescription: Type check failed for BinaryExpression[ARITHDIV,IdentifierExpression[~args_cmd_forward,<LOCAL,balance_control>],RealLiteral[100.0]], ShortDescription: Type Error LongDescription: Type check failed (index 0): FunctionApplication[#to_int,[BinaryExpression[ARITHPLUS,BinaryExpression[ARITHMUL,RealLiteral[0.00400000019],IdentifierExpression[~tmp_psidot~16,<LOCAL,balance_control>]],IdentifierExpression[~ud_psi~13,GLOBAL]]]], ShortDescription: Type Error LongDescription: Type check failed for BinaryExpression[ARITHMUL,RealLiteral[0.01745329238],IdentifierExpression[~args_theta_m_r,<LOCAL,balance_control>]], ShortDescription: Type Error LongDescription: Type check failed for BinaryExpression[ARITHMUL,BinaryExpression[ARITHDIV,BinaryExpression[ARITHMOD,BinaryExpression[ARITHPLUS,BinaryExpression[ARITHMUL,IdentifierExpression[~K_I~13,GLOBAL],IdentifierExpression[~ud_err_theta~13,GLOBAL]],IdentifierExpression[~tmp_pwm_r_limiter~16,<LOCAL,balance_control>]],IntegerLiteral[4294967296]],BinaryExpression[ARITHMOD,BinaryExpression[ARITHMINUS,BinaryExpression[ARITHMUL,IdentifierExpression[~BATTERY_GAIN~13,GLOBAL],IdentifierExpression[~args_battery,<LOCAL,balance_control>]],IdentifierExpression[~BATTERY_OFFSET~13,GLOBAL]],IntegerLiteral[4294967296]]],RealLiteral[100.0]], ShortDescription: Type Error LongDescription: Type check failed for BinaryExpression[ARITHMINUS,RealLiteral[1.0],IdentifierExpression[~A_D~13,GLOBAL]]]
2014-11-03_21-42-28-971 ### 181/220 ### Starting test for Input:svcomp/seq-mthreaded/rekh_aso_true-unreach-call.1.M4.c Settings:settings/svcomp2015/svComp-32bit-precise-BE-Impulse.epf Toolchain:toolchains/CodeCheckWithBE-C.xml
2014-11-03_21-42-29-075 Finishing test with FAIL for Input:svcomp/seq-mthreaded/rekh_aso_true-unreach-call.1.M4.c Settings:settings/svcomp2015/svComp-32bit-precise-BE-Impulse.epf Toolchain:toolchains/CodeCheckWithBE-C.xml: SYNTAX_ERROR(Expected:SAFE): ExpectedResult: SAFE UltimateResult: SYNTAX_ERROR   [ShortDescription: Type Error LongDescription: Type check failed for BinaryExpression[ARITHMUL,BinaryExpression[ARITHDIV,BinaryExpression[ARITHMOD,BinaryExpression[ARITHPLUS,BinaryExpression[ARITHMUL,IdentifierExpression[~K_I~14,GLOBAL],IdentifierExpression[~ud_err_theta~14,GLOBAL]],IdentifierExpression[~tmp_pwm_r_limiter~17,<LOCAL,balance_control>]],IntegerLiteral[4294967296]],BinaryExpression[ARITHMOD,BinaryExpression[ARITHMINUS,BinaryExpression[ARITHMUL,IdentifierExpression[~BATTERY_GAIN~14,GLOBAL],IdentifierExpression[~args_battery,<LOCAL,balance_control>]],IdentifierExpression[~BATTERY_OFFSET~14,GLOBAL]],IntegerLiteral[4294967296]]],RealLiteral[100.0]], ShortDescription: Type Error LongDescription: Type check failed for BinaryExpression[ARITHDIV,IdentifierExpression[~args_cmd_forward,<LOCAL,balance_control>],RealLiteral[100.0]], ShortDescription: Type Error LongDescription: Type check failed (index 0): FunctionApplication[#to_int,[BinaryExpression[ARITHPLUS,BinaryExpression[ARITHMUL,RealLiteral[0.00400000019],IdentifierExpression[~tmp_psidot~17,<LOCAL,balance_control>]],IdentifierExpression[~ud_psi~14,GLOBAL]]]], ShortDescription: Type Error LongDescription: Type check failed (index 0): FunctionApplication[#to_int,[BinaryExpression[ARITHPLUS,BinaryExpression[ARITHMUL,RealLiteral[0.00400000019],IdentifierExpression[~tmp_thetadot_cmd_lpf~17,<LOCAL,balance_control>]],IdentifierExpression[~ud_theta_ref~14,GLOBAL]]]], ShortDescription: Type Error LongDescription: Type check failed for BinaryExpression[ARITHMUL,BinaryExpression[ARITHPLUS,BinaryExpression[ARITHPLUS,BinaryExpression[ARITHMUL,RealLiteral[0.01745329238],IdentifierExpression[~args_theta_m_l,<LOCAL,balance_control>]],IdentifierExpression[~ud_psi~14,GLOBAL]],BinaryExpression[ARITHPLUS,BinaryExpression[ARITHMUL,RealLiteral[0.01745329238],IdentifierExpression[~args_theta_m_r,<LOCAL,balance_control>]],IdentifierExpression[~ud_psi~14,GLOBAL]]],RealLiteral[0.5]], ShortDescription: Type Error LongDescription: Type check failed for BinaryExpression[ARITHMINUS,RealLiteral[1.0],IdentifierExpression[~A_D~14,GLOBAL]], ShortDescription: Type Error LongDescription: Type check failed for BinaryExpression[ARITHMUL,RealLiteral[0.00400000019],IdentifierExpression[~tmp_psidot~17,<LOCAL,balance_control>]], ShortDescription: Type Error LongDescription: Type check failed for BinaryExpression[ARITHDIV,IdentifierExpression[~args_cmd_turn,<LOCAL,balance_control>],RealLiteral[100.0]], ShortDescription: Type Error LongDescription: Type check failed (index 0): FunctionApplication[#to_int,[BinaryExpression[ARITHPLUS,BinaryExpression[ARITHMUL,BinaryExpression[ARITHMINUS,RealLiteral[1.0],IdentifierExpression[~A_D~14,GLOBAL]],IdentifierExpression[~tmp_theta~17,<LOCAL,balance_control>]],BinaryExpression[ARITHMUL,IdentifierExpression[~A_D~14,GLOBAL],IdentifierExpression[~ud_theta_lpf~14,GLOBAL]]]]], ShortDescription: Type Error LongDescription: Type check failed for BinaryExpression[ARITHDIV,BinaryExpression[ARITHMINUS,IdentifierExpression[~tmp_theta_lpf~17,<LOCAL,balance_control>],IdentifierExpression[~ud_theta_lpf~14,GLOBAL]],RealLiteral[0.00400000019]], ShortDescription: Type Error LongDescription: Type check failed for BinaryExpression[ARITHMINUS,RealLiteral[1.0],IdentifierExpression[~A_R~14,GLOBAL]], ShortDescription: Type Error LongDescription: Type check failed for BinaryExpression[ARITHMUL,BinaryExpression[ARITHMINUS,IdentifierExpression[~args_gyro,<LOCAL,balance_control>],IdentifierExpression[~args_gyro_offset,<LOCAL,balance_control>]],RealLiteral[0.01745329238]], ShortDescription: Type Error LongDescription: Type check failed for BinaryExpression[ARITHMUL,RealLiteral[0.01745329238],IdentifierExpression[~args_theta_m_l,<LOCAL,balance_control>]], ShortDescription: Type Error LongDescription: Type check failed for BinaryExpression[ARITHMUL,BinaryExpression[ARITHMINUS,IdentifierExpression[~ud_theta_ref~14,GLOBAL],IdentifierExpression[~tmp_theta~17,<LOCAL,balance_control>]],RealLiteral[0.00400000019]], ShortDescription: Type Error LongDescription: Type check failed for BinaryExpression[ARITHMUL,RealLiteral[0.01745329238],IdentifierExpression[~args_theta_m_r,<LOCAL,balance_control>]], ShortDescription: Type Error LongDescription: Type check failed for BinaryExpression[ARITHMUL,RealLiteral[0.00400000019],IdentifierExpression[~tmp_thetadot_cmd_lpf~17,<LOCAL,balance_control>]]]
2014-11-03_21-42-29-243 ### 182/220 ### Starting test for Input:svcomp/seq-mthreaded/rekh_nxt_true-unreach-call.3.M4.c Settings:settings/svcomp2015/svComp-32bit-precise-BE-Impulse.epf Toolchain:toolchains/CodeCheckWithBE-C.xml
2014-11-03_21-42-29-336 Finishing test with FAIL for Input:svcomp/seq-mthreaded/rekh_nxt_true-unreach-call.3.M4.c Settings:settings/svcomp2015/svComp-32bit-precise-BE-Impulse.epf Toolchain:toolchains/CodeCheckWithBE-C.xml: SYNTAX_ERROR(Expected:SAFE): ExpectedResult: SAFE UltimateResult: SYNTAX_ERROR   [ShortDescription: Type Error LongDescription: Type check failed for BinaryExpression[ARITHMUL,RealLiteral[0.00400000019],IdentifierExpression[~tmp_thetadot_cmd_lpf~16,<LOCAL,balance_control>]], ShortDescription: Type Error LongDescription: Type check failed for BinaryExpression[ARITHMINUS,RealLiteral[1.0],IdentifierExpression[~A_R~13,GLOBAL]], ShortDescription: Type Error LongDescription: Type check failed for BinaryExpression[ARITHMUL,RealLiteral[0.01745329238],IdentifierExpression[~args_theta_m_l,<LOCAL,balance_control>]], ShortDescription: Type Error LongDescription: Type check failed for BinaryExpression[ARITHMUL,BinaryExpression[ARITHDIV,BinaryExpression[ARITHMOD,BinaryExpression[ARITHPLUS,BinaryExpression[ARITHMUL,IdentifierExpression[~K_I~13,GLOBAL],IdentifierExpression[~ud_err_theta~13,GLOBAL]],IdentifierExpression[~tmp_pwm_r_limiter~16,<LOCAL,balance_control>]],IntegerLiteral[4294967296]],BinaryExpression[ARITHMOD,BinaryExpression[ARITHMINUS,BinaryExpression[ARITHMUL,IdentifierExpression[~BATTERY_GAIN~13,GLOBAL],IdentifierExpression[~args_battery,<LOCAL,balance_control>]],IdentifierExpression[~BATTERY_OFFSET~13,GLOBAL]],IntegerLiteral[4294967296]]],RealLiteral[100.0]], ShortDescription: Type Error LongDescription: Type check failed (index 0): FunctionApplication[#to_int,[BinaryExpression[ARITHPLUS,BinaryExpression[ARITHMUL,BinaryExpression[ARITHMINUS,RealLiteral[1.0],IdentifierExpression[~A_D~13,GLOBAL]],IdentifierExpression[~tmp_theta~16,<LOCAL,balance_control>]],BinaryExpression[ARITHMUL,IdentifierExpression[~A_D~13,GLOBAL],IdentifierExpression[~ud_theta_lpf~13,GLOBAL]]]]], ShortDescription: Type Error LongDescription: Type check failed for BinaryExpression[ARITHDIV,IdentifierExpression[~args_cmd_turn,<LOCAL,balance_control>],RealLiteral[100.0]], ShortDescription: Type Error LongDescription: Type check failed (index 0): FunctionApplication[#to_int,[BinaryExpression[ARITHPLUS,BinaryExpression[ARITHMUL,RealLiteral[0.00400000019],IdentifierExpression[~tmp_thetadot_cmd_lpf~16,<LOCAL,balance_control>]],IdentifierExpression[~ud_theta_ref~13,GLOBAL]]]], ShortDescription: Type Error LongDescription: Type check failed for BinaryExpression[ARITHMUL,RealLiteral[0.01745329238],IdentifierExpression[~args_theta_m_r,<LOCAL,balance_control>]], ShortDescription: Type Error LongDescription: Type check failed for BinaryExpression[ARITHMUL,BinaryExpression[ARITHMINUS,IdentifierExpression[~args_gyro,<LOCAL,balance_control>],IdentifierExpression[~args_gyro_offset,<LOCAL,balance_control>]],RealLiteral[0.01745329238]], ShortDescription: Type Error LongDescription: Type check failed for BinaryExpression[ARITHDIV,IdentifierExpression[~args_cmd_forward,<LOCAL,balance_control>],RealLiteral[100.0]], ShortDescription: Type Error LongDescription: Type check failed (index 0): FunctionApplication[#to_int,[BinaryExpression[ARITHPLUS,BinaryExpression[ARITHMUL,RealLiteral[0.00400000019],IdentifierExpression[~tmp_psidot~16,<LOCAL,balance_control>]],IdentifierExpression[~ud_psi~13,GLOBAL]]]], ShortDescription: Type Error LongDescription: Type check failed for BinaryExpression[ARITHMUL,RealLiteral[0.00400000019],IdentifierExpression[~tmp_psidot~16,<LOCAL,balance_control>]], ShortDescription: Type Error LongDescription: Type check failed for BinaryExpression[ARITHMINUS,RealLiteral[1.0],IdentifierExpression[~A_D~13,GLOBAL]], ShortDescription: Type Error LongDescription: Type check failed for BinaryExpression[ARITHMUL,BinaryExpression[ARITHPLUS,BinaryExpression[ARITHPLUS,BinaryExpression[ARITHMUL,RealLiteral[0.01745329238],IdentifierExpression[~args_theta_m_l,<LOCAL,balance_control>]],IdentifierExpression[~ud_psi~13,GLOBAL]],BinaryExpression[ARITHPLUS,BinaryExpression[ARITHMUL,RealLiteral[0.01745329238],IdentifierExpression[~args_theta_m_r,<LOCAL,balance_control>]],IdentifierExpression[~ud_psi~13,GLOBAL]]],RealLiteral[0.5]], ShortDescription: Type Error LongDescription: Type check failed for BinaryExpression[ARITHMUL,BinaryExpression[ARITHMINUS,IdentifierExpression[~ud_theta_ref~13,GLOBAL],IdentifierExpression[~tmp_theta~16,<LOCAL,balance_control>]],RealLiteral[0.00400000019]], ShortDescription: Type Error LongDescription: Type check failed for BinaryExpression[ARITHDIV,BinaryExpression[ARITHMINUS,IdentifierExpression[~tmp_theta_lpf~16,<LOCAL,balance_control>],IdentifierExpression[~ud_theta_lpf~13,GLOBAL]],RealLiteral[0.00400000019]]]
2014-11-03_21-42-29-497 ### 183/220 ### Starting test for Input:svcomp/seq-pthread/cs_dekker_true-unreach-call.i Settings:settings/svcomp2015/svComp-32bit-precise-BE-Impulse.epf Toolchain:toolchains/CodeCheckWithBE-C.xml
2014-11-03_21-42-30-693 Finishing test with FAIL for Input:svcomp/seq-pthread/cs_dekker_true-unreach-call.i Settings:settings/svcomp2015/svComp-32bit-precise-BE-Impulse.epf Toolchain:toolchains/CodeCheckWithBE-C.xml: EXCEPTION_OR_ERROR(Expected:SAFE): ExpectedResult: SAFE UltimateResult: EXCEPTION_OR_ERROR   [de.uni_freiburg.informatik.ultimate.plugins.generator.codecheck: ClassCastException: null]
2014-11-03_21-42-30-821 ### 184/220 ### Starting test for Input:svcomp/seq-pthread/cs_fib_longer_false-unreach-call.i Settings:settings/svcomp2015/svComp-32bit-precise-BE-Impulse.epf Toolchain:toolchains/CodeCheckWithBE-C.xml
2014-11-03_21-42-38-395 Finishing test with FAIL for Input:svcomp/seq-pthread/cs_fib_longer_false-unreach-call.i Settings:settings/svcomp2015/svComp-32bit-precise-BE-Impulse.epf Toolchain:toolchains/CodeCheckWithBE-C.xml: EXCEPTION_OR_ERROR(Expected:UNSAFE): ExpectedResult: UNSAFE UltimateResult: EXCEPTION_OR_ERROR   [de.uni_freiburg.informatik.ultimate.plugins.generator.rcfgbuilder: OutOfMemoryError: Java heap space: java.util.Arrays.copyOf(Arrays.java:2367)]
2014-11-03_21-42-38-555 ### 185/220 ### Starting test for Input:svcomp/seq-pthread/cs_lamport_true-unreach-call.i Settings:settings/svcomp2015/svComp-32bit-precise-BE-Impulse.epf Toolchain:toolchains/CodeCheckWithBE-C.xml
2014-11-03_21-42-39-956 Finishing test with FAIL for Input:svcomp/seq-pthread/cs_lamport_true-unreach-call.i Settings:settings/svcomp2015/svComp-32bit-precise-BE-Impulse.epf Toolchain:toolchains/CodeCheckWithBE-C.xml: EXCEPTION_OR_ERROR(Expected:SAFE): ExpectedResult: SAFE UltimateResult: EXCEPTION_OR_ERROR   [de.uni_freiburg.informatik.ultimate.plugins.generator.codecheck: ClassCastException: null]
2014-11-03_21-42-40-095 ### 186/220 ### Starting test for Input:svcomp/seq-pthread/cs_lazy_false-unreach-call.i Settings:settings/svcomp2015/svComp-32bit-precise-BE-Impulse.epf Toolchain:toolchains/CodeCheckWithBE-C.xml
2014-11-03_21-42-41-173 Finishing test with FAIL for Input:svcomp/seq-pthread/cs_lazy_false-unreach-call.i Settings:settings/svcomp2015/svComp-32bit-precise-BE-Impulse.epf Toolchain:toolchains/CodeCheckWithBE-C.xml: EXCEPTION_OR_ERROR(Expected:UNSAFE): ExpectedResult: UNSAFE UltimateResult: EXCEPTION_OR_ERROR   [de.uni_freiburg.informatik.ultimate.plugins.generator.codecheck: ClassCastException: null]
2014-11-03_21-42-41-312 ### 187/220 ### Starting test for Input:svcomp/seq-pthread/cs_queue_true-unreach-call.i Settings:settings/svcomp2015/svComp-32bit-precise-BE-Impulse.epf Toolchain:toolchains/CodeCheckWithBE-C.xml
2014-11-03_21-42-49-008 Finishing test with FAIL for Input:svcomp/seq-pthread/cs_queue_true-unreach-call.i Settings:settings/svcomp2015/svComp-32bit-precise-BE-Impulse.epf Toolchain:toolchains/CodeCheckWithBE-C.xml: EXCEPTION_OR_ERROR(Expected:SAFE): ExpectedResult: SAFE UltimateResult: EXCEPTION_OR_ERROR   [de.uni_freiburg.informatik.ultimate.plugins.generator.rcfgbuilder: OutOfMemoryError: Java heap space: java.util.Arrays.copyOf(Arrays.java:2367)]
2014-11-03_21-42-49-165 ### 188/220 ### Starting test for Input:svcomp/seq-pthread/cs_read_write_lock_false-unreach-call.i Settings:settings/svcomp2015/svComp-32bit-precise-BE-Impulse.epf Toolchain:toolchains/CodeCheckWithBE-C.xml
2014-11-03_21-42-51-151 Finishing test with FAIL for Input:svcomp/seq-pthread/cs_read_write_lock_false-unreach-call.i Settings:settings/svcomp2015/svComp-32bit-precise-BE-Impulse.epf Toolchain:toolchains/CodeCheckWithBE-C.xml: EXCEPTION_OR_ERROR(Expected:UNSAFE): ExpectedResult: UNSAFE UltimateResult: EXCEPTION_OR_ERROR   [de.uni_freiburg.informatik.ultimate.plugins.generator.codecheck: ClassCastException: null]
2014-11-03_21-42-51-292 ### 189/220 ### Starting test for Input:svcomp/seq-pthread/cs_stateful_false-unreach-call.i Settings:settings/svcomp2015/svComp-32bit-precise-BE-Impulse.epf Toolchain:toolchains/CodeCheckWithBE-C.xml
2014-11-03_21-42-52-059 Finishing test with FAIL for Input:svcomp/seq-pthread/cs_stateful_false-unreach-call.i Settings:settings/svcomp2015/svComp-32bit-precise-BE-Impulse.epf Toolchain:toolchains/CodeCheckWithBE-C.xml: EXCEPTION_OR_ERROR(Expected:UNSAFE): ExpectedResult: UNSAFE UltimateResult: EXCEPTION_OR_ERROR   [de.uni_freiburg.informatik.ultimate.plugins.generator.codecheck: ClassCastException: null]
2014-11-03_21-42-52-190 ### 190/220 ### Starting test for Input:svcomp/seq-pthread/cs_szymanski_true-unreach-call.i Settings:settings/svcomp2015/svComp-32bit-precise-BE-Impulse.epf Toolchain:toolchains/CodeCheckWithBE-C.xml
2014-11-03_21-42-53-708 Finishing test with FAIL for Input:svcomp/seq-pthread/cs_szymanski_true-unreach-call.i Settings:settings/svcomp2015/svComp-32bit-precise-BE-Impulse.epf Toolchain:toolchains/CodeCheckWithBE-C.xml: EXCEPTION_OR_ERROR(Expected:SAFE): ExpectedResult: SAFE UltimateResult: EXCEPTION_OR_ERROR   [de.uni_freiburg.informatik.ultimate.plugins.generator.codecheck: ClassCastException: null]
2014-11-03_21-42-53-856 ### 191/220 ### Starting test for Input:svcomp/systemc/kundu_true-unreach-call_false-termination.cil.c Settings:settings/svcomp2015/svComp-32bit-precise-BE-Impulse.epf Toolchain:toolchains/CodeCheckWithBE-C.xml
2014-11-03_21-43-29-830 Finishing test with UNKNOWN for Input:svcomp/systemc/kundu_true-unreach-call_false-termination.cil.c Settings:settings/svcomp2015/svComp-32bit-precise-BE-Impulse.epf Toolchain:toolchains/CodeCheckWithBE-C.xml: TIMEOUT(Expected:SAFE): ExpectedResult: SAFE UltimateResult: TIMEOUT   [ShortDescription: Timeout LongDescription: Unable to prove that call of __VERIFIER_error() unreachable (line 9)]
2014-11-03_21-43-29-967 ### 192/220 ### Starting test for Input:svcomp/systemc/token_ring.02_true-unreach-call_false-termination.cil.c Settings:settings/svcomp2015/svComp-32bit-precise-BE-Impulse.epf Toolchain:toolchains/CodeCheckWithBE-C.xml
2014-11-03_21-44-00-507 Finishing test with UNKNOWN for Input:svcomp/systemc/token_ring.02_true-unreach-call_false-termination.cil.c Settings:settings/svcomp2015/svComp-32bit-precise-BE-Impulse.epf Toolchain:toolchains/CodeCheckWithBE-C.xml: TIMEOUT(Expected:SAFE): ExpectedResult: SAFE UltimateResult: TIMEOUT   [ShortDescription: Timeout LongDescription: Unable to prove that call of __VERIFIER_error() unreachable (line 10)]
2014-11-03_21-44-00-653 ### 193/220 ### Starting test for Input:svcomp/systemc/token_ring.06_false-unreach-call_false-termination.cil.c Settings:settings/svcomp2015/svComp-32bit-precise-BE-Impulse.epf Toolchain:toolchains/CodeCheckWithBE-C.xml
2014-11-03_21-44-33-951 Finishing test with UNKNOWN for Input:svcomp/systemc/token_ring.06_false-unreach-call_false-termination.cil.c Settings:settings/svcomp2015/svComp-32bit-precise-BE-Impulse.epf Toolchain:toolchains/CodeCheckWithBE-C.xml: TIMEOUT(Expected:UNSAFE): ExpectedResult: UNSAFE UltimateResult: TIMEOUT   [ShortDescription: Timeout LongDescription: Unable to prove that call of __VERIFIER_error() unreachable (line 10)]
2014-11-03_21-44-34-108 ### 194/220 ### Starting test for Input:svcomp/systemc/token_ring.07_false-unreach-call_false-termination.cil.c Settings:settings/svcomp2015/svComp-32bit-precise-BE-Impulse.epf Toolchain:toolchains/CodeCheckWithBE-C.xml
2014-11-03_21-45-04-404 Finishing test with UNKNOWN for Input:svcomp/systemc/token_ring.07_false-unreach-call_false-termination.cil.c Settings:settings/svcomp2015/svComp-32bit-precise-BE-Impulse.epf Toolchain:toolchains/CodeCheckWithBE-C.xml: TIMEOUT(Expected:UNSAFE): ExpectedResult: UNSAFE UltimateResult: TIMEOUT   [ShortDescription: Timeout LongDescription: Unable to prove that call of __VERIFIER_error() unreachable (line 10)]
2014-11-03_21-45-04-548 ### 195/220 ### Starting test for Input:svcomp/systemc/token_ring.11_true-unreach-call_false-termination.cil.c Settings:settings/svcomp2015/svComp-32bit-precise-BE-Impulse.epf Toolchain:toolchains/CodeCheckWithBE-C.xml
2014-11-03_21-45-36-507 Finishing test with UNKNOWN for Input:svcomp/systemc/token_ring.11_true-unreach-call_false-termination.cil.c Settings:settings/svcomp2015/svComp-32bit-precise-BE-Impulse.epf Toolchain:toolchains/CodeCheckWithBE-C.xml: TIMEOUT(Expected:SAFE): ExpectedResult: SAFE UltimateResult: TIMEOUT   [ShortDescription: Timeout LongDescription: Unable to prove that call of __VERIFIER_error() unreachable (line 10)]
2014-11-03_21-45-36-666 ### 196/220 ### Starting test for Input:svcomp/systemc/token_ring.14_false-unreach-call_false-termination.cil.c Settings:settings/svcomp2015/svComp-32bit-precise-BE-Impulse.epf Toolchain:toolchains/CodeCheckWithBE-C.xml
2014-11-03_21-46-12-529 Finishing test with UNKNOWN for Input:svcomp/systemc/token_ring.14_false-unreach-call_false-termination.cil.c Settings:settings/svcomp2015/svComp-32bit-precise-BE-Impulse.epf Toolchain:toolchains/CodeCheckWithBE-C.xml: TIMEOUT(Expected:UNSAFE): ExpectedResult: UNSAFE UltimateResult: TIMEOUT   [ShortDescription: Timeout LongDescription: Unable to prove that call of __VERIFIER_error() unreachable (line 10)]
2014-11-03_21-46-12-693 ### 197/220 ### Starting test for Input:svcomp/systemc/toy_true-unreach-call_false-termination.cil.c Settings:settings/svcomp2015/svComp-32bit-precise-BE-Impulse.epf Toolchain:toolchains/CodeCheckWithBE-C.xml
2014-11-03_21-46-44-293 Finishing test with UNKNOWN for Input:svcomp/systemc/toy_true-unreach-call_false-termination.cil.c Settings:settings/svcomp2015/svComp-32bit-precise-BE-Impulse.epf Toolchain:toolchains/CodeCheckWithBE-C.xml: TIMEOUT(Expected:SAFE): ExpectedResult: SAFE UltimateResult: TIMEOUT   [ShortDescription: Timeout LongDescription: Unable to prove that call of __VERIFIER_error() unreachable (line 13)]
2014-11-03_21-46-44-439 ### 198/220 ### Starting test for Input:svcomp/systemc/transmitter.16_false-unreach-call_false-termination.cil.c Settings:settings/svcomp2015/svComp-32bit-precise-BE-Impulse.epf Toolchain:toolchains/CodeCheckWithBE-C.xml
2014-11-03_21-46-53-458 Finishing test with SUCCESS for Input:svcomp/systemc/transmitter.16_false-unreach-call_false-termination.cil.c Settings:settings/svcomp2015/svComp-32bit-precise-BE-Impulse.epf Toolchain:toolchains/CodeCheckWithBE-C.xml: UNSAFE(Expected:UNSAFE): ExpectedResult: UNSAFE UltimateResult: UNSAFE   a call of __VERIFIER_error() is reachable 
2014-11-03_21-46-53-631 ### 199/220 ### Starting test for Input:svcomp/ntdrivers/cdaudio_false-unreach-call.i.cil.c Settings:settings/svcomp2015/svComp-32bit-precise-BE-Impulse.epf Toolchain:toolchains/CodeCheckWithBE-C.xml
2014-11-03_21-46-53-716 Finishing test with FAIL for Input:svcomp/ntdrivers/cdaudio_false-unreach-call.i.cil.c Settings:settings/svcomp2015/svComp-32bit-precise-BE-Impulse.epf Toolchain:toolchains/CodeCheckWithBE-C.xml: UNSUPPORTED_SYNTAX(Expected:UNSAFE): ExpectedResult: UNSAFE UltimateResult: UNSUPPORTED_SYNTAX   [ShortDescription: Unsupported Syntax LongDescription: bitfields are not supported at the moment]
2014-11-03_21-46-53-884 ### 200/220 ### Starting test for Input:svcomp/ntdrivers/cdaudio_true-unreach-call.i.cil.c Settings:settings/svcomp2015/svComp-32bit-precise-BE-Impulse.epf Toolchain:toolchains/CodeCheckWithBE-C.xml
2014-11-03_21-46-53-967 Finishing test with FAIL for Input:svcomp/ntdrivers/cdaudio_true-unreach-call.i.cil.c Settings:settings/svcomp2015/svComp-32bit-precise-BE-Impulse.epf Toolchain:toolchains/CodeCheckWithBE-C.xml: UNSUPPORTED_SYNTAX(Expected:SAFE): ExpectedResult: SAFE UltimateResult: UNSUPPORTED_SYNTAX   [ShortDescription: Unsupported Syntax LongDescription: bitfields are not supported at the moment]
2014-11-03_21-46-54-126 ### 201/220 ### Starting test for Input:svcomp/ntdrivers/diskperf_false-unreach-call.i.cil.c Settings:settings/svcomp2015/svComp-32bit-precise-BE-Impulse.epf Toolchain:toolchains/CodeCheckWithBE-C.xml
2014-11-03_21-46-54-178 Finishing test with FAIL for Input:svcomp/ntdrivers/diskperf_false-unreach-call.i.cil.c Settings:settings/svcomp2015/svComp-32bit-precise-BE-Impulse.epf Toolchain:toolchains/CodeCheckWithBE-C.xml: UNSUPPORTED_SYNTAX(Expected:UNSAFE): ExpectedResult: UNSAFE UltimateResult: UNSUPPORTED_SYNTAX   [ShortDescription: Unsupported Syntax LongDescription: bitfields are not supported at the moment]
2014-11-03_21-46-54-337 ### 202/220 ### Starting test for Input:svcomp/ntdrivers/diskperf_true-unreach-call.i.cil.c Settings:settings/svcomp2015/svComp-32bit-precise-BE-Impulse.epf Toolchain:toolchains/CodeCheckWithBE-C.xml
2014-11-03_21-46-54-386 Finishing test with FAIL for Input:svcomp/ntdrivers/diskperf_true-unreach-call.i.cil.c Settings:settings/svcomp2015/svComp-32bit-precise-BE-Impulse.epf Toolchain:toolchains/CodeCheckWithBE-C.xml: UNSUPPORTED_SYNTAX(Expected:SAFE): ExpectedResult: SAFE UltimateResult: UNSUPPORTED_SYNTAX   [ShortDescription: Unsupported Syntax LongDescription: bitfields are not supported at the moment]
2014-11-03_21-46-54-544 ### 203/220 ### Starting test for Input:svcomp/ntdrivers/floppy2_true-unreach-call.i.cil.c Settings:settings/svcomp2015/svComp-32bit-precise-BE-Impulse.epf Toolchain:toolchains/CodeCheckWithBE-C.xml
2014-11-03_21-46-54-919 Finishing test with FAIL for Input:svcomp/ntdrivers/floppy2_true-unreach-call.i.cil.c Settings:settings/svcomp2015/svComp-32bit-precise-BE-Impulse.epf Toolchain:toolchains/CodeCheckWithBE-C.xml: UNSUPPORTED_SYNTAX(Expected:SAFE): ExpectedResult: SAFE UltimateResult: UNSUPPORTED_SYNTAX   [ShortDescription: Unsupported Syntax LongDescription: bitfields are not supported at the moment]
2014-11-03_21-46-55-078 ### 204/220 ### Starting test for Input:svcomp/ntdrivers/floppy_false-unreach-call.i.cil.c Settings:settings/svcomp2015/svComp-32bit-precise-BE-Impulse.epf Toolchain:toolchains/CodeCheckWithBE-C.xml
2014-11-03_21-46-55-141 Finishing test with FAIL for Input:svcomp/ntdrivers/floppy_false-unreach-call.i.cil.c Settings:settings/svcomp2015/svComp-32bit-precise-BE-Impulse.epf Toolchain:toolchains/CodeCheckWithBE-C.xml: UNSUPPORTED_SYNTAX(Expected:UNSAFE): ExpectedResult: UNSAFE UltimateResult: UNSUPPORTED_SYNTAX   [ShortDescription: Unsupported Syntax LongDescription: bitfields are not supported at the moment]
2014-11-03_21-46-55-294 ### 205/220 ### Starting test for Input:svcomp/ntdrivers/floppy_true-unreach-call.i.cil.c Settings:settings/svcomp2015/svComp-32bit-precise-BE-Impulse.epf Toolchain:toolchains/CodeCheckWithBE-C.xml
2014-11-03_21-46-55-358 Finishing test with FAIL for Input:svcomp/ntdrivers/floppy_true-unreach-call.i.cil.c Settings:settings/svcomp2015/svComp-32bit-precise-BE-Impulse.epf Toolchain:toolchains/CodeCheckWithBE-C.xml: UNSUPPORTED_SYNTAX(Expected:SAFE): ExpectedResult: SAFE UltimateResult: UNSUPPORTED_SYNTAX   [ShortDescription: Unsupported Syntax LongDescription: bitfields are not supported at the moment]
2014-11-03_21-46-55-510 ### 206/220 ### Starting test for Input:svcomp/ntdrivers/kbfiltr_false-unreach-call.i.cil.c Settings:settings/svcomp2015/svComp-32bit-precise-BE-Impulse.epf Toolchain:toolchains/CodeCheckWithBE-C.xml
2014-11-03_21-46-55-551 Finishing test with FAIL for Input:svcomp/ntdrivers/kbfiltr_false-unreach-call.i.cil.c Settings:settings/svcomp2015/svComp-32bit-precise-BE-Impulse.epf Toolchain:toolchains/CodeCheckWithBE-C.xml: UNSUPPORTED_SYNTAX(Expected:UNSAFE): ExpectedResult: UNSAFE UltimateResult: UNSUPPORTED_SYNTAX   [ShortDescription: Unsupported Syntax LongDescription: bitfields are not supported at the moment]
2014-11-03_21-46-55-704 ### 207/220 ### Starting test for Input:svcomp/ntdrivers/parport_false-unreach-call.i.cil.c Settings:settings/svcomp2015/svComp-32bit-precise-BE-Impulse.epf Toolchain:toolchains/CodeCheckWithBE-C.xml
2014-11-03_21-46-55-811 Finishing test with FAIL for Input:svcomp/ntdrivers/parport_false-unreach-call.i.cil.c Settings:settings/svcomp2015/svComp-32bit-precise-BE-Impulse.epf Toolchain:toolchains/CodeCheckWithBE-C.xml: UNSUPPORTED_SYNTAX(Expected:UNSAFE): ExpectedResult: UNSAFE UltimateResult: UNSUPPORTED_SYNTAX   [ShortDescription: Unsupported Syntax LongDescription: bitfields are not supported at the moment]
2014-11-03_21-46-55-972 ### 208/220 ### Starting test for Input:svcomp/ntdrivers/parport_true-unreach-call.i.cil.c Settings:settings/svcomp2015/svComp-32bit-precise-BE-Impulse.epf Toolchain:toolchains/CodeCheckWithBE-C.xml
2014-11-03_21-46-56-046 Finishing test with FAIL for Input:svcomp/ntdrivers/parport_true-unreach-call.i.cil.c Settings:settings/svcomp2015/svComp-32bit-precise-BE-Impulse.epf Toolchain:toolchains/CodeCheckWithBE-C.xml: UNSUPPORTED_SYNTAX(Expected:SAFE): ExpectedResult: SAFE UltimateResult: UNSUPPORTED_SYNTAX   [ShortDescription: Unsupported Syntax LongDescription: bitfields are not supported at the moment]
2014-11-03_21-46-56-198 ### 209/220 ### Starting test for Input:svcomp/ssh/s3_clnt.blast.03_false-unreach-call.i.cil.c Settings:settings/svcomp2015/svComp-32bit-precise-BE-Impulse.epf Toolchain:toolchains/CodeCheckWithBE-C.xml
2014-11-03_21-47-14-483 Finishing test with FAIL for Input:svcomp/ssh/s3_clnt.blast.03_false-unreach-call.i.cil.c Settings:settings/svcomp2015/svComp-32bit-precise-BE-Impulse.epf Toolchain:toolchains/CodeCheckWithBE-C.xml: EXCEPTION_OR_ERROR(Expected:UNSAFE): ExpectedResult: UNSAFE UltimateResult: EXCEPTION_OR_ERROR   [de.uni_freiburg.informatik.ultimate.plugins.generator.codecheck: ClassCastException: null]
2014-11-03_21-47-14-662 ### 210/220 ### Starting test for Input:svcomp/ssh/s3_clnt.blast.04_false-unreach-call.i.cil.c Settings:settings/svcomp2015/svComp-32bit-precise-BE-Impulse.epf Toolchain:toolchains/CodeCheckWithBE-C.xml
2014-11-03_21-47-33-158 Finishing test with FAIL for Input:svcomp/ssh/s3_clnt.blast.04_false-unreach-call.i.cil.c Settings:settings/svcomp2015/svComp-32bit-precise-BE-Impulse.epf Toolchain:toolchains/CodeCheckWithBE-C.xml: EXCEPTION_OR_ERROR(Expected:UNSAFE): ExpectedResult: UNSAFE UltimateResult: EXCEPTION_OR_ERROR   [de.uni_freiburg.informatik.ultimate.plugins.generator.codecheck: ClassCastException: null]
2014-11-03_21-47-33-334 ### 211/220 ### Starting test for Input:svcomp/ssh/s3_srvr.blast.01_true-unreach-call.i.cil.c Settings:settings/svcomp2015/svComp-32bit-precise-BE-Impulse.epf Toolchain:toolchains/CodeCheckWithBE-C.xml
2014-11-03_21-47-46-880 Finishing test with FAIL for Input:svcomp/ssh/s3_srvr.blast.01_true-unreach-call.i.cil.c Settings:settings/svcomp2015/svComp-32bit-precise-BE-Impulse.epf Toolchain:toolchains/CodeCheckWithBE-C.xml: EXCEPTION_OR_ERROR(Expected:SAFE): ExpectedResult: SAFE UltimateResult: EXCEPTION_OR_ERROR   [de.uni_freiburg.informatik.ultimate.plugins.generator.codecheck: ClassCastException: null]
2014-11-03_21-47-47-054 ### 212/220 ### Starting test for Input:svcomp/ssh/s3_srvr.blast.02_true-unreach-call.i.cil.c Settings:settings/svcomp2015/svComp-32bit-precise-BE-Impulse.epf Toolchain:toolchains/CodeCheckWithBE-C.xml
2014-11-03_21-48-12-960 Finishing test with FAIL for Input:svcomp/ssh/s3_srvr.blast.02_true-unreach-call.i.cil.c Settings:settings/svcomp2015/svComp-32bit-precise-BE-Impulse.epf Toolchain:toolchains/CodeCheckWithBE-C.xml: EXCEPTION_OR_ERROR(Expected:SAFE): ExpectedResult: SAFE UltimateResult: EXCEPTION_OR_ERROR   [de.uni_freiburg.informatik.ultimate.plugins.generator.codecheck: ClassCastException: null]
2014-11-03_21-48-13-139 ### 213/220 ### Starting test for Input:svcomp/ssh/s3_srvr.blast.03_false-unreach-call.i.cil.c Settings:settings/svcomp2015/svComp-32bit-precise-BE-Impulse.epf Toolchain:toolchains/CodeCheckWithBE-C.xml
2014-11-03_21-48-45-931 Finishing test with SUCCESS for Input:svcomp/ssh/s3_srvr.blast.03_false-unreach-call.i.cil.c Settings:settings/svcomp2015/svComp-32bit-precise-BE-Impulse.epf Toolchain:toolchains/CodeCheckWithBE-C.xml: UNSAFE(Expected:UNSAFE): ExpectedResult: UNSAFE UltimateResult: UNSAFE   a call of __VERIFIER_error() is reachable 
2014-11-03_21-48-46-121 ### 214/220 ### Starting test for Input:svcomp/ssh/s3_srvr.blast.04_false-unreach-call.i.cil.c Settings:settings/svcomp2015/svComp-32bit-precise-BE-Impulse.epf Toolchain:toolchains/CodeCheckWithBE-C.xml
2014-11-03_21-49-01-965 Finishing test with FAIL for Input:svcomp/ssh/s3_srvr.blast.04_false-unreach-call.i.cil.c Settings:settings/svcomp2015/svComp-32bit-precise-BE-Impulse.epf Toolchain:toolchains/CodeCheckWithBE-C.xml: EXCEPTION_OR_ERROR(Expected:UNSAFE): ExpectedResult: UNSAFE UltimateResult: EXCEPTION_OR_ERROR   [de.uni_freiburg.informatik.ultimate.plugins.generator.codecheck: ClassCastException: null]
2014-11-03_21-49-02-139 ### 215/220 ### Starting test for Input:svcomp/ssh/s3_srvr.blast.06_true-unreach-call.i.cil.c Settings:settings/svcomp2015/svComp-32bit-precise-BE-Impulse.epf Toolchain:toolchains/CodeCheckWithBE-C.xml
2014-11-03_21-49-08-255 Finishing test with FAIL for Input:svcomp/ssh/s3_srvr.blast.06_true-unreach-call.i.cil.c Settings:settings/svcomp2015/svComp-32bit-precise-BE-Impulse.epf Toolchain:toolchains/CodeCheckWithBE-C.xml: EXCEPTION_OR_ERROR(Expected:SAFE): ExpectedResult: SAFE UltimateResult: EXCEPTION_OR_ERROR   [de.uni_freiburg.informatik.ultimate.plugins.generator.codecheck: ClassCastException: null]
2014-11-03_21-49-08-436 ### 216/220 ### Starting test for Input:svcomp/ssh/s3_srvr.blast.07_false-unreach-call.i.cil.c Settings:settings/svcomp2015/svComp-32bit-precise-BE-Impulse.epf Toolchain:toolchains/CodeCheckWithBE-C.xml
2014-11-03_21-49-21-212 Finishing test with FAIL for Input:svcomp/ssh/s3_srvr.blast.07_false-unreach-call.i.cil.c Settings:settings/svcomp2015/svComp-32bit-precise-BE-Impulse.epf Toolchain:toolchains/CodeCheckWithBE-C.xml: EXCEPTION_OR_ERROR(Expected:UNSAFE): ExpectedResult: UNSAFE UltimateResult: EXCEPTION_OR_ERROR   [de.uni_freiburg.informatik.ultimate.plugins.generator.codecheck: ClassCastException: null]
2014-11-03_21-49-21-396 ### 217/220 ### Starting test for Input:svcomp/ssh/s3_srvr.blast.11_true-unreach-call.i.cil.c Settings:settings/svcomp2015/svComp-32bit-precise-BE-Impulse.epf Toolchain:toolchains/CodeCheckWithBE-C.xml
2014-11-03_21-49-35-729 Finishing test with FAIL for Input:svcomp/ssh/s3_srvr.blast.11_true-unreach-call.i.cil.c Settings:settings/svcomp2015/svComp-32bit-precise-BE-Impulse.epf Toolchain:toolchains/CodeCheckWithBE-C.xml: EXCEPTION_OR_ERROR(Expected:SAFE): ExpectedResult: SAFE UltimateResult: EXCEPTION_OR_ERROR   [de.uni_freiburg.informatik.ultimate.plugins.generator.codecheck: ClassCastException: null]
2014-11-03_21-49-35-912 ### 218/220 ### Starting test for Input:svcomp/ssh/s3_srvr.blast.13_false-unreach-call.i.cil.c Settings:settings/svcomp2015/svComp-32bit-precise-BE-Impulse.epf Toolchain:toolchains/CodeCheckWithBE-C.xml
2014-11-03_21-49-54-192 Finishing test with FAIL for Input:svcomp/ssh/s3_srvr.blast.13_false-unreach-call.i.cil.c Settings:settings/svcomp2015/svComp-32bit-precise-BE-Impulse.epf Toolchain:toolchains/CodeCheckWithBE-C.xml: EXCEPTION_OR_ERROR(Expected:UNSAFE): ExpectedResult: UNSAFE UltimateResult: EXCEPTION_OR_ERROR   [de.uni_freiburg.informatik.ultimate.plugins.generator.codecheck: ClassCastException: null]
2014-11-03_21-49-54-363 ### 219/220 ### Starting test for Input:svcomp/ssh/s3_srvr.blast.15_true-unreach-call.i.cil.c Settings:settings/svcomp2015/svComp-32bit-precise-BE-Impulse.epf Toolchain:toolchains/CodeCheckWithBE-C.xml
2014-11-03_21-50-08-195 Finishing test with FAIL for Input:svcomp/ssh/s3_srvr.blast.15_true-unreach-call.i.cil.c Settings:settings/svcomp2015/svComp-32bit-precise-BE-Impulse.epf Toolchain:toolchains/CodeCheckWithBE-C.xml: EXCEPTION_OR_ERROR(Expected:SAFE): ExpectedResult: SAFE UltimateResult: EXCEPTION_OR_ERROR   [de.uni_freiburg.informatik.ultimate.plugins.generator.codecheck: ClassCastException: null]
2014-11-03_21-50-08-372 ### 220/220 ### Starting test for Input:svcomp/ssh/s3_srvr.blast.16_true-unreach-call.i.cil.c Settings:settings/svcomp2015/svComp-32bit-precise-BE-Impulse.epf Toolchain:toolchains/CodeCheckWithBE-C.xml
2014-11-03_21-50-16-128 Finishing test with FAIL for Input:svcomp/ssh/s3_srvr.blast.16_true-unreach-call.i.cil.c Settings:settings/svcomp2015/svComp-32bit-precise-BE-Impulse.epf Toolchain:toolchains/CodeCheckWithBE-C.xml: EXCEPTION_OR_ERROR(Expected:SAFE): ExpectedResult: SAFE UltimateResult: EXCEPTION_OR_ERROR   [de.uni_freiburg.informatik.ultimate.plugins.generator.codecheck: ClassCastException: null]
