################# AutomizerC.xml svComp-32bit-precise-Automizer.epf ProductLines #################
===== UNKNOWN =====
	TIMEOUT(Expected:UNSAFE)
		product-lines/email_spec27_product32_false-unreach-call.cil.c
			ExpectedResult: UNSAFE UltimateResult: TIMEOUT   [ShortDescription: Timeout LongDescription: Unable to prove that call of __VERIFIER_error() unreachable (line 1786)]
		product-lines/elevator_spec1_product18_false-unreach-call.cil.c
			ExpectedResult: UNSAFE UltimateResult: TIMEOUT   [ShortDescription: Timeout LongDescription: Unable to prove that call of __VERIFIER_error() unreachable (line 50)]
		product-lines/elevator_spec14_product32_false-unreach-call.cil.c
			ExpectedResult: UNSAFE UltimateResult: TIMEOUT   [ShortDescription: Timeout LongDescription: Unable to prove that call of __VERIFIER_error() unreachable (line 4871)]
		product-lines/elevator_spec9_productSimulator_false-unreach-call.cil.c
			ExpectedResult: UNSAFE UltimateResult: TIMEOUT   [ShortDescription: Timeout LongDescription: Unable to prove that call of __VERIFIER_error() unreachable (line 2510)]
		product-lines/email_spec3_product25_false-unreach-call.cil.c
			ExpectedResult: UNSAFE UltimateResult: TIMEOUT   [ShortDescription: Timeout LongDescription: Unable to prove that call of __VERIFIER_error() unreachable (line 4420)]
		product-lines/elevator_spec1_product30_false-unreach-call.cil.c
			ExpectedResult: UNSAFE UltimateResult: TIMEOUT   [ShortDescription: Timeout LongDescription: Unable to prove that call of __VERIFIER_error() unreachable (line 50)]
		product-lines/email_spec3_product35_false-unreach-call.cil.c
			ExpectedResult: UNSAFE UltimateResult: TIMEOUT   [ShortDescription: Timeout LongDescription: Timout or Toolchain cancelled by user]
		product-lines/email_spec1_product14_false-unreach-call.cil.c
			ExpectedResult: UNSAFE UltimateResult: TIMEOUT   [ShortDescription: Timeout LongDescription: Unable to prove that call of __VERIFIER_error() unreachable (line 4273)]
	Total: 8

	TIMEOUT(Expected:SAFE)
		product-lines/elevator_spec13_product32_true-unreach-call.cil.c
			ExpectedResult: SAFE UltimateResult: TIMEOUT   [ShortDescription: Timeout LongDescription: Unable to prove that call of __VERIFIER_error() unreachable (line 50)]
		product-lines/elevator_spec1_product11_true-unreach-call.cil.c
			ExpectedResult: SAFE UltimateResult: TIMEOUT   [ShortDescription: Timeout LongDescription: Unable to prove that call of __VERIFIER_error() unreachable (line 2752)]
		product-lines/email_spec11_product18_true-unreach-call.cil.c
			ExpectedResult: SAFE UltimateResult: TIMEOUT   [ShortDescription: Timeout LongDescription: Timout or Toolchain cancelled by user]
		product-lines/email_spec4_product13_true-unreach-call.cil.c
			ExpectedResult: SAFE UltimateResult: TIMEOUT   [ShortDescription: Timeout LongDescription: Unable to prove that call of __VERIFIER_error() unreachable (line 2796)]
		product-lines/elevator_spec3_product17_true-unreach-call.cil.c
			ExpectedResult: SAFE UltimateResult: TIMEOUT   [ShortDescription: Timeout LongDescription: Unable to prove that call of __VERIFIER_error() unreachable (line 338)]
		product-lines/email_spec0_product24_true-unreach-call.cil.c
			ExpectedResult: SAFE UltimateResult: TIMEOUT   [ShortDescription: Timeout LongDescription: Timout or Toolchain cancelled by user]
		product-lines/elevator_spec1_product19_true-unreach-call.cil.c
			ExpectedResult: SAFE UltimateResult: TIMEOUT   [ShortDescription: Timeout LongDescription: Unable to prove that call of __VERIFIER_error() unreachable (line 4284)]
	Total: 7


===== SUCCESS =====
	SAFE(Expected:SAFE)
		product-lines/minepump_spec2_product07_true-unreach-call.cil.c
			ExpectedResult: SAFE UltimateResult: SAFE   [ShortDescription: All specifications hold LongDescription: 1 specifications checked. All of them hold]
		product-lines/email_spec7_product17_true-unreach-call.cil.c
			ExpectedResult: SAFE UltimateResult: SAFE   [ShortDescription: All specifications hold LongDescription: 1 specifications checked. All of them hold]
		product-lines/minepump_spec5_product17_true-unreach-call.cil.c
			ExpectedResult: SAFE UltimateResult: SAFE   [ShortDescription: All specifications hold LongDescription: 1 specifications checked. All of them hold]
		product-lines/minepump_spec1_product28_true-unreach-call.cil.c
			ExpectedResult: SAFE UltimateResult: SAFE   [ShortDescription: All specifications hold LongDescription: 1 specifications checked. All of them hold]
		product-lines/minepump_spec5_product07_true-unreach-call.cil.c
			ExpectedResult: SAFE UltimateResult: SAFE   [ShortDescription: All specifications hold LongDescription: 1 specifications checked. All of them hold]
	Total: 5

	UNSAFE(Expected:UNSAFE)
		product-lines/minepump_spec1_product34_false-unreach-call.cil.c
			ExpectedResult: UNSAFE UltimateResult: UNSAFE   a call of __VERIFIER_error() is reachable 
		product-lines/minepump_spec3_product22_false-unreach-call.cil.c
			ExpectedResult: UNSAFE UltimateResult: UNSAFE   a call of __VERIFIER_error() is reachable 
		product-lines/minepump_spec1_product49_false-unreach-call.cil.c
			ExpectedResult: UNSAFE UltimateResult: UNSAFE   a call of __VERIFIER_error() is reachable 
		product-lines/minepump_spec3_product07_false-unreach-call.cil.c
			ExpectedResult: UNSAFE UltimateResult: UNSAFE   a call of __VERIFIER_error() is reachable 
	Total: 4


===== TOTAL =====
FAIL: 0
UNKNOWN: 15
SUCCESS: 9
All: 24

################# AutomizerC.xml svComp-32bit-precise-Automizer.epf ECA #################
===== UNKNOWN =====
	TIMEOUT(Expected:UNSAFE)
		eca-rers2012/Problem18_label08_false-unreach-call.c
			ExpectedResult: UNSAFE UltimateResult: TIMEOUT   [ShortDescription: Timeout LongDescription: Unable to prove that call of __VERIFIER_error() unreachable (line 66)]
		eca-rers2012/Problem11_label43_false-unreach-call.c
			ExpectedResult: UNSAFE UltimateResult: TIMEOUT   [ShortDescription: Timeout LongDescription: Unable to prove that call of __VERIFIER_error() unreachable (line 41)]
		eca-rers2012/Problem16_label46_false-unreach-call.c
			ExpectedResult: UNSAFE UltimateResult: TIMEOUT   [ShortDescription: Timeout LongDescription: Unable to prove that call of __VERIFIER_error() unreachable (line 51)]
		eca-rers2012/Problem09_label53_false-unreach-call.c
			ExpectedResult: UNSAFE UltimateResult: TIMEOUT   [ShortDescription: Timeout LongDescription: Timout or Toolchain cancelled by user]
		eca-rers2012/Problem06_label59_false-unreach-call.c
			ExpectedResult: UNSAFE UltimateResult: TIMEOUT   [ShortDescription: Timeout LongDescription: Unable to prove that call of __VERIFIER_error() unreachable (line 9308)]
		eca-rers2012/Problem16_label05_false-unreach-call.c
			ExpectedResult: UNSAFE UltimateResult: TIMEOUT   [ShortDescription: Timeout LongDescription: Unable to prove that call of __VERIFIER_error() unreachable (line 60)]
		eca-rers2012/Problem13_label24_false-unreach-call.c
			ExpectedResult: UNSAFE UltimateResult: TIMEOUT   [ShortDescription: Timeout LongDescription: Unable to prove that call of __VERIFIER_error() unreachable (line 91)]
		eca-rers2012/Problem18_label03_false-unreach-call.c
			ExpectedResult: UNSAFE UltimateResult: TIMEOUT   [ShortDescription: Timeout LongDescription: Unable to prove that call of __VERIFIER_error() unreachable (line 36)]
		eca-rers2012/Problem05_label55_false-unreach-call.c
			ExpectedResult: UNSAFE UltimateResult: TIMEOUT   [ShortDescription: Timeout LongDescription: Unable to prove that call of __VERIFIER_error() unreachable (line 10933)]
		eca-rers2012/Problem17_label35_false-unreach-call.c
			ExpectedResult: UNSAFE UltimateResult: TIMEOUT   [ShortDescription: Timeout LongDescription: Unable to prove that call of __VERIFIER_error() unreachable (line 25)]
		eca-rers2012/Problem13_label07_false-unreach-call.c
			ExpectedResult: UNSAFE UltimateResult: TIMEOUT   [ShortDescription: Timeout LongDescription: Unable to prove that call of __VERIFIER_error() unreachable (line 67)]
	Total: 11

	TIMEOUT(Expected:SAFE)
		eca-rers2012/Problem09_label42_true-unreach-call.c
			ExpectedResult: SAFE UltimateResult: TIMEOUT   [ShortDescription: Timeout LongDescription: Timout or Toolchain cancelled by user]
		eca-rers2012/Problem17_label41_true-unreach-call.c
			ExpectedResult: SAFE UltimateResult: TIMEOUT   [ShortDescription: Timeout LongDescription: Unable to prove that call of __VERIFIER_error() unreachable (line 106)]
		eca-rers2012/Problem18_label43_true-unreach-call.c
			ExpectedResult: SAFE UltimateResult: TIMEOUT   [ShortDescription: Timeout LongDescription: Unable to prove that call of __VERIFIER_error() unreachable (line 201)]
		eca-rers2012/Problem06_label22_true-unreach-call.c
			ExpectedResult: SAFE UltimateResult: TIMEOUT   [ShortDescription: Timeout LongDescription: Unable to prove that call of __VERIFIER_error() unreachable (line 9407)]
		eca-rers2012/Problem11_label32_true-unreach-call.c
			ExpectedResult: SAFE UltimateResult: TIMEOUT   [ShortDescription: Timeout LongDescription: Unable to prove that call of __VERIFIER_error() unreachable (line 125)]
		eca-rers2012/Problem12_label57_true-unreach-call.c
			ExpectedResult: SAFE UltimateResult: TIMEOUT   [ShortDescription: Timeout LongDescription: Unable to prove that call of __VERIFIER_error() unreachable (line 115)]
		eca-rers2012/Problem10_label18_true-unreach-call.c
			ExpectedResult: SAFE UltimateResult: TIMEOUT   [ShortDescription: Timeout LongDescription: Timout or Toolchain cancelled by user]
		eca-rers2012/Problem12_label32_true-unreach-call.c
			ExpectedResult: SAFE UltimateResult: TIMEOUT   [ShortDescription: Timeout LongDescription: Unable to prove that call of __VERIFIER_error() unreachable (line 133)]
		eca-rers2012/Problem19_label46_true-unreach-call.c
			ExpectedResult: SAFE UltimateResult: TIMEOUT   [ShortDescription: Timeout LongDescription: Unable to prove that call of __VERIFIER_error() unreachable (line 100)]
	Total: 9


===== SUCCESS =====
	UNSAFE(Expected:UNSAFE)
		eca-rers2012/Problem02_label13_false-unreach-call.c
			ExpectedResult: UNSAFE UltimateResult: UNSAFE   a call of __VERIFIER_error() is reachable 
	Total: 1

	SAFE(Expected:SAFE)
		eca-rers2012/Problem03_label08_true-unreach-call.c
			ExpectedResult: SAFE UltimateResult: SAFE   [ShortDescription: All specifications hold LongDescription: 1 specifications checked. All of them hold]
		eca-rers2012/Problem02_label35_true-unreach-call.c
			ExpectedResult: SAFE UltimateResult: SAFE   [ShortDescription: All specifications hold LongDescription: 1 specifications checked. All of them hold]
		eca-rers2012/Problem10_label09_true-unreach-call.c
			ExpectedResult: SAFE UltimateResult: SAFE   [ShortDescription: All specifications hold LongDescription: 1 specifications checked. All of them hold]
	Total: 3


===== TOTAL =====
FAIL: 0
UNKNOWN: 20
SUCCESS: 4
All: 24

################# AutomizerC.xml svComp-32bit-precise-Automizer.epf HeapManipulation #################
===== FAIL =====
	EXCEPTION_OR_ERROR(Expected:UNSAFE)
		list-properties/list_flag_false-unreach-call.i
			ExpectedResult: UNSAFE UltimateResult: EXCEPTION_OR_ERROR   [de.uni_freiburg.informatik.ultimate.plugins.generator.traceabstraction: ClassCastException: de.uni_freiburg.informatik.ultimate.logic.ApplicationTerm cannot be cast to de.uni_freiburg.informatik.ultimate.modelcheckerutils.smt.linearTerms.AffineTerm: de.uni_freiburg.informatik.ultimate.modelcheckerutils.smt.linearTerms.AffineRelation.<init>(AffineRelation.java:54)]
		heap-manipulation/bubble_sort_linux_false-unreach-call.i
			ExpectedResult: UNSAFE UltimateResult: EXCEPTION_OR_ERROR   [de.uni_freiburg.informatik.ultimate.plugins.generator.traceabstraction: ClassCastException: de.uni_freiburg.informatik.ultimate.logic.ApplicationTerm cannot be cast to de.uni_freiburg.informatik.ultimate.modelcheckerutils.smt.linearTerms.AffineTerm: de.uni_freiburg.informatik.ultimate.modelcheckerutils.smt.linearTerms.AffineRelation.<init>(AffineRelation.java:54)]
		ddv-machzwd/ddv_machzwd_inw_false-unreach-call.i
			ExpectedResult: UNSAFE UltimateResult: EXCEPTION_OR_ERROR   [de.uni_freiburg.informatik.ultimate.plugins.generator.cacsl2boogietranslator: EmptyStackException: null: java.util.Stack.peek(Stack.java:102)]
		heap-manipulation/sll_to_dll_rev_false-unreach-call.i
			ExpectedResult: UNSAFE UltimateResult: EXCEPTION_OR_ERROR   [de.uni_freiburg.informatik.ultimate.plugins.generator.traceabstraction: ClassCastException: de.uni_freiburg.informatik.ultimate.logic.ApplicationTerm cannot be cast to de.uni_freiburg.informatik.ultimate.modelcheckerutils.smt.linearTerms.AffineTerm: de.uni_freiburg.informatik.ultimate.modelcheckerutils.smt.linearTerms.AffineRelation.<init>(AffineRelation.java:54)]
		ldv-regression/1_3.c_false-unreach-call.i
			ExpectedResult: UNSAFE UltimateResult: EXCEPTION_OR_ERROR   [de.uni_freiburg.informatik.ultimate.plugins.generator.traceabstraction: ClassCastException: de.uni_freiburg.informatik.ultimate.logic.ApplicationTerm cannot be cast to de.uni_freiburg.informatik.ultimate.modelcheckerutils.smt.linearTerms.AffineTerm: de.uni_freiburg.informatik.ultimate.modelcheckerutils.smt.linearTerms.AffineRelation.<init>(AffineRelation.java:54)]
		list-properties/list_false-unreach-call.i
			ExpectedResult: UNSAFE UltimateResult: EXCEPTION_OR_ERROR   [de.uni_freiburg.informatik.ultimate.plugins.generator.traceabstraction: ClassCastException: de.uni_freiburg.informatik.ultimate.logic.ApplicationTerm cannot be cast to de.uni_freiburg.informatik.ultimate.modelcheckerutils.smt.linearTerms.AffineTerm: de.uni_freiburg.informatik.ultimate.modelcheckerutils.smt.linearTerms.AffineRelation.<init>(AffineRelation.java:54)]
		ddv-machzwd/ddv_machzwd_all_false-unreach-call.i
			ExpectedResult: UNSAFE UltimateResult: EXCEPTION_OR_ERROR   [de.uni_freiburg.informatik.ultimate.plugins.generator.cacsl2boogietranslator: EmptyStackException: null: java.util.Stack.peek(Stack.java:102)]
		ddv-machzwd/ddv_machzwd_outb_false-unreach-call.i
			ExpectedResult: UNSAFE UltimateResult: EXCEPTION_OR_ERROR   [de.uni_freiburg.informatik.ultimate.plugins.generator.cacsl2boogietranslator: EmptyStackException: null: java.util.Stack.peek(Stack.java:102)]
		list-properties/alternating_list_false-unreach-call.i
			ExpectedResult: UNSAFE UltimateResult: EXCEPTION_OR_ERROR   [de.uni_freiburg.informatik.ultimate.plugins.generator.traceabstraction: ClassCastException: de.uni_freiburg.informatik.ultimate.logic.ApplicationTerm cannot be cast to de.uni_freiburg.informatik.ultimate.modelcheckerutils.smt.linearTerms.AffineTerm: de.uni_freiburg.informatik.ultimate.modelcheckerutils.smt.linearTerms.AffineRelation.<init>(AffineRelation.java:54)]
		ldv-regression/mutex_lock_struct.c_false-unreach-call.i
			ExpectedResult: UNSAFE UltimateResult: EXCEPTION_OR_ERROR   [de.uni_freiburg.informatik.ultimate.plugins.generator.traceabstraction: ClassCastException: de.uni_freiburg.informatik.ultimate.logic.ApplicationTerm cannot be cast to de.uni_freiburg.informatik.ultimate.modelcheckerutils.smt.linearTerms.AffineTerm: de.uni_freiburg.informatik.ultimate.modelcheckerutils.smt.linearTerms.AffineRelation.<init>(AffineRelation.java:54)]
	Total: 10

	EXCEPTION_OR_ERROR(Expected:SAFE)
		ldv-regression/rule60_list.c_true-unreach-call.i
			ExpectedResult: SAFE UltimateResult: EXCEPTION_OR_ERROR   [de.uni_freiburg.informatik.ultimate.plugins.generator.traceabstraction: ClassCastException: de.uni_freiburg.informatik.ultimate.logic.ApplicationTerm cannot be cast to de.uni_freiburg.informatik.ultimate.modelcheckerutils.smt.linearTerms.AffineTerm: de.uni_freiburg.informatik.ultimate.modelcheckerutils.smt.linearTerms.AffineRelation.<init>(AffineRelation.java:54)]
		ddv-machzwd/ddv_machzwd_pthread_mutex_unlock_true-unreach-call.i
			ExpectedResult: SAFE UltimateResult: EXCEPTION_OR_ERROR   [de.uni_freiburg.informatik.ultimate.plugins.generator.cacsl2boogietranslator: EmptyStackException: null: java.util.Stack.peek(Stack.java:102)]
		ddv-machzwd/ddv_machzwd_inl_p_true-unreach-call.i
			ExpectedResult: SAFE UltimateResult: EXCEPTION_OR_ERROR   [de.uni_freiburg.informatik.ultimate.plugins.generator.cacsl2boogietranslator: EmptyStackException: null: java.util.Stack.peek(Stack.java:102)]
		heap-manipulation/sll_to_dll_rev_true-unreach-call.i
			ExpectedResult: SAFE UltimateResult: EXCEPTION_OR_ERROR   [de.uni_freiburg.informatik.ultimate.plugins.generator.traceabstraction: ClassCastException: de.uni_freiburg.informatik.ultimate.logic.ApplicationTerm cannot be cast to de.uni_freiburg.informatik.ultimate.modelcheckerutils.smt.linearTerms.AffineTerm: de.uni_freiburg.informatik.ultimate.modelcheckerutils.smt.linearTerms.AffineRelation.<init>(AffineRelation.java:54)]
		ldv-regression/alias_of_return_2.c_true-unreach-call_1.i
			ExpectedResult: SAFE UltimateResult: EXCEPTION_OR_ERROR   [de.uni_freiburg.informatik.ultimate.plugins.generator.traceabstraction: ClassCastException: de.uni_freiburg.informatik.ultimate.logic.ApplicationTerm cannot be cast to de.uni_freiburg.informatik.ultimate.modelcheckerutils.smt.linearTerms.AffineTerm: de.uni_freiburg.informatik.ultimate.modelcheckerutils.smt.linearTerms.AffineRelation.<init>(AffineRelation.java:54)]
		heap-manipulation/dll_of_dll_true-unreach-call.i
			ExpectedResult: SAFE UltimateResult: EXCEPTION_OR_ERROR   [de.uni_freiburg.informatik.ultimate.plugins.generator.traceabstraction: ClassCastException: de.uni_freiburg.informatik.ultimate.logic.ApplicationTerm cannot be cast to de.uni_freiburg.informatik.ultimate.modelcheckerutils.smt.linearTerms.AffineTerm: de.uni_freiburg.informatik.ultimate.modelcheckerutils.smt.linearTerms.AffineRelation.<init>(AffineRelation.java:54)]
		ddv-machzwd/ddv_machzwd_inb_true-unreach-call.i
			ExpectedResult: SAFE UltimateResult: EXCEPTION_OR_ERROR   [de.uni_freiburg.informatik.ultimate.plugins.generator.cacsl2boogietranslator: EmptyStackException: null: java.util.Stack.peek(Stack.java:102)]
		list-properties/splice_true-unreach-call.i
			ExpectedResult: SAFE UltimateResult: EXCEPTION_OR_ERROR   [de.uni_freiburg.informatik.ultimate.plugins.generator.traceabstraction: ClassCastException: de.uni_freiburg.informatik.ultimate.logic.ApplicationTerm cannot be cast to de.uni_freiburg.informatik.ultimate.modelcheckerutils.smt.linearTerms.AffineTerm: de.uni_freiburg.informatik.ultimate.modelcheckerutils.smt.linearTerms.AffineRelation.<init>(AffineRelation.java:54)]
		list-properties/list_flag_true-unreach-call.i
			ExpectedResult: SAFE UltimateResult: EXCEPTION_OR_ERROR   [de.uni_freiburg.informatik.ultimate.plugins.generator.traceabstraction: ClassCastException: de.uni_freiburg.informatik.ultimate.logic.ApplicationTerm cannot be cast to de.uni_freiburg.informatik.ultimate.modelcheckerutils.smt.linearTerms.AffineTerm: de.uni_freiburg.informatik.ultimate.modelcheckerutils.smt.linearTerms.AffineRelation.<init>(AffineRelation.java:54)]
		list-properties/simple_true-unreach-call.i
			ExpectedResult: SAFE UltimateResult: EXCEPTION_OR_ERROR   [de.uni_freiburg.informatik.ultimate.plugins.generator.traceabstraction: ClassCastException: de.uni_freiburg.informatik.ultimate.logic.ApplicationTerm cannot be cast to de.uni_freiburg.informatik.ultimate.modelcheckerutils.smt.linearTerms.AffineTerm: de.uni_freiburg.informatik.ultimate.modelcheckerutils.smt.linearTerms.AffineRelation.<init>(AffineRelation.java:54)]
	Total: 10

	SYNTAX_ERROR(Expected:UNSAFE)
		heap-manipulation/merge_sort_false-unreach-call.i
			ExpectedResult: UNSAFE UltimateResult: SYNTAX_ERROR   [ShortDescription: Type Error LongDescription: ~node~31already declared as local variable]
	Total: 1

	SYNTAX_ERROR(Expected:SAFE)
		heap-manipulation/merge_sort_true-unreach-call.i
			ExpectedResult: SAFE UltimateResult: SYNTAX_ERROR   [ShortDescription: Type Error LongDescription: ~node~31already declared as local variable]
	Total: 1


===== SUCCESS =====
	UNSAFE(Expected:UNSAFE)
		ldv-regression/recursive_list.c_false-unreach-call.i
			ExpectedResult: UNSAFE UltimateResult: UNSAFE   a call of __VERIFIER_error() is reachable 
	Total: 1

	SAFE(Expected:SAFE)
		ldv-regression/just_assert.c_true-unreach-call.i
			ExpectedResult: SAFE UltimateResult: SAFE   [ShortDescription: All specifications hold LongDescription: 1 specifications checked. All of them hold]
	Total: 1


===== TOTAL =====
FAIL: 22
UNKNOWN: 0
SUCCESS: 2
All: 24

################# AutomizerC.xml svComp-32bit-precise-Automizer.epf Recursive #################
===== UNKNOWN =====
	TIMEOUT(Expected:UNSAFE)
		recursive/Addition03_false-unreach-call.c
			ExpectedResult: UNSAFE UltimateResult: TIMEOUT   [ShortDescription: Timeout LongDescription: Timout or Toolchain cancelled by user]
	Total: 1

	TIMEOUT(Expected:SAFE)
		recursive/Fibonacci03_true-unreach-call_true-termination.c
			ExpectedResult: SAFE UltimateResult: TIMEOUT   [ShortDescription: Timeout LongDescription: Unable to prove that call of __VERIFIER_error() unreachable (line 34)]
		recursive/recHanoi01_true-unreach-call_true-termination.c
			ExpectedResult: SAFE UltimateResult: TIMEOUT   [ShortDescription: Timeout LongDescription: Timout or Toolchain cancelled by user]
	Total: 2


===== SUCCESS =====
	SAFE(Expected:SAFE)
		recursive/Ackermann01_true-unreach-call.c
			ExpectedResult: SAFE UltimateResult: SAFE   [ShortDescription: All specifications hold LongDescription: 1 specifications checked. All of them hold]
		recursive/gcd01_true-unreach-call_true-termination.c
			ExpectedResult: SAFE UltimateResult: SAFE   [ShortDescription: All specifications hold LongDescription: 1 specifications checked. All of them hold]
		recursive/Ackermann03_true-unreach-call.c
			ExpectedResult: SAFE UltimateResult: SAFE   [ShortDescription: All specifications hold LongDescription: 1 specifications checked. All of them hold]
	Total: 3

	UNSAFE(Expected:UNSAFE)
		recursive/Fibonacci05_false-unreach-call_true-termination.c
			ExpectedResult: UNSAFE UltimateResult: UNSAFE   a call of __VERIFIER_error() is reachable 
		recursive/Addition02_false-unreach-call_false-termination.c
			ExpectedResult: UNSAFE UltimateResult: UNSAFE   a call of __VERIFIER_error() is reachable 
		recursive/Fibonacci04_false-unreach-call_true-termination.c
			ExpectedResult: UNSAFE UltimateResult: UNSAFE   a call of __VERIFIER_error() is reachable 
		recursive/Ackermann02_false-unreach-call_false-termination.c
			ExpectedResult: UNSAFE UltimateResult: UNSAFE   a call of __VERIFIER_error() is reachable 
	Total: 4


===== TOTAL =====
FAIL: 0
UNKNOWN: 3
SUCCESS: 7
All: 10

################# AutomizerC.xml svComp-32bit-precise-Automizer.epf ControlFlowInteger #################
===== UNKNOWN =====
	TIMEOUT(Expected:SAFE)
		locks/test_locks_14_true-unreach-call.c
			ExpectedResult: SAFE UltimateResult: TIMEOUT   [ShortDescription: Timeout LongDescription: Unable to prove that call of __VERIFIER_error() unreachable (line 217)]
	Total: 1


===== SUCCESS =====
	UNSAFE(Expected:UNSAFE)
		ssh-simplified/s3_clnt_1_false-unreach-call.cil.c
			ExpectedResult: UNSAFE UltimateResult: UNSAFE   a call of __VERIFIER_error() is reachable 
		ntdrivers-simplified/kbfiltr_simpl2_false-unreach-call_true-termination.cil.c
			ExpectedResult: UNSAFE UltimateResult: UNSAFE   a call of __VERIFIER_error() is reachable 
		locks/test_locks_15_false-unreach-call.c
			ExpectedResult: UNSAFE UltimateResult: UNSAFE   a call of __VERIFIER_error() is reachable 
		ssh-simplified/s3_srvr_10_false-unreach-call.cil.c
			ExpectedResult: UNSAFE UltimateResult: UNSAFE   a call of __VERIFIER_error() is reachable 
		locks/test_locks_14_false-unreach-call.c
			ExpectedResult: UNSAFE UltimateResult: UNSAFE   a call of __VERIFIER_error() is reachable 
		ssh-simplified/s3_srvr_13_false-unreach-call.cil.c
			ExpectedResult: UNSAFE UltimateResult: UNSAFE   a call of __VERIFIER_error() is reachable 
		ntdrivers-simplified/cdaudio_simpl1_false-unreach-call_true-termination.cil.c
			ExpectedResult: UNSAFE UltimateResult: UNSAFE   a call of __VERIFIER_error() is reachable 
		ntdrivers-simplified/floppy_simpl4_false-unreach-call_true-termination.cil.c
			ExpectedResult: UNSAFE UltimateResult: UNSAFE   a call of __VERIFIER_error() is reachable 
		ntdrivers-simplified/floppy_simpl3_false-unreach-call_true-termination.cil.c
			ExpectedResult: UNSAFE UltimateResult: UNSAFE   a call of __VERIFIER_error() is reachable 
		ssh-simplified/s3_clnt_4_false-unreach-call.cil.c
			ExpectedResult: UNSAFE UltimateResult: UNSAFE   a call of __VERIFIER_error() is reachable 
	Total: 10

	SAFE(Expected:SAFE)
		ssh-simplified/s3_srvr_1b_true-unreach-call_false-termination.cil.c
			ExpectedResult: SAFE UltimateResult: SAFE   [ShortDescription: All specifications hold LongDescription: 1 specifications checked. All of them hold]
		locks/test_locks_13_true-unreach-call.c
			ExpectedResult: SAFE UltimateResult: SAFE   [ShortDescription: All specifications hold LongDescription: 1 specifications checked. All of them hold]
		ssh-simplified/s3_srvr_6_true-unreach-call.cil.c
			ExpectedResult: SAFE UltimateResult: SAFE   [ShortDescription: All specifications hold LongDescription: 1 specifications checked. All of them hold]
		ssh-simplified/s3_srvr_7_true-unreach-call.cil.c
			ExpectedResult: SAFE UltimateResult: SAFE   [ShortDescription: All specifications hold LongDescription: 1 specifications checked. All of them hold]
		ntdrivers-simplified/diskperf_simpl1_true-unreach-call_true-termination.cil.c
			ExpectedResult: SAFE UltimateResult: SAFE   [ShortDescription: All specifications hold LongDescription: 1 specifications checked. All of them hold]
		locks/test_locks_9_true-unreach-call.c
			ExpectedResult: SAFE UltimateResult: SAFE   [ShortDescription: All specifications hold LongDescription: 1 specifications checked. All of them hold]
		ssh-simplified/s3_srvr_1_true-unreach-call.cil.c
			ExpectedResult: SAFE UltimateResult: SAFE   [ShortDescription: All specifications hold LongDescription: 1 specifications checked. All of them hold]
		locks/test_locks_12_true-unreach-call_false-termination.c
			ExpectedResult: SAFE UltimateResult: SAFE   [ShortDescription: All specifications hold LongDescription: 1 specifications checked. All of them hold]
		ntdrivers-simplified/kbfiltr_simpl2_true-unreach-call_true-termination.cil.c
			ExpectedResult: SAFE UltimateResult: SAFE   [ShortDescription: All specifications hold LongDescription: 1 specifications checked. All of them hold]
		ntdrivers-simplified/kbfiltr_simpl1_true-unreach-call_true-termination.cil.c
			ExpectedResult: SAFE UltimateResult: SAFE   [ShortDescription: All specifications hold LongDescription: 1 specifications checked. All of them hold]
		ntdrivers-simplified/cdaudio_simpl1_true-unreach-call_true-termination.cil.c
			ExpectedResult: SAFE UltimateResult: SAFE   [ShortDescription: All specifications hold LongDescription: 1 specifications checked. All of them hold]
	Total: 11


===== TOTAL =====
FAIL: 0
UNKNOWN: 1
SUCCESS: 21
All: 22

################# AutomizerC.xml svComp-32bit-precise-Automizer.epf Loops #################
===== FAIL =====
	UNSUPPORTED_SYNTAX(Expected:UNSAFE)
		loops/linear_search_false-unreach-call.i
			ExpectedResult: UNSAFE UltimateResult: UNSUPPORTED_SYNTAX   [ShortDescription: Unsupported Syntax LongDescription: we need to generalize this to nested and/or variable length arrays]
	Total: 1

	EXCEPTION_OR_ERROR(Expected:UNSAFE)
		loop-acceleration/phases_false-unreach-call2.i
			ExpectedResult: UNSAFE UltimateResult: EXCEPTION_OR_ERROR   [de.uni_freiburg.informatik.ultimate.plugins.generator.rcfgbuilder: SMTLIBException: line 99 column 335: logic does not support nonlinear arithmetic: de.uni_freiburg.informatik.ultimate.smtsolver.external.Parser$Action$.CUP$do_action(Parser.java:1338)]
	Total: 1

	EXCEPTION_OR_ERROR(Expected:SAFE)
		loops/string_true-unreach-call.i
			ExpectedResult: SAFE UltimateResult: EXCEPTION_OR_ERROR   [de.uni_freiburg.informatik.ultimate.plugins.generator.traceabstraction: ClassCastException: null]
		loop-new/gauss_sum_true-unreach-call.i
			ExpectedResult: SAFE UltimateResult: EXCEPTION_OR_ERROR   [de.uni_freiburg.informatik.ultimate.plugins.generator.traceabstraction: SMTLIBException: line 146 column 154: logic does not support nonlinear arithmetic: de.uni_freiburg.informatik.ultimate.smtsolver.external.Parser$Action$.CUP$do_action(Parser.java:1338)]
	Total: 2

	SAFE(Expected:UNSAFE)
		loop-invgen/SpamAssassin-loop_false-unreach-call.i
			ExpectedResult: UNSAFE UltimateResult: SAFE   [ShortDescription: All specifications hold LongDescription: 1 specifications checked. All of them hold]
		loop-invgen/NetBSD_loop_false-unreach-call.i
			ExpectedResult: UNSAFE UltimateResult: SAFE   [ShortDescription: All specifications hold LongDescription: 1 specifications checked. All of them hold]
	Total: 2


===== UNKNOWN =====
	TIMEOUT(Expected:UNSAFE)
		loop-acceleration/phases_false-unreach-call1.i
			ExpectedResult: UNSAFE UltimateResult: TIMEOUT   [ShortDescription: Timeout LongDescription: Timout or Toolchain cancelled by user]
	Total: 1

	TIMEOUT(Expected:SAFE)
		loop-acceleration/array_true-unreach-call2.i
			ExpectedResult: SAFE UltimateResult: TIMEOUT   [ShortDescription: Timeout LongDescription: Unable to prove that call of __VERIFIER_error() unreachable (line 4)]
		loop-acceleration/phases_true-unreach-call1.i
			ExpectedResult: SAFE UltimateResult: TIMEOUT   [ShortDescription: Timeout LongDescription: Timout or Toolchain cancelled by user]
		loop-acceleration/simple_true-unreach-call1.i
			ExpectedResult: SAFE UltimateResult: TIMEOUT   [ShortDescription: Timeout LongDescription: Unable to prove that call of __VERIFIER_error() unreachable (line 4)]
		loop-lit/gj2007_true-unreach-call.c.i
			ExpectedResult: SAFE UltimateResult: TIMEOUT   [ShortDescription: Timeout LongDescription: Timout or Toolchain cancelled by user]
		loop-lit/cggmp2005b_true-unreach-call.c.i
			ExpectedResult: SAFE UltimateResult: TIMEOUT   [ShortDescription: Timeout LongDescription: Timout or Toolchain cancelled by user]
		loops/sum01_true-unreach-call_true-termination.i
			ExpectedResult: SAFE UltimateResult: TIMEOUT   [ShortDescription: Timeout LongDescription: Timout or Toolchain cancelled by user]
		loop-invgen/fragtest_simple_true-unreach-call.i
			ExpectedResult: SAFE UltimateResult: TIMEOUT   [ShortDescription: Timeout LongDescription: Unable to prove that call of __VERIFIER_error() unreachable (line 5)]
		loop-new/count_by_1_true-unreach-call.i
			ExpectedResult: SAFE UltimateResult: TIMEOUT   [ShortDescription: Timeout LongDescription: Unable to prove that call of __VERIFIER_error() unreachable (line 5)]
	Total: 8


===== SUCCESS =====
	SAFE(Expected:SAFE)
		loop-invgen/nested6_true-unreach-call.i
			ExpectedResult: SAFE UltimateResult: SAFE   [ShortDescription: All specifications hold LongDescription: 1 specifications checked. All of them hold]
		loop-new/nested_true-unreach-call.i
			ExpectedResult: SAFE UltimateResult: SAFE   [ShortDescription: All specifications hold LongDescription: 1 specifications checked. All of them hold]
		loop-lit/gj2007b_true-unreach-call.c.i
			ExpectedResult: SAFE UltimateResult: SAFE   [ShortDescription: All specifications hold LongDescription: 1 specifications checked. All of them hold]
		loops/for_infinite_loop_2_true-unreach-call_false-termination.i
			ExpectedResult: SAFE UltimateResult: SAFE   [ShortDescription: All specifications hold LongDescription: 1 specifications checked. All of them hold]
		loop-invgen/id_build_true-unreach-call.i
			ExpectedResult: SAFE UltimateResult: SAFE   [ShortDescription: All specifications hold LongDescription: 1 specifications checked. All of them hold]
	Total: 5

	UNSAFE(Expected:UNSAFE)
		loops/count_up_down_false-unreach-call_true-termination.i
			ExpectedResult: UNSAFE UltimateResult: UNSAFE   a call of __VERIFIER_error() is reachable 
		loop-acceleration/diamond_false-unreach-call2.i
			ExpectedResult: UNSAFE UltimateResult: UNSAFE   a call of __VERIFIER_error() is reachable 
		loop-invgen/id_trans_false-unreach-call.i
			ExpectedResult: UNSAFE UltimateResult: UNSAFE   a call of __VERIFIER_error() is reachable 
		loops/nec11_false-unreach-call.i
			ExpectedResult: UNSAFE UltimateResult: UNSAFE   a call of __VERIFIER_error() is reachable 
	Total: 4


===== TOTAL =====
FAIL: 6
UNKNOWN: 9
SUCCESS: 9
All: 24

################# AutomizerC.xml svComp-32bit-precise-Automizer.epf Arrays #################
===== FAIL =====
	EXCEPTION_OR_ERROR(Expected:UNSAFE)
		array-examples/data_structures_set_multi_proc_false-unreach-call_ground.i
			ExpectedResult: UNSAFE UltimateResult: EXCEPTION_OR_ERROR   [de.uni_freiburg.informatik.ultimate.boogie.preprocessor: StackOverflowError: null: de.uni_freiburg.informatik.ultimate.boogie.preprocessor.TypeChecker.findVariable(TypeChecker.java:141)]
	Total: 1

	EXCEPTION_OR_ERROR(Expected:SAFE)
		array-examples/data_structures_set_multi_proc_trivial_true-unreach-call_ground.i
			ExpectedResult: SAFE UltimateResult: EXCEPTION_OR_ERROR   [de.uni_freiburg.informatik.ultimate.boogie.preprocessor: StackOverflowError: null: java.util.Vector$ListItr.<init>(Vector.java:1165)]
		array-examples/sanfoundry_43_true-unreach-call_ground.i
			ExpectedResult: SAFE UltimateResult: EXCEPTION_OR_ERROR   [de.uni_freiburg.informatik.ultimate.boogie.preprocessor: StackOverflowError: null: de.uni_freiburg.informatik.ultimate.boogie.preprocessor.TypeChecker.typecheckExpression(TypeChecker.java:359)]
	Total: 2


===== UNKNOWN =====
	TIMEOUT(Expected:UNSAFE)
		array-examples/standard_copy7_false-unreach-call_ground.i
			ExpectedResult: UNSAFE UltimateResult: TIMEOUT   [ShortDescription: Timeout LongDescription: Unable to prove that call of __VERIFIER_error() unreachable (line 2)]
		array-examples/standard_partition_false-unreach-call_ground.i
			ExpectedResult: UNSAFE UltimateResult: TIMEOUT   [ShortDescription: Timeout LongDescription: Unable to prove that call of __VERIFIER_error() unreachable (line 2)]
		array-examples/standard_init5_false-unreach-call_ground.i
			ExpectedResult: UNSAFE UltimateResult: TIMEOUT   [ShortDescription: Timeout LongDescription: Timout or Toolchain cancelled by user]
		array-examples/standard_allDiff2_false-unreach-call_ground.i
			ExpectedResult: UNSAFE UltimateResult: TIMEOUT   [ShortDescription: Timeout LongDescription: Timout or Toolchain cancelled by user]
		array-examples/sorting_bubblesort_false-unreach-call_ground.i
			ExpectedResult: UNSAFE UltimateResult: TIMEOUT   [ShortDescription: Timeout LongDescription: Timout or Toolchain cancelled by user]
		array-examples/standard_init1_false-unreach-call_ground.i
			ExpectedResult: UNSAFE UltimateResult: TIMEOUT   [ShortDescription: Timeout LongDescription: Unable to prove that call of __VERIFIER_error() unreachable (line 2)]
		array-examples/standard_init6_false-unreach-call_ground.i
			ExpectedResult: UNSAFE UltimateResult: TIMEOUT   [ShortDescription: Timeout LongDescription: Unable to prove that call of __VERIFIER_error() unreachable (line 2)]
		array-examples/standard_copy5_false-unreach-call_ground.i
			ExpectedResult: UNSAFE UltimateResult: TIMEOUT   [ShortDescription: Timeout LongDescription: Unable to prove that call of __VERIFIER_error() unreachable (line 2)]
		array-examples/standard_copy3_false-unreach-call_ground.i
			ExpectedResult: UNSAFE UltimateResult: TIMEOUT   [ShortDescription: Timeout LongDescription: Unable to prove that call of __VERIFIER_error() unreachable (line 2)]
		array-examples/sorting_selectionsort_false-unreach-call2_ground.i
			ExpectedResult: UNSAFE UltimateResult: TIMEOUT   [ShortDescription: Timeout LongDescription: Timout or Toolchain cancelled by user]
		array-examples/standard_copy2_false-unreach-call_ground.i
			ExpectedResult: UNSAFE UltimateResult: TIMEOUT   [ShortDescription: Timeout LongDescription: Timout or Toolchain cancelled by user]
	Total: 11

	TIMEOUT(Expected:SAFE)
		array-examples/standard_two_index_05_true-unreach-call.i
			ExpectedResult: SAFE UltimateResult: TIMEOUT   [ShortDescription: Timeout LongDescription: Unable to prove that call of __VERIFIER_error() unreachable (line 2)]
		array-examples/sanfoundry_02_true-unreach-call_ground.i
			ExpectedResult: SAFE UltimateResult: TIMEOUT   [ShortDescription: Timeout LongDescription: Unable to prove that call of __VERIFIER_error() unreachable (line 2)]
		array-examples/standard_partition_original_true-unreach-call_ground.i
			ExpectedResult: SAFE UltimateResult: TIMEOUT   [ShortDescription: Timeout LongDescription: Unable to prove that call of __VERIFIER_error() unreachable (line 2)]
		array-examples/standard_two_index_06_true-unreach-call.i
			ExpectedResult: SAFE UltimateResult: TIMEOUT   [ShortDescription: Timeout LongDescription: Unable to prove that call of __VERIFIER_error() unreachable (line 2)]
		array-examples/standard_copyInitSum2_true-unreach-call_ground.i
			ExpectedResult: SAFE UltimateResult: TIMEOUT   [ShortDescription: Timeout LongDescription: Unable to prove that call of __VERIFIER_error() unreachable (line 2)]
		array-examples/standard_copy2_true-unreach-call_ground.i
			ExpectedResult: SAFE UltimateResult: TIMEOUT   [ShortDescription: Timeout LongDescription: Timout or Toolchain cancelled by user]
		array-examples/standard_palindrome_true-unreach-call_ground.i
			ExpectedResult: SAFE UltimateResult: TIMEOUT   [ShortDescription: Timeout LongDescription: Timout or Toolchain cancelled by user]
		array-examples/standard_copy8_true-unreach-call_ground.i
			ExpectedResult: SAFE UltimateResult: TIMEOUT   [ShortDescription: Timeout LongDescription: Unable to prove that call of __VERIFIER_error() unreachable (line 2)]
		array-examples/standard_init6_true-unreach-call_ground.i
			ExpectedResult: SAFE UltimateResult: TIMEOUT   [ShortDescription: Timeout LongDescription: Unable to prove that call of __VERIFIER_error() unreachable (line 2)]
		array-examples/sanfoundry_27_true-unreach-call_ground.i
			ExpectedResult: SAFE UltimateResult: TIMEOUT   [ShortDescription: Timeout LongDescription: Unable to prove that call of __VERIFIER_error() unreachable (line 2)]
	Total: 10


===== TOTAL =====
FAIL: 3
UNKNOWN: 21
SUCCESS: 0
All: 24

################# AutomizerC.xml svComp-32bit-precise-Automizer.epf BitVectors #################
===== FAIL =====
	EXCEPTION_OR_ERROR(Expected:UNSAFE)
		bitvector-regression/pointer_extension2_false-unreach-call.i
			ExpectedResult: UNSAFE UltimateResult: EXCEPTION_OR_ERROR   [de.uni_freiburg.informatik.ultimate.plugins.generator.traceabstraction: ClassCastException: de.uni_freiburg.informatik.ultimate.logic.ApplicationTerm cannot be cast to de.uni_freiburg.informatik.ultimate.modelcheckerutils.smt.linearTerms.AffineTerm: de.uni_freiburg.informatik.ultimate.modelcheckerutils.smt.linearTerms.AffineRelation.<init>(AffineRelation.java:54)]
		bitvector/s3_clnt_1_false-unreach-call.BV.c.cil.c
			ExpectedResult: UNSAFE UltimateResult: EXCEPTION_OR_ERROR   [de.uni_freiburg.informatik.ultimate.plugins.generator.rcfgbuilder: SMTLIBException: line 1242 column 581: logic does not support nonlinear arithmetic: de.uni_freiburg.informatik.ultimate.smtsolver.external.Parser$Action$.CUP$do_action(Parser.java:1338)]
	Total: 2

	UNSAFE(Expected:SAFE)
		bitvector-regression/signextension_true-unreach-call.i
			ExpectedResult: SAFE UltimateResult: UNSAFE   a call of __VERIFIER_error() is reachable 
	Total: 1


===== UNKNOWN =====
	TIMEOUT(Expected:SAFE)
		bitvector/jain_6_true-unreach-call.i
			ExpectedResult: SAFE UltimateResult: TIMEOUT   [ShortDescription: Timeout LongDescription: Timout or Toolchain cancelled by user]
	Total: 1

	UNKNOWN(Expected:SAFE)
		bitvector/num_conversion_2_true-unreach-call.i
			ExpectedResult: SAFE UltimateResult: UNKNOWN   Unable to prove that call of __VERIFIER_error() unreachable 
		bitvector/soft_float_1_true-unreach-call.c.cil.c
			ExpectedResult: SAFE UltimateResult: UNKNOWN   Unable to prove that call of __VERIFIER_error() unreachable 
		bitvector/soft_float_4_true-unreach-call.c.cil.c
			ExpectedResult: SAFE UltimateResult: UNKNOWN   Unable to prove that call of __VERIFIER_error() unreachable 
		bitvector-regression/integerpromotion_true-unreach-call.i
			ExpectedResult: SAFE UltimateResult: UNKNOWN   Unable to prove that call of __VERIFIER_error() unreachable 
	Total: 4

	UNKNOWN(Expected:UNSAFE)
		bitvector/s3_clnt_3_false-unreach-call.BV.c.cil.c
			ExpectedResult: UNSAFE UltimateResult: UNKNOWN   Unable to prove that call of __VERIFIER_error() unreachable 
		bitvector/byte_add_false-unreach-call.i
			ExpectedResult: UNSAFE UltimateResult: UNKNOWN   Unable to prove that call of __VERIFIER_error() unreachable 
		bitvector/s3_clnt_2_false-unreach-call.BV.c.cil.c
			ExpectedResult: UNSAFE UltimateResult: UNKNOWN   Unable to prove that call of __VERIFIER_error() unreachable 
	Total: 3


===== SUCCESS =====
	SAFE(Expected:SAFE)
		bitvector/jain_1_true-unreach-call.i
			ExpectedResult: SAFE UltimateResult: SAFE   [ShortDescription: All specifications hold LongDescription: 1 specifications checked. All of them hold]
		bitvector/s3_srvr_2_true-unreach-call.BV.c.cil.c
			ExpectedResult: SAFE UltimateResult: SAFE   [ShortDescription: All specifications hold LongDescription: 1 specifications checked. All of them hold]
		bitvector/s3_srvr_1_true-unreach-call.BV.c.cil.c
			ExpectedResult: SAFE UltimateResult: SAFE   [ShortDescription: All specifications hold LongDescription: 1 specifications checked. All of them hold]
		bitvector-regression/signextension2_true-unreach-call.i
			ExpectedResult: SAFE UltimateResult: SAFE   [ShortDescription: All specifications hold LongDescription: 1 specifications checked. All of them hold]
		bitvector-regression/implicitunsignedconversion_true-unreach-call.i
			ExpectedResult: SAFE UltimateResult: SAFE   [ShortDescription: All specifications hold LongDescription: 1 specifications checked. All of them hold]
		bitvector/jain_5_true-unreach-call.i
			ExpectedResult: SAFE UltimateResult: SAFE   [ShortDescription: All specifications hold LongDescription: 1 specifications checked. All of them hold]
	Total: 6

	UNSAFE(Expected:UNSAFE)
		bitvector-regression/pointer_extension_false-unreach-call.i
			ExpectedResult: UNSAFE UltimateResult: UNSAFE   a call of __VERIFIER_error() is reachable 
		bitvector-regression/pointer_extension3_false-unreach-call.i
			ExpectedResult: UNSAFE UltimateResult: UNSAFE   a call of __VERIFIER_error() is reachable 
		bitvector-regression/signextension2_false-unreach-call.i
			ExpectedResult: UNSAFE UltimateResult: UNSAFE   a call of __VERIFIER_error() is reachable 
	Total: 3


===== TOTAL =====
FAIL: 3
UNKNOWN: 8
SUCCESS: 9
All: 20

################# AutomizerC.xml svComp-32bit-precise-Automizer.epf Sequentialized #################
===== FAIL =====
	EXCEPTION_OR_ERROR(Expected:UNSAFE)
		seq-pthread/cs_stateful_false-unreach-call.i
			ExpectedResult: UNSAFE UltimateResult: EXCEPTION_OR_ERROR   [de.uni_freiburg.informatik.ultimate.plugins.generator.traceabstraction: ClassCastException: de.uni_freiburg.informatik.ultimate.logic.ApplicationTerm cannot be cast to de.uni_freiburg.informatik.ultimate.modelcheckerutils.smt.linearTerms.AffineTerm: de.uni_freiburg.informatik.ultimate.modelcheckerutils.smt.linearTerms.AffineRelation.<init>(AffineRelation.java:55)]
		seq-pthread/cs_read_write_lock_false-unreach-call.i
			ExpectedResult: UNSAFE UltimateResult: EXCEPTION_OR_ERROR   [de.uni_freiburg.informatik.ultimate.plugins.generator.traceabstraction: ClassCastException: de.uni_freiburg.informatik.ultimate.logic.ApplicationTerm cannot be cast to de.uni_freiburg.informatik.ultimate.modelcheckerutils.smt.linearTerms.AffineTerm: de.uni_freiburg.informatik.ultimate.modelcheckerutils.smt.linearTerms.AffineRelation.<init>(AffineRelation.java:55)]
		seq-pthread/cs_lazy_false-unreach-call.i
			ExpectedResult: UNSAFE UltimateResult: EXCEPTION_OR_ERROR   [de.uni_freiburg.informatik.ultimate.plugins.generator.traceabstraction: ClassCastException: de.uni_freiburg.informatik.ultimate.logic.ApplicationTerm cannot be cast to de.uni_freiburg.informatik.ultimate.modelcheckerutils.smt.linearTerms.AffineTerm: de.uni_freiburg.informatik.ultimate.modelcheckerutils.smt.linearTerms.AffineRelation.<init>(AffineRelation.java:55)]
		seq-pthread/cs_fib_longer_false-unreach-call.i
			ExpectedResult: UNSAFE UltimateResult: EXCEPTION_OR_ERROR   [de.uni_freiburg.informatik.ultimate.plugins.generator.rcfgbuilder: OutOfMemoryError: Java heap space: java.util.Arrays.copyOf(Arrays.java:2367)]
	Total: 4

	EXCEPTION_OR_ERROR(Expected:SAFE)
		seq-pthread/cs_lamport_true-unreach-call.i
			ExpectedResult: SAFE UltimateResult: EXCEPTION_OR_ERROR   [de.uni_freiburg.informatik.ultimate.plugins.generator.traceabstraction: ClassCastException: de.uni_freiburg.informatik.ultimate.logic.ApplicationTerm cannot be cast to de.uni_freiburg.informatik.ultimate.modelcheckerutils.smt.linearTerms.AffineTerm: de.uni_freiburg.informatik.ultimate.modelcheckerutils.smt.linearTerms.AffineRelation.<init>(AffineRelation.java:55)]
		seq-pthread/cs_szymanski_true-unreach-call.i
			ExpectedResult: SAFE UltimateResult: EXCEPTION_OR_ERROR   [de.uni_freiburg.informatik.ultimate.plugins.generator.traceabstraction: ClassCastException: de.uni_freiburg.informatik.ultimate.logic.ApplicationTerm cannot be cast to de.uni_freiburg.informatik.ultimate.modelcheckerutils.smt.linearTerms.AffineTerm: de.uni_freiburg.informatik.ultimate.modelcheckerutils.smt.linearTerms.AffineRelation.<init>(AffineRelation.java:55)]
		seq-pthread/cs_queue_true-unreach-call.i
			ExpectedResult: SAFE UltimateResult: EXCEPTION_OR_ERROR   [de.uni_freiburg.informatik.ultimate.plugins.generator.rcfgbuilder: OutOfMemoryError: Java heap space: java.util.Arrays.copyOf(Arrays.java:2367)]
		seq-pthread/cs_dekker_true-unreach-call.i
			ExpectedResult: SAFE UltimateResult: EXCEPTION_OR_ERROR   [de.uni_freiburg.informatik.ultimate.plugins.generator.traceabstraction: ClassCastException: de.uni_freiburg.informatik.ultimate.logic.ApplicationTerm cannot be cast to de.uni_freiburg.informatik.ultimate.modelcheckerutils.smt.linearTerms.AffineTerm: de.uni_freiburg.informatik.ultimate.modelcheckerutils.smt.linearTerms.AffineRelation.<init>(AffineRelation.java:55)]
	Total: 4

	SYNTAX_ERROR(Expected:UNSAFE)
		seq-mthreaded/rekcba_aso_false-unreach-call.3.M1.c
			ExpectedResult: UNSAFE UltimateResult: SYNTAX_ERROR   [ShortDescription: Type Error LongDescription: Type check failed for BinaryExpression[ARITHDIV,BinaryExpression[ARITHMINUS,IdentifierExpression[~tmp_theta_lpf~21,<LOCAL,balance_control>],IdentifierExpression[~ud_theta_lpf~18,GLOBAL]],RealLiteral[0.00400000019]], ShortDescription: Type Error LongDescription: Type check failed for BinaryExpression[ARITHDIV,IdentifierExpression[~args_cmd_turn,<LOCAL,balance_control>],RealLiteral[100.0]], ShortDescription: Type Error LongDescription: Type check failed for BinaryExpression[ARITHMUL,RealLiteral[0.01745329238],IdentifierExpression[~args_theta_m_l,<LOCAL,balance_control>]], ShortDescription: Type Error LongDescription: Type check failed for BinaryExpression[ARITHDIV,IdentifierExpression[~args_cmd_forward,<LOCAL,balance_control>],RealLiteral[100.0]], ShortDescription: Type Error LongDescription: Type check failed for BinaryExpression[ARITHMUL,RealLiteral[0.01745329238],IdentifierExpression[~args_theta_m_r,<LOCAL,balance_control>]], ShortDescription: Type Error LongDescription: Type check failed (index 0): FunctionApplication[#to_int,[BinaryExpression[ARITHPLUS,BinaryExpression[ARITHMUL,BinaryExpression[ARITHMINUS,RealLiteral[1.0],IdentifierExpression[~A_D~18,GLOBAL]],IdentifierExpression[~tmp_theta~21,<LOCAL,balance_control>]],BinaryExpression[ARITHMUL,IdentifierExpression[~A_D~18,GLOBAL],IdentifierExpression[~ud_theta_lpf~18,GLOBAL]]]]], ShortDescription: Type Error LongDescription: Type check failed for BinaryExpression[ARITHMUL,RealLiteral[0.00400000019],IdentifierExpression[~tmp_psidot~21,<LOCAL,balance_control>]], ShortDescription: Type Error LongDescription: Type check failed for BinaryExpression[ARITHMUL,BinaryExpression[ARITHPLUS,BinaryExpression[ARITHPLUS,BinaryExpression[ARITHMUL,RealLiteral[0.01745329238],IdentifierExpression[~args_theta_m_l,<LOCAL,balance_control>]],IdentifierExpression[~ud_psi~18,GLOBAL]],BinaryExpression[ARITHPLUS,BinaryExpression[ARITHMUL,RealLiteral[0.01745329238],IdentifierExpression[~args_theta_m_r,<LOCAL,balance_control>]],IdentifierExpression[~ud_psi~18,GLOBAL]]],RealLiteral[0.5]], ShortDescription: Type Error LongDescription: Type check failed for BinaryExpression[ARITHMUL,BinaryExpression[ARITHDIV,BinaryExpression[ARITHMOD,BinaryExpression[ARITHPLUS,BinaryExpression[ARITHMUL,IdentifierExpression[~K_I~18,GLOBAL],IdentifierExpression[~ud_err_theta~18,GLOBAL]],IdentifierExpression[~tmp_pwm_r_limiter~21,<LOCAL,balance_control>]],IntegerLiteral[4294967296]],BinaryExpression[ARITHMOD,BinaryExpression[ARITHMINUS,BinaryExpression[ARITHMUL,IdentifierExpression[~BATTERY_GAIN~18,GLOBAL],IdentifierExpression[~args_battery,<LOCAL,balance_control>]],IdentifierExpression[~BATTERY_OFFSET~18,GLOBAL]],IntegerLiteral[4294967296]]],RealLiteral[100.0]], ShortDescription: Type Error LongDescription: Type check failed for BinaryExpression[ARITHMUL,RealLiteral[0.00400000019],IdentifierExpression[~tmp_thetadot_cmd_lpf~21,<LOCAL,balance_control>]], ShortDescription: Type Error LongDescription: Type check failed for BinaryExpression[ARITHMINUS,RealLiteral[1.0],IdentifierExpression[~A_R~18,GLOBAL]], ShortDescription: Type Error LongDescription: Type check failed for BinaryExpression[ARITHMUL,BinaryExpression[ARITHMINUS,IdentifierExpression[~ud_theta_ref~18,GLOBAL],IdentifierExpression[~tmp_theta~21,<LOCAL,balance_control>]],RealLiteral[0.00400000019]], ShortDescription: Type Error LongDescription: Type check failed for BinaryExpression[ARITHMINUS,RealLiteral[1.0],IdentifierExpression[~A_D~18,GLOBAL]], ShortDescription: Type Error LongDescription: Type check failed (index 0): FunctionApplication[#to_int,[BinaryExpression[ARITHPLUS,BinaryExpression[ARITHMUL,RealLiteral[0.00400000019],IdentifierExpression[~tmp_thetadot_cmd_lpf~21,<LOCAL,balance_control>]],IdentifierExpression[~ud_theta_ref~18,GLOBAL]]]], ShortDescription: Type Error LongDescription: Type check failed (index 0): FunctionApplication[#to_int,[BinaryExpression[ARITHPLUS,BinaryExpression[ARITHMUL,RealLiteral[0.00400000019],IdentifierExpression[~tmp_psidot~21,<LOCAL,balance_control>]],IdentifierExpression[~ud_psi~18,GLOBAL]]]], ShortDescription: Type Error LongDescription: Type check failed for BinaryExpression[ARITHMUL,BinaryExpression[ARITHMINUS,IdentifierExpression[~args_gyro,<LOCAL,balance_control>],IdentifierExpression[~args_gyro_offset,<LOCAL,balance_control>]],RealLiteral[0.01745329238]]]
		seq-mthreaded/rekcba_nxt_false-unreach-call.2.M4.c
			ExpectedResult: UNSAFE UltimateResult: SYNTAX_ERROR   [ShortDescription: Type Error LongDescription: Type check failed for BinaryExpression[ARITHMINUS,RealLiteral[1.0],IdentifierExpression[~A_R~13,GLOBAL]], ShortDescription: Type Error LongDescription: Type check failed for BinaryExpression[ARITHMINUS,RealLiteral[1.0],IdentifierExpression[~A_D~13,GLOBAL]], ShortDescription: Type Error LongDescription: Type check failed for BinaryExpression[ARITHMUL,BinaryExpression[ARITHDIV,BinaryExpression[ARITHMOD,BinaryExpression[ARITHPLUS,BinaryExpression[ARITHMUL,IdentifierExpression[~K_I~13,GLOBAL],IdentifierExpression[~ud_err_theta~13,GLOBAL]],IdentifierExpression[~tmp_pwm_r_limiter~16,<LOCAL,balance_control>]],IntegerLiteral[4294967296]],BinaryExpression[ARITHMOD,BinaryExpression[ARITHMINUS,BinaryExpression[ARITHMUL,IdentifierExpression[~BATTERY_GAIN~13,GLOBAL],IdentifierExpression[~args_battery,<LOCAL,balance_control>]],IdentifierExpression[~BATTERY_OFFSET~13,GLOBAL]],IntegerLiteral[4294967296]]],RealLiteral[100.0]], ShortDescription: Type Error LongDescription: Type check failed for BinaryExpression[ARITHMUL,RealLiteral[0.00400000019],IdentifierExpression[~tmp_thetadot_cmd_lpf~16,<LOCAL,balance_control>]], ShortDescription: Type Error LongDescription: Type check failed for BinaryExpression[ARITHMUL,RealLiteral[0.01745329238],IdentifierExpression[~args_theta_m_r,<LOCAL,balance_control>]], ShortDescription: Type Error LongDescription: Type check failed for BinaryExpression[ARITHDIV,BinaryExpression[ARITHMINUS,IdentifierExpression[~tmp_theta_lpf~16,<LOCAL,balance_control>],IdentifierExpression[~ud_theta_lpf~13,GLOBAL]],RealLiteral[0.00400000019]], ShortDescription: Type Error LongDescription: Type check failed for BinaryExpression[ARITHMUL,RealLiteral[0.00400000019],IdentifierExpression[~tmp_psidot~16,<LOCAL,balance_control>]], ShortDescription: Type Error LongDescription: Type check failed for BinaryExpression[ARITHMUL,BinaryExpression[ARITHMINUS,IdentifierExpression[~ud_theta_ref~13,GLOBAL],IdentifierExpression[~tmp_theta~16,<LOCAL,balance_control>]],RealLiteral[0.00400000019]], ShortDescription: Type Error LongDescription: Type check failed (index 0): FunctionApplication[#to_int,[BinaryExpression[ARITHPLUS,BinaryExpression[ARITHMUL,RealLiteral[0.00400000019],IdentifierExpression[~tmp_thetadot_cmd_lpf~16,<LOCAL,balance_control>]],IdentifierExpression[~ud_theta_ref~13,GLOBAL]]]], ShortDescription: Type Error LongDescription: Type check failed for BinaryExpression[ARITHMUL,RealLiteral[0.01745329238],IdentifierExpression[~args_theta_m_l,<LOCAL,balance_control>]], ShortDescription: Type Error LongDescription: Type check failed for BinaryExpression[ARITHMUL,BinaryExpression[ARITHMINUS,IdentifierExpression[~args_gyro,<LOCAL,balance_control>],IdentifierExpression[~args_gyro_offset,<LOCAL,balance_control>]],RealLiteral[0.01745329238]], ShortDescription: Type Error LongDescription: Type check failed for BinaryExpression[ARITHMUL,BinaryExpression[ARITHPLUS,BinaryExpression[ARITHPLUS,BinaryExpression[ARITHMUL,RealLiteral[0.01745329238],IdentifierExpression[~args_theta_m_l,<LOCAL,balance_control>]],IdentifierExpression[~ud_psi~13,GLOBAL]],BinaryExpression[ARITHPLUS,BinaryExpression[ARITHMUL,RealLiteral[0.01745329238],IdentifierExpression[~args_theta_m_r,<LOCAL,balance_control>]],IdentifierExpression[~ud_psi~13,GLOBAL]]],RealLiteral[0.5]], ShortDescription: Type Error LongDescription: Type check failed (index 0): FunctionApplication[#to_int,[BinaryExpression[ARITHPLUS,BinaryExpression[ARITHMUL,BinaryExpression[ARITHMINUS,RealLiteral[1.0],IdentifierExpression[~A_D~13,GLOBAL]],IdentifierExpression[~tmp_theta~16,<LOCAL,balance_control>]],BinaryExpression[ARITHMUL,IdentifierExpression[~A_D~13,GLOBAL],IdentifierExpression[~ud_theta_lpf~13,GLOBAL]]]]], ShortDescription: Type Error LongDescription: Type check failed (index 0): FunctionApplication[#to_int,[BinaryExpression[ARITHPLUS,BinaryExpression[ARITHMUL,RealLiteral[0.00400000019],IdentifierExpression[~tmp_psidot~16,<LOCAL,balance_control>]],IdentifierExpression[~ud_psi~13,GLOBAL]]]], ShortDescription: Type Error LongDescription: Type check failed for BinaryExpression[ARITHDIV,IdentifierExpression[~args_cmd_turn,<LOCAL,balance_control>],RealLiteral[100.0]], ShortDescription: Type Error LongDescription: Type check failed for BinaryExpression[ARITHDIV,IdentifierExpression[~args_cmd_forward,<LOCAL,balance_control>],RealLiteral[100.0]]]
	Total: 2

	SYNTAX_ERROR(Expected:SAFE)
		seq-mthreaded/rekh_nxt_true-unreach-call.3.M4.c
			ExpectedResult: SAFE UltimateResult: SYNTAX_ERROR   [ShortDescription: Type Error LongDescription: Type check failed (index 0): FunctionApplication[#to_int,[BinaryExpression[ARITHPLUS,BinaryExpression[ARITHMUL,RealLiteral[0.00400000019],IdentifierExpression[~tmp_psidot~16,<LOCAL,balance_control>]],IdentifierExpression[~ud_psi~13,GLOBAL]]]], ShortDescription: Type Error LongDescription: Type check failed for BinaryExpression[ARITHMINUS,RealLiteral[1.0],IdentifierExpression[~A_D~13,GLOBAL]], ShortDescription: Type Error LongDescription: Type check failed for BinaryExpression[ARITHDIV,BinaryExpression[ARITHMINUS,IdentifierExpression[~tmp_theta_lpf~16,<LOCAL,balance_control>],IdentifierExpression[~ud_theta_lpf~13,GLOBAL]],RealLiteral[0.00400000019]], ShortDescription: Type Error LongDescription: Type check failed for BinaryExpression[ARITHMUL,BinaryExpression[ARITHDIV,BinaryExpression[ARITHMOD,BinaryExpression[ARITHPLUS,BinaryExpression[ARITHMUL,IdentifierExpression[~K_I~13,GLOBAL],IdentifierExpression[~ud_err_theta~13,GLOBAL]],IdentifierExpression[~tmp_pwm_r_limiter~16,<LOCAL,balance_control>]],IntegerLiteral[4294967296]],BinaryExpression[ARITHMOD,BinaryExpression[ARITHMINUS,BinaryExpression[ARITHMUL,IdentifierExpression[~BATTERY_GAIN~13,GLOBAL],IdentifierExpression[~args_battery,<LOCAL,balance_control>]],IdentifierExpression[~BATTERY_OFFSET~13,GLOBAL]],IntegerLiteral[4294967296]]],RealLiteral[100.0]], ShortDescription: Type Error LongDescription: Type check failed for BinaryExpression[ARITHMUL,BinaryExpression[ARITHPLUS,BinaryExpression[ARITHPLUS,BinaryExpression[ARITHMUL,RealLiteral[0.01745329238],IdentifierExpression[~args_theta_m_l,<LOCAL,balance_control>]],IdentifierExpression[~ud_psi~13,GLOBAL]],BinaryExpression[ARITHPLUS,BinaryExpression[ARITHMUL,RealLiteral[0.01745329238],IdentifierExpression[~args_theta_m_r,<LOCAL,balance_control>]],IdentifierExpression[~ud_psi~13,GLOBAL]]],RealLiteral[0.5]], ShortDescription: Type Error LongDescription: Type check failed for BinaryExpression[ARITHMUL,RealLiteral[0.00400000019],IdentifierExpression[~tmp_thetadot_cmd_lpf~16,<LOCAL,balance_control>]], ShortDescription: Type Error LongDescription: Type check failed for BinaryExpression[ARITHMUL,BinaryExpression[ARITHMINUS,IdentifierExpression[~ud_theta_ref~13,GLOBAL],IdentifierExpression[~tmp_theta~16,<LOCAL,balance_control>]],RealLiteral[0.00400000019]], ShortDescription: Type Error LongDescription: Type check failed (index 0): FunctionApplication[#to_int,[BinaryExpression[ARITHPLUS,BinaryExpression[ARITHMUL,BinaryExpression[ARITHMINUS,RealLiteral[1.0],IdentifierExpression[~A_D~13,GLOBAL]],IdentifierExpression[~tmp_theta~16,<LOCAL,balance_control>]],BinaryExpression[ARITHMUL,IdentifierExpression[~A_D~13,GLOBAL],IdentifierExpression[~ud_theta_lpf~13,GLOBAL]]]]], ShortDescription: Type Error LongDescription: Type check failed for BinaryExpression[ARITHMUL,RealLiteral[0.01745329238],IdentifierExpression[~args_theta_m_r,<LOCAL,balance_control>]], ShortDescription: Type Error LongDescription: Type check failed for BinaryExpression[ARITHMUL,BinaryExpression[ARITHMINUS,IdentifierExpression[~args_gyro,<LOCAL,balance_control>],IdentifierExpression[~args_gyro_offset,<LOCAL,balance_control>]],RealLiteral[0.01745329238]], ShortDescription: Type Error LongDescription: Type check failed for BinaryExpression[ARITHMUL,RealLiteral[0.00400000019],IdentifierExpression[~tmp_psidot~16,<LOCAL,balance_control>]], ShortDescription: Type Error LongDescription: Type check failed for BinaryExpression[ARITHDIV,IdentifierExpression[~args_cmd_turn,<LOCAL,balance_control>],RealLiteral[100.0]], ShortDescription: Type Error LongDescription: Type check failed for BinaryExpression[ARITHDIV,IdentifierExpression[~args_cmd_forward,<LOCAL,balance_control>],RealLiteral[100.0]], ShortDescription: Type Error LongDescription: Type check failed (index 0): FunctionApplication[#to_int,[BinaryExpression[ARITHPLUS,BinaryExpression[ARITHMUL,RealLiteral[0.00400000019],IdentifierExpression[~tmp_thetadot_cmd_lpf~16,<LOCAL,balance_control>]],IdentifierExpression[~ud_theta_ref~13,GLOBAL]]]], ShortDescription: Type Error LongDescription: Type check failed for BinaryExpression[ARITHMINUS,RealLiteral[1.0],IdentifierExpression[~A_R~13,GLOBAL]], ShortDescription: Type Error LongDescription: Type check failed for BinaryExpression[ARITHMUL,RealLiteral[0.01745329238],IdentifierExpression[~args_theta_m_l,<LOCAL,balance_control>]]]
		seq-mthreaded/rekh_aso_true-unreach-call.1.M4.c
			ExpectedResult: SAFE UltimateResult: SYNTAX_ERROR   [ShortDescription: Type Error LongDescription: Type check failed for BinaryExpression[ARITHDIV,BinaryExpression[ARITHMINUS,IdentifierExpression[~tmp_theta_lpf~17,<LOCAL,balance_control>],IdentifierExpression[~ud_theta_lpf~14,GLOBAL]],RealLiteral[0.00400000019]], ShortDescription: Type Error LongDescription: Type check failed for BinaryExpression[ARITHMUL,RealLiteral[0.00400000019],IdentifierExpression[~tmp_psidot~17,<LOCAL,balance_control>]], ShortDescription: Type Error LongDescription: Type check failed (index 0): FunctionApplication[#to_int,[BinaryExpression[ARITHPLUS,BinaryExpression[ARITHMUL,BinaryExpression[ARITHMINUS,RealLiteral[1.0],IdentifierExpression[~A_D~14,GLOBAL]],IdentifierExpression[~tmp_theta~17,<LOCAL,balance_control>]],BinaryExpression[ARITHMUL,IdentifierExpression[~A_D~14,GLOBAL],IdentifierExpression[~ud_theta_lpf~14,GLOBAL]]]]], ShortDescription: Type Error LongDescription: Type check failed for BinaryExpression[ARITHMINUS,RealLiteral[1.0],IdentifierExpression[~A_R~14,GLOBAL]], ShortDescription: Type Error LongDescription: Type check failed for BinaryExpression[ARITHMUL,BinaryExpression[ARITHMINUS,IdentifierExpression[~args_gyro,<LOCAL,balance_control>],IdentifierExpression[~args_gyro_offset,<LOCAL,balance_control>]],RealLiteral[0.01745329238]], ShortDescription: Type Error LongDescription: Type check failed for BinaryExpression[ARITHMUL,BinaryExpression[ARITHDIV,BinaryExpression[ARITHMOD,BinaryExpression[ARITHPLUS,BinaryExpression[ARITHMUL,IdentifierExpression[~K_I~14,GLOBAL],IdentifierExpression[~ud_err_theta~14,GLOBAL]],IdentifierExpression[~tmp_pwm_r_limiter~17,<LOCAL,balance_control>]],IntegerLiteral[4294967296]],BinaryExpression[ARITHMOD,BinaryExpression[ARITHMINUS,BinaryExpression[ARITHMUL,IdentifierExpression[~BATTERY_GAIN~14,GLOBAL],IdentifierExpression[~args_battery,<LOCAL,balance_control>]],IdentifierExpression[~BATTERY_OFFSET~14,GLOBAL]],IntegerLiteral[4294967296]]],RealLiteral[100.0]], ShortDescription: Type Error LongDescription: Type check failed for BinaryExpression[ARITHMUL,RealLiteral[0.01745329238],IdentifierExpression[~args_theta_m_l,<LOCAL,balance_control>]], ShortDescription: Type Error LongDescription: Type check failed for BinaryExpression[ARITHMUL,RealLiteral[0.00400000019],IdentifierExpression[~tmp_thetadot_cmd_lpf~17,<LOCAL,balance_control>]], ShortDescription: Type Error LongDescription: Type check failed (index 0): FunctionApplication[#to_int,[BinaryExpression[ARITHPLUS,BinaryExpression[ARITHMUL,RealLiteral[0.00400000019],IdentifierExpression[~tmp_psidot~17,<LOCAL,balance_control>]],IdentifierExpression[~ud_psi~14,GLOBAL]]]], ShortDescription: Type Error LongDescription: Type check failed for BinaryExpression[ARITHDIV,IdentifierExpression[~args_cmd_forward,<LOCAL,balance_control>],RealLiteral[100.0]], ShortDescription: Type Error LongDescription: Type check failed for BinaryExpression[ARITHMUL,BinaryExpression[ARITHPLUS,BinaryExpression[ARITHPLUS,BinaryExpression[ARITHMUL,RealLiteral[0.01745329238],IdentifierExpression[~args_theta_m_l,<LOCAL,balance_control>]],IdentifierExpression[~ud_psi~14,GLOBAL]],BinaryExpression[ARITHPLUS,BinaryExpression[ARITHMUL,RealLiteral[0.01745329238],IdentifierExpression[~args_theta_m_r,<LOCAL,balance_control>]],IdentifierExpression[~ud_psi~14,GLOBAL]]],RealLiteral[0.5]], ShortDescription: Type Error LongDescription: Type check failed for BinaryExpression[ARITHMUL,BinaryExpression[ARITHMINUS,IdentifierExpression[~ud_theta_ref~14,GLOBAL],IdentifierExpression[~tmp_theta~17,<LOCAL,balance_control>]],RealLiteral[0.00400000019]], ShortDescription: Type Error LongDescription: Type check failed for BinaryExpression[ARITHMUL,RealLiteral[0.01745329238],IdentifierExpression[~args_theta_m_r,<LOCAL,balance_control>]], ShortDescription: Type Error LongDescription: Type check failed (index 0): FunctionApplication[#to_int,[BinaryExpression[ARITHPLUS,BinaryExpression[ARITHMUL,RealLiteral[0.00400000019],IdentifierExpression[~tmp_thetadot_cmd_lpf~17,<LOCAL,balance_control>]],IdentifierExpression[~ud_theta_ref~14,GLOBAL]]]], ShortDescription: Type Error LongDescription: Type check failed for BinaryExpression[ARITHDIV,IdentifierExpression[~args_cmd_turn,<LOCAL,balance_control>],RealLiteral[100.0]], ShortDescription: Type Error LongDescription: Type check failed for BinaryExpression[ARITHMINUS,RealLiteral[1.0],IdentifierExpression[~A_D~14,GLOBAL]]]
	Total: 2


===== UNKNOWN =====
	TIMEOUT(Expected:UNSAFE)
		systemc/transmitter.16_false-unreach-call_false-termination.cil.c
			ExpectedResult: UNSAFE UltimateResult: TIMEOUT   [ShortDescription: Timeout LongDescription: Unable to prove that call of __VERIFIER_error() unreachable (line 11)]
		systemc/token_ring.06_false-unreach-call_false-termination.cil.c
			ExpectedResult: UNSAFE UltimateResult: TIMEOUT   [ShortDescription: Timeout LongDescription: Unable to prove that call of __VERIFIER_error() unreachable (line 10)]
		seq-mthreaded/pals_lcr-var-start-time.5_false-unreach-call.2.ufo.UNBOUNDED.pals.c
			ExpectedResult: UNSAFE UltimateResult: TIMEOUT   [ShortDescription: Timeout LongDescription: Unable to prove that call of __VERIFIER_error() unreachable (line 527)]
		systemc/token_ring.14_false-unreach-call_false-termination.cil.c
			ExpectedResult: UNSAFE UltimateResult: TIMEOUT   [ShortDescription: Timeout LongDescription: Unable to prove that call of __VERIFIER_error() unreachable (line 10)]
		systemc/token_ring.07_false-unreach-call_false-termination.cil.c
			ExpectedResult: UNSAFE UltimateResult: TIMEOUT   [ShortDescription: Timeout LongDescription: Unable to prove that call of __VERIFIER_error() unreachable (line 10)]
		seq-mthreaded/pals_lcr.8_false-unreach-call.1.ufo.UNBOUNDED.pals.c
			ExpectedResult: UNSAFE UltimateResult: TIMEOUT   [ShortDescription: Timeout LongDescription: Unable to prove that call of __VERIFIER_error() unreachable (line 725)]
	Total: 6

	TIMEOUT(Expected:SAFE)
		systemc/kundu_true-unreach-call_false-termination.cil.c
			ExpectedResult: SAFE UltimateResult: TIMEOUT   [ShortDescription: Timeout LongDescription: Unable to prove that call of __VERIFIER_error() unreachable (line 9)]
		systemc/token_ring.11_true-unreach-call_false-termination.cil.c
			ExpectedResult: SAFE UltimateResult: TIMEOUT   [ShortDescription: Timeout LongDescription: Unable to prove that call of __VERIFIER_error() unreachable (line 10)]
		seq-mthreaded/pals_floodmax.3_true-unreach-call.ufo.UNBOUNDED.pals.c
			ExpectedResult: SAFE UltimateResult: TIMEOUT   [ShortDescription: Timeout LongDescription: Unable to prove that call of __VERIFIER_error() unreachable (line 611)]
		seq-mthreaded/pals_lcr-var-start-time.6_true-unreach-call.ufo.UNBOUNDED.pals.c
			ExpectedResult: SAFE UltimateResult: TIMEOUT   [ShortDescription: Timeout LongDescription: Unable to prove that call of __VERIFIER_error() unreachable (line 618)]
	Total: 4


===== SUCCESS =====
	SAFE(Expected:SAFE)
		systemc/toy_true-unreach-call_false-termination.cil.c
			ExpectedResult: SAFE UltimateResult: SAFE   [ShortDescription: All specifications hold LongDescription: 1 specifications checked. All of them hold]
		systemc/token_ring.02_true-unreach-call_false-termination.cil.c
			ExpectedResult: SAFE UltimateResult: SAFE   [ShortDescription: All specifications hold LongDescription: 1 specifications checked. All of them hold]
	Total: 2


===== TOTAL =====
FAIL: 12
UNKNOWN: 10
SUCCESS: 2
All: 24

################# AutomizerC.xml svComp-32bit-simple-Automizer.epf Simple #################
===== FAIL =====
	UNSUPPORTED_SYNTAX(Expected:UNSAFE)
		ntdrivers/floppy_false-unreach-call.i.cil.c
			ExpectedResult: UNSAFE UltimateResult: UNSUPPORTED_SYNTAX   [ShortDescription: Unsupported Syntax LongDescription: bitfields are not supported at the moment]
		ntdrivers/kbfiltr_false-unreach-call.i.cil.c
			ExpectedResult: UNSAFE UltimateResult: UNSUPPORTED_SYNTAX   [ShortDescription: Unsupported Syntax LongDescription: bitfields are not supported at the moment]
		ntdrivers/cdaudio_false-unreach-call.i.cil.c
			ExpectedResult: UNSAFE UltimateResult: UNSUPPORTED_SYNTAX   [ShortDescription: Unsupported Syntax LongDescription: bitfields are not supported at the moment]
		ntdrivers/diskperf_false-unreach-call.i.cil.c
			ExpectedResult: UNSAFE UltimateResult: UNSUPPORTED_SYNTAX   [ShortDescription: Unsupported Syntax LongDescription: bitfields are not supported at the moment]
		ntdrivers/parport_false-unreach-call.i.cil.c
			ExpectedResult: UNSAFE UltimateResult: UNSUPPORTED_SYNTAX   [ShortDescription: Unsupported Syntax LongDescription: bitfields are not supported at the moment]
	Total: 5

	EXCEPTION_OR_ERROR(Expected:UNSAFE)
		ssh/s3_srvr.blast.13_false-unreach-call.i.cil.c
			ExpectedResult: UNSAFE UltimateResult: EXCEPTION_OR_ERROR   [de.uni_freiburg.informatik.ultimate.plugins.generator.traceabstraction: ClassCastException: de.uni_freiburg.informatik.ultimate.logic.ApplicationTerm cannot be cast to de.uni_freiburg.informatik.ultimate.modelcheckerutils.smt.linearTerms.AffineTerm: de.uni_freiburg.informatik.ultimate.modelcheckerutils.smt.linearTerms.AffineRelation.<init>(AffineRelation.java:54)]
		ssh/s3_srvr.blast.07_false-unreach-call.i.cil.c
			ExpectedResult: UNSAFE UltimateResult: EXCEPTION_OR_ERROR   [de.uni_freiburg.informatik.ultimate.plugins.generator.traceabstraction: ClassCastException: de.uni_freiburg.informatik.ultimate.logic.ApplicationTerm cannot be cast to de.uni_freiburg.informatik.ultimate.modelcheckerutils.smt.linearTerms.AffineTerm: de.uni_freiburg.informatik.ultimate.modelcheckerutils.smt.linearTerms.AffineRelation.<init>(AffineRelation.java:54)]
		ssh/s3_srvr.blast.04_false-unreach-call.i.cil.c
			ExpectedResult: UNSAFE UltimateResult: EXCEPTION_OR_ERROR   [de.uni_freiburg.informatik.ultimate.plugins.generator.traceabstraction: ClassCastException: de.uni_freiburg.informatik.ultimate.logic.ApplicationTerm cannot be cast to de.uni_freiburg.informatik.ultimate.modelcheckerutils.smt.linearTerms.AffineTerm: de.uni_freiburg.informatik.ultimate.modelcheckerutils.smt.linearTerms.AffineRelation.<init>(AffineRelation.java:54)]
		ssh/s3_clnt.blast.03_false-unreach-call.i.cil.c
			ExpectedResult: UNSAFE UltimateResult: EXCEPTION_OR_ERROR   [de.uni_freiburg.informatik.ultimate.plugins.generator.traceabstraction: ClassCastException: de.uni_freiburg.informatik.ultimate.logic.ApplicationTerm cannot be cast to de.uni_freiburg.informatik.ultimate.modelcheckerutils.smt.linearTerms.AffineTerm: de.uni_freiburg.informatik.ultimate.modelcheckerutils.smt.linearTerms.AffineRelation.<init>(AffineRelation.java:54)]
		ssh/s3_clnt.blast.04_false-unreach-call.i.cil.c
			ExpectedResult: UNSAFE UltimateResult: EXCEPTION_OR_ERROR   [de.uni_freiburg.informatik.ultimate.plugins.generator.traceabstraction: ClassCastException: de.uni_freiburg.informatik.ultimate.logic.ApplicationTerm cannot be cast to de.uni_freiburg.informatik.ultimate.modelcheckerutils.smt.linearTerms.AffineTerm: de.uni_freiburg.informatik.ultimate.modelcheckerutils.smt.linearTerms.AffineRelation.<init>(AffineRelation.java:54)]
	Total: 5

	EXCEPTION_OR_ERROR(Expected:SAFE)
		ssh/s3_srvr.blast.01_true-unreach-call.i.cil.c
			ExpectedResult: SAFE UltimateResult: EXCEPTION_OR_ERROR   [de.uni_freiburg.informatik.ultimate.plugins.generator.traceabstraction: ClassCastException: de.uni_freiburg.informatik.ultimate.logic.ApplicationTerm cannot be cast to de.uni_freiburg.informatik.ultimate.modelcheckerutils.smt.linearTerms.AffineTerm: de.uni_freiburg.informatik.ultimate.modelcheckerutils.smt.linearTerms.AffineRelation.<init>(AffineRelation.java:54)]
		ssh/s3_srvr.blast.16_true-unreach-call.i.cil.c
			ExpectedResult: SAFE UltimateResult: EXCEPTION_OR_ERROR   [de.uni_freiburg.informatik.ultimate.plugins.generator.traceabstraction: ClassCastException: de.uni_freiburg.informatik.ultimate.logic.ApplicationTerm cannot be cast to de.uni_freiburg.informatik.ultimate.modelcheckerutils.smt.linearTerms.AffineTerm: de.uni_freiburg.informatik.ultimate.modelcheckerutils.smt.linearTerms.AffineRelation.<init>(AffineRelation.java:54)]
		ssh/s3_srvr.blast.15_true-unreach-call.i.cil.c
			ExpectedResult: SAFE UltimateResult: EXCEPTION_OR_ERROR   [de.uni_freiburg.informatik.ultimate.plugins.generator.traceabstraction: ClassCastException: de.uni_freiburg.informatik.ultimate.logic.ApplicationTerm cannot be cast to de.uni_freiburg.informatik.ultimate.modelcheckerutils.smt.linearTerms.AffineTerm: de.uni_freiburg.informatik.ultimate.modelcheckerutils.smt.linearTerms.AffineRelation.<init>(AffineRelation.java:54)]
		ssh/s3_srvr.blast.06_true-unreach-call.i.cil.c
			ExpectedResult: SAFE UltimateResult: EXCEPTION_OR_ERROR   [de.uni_freiburg.informatik.ultimate.plugins.generator.traceabstraction: ClassCastException: de.uni_freiburg.informatik.ultimate.logic.ApplicationTerm cannot be cast to de.uni_freiburg.informatik.ultimate.modelcheckerutils.smt.linearTerms.AffineTerm: de.uni_freiburg.informatik.ultimate.modelcheckerutils.smt.linearTerms.AffineRelation.<init>(AffineRelation.java:54)]
		ssh/s3_srvr.blast.11_true-unreach-call.i.cil.c
			ExpectedResult: SAFE UltimateResult: EXCEPTION_OR_ERROR   [de.uni_freiburg.informatik.ultimate.plugins.generator.traceabstraction: ClassCastException: de.uni_freiburg.informatik.ultimate.logic.ApplicationTerm cannot be cast to de.uni_freiburg.informatik.ultimate.modelcheckerutils.smt.linearTerms.AffineTerm: de.uni_freiburg.informatik.ultimate.modelcheckerutils.smt.linearTerms.AffineRelation.<init>(AffineRelation.java:54)]
		ssh/s3_srvr.blast.02_true-unreach-call.i.cil.c
			ExpectedResult: SAFE UltimateResult: EXCEPTION_OR_ERROR   [de.uni_freiburg.informatik.ultimate.plugins.generator.traceabstraction: ClassCastException: de.uni_freiburg.informatik.ultimate.logic.ApplicationTerm cannot be cast to de.uni_freiburg.informatik.ultimate.modelcheckerutils.smt.linearTerms.AffineTerm: de.uni_freiburg.informatik.ultimate.modelcheckerutils.smt.linearTerms.AffineRelation.<init>(AffineRelation.java:54)]
	Total: 6

	UNSUPPORTED_SYNTAX(Expected:SAFE)
		ntdrivers/floppy_true-unreach-call.i.cil.c
			ExpectedResult: SAFE UltimateResult: UNSUPPORTED_SYNTAX   [ShortDescription: Unsupported Syntax LongDescription: bitfields are not supported at the moment]
		ntdrivers/parport_true-unreach-call.i.cil.c
			ExpectedResult: SAFE UltimateResult: UNSUPPORTED_SYNTAX   [ShortDescription: Unsupported Syntax LongDescription: bitfields are not supported at the moment]
		ntdrivers/floppy2_true-unreach-call.i.cil.c
			ExpectedResult: SAFE UltimateResult: UNSUPPORTED_SYNTAX   [ShortDescription: Unsupported Syntax LongDescription: bitfields are not supported at the moment]
		ntdrivers/diskperf_true-unreach-call.i.cil.c
			ExpectedResult: SAFE UltimateResult: UNSUPPORTED_SYNTAX   [ShortDescription: Unsupported Syntax LongDescription: bitfields are not supported at the moment]
		ntdrivers/cdaudio_true-unreach-call.i.cil.c
			ExpectedResult: SAFE UltimateResult: UNSUPPORTED_SYNTAX   [ShortDescription: Unsupported Syntax LongDescription: bitfields are not supported at the moment]
	Total: 5


===== SUCCESS =====
	UNSAFE(Expected:UNSAFE)
		ssh/s3_srvr.blast.03_false-unreach-call.i.cil.c
			ExpectedResult: UNSAFE UltimateResult: UNSAFE   a call of __VERIFIER_error() is reachable 
	Total: 1


===== TOTAL =====
FAIL: 21
UNKNOWN: 0
SUCCESS: 1
All: 22

################# AutomizerC.xml svComp-64bit-simple-Automizer.epf DeviceDrivers64 #################
===== FAIL =====
	UNSUPPORTED_SYNTAX(Expected:UNSAFE)
		ldv-validator-v0.6/linux-stable-d47b389-1-32_7a-drivers--media--video--cx88--cx88-blackbird.ko-entry_point_false-unreach-call.cil.out.c
			ExpectedResult: UNSAFE UltimateResult: UNSUPPORTED_SYNTAX   [ShortDescription: Unsupported Syntax LongDescription: bitfields are not supported at the moment]
		ldv-linux-3.4-simple/43_1a_cilled_false-unreach-call_ok_linux-43_1a-drivers--scsi--megaraid--megaraid_mm.ko-ldv_main0_sequence_infinite_withcheck_stateful.cil.out.c
			ExpectedResult: UNSAFE UltimateResult: UNSUPPORTED_SYNTAX   [ShortDescription: Unsupported Syntax LongDescription: bitfields are not supported at the moment]
		ldv-consumption/linux-3.8-rc1-32_7a-drivers--pcmcia--pcmcia.ko-ldv_main0_false-unreach-call.cil.out.c
			ExpectedResult: UNSAFE UltimateResult: UNSUPPORTED_SYNTAX   [ShortDescription: Unsupported Syntax LongDescription: bitfields are not supported at the moment]
		ldv-commit-tester/m0_false-unreach-call_drivers-staging-comedi-drivers-ni_670x-ko--107_1a--adbbc36-1.c
			ExpectedResult: UNSAFE UltimateResult: UNSUPPORTED_SYNTAX   [ShortDescription: Unsupported Syntax LongDescription: bitfields are not supported at the moment]
		ldv-linux-3.16-rc1/205_9a_array_unsafes_linux-3.16-rc1.tar.xz-205_9a-drivers--net--wireless--hostap--hostap_plx.ko-entry_point_false-unreach-call.cil.out.c
			ExpectedResult: UNSAFE UltimateResult: UNSUPPORTED_SYNTAX   [ShortDescription: Unsupported Syntax LongDescription: bitfields are not supported at the moment]
		ldv-linux-3.12-rc1/linux-3.12-rc1.tar.xz-144_2a-drivers--staging--media--go7007--go7007-loader.ko-entry_point_false-unreach-call.cil.out.c
			ExpectedResult: UNSAFE UltimateResult: UNSUPPORTED_SYNTAX   [ShortDescription: Unsupported Syntax LongDescription: bitfields are not supported at the moment]
		ldv-linux-3.7.3/main17_false-unreach-call_drivers-gpu-drm-vmwgfx-vmwgfx-ko--32_7a--linux-3.5.c
			ExpectedResult: UNSAFE UltimateResult: UNSUPPORTED_SYNTAX   [ShortDescription: Unsupported Syntax LongDescription: bitfields are not supported at the moment]
		ldv-linux-3.0/usb_urb-drivers-input-misc-keyspan_remote.ko_false-unreach-call.cil.out.i.pp.i
			ExpectedResult: UNSAFE UltimateResult: UNSUPPORTED_SYNTAX   [ShortDescription: Unsupported Syntax LongDescription: bitfields are not supported at the moment]
	Total: 8

	UNSUPPORTED_SYNTAX(Expected:SAFE)
		ldv-consumption/32_7a_cilled_true-unreach-call_linux-3.8-rc1-drivers--media--usb--em28xx--em28xx.ko-main.cil.out.c
			ExpectedResult: SAFE UltimateResult: UNSUPPORTED_SYNTAX   [ShortDescription: Unsupported Syntax LongDescription: bitfields are not supported at the moment]
		ldv-linux-3.16-rc1/43_2a_consumption_linux-3.16-rc1.tar.xz-43_2a-drivers--isdn--mISDN--mISDN_dsp.ko-entry_point_true-unreach-call.cil.out.c
			ExpectedResult: SAFE UltimateResult: UNSUPPORTED_SYNTAX   [ShortDescription: Unsupported Syntax LongDescription: bitfields are not supported at the moment]
		ldv-linux-3.7.3/linux-3.10-rc1-43_1a-bitvector-drivers--atm--he.ko-ldv_main0_true-unreach-call.cil.out.c
			ExpectedResult: SAFE UltimateResult: UNSUPPORTED_SYNTAX   [ShortDescription: Unsupported Syntax LongDescription: bitfields are not supported at the moment]
		ldv-linux-3.0/usb_urb-drivers-media-video-c-qcam.ko_true-unreach-call.cil.out.i.pp.i
			ExpectedResult: SAFE UltimateResult: UNSUPPORTED_SYNTAX   [ShortDescription: Unsupported Syntax LongDescription: bitfields are not supported at the moment]
		ldv-linux-3.12-rc1/linux-3.12-rc1.tar.xz-144_2a-drivers--net--usb--cdc_mbim.ko-entry_point_true-unreach-call.cil.out.c
			ExpectedResult: SAFE UltimateResult: UNSUPPORTED_SYNTAX   [ShortDescription: Unsupported Syntax LongDescription: bitfields are not supported at the moment]
		ldv-commit-tester/main7_true-unreach-call_sound-oss-sound-ko--32_7a--c4cb1dd.c
			ExpectedResult: SAFE UltimateResult: UNSUPPORTED_SYNTAX   [ShortDescription: Unsupported Syntax LongDescription: bitfields are not supported at the moment]
	Total: 6


===== SUCCESS =====
	SAFE(Expected:SAFE)
		ldv-linux-3.4-simple/43_1a_cilled_true-unreach-call_ok_nondet_linux-43_1a-drivers--media--rc--keymaps--rc-trekstor.ko-ldv_main0_sequence_infinite_withcheck_stateful.cil.out.c
			ExpectedResult: SAFE UltimateResult: SAFE   [ShortDescription: All specifications hold LongDescription: We were not able to verify any specifiation because the program does not contain any specification.]
	Total: 1


===== TOTAL =====
FAIL: 14
UNKNOWN: 0
SUCCESS: 1
All: 15

################# AutomizerC.xml svComp-32bit-memsafety-Automizer.epf MemorySafety #################
===== FAIL =====
	EXCEPTION_OR_ERROR(Expected:UNSAFE_DEREF)
		memsafety/960521-1_false-valid-deref.i
			ExpectedResult: UNSAFE_DEREF UltimateResult: EXCEPTION_OR_ERROR   [de.uni_freiburg.informatik.ultimate.plugins.generator.traceabstraction: ClassCastException: null]
		list-ext-properties/960521-1_1_false-valid-deref.i
			ExpectedResult: UNSAFE_DEREF UltimateResult: EXCEPTION_OR_ERROR   [de.uni_freiburg.informatik.ultimate.plugins.generator.traceabstraction: ClassCastException: null]
	Total: 2

	EXCEPTION_OR_ERROR(Expected:SAFE)
		memsafety/test-0236_true-valid-memsafety.i
			ExpectedResult: SAFE UltimateResult: EXCEPTION_OR_ERROR   [de.uni_freiburg.informatik.ultimate.plugins.generator.rcfgbuilder: SMTLIBException: line 981 column 895: logic does not support nonlinear arithmetic: de.uni_freiburg.informatik.ultimate.smtsolver.external.Parser$Action$.CUP$do_action(Parser.java:1338)]
		memsafety-ext/tree_dsw_true-valid-memsafety.i
			ExpectedResult: SAFE UltimateResult: EXCEPTION_OR_ERROR   [de.uni_freiburg.informatik.ultimate.plugins.generator.traceabstraction: ClassCastException: null]
		memory-alloca/c.02-alloca_true-valid-memsafety.i
			ExpectedResult: SAFE UltimateResult: EXCEPTION_OR_ERROR   [de.uni_freiburg.informatik.ultimate.plugins.generator.traceabstraction: ClassCastException: null]
		list-ext-properties/test-0019_1_true-valid-memsafety.i
			ExpectedResult: SAFE UltimateResult: EXCEPTION_OR_ERROR   [de.uni_freiburg.informatik.ultimate.plugins.generator.traceabstraction: ClassCastException: null]
	Total: 4

	EXCEPTION_OR_ERROR(Expected:UNSAFE_MEMTRACK)
		list-ext-properties/test-0232_1_false-valid-memtrack.i
			ExpectedResult: UNSAFE_MEMTRACK UltimateResult: EXCEPTION_OR_ERROR   [de.uni_freiburg.informatik.ultimate.plugins.generator.traceabstraction: ClassCastException: null]
		memsafety/test-0220_false-valid-memtrack.i
			ExpectedResult: UNSAFE_MEMTRACK UltimateResult: EXCEPTION_OR_ERROR   [de.uni_freiburg.informatik.ultimate.plugins.generator.rcfgbuilder: SMTLIBException: line 503 column 895: logic does not support nonlinear arithmetic: de.uni_freiburg.informatik.ultimate.smtsolver.external.Parser$Action$.CUP$do_action(Parser.java:1338)]
	Total: 2

	EXCEPTION_OR_ERROR(Expected:UNSAFE_FREE)
		list-ext-properties/960521-1_1_false-valid-free.i
			ExpectedResult: UNSAFE_FREE UltimateResult: EXCEPTION_OR_ERROR   [de.uni_freiburg.informatik.ultimate.plugins.generator.traceabstraction: ClassCastException: null]
		memsafety/960521-1_false-valid-free.i
			ExpectedResult: UNSAFE_FREE UltimateResult: EXCEPTION_OR_ERROR   [de.uni_freiburg.informatik.ultimate.plugins.generator.traceabstraction: ClassCastException: null]
	Total: 2


===== SUCCESS =====
	UNSAFE_DEREF(Expected:UNSAFE_DEREF)
		memory-alloca/cstrcpy_unsafe_false-valid-deref.i
			ExpectedResult: UNSAFE_DEREF UltimateResult: UNSAFE_DEREF   pointer dereference may fail 
	Total: 1


===== TOTAL =====
FAIL: 10
UNKNOWN: 0
SUCCESS: 1
All: 11

################# Reasons for !SUCCESS #################
13	ExpectedResult: UNSAFE UltimateResult: UNSUPPORTED_SYNTAX   [ShortDescription: Unsupported Syntax LongDescription: bitfields are not supported at the moment]
13	ExpectedResult: SAFE UltimateResult: EXCEPTION_OR_ERROR   [de.uni_freiburg.informatik.ultimate.plugins.generator.traceabstraction: ClassCastException: de.uni_freiburg.informatik.ultimate.logic.ApplicationTerm cannot be cast to de.uni_freiburg.informatik.ultimate.modelcheckerutils.smt.linearTerms.AffineTerm: de.uni_freiburg.informatik.ultimate.modelcheckerutils.smt.linearTerms.AffineRelation.<init>(AffineRelation.java:54)]
13	ExpectedResult: UNSAFE UltimateResult: EXCEPTION_OR_ERROR   [de.uni_freiburg.informatik.ultimate.plugins.generator.traceabstraction: ClassCastException: de.uni_freiburg.informatik.ultimate.logic.ApplicationTerm cannot be cast to de.uni_freiburg.informatik.ultimate.modelcheckerutils.smt.linearTerms.AffineTerm: de.uni_freiburg.informatik.ultimate.modelcheckerutils.smt.linearTerms.AffineRelation.<init>(AffineRelation.java:54)]
12	ExpectedResult: SAFE UltimateResult: TIMEOUT   [ShortDescription: Timeout LongDescription: Timout or Toolchain cancelled by user]
11	ExpectedResult: SAFE UltimateResult: UNSUPPORTED_SYNTAX   [ShortDescription: Unsupported Syntax LongDescription: bitfields are not supported at the moment]
9	ExpectedResult: UNSAFE UltimateResult: TIMEOUT   [ShortDescription: Timeout LongDescription: Timout or Toolchain cancelled by user]
8	ExpectedResult: SAFE UltimateResult: TIMEOUT   [ShortDescription: Timeout LongDescription: Unable to prove that call of __VERIFIER_error() unreachable (line 2)]
6	ExpectedResult: UNSAFE UltimateResult: TIMEOUT   [ShortDescription: Timeout LongDescription: Unable to prove that call of __VERIFIER_error() unreachable (line 2)]
4	ExpectedResult: SAFE UltimateResult: EXCEPTION_OR_ERROR   [de.uni_freiburg.informatik.ultimate.plugins.generator.traceabstraction: ClassCastException: null]
4	ExpectedResult: SAFE UltimateResult: UNKNOWN   Unable to prove that call of __VERIFIER_error() unreachable 
3	ExpectedResult: SAFE UltimateResult: EXCEPTION_OR_ERROR   [de.uni_freiburg.informatik.ultimate.plugins.generator.cacsl2boogietranslator: EmptyStackException: null: java.util.Stack.peek(Stack.java:102)]
3	ExpectedResult: UNSAFE UltimateResult: TIMEOUT   [ShortDescription: Timeout LongDescription: Unable to prove that call of __VERIFIER_error() unreachable (line 10)]
3	ExpectedResult: SAFE UltimateResult: EXCEPTION_OR_ERROR   [de.uni_freiburg.informatik.ultimate.plugins.generator.traceabstraction: ClassCastException: de.uni_freiburg.informatik.ultimate.logic.ApplicationTerm cannot be cast to de.uni_freiburg.informatik.ultimate.modelcheckerutils.smt.linearTerms.AffineTerm: de.uni_freiburg.informatik.ultimate.modelcheckerutils.smt.linearTerms.AffineRelation.<init>(AffineRelation.java:55)]
3	ExpectedResult: UNSAFE UltimateResult: UNKNOWN   Unable to prove that call of __VERIFIER_error() unreachable 
3	ExpectedResult: UNSAFE UltimateResult: EXCEPTION_OR_ERROR   [de.uni_freiburg.informatik.ultimate.plugins.generator.cacsl2boogietranslator: EmptyStackException: null: java.util.Stack.peek(Stack.java:102)]
3	ExpectedResult: UNSAFE UltimateResult: EXCEPTION_OR_ERROR   [de.uni_freiburg.informatik.ultimate.plugins.generator.traceabstraction: ClassCastException: de.uni_freiburg.informatik.ultimate.logic.ApplicationTerm cannot be cast to de.uni_freiburg.informatik.ultimate.modelcheckerutils.smt.linearTerms.AffineTerm: de.uni_freiburg.informatik.ultimate.modelcheckerutils.smt.linearTerms.AffineRelation.<init>(AffineRelation.java:55)]
2	ExpectedResult: SAFE UltimateResult: TIMEOUT   [ShortDescription: Timeout LongDescription: Unable to prove that call of __VERIFIER_error() unreachable (line 4)]
2	ExpectedResult: UNSAFE_DEREF UltimateResult: EXCEPTION_OR_ERROR   [de.uni_freiburg.informatik.ultimate.plugins.generator.traceabstraction: ClassCastException: null]
2	ExpectedResult: SAFE UltimateResult: TIMEOUT   [ShortDescription: Timeout LongDescription: Unable to prove that call of __VERIFIER_error() unreachable (line 5)]
2	ExpectedResult: UNSAFE UltimateResult: SAFE   [ShortDescription: All specifications hold LongDescription: 1 specifications checked. All of them hold]
2	ExpectedResult: UNSAFE_FREE UltimateResult: EXCEPTION_OR_ERROR   [de.uni_freiburg.informatik.ultimate.plugins.generator.traceabstraction: ClassCastException: null]
2	ExpectedResult: UNSAFE UltimateResult: TIMEOUT   [ShortDescription: Timeout LongDescription: Unable to prove that call of __VERIFIER_error() unreachable (line 50)]
1	ExpectedResult: UNSAFE UltimateResult: TIMEOUT   [ShortDescription: Timeout LongDescription: Unable to prove that call of __VERIFIER_error() unreachable (line 91)]
1	ExpectedResult: SAFE UltimateResult: TIMEOUT   [ShortDescription: Timeout LongDescription: Unable to prove that call of __VERIFIER_error() unreachable (line 50)]
1	ExpectedResult: SAFE UltimateResult: TIMEOUT   [ShortDescription: Timeout LongDescription: Unable to prove that call of __VERIFIER_error() unreachable (line 9407)]
1	ExpectedResult: SAFE UltimateResult: TIMEOUT   [ShortDescription: Timeout LongDescription: Unable to prove that call of __VERIFIER_error() unreachable (line 34)]
1	ExpectedResult: UNSAFE UltimateResult: TIMEOUT   [ShortDescription: Timeout LongDescription: Unable to prove that call of __VERIFIER_error() unreachable (line 60)]
1	ExpectedResult: UNSAFE UltimateResult: SYNTAX_ERROR   [ShortDescription: Type Error LongDescription: ~node~31already declared as local variable]
1	ExpectedResult: UNSAFE UltimateResult: EXCEPTION_OR_ERROR   [de.uni_freiburg.informatik.ultimate.plugins.generator.rcfgbuilder: SMTLIBException: line 1242 column 581: logic does not support nonlinear arithmetic: de.uni_freiburg.informatik.ultimate.smtsolver.external.Parser$Action$.CUP$do_action(Parser.java:1338)]
1	ExpectedResult: UNSAFE UltimateResult: TIMEOUT   [ShortDescription: Timeout LongDescription: Unable to prove that call of __VERIFIER_error() unreachable (line 527)]
1	ExpectedResult: SAFE UltimateResult: TIMEOUT   [ShortDescription: Timeout LongDescription: Unable to prove that call of __VERIFIER_error() unreachable (line 100)]
1	ExpectedResult: UNSAFE_MEMTRACK UltimateResult: EXCEPTION_OR_ERROR   [de.uni_freiburg.informatik.ultimate.plugins.generator.rcfgbuilder: SMTLIBException: line 503 column 895: logic does not support nonlinear arithmetic: de.uni_freiburg.informatik.ultimate.smtsolver.external.Parser$Action$.CUP$do_action(Parser.java:1338)]
1	ExpectedResult: UNSAFE UltimateResult: EXCEPTION_OR_ERROR   [de.uni_freiburg.informatik.ultimate.plugins.generator.rcfgbuilder: SMTLIBException: line 99 column 335: logic does not support nonlinear arithmetic: de.uni_freiburg.informatik.ultimate.smtsolver.external.Parser$Action$.CUP$do_action(Parser.java:1338)]
1	ExpectedResult: UNSAFE_MEMTRACK UltimateResult: EXCEPTION_OR_ERROR   [de.uni_freiburg.informatik.ultimate.plugins.generator.traceabstraction: ClassCastException: null]
1	ExpectedResult: SAFE UltimateResult: EXCEPTION_OR_ERROR   [de.uni_freiburg.informatik.ultimate.plugins.generator.traceabstraction: SMTLIBException: line 146 column 154: logic does not support nonlinear arithmetic: de.uni_freiburg.informatik.ultimate.smtsolver.external.Parser$Action$.CUP$do_action(Parser.java:1338)]
1	ExpectedResult: SAFE UltimateResult: EXCEPTION_OR_ERROR   [de.uni_freiburg.informatik.ultimate.plugins.generator.rcfgbuilder: SMTLIBException: line 981 column 895: logic does not support nonlinear arithmetic: de.uni_freiburg.informatik.ultimate.smtsolver.external.Parser$Action$.CUP$do_action(Parser.java:1338)]
1	ExpectedResult: SAFE UltimateResult: TIMEOUT   [ShortDescription: Timeout LongDescription: Unable to prove that call of __VERIFIER_error() unreachable (line 4284)]
1	ExpectedResult: SAFE UltimateResult: TIMEOUT   [ShortDescription: Timeout LongDescription: Unable to prove that call of __VERIFIER_error() unreachable (line 338)]
1	ExpectedResult: UNSAFE UltimateResult: TIMEOUT   [ShortDescription: Timeout LongDescription: Unable to prove that call of __VERIFIER_error() unreachable (line 9308)]
1	ExpectedResult: SAFE UltimateResult: TIMEOUT   [ShortDescription: Timeout LongDescription: Unable to prove that call of __VERIFIER_error() unreachable (line 2752)]
1	ExpectedResult: SAFE UltimateResult: TIMEOUT   [ShortDescription: Timeout LongDescription: Unable to prove that call of __VERIFIER_error() unreachable (line 201)]
1	ExpectedResult: UNSAFE UltimateResult: TIMEOUT   [ShortDescription: Timeout LongDescription: Unable to prove that call of __VERIFIER_error() unreachable (line 41)]
1	ExpectedResult: UNSAFE UltimateResult: EXCEPTION_OR_ERROR   [de.uni_freiburg.informatik.ultimate.plugins.generator.rcfgbuilder: OutOfMemoryError: Java heap space: java.util.Arrays.copyOf(Arrays.java:2367)]
1	ExpectedResult: SAFE UltimateResult: TIMEOUT   [ShortDescription: Timeout LongDescription: Unable to prove that call of __VERIFIER_error() unreachable (line 2796)]
1	ExpectedResult: UNSAFE UltimateResult: TIMEOUT   [ShortDescription: Timeout LongDescription: Unable to prove that call of __VERIFIER_error() unreachable (line 11)]
1	ExpectedResult: UNSAFE UltimateResult: TIMEOUT   [ShortDescription: Timeout LongDescription: Unable to prove that call of __VERIFIER_error() unreachable (line 51)]
1	ExpectedResult: UNSAFE UltimateResult: SYNTAX_ERROR   [ShortDescription: Type Error LongDescription: Type check failed for BinaryExpression[ARITHMINUS,RealLiteral[1.0],IdentifierExpression[~A_R~13,GLOBAL]], ShortDescription: Type Error LongDescription: Type check failed for BinaryExpression[ARITHMINUS,RealLiteral[1.0],IdentifierExpression[~A_D~13,GLOBAL]], ShortDescription: Type Error LongDescription: Type check failed for BinaryExpression[ARITHMUL,BinaryExpression[ARITHDIV,BinaryExpression[ARITHMOD,BinaryExpression[ARITHPLUS,BinaryExpression[ARITHMUL,IdentifierExpression[~K_I~13,GLOBAL],IdentifierExpression[~ud_err_theta~13,GLOBAL]],IdentifierExpression[~tmp_pwm_r_limiter~16,<LOCAL,balance_control>]],IntegerLiteral[4294967296]],BinaryExpression[ARITHMOD,BinaryExpression[ARITHMINUS,BinaryExpression[ARITHMUL,IdentifierExpression[~BATTERY_GAIN~13,GLOBAL],IdentifierExpression[~args_battery,<LOCAL,balance_control>]],IdentifierExpression[~BATTERY_OFFSET~13,GLOBAL]],IntegerLiteral[4294967296]]],RealLiteral[100.0]], ShortDescription: Type Error LongDescription: Type check failed for BinaryExpression[ARITHMUL,RealLiteral[0.00400000019],IdentifierExpression[~tmp_thetadot_cmd_lpf~16,<LOCAL,balance_control>]], ShortDescription: Type Error LongDescription: Type check failed for BinaryExpression[ARITHMUL,RealLiteral[0.01745329238],IdentifierExpression[~args_theta_m_r,<LOCAL,balance_control>]], ShortDescription: Type Error LongDescription: Type check failed for BinaryExpression[ARITHDIV,BinaryExpression[ARITHMINUS,IdentifierExpression[~tmp_theta_lpf~16,<LOCAL,balance_control>],IdentifierExpression[~ud_theta_lpf~13,GLOBAL]],RealLiteral[0.00400000019]], ShortDescription: Type Error LongDescription: Type check failed for BinaryExpression[ARITHMUL,RealLiteral[0.00400000019],IdentifierExpression[~tmp_psidot~16,<LOCAL,balance_control>]], ShortDescription: Type Error LongDescription: Type check failed for BinaryExpression[ARITHMUL,BinaryExpression[ARITHMINUS,IdentifierExpression[~ud_theta_ref~13,GLOBAL],IdentifierExpression[~tmp_theta~16,<LOCAL,balance_control>]],RealLiteral[0.00400000019]], ShortDescription: Type Error LongDescription: Type check failed (index 0): FunctionApplication[#to_int,[BinaryExpression[ARITHPLUS,BinaryExpression[ARITHMUL,RealLiteral[0.00400000019],IdentifierExpression[~tmp_thetadot_cmd_lpf~16,<LOCAL,balance_control>]],IdentifierExpression[~ud_theta_ref~13,GLOBAL]]]], ShortDescription: Type Error LongDescription: Type check failed for BinaryExpression[ARITHMUL,RealLiteral[0.01745329238],IdentifierExpression[~args_theta_m_l,<LOCAL,balance_control>]], ShortDescription: Type Error LongDescription: Type check failed for BinaryExpression[ARITHMUL,BinaryExpression[ARITHMINUS,IdentifierExpression[~args_gyro,<LOCAL,balance_control>],IdentifierExpression[~args_gyro_offset,<LOCAL,balance_control>]],RealLiteral[0.01745329238]], ShortDescription: Type Error LongDescription: Type check failed for BinaryExpression[ARITHMUL,BinaryExpression[ARITHPLUS,BinaryExpression[ARITHPLUS,BinaryExpression[ARITHMUL,RealLiteral[0.01745329238],IdentifierExpression[~args_theta_m_l,<LOCAL,balance_control>]],IdentifierExpression[~ud_psi~13,GLOBAL]],BinaryExpression[ARITHPLUS,BinaryExpression[ARITHMUL,RealLiteral[0.01745329238],IdentifierExpression[~args_theta_m_r,<LOCAL,balance_control>]],IdentifierExpression[~ud_psi~13,GLOBAL]]],RealLiteral[0.5]], ShortDescription: Type Error LongDescription: Type check failed (index 0): FunctionApplication[#to_int,[BinaryExpression[ARITHPLUS,BinaryExpression[ARITHMUL,BinaryExpression[ARITHMINUS,RealLiteral[1.0],IdentifierExpression[~A_D~13,GLOBAL]],IdentifierExpression[~tmp_theta~16,<LOCAL,balance_control>]],BinaryExpression[ARITHMUL,IdentifierExpression[~A_D~13,GLOBAL],IdentifierExpression[~ud_theta_lpf~13,GLOBAL]]]]], ShortDescription: Type Error LongDescription: Type check failed (index 0): FunctionApplication[#to_int,[BinaryExpression[ARITHPLUS,BinaryExpression[ARITHMUL,RealLiteral[0.00400000019],IdentifierExpression[~tmp_psidot~16,<LOCAL,balance_control>]],IdentifierExpression[~ud_psi~13,GLOBAL]]]], ShortDescription: Type Error LongDescription: Type check failed for BinaryExpression[ARITHDIV,IdentifierExpression[~args_cmd_turn,<LOCAL,balance_control>],RealLiteral[100.0]], ShortDescription: Type Error LongDescription: Type check failed for BinaryExpression[ARITHDIV,IdentifierExpression[~args_cmd_forward,<LOCAL,balance_control>],RealLiteral[100.0]]]
1	ExpectedResult: UNSAFE UltimateResult: TIMEOUT   [ShortDescription: Timeout LongDescription: Unable to prove that call of __VERIFIER_error() unreachable (line 1786)]
1	ExpectedResult: SAFE UltimateResult: SYNTAX_ERROR   [ShortDescription: Type Error LongDescription: ~node~31already declared as local variable]
1	ExpectedResult: UNSAFE UltimateResult: TIMEOUT   [ShortDescription: Timeout LongDescription: Unable to prove that call of __VERIFIER_error() unreachable (line 2510)]
1	ExpectedResult: SAFE UltimateResult: EXCEPTION_OR_ERROR   [de.uni_freiburg.informatik.ultimate.boogie.preprocessor: StackOverflowError: null: java.util.Vector$ListItr.<init>(Vector.java:1165)]
1	ExpectedResult: UNSAFE UltimateResult: TIMEOUT   [ShortDescription: Timeout LongDescription: Unable to prove that call of __VERIFIER_error() unreachable (line 725)]
1	ExpectedResult: UNSAFE UltimateResult: UNSUPPORTED_SYNTAX   [ShortDescription: Unsupported Syntax LongDescription: we need to generalize this to nested and/or variable length arrays]
1	ExpectedResult: UNSAFE UltimateResult: TIMEOUT   [ShortDescription: Timeout LongDescription: Unable to prove that call of __VERIFIER_error() unreachable (line 25)]
1	ExpectedResult: SAFE UltimateResult: TIMEOUT   [ShortDescription: Timeout LongDescription: Unable to prove that call of __VERIFIER_error() unreachable (line 217)]
1	ExpectedResult: SAFE UltimateResult: SYNTAX_ERROR   [ShortDescription: Type Error LongDescription: Type check failed for BinaryExpression[ARITHDIV,BinaryExpression[ARITHMINUS,IdentifierExpression[~tmp_theta_lpf~17,<LOCAL,balance_control>],IdentifierExpression[~ud_theta_lpf~14,GLOBAL]],RealLiteral[0.00400000019]], ShortDescription: Type Error LongDescription: Type check failed for BinaryExpression[ARITHMUL,RealLiteral[0.00400000019],IdentifierExpression[~tmp_psidot~17,<LOCAL,balance_control>]], ShortDescription: Type Error LongDescription: Type check failed (index 0): FunctionApplication[#to_int,[BinaryExpression[ARITHPLUS,BinaryExpression[ARITHMUL,BinaryExpression[ARITHMINUS,RealLiteral[1.0],IdentifierExpression[~A_D~14,GLOBAL]],IdentifierExpression[~tmp_theta~17,<LOCAL,balance_control>]],BinaryExpression[ARITHMUL,IdentifierExpression[~A_D~14,GLOBAL],IdentifierExpression[~ud_theta_lpf~14,GLOBAL]]]]], ShortDescription: Type Error LongDescription: Type check failed for BinaryExpression[ARITHMINUS,RealLiteral[1.0],IdentifierExpression[~A_R~14,GLOBAL]], ShortDescription: Type Error LongDescription: Type check failed for BinaryExpression[ARITHMUL,BinaryExpression[ARITHMINUS,IdentifierExpression[~args_gyro,<LOCAL,balance_control>],IdentifierExpression[~args_gyro_offset,<LOCAL,balance_control>]],RealLiteral[0.01745329238]], ShortDescription: Type Error LongDescription: Type check failed for BinaryExpression[ARITHMUL,BinaryExpression[ARITHDIV,BinaryExpression[ARITHMOD,BinaryExpression[ARITHPLUS,BinaryExpression[ARITHMUL,IdentifierExpression[~K_I~14,GLOBAL],IdentifierExpression[~ud_err_theta~14,GLOBAL]],IdentifierExpression[~tmp_pwm_r_limiter~17,<LOCAL,balance_control>]],IntegerLiteral[4294967296]],BinaryExpression[ARITHMOD,BinaryExpression[ARITHMINUS,BinaryExpression[ARITHMUL,IdentifierExpression[~BATTERY_GAIN~14,GLOBAL],IdentifierExpression[~args_battery,<LOCAL,balance_control>]],IdentifierExpression[~BATTERY_OFFSET~14,GLOBAL]],IntegerLiteral[4294967296]]],RealLiteral[100.0]], ShortDescription: Type Error LongDescription: Type check failed for BinaryExpression[ARITHMUL,RealLiteral[0.01745329238],IdentifierExpression[~args_theta_m_l,<LOCAL,balance_control>]], ShortDescription: Type Error LongDescription: Type check failed for BinaryExpression[ARITHMUL,RealLiteral[0.00400000019],IdentifierExpression[~tmp_thetadot_cmd_lpf~17,<LOCAL,balance_control>]], ShortDescription: Type Error LongDescription: Type check failed (index 0): FunctionApplication[#to_int,[BinaryExpression[ARITHPLUS,BinaryExpression[ARITHMUL,RealLiteral[0.00400000019],IdentifierExpression[~tmp_psidot~17,<LOCAL,balance_control>]],IdentifierExpression[~ud_psi~14,GLOBAL]]]], ShortDescription: Type Error LongDescription: Type check failed for BinaryExpression[ARITHDIV,IdentifierExpression[~args_cmd_forward,<LOCAL,balance_control>],RealLiteral[100.0]], ShortDescription: Type Error LongDescription: Type check failed for BinaryExpression[ARITHMUL,BinaryExpression[ARITHPLUS,BinaryExpression[ARITHPLUS,BinaryExpression[ARITHMUL,RealLiteral[0.01745329238],IdentifierExpression[~args_theta_m_l,<LOCAL,balance_control>]],IdentifierExpression[~ud_psi~14,GLOBAL]],BinaryExpression[ARITHPLUS,BinaryExpression[ARITHMUL,RealLiteral[0.01745329238],IdentifierExpression[~args_theta_m_r,<LOCAL,balance_control>]],IdentifierExpression[~ud_psi~14,GLOBAL]]],RealLiteral[0.5]], ShortDescription: Type Error LongDescription: Type check failed for BinaryExpression[ARITHMUL,BinaryExpression[ARITHMINUS,IdentifierExpression[~ud_theta_ref~14,GLOBAL],IdentifierExpression[~tmp_theta~17,<LOCAL,balance_control>]],RealLiteral[0.00400000019]], ShortDescription: Type Error LongDescription: Type check failed for BinaryExpression[ARITHMUL,RealLiteral[0.01745329238],IdentifierExpression[~args_theta_m_r,<LOCAL,balance_control>]], ShortDescription: Type Error LongDescription: Type check failed (index 0): FunctionApplication[#to_int,[BinaryExpression[ARITHPLUS,BinaryExpression[ARITHMUL,RealLiteral[0.00400000019],IdentifierExpression[~tmp_thetadot_cmd_lpf~17,<LOCAL,balance_control>]],IdentifierExpression[~ud_theta_ref~14,GLOBAL]]]], ShortDescription: Type Error LongDescription: Type check failed for BinaryExpression[ARITHDIV,IdentifierExpression[~args_cmd_turn,<LOCAL,balance_control>],RealLiteral[100.0]], ShortDescription: Type Error LongDescription: Type check failed for BinaryExpression[ARITHMINUS,RealLiteral[1.0],IdentifierExpression[~A_D~14,GLOBAL]]]
1	ExpectedResult: SAFE UltimateResult: EXCEPTION_OR_ERROR   [de.uni_freiburg.informatik.ultimate.boogie.preprocessor: StackOverflowError: null: de.uni_freiburg.informatik.ultimate.boogie.preprocessor.TypeChecker.typecheckExpression(TypeChecker.java:359)]
1	ExpectedResult: SAFE UltimateResult: TIMEOUT   [ShortDescription: Timeout LongDescription: Unable to prove that call of __VERIFIER_error() unreachable (line 618)]
1	ExpectedResult: UNSAFE UltimateResult: EXCEPTION_OR_ERROR   [de.uni_freiburg.informatik.ultimate.boogie.preprocessor: StackOverflowError: null: de.uni_freiburg.informatik.ultimate.boogie.preprocessor.TypeChecker.findVariable(TypeChecker.java:141)]
1	ExpectedResult: SAFE UltimateResult: UNSAFE   a call of __VERIFIER_error() is reachable 
1	ExpectedResult: UNSAFE UltimateResult: TIMEOUT   [ShortDescription: Timeout LongDescription: Unable to prove that call of __VERIFIER_error() unreachable (line 10933)]
1	ExpectedResult: SAFE UltimateResult: TIMEOUT   [ShortDescription: Timeout LongDescription: Unable to prove that call of __VERIFIER_error() unreachable (line 10)]
1	ExpectedResult: SAFE UltimateResult: TIMEOUT   [ShortDescription: Timeout LongDescription: Unable to prove that call of __VERIFIER_error() unreachable (line 115)]
1	ExpectedResult: UNSAFE UltimateResult: TIMEOUT   [ShortDescription: Timeout LongDescription: Unable to prove that call of __VERIFIER_error() unreachable (line 36)]
1	ExpectedResult: UNSAFE UltimateResult: TIMEOUT   [ShortDescription: Timeout LongDescription: Unable to prove that call of __VERIFIER_error() unreachable (line 66)]
1	ExpectedResult: UNSAFE UltimateResult: TIMEOUT   [ShortDescription: Timeout LongDescription: Unable to prove that call of __VERIFIER_error() unreachable (line 4273)]
1	ExpectedResult: UNSAFE UltimateResult: TIMEOUT   [ShortDescription: Timeout LongDescription: Unable to prove that call of __VERIFIER_error() unreachable (line 67)]
1	ExpectedResult: SAFE UltimateResult: TIMEOUT   [ShortDescription: Timeout LongDescription: Unable to prove that call of __VERIFIER_error() unreachable (line 9)]
1	ExpectedResult: SAFE UltimateResult: SYNTAX_ERROR   [ShortDescription: Type Error LongDescription: Type check failed (index 0): FunctionApplication[#to_int,[BinaryExpression[ARITHPLUS,BinaryExpression[ARITHMUL,RealLiteral[0.00400000019],IdentifierExpression[~tmp_psidot~16,<LOCAL,balance_control>]],IdentifierExpression[~ud_psi~13,GLOBAL]]]], ShortDescription: Type Error LongDescription: Type check failed for BinaryExpression[ARITHMINUS,RealLiteral[1.0],IdentifierExpression[~A_D~13,GLOBAL]], ShortDescription: Type Error LongDescription: Type check failed for BinaryExpression[ARITHDIV,BinaryExpression[ARITHMINUS,IdentifierExpression[~tmp_theta_lpf~16,<LOCAL,balance_control>],IdentifierExpression[~ud_theta_lpf~13,GLOBAL]],RealLiteral[0.00400000019]], ShortDescription: Type Error LongDescription: Type check failed for BinaryExpression[ARITHMUL,BinaryExpression[ARITHDIV,BinaryExpression[ARITHMOD,BinaryExpression[ARITHPLUS,BinaryExpression[ARITHMUL,IdentifierExpression[~K_I~13,GLOBAL],IdentifierExpression[~ud_err_theta~13,GLOBAL]],IdentifierExpression[~tmp_pwm_r_limiter~16,<LOCAL,balance_control>]],IntegerLiteral[4294967296]],BinaryExpression[ARITHMOD,BinaryExpression[ARITHMINUS,BinaryExpression[ARITHMUL,IdentifierExpression[~BATTERY_GAIN~13,GLOBAL],IdentifierExpression[~args_battery,<LOCAL,balance_control>]],IdentifierExpression[~BATTERY_OFFSET~13,GLOBAL]],IntegerLiteral[4294967296]]],RealLiteral[100.0]], ShortDescription: Type Error LongDescription: Type check failed for BinaryExpression[ARITHMUL,BinaryExpression[ARITHPLUS,BinaryExpression[ARITHPLUS,BinaryExpression[ARITHMUL,RealLiteral[0.01745329238],IdentifierExpression[~args_theta_m_l,<LOCAL,balance_control>]],IdentifierExpression[~ud_psi~13,GLOBAL]],BinaryExpression[ARITHPLUS,BinaryExpression[ARITHMUL,RealLiteral[0.01745329238],IdentifierExpression[~args_theta_m_r,<LOCAL,balance_control>]],IdentifierExpression[~ud_psi~13,GLOBAL]]],RealLiteral[0.5]], ShortDescription: Type Error LongDescription: Type check failed for BinaryExpression[ARITHMUL,RealLiteral[0.00400000019],IdentifierExpression[~tmp_thetadot_cmd_lpf~16,<LOCAL,balance_control>]], ShortDescription: Type Error LongDescription: Type check failed for BinaryExpression[ARITHMUL,BinaryExpression[ARITHMINUS,IdentifierExpression[~ud_theta_ref~13,GLOBAL],IdentifierExpression[~tmp_theta~16,<LOCAL,balance_control>]],RealLiteral[0.00400000019]], ShortDescription: Type Error LongDescription: Type check failed (index 0): FunctionApplication[#to_int,[BinaryExpression[ARITHPLUS,BinaryExpression[ARITHMUL,BinaryExpression[ARITHMINUS,RealLiteral[1.0],IdentifierExpression[~A_D~13,GLOBAL]],IdentifierExpression[~tmp_theta~16,<LOCAL,balance_control>]],BinaryExpression[ARITHMUL,IdentifierExpression[~A_D~13,GLOBAL],IdentifierExpression[~ud_theta_lpf~13,GLOBAL]]]]], ShortDescription: Type Error LongDescription: Type check failed for BinaryExpression[ARITHMUL,RealLiteral[0.01745329238],IdentifierExpression[~args_theta_m_r,<LOCAL,balance_control>]], ShortDescription: Type Error LongDescription: Type check failed for BinaryExpression[ARITHMUL,BinaryExpression[ARITHMINUS,IdentifierExpression[~args_gyro,<LOCAL,balance_control>],IdentifierExpression[~args_gyro_offset,<LOCAL,balance_control>]],RealLiteral[0.01745329238]], ShortDescription: Type Error LongDescription: Type check failed for BinaryExpression[ARITHMUL,RealLiteral[0.00400000019],IdentifierExpression[~tmp_psidot~16,<LOCAL,balance_control>]], ShortDescription: Type Error LongDescription: Type check failed for BinaryExpression[ARITHDIV,IdentifierExpression[~args_cmd_turn,<LOCAL,balance_control>],RealLiteral[100.0]], ShortDescription: Type Error LongDescription: Type check failed for BinaryExpression[ARITHDIV,IdentifierExpression[~args_cmd_forward,<LOCAL,balance_control>],RealLiteral[100.0]], ShortDescription: Type Error LongDescription: Type check failed (index 0): FunctionApplication[#to_int,[BinaryExpression[ARITHPLUS,BinaryExpression[ARITHMUL,RealLiteral[0.00400000019],IdentifierExpression[~tmp_thetadot_cmd_lpf~16,<LOCAL,balance_control>]],IdentifierExpression[~ud_theta_ref~13,GLOBAL]]]], ShortDescription: Type Error LongDescription: Type check failed for BinaryExpression[ARITHMINUS,RealLiteral[1.0],IdentifierExpression[~A_R~13,GLOBAL]], ShortDescription: Type Error LongDescription: Type check failed for BinaryExpression[ARITHMUL,RealLiteral[0.01745329238],IdentifierExpression[~args_theta_m_l,<LOCAL,balance_control>]]]
1	ExpectedResult: SAFE UltimateResult: TIMEOUT   [ShortDescription: Timeout LongDescription: Unable to prove that call of __VERIFIER_error() unreachable (line 611)]
1	ExpectedResult: SAFE UltimateResult: TIMEOUT   [ShortDescription: Timeout LongDescription: Unable to prove that call of __VERIFIER_error() unreachable (line 106)]
1	ExpectedResult: UNSAFE UltimateResult: TIMEOUT   [ShortDescription: Timeout LongDescription: Unable to prove that call of __VERIFIER_error() unreachable (line 4871)]
1	ExpectedResult: SAFE UltimateResult: TIMEOUT   [ShortDescription: Timeout LongDescription: Unable to prove that call of __VERIFIER_error() unreachable (line 125)]
1	ExpectedResult: UNSAFE UltimateResult: SYNTAX_ERROR   [ShortDescription: Type Error LongDescription: Type check failed for BinaryExpression[ARITHDIV,BinaryExpression[ARITHMINUS,IdentifierExpression[~tmp_theta_lpf~21,<LOCAL,balance_control>],IdentifierExpression[~ud_theta_lpf~18,GLOBAL]],RealLiteral[0.00400000019]], ShortDescription: Type Error LongDescription: Type check failed for BinaryExpression[ARITHDIV,IdentifierExpression[~args_cmd_turn,<LOCAL,balance_control>],RealLiteral[100.0]], ShortDescription: Type Error LongDescription: Type check failed for BinaryExpression[ARITHMUL,RealLiteral[0.01745329238],IdentifierExpression[~args_theta_m_l,<LOCAL,balance_control>]], ShortDescription: Type Error LongDescription: Type check failed for BinaryExpression[ARITHDIV,IdentifierExpression[~args_cmd_forward,<LOCAL,balance_control>],RealLiteral[100.0]], ShortDescription: Type Error LongDescription: Type check failed for BinaryExpression[ARITHMUL,RealLiteral[0.01745329238],IdentifierExpression[~args_theta_m_r,<LOCAL,balance_control>]], ShortDescription: Type Error LongDescription: Type check failed (index 0): FunctionApplication[#to_int,[BinaryExpression[ARITHPLUS,BinaryExpression[ARITHMUL,BinaryExpression[ARITHMINUS,RealLiteral[1.0],IdentifierExpression[~A_D~18,GLOBAL]],IdentifierExpression[~tmp_theta~21,<LOCAL,balance_control>]],BinaryExpression[ARITHMUL,IdentifierExpression[~A_D~18,GLOBAL],IdentifierExpression[~ud_theta_lpf~18,GLOBAL]]]]], ShortDescription: Type Error LongDescription: Type check failed for BinaryExpression[ARITHMUL,RealLiteral[0.00400000019],IdentifierExpression[~tmp_psidot~21,<LOCAL,balance_control>]], ShortDescription: Type Error LongDescription: Type check failed for BinaryExpression[ARITHMUL,BinaryExpression[ARITHPLUS,BinaryExpression[ARITHPLUS,BinaryExpression[ARITHMUL,RealLiteral[0.01745329238],IdentifierExpression[~args_theta_m_l,<LOCAL,balance_control>]],IdentifierExpression[~ud_psi~18,GLOBAL]],BinaryExpression[ARITHPLUS,BinaryExpression[ARITHMUL,RealLiteral[0.01745329238],IdentifierExpression[~args_theta_m_r,<LOCAL,balance_control>]],IdentifierExpression[~ud_psi~18,GLOBAL]]],RealLiteral[0.5]], ShortDescription: Type Error LongDescription: Type check failed for BinaryExpression[ARITHMUL,BinaryExpression[ARITHDIV,BinaryExpression[ARITHMOD,BinaryExpression[ARITHPLUS,BinaryExpression[ARITHMUL,IdentifierExpression[~K_I~18,GLOBAL],IdentifierExpression[~ud_err_theta~18,GLOBAL]],IdentifierExpression[~tmp_pwm_r_limiter~21,<LOCAL,balance_control>]],IntegerLiteral[4294967296]],BinaryExpression[ARITHMOD,BinaryExpression[ARITHMINUS,BinaryExpression[ARITHMUL,IdentifierExpression[~BATTERY_GAIN~18,GLOBAL],IdentifierExpression[~args_battery,<LOCAL,balance_control>]],IdentifierExpression[~BATTERY_OFFSET~18,GLOBAL]],IntegerLiteral[4294967296]]],RealLiteral[100.0]], ShortDescription: Type Error LongDescription: Type check failed for BinaryExpression[ARITHMUL,RealLiteral[0.00400000019],IdentifierExpression[~tmp_thetadot_cmd_lpf~21,<LOCAL,balance_control>]], ShortDescription: Type Error LongDescription: Type check failed for BinaryExpression[ARITHMINUS,RealLiteral[1.0],IdentifierExpression[~A_R~18,GLOBAL]], ShortDescription: Type Error LongDescription: Type check failed for BinaryExpression[ARITHMUL,BinaryExpression[ARITHMINUS,IdentifierExpression[~ud_theta_ref~18,GLOBAL],IdentifierExpression[~tmp_theta~21,<LOCAL,balance_control>]],RealLiteral[0.00400000019]], ShortDescription: Type Error LongDescription: Type check failed for BinaryExpression[ARITHMINUS,RealLiteral[1.0],IdentifierExpression[~A_D~18,GLOBAL]], ShortDescription: Type Error LongDescription: Type check failed (index 0): FunctionApplication[#to_int,[BinaryExpression[ARITHPLUS,BinaryExpression[ARITHMUL,RealLiteral[0.00400000019],IdentifierExpression[~tmp_thetadot_cmd_lpf~21,<LOCAL,balance_control>]],IdentifierExpression[~ud_theta_ref~18,GLOBAL]]]], ShortDescription: Type Error LongDescription: Type check failed (index 0): FunctionApplication[#to_int,[BinaryExpression[ARITHPLUS,BinaryExpression[ARITHMUL,RealLiteral[0.00400000019],IdentifierExpression[~tmp_psidot~21,<LOCAL,balance_control>]],IdentifierExpression[~ud_psi~18,GLOBAL]]]], ShortDescription: Type Error LongDescription: Type check failed for BinaryExpression[ARITHMUL,BinaryExpression[ARITHMINUS,IdentifierExpression[~args_gyro,<LOCAL,balance_control>],IdentifierExpression[~args_gyro_offset,<LOCAL,balance_control>]],RealLiteral[0.01745329238]]]
1	ExpectedResult: UNSAFE UltimateResult: TIMEOUT   [ShortDescription: Timeout LongDescription: Unable to prove that call of __VERIFIER_error() unreachable (line 4420)]
1	ExpectedResult: SAFE UltimateResult: TIMEOUT   [ShortDescription: Timeout LongDescription: Unable to prove that call of __VERIFIER_error() unreachable (line 133)]
1	ExpectedResult: SAFE UltimateResult: EXCEPTION_OR_ERROR   [de.uni_freiburg.informatik.ultimate.plugins.generator.rcfgbuilder: OutOfMemoryError: Java heap space: java.util.Arrays.copyOf(Arrays.java:2367)]

################# Total Comparison #################
Toolchain	Settings	Success	Unknown	Fail	
AutomizerC.xml	svComp-32bit-precise-Automizer.epf	63	87	46
AutomizerC.xml	svComp-32bit-simple-Automizer.epf	1	0	21
AutomizerC.xml	svComp-64bit-simple-Automizer.epf	1	0	14
AutomizerC.xml	svComp-32bit-memsafety-Automizer.epf	1	0	10

################# Comparison by SVCOMP Category #################
SVCOMP-Cat.	Toolchain	Settings	Success	Unknown	Fail	
ProductLines	AutomizerC.xml	svComp-32bit-precise-Automizer.epf	9	15	0
ECA	AutomizerC.xml	svComp-32bit-precise-Automizer.epf	4	20	0
DeviceDrivers64	AutomizerC.xml	svComp-32bit-precise-Automizer.epf	0	0	0
HeapManipulation	AutomizerC.xml	svComp-32bit-precise-Automizer.epf	2	0	22
Simple	AutomizerC.xml	svComp-32bit-precise-Automizer.epf	0	0	0
Recursive	AutomizerC.xml	svComp-32bit-precise-Automizer.epf	7	3	0
ControlFlowInteger	AutomizerC.xml	svComp-32bit-precise-Automizer.epf	21	1	0
MemorySafety	AutomizerC.xml	svComp-32bit-precise-Automizer.epf	0	0	0
Loops	AutomizerC.xml	svComp-32bit-precise-Automizer.epf	9	9	6
Arrays	AutomizerC.xml	svComp-32bit-precise-Automizer.epf	0	21	3
BitVectors	AutomizerC.xml	svComp-32bit-precise-Automizer.epf	9	8	3
Sequentialized	AutomizerC.xml	svComp-32bit-precise-Automizer.epf	2	10	12
ProductLines	AutomizerC.xml	svComp-32bit-simple-Automizer.epf	0	0	0
ECA	AutomizerC.xml	svComp-32bit-simple-Automizer.epf	0	0	0
DeviceDrivers64	AutomizerC.xml	svComp-32bit-simple-Automizer.epf	0	0	0
HeapManipulation	AutomizerC.xml	svComp-32bit-simple-Automizer.epf	0	0	0
Simple	AutomizerC.xml	svComp-32bit-simple-Automizer.epf	1	0	21
Recursive	AutomizerC.xml	svComp-32bit-simple-Automizer.epf	0	0	0
ControlFlowInteger	AutomizerC.xml	svComp-32bit-simple-Automizer.epf	0	0	0
MemorySafety	AutomizerC.xml	svComp-32bit-simple-Automizer.epf	0	0	0
Loops	AutomizerC.xml	svComp-32bit-simple-Automizer.epf	0	0	0
Arrays	AutomizerC.xml	svComp-32bit-simple-Automizer.epf	0	0	0
BitVectors	AutomizerC.xml	svComp-32bit-simple-Automizer.epf	0	0	0
Sequentialized	AutomizerC.xml	svComp-32bit-simple-Automizer.epf	0	0	0
ProductLines	AutomizerC.xml	svComp-64bit-simple-Automizer.epf	0	0	0
ECA	AutomizerC.xml	svComp-64bit-simple-Automizer.epf	0	0	0
DeviceDrivers64	AutomizerC.xml	svComp-64bit-simple-Automizer.epf	1	0	14
HeapManipulation	AutomizerC.xml	svComp-64bit-simple-Automizer.epf	0	0	0
Simple	AutomizerC.xml	svComp-64bit-simple-Automizer.epf	0	0	0
Recursive	AutomizerC.xml	svComp-64bit-simple-Automizer.epf	0	0	0
ControlFlowInteger	AutomizerC.xml	svComp-64bit-simple-Automizer.epf	0	0	0
MemorySafety	AutomizerC.xml	svComp-64bit-simple-Automizer.epf	0	0	0
Loops	AutomizerC.xml	svComp-64bit-simple-Automizer.epf	0	0	0
Arrays	AutomizerC.xml	svComp-64bit-simple-Automizer.epf	0	0	0
BitVectors	AutomizerC.xml	svComp-64bit-simple-Automizer.epf	0	0	0
Sequentialized	AutomizerC.xml	svComp-64bit-simple-Automizer.epf	0	0	0
ProductLines	AutomizerC.xml	svComp-32bit-memsafety-Automizer.epf	0	0	0
ECA	AutomizerC.xml	svComp-32bit-memsafety-Automizer.epf	0	0	0
DeviceDrivers64	AutomizerC.xml	svComp-32bit-memsafety-Automizer.epf	0	0	0
HeapManipulation	AutomizerC.xml	svComp-32bit-memsafety-Automizer.epf	0	0	0
Simple	AutomizerC.xml	svComp-32bit-memsafety-Automizer.epf	0	0	0
Recursive	AutomizerC.xml	svComp-32bit-memsafety-Automizer.epf	0	0	0
ControlFlowInteger	AutomizerC.xml	svComp-32bit-memsafety-Automizer.epf	0	0	0
MemorySafety	AutomizerC.xml	svComp-32bit-memsafety-Automizer.epf	1	0	10
Loops	AutomizerC.xml	svComp-32bit-memsafety-Automizer.epf	0	0	0
Arrays	AutomizerC.xml	svComp-32bit-memsafety-Automizer.epf	0	0	0
BitVectors	AutomizerC.xml	svComp-32bit-memsafety-Automizer.epf	0	0	0
Sequentialized	AutomizerC.xml	svComp-32bit-memsafety-Automizer.epf	0	0	0