################# CodeCheckWithBE-C.xml svComp-32bit-precise-BE-Impulse.epf ECA #################
===== FAIL =====
	NO_RESULT(Expected:SAFE)
		eca-rers2012/Problem03_label08_true-unreach-call.c
			ExpectedResult: SAFE UltimateResult: NO_RESULT   NO_RESULT
		eca-rers2012/Problem17_label41_true-unreach-call.c
			ExpectedResult: SAFE UltimateResult: NO_RESULT   NO_RESULT
		eca-rers2012/Problem19_label46_true-unreach-call.c
			ExpectedResult: SAFE UltimateResult: NO_RESULT   NO_RESULT
		eca-rers2012/Problem12_label57_true-unreach-call.c
			ExpectedResult: SAFE UltimateResult: NO_RESULT   NO_RESULT
		eca-rers2012/Problem18_label43_true-unreach-call.c
			ExpectedResult: SAFE UltimateResult: NO_RESULT   NO_RESULT
		eca-rers2012/Problem12_label32_true-unreach-call.c
			ExpectedResult: SAFE UltimateResult: NO_RESULT   NO_RESULT
		eca-rers2012/Problem06_label22_true-unreach-call.c
			ExpectedResult: SAFE UltimateResult: NO_RESULT   NO_RESULT
	Total: 7

	NO_RESULT(Expected:UNSAFE)
		eca-rers2012/Problem16_label05_false-unreach-call.c
			ExpectedResult: UNSAFE UltimateResult: NO_RESULT   NO_RESULT
		eca-rers2012/Problem13_label07_false-unreach-call.c
			ExpectedResult: UNSAFE UltimateResult: NO_RESULT   NO_RESULT
		eca-rers2012/Problem17_label35_false-unreach-call.c
			ExpectedResult: UNSAFE UltimateResult: NO_RESULT   NO_RESULT
		eca-rers2012/Problem18_label03_false-unreach-call.c
			ExpectedResult: UNSAFE UltimateResult: NO_RESULT   NO_RESULT
		eca-rers2012/Problem13_label24_false-unreach-call.c
			ExpectedResult: UNSAFE UltimateResult: NO_RESULT   NO_RESULT
		eca-rers2012/Problem18_label08_false-unreach-call.c
			ExpectedResult: UNSAFE UltimateResult: NO_RESULT   NO_RESULT
		eca-rers2012/Problem05_label55_false-unreach-call.c
			ExpectedResult: UNSAFE UltimateResult: NO_RESULT   NO_RESULT
		eca-rers2012/Problem06_label59_false-unreach-call.c
			ExpectedResult: UNSAFE UltimateResult: NO_RESULT   NO_RESULT
		eca-rers2012/Problem16_label46_false-unreach-call.c
			ExpectedResult: UNSAFE UltimateResult: NO_RESULT   NO_RESULT
	Total: 9


===== UNKNOWN =====
	TIMEOUT(Expected:UNSAFE)
		eca-rers2012/Problem11_label43_false-unreach-call.c
			ExpectedResult: UNSAFE UltimateResult: TIMEOUT   [ShortDescription: Timeout LongDescription: Timout or Toolchain cancelled by user]
		eca-rers2012/Problem09_label53_false-unreach-call.c
			ExpectedResult: UNSAFE UltimateResult: TIMEOUT   [ShortDescription: Timeout LongDescription: Timout or Toolchain cancelled by user]
		eca-rers2012/Problem02_label13_false-unreach-call.c
			ExpectedResult: UNSAFE UltimateResult: TIMEOUT   [ShortDescription: Timeout LongDescription: Timout or Toolchain cancelled by user]
	Total: 3

	TIMEOUT(Expected:SAFE)
		eca-rers2012/Problem02_label35_true-unreach-call.c
			ExpectedResult: SAFE UltimateResult: TIMEOUT   [ShortDescription: Timeout LongDescription: Timout or Toolchain cancelled by user]
		eca-rers2012/Problem09_label42_true-unreach-call.c
			ExpectedResult: SAFE UltimateResult: TIMEOUT   [ShortDescription: Timeout LongDescription: Timout or Toolchain cancelled by user]
		eca-rers2012/Problem10_label09_true-unreach-call.c
			ExpectedResult: SAFE UltimateResult: TIMEOUT   [ShortDescription: Timeout LongDescription: Timout or Toolchain cancelled by user]
		eca-rers2012/Problem11_label32_true-unreach-call.c
			ExpectedResult: SAFE UltimateResult: TIMEOUT   [ShortDescription: Timeout LongDescription: Timout or Toolchain cancelled by user]
		eca-rers2012/Problem10_label18_true-unreach-call.c
			ExpectedResult: SAFE UltimateResult: TIMEOUT   [ShortDescription: Timeout LongDescription: Timout or Toolchain cancelled by user]
	Total: 5


===== TOTAL =====
FAIL: 16
UNKNOWN: 8
SUCCESS: 0
All: 24

################# CodeCheckWithBE-C.xml svComp-32bit-precise-BE-Impulse.epf HeapManipulation #################
===== FAIL =====
	EXCEPTION_OR_ERROR(Expected:UNSAFE)
		ddv-machzwd/ddv_machzwd_all_false-unreach-call.i
			ExpectedResult: UNSAFE UltimateResult: EXCEPTION_OR_ERROR   [de.uni_freiburg.informatik.ultimate.plugins.generator.cacsl2boogietranslator: EmptyStackException: null: java.util.Stack.peek(Stack.java:102)]
		list-properties/alternating_list_false-unreach-call.i
			ExpectedResult: UNSAFE UltimateResult: EXCEPTION_OR_ERROR   [de.uni_freiburg.informatik.ultimate.plugins.generator.codecheck: ClassCastException: de.uni_freiburg.informatik.ultimate.logic.ApplicationTerm cannot be cast to de.uni_freiburg.informatik.ultimate.modelcheckerutils.smt.linearTerms.AffineTerm: de.uni_freiburg.informatik.ultimate.modelcheckerutils.smt.linearTerms.AffineRelation.<init>(AffineRelation.java:54)]
		ddv-machzwd/ddv_machzwd_outb_false-unreach-call.i
			ExpectedResult: UNSAFE UltimateResult: EXCEPTION_OR_ERROR   [de.uni_freiburg.informatik.ultimate.plugins.generator.cacsl2boogietranslator: EmptyStackException: null: java.util.Stack.peek(Stack.java:102)]
		ddv-machzwd/ddv_machzwd_inw_false-unreach-call.i
			ExpectedResult: UNSAFE UltimateResult: EXCEPTION_OR_ERROR   [de.uni_freiburg.informatik.ultimate.plugins.generator.cacsl2boogietranslator: EmptyStackException: null: java.util.Stack.peek(Stack.java:102)]
		heap-manipulation/sll_to_dll_rev_false-unreach-call.i
			ExpectedResult: UNSAFE UltimateResult: EXCEPTION_OR_ERROR   [de.uni_freiburg.informatik.ultimate.plugins.generator.codecheck: ClassCastException: de.uni_freiburg.informatik.ultimate.logic.ApplicationTerm cannot be cast to de.uni_freiburg.informatik.ultimate.modelcheckerutils.smt.linearTerms.AffineTerm: de.uni_freiburg.informatik.ultimate.modelcheckerutils.smt.linearTerms.AffineRelation.<init>(AffineRelation.java:54)]
		heap-manipulation/bubble_sort_linux_false-unreach-call.i
			ExpectedResult: UNSAFE UltimateResult: EXCEPTION_OR_ERROR   [de.uni_freiburg.informatik.ultimate.plugins.generator.codecheck: ClassCastException: de.uni_freiburg.informatik.ultimate.logic.ApplicationTerm cannot be cast to de.uni_freiburg.informatik.ultimate.modelcheckerutils.smt.linearTerms.AffineTerm: de.uni_freiburg.informatik.ultimate.modelcheckerutils.smt.linearTerms.AffineRelation.<init>(AffineRelation.java:55)]
		ldv-regression/mutex_lock_struct.c_false-unreach-call.i
			ExpectedResult: UNSAFE UltimateResult: EXCEPTION_OR_ERROR   [de.uni_freiburg.informatik.ultimate.plugins.generator.codecheck: ClassCastException: de.uni_freiburg.informatik.ultimate.logic.ApplicationTerm cannot be cast to de.uni_freiburg.informatik.ultimate.modelcheckerutils.smt.linearTerms.AffineTerm: de.uni_freiburg.informatik.ultimate.modelcheckerutils.smt.linearTerms.AffineRelation.<init>(AffineRelation.java:54)]
		list-properties/list_false-unreach-call.i
			ExpectedResult: UNSAFE UltimateResult: EXCEPTION_OR_ERROR   [de.uni_freiburg.informatik.ultimate.plugins.generator.codecheck: ClassCastException: de.uni_freiburg.informatik.ultimate.logic.ApplicationTerm cannot be cast to de.uni_freiburg.informatik.ultimate.modelcheckerutils.smt.linearTerms.AffineTerm: de.uni_freiburg.informatik.ultimate.modelcheckerutils.smt.linearTerms.AffineRelation.<init>(AffineRelation.java:54)]
		list-properties/list_flag_false-unreach-call.i
			ExpectedResult: UNSAFE UltimateResult: EXCEPTION_OR_ERROR   [de.uni_freiburg.informatik.ultimate.plugins.generator.codecheck: ClassCastException: de.uni_freiburg.informatik.ultimate.logic.ApplicationTerm cannot be cast to de.uni_freiburg.informatik.ultimate.modelcheckerutils.smt.linearTerms.AffineTerm: de.uni_freiburg.informatik.ultimate.modelcheckerutils.smt.linearTerms.AffineRelation.<init>(AffineRelation.java:54)]
		ldv-regression/1_3.c_false-unreach-call.i
			ExpectedResult: UNSAFE UltimateResult: EXCEPTION_OR_ERROR   [de.uni_freiburg.informatik.ultimate.plugins.generator.codecheck: ClassCastException: de.uni_freiburg.informatik.ultimate.logic.ApplicationTerm cannot be cast to de.uni_freiburg.informatik.ultimate.modelcheckerutils.smt.linearTerms.AffineTerm: de.uni_freiburg.informatik.ultimate.modelcheckerutils.smt.linearTerms.AffineRelation.<init>(AffineRelation.java:54)]
	Total: 10

	EXCEPTION_OR_ERROR(Expected:SAFE)
		heap-manipulation/dll_of_dll_true-unreach-call.i
			ExpectedResult: SAFE UltimateResult: EXCEPTION_OR_ERROR   [de.uni_freiburg.informatik.ultimate.plugins.generator.codecheck: ClassCastException: de.uni_freiburg.informatik.ultimate.logic.ApplicationTerm cannot be cast to de.uni_freiburg.informatik.ultimate.modelcheckerutils.smt.linearTerms.AffineTerm: de.uni_freiburg.informatik.ultimate.modelcheckerutils.smt.linearTerms.AffineRelation.<init>(AffineRelation.java:54)]
		list-properties/simple_true-unreach-call.i
			ExpectedResult: SAFE UltimateResult: EXCEPTION_OR_ERROR   [de.uni_freiburg.informatik.ultimate.plugins.generator.codecheck: ClassCastException: de.uni_freiburg.informatik.ultimate.logic.ApplicationTerm cannot be cast to de.uni_freiburg.informatik.ultimate.modelcheckerutils.smt.linearTerms.AffineTerm: de.uni_freiburg.informatik.ultimate.modelcheckerutils.smt.linearTerms.AffineRelation.<init>(AffineRelation.java:55)]
		list-properties/splice_true-unreach-call.i
			ExpectedResult: SAFE UltimateResult: EXCEPTION_OR_ERROR   [de.uni_freiburg.informatik.ultimate.plugins.generator.codecheck: ClassCastException: de.uni_freiburg.informatik.ultimate.logic.ApplicationTerm cannot be cast to de.uni_freiburg.informatik.ultimate.modelcheckerutils.smt.linearTerms.AffineTerm: de.uni_freiburg.informatik.ultimate.modelcheckerutils.smt.linearTerms.AffineRelation.<init>(AffineRelation.java:54)]
		list-properties/list_flag_true-unreach-call.i
			ExpectedResult: SAFE UltimateResult: EXCEPTION_OR_ERROR   [de.uni_freiburg.informatik.ultimate.plugins.generator.codecheck: ClassCastException: de.uni_freiburg.informatik.ultimate.logic.ApplicationTerm cannot be cast to de.uni_freiburg.informatik.ultimate.modelcheckerutils.smt.linearTerms.AffineTerm: de.uni_freiburg.informatik.ultimate.modelcheckerutils.smt.linearTerms.AffineRelation.<init>(AffineRelation.java:54)]
		ldv-regression/rule60_list.c_true-unreach-call.i
			ExpectedResult: SAFE UltimateResult: EXCEPTION_OR_ERROR   [de.uni_freiburg.informatik.ultimate.plugins.generator.codecheck: ClassCastException: de.uni_freiburg.informatik.ultimate.logic.ApplicationTerm cannot be cast to de.uni_freiburg.informatik.ultimate.modelcheckerutils.smt.linearTerms.AffineTerm: de.uni_freiburg.informatik.ultimate.modelcheckerutils.smt.linearTerms.AffineRelation.<init>(AffineRelation.java:54)]
		ddv-machzwd/ddv_machzwd_pthread_mutex_unlock_true-unreach-call.i
			ExpectedResult: SAFE UltimateResult: EXCEPTION_OR_ERROR   [de.uni_freiburg.informatik.ultimate.plugins.generator.cacsl2boogietranslator: EmptyStackException: null: java.util.Stack.peek(Stack.java:102)]
		ddv-machzwd/ddv_machzwd_inl_p_true-unreach-call.i
			ExpectedResult: SAFE UltimateResult: EXCEPTION_OR_ERROR   [de.uni_freiburg.informatik.ultimate.plugins.generator.cacsl2boogietranslator: EmptyStackException: null: java.util.Stack.peek(Stack.java:102)]
		ddv-machzwd/ddv_machzwd_inb_true-unreach-call.i
			ExpectedResult: SAFE UltimateResult: EXCEPTION_OR_ERROR   [de.uni_freiburg.informatik.ultimate.plugins.generator.cacsl2boogietranslator: EmptyStackException: null: java.util.Stack.peek(Stack.java:102)]
	Total: 8

	SYNTAX_ERROR(Expected:UNSAFE)
		heap-manipulation/merge_sort_false-unreach-call.i
			ExpectedResult: UNSAFE UltimateResult: SYNTAX_ERROR   [ShortDescription: Type Error LongDescription: ~node~31already declared as local variable]
	Total: 1

	SYNTAX_ERROR(Expected:SAFE)
		heap-manipulation/merge_sort_true-unreach-call.i
			ExpectedResult: SAFE UltimateResult: SYNTAX_ERROR   [ShortDescription: Type Error LongDescription: ~node~31already declared as local variable]
	Total: 1


===== UNKNOWN =====
	TIMEOUT(Expected:SAFE)
		heap-manipulation/sll_to_dll_rev_true-unreach-call.i
			ExpectedResult: SAFE UltimateResult: TIMEOUT   [ShortDescription: Timeout LongDescription: Timout or Toolchain cancelled by user]
	Total: 1


===== SUCCESS =====
	UNSAFE(Expected:UNSAFE)
		ldv-regression/recursive_list.c_false-unreach-call.i
			ExpectedResult: UNSAFE UltimateResult: UNSAFE   a call of __VERIFIER_error() is reachable 
	Total: 1

	SAFE(Expected:SAFE)
		ldv-regression/just_assert.c_true-unreach-call.i
			ExpectedResult: SAFE UltimateResult: SAFE   [ShortDescription: All specifications hold LongDescription: 1 specifications checked. All of them hold]
		ldv-regression/alias_of_return_2.c_true-unreach-call_1.i
			ExpectedResult: SAFE UltimateResult: SAFE   [ShortDescription: All specifications hold LongDescription: 1 specifications checked. All of them hold]
	Total: 2


===== TOTAL =====
FAIL: 20
UNKNOWN: 1
SUCCESS: 3
All: 24

################# CodeCheckWithBE-C.xml svComp-32bit-precise-BE-Impulse.epf Simple #################
===== FAIL =====
	UNSUPPORTED_SYNTAX(Expected:UNSAFE)
		ntdrivers/cdaudio_false-unreach-call.i.cil.c
			ExpectedResult: UNSAFE UltimateResult: UNSUPPORTED_SYNTAX   [ShortDescription: Unsupported Syntax LongDescription: bitfields are not supported at the moment]
		ntdrivers/kbfiltr_false-unreach-call.i.cil.c
			ExpectedResult: UNSAFE UltimateResult: UNSUPPORTED_SYNTAX   [ShortDescription: Unsupported Syntax LongDescription: bitfields are not supported at the moment]
		ntdrivers/floppy_false-unreach-call.i.cil.c
			ExpectedResult: UNSAFE UltimateResult: UNSUPPORTED_SYNTAX   [ShortDescription: Unsupported Syntax LongDescription: bitfields are not supported at the moment]
		ntdrivers/parport_false-unreach-call.i.cil.c
			ExpectedResult: UNSAFE UltimateResult: UNSUPPORTED_SYNTAX   [ShortDescription: Unsupported Syntax LongDescription: bitfields are not supported at the moment]
		ntdrivers/diskperf_false-unreach-call.i.cil.c
			ExpectedResult: UNSAFE UltimateResult: UNSUPPORTED_SYNTAX   [ShortDescription: Unsupported Syntax LongDescription: bitfields are not supported at the moment]
	Total: 5

	EXCEPTION_OR_ERROR(Expected:UNSAFE)
		ssh/s3_srvr.blast.04_false-unreach-call.i.cil.c
			ExpectedResult: UNSAFE UltimateResult: EXCEPTION_OR_ERROR   [de.uni_freiburg.informatik.ultimate.plugins.generator.codecheck: ClassCastException: null]
		ssh/s3_clnt.blast.03_false-unreach-call.i.cil.c
			ExpectedResult: UNSAFE UltimateResult: EXCEPTION_OR_ERROR   [de.uni_freiburg.informatik.ultimate.plugins.generator.codecheck: ClassCastException: null]
		ssh/s3_clnt.blast.04_false-unreach-call.i.cil.c
			ExpectedResult: UNSAFE UltimateResult: EXCEPTION_OR_ERROR   [de.uni_freiburg.informatik.ultimate.plugins.generator.codecheck: ClassCastException: null]
		ssh/s3_srvr.blast.13_false-unreach-call.i.cil.c
			ExpectedResult: UNSAFE UltimateResult: EXCEPTION_OR_ERROR   [de.uni_freiburg.informatik.ultimate.plugins.generator.codecheck: ClassCastException: null]
		ssh/s3_srvr.blast.07_false-unreach-call.i.cil.c
			ExpectedResult: UNSAFE UltimateResult: EXCEPTION_OR_ERROR   [de.uni_freiburg.informatik.ultimate.plugins.generator.codecheck: ClassCastException: null]
	Total: 5

	EXCEPTION_OR_ERROR(Expected:SAFE)
		ssh/s3_srvr.blast.16_true-unreach-call.i.cil.c
			ExpectedResult: SAFE UltimateResult: EXCEPTION_OR_ERROR   [de.uni_freiburg.informatik.ultimate.plugins.generator.codecheck: ClassCastException: null]
		ssh/s3_srvr.blast.01_true-unreach-call.i.cil.c
			ExpectedResult: SAFE UltimateResult: EXCEPTION_OR_ERROR   [de.uni_freiburg.informatik.ultimate.plugins.generator.codecheck: ClassCastException: null]
		ssh/s3_srvr.blast.02_true-unreach-call.i.cil.c
			ExpectedResult: SAFE UltimateResult: EXCEPTION_OR_ERROR   [de.uni_freiburg.informatik.ultimate.plugins.generator.codecheck: ClassCastException: null]
		ssh/s3_srvr.blast.15_true-unreach-call.i.cil.c
			ExpectedResult: SAFE UltimateResult: EXCEPTION_OR_ERROR   [de.uni_freiburg.informatik.ultimate.plugins.generator.codecheck: ClassCastException: null]
		ssh/s3_srvr.blast.06_true-unreach-call.i.cil.c
			ExpectedResult: SAFE UltimateResult: EXCEPTION_OR_ERROR   [de.uni_freiburg.informatik.ultimate.plugins.generator.codecheck: ClassCastException: null]
		ssh/s3_srvr.blast.11_true-unreach-call.i.cil.c
			ExpectedResult: SAFE UltimateResult: EXCEPTION_OR_ERROR   [de.uni_freiburg.informatik.ultimate.plugins.generator.codecheck: ClassCastException: null]
	Total: 6

	UNSUPPORTED_SYNTAX(Expected:SAFE)
		ntdrivers/floppy_true-unreach-call.i.cil.c
			ExpectedResult: SAFE UltimateResult: UNSUPPORTED_SYNTAX   [ShortDescription: Unsupported Syntax LongDescription: bitfields are not supported at the moment]
		ntdrivers/diskperf_true-unreach-call.i.cil.c
			ExpectedResult: SAFE UltimateResult: UNSUPPORTED_SYNTAX   [ShortDescription: Unsupported Syntax LongDescription: bitfields are not supported at the moment]
		ntdrivers/floppy2_true-unreach-call.i.cil.c
			ExpectedResult: SAFE UltimateResult: UNSUPPORTED_SYNTAX   [ShortDescription: Unsupported Syntax LongDescription: bitfields are not supported at the moment]
		ntdrivers/parport_true-unreach-call.i.cil.c
			ExpectedResult: SAFE UltimateResult: UNSUPPORTED_SYNTAX   [ShortDescription: Unsupported Syntax LongDescription: bitfields are not supported at the moment]
		ntdrivers/cdaudio_true-unreach-call.i.cil.c
			ExpectedResult: SAFE UltimateResult: UNSUPPORTED_SYNTAX   [ShortDescription: Unsupported Syntax LongDescription: bitfields are not supported at the moment]
	Total: 5


===== SUCCESS =====
	UNSAFE(Expected:UNSAFE)
		ssh/s3_srvr.blast.03_false-unreach-call.i.cil.c
			ExpectedResult: UNSAFE UltimateResult: UNSAFE   a call of __VERIFIER_error() is reachable 
	Total: 1


===== TOTAL =====
FAIL: 21
UNKNOWN: 0
SUCCESS: 1
All: 22

################# CodeCheckWithBE-C.xml svComp-32bit-precise-BE-Impulse.epf Recursive #################
===== UNKNOWN =====
	TIMEOUT(Expected:UNSAFE)
		recursive/Addition03_false-unreach-call.c
			ExpectedResult: UNSAFE UltimateResult: TIMEOUT   [ShortDescription: Timeout LongDescription: Unable to prove that call of __VERIFIER_error() unreachable (line 33)]
		recursive/Fibonacci05_false-unreach-call_true-termination.c
			ExpectedResult: UNSAFE UltimateResult: TIMEOUT   [ShortDescription: Timeout LongDescription: Unable to prove that call of __VERIFIER_error() unreachable (line 31)]
	Total: 2

	TIMEOUT(Expected:SAFE)
		recursive/Ackermann03_true-unreach-call.c
			ExpectedResult: SAFE UltimateResult: TIMEOUT   [ShortDescription: Timeout LongDescription: Unable to prove that call of __VERIFIER_error() unreachable (line 38)]
		recursive/gcd01_true-unreach-call_true-termination.c
			ExpectedResult: SAFE UltimateResult: TIMEOUT   [ShortDescription: Timeout LongDescription: Unable to prove that call of __VERIFIER_error() unreachable (line 39)]
		recursive/recHanoi01_true-unreach-call_true-termination.c
			ExpectedResult: SAFE UltimateResult: TIMEOUT   [ShortDescription: Timeout LongDescription: Unable to prove that call of __VERIFIER_error() unreachable (line 51)]
		recursive/Fibonacci03_true-unreach-call_true-termination.c
			ExpectedResult: SAFE UltimateResult: TIMEOUT   [ShortDescription: Timeout LongDescription: Unable to prove that call of __VERIFIER_error() unreachable (line 34)]
		recursive/Ackermann01_true-unreach-call.c
			ExpectedResult: SAFE UltimateResult: TIMEOUT   [ShortDescription: Timeout LongDescription: Unable to prove that call of __VERIFIER_error() unreachable (line 38)]
	Total: 5


===== SUCCESS =====
	UNSAFE(Expected:UNSAFE)
		recursive/Fibonacci04_false-unreach-call_true-termination.c
			ExpectedResult: UNSAFE UltimateResult: UNSAFE   a call of __VERIFIER_error() is reachable 
		recursive/Addition02_false-unreach-call_false-termination.c
			ExpectedResult: UNSAFE UltimateResult: UNSAFE   a call of __VERIFIER_error() is reachable 
		recursive/Ackermann02_false-unreach-call_false-termination.c
			ExpectedResult: UNSAFE UltimateResult: UNSAFE   a call of __VERIFIER_error() is reachable 
	Total: 3


===== TOTAL =====
FAIL: 0
UNKNOWN: 7
SUCCESS: 3
All: 10

################# CodeCheckWithBE-C.xml svComp-32bit-precise-BE-Impulse.epf ControlFlowInteger #################
===== FAIL =====
	EXCEPTION_OR_ERROR(Expected:SAFE)
		ssh-simplified/s3_srvr_1_true-unreach-call.cil.c
			ExpectedResult: SAFE UltimateResult: EXCEPTION_OR_ERROR   [de.uni_freiburg.informatik.ultimate.plugins.generator.codecheck: NullPointerException: null: de.uni_freiburg.informatik.ultimate.modelcheckerutils.smt.linearTerms.AffineRelation.onLeftHandSideOnly(AffineRelation.java:179)]
	Total: 1


===== UNKNOWN =====
	TIMEOUT(Expected:UNSAFE)
		ntdrivers-simplified/kbfiltr_simpl2_false-unreach-call_true-termination.cil.c
			ExpectedResult: UNSAFE UltimateResult: TIMEOUT   [ShortDescription: Timeout LongDescription: Unable to prove that call of __VERIFIER_error() unreachable (line 1327)]
		ntdrivers-simplified/floppy_simpl4_false-unreach-call_true-termination.cil.c
			ExpectedResult: UNSAFE UltimateResult: TIMEOUT   [ShortDescription: Timeout LongDescription: Unable to prove that call of __VERIFIER_error() unreachable (line 2163)]
		ntdrivers-simplified/cdaudio_simpl1_false-unreach-call_true-termination.cil.c
			ExpectedResult: UNSAFE UltimateResult: TIMEOUT   [ShortDescription: Timeout LongDescription: Unable to prove that call of __VERIFIER_error() unreachable (line 36)]
		ntdrivers-simplified/floppy_simpl3_false-unreach-call_true-termination.cil.c
			ExpectedResult: UNSAFE UltimateResult: TIMEOUT   [ShortDescription: Timeout LongDescription: Unable to prove that call of __VERIFIER_error() unreachable (line 38)]
	Total: 4

	TIMEOUT(Expected:SAFE)
		ssh-simplified/s3_srvr_7_true-unreach-call.cil.c
			ExpectedResult: SAFE UltimateResult: TIMEOUT   [ShortDescription: Timeout LongDescription: Unable to prove that call of __VERIFIER_error() unreachable (line 865)]
		ntdrivers-simplified/kbfiltr_simpl2_true-unreach-call_true-termination.cil.c
			ExpectedResult: SAFE UltimateResult: TIMEOUT   [ShortDescription: Timeout LongDescription: Unable to prove that call of __VERIFIER_error() unreachable (line 1325)]
		ntdrivers-simplified/diskperf_simpl1_true-unreach-call_true-termination.cil.c
			ExpectedResult: SAFE UltimateResult: TIMEOUT   [ShortDescription: Timeout LongDescription: Unable to prove that call of __VERIFIER_error() unreachable (line 34)]
		ntdrivers-simplified/cdaudio_simpl1_true-unreach-call_true-termination.cil.c
			ExpectedResult: SAFE UltimateResult: TIMEOUT   [ShortDescription: Timeout LongDescription: Unable to prove that call of __VERIFIER_error() unreachable (line 36)]
		ssh-simplified/s3_srvr_6_true-unreach-call.cil.c
			ExpectedResult: SAFE UltimateResult: TIMEOUT   [ShortDescription: Timeout LongDescription: Timout or Toolchain cancelled by user]
	Total: 5


===== SUCCESS =====
	SAFE(Expected:SAFE)
		locks/test_locks_9_true-unreach-call.c
			ExpectedResult: SAFE UltimateResult: SAFE   [ShortDescription: All specifications hold LongDescription: 1 specifications checked. All of them hold]
		locks/test_locks_14_true-unreach-call.c
			ExpectedResult: SAFE UltimateResult: SAFE   [ShortDescription: All specifications hold LongDescription: 1 specifications checked. All of them hold]
		locks/test_locks_13_true-unreach-call.c
			ExpectedResult: SAFE UltimateResult: SAFE   [ShortDescription: All specifications hold LongDescription: 1 specifications checked. All of them hold]
		locks/test_locks_12_true-unreach-call_false-termination.c
			ExpectedResult: SAFE UltimateResult: SAFE   [ShortDescription: All specifications hold LongDescription: 1 specifications checked. All of them hold]
		ssh-simplified/s3_srvr_1b_true-unreach-call_false-termination.cil.c
			ExpectedResult: SAFE UltimateResult: SAFE   [ShortDescription: All specifications hold LongDescription: 1 specifications checked. All of them hold]
		ntdrivers-simplified/kbfiltr_simpl1_true-unreach-call_true-termination.cil.c
			ExpectedResult: SAFE UltimateResult: SAFE   [ShortDescription: All specifications hold LongDescription: 1 specifications checked. All of them hold]
	Total: 6

	UNSAFE(Expected:UNSAFE)
		ssh-simplified/s3_srvr_10_false-unreach-call.cil.c
			ExpectedResult: UNSAFE UltimateResult: UNSAFE   a call of __VERIFIER_error() is reachable 
		ssh-simplified/s3_srvr_13_false-unreach-call.cil.c
			ExpectedResult: UNSAFE UltimateResult: UNSAFE   a call of __VERIFIER_error() is reachable 
		locks/test_locks_14_false-unreach-call.c
			ExpectedResult: UNSAFE UltimateResult: UNSAFE   a call of __VERIFIER_error() is reachable 
		ssh-simplified/s3_clnt_1_false-unreach-call.cil.c
			ExpectedResult: UNSAFE UltimateResult: UNSAFE   a call of __VERIFIER_error() is reachable 
		ssh-simplified/s3_clnt_4_false-unreach-call.cil.c
			ExpectedResult: UNSAFE UltimateResult: UNSAFE   a call of __VERIFIER_error() is reachable 
		locks/test_locks_15_false-unreach-call.c
			ExpectedResult: UNSAFE UltimateResult: UNSAFE   a call of __VERIFIER_error() is reachable 
	Total: 6


===== TOTAL =====
FAIL: 1
UNKNOWN: 9
SUCCESS: 12
All: 22

################# CodeCheckWithBE-C.xml svComp-32bit-precise-BE-Impulse.epf Loops #################
===== FAIL =====
	UNSUPPORTED_SYNTAX(Expected:UNSAFE)
		loops/linear_search_false-unreach-call.i
			ExpectedResult: UNSAFE UltimateResult: UNSUPPORTED_SYNTAX   [ShortDescription: Unsupported Syntax LongDescription: we need to generalize this to nested and/or variable length arrays]
	Total: 1

	EXCEPTION_OR_ERROR(Expected:UNSAFE)
		loop-acceleration/phases_false-unreach-call1.i
			ExpectedResult: UNSAFE UltimateResult: EXCEPTION_OR_ERROR   [de.uni_freiburg.informatik.ultimate.plugins.generator.codecheck: AssertionError: no branch was taken: de.uni_freiburg.informatik.ultimate.plugins.generator.rcfgbuilder.RCFGBacktranslator.addCodeBlock(RCFGBacktranslator.java:128)]
		loop-acceleration/phases_false-unreach-call2.i
			ExpectedResult: UNSAFE UltimateResult: EXCEPTION_OR_ERROR   [de.uni_freiburg.informatik.ultimate.plugins.generator.rcfgbuilder: SMTLIBException: line 97 column 335: logic does not support nonlinear arithmetic: de.uni_freiburg.informatik.ultimate.smtsolver.external.Parser$Action$.CUP$do_action(Parser.java:1338)]
	Total: 2

	EXCEPTION_OR_ERROR(Expected:SAFE)
		loop-new/gauss_sum_true-unreach-call.i
			ExpectedResult: SAFE UltimateResult: EXCEPTION_OR_ERROR   [de.uni_freiburg.informatik.ultimate.plugins.generator.codecheck: SMTLIBException: line 275 column 154: logic does not support nonlinear arithmetic: de.uni_freiburg.informatik.ultimate.smtsolver.external.Parser$Action$.CUP$do_action(Parser.java:1338)]
		loop-acceleration/phases_true-unreach-call1.i
			ExpectedResult: SAFE UltimateResult: EXCEPTION_OR_ERROR   [de.uni_freiburg.informatik.ultimate.plugins.generator.codecheck: AssertionError: no branch was taken: de.uni_freiburg.informatik.ultimate.plugins.generator.rcfgbuilder.RCFGBacktranslator.addCodeBlock(RCFGBacktranslator.java:128)]
	Total: 2

	SAFE(Expected:UNSAFE)
		loop-invgen/NetBSD_loop_false-unreach-call.i
			ExpectedResult: UNSAFE UltimateResult: SAFE   [ShortDescription: All specifications hold LongDescription: 1 specifications checked. All of them hold]
	Total: 1


===== UNKNOWN =====
	TIMEOUT(Expected:UNSAFE)
		loop-invgen/SpamAssassin-loop_false-unreach-call.i
			ExpectedResult: UNSAFE UltimateResult: TIMEOUT   [ShortDescription: Timeout LongDescription: Unable to prove that call of __VERIFIER_error() unreachable (line 5)]
	Total: 1

	TIMEOUT(Expected:SAFE)
		loop-invgen/nested6_true-unreach-call.i
			ExpectedResult: SAFE UltimateResult: TIMEOUT   [ShortDescription: Timeout LongDescription: Unable to prove that call of __VERIFIER_error() unreachable (line 5)]
		loop-new/nested_true-unreach-call.i
			ExpectedResult: SAFE UltimateResult: TIMEOUT   [ShortDescription: Timeout LongDescription: Timout or Toolchain cancelled by user]
		loops/sum01_true-unreach-call_true-termination.i
			ExpectedResult: SAFE UltimateResult: TIMEOUT   [ShortDescription: Timeout LongDescription: Timout or Toolchain cancelled by user]
		loop-lit/gj2007_true-unreach-call.c.i
			ExpectedResult: SAFE UltimateResult: TIMEOUT   [ShortDescription: Timeout LongDescription: Timout or Toolchain cancelled by user]
		loop-new/count_by_1_true-unreach-call.i
			ExpectedResult: SAFE UltimateResult: TIMEOUT   [ShortDescription: Timeout LongDescription: Unable to prove that call of __VERIFIER_error() unreachable (line 5)]
		loop-invgen/id_build_true-unreach-call.i
			ExpectedResult: SAFE UltimateResult: TIMEOUT   [ShortDescription: Timeout LongDescription: Unable to prove that call of __VERIFIER_error() unreachable (line 5)]
		loop-acceleration/simple_true-unreach-call1.i
			ExpectedResult: SAFE UltimateResult: TIMEOUT   [ShortDescription: Timeout LongDescription: Timout or Toolchain cancelled by user]
		loop-invgen/fragtest_simple_true-unreach-call.i
			ExpectedResult: SAFE UltimateResult: TIMEOUT   [ShortDescription: Timeout LongDescription: Unable to prove that call of __VERIFIER_error() unreachable (line 5)]
		loop-lit/cggmp2005b_true-unreach-call.c.i
			ExpectedResult: SAFE UltimateResult: TIMEOUT   [ShortDescription: Timeout LongDescription: Timout or Toolchain cancelled by user]
		loop-acceleration/array_true-unreach-call2.i
			ExpectedResult: SAFE UltimateResult: TIMEOUT   [ShortDescription: Timeout LongDescription: Timout or Toolchain cancelled by user]
	Total: 10


===== SUCCESS =====
	SAFE(Expected:SAFE)
		loops/string_true-unreach-call.i
			ExpectedResult: SAFE UltimateResult: SAFE   [ShortDescription: All specifications hold LongDescription: 1 specifications checked. All of them hold]
		loop-lit/gj2007b_true-unreach-call.c.i
			ExpectedResult: SAFE UltimateResult: SAFE   [ShortDescription: All specifications hold LongDescription: 1 specifications checked. All of them hold]
		loops/for_infinite_loop_2_true-unreach-call_false-termination.i
			ExpectedResult: SAFE UltimateResult: SAFE   [ShortDescription: All specifications hold LongDescription: 1 specifications checked. All of them hold]
	Total: 3

	UNSAFE(Expected:UNSAFE)
		loop-invgen/id_trans_false-unreach-call.i
			ExpectedResult: UNSAFE UltimateResult: UNSAFE   a call of __VERIFIER_error() is reachable 
		loops/count_up_down_false-unreach-call_true-termination.i
			ExpectedResult: UNSAFE UltimateResult: UNSAFE   a call of __VERIFIER_error() is reachable 
		loop-acceleration/diamond_false-unreach-call2.i
			ExpectedResult: UNSAFE UltimateResult: UNSAFE   a call of __VERIFIER_error() is reachable 
		loops/nec11_false-unreach-call.i
			ExpectedResult: UNSAFE UltimateResult: UNSAFE   a call of __VERIFIER_error() is reachable 
	Total: 4


===== TOTAL =====
FAIL: 6
UNKNOWN: 11
SUCCESS: 7
All: 24

################# CodeCheckWithBE-C.xml svComp-32bit-precise-BE-Impulse.epf Arrays #################
===== FAIL =====
	EXCEPTION_OR_ERROR(Expected:UNSAFE)
		array-examples/data_structures_set_multi_proc_false-unreach-call_ground.i
			ExpectedResult: UNSAFE UltimateResult: EXCEPTION_OR_ERROR   [de.uni_freiburg.informatik.ultimate.boogie.preprocessor: StackOverflowError: null: de.uni_freiburg.informatik.ultimate.boogie.preprocessor.TypeChecker.findVariable(TypeChecker.java:141)]
	Total: 1

	EXCEPTION_OR_ERROR(Expected:SAFE)
		array-examples/sanfoundry_43_true-unreach-call_ground.i
			ExpectedResult: SAFE UltimateResult: EXCEPTION_OR_ERROR   [de.uni_freiburg.informatik.ultimate.boogie.preprocessor: StackOverflowError: null: java.util.Vector$ListItr.<init>(Vector.java:1165)]
		array-examples/data_structures_set_multi_proc_trivial_true-unreach-call_ground.i
			ExpectedResult: SAFE UltimateResult: EXCEPTION_OR_ERROR   [de.uni_freiburg.informatik.ultimate.boogie.preprocessor: StackOverflowError: null: java.util.Vector$ListItr.<init>(Vector.java:1165)]
	Total: 2


===== UNKNOWN =====
	TIMEOUT(Expected:UNSAFE)
		array-examples/standard_copy3_false-unreach-call_ground.i
			ExpectedResult: UNSAFE UltimateResult: TIMEOUT   [ShortDescription: Timeout LongDescription: Timout or Toolchain cancelled by user]
		array-examples/standard_partition_false-unreach-call_ground.i
			ExpectedResult: UNSAFE UltimateResult: TIMEOUT   [ShortDescription: Timeout LongDescription: Timout or Toolchain cancelled by user]
		array-examples/standard_init5_false-unreach-call_ground.i
			ExpectedResult: UNSAFE UltimateResult: TIMEOUT   [ShortDescription: Timeout LongDescription: Timout or Toolchain cancelled by user]
		array-examples/standard_copy2_false-unreach-call_ground.i
			ExpectedResult: UNSAFE UltimateResult: TIMEOUT   [ShortDescription: Timeout LongDescription: Timout or Toolchain cancelled by user]
		array-examples/standard_copy5_false-unreach-call_ground.i
			ExpectedResult: UNSAFE UltimateResult: TIMEOUT   [ShortDescription: Timeout LongDescription: Timout or Toolchain cancelled by user]
		array-examples/standard_allDiff2_false-unreach-call_ground.i
			ExpectedResult: UNSAFE UltimateResult: TIMEOUT   [ShortDescription: Timeout LongDescription: Timout or Toolchain cancelled by user]
		array-examples/sorting_bubblesort_false-unreach-call_ground.i
			ExpectedResult: UNSAFE UltimateResult: TIMEOUT   [ShortDescription: Timeout LongDescription: Timout or Toolchain cancelled by user]
		array-examples/standard_copy7_false-unreach-call_ground.i
			ExpectedResult: UNSAFE UltimateResult: TIMEOUT   [ShortDescription: Timeout LongDescription: Timout or Toolchain cancelled by user]
		array-examples/standard_init1_false-unreach-call_ground.i
			ExpectedResult: UNSAFE UltimateResult: TIMEOUT   [ShortDescription: Timeout LongDescription: Timout or Toolchain cancelled by user]
		array-examples/standard_init6_false-unreach-call_ground.i
			ExpectedResult: UNSAFE UltimateResult: TIMEOUT   [ShortDescription: Timeout LongDescription: Unable to prove that call of __VERIFIER_error() unreachable (line 2)]
		array-examples/sorting_selectionsort_false-unreach-call2_ground.i
			ExpectedResult: UNSAFE UltimateResult: TIMEOUT   [ShortDescription: Timeout LongDescription: Timout or Toolchain cancelled by user]
	Total: 11

	TIMEOUT(Expected:SAFE)
		array-examples/standard_init6_true-unreach-call_ground.i
			ExpectedResult: SAFE UltimateResult: TIMEOUT   [ShortDescription: Timeout LongDescription: Timout or Toolchain cancelled by user]
		array-examples/sanfoundry_02_true-unreach-call_ground.i
			ExpectedResult: SAFE UltimateResult: TIMEOUT   [ShortDescription: Timeout LongDescription: Timout or Toolchain cancelled by user]
		array-examples/standard_palindrome_true-unreach-call_ground.i
			ExpectedResult: SAFE UltimateResult: TIMEOUT   [ShortDescription: Timeout LongDescription: Timout or Toolchain cancelled by user]
		array-examples/standard_two_index_05_true-unreach-call.i
			ExpectedResult: SAFE UltimateResult: TIMEOUT   [ShortDescription: Timeout LongDescription: Timout or Toolchain cancelled by user]
		array-examples/standard_copy8_true-unreach-call_ground.i
			ExpectedResult: SAFE UltimateResult: TIMEOUT   [ShortDescription: Timeout LongDescription: Timout or Toolchain cancelled by user]
		array-examples/standard_copyInitSum2_true-unreach-call_ground.i
			ExpectedResult: SAFE UltimateResult: TIMEOUT   [ShortDescription: Timeout LongDescription: Timout or Toolchain cancelled by user]
		array-examples/sanfoundry_27_true-unreach-call_ground.i
			ExpectedResult: SAFE UltimateResult: TIMEOUT   [ShortDescription: Timeout LongDescription: Timout or Toolchain cancelled by user]
		array-examples/standard_copy2_true-unreach-call_ground.i
			ExpectedResult: SAFE UltimateResult: TIMEOUT   [ShortDescription: Timeout LongDescription: Timout or Toolchain cancelled by user]
		array-examples/standard_two_index_06_true-unreach-call.i
			ExpectedResult: SAFE UltimateResult: TIMEOUT   [ShortDescription: Timeout LongDescription: Timout or Toolchain cancelled by user]
		array-examples/standard_partition_original_true-unreach-call_ground.i
			ExpectedResult: SAFE UltimateResult: TIMEOUT   [ShortDescription: Timeout LongDescription: Timout or Toolchain cancelled by user]
	Total: 10


===== TOTAL =====
FAIL: 3
UNKNOWN: 21
SUCCESS: 0
All: 24

################# CodeCheckWithBE-C.xml svComp-32bit-precise-BE-Impulse.epf Sequentialized #################
===== FAIL =====
	EXCEPTION_OR_ERROR(Expected:UNSAFE)
		seq-pthread/cs_lazy_false-unreach-call.i
			ExpectedResult: UNSAFE UltimateResult: EXCEPTION_OR_ERROR   [de.uni_freiburg.informatik.ultimate.plugins.generator.codecheck: ClassCastException: null]
		seq-pthread/cs_read_write_lock_false-unreach-call.i
			ExpectedResult: UNSAFE UltimateResult: EXCEPTION_OR_ERROR   [de.uni_freiburg.informatik.ultimate.plugins.generator.codecheck: ClassCastException: null]
		seq-pthread/cs_fib_longer_false-unreach-call.i
			ExpectedResult: UNSAFE UltimateResult: EXCEPTION_OR_ERROR   [de.uni_freiburg.informatik.ultimate.plugins.generator.rcfgbuilder: OutOfMemoryError: Java heap space: java.util.Arrays.copyOf(Arrays.java:2367)]
		seq-pthread/cs_stateful_false-unreach-call.i
			ExpectedResult: UNSAFE UltimateResult: EXCEPTION_OR_ERROR   [de.uni_freiburg.informatik.ultimate.plugins.generator.codecheck: ClassCastException: null]
	Total: 4

	EXCEPTION_OR_ERROR(Expected:SAFE)
		seq-pthread/cs_lamport_true-unreach-call.i
			ExpectedResult: SAFE UltimateResult: EXCEPTION_OR_ERROR   [de.uni_freiburg.informatik.ultimate.plugins.generator.codecheck: ClassCastException: null]
		seq-pthread/cs_dekker_true-unreach-call.i
			ExpectedResult: SAFE UltimateResult: EXCEPTION_OR_ERROR   [de.uni_freiburg.informatik.ultimate.plugins.generator.codecheck: ClassCastException: null]
		seq-pthread/cs_queue_true-unreach-call.i
			ExpectedResult: SAFE UltimateResult: EXCEPTION_OR_ERROR   [de.uni_freiburg.informatik.ultimate.plugins.generator.rcfgbuilder: OutOfMemoryError: Java heap space: java.util.Arrays.copyOf(Arrays.java:2367)]
		seq-pthread/cs_szymanski_true-unreach-call.i
			ExpectedResult: SAFE UltimateResult: EXCEPTION_OR_ERROR   [de.uni_freiburg.informatik.ultimate.plugins.generator.codecheck: ClassCastException: null]
	Total: 4

	SYNTAX_ERROR(Expected:UNSAFE)
		seq-mthreaded/rekcba_nxt_false-unreach-call.2.M4.c
			ExpectedResult: UNSAFE UltimateResult: SYNTAX_ERROR   [ShortDescription: Type Error LongDescription: Type check failed for BinaryExpression[ARITHMUL,RealLiteral[0.01745329238],IdentifierExpression[~args_theta_m_l,<LOCAL,balance_control>]], ShortDescription: Type Error LongDescription: Type check failed for BinaryExpression[ARITHMUL,BinaryExpression[ARITHMINUS,IdentifierExpression[~args_gyro,<LOCAL,balance_control>],IdentifierExpression[~args_gyro_offset,<LOCAL,balance_control>]],RealLiteral[0.01745329238]], ShortDescription: Type Error LongDescription: Type check failed for BinaryExpression[ARITHDIV,BinaryExpression[ARITHMINUS,IdentifierExpression[~tmp_theta_lpf~16,<LOCAL,balance_control>],IdentifierExpression[~ud_theta_lpf~13,GLOBAL]],RealLiteral[0.00400000019]], ShortDescription: Type Error LongDescription: Type check failed (index 0): FunctionApplication[#to_int,[BinaryExpression[ARITHPLUS,BinaryExpression[ARITHMUL,RealLiteral[0.00400000019],IdentifierExpression[~tmp_thetadot_cmd_lpf~16,<LOCAL,balance_control>]],IdentifierExpression[~ud_theta_ref~13,GLOBAL]]]], ShortDescription: Type Error LongDescription: Type check failed for BinaryExpression[ARITHMUL,RealLiteral[0.00400000019],IdentifierExpression[~tmp_psidot~16,<LOCAL,balance_control>]], ShortDescription: Type Error LongDescription: Type check failed for BinaryExpression[ARITHMINUS,RealLiteral[1.0],IdentifierExpression[~A_R~13,GLOBAL]], ShortDescription: Type Error LongDescription: Type check failed for BinaryExpression[ARITHDIV,IdentifierExpression[~args_cmd_turn,<LOCAL,balance_control>],RealLiteral[100.0]], ShortDescription: Type Error LongDescription: Type check failed for BinaryExpression[ARITHMUL,BinaryExpression[ARITHMINUS,IdentifierExpression[~ud_theta_ref~13,GLOBAL],IdentifierExpression[~tmp_theta~16,<LOCAL,balance_control>]],RealLiteral[0.00400000019]], ShortDescription: Type Error LongDescription: Type check failed for BinaryExpression[ARITHMUL,BinaryExpression[ARITHPLUS,BinaryExpression[ARITHPLUS,BinaryExpression[ARITHMUL,RealLiteral[0.01745329238],IdentifierExpression[~args_theta_m_l,<LOCAL,balance_control>]],IdentifierExpression[~ud_psi~13,GLOBAL]],BinaryExpression[ARITHPLUS,BinaryExpression[ARITHMUL,RealLiteral[0.01745329238],IdentifierExpression[~args_theta_m_r,<LOCAL,balance_control>]],IdentifierExpression[~ud_psi~13,GLOBAL]]],RealLiteral[0.5]], ShortDescription: Type Error LongDescription: Type check failed for BinaryExpression[ARITHMUL,RealLiteral[0.00400000019],IdentifierExpression[~tmp_thetadot_cmd_lpf~16,<LOCAL,balance_control>]], ShortDescription: Type Error LongDescription: Type check failed (index 0): FunctionApplication[#to_int,[BinaryExpression[ARITHPLUS,BinaryExpression[ARITHMUL,BinaryExpression[ARITHMINUS,RealLiteral[1.0],IdentifierExpression[~A_D~13,GLOBAL]],IdentifierExpression[~tmp_theta~16,<LOCAL,balance_control>]],BinaryExpression[ARITHMUL,IdentifierExpression[~A_D~13,GLOBAL],IdentifierExpression[~ud_theta_lpf~13,GLOBAL]]]]], ShortDescription: Type Error LongDescription: Type check failed for BinaryExpression[ARITHDIV,IdentifierExpression[~args_cmd_forward,<LOCAL,balance_control>],RealLiteral[100.0]], ShortDescription: Type Error LongDescription: Type check failed (index 0): FunctionApplication[#to_int,[BinaryExpression[ARITHPLUS,BinaryExpression[ARITHMUL,RealLiteral[0.00400000019],IdentifierExpression[~tmp_psidot~16,<LOCAL,balance_control>]],IdentifierExpression[~ud_psi~13,GLOBAL]]]], ShortDescription: Type Error LongDescription: Type check failed for BinaryExpression[ARITHMUL,RealLiteral[0.01745329238],IdentifierExpression[~args_theta_m_r,<LOCAL,balance_control>]], ShortDescription: Type Error LongDescription: Type check failed for BinaryExpression[ARITHMUL,BinaryExpression[ARITHDIV,BinaryExpression[ARITHMOD,BinaryExpression[ARITHPLUS,BinaryExpression[ARITHMUL,IdentifierExpression[~K_I~13,GLOBAL],IdentifierExpression[~ud_err_theta~13,GLOBAL]],IdentifierExpression[~tmp_pwm_r_limiter~16,<LOCAL,balance_control>]],IntegerLiteral[4294967296]],BinaryExpression[ARITHMOD,BinaryExpression[ARITHMINUS,BinaryExpression[ARITHMUL,IdentifierExpression[~BATTERY_GAIN~13,GLOBAL],IdentifierExpression[~args_battery,<LOCAL,balance_control>]],IdentifierExpression[~BATTERY_OFFSET~13,GLOBAL]],IntegerLiteral[4294967296]]],RealLiteral[100.0]], ShortDescription: Type Error LongDescription: Type check failed for BinaryExpression[ARITHMINUS,RealLiteral[1.0],IdentifierExpression[~A_D~13,GLOBAL]]]
		seq-mthreaded/rekcba_aso_false-unreach-call.3.M1.c
			ExpectedResult: UNSAFE UltimateResult: SYNTAX_ERROR   [ShortDescription: Type Error LongDescription: Type check failed for BinaryExpression[ARITHDIV,IdentifierExpression[~args_cmd_turn,<LOCAL,balance_control>],RealLiteral[100.0]], ShortDescription: Type Error LongDescription: Type check failed for BinaryExpression[ARITHMUL,RealLiteral[0.01745329238],IdentifierExpression[~args_theta_m_l,<LOCAL,balance_control>]], ShortDescription: Type Error LongDescription: Type check failed for BinaryExpression[ARITHMUL,BinaryExpression[ARITHPLUS,BinaryExpression[ARITHPLUS,BinaryExpression[ARITHMUL,RealLiteral[0.01745329238],IdentifierExpression[~args_theta_m_l,<LOCAL,balance_control>]],IdentifierExpression[~ud_psi~18,GLOBAL]],BinaryExpression[ARITHPLUS,BinaryExpression[ARITHMUL,RealLiteral[0.01745329238],IdentifierExpression[~args_theta_m_r,<LOCAL,balance_control>]],IdentifierExpression[~ud_psi~18,GLOBAL]]],RealLiteral[0.5]], ShortDescription: Type Error LongDescription: Type check failed for BinaryExpression[ARITHMUL,RealLiteral[0.00400000019],IdentifierExpression[~tmp_psidot~21,<LOCAL,balance_control>]], ShortDescription: Type Error LongDescription: Type check failed for BinaryExpression[ARITHMUL,BinaryExpression[ARITHDIV,BinaryExpression[ARITHMOD,BinaryExpression[ARITHPLUS,BinaryExpression[ARITHMUL,IdentifierExpression[~K_I~18,GLOBAL],IdentifierExpression[~ud_err_theta~18,GLOBAL]],IdentifierExpression[~tmp_pwm_r_limiter~21,<LOCAL,balance_control>]],IntegerLiteral[4294967296]],BinaryExpression[ARITHMOD,BinaryExpression[ARITHMINUS,BinaryExpression[ARITHMUL,IdentifierExpression[~BATTERY_GAIN~18,GLOBAL],IdentifierExpression[~args_battery,<LOCAL,balance_control>]],IdentifierExpression[~BATTERY_OFFSET~18,GLOBAL]],IntegerLiteral[4294967296]]],RealLiteral[100.0]], ShortDescription: Type Error LongDescription: Type check failed for BinaryExpression[ARITHMUL,BinaryExpression[ARITHMINUS,IdentifierExpression[~args_gyro,<LOCAL,balance_control>],IdentifierExpression[~args_gyro_offset,<LOCAL,balance_control>]],RealLiteral[0.01745329238]], ShortDescription: Type Error LongDescription: Type check failed for BinaryExpression[ARITHMUL,BinaryExpression[ARITHMINUS,IdentifierExpression[~ud_theta_ref~18,GLOBAL],IdentifierExpression[~tmp_theta~21,<LOCAL,balance_control>]],RealLiteral[0.00400000019]], ShortDescription: Type Error LongDescription: Type check failed (index 0): FunctionApplication[#to_int,[BinaryExpression[ARITHPLUS,BinaryExpression[ARITHMUL,RealLiteral[0.00400000019],IdentifierExpression[~tmp_psidot~21,<LOCAL,balance_control>]],IdentifierExpression[~ud_psi~18,GLOBAL]]]], ShortDescription: Type Error LongDescription: Type check failed (index 0): FunctionApplication[#to_int,[BinaryExpression[ARITHPLUS,BinaryExpression[ARITHMUL,BinaryExpression[ARITHMINUS,RealLiteral[1.0],IdentifierExpression[~A_D~18,GLOBAL]],IdentifierExpression[~tmp_theta~21,<LOCAL,balance_control>]],BinaryExpression[ARITHMUL,IdentifierExpression[~A_D~18,GLOBAL],IdentifierExpression[~ud_theta_lpf~18,GLOBAL]]]]], ShortDescription: Type Error LongDescription: Type check failed for BinaryExpression[ARITHMUL,RealLiteral[0.00400000019],IdentifierExpression[~tmp_thetadot_cmd_lpf~21,<LOCAL,balance_control>]], ShortDescription: Type Error LongDescription: Type check failed for BinaryExpression[ARITHDIV,IdentifierExpression[~args_cmd_forward,<LOCAL,balance_control>],RealLiteral[100.0]], ShortDescription: Type Error LongDescription: Type check failed for BinaryExpression[ARITHMINUS,RealLiteral[1.0],IdentifierExpression[~A_R~18,GLOBAL]], ShortDescription: Type Error LongDescription: Type check failed for BinaryExpression[ARITHDIV,BinaryExpression[ARITHMINUS,IdentifierExpression[~tmp_theta_lpf~21,<LOCAL,balance_control>],IdentifierExpression[~ud_theta_lpf~18,GLOBAL]],RealLiteral[0.00400000019]], ShortDescription: Type Error LongDescription: Type check failed for BinaryExpression[ARITHMUL,RealLiteral[0.01745329238],IdentifierExpression[~args_theta_m_r,<LOCAL,balance_control>]], ShortDescription: Type Error LongDescription: Type check failed for BinaryExpression[ARITHMINUS,RealLiteral[1.0],IdentifierExpression[~A_D~18,GLOBAL]], ShortDescription: Type Error LongDescription: Type check failed (index 0): FunctionApplication[#to_int,[BinaryExpression[ARITHPLUS,BinaryExpression[ARITHMUL,RealLiteral[0.00400000019],IdentifierExpression[~tmp_thetadot_cmd_lpf~21,<LOCAL,balance_control>]],IdentifierExpression[~ud_theta_ref~18,GLOBAL]]]]]
	Total: 2

	SYNTAX_ERROR(Expected:SAFE)
		seq-mthreaded/rekh_aso_true-unreach-call.1.M4.c
			ExpectedResult: SAFE UltimateResult: SYNTAX_ERROR   [ShortDescription: Type Error LongDescription: Type check failed for BinaryExpression[ARITHMUL,BinaryExpression[ARITHDIV,BinaryExpression[ARITHMOD,BinaryExpression[ARITHPLUS,BinaryExpression[ARITHMUL,IdentifierExpression[~K_I~14,GLOBAL],IdentifierExpression[~ud_err_theta~14,GLOBAL]],IdentifierExpression[~tmp_pwm_r_limiter~17,<LOCAL,balance_control>]],IntegerLiteral[4294967296]],BinaryExpression[ARITHMOD,BinaryExpression[ARITHMINUS,BinaryExpression[ARITHMUL,IdentifierExpression[~BATTERY_GAIN~14,GLOBAL],IdentifierExpression[~args_battery,<LOCAL,balance_control>]],IdentifierExpression[~BATTERY_OFFSET~14,GLOBAL]],IntegerLiteral[4294967296]]],RealLiteral[100.0]], ShortDescription: Type Error LongDescription: Type check failed for BinaryExpression[ARITHDIV,IdentifierExpression[~args_cmd_forward,<LOCAL,balance_control>],RealLiteral[100.0]], ShortDescription: Type Error LongDescription: Type check failed (index 0): FunctionApplication[#to_int,[BinaryExpression[ARITHPLUS,BinaryExpression[ARITHMUL,RealLiteral[0.00400000019],IdentifierExpression[~tmp_psidot~17,<LOCAL,balance_control>]],IdentifierExpression[~ud_psi~14,GLOBAL]]]], ShortDescription: Type Error LongDescription: Type check failed (index 0): FunctionApplication[#to_int,[BinaryExpression[ARITHPLUS,BinaryExpression[ARITHMUL,RealLiteral[0.00400000019],IdentifierExpression[~tmp_thetadot_cmd_lpf~17,<LOCAL,balance_control>]],IdentifierExpression[~ud_theta_ref~14,GLOBAL]]]], ShortDescription: Type Error LongDescription: Type check failed for BinaryExpression[ARITHMUL,BinaryExpression[ARITHPLUS,BinaryExpression[ARITHPLUS,BinaryExpression[ARITHMUL,RealLiteral[0.01745329238],IdentifierExpression[~args_theta_m_l,<LOCAL,balance_control>]],IdentifierExpression[~ud_psi~14,GLOBAL]],BinaryExpression[ARITHPLUS,BinaryExpression[ARITHMUL,RealLiteral[0.01745329238],IdentifierExpression[~args_theta_m_r,<LOCAL,balance_control>]],IdentifierExpression[~ud_psi~14,GLOBAL]]],RealLiteral[0.5]], ShortDescription: Type Error LongDescription: Type check failed for BinaryExpression[ARITHMINUS,RealLiteral[1.0],IdentifierExpression[~A_D~14,GLOBAL]], ShortDescription: Type Error LongDescription: Type check failed for BinaryExpression[ARITHMUL,RealLiteral[0.00400000019],IdentifierExpression[~tmp_psidot~17,<LOCAL,balance_control>]], ShortDescription: Type Error LongDescription: Type check failed for BinaryExpression[ARITHDIV,IdentifierExpression[~args_cmd_turn,<LOCAL,balance_control>],RealLiteral[100.0]], ShortDescription: Type Error LongDescription: Type check failed (index 0): FunctionApplication[#to_int,[BinaryExpression[ARITHPLUS,BinaryExpression[ARITHMUL,BinaryExpression[ARITHMINUS,RealLiteral[1.0],IdentifierExpression[~A_D~14,GLOBAL]],IdentifierExpression[~tmp_theta~17,<LOCAL,balance_control>]],BinaryExpression[ARITHMUL,IdentifierExpression[~A_D~14,GLOBAL],IdentifierExpression[~ud_theta_lpf~14,GLOBAL]]]]], ShortDescription: Type Error LongDescription: Type check failed for BinaryExpression[ARITHDIV,BinaryExpression[ARITHMINUS,IdentifierExpression[~tmp_theta_lpf~17,<LOCAL,balance_control>],IdentifierExpression[~ud_theta_lpf~14,GLOBAL]],RealLiteral[0.00400000019]], ShortDescription: Type Error LongDescription: Type check failed for BinaryExpression[ARITHMINUS,RealLiteral[1.0],IdentifierExpression[~A_R~14,GLOBAL]], ShortDescription: Type Error LongDescription: Type check failed for BinaryExpression[ARITHMUL,BinaryExpression[ARITHMINUS,IdentifierExpression[~args_gyro,<LOCAL,balance_control>],IdentifierExpression[~args_gyro_offset,<LOCAL,balance_control>]],RealLiteral[0.01745329238]], ShortDescription: Type Error LongDescription: Type check failed for BinaryExpression[ARITHMUL,RealLiteral[0.01745329238],IdentifierExpression[~args_theta_m_l,<LOCAL,balance_control>]], ShortDescription: Type Error LongDescription: Type check failed for BinaryExpression[ARITHMUL,BinaryExpression[ARITHMINUS,IdentifierExpression[~ud_theta_ref~14,GLOBAL],IdentifierExpression[~tmp_theta~17,<LOCAL,balance_control>]],RealLiteral[0.00400000019]], ShortDescription: Type Error LongDescription: Type check failed for BinaryExpression[ARITHMUL,RealLiteral[0.01745329238],IdentifierExpression[~args_theta_m_r,<LOCAL,balance_control>]], ShortDescription: Type Error LongDescription: Type check failed for BinaryExpression[ARITHMUL,RealLiteral[0.00400000019],IdentifierExpression[~tmp_thetadot_cmd_lpf~17,<LOCAL,balance_control>]]]
		seq-mthreaded/rekh_nxt_true-unreach-call.3.M4.c
			ExpectedResult: SAFE UltimateResult: SYNTAX_ERROR   [ShortDescription: Type Error LongDescription: Type check failed for BinaryExpression[ARITHMUL,RealLiteral[0.00400000019],IdentifierExpression[~tmp_thetadot_cmd_lpf~16,<LOCAL,balance_control>]], ShortDescription: Type Error LongDescription: Type check failed for BinaryExpression[ARITHMINUS,RealLiteral[1.0],IdentifierExpression[~A_R~13,GLOBAL]], ShortDescription: Type Error LongDescription: Type check failed for BinaryExpression[ARITHMUL,RealLiteral[0.01745329238],IdentifierExpression[~args_theta_m_l,<LOCAL,balance_control>]], ShortDescription: Type Error LongDescription: Type check failed for BinaryExpression[ARITHMUL,BinaryExpression[ARITHDIV,BinaryExpression[ARITHMOD,BinaryExpression[ARITHPLUS,BinaryExpression[ARITHMUL,IdentifierExpression[~K_I~13,GLOBAL],IdentifierExpression[~ud_err_theta~13,GLOBAL]],IdentifierExpression[~tmp_pwm_r_limiter~16,<LOCAL,balance_control>]],IntegerLiteral[4294967296]],BinaryExpression[ARITHMOD,BinaryExpression[ARITHMINUS,BinaryExpression[ARITHMUL,IdentifierExpression[~BATTERY_GAIN~13,GLOBAL],IdentifierExpression[~args_battery,<LOCAL,balance_control>]],IdentifierExpression[~BATTERY_OFFSET~13,GLOBAL]],IntegerLiteral[4294967296]]],RealLiteral[100.0]], ShortDescription: Type Error LongDescription: Type check failed (index 0): FunctionApplication[#to_int,[BinaryExpression[ARITHPLUS,BinaryExpression[ARITHMUL,BinaryExpression[ARITHMINUS,RealLiteral[1.0],IdentifierExpression[~A_D~13,GLOBAL]],IdentifierExpression[~tmp_theta~16,<LOCAL,balance_control>]],BinaryExpression[ARITHMUL,IdentifierExpression[~A_D~13,GLOBAL],IdentifierExpression[~ud_theta_lpf~13,GLOBAL]]]]], ShortDescription: Type Error LongDescription: Type check failed for BinaryExpression[ARITHDIV,IdentifierExpression[~args_cmd_turn,<LOCAL,balance_control>],RealLiteral[100.0]], ShortDescription: Type Error LongDescription: Type check failed (index 0): FunctionApplication[#to_int,[BinaryExpression[ARITHPLUS,BinaryExpression[ARITHMUL,RealLiteral[0.00400000019],IdentifierExpression[~tmp_thetadot_cmd_lpf~16,<LOCAL,balance_control>]],IdentifierExpression[~ud_theta_ref~13,GLOBAL]]]], ShortDescription: Type Error LongDescription: Type check failed for BinaryExpression[ARITHMUL,RealLiteral[0.01745329238],IdentifierExpression[~args_theta_m_r,<LOCAL,balance_control>]], ShortDescription: Type Error LongDescription: Type check failed for BinaryExpression[ARITHMUL,BinaryExpression[ARITHMINUS,IdentifierExpression[~args_gyro,<LOCAL,balance_control>],IdentifierExpression[~args_gyro_offset,<LOCAL,balance_control>]],RealLiteral[0.01745329238]], ShortDescription: Type Error LongDescription: Type check failed for BinaryExpression[ARITHDIV,IdentifierExpression[~args_cmd_forward,<LOCAL,balance_control>],RealLiteral[100.0]], ShortDescription: Type Error LongDescription: Type check failed (index 0): FunctionApplication[#to_int,[BinaryExpression[ARITHPLUS,BinaryExpression[ARITHMUL,RealLiteral[0.00400000019],IdentifierExpression[~tmp_psidot~16,<LOCAL,balance_control>]],IdentifierExpression[~ud_psi~13,GLOBAL]]]], ShortDescription: Type Error LongDescription: Type check failed for BinaryExpression[ARITHMUL,RealLiteral[0.00400000019],IdentifierExpression[~tmp_psidot~16,<LOCAL,balance_control>]], ShortDescription: Type Error LongDescription: Type check failed for BinaryExpression[ARITHMINUS,RealLiteral[1.0],IdentifierExpression[~A_D~13,GLOBAL]], ShortDescription: Type Error LongDescription: Type check failed for BinaryExpression[ARITHMUL,BinaryExpression[ARITHPLUS,BinaryExpression[ARITHPLUS,BinaryExpression[ARITHMUL,RealLiteral[0.01745329238],IdentifierExpression[~args_theta_m_l,<LOCAL,balance_control>]],IdentifierExpression[~ud_psi~13,GLOBAL]],BinaryExpression[ARITHPLUS,BinaryExpression[ARITHMUL,RealLiteral[0.01745329238],IdentifierExpression[~args_theta_m_r,<LOCAL,balance_control>]],IdentifierExpression[~ud_psi~13,GLOBAL]]],RealLiteral[0.5]], ShortDescription: Type Error LongDescription: Type check failed for BinaryExpression[ARITHMUL,BinaryExpression[ARITHMINUS,IdentifierExpression[~ud_theta_ref~13,GLOBAL],IdentifierExpression[~tmp_theta~16,<LOCAL,balance_control>]],RealLiteral[0.00400000019]], ShortDescription: Type Error LongDescription: Type check failed for BinaryExpression[ARITHDIV,BinaryExpression[ARITHMINUS,IdentifierExpression[~tmp_theta_lpf~16,<LOCAL,balance_control>],IdentifierExpression[~ud_theta_lpf~13,GLOBAL]],RealLiteral[0.00400000019]]]
	Total: 2


===== UNKNOWN =====
	TIMEOUT(Expected:UNSAFE)
		seq-mthreaded/pals_lcr.8_false-unreach-call.1.ufo.UNBOUNDED.pals.c
			ExpectedResult: UNSAFE UltimateResult: TIMEOUT   [ShortDescription: Timeout LongDescription: Timout or Toolchain cancelled by user]
		systemc/token_ring.06_false-unreach-call_false-termination.cil.c
			ExpectedResult: UNSAFE UltimateResult: TIMEOUT   [ShortDescription: Timeout LongDescription: Unable to prove that call of __VERIFIER_error() unreachable (line 10)]
		seq-mthreaded/pals_lcr-var-start-time.5_false-unreach-call.2.ufo.UNBOUNDED.pals.c
			ExpectedResult: UNSAFE UltimateResult: TIMEOUT   [ShortDescription: Timeout LongDescription: Timout or Toolchain cancelled by user]
		systemc/token_ring.14_false-unreach-call_false-termination.cil.c
			ExpectedResult: UNSAFE UltimateResult: TIMEOUT   [ShortDescription: Timeout LongDescription: Unable to prove that call of __VERIFIER_error() unreachable (line 10)]
		systemc/token_ring.07_false-unreach-call_false-termination.cil.c
			ExpectedResult: UNSAFE UltimateResult: TIMEOUT   [ShortDescription: Timeout LongDescription: Unable to prove that call of __VERIFIER_error() unreachable (line 10)]
	Total: 5

	TIMEOUT(Expected:SAFE)
		systemc/toy_true-unreach-call_false-termination.cil.c
			ExpectedResult: SAFE UltimateResult: TIMEOUT   [ShortDescription: Timeout LongDescription: Unable to prove that call of __VERIFIER_error() unreachable (line 13)]
		systemc/token_ring.11_true-unreach-call_false-termination.cil.c
			ExpectedResult: SAFE UltimateResult: TIMEOUT   [ShortDescription: Timeout LongDescription: Unable to prove that call of __VERIFIER_error() unreachable (line 10)]
		systemc/kundu_true-unreach-call_false-termination.cil.c
			ExpectedResult: SAFE UltimateResult: TIMEOUT   [ShortDescription: Timeout LongDescription: Unable to prove that call of __VERIFIER_error() unreachable (line 9)]
		seq-mthreaded/pals_floodmax.3_true-unreach-call.ufo.UNBOUNDED.pals.c
			ExpectedResult: SAFE UltimateResult: TIMEOUT   [ShortDescription: Timeout LongDescription: Timout or Toolchain cancelled by user]
		seq-mthreaded/pals_lcr-var-start-time.6_true-unreach-call.ufo.UNBOUNDED.pals.c
			ExpectedResult: SAFE UltimateResult: TIMEOUT   [ShortDescription: Timeout LongDescription: Timout or Toolchain cancelled by user]
		systemc/token_ring.02_true-unreach-call_false-termination.cil.c
			ExpectedResult: SAFE UltimateResult: TIMEOUT   [ShortDescription: Timeout LongDescription: Unable to prove that call of __VERIFIER_error() unreachable (line 10)]
	Total: 6


===== SUCCESS =====
	UNSAFE(Expected:UNSAFE)
		systemc/transmitter.16_false-unreach-call_false-termination.cil.c
			ExpectedResult: UNSAFE UltimateResult: UNSAFE   a call of __VERIFIER_error() is reachable 
	Total: 1


===== TOTAL =====
FAIL: 12
UNKNOWN: 11
SUCCESS: 1
All: 24

################# CodeCheckWithBE-C.xml svComp-32bit-precise-BE-Impulse.epf BitVectors #################
===== FAIL =====
	EXCEPTION_OR_ERROR(Expected:UNSAFE)
		bitvector/s3_clnt_1_false-unreach-call.BV.c.cil.c
			ExpectedResult: UNSAFE UltimateResult: EXCEPTION_OR_ERROR   [de.uni_freiburg.informatik.ultimate.plugins.generator.rcfgbuilder: SMTLIBException: line 1009 column 581: logic does not support nonlinear arithmetic: de.uni_freiburg.informatik.ultimate.smtsolver.external.Parser$Action$.CUP$do_action(Parser.java:1338)]
	Total: 1

	UNSAFE(Expected:SAFE)
		bitvector/num_conversion_2_true-unreach-call.i
			ExpectedResult: SAFE UltimateResult: UNSAFE   a call of __VERIFIER_error() is reachable 
		bitvector/soft_float_4_true-unreach-call.c.cil.c
			ExpectedResult: SAFE UltimateResult: UNSAFE   a call of __VERIFIER_error() is reachable 
		bitvector-regression/signextension_true-unreach-call.i
			ExpectedResult: SAFE UltimateResult: UNSAFE   a call of __VERIFIER_error() is reachable 
		bitvector-regression/integerpromotion_true-unreach-call.i
			ExpectedResult: SAFE UltimateResult: UNSAFE   a call of __VERIFIER_error() is reachable 
		bitvector/soft_float_1_true-unreach-call.c.cil.c
			ExpectedResult: SAFE UltimateResult: UNSAFE   a call of __VERIFIER_error() is reachable 
	Total: 5

	SAFE(Expected:UNSAFE)
		bitvector-regression/pointer_extension2_false-unreach-call.i
			ExpectedResult: UNSAFE UltimateResult: SAFE   [ShortDescription: All specifications hold LongDescription: 1 specifications checked. All of them hold]
	Total: 1


===== UNKNOWN =====
	TIMEOUT(Expected:UNSAFE)
		bitvector/s3_clnt_2_false-unreach-call.BV.c.cil.c
			ExpectedResult: UNSAFE UltimateResult: TIMEOUT   [ShortDescription: Timeout LongDescription: Unable to prove that call of __VERIFIER_error() unreachable (line 606)]
	Total: 1

	TIMEOUT(Expected:SAFE)
		bitvector/jain_6_true-unreach-call.i
			ExpectedResult: SAFE UltimateResult: TIMEOUT   [ShortDescription: Timeout LongDescription: Timout or Toolchain cancelled by user]
		bitvector/s3_srvr_2_true-unreach-call.BV.c.cil.c
			ExpectedResult: SAFE UltimateResult: TIMEOUT   [ShortDescription: Timeout LongDescription: Unable to prove that call of __VERIFIER_error() unreachable (line 669)]
		bitvector/s3_srvr_1_true-unreach-call.BV.c.cil.c
			ExpectedResult: SAFE UltimateResult: TIMEOUT   [ShortDescription: Timeout LongDescription: Timout or Toolchain cancelled by user]
	Total: 3


===== SUCCESS =====
	SAFE(Expected:SAFE)
		bitvector/jain_1_true-unreach-call.i
			ExpectedResult: SAFE UltimateResult: SAFE   [ShortDescription: All specifications hold LongDescription: 1 specifications checked. All of them hold]
		bitvector-regression/signextension2_true-unreach-call.i
			ExpectedResult: SAFE UltimateResult: SAFE   [ShortDescription: All specifications hold LongDescription: 1 specifications checked. All of them hold]
		bitvector/jain_5_true-unreach-call.i
			ExpectedResult: SAFE UltimateResult: SAFE   [ShortDescription: All specifications hold LongDescription: 1 specifications checked. All of them hold]
		bitvector-regression/implicitunsignedconversion_true-unreach-call.i
			ExpectedResult: SAFE UltimateResult: SAFE   [ShortDescription: All specifications hold LongDescription: 1 specifications checked. All of them hold]
	Total: 4

	UNSAFE(Expected:UNSAFE)
		bitvector-regression/pointer_extension3_false-unreach-call.i
			ExpectedResult: UNSAFE UltimateResult: UNSAFE   a call of __VERIFIER_error() is reachable 
		bitvector/s3_clnt_3_false-unreach-call.BV.c.cil.c
			ExpectedResult: UNSAFE UltimateResult: UNSAFE   a call of __VERIFIER_error() is reachable 
		bitvector/byte_add_false-unreach-call.i
			ExpectedResult: UNSAFE UltimateResult: UNSAFE   a call of __VERIFIER_error() is reachable 
		bitvector-regression/pointer_extension_false-unreach-call.i
			ExpectedResult: UNSAFE UltimateResult: UNSAFE   a call of __VERIFIER_error() is reachable 
		bitvector-regression/signextension2_false-unreach-call.i
			ExpectedResult: UNSAFE UltimateResult: UNSAFE   a call of __VERIFIER_error() is reachable 
	Total: 5


===== TOTAL =====
FAIL: 7
UNKNOWN: 4
SUCCESS: 9
All: 20

################# CodeCheckWithBE-C.xml svComp-64bit-precise-BE-Impulse.epf DeviceDrivers64 #################
===== FAIL =====
	UNSUPPORTED_SYNTAX(Expected:UNSAFE)
		ldv-linux-3.16-rc1/205_9a_array_unsafes_linux-3.16-rc1.tar.xz-205_9a-drivers--net--wireless--hostap--hostap_plx.ko-entry_point_false-unreach-call.cil.out.c
			ExpectedResult: UNSAFE UltimateResult: UNSUPPORTED_SYNTAX   [ShortDescription: Unsupported Syntax LongDescription: bitfields are not supported at the moment]
		ldv-validator-v0.6/linux-stable-d47b389-1-32_7a-drivers--media--video--cx88--cx88-blackbird.ko-entry_point_false-unreach-call.cil.out.c
			ExpectedResult: UNSAFE UltimateResult: UNSUPPORTED_SYNTAX   [ShortDescription: Unsupported Syntax LongDescription: bitfields are not supported at the moment]
		ldv-linux-3.4-simple/43_1a_cilled_false-unreach-call_ok_linux-43_1a-drivers--scsi--megaraid--megaraid_mm.ko-ldv_main0_sequence_infinite_withcheck_stateful.cil.out.c
			ExpectedResult: UNSAFE UltimateResult: UNSUPPORTED_SYNTAX   [ShortDescription: Unsupported Syntax LongDescription: bitfields are not supported at the moment]
		ldv-linux-3.12-rc1/linux-3.12-rc1.tar.xz-144_2a-drivers--staging--media--go7007--go7007-loader.ko-entry_point_false-unreach-call.cil.out.c
			ExpectedResult: UNSAFE UltimateResult: UNSUPPORTED_SYNTAX   [ShortDescription: Unsupported Syntax LongDescription: bitfields are not supported at the moment]
		ldv-linux-3.7.3/main17_false-unreach-call_drivers-gpu-drm-vmwgfx-vmwgfx-ko--32_7a--linux-3.5.c
			ExpectedResult: UNSAFE UltimateResult: UNSUPPORTED_SYNTAX   [ShortDescription: Unsupported Syntax LongDescription: bitfields are not supported at the moment]
		ldv-linux-3.0/usb_urb-drivers-input-misc-keyspan_remote.ko_false-unreach-call.cil.out.i.pp.i
			ExpectedResult: UNSAFE UltimateResult: UNSUPPORTED_SYNTAX   [ShortDescription: Unsupported Syntax LongDescription: bitfields are not supported at the moment]
		ldv-consumption/linux-3.8-rc1-32_7a-drivers--pcmcia--pcmcia.ko-ldv_main0_false-unreach-call.cil.out.c
			ExpectedResult: UNSAFE UltimateResult: UNSUPPORTED_SYNTAX   [ShortDescription: Unsupported Syntax LongDescription: bitfields are not supported at the moment]
		ldv-commit-tester/m0_false-unreach-call_drivers-staging-comedi-drivers-ni_670x-ko--107_1a--adbbc36-1.c
			ExpectedResult: UNSAFE UltimateResult: UNSUPPORTED_SYNTAX   [ShortDescription: Unsupported Syntax LongDescription: bitfields are not supported at the moment]
	Total: 8

	EXCEPTION_OR_ERROR(Expected:SAFE)
		ldv-linux-3.4-simple/43_1a_cilled_true-unreach-call_ok_nondet_linux-43_1a-drivers--media--rc--keymaps--rc-trekstor.ko-ldv_main0_sequence_infinite_withcheck_stateful.cil.out.c
			ExpectedResult: SAFE UltimateResult: EXCEPTION_OR_ERROR   [de.uni_freiburg.informatik.ultimate.plugins.generator.blockencoding: OutOfMemoryError: Java heap space: java.util.Arrays.copyOf(Arrays.java:2367)]
	Total: 1

	UNSUPPORTED_SYNTAX(Expected:SAFE)
		ldv-consumption/32_7a_cilled_true-unreach-call_linux-3.8-rc1-drivers--media--usb--em28xx--em28xx.ko-main.cil.out.c
			ExpectedResult: SAFE UltimateResult: UNSUPPORTED_SYNTAX   [ShortDescription: Unsupported Syntax LongDescription: bitfields are not supported at the moment]
		ldv-linux-3.12-rc1/linux-3.12-rc1.tar.xz-144_2a-drivers--net--usb--cdc_mbim.ko-entry_point_true-unreach-call.cil.out.c
			ExpectedResult: SAFE UltimateResult: UNSUPPORTED_SYNTAX   [ShortDescription: Unsupported Syntax LongDescription: bitfields are not supported at the moment]
		ldv-commit-tester/main7_true-unreach-call_sound-oss-sound-ko--32_7a--c4cb1dd.c
			ExpectedResult: SAFE UltimateResult: UNSUPPORTED_SYNTAX   [ShortDescription: Unsupported Syntax LongDescription: bitfields are not supported at the moment]
		ldv-linux-3.7.3/linux-3.10-rc1-43_1a-bitvector-drivers--atm--he.ko-ldv_main0_true-unreach-call.cil.out.c
			ExpectedResult: SAFE UltimateResult: UNSUPPORTED_SYNTAX   [ShortDescription: Unsupported Syntax LongDescription: bitfields are not supported at the moment]
		ldv-linux-3.16-rc1/43_2a_consumption_linux-3.16-rc1.tar.xz-43_2a-drivers--isdn--mISDN--mISDN_dsp.ko-entry_point_true-unreach-call.cil.out.c
			ExpectedResult: SAFE UltimateResult: UNSUPPORTED_SYNTAX   [ShortDescription: Unsupported Syntax LongDescription: bitfields are not supported at the moment]
		ldv-linux-3.0/usb_urb-drivers-media-video-c-qcam.ko_true-unreach-call.cil.out.i.pp.i
			ExpectedResult: SAFE UltimateResult: UNSUPPORTED_SYNTAX   [ShortDescription: Unsupported Syntax LongDescription: bitfields are not supported at the moment]
	Total: 6


===== TOTAL =====
FAIL: 15
UNKNOWN: 0
SUCCESS: 0
All: 15

################# CodeCheckWithBE-C.xml svComp-32bit-memsafety-BE-Impulse.epf.epf MemorySafety #################
===== FAIL =====
	SAFE(Expected:UNSAFE_DEREF)
		memory-alloca/cstrcpy_unsafe_false-valid-deref.i
			ExpectedResult: UNSAFE_DEREF UltimateResult: SAFE   [ShortDescription: All specifications hold LongDescription: We were not able to verify any specifiation because the program does not contain any specification.]
		list-ext-properties/960521-1_1_false-valid-deref.i
			ExpectedResult: UNSAFE_DEREF UltimateResult: SAFE   [ShortDescription: All specifications hold LongDescription: We were not able to verify any specifiation because the program does not contain any specification.]
		memsafety/960521-1_false-valid-deref.i
			ExpectedResult: UNSAFE_DEREF UltimateResult: SAFE   [ShortDescription: All specifications hold LongDescription: We were not able to verify any specifiation because the program does not contain any specification.]
	Total: 3

	SAFE(Expected:UNSAFE_MEMTRACK)
		list-ext-properties/test-0232_1_false-valid-memtrack.i
			ExpectedResult: UNSAFE_MEMTRACK UltimateResult: SAFE   [ShortDescription: All specifications hold LongDescription: We were not able to verify any specifiation because the program does not contain any specification.]
	Total: 1

	EXCEPTION_OR_ERROR(Expected:SAFE)
		memsafety/test-0236_true-valid-memsafety.i
			ExpectedResult: SAFE UltimateResult: EXCEPTION_OR_ERROR   [de.uni_freiburg.informatik.ultimate.plugins.generator.rcfgbuilder: SMTLIBException: line 742 column 895: logic does not support nonlinear arithmetic: de.uni_freiburg.informatik.ultimate.smtsolver.external.Parser$Action$.CUP$do_action(Parser.java:1338)]
	Total: 1

	SAFE(Expected:UNSAFE_FREE)
		list-ext-properties/960521-1_1_false-valid-free.i
			ExpectedResult: UNSAFE_FREE UltimateResult: SAFE   [ShortDescription: All specifications hold LongDescription: We were not able to verify any specifiation because the program does not contain any specification.]
		memsafety/960521-1_false-valid-free.i
			ExpectedResult: UNSAFE_FREE UltimateResult: SAFE   [ShortDescription: All specifications hold LongDescription: We were not able to verify any specifiation because the program does not contain any specification.]
	Total: 2

	EXCEPTION_OR_ERROR(Expected:UNSAFE_MEMTRACK)
		memsafety/test-0220_false-valid-memtrack.i
			ExpectedResult: UNSAFE_MEMTRACK UltimateResult: EXCEPTION_OR_ERROR   [de.uni_freiburg.informatik.ultimate.plugins.generator.rcfgbuilder: SMTLIBException: line 427 column 895: logic does not support nonlinear arithmetic: de.uni_freiburg.informatik.ultimate.smtsolver.external.Parser$Action$.CUP$do_action(Parser.java:1338)]
	Total: 1


===== SUCCESS =====
	SAFE(Expected:SAFE)
		list-ext-properties/test-0019_1_true-valid-memsafety.i
			ExpectedResult: SAFE UltimateResult: SAFE   [ShortDescription: All specifications hold LongDescription: We were not able to verify any specifiation because the program does not contain any specification.]
		memsafety-ext/tree_dsw_true-valid-memsafety.i
			ExpectedResult: SAFE UltimateResult: SAFE   [ShortDescription: All specifications hold LongDescription: We were not able to verify any specifiation because the program does not contain any specification.]
		memory-alloca/c.02-alloca_true-valid-memsafety.i
			ExpectedResult: SAFE UltimateResult: SAFE   [ShortDescription: All specifications hold LongDescription: We were not able to verify any specifiation because the program does not contain any specification.]
	Total: 3


===== TOTAL =====
FAIL: 8
UNKNOWN: 0
SUCCESS: 3
All: 11

################# Reasons for !SUCCESS #################
27	ExpectedResult: SAFE UltimateResult: TIMEOUT   [ShortDescription: Timeout LongDescription: Timout or Toolchain cancelled by user]
15	ExpectedResult: UNSAFE UltimateResult: TIMEOUT   [ShortDescription: Timeout LongDescription: Timout or Toolchain cancelled by user]
13	ExpectedResult: UNSAFE UltimateResult: UNSUPPORTED_SYNTAX   [ShortDescription: Unsupported Syntax LongDescription: bitfields are not supported at the moment]
11	ExpectedResult: SAFE UltimateResult: UNSUPPORTED_SYNTAX   [ShortDescription: Unsupported Syntax LongDescription: bitfields are not supported at the moment]
9	ExpectedResult: UNSAFE UltimateResult: NO_RESULT   NO_RESULT
9	ExpectedResult: SAFE UltimateResult: EXCEPTION_OR_ERROR   [de.uni_freiburg.informatik.ultimate.plugins.generator.codecheck: ClassCastException: null]
8	ExpectedResult: UNSAFE UltimateResult: EXCEPTION_OR_ERROR   [de.uni_freiburg.informatik.ultimate.plugins.generator.codecheck: ClassCastException: null]
7	ExpectedResult: SAFE UltimateResult: NO_RESULT   NO_RESULT
6	ExpectedResult: UNSAFE UltimateResult: EXCEPTION_OR_ERROR   [de.uni_freiburg.informatik.ultimate.plugins.generator.codecheck: ClassCastException: de.uni_freiburg.informatik.ultimate.logic.ApplicationTerm cannot be cast to de.uni_freiburg.informatik.ultimate.modelcheckerutils.smt.linearTerms.AffineTerm: de.uni_freiburg.informatik.ultimate.modelcheckerutils.smt.linearTerms.AffineRelation.<init>(AffineRelation.java:54)]
5	ExpectedResult: SAFE UltimateResult: UNSAFE   a call of __VERIFIER_error() is reachable 
4	ExpectedResult: SAFE UltimateResult: TIMEOUT   [ShortDescription: Timeout LongDescription: Unable to prove that call of __VERIFIER_error() unreachable (line 5)]
4	ExpectedResult: SAFE UltimateResult: EXCEPTION_OR_ERROR   [de.uni_freiburg.informatik.ultimate.plugins.generator.codecheck: ClassCastException: de.uni_freiburg.informatik.ultimate.logic.ApplicationTerm cannot be cast to de.uni_freiburg.informatik.ultimate.modelcheckerutils.smt.linearTerms.AffineTerm: de.uni_freiburg.informatik.ultimate.modelcheckerutils.smt.linearTerms.AffineRelation.<init>(AffineRelation.java:54)]
3	ExpectedResult: SAFE UltimateResult: EXCEPTION_OR_ERROR   [de.uni_freiburg.informatik.ultimate.plugins.generator.cacsl2boogietranslator: EmptyStackException: null: java.util.Stack.peek(Stack.java:102)]
3	ExpectedResult: UNSAFE UltimateResult: TIMEOUT   [ShortDescription: Timeout LongDescription: Unable to prove that call of __VERIFIER_error() unreachable (line 10)]
3	ExpectedResult: UNSAFE UltimateResult: EXCEPTION_OR_ERROR   [de.uni_freiburg.informatik.ultimate.plugins.generator.cacsl2boogietranslator: EmptyStackException: null: java.util.Stack.peek(Stack.java:102)]
3	ExpectedResult: UNSAFE_DEREF UltimateResult: SAFE   [ShortDescription: All specifications hold LongDescription: We were not able to verify any specifiation because the program does not contain any specification.]
2	ExpectedResult: UNSAFE_FREE UltimateResult: SAFE   [ShortDescription: All specifications hold LongDescription: We were not able to verify any specifiation because the program does not contain any specification.]
2	ExpectedResult: SAFE UltimateResult: TIMEOUT   [ShortDescription: Timeout LongDescription: Unable to prove that call of __VERIFIER_error() unreachable (line 34)]
2	ExpectedResult: UNSAFE UltimateResult: SAFE   [ShortDescription: All specifications hold LongDescription: 1 specifications checked. All of them hold]
2	ExpectedResult: SAFE UltimateResult: TIMEOUT   [ShortDescription: Timeout LongDescription: Unable to prove that call of __VERIFIER_error() unreachable (line 38)]
2	ExpectedResult: SAFE UltimateResult: EXCEPTION_OR_ERROR   [de.uni_freiburg.informatik.ultimate.boogie.preprocessor: StackOverflowError: null: java.util.Vector$ListItr.<init>(Vector.java:1165)]
2	ExpectedResult: SAFE UltimateResult: TIMEOUT   [ShortDescription: Timeout LongDescription: Unable to prove that call of __VERIFIER_error() unreachable (line 10)]
1	ExpectedResult: UNSAFE UltimateResult: EXCEPTION_OR_ERROR   [de.uni_freiburg.informatik.ultimate.plugins.generator.rcfgbuilder: SMTLIBException: line 1009 column 581: logic does not support nonlinear arithmetic: de.uni_freiburg.informatik.ultimate.smtsolver.external.Parser$Action$.CUP$do_action(Parser.java:1338)]
1	ExpectedResult: UNSAFE UltimateResult: SYNTAX_ERROR   [ShortDescription: Type Error LongDescription: ~node~31already declared as local variable]
1	ExpectedResult: UNSAFE UltimateResult: EXCEPTION_OR_ERROR   [de.uni_freiburg.informatik.ultimate.plugins.generator.codecheck: AssertionError: no branch was taken: de.uni_freiburg.informatik.ultimate.plugins.generator.rcfgbuilder.RCFGBacktranslator.addCodeBlock(RCFGBacktranslator.java:128)]
1	ExpectedResult: SAFE UltimateResult: SYNTAX_ERROR   [ShortDescription: Type Error LongDescription: Type check failed for BinaryExpression[ARITHMUL,BinaryExpression[ARITHDIV,BinaryExpression[ARITHMOD,BinaryExpression[ARITHPLUS,BinaryExpression[ARITHMUL,IdentifierExpression[~K_I~14,GLOBAL],IdentifierExpression[~ud_err_theta~14,GLOBAL]],IdentifierExpression[~tmp_pwm_r_limiter~17,<LOCAL,balance_control>]],IntegerLiteral[4294967296]],BinaryExpression[ARITHMOD,BinaryExpression[ARITHMINUS,BinaryExpression[ARITHMUL,IdentifierExpression[~BATTERY_GAIN~14,GLOBAL],IdentifierExpression[~args_battery,<LOCAL,balance_control>]],IdentifierExpression[~BATTERY_OFFSET~14,GLOBAL]],IntegerLiteral[4294967296]]],RealLiteral[100.0]], ShortDescription: Type Error LongDescription: Type check failed for BinaryExpression[ARITHDIV,IdentifierExpression[~args_cmd_forward,<LOCAL,balance_control>],RealLiteral[100.0]], ShortDescription: Type Error LongDescription: Type check failed (index 0): FunctionApplication[#to_int,[BinaryExpression[ARITHPLUS,BinaryExpression[ARITHMUL,RealLiteral[0.00400000019],IdentifierExpression[~tmp_psidot~17,<LOCAL,balance_control>]],IdentifierExpression[~ud_psi~14,GLOBAL]]]], ShortDescription: Type Error LongDescription: Type check failed (index 0): FunctionApplication[#to_int,[BinaryExpression[ARITHPLUS,BinaryExpression[ARITHMUL,RealLiteral[0.00400000019],IdentifierExpression[~tmp_thetadot_cmd_lpf~17,<LOCAL,balance_control>]],IdentifierExpression[~ud_theta_ref~14,GLOBAL]]]], ShortDescription: Type Error LongDescription: Type check failed for BinaryExpression[ARITHMUL,BinaryExpression[ARITHPLUS,BinaryExpression[ARITHPLUS,BinaryExpression[ARITHMUL,RealLiteral[0.01745329238],IdentifierExpression[~args_theta_m_l,<LOCAL,balance_control>]],IdentifierExpression[~ud_psi~14,GLOBAL]],BinaryExpression[ARITHPLUS,BinaryExpression[ARITHMUL,RealLiteral[0.01745329238],IdentifierExpression[~args_theta_m_r,<LOCAL,balance_control>]],IdentifierExpression[~ud_psi~14,GLOBAL]]],RealLiteral[0.5]], ShortDescription: Type Error LongDescription: Type check failed for BinaryExpression[ARITHMINUS,RealLiteral[1.0],IdentifierExpression[~A_D~14,GLOBAL]], ShortDescription: Type Error LongDescription: Type check failed for BinaryExpression[ARITHMUL,RealLiteral[0.00400000019],IdentifierExpression[~tmp_psidot~17,<LOCAL,balance_control>]], ShortDescription: Type Error LongDescription: Type check failed for BinaryExpression[ARITHDIV,IdentifierExpression[~args_cmd_turn,<LOCAL,balance_control>],RealLiteral[100.0]], ShortDescription: Type Error LongDescription: Type check failed (index 0): FunctionApplication[#to_int,[BinaryExpression[ARITHPLUS,BinaryExpression[ARITHMUL,BinaryExpression[ARITHMINUS,RealLiteral[1.0],IdentifierExpression[~A_D~14,GLOBAL]],IdentifierExpression[~tmp_theta~17,<LOCAL,balance_control>]],BinaryExpression[ARITHMUL,IdentifierExpression[~A_D~14,GLOBAL],IdentifierExpression[~ud_theta_lpf~14,GLOBAL]]]]], ShortDescription: Type Error LongDescription: Type check failed for BinaryExpression[ARITHDIV,BinaryExpression[ARITHMINUS,IdentifierExpression[~tmp_theta_lpf~17,<LOCAL,balance_control>],IdentifierExpression[~ud_theta_lpf~14,GLOBAL]],RealLiteral[0.00400000019]], ShortDescription: Type Error LongDescription: Type check failed for BinaryExpression[ARITHMINUS,RealLiteral[1.0],IdentifierExpression[~A_R~14,GLOBAL]], ShortDescription: Type Error LongDescription: Type check failed for BinaryExpression[ARITHMUL,BinaryExpression[ARITHMINUS,IdentifierExpression[~args_gyro,<LOCAL,balance_control>],IdentifierExpression[~args_gyro_offset,<LOCAL,balance_control>]],RealLiteral[0.01745329238]], ShortDescription: Type Error LongDescription: Type check failed for BinaryExpression[ARITHMUL,RealLiteral[0.01745329238],IdentifierExpression[~args_theta_m_l,<LOCAL,balance_control>]], ShortDescription: Type Error LongDescription: Type check failed for BinaryExpression[ARITHMUL,BinaryExpression[ARITHMINUS,IdentifierExpression[~ud_theta_ref~14,GLOBAL],IdentifierExpression[~tmp_theta~17,<LOCAL,balance_control>]],RealLiteral[0.00400000019]], ShortDescription: Type Error LongDescription: Type check failed for BinaryExpression[ARITHMUL,RealLiteral[0.01745329238],IdentifierExpression[~args_theta_m_r,<LOCAL,balance_control>]], ShortDescription: Type Error LongDescription: Type check failed for BinaryExpression[ARITHMUL,RealLiteral[0.00400000019],IdentifierExpression[~tmp_thetadot_cmd_lpf~17,<LOCAL,balance_control>]]]
1	ExpectedResult: SAFE UltimateResult: TIMEOUT   [ShortDescription: Timeout LongDescription: Unable to prove that call of __VERIFIER_error() unreachable (line 36)]
1	ExpectedResult: SAFE UltimateResult: TIMEOUT   [ShortDescription: Timeout LongDescription: Unable to prove that call of __VERIFIER_error() unreachable (line 39)]
1	ExpectedResult: UNSAFE UltimateResult: TIMEOUT   [ShortDescription: Timeout LongDescription: Unable to prove that call of __VERIFIER_error() unreachable (line 1327)]
1	ExpectedResult: SAFE UltimateResult: EXCEPTION_OR_ERROR   [de.uni_freiburg.informatik.ultimate.plugins.generator.codecheck: ClassCastException: de.uni_freiburg.informatik.ultimate.logic.ApplicationTerm cannot be cast to de.uni_freiburg.informatik.ultimate.modelcheckerutils.smt.linearTerms.AffineTerm: de.uni_freiburg.informatik.ultimate.modelcheckerutils.smt.linearTerms.AffineRelation.<init>(AffineRelation.java:55)]
1	ExpectedResult: UNSAFE UltimateResult: EXCEPTION_OR_ERROR   [de.uni_freiburg.informatik.ultimate.plugins.generator.rcfgbuilder: OutOfMemoryError: Java heap space: java.util.Arrays.copyOf(Arrays.java:2367)]
1	ExpectedResult: SAFE UltimateResult: EXCEPTION_OR_ERROR   [de.uni_freiburg.informatik.ultimate.plugins.generator.codecheck: AssertionError: no branch was taken: de.uni_freiburg.informatik.ultimate.plugins.generator.rcfgbuilder.RCFGBacktranslator.addCodeBlock(RCFGBacktranslator.java:128)]
1	ExpectedResult: UNSAFE UltimateResult: EXCEPTION_OR_ERROR   [de.uni_freiburg.informatik.ultimate.plugins.generator.codecheck: ClassCastException: de.uni_freiburg.informatik.ultimate.logic.ApplicationTerm cannot be cast to de.uni_freiburg.informatik.ultimate.modelcheckerutils.smt.linearTerms.AffineTerm: de.uni_freiburg.informatik.ultimate.modelcheckerutils.smt.linearTerms.AffineRelation.<init>(AffineRelation.java:55)]
1	ExpectedResult: SAFE UltimateResult: TIMEOUT   [ShortDescription: Timeout LongDescription: Unable to prove that call of __VERIFIER_error() unreachable (line 865)]
1	ExpectedResult: SAFE UltimateResult: SYNTAX_ERROR   [ShortDescription: Type Error LongDescription: ~node~31already declared as local variable]
1	ExpectedResult: UNSAFE UltimateResult: TIMEOUT   [ShortDescription: Timeout LongDescription: Unable to prove that call of __VERIFIER_error() unreachable (line 33)]
1	ExpectedResult: UNSAFE UltimateResult: TIMEOUT   [ShortDescription: Timeout LongDescription: Unable to prove that call of __VERIFIER_error() unreachable (line 31)]
1	ExpectedResult: SAFE UltimateResult: EXCEPTION_OR_ERROR   [de.uni_freiburg.informatik.ultimate.plugins.generator.rcfgbuilder: SMTLIBException: line 742 column 895: logic does not support nonlinear arithmetic: de.uni_freiburg.informatik.ultimate.smtsolver.external.Parser$Action$.CUP$do_action(Parser.java:1338)]
1	ExpectedResult: UNSAFE UltimateResult: UNSUPPORTED_SYNTAX   [ShortDescription: Unsupported Syntax LongDescription: we need to generalize this to nested and/or variable length arrays]
1	ExpectedResult: UNSAFE_MEMTRACK UltimateResult: SAFE   [ShortDescription: All specifications hold LongDescription: We were not able to verify any specifiation because the program does not contain any specification.]
1	ExpectedResult: UNSAFE_MEMTRACK UltimateResult: EXCEPTION_OR_ERROR   [de.uni_freiburg.informatik.ultimate.plugins.generator.rcfgbuilder: SMTLIBException: line 427 column 895: logic does not support nonlinear arithmetic: de.uni_freiburg.informatik.ultimate.smtsolver.external.Parser$Action$.CUP$do_action(Parser.java:1338)]
1	ExpectedResult: SAFE UltimateResult: TIMEOUT   [ShortDescription: Timeout LongDescription: Unable to prove that call of __VERIFIER_error() unreachable (line 1325)]
1	ExpectedResult: SAFE UltimateResult: TIMEOUT   [ShortDescription: Timeout LongDescription: Unable to prove that call of __VERIFIER_error() unreachable (line 51)]
1	ExpectedResult: UNSAFE UltimateResult: TIMEOUT   [ShortDescription: Timeout LongDescription: Unable to prove that call of __VERIFIER_error() unreachable (line 2)]
1	ExpectedResult: UNSAFE UltimateResult: TIMEOUT   [ShortDescription: Timeout LongDescription: Unable to prove that call of __VERIFIER_error() unreachable (line 606)]
1	ExpectedResult: SAFE UltimateResult: TIMEOUT   [ShortDescription: Timeout LongDescription: Unable to prove that call of __VERIFIER_error() unreachable (line 669)]
1	ExpectedResult: UNSAFE UltimateResult: EXCEPTION_OR_ERROR   [de.uni_freiburg.informatik.ultimate.boogie.preprocessor: StackOverflowError: null: de.uni_freiburg.informatik.ultimate.boogie.preprocessor.TypeChecker.findVariable(TypeChecker.java:141)]
1	ExpectedResult: UNSAFE UltimateResult: EXCEPTION_OR_ERROR   [de.uni_freiburg.informatik.ultimate.plugins.generator.rcfgbuilder: SMTLIBException: line 97 column 335: logic does not support nonlinear arithmetic: de.uni_freiburg.informatik.ultimate.smtsolver.external.Parser$Action$.CUP$do_action(Parser.java:1338)]
1	ExpectedResult: SAFE UltimateResult: SYNTAX_ERROR   [ShortDescription: Type Error LongDescription: Type check failed for BinaryExpression[ARITHMUL,RealLiteral[0.00400000019],IdentifierExpression[~tmp_thetadot_cmd_lpf~16,<LOCAL,balance_control>]], ShortDescription: Type Error LongDescription: Type check failed for BinaryExpression[ARITHMINUS,RealLiteral[1.0],IdentifierExpression[~A_R~13,GLOBAL]], ShortDescription: Type Error LongDescription: Type check failed for BinaryExpression[ARITHMUL,RealLiteral[0.01745329238],IdentifierExpression[~args_theta_m_l,<LOCAL,balance_control>]], ShortDescription: Type Error LongDescription: Type check failed for BinaryExpression[ARITHMUL,BinaryExpression[ARITHDIV,BinaryExpression[ARITHMOD,BinaryExpression[ARITHPLUS,BinaryExpression[ARITHMUL,IdentifierExpression[~K_I~13,GLOBAL],IdentifierExpression[~ud_err_theta~13,GLOBAL]],IdentifierExpression[~tmp_pwm_r_limiter~16,<LOCAL,balance_control>]],IntegerLiteral[4294967296]],BinaryExpression[ARITHMOD,BinaryExpression[ARITHMINUS,BinaryExpression[ARITHMUL,IdentifierExpression[~BATTERY_GAIN~13,GLOBAL],IdentifierExpression[~args_battery,<LOCAL,balance_control>]],IdentifierExpression[~BATTERY_OFFSET~13,GLOBAL]],IntegerLiteral[4294967296]]],RealLiteral[100.0]], ShortDescription: Type Error LongDescription: Type check failed (index 0): FunctionApplication[#to_int,[BinaryExpression[ARITHPLUS,BinaryExpression[ARITHMUL,BinaryExpression[ARITHMINUS,RealLiteral[1.0],IdentifierExpression[~A_D~13,GLOBAL]],IdentifierExpression[~tmp_theta~16,<LOCAL,balance_control>]],BinaryExpression[ARITHMUL,IdentifierExpression[~A_D~13,GLOBAL],IdentifierExpression[~ud_theta_lpf~13,GLOBAL]]]]], ShortDescription: Type Error LongDescription: Type check failed for BinaryExpression[ARITHDIV,IdentifierExpression[~args_cmd_turn,<LOCAL,balance_control>],RealLiteral[100.0]], ShortDescription: Type Error LongDescription: Type check failed (index 0): FunctionApplication[#to_int,[BinaryExpression[ARITHPLUS,BinaryExpression[ARITHMUL,RealLiteral[0.00400000019],IdentifierExpression[~tmp_thetadot_cmd_lpf~16,<LOCAL,balance_control>]],IdentifierExpression[~ud_theta_ref~13,GLOBAL]]]], ShortDescription: Type Error LongDescription: Type check failed for BinaryExpression[ARITHMUL,RealLiteral[0.01745329238],IdentifierExpression[~args_theta_m_r,<LOCAL,balance_control>]], ShortDescription: Type Error LongDescription: Type check failed for BinaryExpression[ARITHMUL,BinaryExpression[ARITHMINUS,IdentifierExpression[~args_gyro,<LOCAL,balance_control>],IdentifierExpression[~args_gyro_offset,<LOCAL,balance_control>]],RealLiteral[0.01745329238]], ShortDescription: Type Error LongDescription: Type check failed for BinaryExpression[ARITHDIV,IdentifierExpression[~args_cmd_forward,<LOCAL,balance_control>],RealLiteral[100.0]], ShortDescription: Type Error LongDescription: Type check failed (index 0): FunctionApplication[#to_int,[BinaryExpression[ARITHPLUS,BinaryExpression[ARITHMUL,RealLiteral[0.00400000019],IdentifierExpression[~tmp_psidot~16,<LOCAL,balance_control>]],IdentifierExpression[~ud_psi~13,GLOBAL]]]], ShortDescription: Type Error LongDescription: Type check failed for BinaryExpression[ARITHMUL,RealLiteral[0.00400000019],IdentifierExpression[~tmp_psidot~16,<LOCAL,balance_control>]], ShortDescription: Type Error LongDescription: Type check failed for BinaryExpression[ARITHMINUS,RealLiteral[1.0],IdentifierExpression[~A_D~13,GLOBAL]], ShortDescription: Type Error LongDescription: Type check failed for BinaryExpression[ARITHMUL,BinaryExpression[ARITHPLUS,BinaryExpression[ARITHPLUS,BinaryExpression[ARITHMUL,RealLiteral[0.01745329238],IdentifierExpression[~args_theta_m_l,<LOCAL,balance_control>]],IdentifierExpression[~ud_psi~13,GLOBAL]],BinaryExpression[ARITHPLUS,BinaryExpression[ARITHMUL,RealLiteral[0.01745329238],IdentifierExpression[~args_theta_m_r,<LOCAL,balance_control>]],IdentifierExpression[~ud_psi~13,GLOBAL]]],RealLiteral[0.5]], ShortDescription: Type Error LongDescription: Type check failed for BinaryExpression[ARITHMUL,BinaryExpression[ARITHMINUS,IdentifierExpression[~ud_theta_ref~13,GLOBAL],IdentifierExpression[~tmp_theta~16,<LOCAL,balance_control>]],RealLiteral[0.00400000019]], ShortDescription: Type Error LongDescription: Type check failed for BinaryExpression[ARITHDIV,BinaryExpression[ARITHMINUS,IdentifierExpression[~tmp_theta_lpf~16,<LOCAL,balance_control>],IdentifierExpression[~ud_theta_lpf~13,GLOBAL]],RealLiteral[0.00400000019]]]
1	ExpectedResult: UNSAFE UltimateResult: TIMEOUT   [ShortDescription: Timeout LongDescription: Unable to prove that call of __VERIFIER_error() unreachable (line 36)]
1	ExpectedResult: SAFE UltimateResult: EXCEPTION_OR_ERROR   [de.uni_freiburg.informatik.ultimate.plugins.generator.codecheck: NullPointerException: null: de.uni_freiburg.informatik.ultimate.modelcheckerutils.smt.linearTerms.AffineRelation.onLeftHandSideOnly(AffineRelation.java:179)]
1	ExpectedResult: UNSAFE UltimateResult: TIMEOUT   [ShortDescription: Timeout LongDescription: Unable to prove that call of __VERIFIER_error() unreachable (line 38)]
1	ExpectedResult: SAFE UltimateResult: TIMEOUT   [ShortDescription: Timeout LongDescription: Unable to prove that call of __VERIFIER_error() unreachable (line 9)]
1	ExpectedResult: UNSAFE UltimateResult: SYNTAX_ERROR   [ShortDescription: Type Error LongDescription: Type check failed for BinaryExpression[ARITHMUL,RealLiteral[0.01745329238],IdentifierExpression[~args_theta_m_l,<LOCAL,balance_control>]], ShortDescription: Type Error LongDescription: Type check failed for BinaryExpression[ARITHMUL,BinaryExpression[ARITHMINUS,IdentifierExpression[~args_gyro,<LOCAL,balance_control>],IdentifierExpression[~args_gyro_offset,<LOCAL,balance_control>]],RealLiteral[0.01745329238]], ShortDescription: Type Error LongDescription: Type check failed for BinaryExpression[ARITHDIV,BinaryExpression[ARITHMINUS,IdentifierExpression[~tmp_theta_lpf~16,<LOCAL,balance_control>],IdentifierExpression[~ud_theta_lpf~13,GLOBAL]],RealLiteral[0.00400000019]], ShortDescription: Type Error LongDescription: Type check failed (index 0): FunctionApplication[#to_int,[BinaryExpression[ARITHPLUS,BinaryExpression[ARITHMUL,RealLiteral[0.00400000019],IdentifierExpression[~tmp_thetadot_cmd_lpf~16,<LOCAL,balance_control>]],IdentifierExpression[~ud_theta_ref~13,GLOBAL]]]], ShortDescription: Type Error LongDescription: Type check failed for BinaryExpression[ARITHMUL,RealLiteral[0.00400000019],IdentifierExpression[~tmp_psidot~16,<LOCAL,balance_control>]], ShortDescription: Type Error LongDescription: Type check failed for BinaryExpression[ARITHMINUS,RealLiteral[1.0],IdentifierExpression[~A_R~13,GLOBAL]], ShortDescription: Type Error LongDescription: Type check failed for BinaryExpression[ARITHDIV,IdentifierExpression[~args_cmd_turn,<LOCAL,balance_control>],RealLiteral[100.0]], ShortDescription: Type Error LongDescription: Type check failed for BinaryExpression[ARITHMUL,BinaryExpression[ARITHMINUS,IdentifierExpression[~ud_theta_ref~13,GLOBAL],IdentifierExpression[~tmp_theta~16,<LOCAL,balance_control>]],RealLiteral[0.00400000019]], ShortDescription: Type Error LongDescription: Type check failed for BinaryExpression[ARITHMUL,BinaryExpression[ARITHPLUS,BinaryExpression[ARITHPLUS,BinaryExpression[ARITHMUL,RealLiteral[0.01745329238],IdentifierExpression[~args_theta_m_l,<LOCAL,balance_control>]],IdentifierExpression[~ud_psi~13,GLOBAL]],BinaryExpression[ARITHPLUS,BinaryExpression[ARITHMUL,RealLiteral[0.01745329238],IdentifierExpression[~args_theta_m_r,<LOCAL,balance_control>]],IdentifierExpression[~ud_psi~13,GLOBAL]]],RealLiteral[0.5]], ShortDescription: Type Error LongDescription: Type check failed for BinaryExpression[ARITHMUL,RealLiteral[0.00400000019],IdentifierExpression[~tmp_thetadot_cmd_lpf~16,<LOCAL,balance_control>]], ShortDescription: Type Error LongDescription: Type check failed (index 0): FunctionApplication[#to_int,[BinaryExpression[ARITHPLUS,BinaryExpression[ARITHMUL,BinaryExpression[ARITHMINUS,RealLiteral[1.0],IdentifierExpression[~A_D~13,GLOBAL]],IdentifierExpression[~tmp_theta~16,<LOCAL,balance_control>]],BinaryExpression[ARITHMUL,IdentifierExpression[~A_D~13,GLOBAL],IdentifierExpression[~ud_theta_lpf~13,GLOBAL]]]]], ShortDescription: Type Error LongDescription: Type check failed for BinaryExpression[ARITHDIV,IdentifierExpression[~args_cmd_forward,<LOCAL,balance_control>],RealLiteral[100.0]], ShortDescription: Type Error LongDescription: Type check failed (index 0): FunctionApplication[#to_int,[BinaryExpression[ARITHPLUS,BinaryExpression[ARITHMUL,RealLiteral[0.00400000019],IdentifierExpression[~tmp_psidot~16,<LOCAL,balance_control>]],IdentifierExpression[~ud_psi~13,GLOBAL]]]], ShortDescription: Type Error LongDescription: Type check failed for BinaryExpression[ARITHMUL,RealLiteral[0.01745329238],IdentifierExpression[~args_theta_m_r,<LOCAL,balance_control>]], ShortDescription: Type Error LongDescription: Type check failed for BinaryExpression[ARITHMUL,BinaryExpression[ARITHDIV,BinaryExpression[ARITHMOD,BinaryExpression[ARITHPLUS,BinaryExpression[ARITHMUL,IdentifierExpression[~K_I~13,GLOBAL],IdentifierExpression[~ud_err_theta~13,GLOBAL]],IdentifierExpression[~tmp_pwm_r_limiter~16,<LOCAL,balance_control>]],IntegerLiteral[4294967296]],BinaryExpression[ARITHMOD,BinaryExpression[ARITHMINUS,BinaryExpression[ARITHMUL,IdentifierExpression[~BATTERY_GAIN~13,GLOBAL],IdentifierExpression[~args_battery,<LOCAL,balance_control>]],IdentifierExpression[~BATTERY_OFFSET~13,GLOBAL]],IntegerLiteral[4294967296]]],RealLiteral[100.0]], ShortDescription: Type Error LongDescription: Type check failed for BinaryExpression[ARITHMINUS,RealLiteral[1.0],IdentifierExpression[~A_D~13,GLOBAL]]]
1	ExpectedResult: UNSAFE UltimateResult: TIMEOUT   [ShortDescription: Timeout LongDescription: Unable to prove that call of __VERIFIER_error() unreachable (line 5)]
1	ExpectedResult: SAFE UltimateResult: EXCEPTION_OR_ERROR   [de.uni_freiburg.informatik.ultimate.plugins.generator.blockencoding: OutOfMemoryError: Java heap space: java.util.Arrays.copyOf(Arrays.java:2367)]
1	ExpectedResult: UNSAFE UltimateResult: TIMEOUT   [ShortDescription: Timeout LongDescription: Unable to prove that call of __VERIFIER_error() unreachable (line 2163)]
1	ExpectedResult: SAFE UltimateResult: EXCEPTION_OR_ERROR   [de.uni_freiburg.informatik.ultimate.plugins.generator.rcfgbuilder: OutOfMemoryError: Java heap space: java.util.Arrays.copyOf(Arrays.java:2367)]
1	ExpectedResult: UNSAFE UltimateResult: SYNTAX_ERROR   [ShortDescription: Type Error LongDescription: Type check failed for BinaryExpression[ARITHDIV,IdentifierExpression[~args_cmd_turn,<LOCAL,balance_control>],RealLiteral[100.0]], ShortDescription: Type Error LongDescription: Type check failed for BinaryExpression[ARITHMUL,RealLiteral[0.01745329238],IdentifierExpression[~args_theta_m_l,<LOCAL,balance_control>]], ShortDescription: Type Error LongDescription: Type check failed for BinaryExpression[ARITHMUL,BinaryExpression[ARITHPLUS,BinaryExpression[ARITHPLUS,BinaryExpression[ARITHMUL,RealLiteral[0.01745329238],IdentifierExpression[~args_theta_m_l,<LOCAL,balance_control>]],IdentifierExpression[~ud_psi~18,GLOBAL]],BinaryExpression[ARITHPLUS,BinaryExpression[ARITHMUL,RealLiteral[0.01745329238],IdentifierExpression[~args_theta_m_r,<LOCAL,balance_control>]],IdentifierExpression[~ud_psi~18,GLOBAL]]],RealLiteral[0.5]], ShortDescription: Type Error LongDescription: Type check failed for BinaryExpression[ARITHMUL,RealLiteral[0.00400000019],IdentifierExpression[~tmp_psidot~21,<LOCAL,balance_control>]], ShortDescription: Type Error LongDescription: Type check failed for BinaryExpression[ARITHMUL,BinaryExpression[ARITHDIV,BinaryExpression[ARITHMOD,BinaryExpression[ARITHPLUS,BinaryExpression[ARITHMUL,IdentifierExpression[~K_I~18,GLOBAL],IdentifierExpression[~ud_err_theta~18,GLOBAL]],IdentifierExpression[~tmp_pwm_r_limiter~21,<LOCAL,balance_control>]],IntegerLiteral[4294967296]],BinaryExpression[ARITHMOD,BinaryExpression[ARITHMINUS,BinaryExpression[ARITHMUL,IdentifierExpression[~BATTERY_GAIN~18,GLOBAL],IdentifierExpression[~args_battery,<LOCAL,balance_control>]],IdentifierExpression[~BATTERY_OFFSET~18,GLOBAL]],IntegerLiteral[4294967296]]],RealLiteral[100.0]], ShortDescription: Type Error LongDescription: Type check failed for BinaryExpression[ARITHMUL,BinaryExpression[ARITHMINUS,IdentifierExpression[~args_gyro,<LOCAL,balance_control>],IdentifierExpression[~args_gyro_offset,<LOCAL,balance_control>]],RealLiteral[0.01745329238]], ShortDescription: Type Error LongDescription: Type check failed for BinaryExpression[ARITHMUL,BinaryExpression[ARITHMINUS,IdentifierExpression[~ud_theta_ref~18,GLOBAL],IdentifierExpression[~tmp_theta~21,<LOCAL,balance_control>]],RealLiteral[0.00400000019]], ShortDescription: Type Error LongDescription: Type check failed (index 0): FunctionApplication[#to_int,[BinaryExpression[ARITHPLUS,BinaryExpression[ARITHMUL,RealLiteral[0.00400000019],IdentifierExpression[~tmp_psidot~21,<LOCAL,balance_control>]],IdentifierExpression[~ud_psi~18,GLOBAL]]]], ShortDescription: Type Error LongDescription: Type check failed (index 0): FunctionApplication[#to_int,[BinaryExpression[ARITHPLUS,BinaryExpression[ARITHMUL,BinaryExpression[ARITHMINUS,RealLiteral[1.0],IdentifierExpression[~A_D~18,GLOBAL]],IdentifierExpression[~tmp_theta~21,<LOCAL,balance_control>]],BinaryExpression[ARITHMUL,IdentifierExpression[~A_D~18,GLOBAL],IdentifierExpression[~ud_theta_lpf~18,GLOBAL]]]]], ShortDescription: Type Error LongDescription: Type check failed for BinaryExpression[ARITHMUL,RealLiteral[0.00400000019],IdentifierExpression[~tmp_thetadot_cmd_lpf~21,<LOCAL,balance_control>]], ShortDescription: Type Error LongDescription: Type check failed for BinaryExpression[ARITHDIV,IdentifierExpression[~args_cmd_forward,<LOCAL,balance_control>],RealLiteral[100.0]], ShortDescription: Type Error LongDescription: Type check failed for BinaryExpression[ARITHMINUS,RealLiteral[1.0],IdentifierExpression[~A_R~18,GLOBAL]], ShortDescription: Type Error LongDescription: Type check failed for BinaryExpression[ARITHDIV,BinaryExpression[ARITHMINUS,IdentifierExpression[~tmp_theta_lpf~21,<LOCAL,balance_control>],IdentifierExpression[~ud_theta_lpf~18,GLOBAL]],RealLiteral[0.00400000019]], ShortDescription: Type Error LongDescription: Type check failed for BinaryExpression[ARITHMUL,RealLiteral[0.01745329238],IdentifierExpression[~args_theta_m_r,<LOCAL,balance_control>]], ShortDescription: Type Error LongDescription: Type check failed for BinaryExpression[ARITHMINUS,RealLiteral[1.0],IdentifierExpression[~A_D~18,GLOBAL]], ShortDescription: Type Error LongDescription: Type check failed (index 0): FunctionApplication[#to_int,[BinaryExpression[ARITHPLUS,BinaryExpression[ARITHMUL,RealLiteral[0.00400000019],IdentifierExpression[~tmp_thetadot_cmd_lpf~21,<LOCAL,balance_control>]],IdentifierExpression[~ud_theta_ref~18,GLOBAL]]]]]
1	ExpectedResult: SAFE UltimateResult: TIMEOUT   [ShortDescription: Timeout LongDescription: Unable to prove that call of __VERIFIER_error() unreachable (line 13)]
1	ExpectedResult: SAFE UltimateResult: EXCEPTION_OR_ERROR   [de.uni_freiburg.informatik.ultimate.plugins.generator.codecheck: SMTLIBException: line 275 column 154: logic does not support nonlinear arithmetic: de.uni_freiburg.informatik.ultimate.smtsolver.external.Parser$Action$.CUP$do_action(Parser.java:1338)]

################# Total Comparison #################
Toolchain	Settings	Success	Unknown	Fail	
CodeCheckWithBE-C.xml	svComp-32bit-precise-BE-Impulse.epf	36	72	86
CodeCheckWithBE-C.xml	svComp-64bit-precise-BE-Impulse.epf	0	0	15
CodeCheckWithBE-C.xml	svComp-32bit-memsafety-BE-Impulse.epf.epf	3	0	8

################# Comparison by SVCOMP Category #################
SVCOMP-Cat.	Toolchain	Settings	Success	Unknown	Fail	
ECA	CodeCheckWithBE-C.xml	svComp-32bit-precise-BE-Impulse.epf	0	8	16
DeviceDrivers64	CodeCheckWithBE-C.xml	svComp-32bit-precise-BE-Impulse.epf	0	0	0
HeapManipulation	CodeCheckWithBE-C.xml	svComp-32bit-precise-BE-Impulse.epf	3	1	20
Simple	CodeCheckWithBE-C.xml	svComp-32bit-precise-BE-Impulse.epf	1	0	21
Recursive	CodeCheckWithBE-C.xml	svComp-32bit-precise-BE-Impulse.epf	3	7	0
ControlFlowInteger	CodeCheckWithBE-C.xml	svComp-32bit-precise-BE-Impulse.epf	12	9	1
MemorySafety	CodeCheckWithBE-C.xml	svComp-32bit-precise-BE-Impulse.epf	0	0	0
Loops	CodeCheckWithBE-C.xml	svComp-32bit-precise-BE-Impulse.epf	7	11	6
Arrays	CodeCheckWithBE-C.xml	svComp-32bit-precise-BE-Impulse.epf	0	21	3
Sequentialized	CodeCheckWithBE-C.xml	svComp-32bit-precise-BE-Impulse.epf	1	11	12
BitVectors	CodeCheckWithBE-C.xml	svComp-32bit-precise-BE-Impulse.epf	9	4	7
ECA	CodeCheckWithBE-C.xml	svComp-64bit-precise-BE-Impulse.epf	0	0	0
DeviceDrivers64	CodeCheckWithBE-C.xml	svComp-64bit-precise-BE-Impulse.epf	0	0	15
HeapManipulation	CodeCheckWithBE-C.xml	svComp-64bit-precise-BE-Impulse.epf	0	0	0
Simple	CodeCheckWithBE-C.xml	svComp-64bit-precise-BE-Impulse.epf	0	0	0
Recursive	CodeCheckWithBE-C.xml	svComp-64bit-precise-BE-Impulse.epf	0	0	0
ControlFlowInteger	CodeCheckWithBE-C.xml	svComp-64bit-precise-BE-Impulse.epf	0	0	0
MemorySafety	CodeCheckWithBE-C.xml	svComp-64bit-precise-BE-Impulse.epf	0	0	0
Loops	CodeCheckWithBE-C.xml	svComp-64bit-precise-BE-Impulse.epf	0	0	0
Arrays	CodeCheckWithBE-C.xml	svComp-64bit-precise-BE-Impulse.epf	0	0	0
Sequentialized	CodeCheckWithBE-C.xml	svComp-64bit-precise-BE-Impulse.epf	0	0	0
BitVectors	CodeCheckWithBE-C.xml	svComp-64bit-precise-BE-Impulse.epf	0	0	0
ECA	CodeCheckWithBE-C.xml	svComp-32bit-memsafety-BE-Impulse.epf.epf	0	0	0
DeviceDrivers64	CodeCheckWithBE-C.xml	svComp-32bit-memsafety-BE-Impulse.epf.epf	0	0	0
HeapManipulation	CodeCheckWithBE-C.xml	svComp-32bit-memsafety-BE-Impulse.epf.epf	0	0	0
Simple	CodeCheckWithBE-C.xml	svComp-32bit-memsafety-BE-Impulse.epf.epf	0	0	0
Recursive	CodeCheckWithBE-C.xml	svComp-32bit-memsafety-BE-Impulse.epf.epf	0	0	0
ControlFlowInteger	CodeCheckWithBE-C.xml	svComp-32bit-memsafety-BE-Impulse.epf.epf	0	0	0
MemorySafety	CodeCheckWithBE-C.xml	svComp-32bit-memsafety-BE-Impulse.epf.epf	3	0	8
Loops	CodeCheckWithBE-C.xml	svComp-32bit-memsafety-BE-Impulse.epf.epf	0	0	0
Arrays	CodeCheckWithBE-C.xml	svComp-32bit-memsafety-BE-Impulse.epf.epf	0	0	0
Sequentialized	CodeCheckWithBE-C.xml	svComp-32bit-memsafety-BE-Impulse.epf.epf	0	0	0
BitVectors	CodeCheckWithBE-C.xml	svComp-32bit-memsafety-BE-Impulse.epf.epf	0	0	0