################################# CSV #######################
,Folder,File,Settings,Toolchain,Message,Runtime (ns),Allocated memory end (bytes),Overall iterations,NumberOfCodeBlocks,SizeOfPredicatesFP,SizeOfPredicatesBP,Conjuncts in SSA,Conjuncts in UnsatCore,ICC %
,bitvector,s3_clnt_2_false-unreach-call.BV.c.cil.c,svComp-32bit-precise-BE-Impulse.epf,CodeCheckWithBE-C.xml,ExpectedResult: UNSAFE UltimateResult: TIMEOUT   [ShortDescription: Timeout LongDescription: Unable to prove that call of __VERIFIER_error() unreachable (line 606)],30199852174.0,482869248,153,0,8210,0,36532,899,0.8969814995131451
,ntdrivers,cdaudio_false-unreach-call.i.cil.c,svComp-32bit-precise-BE-Impulse.epf,CodeCheckWithBE-C.xml,ExpectedResult: UNSAFE UltimateResult: UNSUPPORTED_SYNTAX   [ShortDescription: Unsupported Syntax LongDescription: bitfields are not supported at the moment],62790363,4083679232,-,-,-,-,-,-,-
,bitvector-regression,pointer_extension3_false-unreach-call.i,svComp-32bit-precise-BE-Impulse.epf,CodeCheckWithBE-C.xml,ExpectedResult: UNSAFE UltimateResult: UNSAFE   a call of __VERIFIER_error() is reachable ,78217989.0,392691712,-,-,-,-,-,-,-
,bitvector,num_conversion_2_true-unreach-call.i,svComp-32bit-precise-BE-Impulse.epf,CodeCheckWithBE-C.xml,ExpectedResult: SAFE UltimateResult: UNSAFE   a call of __VERIFIER_error() is reachable ,416805120.0,383254528,9,0,156,0,424,80,0.0
,bitvector,soft_float_4_true-unreach-call.c.cil.c,svComp-32bit-precise-BE-Impulse.epf,CodeCheckWithBE-C.xml,ExpectedResult: SAFE UltimateResult: UNSAFE   a call of __VERIFIER_error() is reachable ,932455489.0,546308096,5,0,193,0,454,78,0.8888888888888888
,bitvector,jain_1_true-unreach-call.i,svComp-32bit-precise-BE-Impulse.epf,CodeCheckWithBE-C.xml,ExpectedResult: SAFE UltimateResult: SAFE   [ShortDescription: All specifications hold LongDescription: 1 specifications checked. All of them hold],711818055.0,389021696,3,0,88,0,55,27,0.6666666666666666
,bitvector,s3_clnt_3_false-unreach-call.BV.c.cil.c,svComp-32bit-precise-BE-Impulse.epf,CodeCheckWithBE-C.xml,ExpectedResult: UNSAFE UltimateResult: UNSAFE   a call of __VERIFIER_error() is reachable ,1490669831.0,4.9545216E+8,13,0,270,0,1673,52,0.8620689655172413
,loop-invgen,id_trans_false-unreach-call.i,svComp-32bit-precise-BE-Impulse.epf,CodeCheckWithBE-C.xml,ExpectedResult: UNSAFE UltimateResult: UNSAFE   a call of __VERIFIER_error() is reachable ,251081547.0,3482845184,4,0,77,0,114,27,0.8
,ssh,s3_srvr.blast.16_true-unreach-call.i.cil.c,svComp-32bit-precise-BE-Impulse.epf,CodeCheckWithBE-C.xml,ExpectedResult: SAFE UltimateResult: EXCEPTION_OR_ERROR   [de.uni_freiburg.informatik.ultimate.plugins.generator.codecheck: ClassCastException: null],7732542150.0,4140302336,-,-,-,-,-,-,-
,bitvector-regression,signextension2_true-unreach-call.i,svComp-32bit-precise-BE-Impulse.epf,CodeCheckWithBE-C.xml,ExpectedResult: SAFE UltimateResult: SAFE   [ShortDescription: All specifications hold LongDescription: 1 specifications checked. All of them hold],51639904.0,392691712,2,0,4,0,20,1,1.0
,ddv-machzwd,ddv_machzwd_all_false-unreach-call.i,svComp-32bit-precise-BE-Impulse.epf,CodeCheckWithBE-C.xml,ExpectedResult: UNSAFE UltimateResult: EXCEPTION_OR_ERROR   [de.uni_freiburg.informatik.ultimate.plugins.generator.cacsl2boogietranslator: EmptyStackException: null: java.util.Stack.peek(Stack.java:102)],26202372.0,3406299136,-,-,-,-,-,-,-
,recursive,Ackermann03_true-unreach-call.c,svComp-32bit-precise-BE-Impulse.epf,CodeCheckWithBE-C.xml,ExpectedResult: SAFE UltimateResult: TIMEOUT   [ShortDescription: Timeout LongDescription: Unable to prove that call of __VERIFIER_error() unreachable (line 38)],42821063881.0,3514302464,10,0,665,0,1428,92,0.7620286085825748
,array-examples,standard_init6_true-unreach-call_ground.i,svComp-32bit-precise-BE-Impulse.epf,CodeCheckWithBE-C.xml,ExpectedResult: SAFE UltimateResult: TIMEOUT   [ShortDescription: Timeout LongDescription: Timout or Toolchain cancelled by user],29998481878.0,445120512,-,-,-,-,-,-,-
,array-examples,sanfoundry_02_true-unreach-call_ground.i,svComp-32bit-precise-BE-Impulse.epf,CodeCheckWithBE-C.xml,ExpectedResult: SAFE UltimateResult: TIMEOUT   [ShortDescription: Timeout LongDescription: Timout or Toolchain cancelled by user],30003278162.0,1107296256,-,-,-,-,-,-,-
,eca-rers2012,Problem16_label05_false-unreach-call.c,svComp-32bit-precise-BE-Impulse.epf,CodeCheckWithBE-C.xml,ExpectedResult: UNSAFE UltimateResult: NO_RESULT   NO_RESULT,55829504688.0,3796369408,-,-,-,-,-,-,-
,recursive,Fibonacci04_false-unreach-call_true-termination.c,svComp-32bit-precise-BE-Impulse.epf,CodeCheckWithBE-C.xml,ExpectedResult: UNSAFE UltimateResult: UNSAFE   a call of __VERIFIER_error() is reachable ,8901554308.0,3519545344,7,0,324,0,518,42,0.8631984585741811
,ntdrivers,kbfiltr_false-unreach-call.i.cil.c,svComp-32bit-precise-BE-Impulse.epf,CodeCheckWithBE-C.xml,ExpectedResult: UNSAFE UltimateResult: UNSUPPORTED_SYNTAX   [ShortDescription: Unsupported Syntax LongDescription: bitfields are not supported at the moment],20447004.0,4056940544,-,-,-,-,-,-,-
,ssh-simplified,s3_srvr_7_true-unreach-call.cil.c,svComp-32bit-precise-BE-Impulse.epf,CodeCheckWithBE-C.xml,ExpectedResult: SAFE UltimateResult: TIMEOUT   [ShortDescription: Timeout LongDescription: Unable to prove that call of __VERIFIER_error() unreachable (line 865)],30180275516.0,556269568,120,0,4314,0,31158,723,0.7660239708181344
,ntdrivers,floppy_true-unreach-call.i.cil.c,svComp-32bit-precise-BE-Impulse.epf,CodeCheckWithBE-C.xml,ExpectedResult: SAFE UltimateResult: UNSUPPORTED_SYNTAX   [ShortDescription: Unsupported Syntax LongDescription: bitfields are not supported at the moment],42616127,4056940544,-,-,-,-,-,-,-
,eca-rers2012,Problem13_label07_false-unreach-call.c,svComp-32bit-precise-BE-Impulse.epf,CodeCheckWithBE-C.xml,ExpectedResult: UNSAFE UltimateResult: NO_RESULT   NO_RESULT,74459579894,3791650816,-,-,-,-,-,-,-
,ssh,s3_srvr.blast.04_false-unreach-call.i.cil.c,svComp-32bit-precise-BE-Impulse.epf,CodeCheckWithBE-C.xml,ExpectedResult: UNSAFE UltimateResult: EXCEPTION_OR_ERROR   [de.uni_freiburg.informatik.ultimate.plugins.generator.codecheck: ClassCastException: null],15817770379.0,4116709376,-,-,-,-,-,-,-
,systemc,toy_true-unreach-call_false-termination.cil.c,svComp-32bit-precise-BE-Impulse.epf,CodeCheckWithBE-C.xml,ExpectedResult: SAFE UltimateResult: TIMEOUT   [ShortDescription: Timeout LongDescription: Unable to prove that call of __VERIFIER_error() unreachable (line 13)],31576445462.0,4079484928,87,0,5098,0,54016,430,0.9584905660377359
,ssh-simplified,s3_srvr_10_false-unreach-call.cil.c,svComp-32bit-precise-BE-Impulse.epf,CodeCheckWithBE-C.xml,ExpectedResult: UNSAFE UltimateResult: UNSAFE   a call of __VERIFIER_error() is reachable ,870875636.0,484442112,4,0,32,0,435,6,1.0
,ldv-linux-3.16-rc1,205_9a_array_unsafes_linux-3.16-rc1.tar.xz-205_9a-drivers--net--wireless--hostap--hostap_plx.ko-entry_point_false-unreach-call.cil.out.c,svComp-64bit-precise-BE-Impulse.epf,CodeCheckWithBE-C.xml,ExpectedResult: UNSAFE UltimateResult: UNSUPPORTED_SYNTAX   [ShortDescription: Unsupported Syntax LongDescription: bitfields are not supported at the moment],97293858,555220992,-,-,-,-,-,-,-
,bitvector,jain_6_true-unreach-call.i,svComp-32bit-precise-BE-Impulse.epf,CodeCheckWithBE-C.xml,ExpectedResult: SAFE UltimateResult: TIMEOUT   [ShortDescription: Timeout LongDescription: Timout or Toolchain cancelled by user],32902891964.0,383254528,-,-,-,-,-,-,-
,array-examples,standard_copy3_false-unreach-call_ground.i,svComp-32bit-precise-BE-Impulse.epf,CodeCheckWithBE-C.xml,ExpectedResult: UNSAFE UltimateResult: TIMEOUT   [ShortDescription: Timeout LongDescription: Timout or Toolchain cancelled by user],30011119571.0,5.0855936E+8,-,-,-,-,-,-,-
,ntdrivers,floppy_false-unreach-call.i.cil.c,svComp-32bit-precise-BE-Impulse.epf,CodeCheckWithBE-C.xml,ExpectedResult: UNSAFE UltimateResult: UNSUPPORTED_SYNTAX   [ShortDescription: Unsupported Syntax LongDescription: bitfields are not supported at the moment],42151514,4056940544,-,-,-,-,-,-,-
,eca-rers2012,Problem17_label35_false-unreach-call.c,svComp-32bit-precise-BE-Impulse.epf,CodeCheckWithBE-C.xml,ExpectedResult: UNSAFE UltimateResult: NO_RESULT   NO_RESULT,31452764609.0,3738697728,-,-,-,-,-,-,-
,loops,count_up_down_false-unreach-call_true-termination.i,svComp-32bit-precise-BE-Impulse.epf,CodeCheckWithBE-C.xml,ExpectedResult: UNSAFE UltimateResult: UNSAFE   a call of __VERIFIER_error() is reachable ,35263675.0,3.50224384E+9,-,-,-,-,-,-,-
,systemc,token_ring.11_true-unreach-call_false-termination.cil.c,svComp-32bit-precise-BE-Impulse.epf,CodeCheckWithBE-C.xml,ExpectedResult: SAFE UltimateResult: TIMEOUT   [ShortDescription: Timeout LongDescription: Unable to prove that call of __VERIFIER_error() unreachable (line 10)],31934746573.0,4.07371776E+9,19,0,2855,0,30738,76,1.0
,systemc,kundu_true-unreach-call_false-termination.cil.c,svComp-32bit-precise-BE-Impulse.epf,CodeCheckWithBE-C.xml,ExpectedResult: SAFE UltimateResult: TIMEOUT   [ShortDescription: Timeout LongDescription: Unable to prove that call of __VERIFIER_error() unreachable (line 9)],35949999850.0,4003987456,22,0,1936,0,10891,171,1.0
,heap-manipulation,dll_of_dll_true-unreach-call.i,svComp-32bit-precise-BE-Impulse.epf,CodeCheckWithBE-C.xml,ExpectedResult: SAFE UltimateResult: EXCEPTION_OR_ERROR   [de.uni_freiburg.informatik.ultimate.plugins.generator.codecheck: ClassCastException: de.uni_freiburg.informatik.ultimate.logic.ApplicationTerm cannot be cast to de.uni_freiburg.informatik.ultimate.modelcheckerutils.smt.linearTerms.AffineTerm: de.uni_freiburg.informatik.ultimate.modelcheckerutils.smt.linearTerms.AffineRelation.<init>(AffineRelation.java:54)],406313121.0,3700948992,-,-,-,-,-,-,-
,loop-acceleration,phases_false-unreach-call1.i,svComp-32bit-precise-BE-Impulse.epf,CodeCheckWithBE-C.xml,ExpectedResult: UNSAFE UltimateResult: EXCEPTION_OR_ERROR   [de.uni_freiburg.informatik.ultimate.plugins.generator.codecheck: AssertionError: no branch was taken: de.uni_freiburg.informatik.ultimate.plugins.generator.rcfgbuilder.RCFGBacktranslator.addCodeBlock(RCFGBacktranslator.java:128)],26548433769.0,3469737984,17,0,504,0,576,168,0.0
,recursive,gcd01_true-unreach-call_true-termination.c,svComp-32bit-precise-BE-Impulse.epf,CodeCheckWithBE-C.xml,ExpectedResult: SAFE UltimateResult: TIMEOUT   [ShortDescription: Timeout LongDescription: Unable to prove that call of __VERIFIER_error() unreachable (line 39)],51042984853.0,3527933952,12,0,976,0,1213,203,0.8461538461538461
,list-properties,simple_true-unreach-call.i,svComp-32bit-precise-BE-Impulse.epf,CodeCheckWithBE-C.xml,ExpectedResult: SAFE UltimateResult: EXCEPTION_OR_ERROR   [de.uni_freiburg.informatik.ultimate.plugins.generator.codecheck: ClassCastException: de.uni_freiburg.informatik.ultimate.logic.ApplicationTerm cannot be cast to de.uni_freiburg.informatik.ultimate.modelcheckerutils.smt.linearTerms.AffineTerm: de.uni_freiburg.informatik.ultimate.modelcheckerutils.smt.linearTerms.AffineRelation.<init>(AffineRelation.java:55)],112499775.0,3470262272,-,-,-,-,-,-,-
,ntdrivers,diskperf_true-unreach-call.i.cil.c,svComp-32bit-precise-BE-Impulse.epf,CodeCheckWithBE-C.xml,ExpectedResult: SAFE UltimateResult: UNSUPPORTED_SYNTAX   [ShortDescription: Unsupported Syntax LongDescription: bitfields are not supported at the moment],26859981,4056940544,-,-,-,-,-,-,-
,array-examples,standard_palindrome_true-unreach-call_ground.i,svComp-32bit-precise-BE-Impulse.epf,CodeCheckWithBE-C.xml,ExpectedResult: SAFE UltimateResult: TIMEOUT   [ShortDescription: Timeout LongDescription: Timout or Toolchain cancelled by user],30023059676.0,412614656,-,-,-,-,-,-,-
,memory-alloca,cstrcpy_unsafe_false-valid-deref.i,svComp-32bit-memsafety-BE-Impulse.epf.epf,CodeCheckWithBE-C.xml,ExpectedResult: UNSAFE_DEREF UltimateResult: SAFE   [ShortDescription: All specifications hold LongDescription: We were not able to verify any specifiation because the program does not contain any specification.],36106954.0,3.50224384E+9,-,-,-,-,-,-,-
,array-examples,standard_partition_false-unreach-call_ground.i,svComp-32bit-precise-BE-Impulse.epf,CodeCheckWithBE-C.xml,ExpectedResult: UNSAFE UltimateResult: TIMEOUT   [ShortDescription: Timeout LongDescription: Timout or Toolchain cancelled by user],30016727037.0,424148992,-,-,-,-,-,-,-
,list-properties,alternating_list_false-unreach-call.i,svComp-32bit-precise-BE-Impulse.epf,CodeCheckWithBE-C.xml,ExpectedResult: UNSAFE UltimateResult: EXCEPTION_OR_ERROR   [de.uni_freiburg.informatik.ultimate.plugins.generator.codecheck: ClassCastException: de.uni_freiburg.informatik.ultimate.logic.ApplicationTerm cannot be cast to de.uni_freiburg.informatik.ultimate.modelcheckerutils.smt.linearTerms.AffineTerm: de.uni_freiburg.informatik.ultimate.modelcheckerutils.smt.linearTerms.AffineRelation.<init>(AffineRelation.java:54)],128998479.0,3494903808,-,-,-,-,-,-,-
,list-ext-properties,test-0232_1_false-valid-memtrack.i,svComp-32bit-memsafety-BE-Impulse.epf.epf,CodeCheckWithBE-C.xml,ExpectedResult: UNSAFE_MEMTRACK UltimateResult: SAFE   [ShortDescription: All specifications hold LongDescription: We were not able to verify any specifiation because the program does not contain any specification.],118670188.0,3503292416,-,-,-,-,-,-,-
,seq-mthreaded,rekcba_nxt_false-unreach-call.2.M4.c,svComp-32bit-precise-BE-Impulse.epf,CodeCheckWithBE-C.xml,ExpectedResult: UNSAFE UltimateResult: SYNTAX_ERROR   [ShortDescription: Type Error LongDescription: Type check failed for BinaryExpression[ARITHMULRealLiteral[0.01745329238]IdentifierExpression[~args_theta_m_l<LOCALbalance_control>]] ShortDescription: Type Error LongDescription: Type check failed for BinaryExpression[ARITHMULBinaryExpression[ARITHMINUSIdentifierExpression[~args_gyro<LOCALbalance_control>]IdentifierExpression[~args_gyro_offset<LOCALbalance_control>]]RealLiteral[0.01745329238]] ShortDescription: Type Error LongDescription: Type check failed for BinaryExpression[ARITHDIVBinaryExpression[ARITHMINUSIdentifierExpression[~tmp_theta_lpf~16<LOCALbalance_control>]IdentifierExpression[~ud_theta_lpf~13GLOBAL]]RealLiteral[0.00400000019]] ShortDescription: Type Error LongDescription: Type check failed (index 0): FunctionApplication[#to_int[BinaryExpression[ARITHPLUSBinaryExpression[ARITHMULRealLiteral[0.00400000019]IdentifierExpression[~tmp_thetadot_cmd_lpf~16<LOCALbalance_control>]]IdentifierExpression[~ud_theta_ref~13GLOBAL]]]] ShortDescription: Type Error LongDescription: Type check failed for BinaryExpression[ARITHMULRealLiteral[0.00400000019]IdentifierExpression[~tmp_psidot~16<LOCALbalance_control>]] ShortDescription: Type Error LongDescription: Type check failed for BinaryExpression[ARITHMINUSRealLiteral[1.0]IdentifierExpression[~A_R~13GLOBAL]] ShortDescription: Type Error LongDescription: Type check failed for BinaryExpression[ARITHDIVIdentifierExpression[~args_cmd_turn<LOCALbalance_control>]RealLiteral[100.0]] ShortDescription: Type Error LongDescription: Type check failed for BinaryExpression[ARITHMULBinaryExpression[ARITHMINUSIdentifierExpression[~ud_theta_ref~13GLOBAL]IdentifierExpression[~tmp_theta~16<LOCALbalance_control>]]RealLiteral[0.00400000019]] ShortDescription: Type Error LongDescription: Type check failed for BinaryExpression[ARITHMULBinaryExpression[ARITHPLUSBinaryExpression[ARITHPLUSBinaryExpression[ARITHMULRealLiteral[0.01745329238]IdentifierExpression[~args_theta_m_l<LOCALbalance_control>]]IdentifierExpression[~ud_psi~13GLOBAL]]BinaryExpression[ARITHPLUSBinaryExpression[ARITHMULRealLiteral[0.01745329238]IdentifierExpression[~args_theta_m_r<LOCALbalance_control>]]IdentifierExpression[~ud_psi~13GLOBAL]]]RealLiteral[0.5]] ShortDescription: Type Error LongDescription: Type check failed for BinaryExpression[ARITHMULRealLiteral[0.00400000019]IdentifierExpression[~tmp_thetadot_cmd_lpf~16<LOCALbalance_control>]] ShortDescription: Type Error LongDescription: Type check failed (index 0): FunctionApplication[#to_int[BinaryExpression[ARITHPLUSBinaryExpression[ARITHMULBinaryExpression[ARITHMINUSRealLiteral[1.0]IdentifierExpression[~A_D~13GLOBAL]]IdentifierExpression[~tmp_theta~16<LOCALbalance_control>]]BinaryExpression[ARITHMULIdentifierExpression[~A_D~13GLOBAL]IdentifierExpression[~ud_theta_lpf~13GLOBAL]]]]] ShortDescription: Type Error LongDescription: Type check failed for BinaryExpression[ARITHDIVIdentifierExpression[~args_cmd_forward<LOCALbalance_control>]RealLiteral[100.0]] ShortDescription: Type Error LongDescription: Type check failed (index 0): FunctionApplication[#to_int[BinaryExpression[ARITHPLUSBinaryExpression[ARITHMULRealLiteral[0.00400000019]IdentifierExpression[~tmp_psidot~16<LOCALbalance_control>]]IdentifierExpression[~ud_psi~13GLOBAL]]]] ShortDescription: Type Error LongDescription: Type check failed for BinaryExpression[ARITHMULRealLiteral[0.01745329238]IdentifierExpression[~args_theta_m_r<LOCALbalance_control>]] ShortDescription: Type Error LongDescription: Type check failed for BinaryExpression[ARITHMULBinaryExpression[ARITHDIVBinaryExpression[ARITHMODBinaryExpression[ARITHPLUSBinaryExpression[ARITHMULIdentifierExpression[~K_I~13GLOBAL]IdentifierExpression[~ud_err_theta~13GLOBAL]]IdentifierExpression[~tmp_pwm_r_limiter~16<LOCALbalance_control>]]IntegerLiteral[4294967296]]BinaryExpression[ARITHMODBinaryExpression[ARITHMINUSBinaryExpression[ARITHMULIdentifierExpression[~BATTERY_GAIN~13GLOBAL]IdentifierExpression[~args_battery<LOCALbalance_control>]]IdentifierExpression[~BATTERY_OFFSET~13GLOBAL]]IntegerLiteral[4294967296]]]RealLiteral[100.0]] ShortDescription: Type Error LongDescription: Type check failed for BinaryExpression[ARITHMINUSRealLiteral[1.0]IdentifierExpression[~A_D~13GLOBAL]]],847620257,3560439808,-,-,-,-,-,-,-
,array-examples,standard_two_index_05_true-unreach-call.i,svComp-32bit-precise-BE-Impulse.epf,CodeCheckWithBE-C.xml,ExpectedResult: SAFE UltimateResult: TIMEOUT   [ShortDescription: Timeout LongDescription: Timout or Toolchain cancelled by user],30011988324.0,5.5312384E+8,-,-,-,-,-,-,-
,eca-rers2012,Problem02_label35_true-unreach-call.c,svComp-32bit-precise-BE-Impulse.epf,CodeCheckWithBE-C.xml,ExpectedResult: SAFE UltimateResult: TIMEOUT   [ShortDescription: Timeout LongDescription: Timout or Toolchain cancelled by user],30217123932.0,3784835072,-,-,-,-,-,-,-
,eca-rers2012,Problem09_label42_true-unreach-call.c,svComp-32bit-precise-BE-Impulse.epf,CodeCheckWithBE-C.xml,ExpectedResult: SAFE UltimateResult: TIMEOUT   [ShortDescription: Timeout LongDescription: Timout or Toolchain cancelled by user],30384800250,3846701056,-,-,-,-,-,-,-
,bitvector-regression,signextension_true-unreach-call.i,svComp-32bit-precise-BE-Impulse.epf,CodeCheckWithBE-C.xml,ExpectedResult: SAFE UltimateResult: UNSAFE   a call of __VERIFIER_error() is reachable ,55623847.0,392691712,-,-,-,-,-,-,-
,ldv-validator-v0.6,linux-stable-d47b389-1-32_7a-drivers--media--video--cx88--cx88-blackbird.ko-entry_point_false-unreach-call.cil.out.c,svComp-64bit-precise-BE-Impulse.epf,CodeCheckWithBE-C.xml,ExpectedResult: UNSAFE UltimateResult: UNSUPPORTED_SYNTAX   [ShortDescription: Unsupported Syntax LongDescription: bitfields are not supported at the moment],56647682,3325558784,-,-,-,-,-,-,-
,heap-manipulation,sll_to_dll_rev_true-unreach-call.i,svComp-32bit-precise-BE-Impulse.epf,CodeCheckWithBE-C.xml,ExpectedResult: SAFE UltimateResult: TIMEOUT   [ShortDescription: Timeout LongDescription: Timout or Toolchain cancelled by user],38171654102.0,3592421376,-,-,-,-,-,-,-
,ssh-simplified,s3_srvr_13_false-unreach-call.cil.c,svComp-32bit-precise-BE-Impulse.epf,CodeCheckWithBE-C.xml,ExpectedResult: UNSAFE UltimateResult: UNSAFE   a call of __VERIFIER_error() is reachable ,24435626633.0,530055168,152,0,3979,0,31881,578,0.9196428571428571
,ldv-linux-3.4-simple,43_1a_cilled_false-unreach-call_ok_linux-43_1a-drivers--scsi--megaraid--megaraid_mm.ko-ldv_main0_sequence_infinite_withcheck_stateful.cil.out.c,svComp-64bit-precise-BE-Impulse.epf,CodeCheckWithBE-C.xml,ExpectedResult: UNSAFE UltimateResult: UNSUPPORTED_SYNTAX   [ShortDescription: Unsupported Syntax LongDescription: bitfields are not supported at the moment],85364859,564658176,-,-,-,-,-,-,-
,ldv-consumption,32_7a_cilled_true-unreach-call_linux-3.8-rc1-drivers--media--usb--em28xx--em28xx.ko-main.cil.out.c,svComp-64bit-precise-BE-Impulse.epf,CodeCheckWithBE-C.xml,ExpectedResult: SAFE UltimateResult: UNSUPPORTED_SYNTAX   [ShortDescription: Unsupported Syntax LongDescription: bitfields are not supported at the moment],351898682,554696704,-,-,-,-,-,-,-
,loops,string_true-unreach-call.i,svComp-32bit-precise-BE-Impulse.epf,CodeCheckWithBE-C.xml,ExpectedResult: SAFE UltimateResult: SAFE   [ShortDescription: All specifications hold LongDescription: 1 specifications checked. All of them hold],981103186.0,3500670976,15,0,419,0,1180,91,0.7619047619047619
,ddv-machzwd,ddv_machzwd_outb_false-unreach-call.i,svComp-32bit-precise-BE-Impulse.epf,CodeCheckWithBE-C.xml,ExpectedResult: UNSAFE UltimateResult: EXCEPTION_OR_ERROR   [de.uni_freiburg.informatik.ultimate.plugins.generator.cacsl2boogietranslator: EmptyStackException: null: java.util.Stack.peek(Stack.java:102)],30513585.0,3.43670784E+9,-,-,-,-,-,-,-
,list-ext-properties,test-0019_1_true-valid-memsafety.i,svComp-32bit-memsafety-BE-Impulse.epf.epf,CodeCheckWithBE-C.xml,ExpectedResult: SAFE UltimateResult: SAFE   [ShortDescription: All specifications hold LongDescription: We were not able to verify any specifiation because the program does not contain any specification.],70553764.0,3503292416,-,-,-,-,-,-,-
,array-examples,standard_init5_false-unreach-call_ground.i,svComp-32bit-precise-BE-Impulse.epf,CodeCheckWithBE-C.xml,ExpectedResult: UNSAFE UltimateResult: TIMEOUT   [ShortDescription: Timeout LongDescription: Timout or Toolchain cancelled by user],29998364453.0,5.24288E+8,-,-,-,-,-,-,-
,ssh,s3_srvr.blast.01_true-unreach-call.i.cil.c,svComp-32bit-precise-BE-Impulse.epf,CodeCheckWithBE-C.xml,ExpectedResult: SAFE UltimateResult: EXCEPTION_OR_ERROR   [de.uni_freiburg.informatik.ultimate.plugins.generator.codecheck: ClassCastException: null],13522606610.0,4093640704,-,-,-,-,-,-,-
,ssh,s3_clnt.blast.03_false-unreach-call.i.cil.c,svComp-32bit-precise-BE-Impulse.epf,CodeCheckWithBE-C.xml,ExpectedResult: UNSAFE UltimateResult: EXCEPTION_OR_ERROR   [de.uni_freiburg.informatik.ultimate.plugins.generator.codecheck: ClassCastException: null],18258756942.0,4076863488,-,-,-,-,-,-,-
,ntdrivers-simplified,kbfiltr_simpl2_true-unreach-call_true-termination.cil.c,svComp-32bit-precise-BE-Impulse.epf,CodeCheckWithBE-C.xml,ExpectedResult: SAFE UltimateResult: TIMEOUT   [ShortDescription: Timeout LongDescription: Unable to prove that call of __VERIFIER_error() unreachable (line 1325)],31183599005.0,516947968,41,0,1393,0,20986,240,1.0
,ntdrivers,parport_false-unreach-call.i.cil.c,svComp-32bit-precise-BE-Impulse.epf,CodeCheckWithBE-C.xml,ExpectedResult: UNSAFE UltimateResult: UNSUPPORTED_SYNTAX   [ShortDescription: Unsupported Syntax LongDescription: bitfields are not supported at the moment],77862884,4056940544,-,-,-,-,-,-,-
,seq-pthread,cs_lazy_false-unreach-call.i,svComp-32bit-precise-BE-Impulse.epf,CodeCheckWithBE-C.xml,ExpectedResult: UNSAFE UltimateResult: EXCEPTION_OR_ERROR   [de.uni_freiburg.informatik.ultimate.plugins.generator.codecheck: ClassCastException: null],1052828529.0,3713531904,-,-,-,-,-,-,-
,ntdrivers-simplified,kbfiltr_simpl2_false-unreach-call_true-termination.cil.c,svComp-32bit-precise-BE-Impulse.epf,CodeCheckWithBE-C.xml,ExpectedResult: UNSAFE UltimateResult: TIMEOUT   [ShortDescription: Timeout LongDescription: Unable to prove that call of __VERIFIER_error() unreachable (line 1327)],31353588315.0,475529216,43,0,1312,0,21486,229,1.0
,list-ext-properties,960521-1_1_false-valid-free.i,svComp-32bit-memsafety-BE-Impulse.epf.epf,CodeCheckWithBE-C.xml,ExpectedResult: UNSAFE_FREE UltimateResult: SAFE   [ShortDescription: All specifications hold LongDescription: We were not able to verify any specifiation because the program does not contain any specification.],62743698.0,3503816704,-,-,-,-,-,-,-
,locks,test_locks_14_false-unreach-call.c,svComp-32bit-precise-BE-Impulse.epf,CodeCheckWithBE-C.xml,ExpectedResult: UNSAFE UltimateResult: UNSAFE   a call of __VERIFIER_error() is reachable ,827973845.0,543686656,2,0,6,0,40,1,1.0
,eca-rers2012,Problem11_label43_false-unreach-call.c,svComp-32bit-precise-BE-Impulse.epf,CodeCheckWithBE-C.xml,ExpectedResult: UNSAFE UltimateResult: TIMEOUT   [ShortDescription: Timeout LongDescription: Timout or Toolchain cancelled by user],29998496214.0,3867148288,-,-,-,-,-,-,-
,ldv-linux-3.12-rc1,linux-3.12-rc1.tar.xz-144_2a-drivers--staging--media--go7007--go7007-loader.ko-entry_point_false-unreach-call.cil.out.c,svComp-64bit-precise-BE-Impulse.epf,CodeCheckWithBE-C.xml,ExpectedResult: UNSAFE UltimateResult: UNSUPPORTED_SYNTAX   [ShortDescription: Unsupported Syntax LongDescription: bitfields are not supported at the moment],24152487,554696704,-,-,-,-,-,-,-
,seq-mthreaded,pals_floodmax.3_true-unreach-call.ufo.UNBOUNDED.pals.c,svComp-32bit-precise-BE-Impulse.epf,CodeCheckWithBE-C.xml,ExpectedResult: SAFE UltimateResult: TIMEOUT   [ShortDescription: Timeout LongDescription: Timout or Toolchain cancelled by user],29998347709.0,3537371136,-,-,-,-,-,-,-
,seq-mthreaded,pals_lcr-var-start-time.6_true-unreach-call.ufo.UNBOUNDED.pals.c,svComp-32bit-precise-BE-Impulse.epf,CodeCheckWithBE-C.xml,ExpectedResult: SAFE UltimateResult: TIMEOUT   [ShortDescription: Timeout LongDescription: Timout or Toolchain cancelled by user],30002559325.0,3547856896,-,-,-,-,-,-,-
,ssh,s3_clnt.blast.04_false-unreach-call.i.cil.c,svComp-32bit-precise-BE-Impulse.epf,CodeCheckWithBE-C.xml,ExpectedResult: UNSAFE UltimateResult: EXCEPTION_OR_ERROR   [de.uni_freiburg.informatik.ultimate.plugins.generator.codecheck: ClassCastException: null],18471134129.0,4086300672,-,-,-,-,-,-,-
,bitvector,s3_clnt_1_false-unreach-call.BV.c.cil.c,svComp-32bit-precise-BE-Impulse.epf,CodeCheckWithBE-C.xml,ExpectedResult: UNSAFE UltimateResult: EXCEPTION_OR_ERROR   [de.uni_freiburg.informatik.ultimate.plugins.generator.rcfgbuilder: SMTLIBException: line 1009 column 581: logic does not support nonlinear arithmetic: de.uni_freiburg.informatik.ultimate.smtsolver.external.Parser$Action$.CUP$do_action(Parser.java:1338)],111316052.0,383254528,-,-,-,-,-,-,-
,array-examples,standard_copy2_false-unreach-call_ground.i,svComp-32bit-precise-BE-Impulse.epf,CodeCheckWithBE-C.xml,ExpectedResult: UNSAFE UltimateResult: TIMEOUT   [ShortDescription: Timeout LongDescription: Timout or Toolchain cancelled by user],30012004173.0,548405248,-,-,-,-,-,-,-
,seq-mthreaded,pals_lcr.8_false-unreach-call.1.ufo.UNBOUNDED.pals.c,svComp-32bit-precise-BE-Impulse.epf,CodeCheckWithBE-C.xml,ExpectedResult: UNSAFE UltimateResult: TIMEOUT   [ShortDescription: Timeout LongDescription: Timout or Toolchain cancelled by user],30002014584.0,3557818368,-,-,-,-,-,-,-
,ldv-linux-3.7.3,main17_false-unreach-call_drivers-gpu-drm-vmwgfx-vmwgfx-ko--32_7a--linux-3.5.c,svComp-64bit-precise-BE-Impulse.epf,CodeCheckWithBE-C.xml,ExpectedResult: UNSAFE UltimateResult: UNSUPPORTED_SYNTAX   [ShortDescription: Unsupported Syntax LongDescription: bitfields are not supported at the moment],197305666,3321888768,-,-,-,-,-,-,-
,array-examples,sanfoundry_43_true-unreach-call_ground.i,svComp-32bit-precise-BE-Impulse.epf,CodeCheckWithBE-C.xml,ExpectedResult: SAFE UltimateResult: EXCEPTION_OR_ERROR   [de.uni_freiburg.informatik.ultimate.boogie.preprocessor: StackOverflowError: null: java.util.Vector$ListItr.<init>(Vector.java:1165)],827246740.0,444071936,-,-,-,-,-,-,-
,bitvector-regression,integerpromotion_true-unreach-call.i,svComp-32bit-precise-BE-Impulse.epf,CodeCheckWithBE-C.xml,ExpectedResult: SAFE UltimateResult: UNSAFE   a call of __VERIFIER_error() is reachable ,110697354.0,392691712,-,-,-,-,-,-,-
,loops,linear_search_false-unreach-call.i,svComp-32bit-precise-BE-Impulse.epf,CodeCheckWithBE-C.xml,ExpectedResult: UNSAFE UltimateResult: UNSUPPORTED_SYNTAX   [ShortDescription: Unsupported Syntax LongDescription: we need to generalize this to nested and/or variable length arrays],2958054.0,3.50224384E+9,-,-,-,-,-,-,-
,ntdrivers-simplified,floppy_simpl4_false-unreach-call_true-termination.cil.c,svComp-32bit-precise-BE-Impulse.epf,CodeCheckWithBE-C.xml,ExpectedResult: UNSAFE UltimateResult: TIMEOUT   [ShortDescription: Timeout LongDescription: Unable to prove that call of __VERIFIER_error() unreachable (line 2163)],30994581600,492306432,45,0,1272,0,26352,316,1.0
,seq-pthread,cs_read_write_lock_false-unreach-call.i,svComp-32bit-precise-BE-Impulse.epf,CodeCheckWithBE-C.xml,ExpectedResult: UNSAFE UltimateResult: EXCEPTION_OR_ERROR   [de.uni_freiburg.informatik.ultimate.plugins.generator.codecheck: ClassCastException: null],1961940011.0,3920101376,-,-,-,-,-,-,-
,bitvector,byte_add_false-unreach-call.i,svComp-32bit-precise-BE-Impulse.epf,CodeCheckWithBE-C.xml,ExpectedResult: UNSAFE UltimateResult: UNSAFE   a call of __VERIFIER_error() is reachable ,1057152348.0,392691712,9,0,180,0,770,60,0.3333333333333333
,seq-pthread,cs_fib_longer_false-unreach-call.i,svComp-32bit-precise-BE-Impulse.epf,CodeCheckWithBE-C.xml,ExpectedResult: UNSAFE UltimateResult: EXCEPTION_OR_ERROR   [de.uni_freiburg.informatik.ultimate.plugins.generator.rcfgbuilder: OutOfMemoryError: Java heap space: java.util.Arrays.copyOf(Arrays.java:2367)],7552068461.0,3657957376,-,-,-,-,-,-,-
,eca-rers2012,Problem18_label03_false-unreach-call.c,svComp-32bit-precise-BE-Impulse.epf,CodeCheckWithBE-C.xml,ExpectedResult: UNSAFE UltimateResult: NO_RESULT   NO_RESULT,40825121950.0,3671064576,-,-,-,-,-,-,-
,ntdrivers-simplified,diskperf_simpl1_true-unreach-call_true-termination.cil.c,svComp-32bit-precise-BE-Impulse.epf,CodeCheckWithBE-C.xml,ExpectedResult: SAFE UltimateResult: TIMEOUT   [ShortDescription: Timeout LongDescription: Unable to prove that call of __VERIFIER_error() unreachable (line 34)],30134851555,5.0593792E+8,42,0,1372,0,22555,273,1.0
,seq-mthreaded,rekh_aso_true-unreach-call.1.M4.c,svComp-32bit-precise-BE-Impulse.epf,CodeCheckWithBE-C.xml,ExpectedResult: SAFE UltimateResult: SYNTAX_ERROR   [ShortDescription: Type Error LongDescription: Type check failed for BinaryExpression[ARITHMULBinaryExpression[ARITHDIVBinaryExpression[ARITHMODBinaryExpression[ARITHPLUSBinaryExpression[ARITHMULIdentifierExpression[~K_I~14GLOBAL]IdentifierExpression[~ud_err_theta~14GLOBAL]]IdentifierExpression[~tmp_pwm_r_limiter~17<LOCALbalance_control>]]IntegerLiteral[4294967296]]BinaryExpression[ARITHMODBinaryExpression[ARITHMINUSBinaryExpression[ARITHMULIdentifierExpression[~BATTERY_GAIN~14GLOBAL]IdentifierExpression[~args_battery<LOCALbalance_control>]]IdentifierExpression[~BATTERY_OFFSET~14GLOBAL]]IntegerLiteral[4294967296]]]RealLiteral[100.0]] ShortDescription: Type Error LongDescription: Type check failed for BinaryExpression[ARITHDIVIdentifierExpression[~args_cmd_forward<LOCALbalance_control>]RealLiteral[100.0]] ShortDescription: Type Error LongDescription: Type check failed (index 0): FunctionApplication[#to_int[BinaryExpression[ARITHPLUSBinaryExpression[ARITHMULRealLiteral[0.00400000019]IdentifierExpression[~tmp_psidot~17<LOCALbalance_control>]]IdentifierExpression[~ud_psi~14GLOBAL]]]] ShortDescription: Type Error LongDescription: Type check failed (index 0): FunctionApplication[#to_int[BinaryExpression[ARITHPLUSBinaryExpression[ARITHMULRealLiteral[0.00400000019]IdentifierExpression[~tmp_thetadot_cmd_lpf~17<LOCALbalance_control>]]IdentifierExpression[~ud_theta_ref~14GLOBAL]]]] ShortDescription: Type Error LongDescription: Type check failed for BinaryExpression[ARITHMULBinaryExpression[ARITHPLUSBinaryExpression[ARITHPLUSBinaryExpression[ARITHMULRealLiteral[0.01745329238]IdentifierExpression[~args_theta_m_l<LOCALbalance_control>]]IdentifierExpression[~ud_psi~14GLOBAL]]BinaryExpression[ARITHPLUSBinaryExpression[ARITHMULRealLiteral[0.01745329238]IdentifierExpression[~args_theta_m_r<LOCALbalance_control>]]IdentifierExpression[~ud_psi~14GLOBAL]]]RealLiteral[0.5]] ShortDescription: Type Error LongDescription: Type check failed for BinaryExpression[ARITHMINUSRealLiteral[1.0]IdentifierExpression[~A_D~14GLOBAL]] ShortDescription: Type Error LongDescription: Type check failed for BinaryExpression[ARITHMULRealLiteral[0.00400000019]IdentifierExpression[~tmp_psidot~17<LOCALbalance_control>]] ShortDescription: Type Error LongDescription: Type check failed for BinaryExpression[ARITHDIVIdentifierExpression[~args_cmd_turn<LOCALbalance_control>]RealLiteral[100.0]] ShortDescription: Type Error LongDescription: Type check failed (index 0): FunctionApplication[#to_int[BinaryExpression[ARITHPLUSBinaryExpression[ARITHMULBinaryExpression[ARITHMINUSRealLiteral[1.0]IdentifierExpression[~A_D~14GLOBAL]]IdentifierExpression[~tmp_theta~17<LOCALbalance_control>]]BinaryExpression[ARITHMULIdentifierExpression[~A_D~14GLOBAL]IdentifierExpression[~ud_theta_lpf~14GLOBAL]]]]] ShortDescription: Type Error LongDescription: Type check failed for BinaryExpression[ARITHDIVBinaryExpression[ARITHMINUSIdentifierExpression[~tmp_theta_lpf~17<LOCALbalance_control>]IdentifierExpression[~ud_theta_lpf~14GLOBAL]]RealLiteral[0.00400000019]] ShortDescription: Type Error LongDescription: Type check failed for BinaryExpression[ARITHMINUSRealLiteral[1.0]IdentifierExpression[~A_R~14GLOBAL]] ShortDescription: Type Error LongDescription: Type check failed for BinaryExpression[ARITHMULBinaryExpression[ARITHMINUSIdentifierExpression[~args_gyro<LOCALbalance_control>]IdentifierExpression[~args_gyro_offset<LOCALbalance_control>]]RealLiteral[0.01745329238]] ShortDescription: Type Error LongDescription: Type check failed for BinaryExpression[ARITHMULRealLiteral[0.01745329238]IdentifierExpression[~args_theta_m_l<LOCALbalance_control>]] ShortDescription: Type Error LongDescription: Type check failed for BinaryExpression[ARITHMULBinaryExpression[ARITHMINUSIdentifierExpression[~ud_theta_ref~14GLOBAL]IdentifierExpression[~tmp_theta~17<LOCALbalance_control>]]RealLiteral[0.00400000019]] ShortDescription: Type Error LongDescription: Type check failed for BinaryExpression[ARITHMULRealLiteral[0.01745329238]IdentifierExpression[~args_theta_m_r<LOCALbalance_control>]] ShortDescription: Type Error LongDescription: Type check failed for BinaryExpression[ARITHMULRealLiteral[0.00400000019]IdentifierExpression[~tmp_thetadot_cmd_lpf~17<LOCALbalance_control>]]],77845938,3560964096,-,-,-,-,-,-,-
,eca-rers2012,Problem03_label08_true-unreach-call.c,svComp-32bit-precise-BE-Impulse.epf,CodeCheckWithBE-C.xml,ExpectedResult: SAFE UltimateResult: NO_RESULT   NO_RESULT,34338941158,3817865216,-,-,-,-,-,-,-
,ddv-machzwd,ddv_machzwd_inw_false-unreach-call.i,svComp-32bit-precise-BE-Impulse.epf,CodeCheckWithBE-C.xml,ExpectedResult: UNSAFE UltimateResult: EXCEPTION_OR_ERROR   [de.uni_freiburg.informatik.ultimate.plugins.generator.cacsl2boogietranslator: EmptyStackException: null: java.util.Stack.peek(Stack.java:102)],43507355.0,3840933888,-,-,-,-,-,-,-
,array-examples,standard_copy8_true-unreach-call_ground.i,svComp-32bit-precise-BE-Impulse.epf,CodeCheckWithBE-C.xml,ExpectedResult: SAFE UltimateResult: TIMEOUT   [ShortDescription: Timeout LongDescription: Timout or Toolchain cancelled by user],30065442644.0,443547648,-,-,-,-,-,-,-
,eca-rers2012,Problem13_label24_false-unreach-call.c,svComp-32bit-precise-BE-Impulse.epf,CodeCheckWithBE-C.xml,ExpectedResult: UNSAFE UltimateResult: NO_RESULT   NO_RESULT,77719346593,3817865216,-,-,-,-,-,-,-
,heap-manipulation,sll_to_dll_rev_false-unreach-call.i,svComp-32bit-precise-BE-Impulse.epf,CodeCheckWithBE-C.xml,ExpectedResult: UNSAFE UltimateResult: EXCEPTION_OR_ERROR   [de.uni_freiburg.informatik.ultimate.plugins.generator.codecheck: ClassCastException: de.uni_freiburg.informatik.ultimate.logic.ApplicationTerm cannot be cast to de.uni_freiburg.informatik.ultimate.modelcheckerutils.smt.linearTerms.AffineTerm: de.uni_freiburg.informatik.ultimate.modelcheckerutils.smt.linearTerms.AffineRelation.<init>(AffineRelation.java:54)],14255765577.0,3615490048,-,-,-,-,-,-,-
,eca-rers2012,Problem09_label53_false-unreach-call.c,svComp-32bit-precise-BE-Impulse.epf,CodeCheckWithBE-C.xml,ExpectedResult: UNSAFE UltimateResult: TIMEOUT   [ShortDescription: Timeout LongDescription: Timout or Toolchain cancelled by user],30411809898,3817865216,-,-,-,-,-,-,-
,systemc,token_ring.06_false-unreach-call_false-termination.cil.c,svComp-32bit-precise-BE-Impulse.epf,CodeCheckWithBE-C.xml,ExpectedResult: UNSAFE UltimateResult: TIMEOUT   [ShortDescription: Timeout LongDescription: Unable to prove that call of __VERIFIER_error() unreachable (line 10)],33273994295.0,4.05536768E+9,23,0,2528,0,23074,104,1.0
,list-properties,splice_true-unreach-call.i,svComp-32bit-precise-BE-Impulse.epf,CodeCheckWithBE-C.xml,ExpectedResult: SAFE UltimateResult: EXCEPTION_OR_ERROR   [de.uni_freiburg.informatik.ultimate.plugins.generator.codecheck: ClassCastException: de.uni_freiburg.informatik.ultimate.logic.ApplicationTerm cannot be cast to de.uni_freiburg.informatik.ultimate.modelcheckerutils.smt.linearTerms.AffineTerm: de.uni_freiburg.informatik.ultimate.modelcheckerutils.smt.linearTerms.AffineRelation.<init>(AffineRelation.java:54)],600780081.0,3466067968,-,-,-,-,-,-,-
,systemc,transmitter.16_false-unreach-call_false-termination.cil.c,svComp-32bit-precise-BE-Impulse.epf,CodeCheckWithBE-C.xml,ExpectedResult: UNSAFE UltimateResult: UNSAFE   a call of __VERIFIER_error() is reachable ,8907236865.0,4080009216,12,0,1961,0,21327,81,1.0
,ssh-simplified,s3_clnt_1_false-unreach-call.cil.c,svComp-32bit-precise-BE-Impulse.epf,CodeCheckWithBE-C.xml,ExpectedResult: UNSAFE UltimateResult: UNSAFE   a call of __VERIFIER_error() is reachable ,7297910812.0,5.1642368E+8,73,0,2626,0,15208,377,0.7271689497716894
,ntdrivers-simplified,cdaudio_simpl1_true-unreach-call_true-termination.cil.c,svComp-32bit-precise-BE-Impulse.epf,CodeCheckWithBE-C.xml,ExpectedResult: SAFE UltimateResult: TIMEOUT   [ShortDescription: Timeout LongDescription: Unable to prove that call of __VERIFIER_error() unreachable (line 36)],30114665447,506986496,49,0,2052,0,29447,557,1.0
,eca-rers2012,Problem10_label09_true-unreach-call.c,svComp-32bit-precise-BE-Impulse.epf,CodeCheckWithBE-C.xml,ExpectedResult: SAFE UltimateResult: TIMEOUT   [ShortDescription: Timeout LongDescription: Timout or Toolchain cancelled by user],29997575997.0,3677356032,-,-,-,-,-,-,-
,heap-manipulation,merge_sort_false-unreach-call.i,svComp-32bit-precise-BE-Impulse.epf,CodeCheckWithBE-C.xml,ExpectedResult: UNSAFE UltimateResult: SYNTAX_ERROR   [ShortDescription: Type Error LongDescription: ~node~31already declared as local variable],16186434.0,3669491712,-,-,-,-,-,-,-
,loop-invgen,nested6_true-unreach-call.i,svComp-32bit-precise-BE-Impulse.epf,CodeCheckWithBE-C.xml,ExpectedResult: SAFE UltimateResult: TIMEOUT   [ShortDescription: Timeout LongDescription: Unable to prove that call of __VERIFIER_error() unreachable (line 5)],32584490838.0,3.4865152E+9,38,0,1946,0,2488,220,0.9242105263157895
,ssh,s3_srvr.blast.03_false-unreach-call.i.cil.c,svComp-32bit-precise-BE-Impulse.epf,CodeCheckWithBE-C.xml,ExpectedResult: UNSAFE UltimateResult: UNSAFE   a call of __VERIFIER_error() is reachable ,32740235938.0,4113563648,33,0,732,0,11200,118,0.42574257425742573
,heap-manipulation,bubble_sort_linux_false-unreach-call.i,svComp-32bit-precise-BE-Impulse.epf,CodeCheckWithBE-C.xml,ExpectedResult: UNSAFE UltimateResult: EXCEPTION_OR_ERROR   [de.uni_freiburg.informatik.ultimate.plugins.generator.codecheck: ClassCastException: de.uni_freiburg.informatik.ultimate.logic.ApplicationTerm cannot be cast to de.uni_freiburg.informatik.ultimate.modelcheckerutils.smt.linearTerms.AffineTerm: de.uni_freiburg.informatik.ultimate.modelcheckerutils.smt.linearTerms.AffineRelation.<init>(AffineRelation.java:55)],1643171076.0,3741843456,-,-,-,-,-,-,-
,array-examples,standard_copyInitSum2_true-unreach-call_ground.i,svComp-32bit-precise-BE-Impulse.epf,CodeCheckWithBE-C.xml,ExpectedResult: SAFE UltimateResult: TIMEOUT   [ShortDescription: Timeout LongDescription: Timout or Toolchain cancelled by user],30005178729.0,497549312,-,-,-,-,-,-,-
,bitvector-regression,pointer_extension_false-unreach-call.i,svComp-32bit-precise-BE-Impulse.epf,CodeCheckWithBE-C.xml,ExpectedResult: UNSAFE UltimateResult: UNSAFE   a call of __VERIFIER_error() is reachable ,73772166.0,392691712,-,-,-,-,-,-,-
,list-properties,list_flag_true-unreach-call.i,svComp-32bit-precise-BE-Impulse.epf,CodeCheckWithBE-C.xml,ExpectedResult: SAFE UltimateResult: EXCEPTION_OR_ERROR   [de.uni_freiburg.informatik.ultimate.plugins.generator.codecheck: ClassCastException: de.uni_freiburg.informatik.ultimate.logic.ApplicationTerm cannot be cast to de.uni_freiburg.informatik.ultimate.modelcheckerutils.smt.linearTerms.AffineTerm: de.uni_freiburg.informatik.ultimate.modelcheckerutils.smt.linearTerms.AffineRelation.<init>(AffineRelation.java:54)],124083618.0,3474980864,-,-,-,-,-,-,-
,systemc,token_ring.02_true-unreach-call_false-termination.cil.c,svComp-32bit-precise-BE-Impulse.epf,CodeCheckWithBE-C.xml,ExpectedResult: SAFE UltimateResult: TIMEOUT   [ShortDescription: Timeout LongDescription: Unable to prove that call of __VERIFIER_error() unreachable (line 10)],30516711518.0,4.03963904E+9,21,0,1943,0,10806,121,1.0
,loop-lit,gj2007b_true-unreach-call.c.i,svComp-32bit-precise-BE-Impulse.epf,CodeCheckWithBE-C.xml,ExpectedResult: SAFE UltimateResult: SAFE   [ShortDescription: All specifications hold LongDescription: 1 specifications checked. All of them hold],586403426.0,3489660928,8,0,283,0,235,90,0.17647058823529413
,recursive,Addition03_false-unreach-call.c,svComp-32bit-precise-BE-Impulse.epf,CodeCheckWithBE-C.xml,ExpectedResult: UNSAFE UltimateResult: TIMEOUT   [ShortDescription: Timeout LongDescription: Unable to prove that call of __VERIFIER_error() unreachable (line 33)],38096841662.0,3515875328,11,0,627,0,970,112,0.3898305084745763
,ntdrivers,diskperf_false-unreach-call.i.cil.c,svComp-32bit-precise-BE-Impulse.epf,CodeCheckWithBE-C.xml,ExpectedResult: UNSAFE UltimateResult: UNSUPPORTED_SYNTAX   [ShortDescription: Unsupported Syntax LongDescription: bitfields are not supported at the moment],27096616,4083154944,-,-,-,-,-,-,-
,ldv-regression,rule60_list.c_true-unreach-call.i,svComp-32bit-precise-BE-Impulse.epf,CodeCheckWithBE-C.xml,ExpectedResult: SAFE UltimateResult: EXCEPTION_OR_ERROR   [de.uni_freiburg.informatik.ultimate.plugins.generator.codecheck: ClassCastException: de.uni_freiburg.informatik.ultimate.logic.ApplicationTerm cannot be cast to de.uni_freiburg.informatik.ultimate.modelcheckerutils.smt.linearTerms.AffineTerm: de.uni_freiburg.informatik.ultimate.modelcheckerutils.smt.linearTerms.AffineRelation.<init>(AffineRelation.java:54)],86419731.0,3503292416,-,-,-,-,-,-,-
,seq-pthread,cs_lamport_true-unreach-call.i,svComp-32bit-precise-BE-Impulse.epf,CodeCheckWithBE-C.xml,ExpectedResult: SAFE UltimateResult: EXCEPTION_OR_ERROR   [de.uni_freiburg.informatik.ultimate.plugins.generator.codecheck: ClassCastException: null],1374705048.0,3.71458048E+9,-,-,-,-,-,-,-
,seq-pthread,cs_stateful_false-unreach-call.i,svComp-32bit-precise-BE-Impulse.epf,CodeCheckWithBE-C.xml,ExpectedResult: UNSAFE UltimateResult: EXCEPTION_OR_ERROR   [de.uni_freiburg.informatik.ultimate.plugins.generator.codecheck: ClassCastException: null],744113692.0,3919577088,-,-,-,-,-,-,-
,ssh,s3_srvr.blast.13_false-unreach-call.i.cil.c,svComp-32bit-precise-BE-Impulse.epf,CodeCheckWithBE-C.xml,ExpectedResult: UNSAFE UltimateResult: EXCEPTION_OR_ERROR   [de.uni_freiburg.informatik.ultimate.plugins.generator.codecheck: ClassCastException: null],18256536535.0,4134535168,-,-,-,-,-,-,-
,loop-new,nested_true-unreach-call.i,svComp-32bit-precise-BE-Impulse.epf,CodeCheckWithBE-C.xml,ExpectedResult: SAFE UltimateResult: TIMEOUT   [ShortDescription: Timeout LongDescription: Timout or Toolchain cancelled by user],30065332714.0,3501719552,-,-,-,-,-,-,-
,ntdrivers-simplified,cdaudio_simpl1_false-unreach-call_true-termination.cil.c,svComp-32bit-precise-BE-Impulse.epf,CodeCheckWithBE-C.xml,ExpectedResult: UNSAFE UltimateResult: TIMEOUT   [ShortDescription: Timeout LongDescription: Unable to prove that call of __VERIFIER_error() unreachable (line 36)],30046276425,5.1642368E+8,52,0,2162,0,31362,585,1.0
,array-examples,sanfoundry_27_true-unreach-call_ground.i,svComp-32bit-precise-BE-Impulse.epf,CodeCheckWithBE-C.xml,ExpectedResult: SAFE UltimateResult: TIMEOUT   [ShortDescription: Timeout LongDescription: Timout or Toolchain cancelled by user],29999222194.0,759693312,-,-,-,-,-,-,-
,loops,for_infinite_loop_2_true-unreach-call_false-termination.i,svComp-32bit-precise-BE-Impulse.epf,CodeCheckWithBE-C.xml,ExpectedResult: SAFE UltimateResult: SAFE   [ShortDescription: All specifications hold LongDescription: 1 specifications checked. All of them hold],90830743.0,3.50224384E+9,4,0,50,0,103,17,1.0
,eca-rers2012,Problem11_label32_true-unreach-call.c,svComp-32bit-precise-BE-Impulse.epf,CodeCheckWithBE-C.xml,ExpectedResult: SAFE UltimateResult: TIMEOUT   [ShortDescription: Timeout LongDescription: Timout or Toolchain cancelled by user],29997115303.0,3762814976,-,-,-,-,-,-,-
,recursive,Addition02_false-unreach-call_false-termination.c,svComp-32bit-precise-BE-Impulse.epf,CodeCheckWithBE-C.xml,ExpectedResult: UNSAFE UltimateResult: UNSAFE   a call of __VERIFIER_error() is reachable ,113236699.0,3513778176,2,0,27,0,34,17,1.0
,recursive,recHanoi01_true-unreach-call_true-termination.c,svComp-32bit-precise-BE-Impulse.epf,CodeCheckWithBE-C.xml,ExpectedResult: SAFE UltimateResult: TIMEOUT   [ShortDescription: Timeout LongDescription: Unable to prove that call of __VERIFIER_error() unreachable (line 51)],32787071616.0,3528982528,11,0,671,0,1782,146,0.6930320150659134
,ssh,s3_srvr.blast.07_false-unreach-call.i.cil.c,svComp-32bit-precise-BE-Impulse.epf,CodeCheckWithBE-C.xml,ExpectedResult: UNSAFE UltimateResult: EXCEPTION_OR_ERROR   [de.uni_freiburg.informatik.ultimate.plugins.generator.codecheck: ClassCastException: null],12734033797.0,4121952256,-,-,-,-,-,-,-
,ntdrivers,floppy2_true-unreach-call.i.cil.c,svComp-32bit-precise-BE-Impulse.epf,CodeCheckWithBE-C.xml,ExpectedResult: SAFE UltimateResult: UNSUPPORTED_SYNTAX   [ShortDescription: Unsupported Syntax LongDescription: bitfields are not supported at the moment],349585007,4056940544,-,-,-,-,-,-,-
,eca-rers2012,Problem17_label41_true-unreach-call.c,svComp-32bit-precise-BE-Impulse.epf,CodeCheckWithBE-C.xml,ExpectedResult: SAFE UltimateResult: NO_RESULT   NO_RESULT,31173925907.0,3.68574464E+9,-,-,-,-,-,-,-
,recursive,Ackermann02_false-unreach-call_false-termination.c,svComp-32bit-precise-BE-Impulse.epf,CodeCheckWithBE-C.xml,ExpectedResult: UNSAFE UltimateResult: UNSAFE   a call of __VERIFIER_error() is reachable ,508340721.0,3508535296,6,0,151,0,310,27,0.7073170731707317
,seq-mthreaded,pals_lcr-var-start-time.5_false-unreach-call.2.ufo.UNBOUNDED.pals.c,svComp-32bit-precise-BE-Impulse.epf,CodeCheckWithBE-C.xml,ExpectedResult: UNSAFE UltimateResult: TIMEOUT   [ShortDescription: Timeout LongDescription: Timout or Toolchain cancelled by user],30414564046.0,3539992576,-,-,-,-,-,-,-
,ssh,s3_srvr.blast.02_true-unreach-call.i.cil.c,svComp-32bit-precise-BE-Impulse.epf,CodeCheckWithBE-C.xml,ExpectedResult: SAFE UltimateResult: EXCEPTION_OR_ERROR   [de.uni_freiburg.informatik.ultimate.plugins.generator.codecheck: ClassCastException: null],25882174561.0,4.10517504E+9,-,-,-,-,-,-,-
,locks,test_locks_9_true-unreach-call.c,svComp-32bit-precise-BE-Impulse.epf,CodeCheckWithBE-C.xml,ExpectedResult: SAFE UltimateResult: SAFE   [ShortDescription: All specifications hold LongDescription: 1 specifications checked. All of them hold],485867408.0,515899392,2,0,6,0,30,1,1.0
,array-examples,data_structures_set_multi_proc_trivial_true-unreach-call_ground.i,svComp-32bit-precise-BE-Impulse.epf,CodeCheckWithBE-C.xml,ExpectedResult: SAFE UltimateResult: EXCEPTION_OR_ERROR   [de.uni_freiburg.informatik.ultimate.boogie.preprocessor: StackOverflowError: null: java.util.Vector$ListItr.<init>(Vector.java:1165)],921711389.0,1.09314048E+9,-,-,-,-,-,-,-
,list-ext-properties,960521-1_1_false-valid-deref.i,svComp-32bit-memsafety-BE-Impulse.epf.epf,CodeCheckWithBE-C.xml,ExpectedResult: UNSAFE_DEREF UltimateResult: SAFE   [ShortDescription: All specifications hold LongDescription: We were not able to verify any specifiation because the program does not contain any specification.],65883180.0,3503816704,-,-,-,-,-,-,-
,loops,sum01_true-unreach-call_true-termination.i,svComp-32bit-precise-BE-Impulse.epf,CodeCheckWithBE-C.xml,ExpectedResult: SAFE UltimateResult: TIMEOUT   [ShortDescription: Timeout LongDescription: Timout or Toolchain cancelled by user],29998507083.0,3503292416,-,-,-,-,-,-,-
,eca-rers2012,Problem19_label46_true-unreach-call.c,svComp-32bit-precise-BE-Impulse.epf,CodeCheckWithBE-C.xml,ExpectedResult: SAFE UltimateResult: NO_RESULT   NO_RESULT,54131928763,3.81943808E+9,-,-,-,-,-,-,-
,ldv-linux-3.12-rc1,linux-3.12-rc1.tar.xz-144_2a-drivers--net--usb--cdc_mbim.ko-entry_point_true-unreach-call.cil.out.c,svComp-64bit-precise-BE-Impulse.epf,CodeCheckWithBE-C.xml,ExpectedResult: SAFE UltimateResult: UNSUPPORTED_SYNTAX   [ShortDescription: Unsupported Syntax LongDescription: bitfields are not supported at the moment],50232786,554696704,-,-,-,-,-,-,-
,ssh-simplified,s3_srvr_6_true-unreach-call.cil.c,svComp-32bit-precise-BE-Impulse.epf,CodeCheckWithBE-C.xml,ExpectedResult: SAFE UltimateResult: TIMEOUT   [ShortDescription: Timeout LongDescription: Timout or Toolchain cancelled by user],30043964699.0,485490688,-,-,-,-,-,-,-
,ssh,s3_srvr.blast.15_true-unreach-call.i.cil.c,svComp-32bit-precise-BE-Impulse.epf,CodeCheckWithBE-C.xml,ExpectedResult: SAFE UltimateResult: EXCEPTION_OR_ERROR   [de.uni_freiburg.informatik.ultimate.plugins.generator.codecheck: ClassCastException: null],13808101764.0,4135059456,-,-,-,-,-,-,-
,recursive,Fibonacci03_true-unreach-call_true-termination.c,svComp-32bit-precise-BE-Impulse.epf,CodeCheckWithBE-C.xml,ExpectedResult: SAFE UltimateResult: TIMEOUT   [ShortDescription: Timeout LongDescription: Unable to prove that call of __VERIFIER_error() unreachable (line 34)],30290268063.0,3518496768,9,0,652,0,852,88,0.5897435897435898
,array-examples,standard_copy5_false-unreach-call_ground.i,svComp-32bit-precise-BE-Impulse.epf,CodeCheckWithBE-C.xml,ExpectedResult: UNSAFE UltimateResult: TIMEOUT   [ShortDescription: Timeout LongDescription: Timout or Toolchain cancelled by user],29998925119.0,507510784,-,-,-,-,-,-,-
,ddv-machzwd,ddv_machzwd_pthread_mutex_unlock_true-unreach-call.i,svComp-32bit-precise-BE-Impulse.epf,CodeCheckWithBE-C.xml,ExpectedResult: SAFE UltimateResult: EXCEPTION_OR_ERROR   [de.uni_freiburg.informatik.ultimate.plugins.generator.cacsl2boogietranslator: EmptyStackException: null: java.util.Stack.peek(Stack.java:102)],17331757.0,3.43670784E+9,-,-,-,-,-,-,-
,ssh-simplified,s3_clnt_4_false-unreach-call.cil.c,svComp-32bit-precise-BE-Impulse.epf,CodeCheckWithBE-C.xml,ExpectedResult: UNSAFE UltimateResult: UNSAFE   a call of __VERIFIER_error() is reachable ,4169059010.0,491782144,32,0,835,0,6106,181,0.7046263345195729
,locks,test_locks_14_true-unreach-call.c,svComp-32bit-precise-BE-Impulse.epf,CodeCheckWithBE-C.xml,ExpectedResult: SAFE UltimateResult: SAFE   [ShortDescription: All specifications hold LongDescription: 1 specifications checked. All of them hold],948634625.0,531628032,2,0,6,0,40,1,1.0
,bitvector,jain_5_true-unreach-call.i,svComp-32bit-precise-BE-Impulse.epf,CodeCheckWithBE-C.xml,ExpectedResult: SAFE UltimateResult: SAFE   [ShortDescription: All specifications hold LongDescription: 1 specifications checked. All of them hold],874841593.0,386400256,6,0,356,0,260,65,0.8
,loop-lit,gj2007_true-unreach-call.c.i,svComp-32bit-precise-BE-Impulse.epf,CodeCheckWithBE-C.xml,ExpectedResult: SAFE UltimateResult: TIMEOUT   [ShortDescription: Timeout LongDescription: Timout or Toolchain cancelled by user],30001431468.0,3488612352,-,-,-,-,-,-,-
,ssh-simplified,s3_srvr_1_true-unreach-call.cil.c,svComp-32bit-precise-BE-Impulse.epf,CodeCheckWithBE-C.xml,ExpectedResult: SAFE UltimateResult: EXCEPTION_OR_ERROR   [de.uni_freiburg.informatik.ultimate.plugins.generator.codecheck: NullPointerException: null: de.uni_freiburg.informatik.ultimate.modelcheckerutils.smt.linearTerms.AffineRelation.onLeftHandSideOnly(AffineRelation.java:179)],11072333832.0,487063552,-,-,-,-,-,-,-
,recursive,Fibonacci05_false-unreach-call_true-termination.c,svComp-32bit-precise-BE-Impulse.epf,CodeCheckWithBE-C.xml,ExpectedResult: UNSAFE UltimateResult: TIMEOUT   [ShortDescription: Timeout LongDescription: Unable to prove that call of __VERIFIER_error() unreachable (line 31)],59268844378.0,3523739648,10,0,787,0,1099,98,0.7474421109316102
,bitvector-regression,implicitunsignedconversion_true-unreach-call.i,svComp-32bit-precise-BE-Impulse.epf,CodeCheckWithBE-C.xml,ExpectedResult: SAFE UltimateResult: SAFE   [ShortDescription: All specifications hold LongDescription: 1 specifications checked. All of them hold],30831957.0,394264576,2,0,4,0,11,1,1.0
,array-examples,standard_allDiff2_false-unreach-call_ground.i,svComp-32bit-precise-BE-Impulse.epf,CodeCheckWithBE-C.xml,ExpectedResult: UNSAFE UltimateResult: TIMEOUT   [ShortDescription: Timeout LongDescription: Timout or Toolchain cancelled by user],29999833926.0,489684992,-,-,-,-,-,-,-
,eca-rers2012,Problem18_label08_false-unreach-call.c,svComp-32bit-precise-BE-Impulse.epf,CodeCheckWithBE-C.xml,ExpectedResult: UNSAFE UltimateResult: NO_RESULT   NO_RESULT,42681957546.0,3742367744,-,-,-,-,-,-,-
,loop-invgen,SpamAssassin-loop_false-unreach-call.i,svComp-32bit-precise-BE-Impulse.epf,CodeCheckWithBE-C.xml,ExpectedResult: UNSAFE UltimateResult: TIMEOUT   [ShortDescription: Timeout LongDescription: Unable to prove that call of __VERIFIER_error() unreachable (line 5)],33168108711.0,3477078016,25,0,1130,0,1651,141,1.0
,bitvector,s3_srvr_2_true-unreach-call.BV.c.cil.c,svComp-32bit-precise-BE-Impulse.epf,CodeCheckWithBE-C.xml,ExpectedResult: SAFE UltimateResult: TIMEOUT   [ShortDescription: Timeout LongDescription: Unable to prove that call of __VERIFIER_error() unreachable (line 669)],30011321162.0,661651456,132,0,6546,0,39064,940,0.878221034548578
,memsafety,test-0220_false-valid-memtrack.i,svComp-32bit-memsafety-BE-Impulse.epf.epf,CodeCheckWithBE-C.xml,ExpectedResult: UNSAFE_MEMTRACK UltimateResult: EXCEPTION_OR_ERROR   [de.uni_freiburg.informatik.ultimate.plugins.generator.rcfgbuilder: SMTLIBException: line 427 column 895: logic does not support nonlinear arithmetic: de.uni_freiburg.informatik.ultimate.smtsolver.external.Parser$Action$.CUP$do_action(Parser.java:1338)],35260599.0,3503292416,-,-,-,-,-,-,-
,array-examples,sorting_bubblesort_false-unreach-call_ground.i,svComp-32bit-precise-BE-Impulse.epf,CodeCheckWithBE-C.xml,ExpectedResult: UNSAFE UltimateResult: TIMEOUT   [ShortDescription: Timeout LongDescription: Timout or Toolchain cancelled by user],30012423668.0,831520768,-,-,-,-,-,-,-
,array-examples,standard_copy7_false-unreach-call_ground.i,svComp-32bit-precise-BE-Impulse.epf,CodeCheckWithBE-C.xml,ExpectedResult: UNSAFE UltimateResult: TIMEOUT   [ShortDescription: Timeout LongDescription: Timout or Toolchain cancelled by user],30007317275.0,483393536,-,-,-,-,-,-,-
,memsafety,test-0236_true-valid-memsafety.i,svComp-32bit-memsafety-BE-Impulse.epf.epf,CodeCheckWithBE-C.xml,ExpectedResult: SAFE UltimateResult: EXCEPTION_OR_ERROR   [de.uni_freiburg.informatik.ultimate.plugins.generator.rcfgbuilder: SMTLIBException: line 742 column 895: logic does not support nonlinear arithmetic: de.uni_freiburg.informatik.ultimate.smtsolver.external.Parser$Action$.CUP$do_action(Parser.java:1338)],59449535.0,3502768128,-,-,-,-,-,-,-
,locks,test_locks_13_true-unreach-call.c,svComp-32bit-precise-BE-Impulse.epf,CodeCheckWithBE-C.xml,ExpectedResult: SAFE UltimateResult: SAFE   [ShortDescription: All specifications hold LongDescription: 1 specifications checked. All of them hold],840667162.0,549978112,2,0,6,0,38,1,1.0
,eca-rers2012,Problem02_label13_false-unreach-call.c,svComp-32bit-precise-BE-Impulse.epf,CodeCheckWithBE-C.xml,ExpectedResult: UNSAFE UltimateResult: TIMEOUT   [ShortDescription: Timeout LongDescription: Timout or Toolchain cancelled by user],29999304853.0,3731357696,-,-,-,-,-,-,-
,array-examples,standard_copy2_true-unreach-call_ground.i,svComp-32bit-precise-BE-Impulse.epf,CodeCheckWithBE-C.xml,ExpectedResult: SAFE UltimateResult: TIMEOUT   [ShortDescription: Timeout LongDescription: Timout or Toolchain cancelled by user],30005194395.0,547356672,-,-,-,-,-,-,-
,loop-acceleration,diamond_false-unreach-call2.i,svComp-32bit-precise-BE-Impulse.epf,CodeCheckWithBE-C.xml,ExpectedResult: UNSAFE UltimateResult: UNSAFE   a call of __VERIFIER_error() is reachable ,138084360.0,3470262272,2,0,9,0,23,3,1.0
,ldv-regression,mutex_lock_struct.c_false-unreach-call.i,svComp-32bit-precise-BE-Impulse.epf,CodeCheckWithBE-C.xml,ExpectedResult: UNSAFE UltimateResult: EXCEPTION_OR_ERROR   [de.uni_freiburg.informatik.ultimate.plugins.generator.codecheck: ClassCastException: de.uni_freiburg.informatik.ultimate.logic.ApplicationTerm cannot be cast to de.uni_freiburg.informatik.ultimate.modelcheckerutils.smt.linearTerms.AffineTerm: de.uni_freiburg.informatik.ultimate.modelcheckerutils.smt.linearTerms.AffineRelation.<init>(AffineRelation.java:54)],52716378.0,3524788224,-,-,-,-,-,-,-
,seq-pthread,cs_dekker_true-unreach-call.i,svComp-32bit-precise-BE-Impulse.epf,CodeCheckWithBE-C.xml,ExpectedResult: SAFE UltimateResult: EXCEPTION_OR_ERROR   [de.uni_freiburg.informatik.ultimate.plugins.generator.codecheck: ClassCastException: null],1171941053.0,3534225408,-,-,-,-,-,-,-
,loop-new,count_by_1_true-unreach-call.i,svComp-32bit-precise-BE-Impulse.epf,CodeCheckWithBE-C.xml,ExpectedResult: SAFE UltimateResult: TIMEOUT   [ShortDescription: Timeout LongDescription: Unable to prove that call of __VERIFIER_error() unreachable (line 5)],30036660880.0,3496476672,66,0,6825,0,11765,2210,0.0
,ldv-regression,just_assert.c_true-unreach-call.i,svComp-32bit-precise-BE-Impulse.epf,CodeCheckWithBE-C.xml,ExpectedResult: SAFE UltimateResult: SAFE   [ShortDescription: All specifications hold LongDescription: 1 specifications checked. All of them hold],19040076.0,3.538944E+9,2,0,4,0,11,1,1.0
,list-properties,list_false-unreach-call.i,svComp-32bit-precise-BE-Impulse.epf,CodeCheckWithBE-C.xml,ExpectedResult: UNSAFE UltimateResult: EXCEPTION_OR_ERROR   [de.uni_freiburg.informatik.ultimate.plugins.generator.codecheck: ClassCastException: de.uni_freiburg.informatik.ultimate.logic.ApplicationTerm cannot be cast to de.uni_freiburg.informatik.ultimate.modelcheckerutils.smt.linearTerms.AffineTerm: de.uni_freiburg.informatik.ultimate.modelcheckerutils.smt.linearTerms.AffineRelation.<init>(AffineRelation.java:54)],168951116.0,3487039488,-,-,-,-,-,-,-
,ldv-commit-tester,main7_true-unreach-call_sound-oss-sound-ko--32_7a--c4cb1dd.c,svComp-64bit-precise-BE-Impulse.epf,CodeCheckWithBE-C.xml,ExpectedResult: SAFE UltimateResult: UNSUPPORTED_SYNTAX   [ShortDescription: Unsupported Syntax LongDescription: bitfields are not supported at the moment],521248799,554696704,-,-,-,-,-,-,-
,array-examples,standard_two_index_06_true-unreach-call.i,svComp-32bit-precise-BE-Impulse.epf,CodeCheckWithBE-C.xml,ExpectedResult: SAFE UltimateResult: TIMEOUT   [ShortDescription: Timeout LongDescription: Timout or Toolchain cancelled by user],30008045462.0,497025024,-,-,-,-,-,-,-
,seq-pthread,cs_queue_true-unreach-call.i,svComp-32bit-precise-BE-Impulse.epf,CodeCheckWithBE-C.xml,ExpectedResult: SAFE UltimateResult: EXCEPTION_OR_ERROR   [de.uni_freiburg.informatik.ultimate.plugins.generator.rcfgbuilder: OutOfMemoryError: Java heap space: java.util.Arrays.copyOf(Arrays.java:2367)],7672779645.0,3855613952,-,-,-,-,-,-,-
,array-examples,data_structures_set_multi_proc_false-unreach-call_ground.i,svComp-32bit-precise-BE-Impulse.epf,CodeCheckWithBE-C.xml,ExpectedResult: UNSAFE UltimateResult: EXCEPTION_OR_ERROR   [de.uni_freiburg.informatik.ultimate.boogie.preprocessor: StackOverflowError: null: de.uni_freiburg.informatik.ultimate.boogie.preprocessor.TypeChecker.findVariable(TypeChecker.java:141)],1628853711,1.06954752E+9,-,-,-,-,-,-,-
,loop-invgen,id_build_true-unreach-call.i,svComp-32bit-precise-BE-Impulse.epf,CodeCheckWithBE-C.xml,ExpectedResult: SAFE UltimateResult: TIMEOUT   [ShortDescription: Timeout LongDescription: Unable to prove that call of __VERIFIER_error() unreachable (line 5)],32990743195.0,3.48127232E+9,19,0,849,0,1735,70,0.9905020352781547
,list-properties,list_flag_false-unreach-call.i,svComp-32bit-precise-BE-Impulse.epf,CodeCheckWithBE-C.xml,ExpectedResult: UNSAFE UltimateResult: EXCEPTION_OR_ERROR   [de.uni_freiburg.informatik.ultimate.plugins.generator.codecheck: ClassCastException: de.uni_freiburg.informatik.ultimate.logic.ApplicationTerm cannot be cast to de.uni_freiburg.informatik.ultimate.modelcheckerutils.smt.linearTerms.AffineTerm: de.uni_freiburg.informatik.ultimate.modelcheckerutils.smt.linearTerms.AffineRelation.<init>(AffineRelation.java:54)],126632786.0,3480223744,-,-,-,-,-,-,-
,loop-invgen,NetBSD_loop_false-unreach-call.i,svComp-32bit-precise-BE-Impulse.epf,CodeCheckWithBE-C.xml,ExpectedResult: UNSAFE UltimateResult: SAFE   [ShortDescription: All specifications hold LongDescription: 1 specifications checked. All of them hold],10403456632.0,3472359424,10,0,585,0,664,105,0.9247648902821317
,ldv-linux-3.7.3,linux-3.10-rc1-43_1a-bitvector-drivers--atm--he.ko-ldv_main0_true-unreach-call.cil.out.c,svComp-64bit-precise-BE-Impulse.epf,CodeCheckWithBE-C.xml,ExpectedResult: SAFE UltimateResult: UNSUPPORTED_SYNTAX   [ShortDescription: Unsupported Syntax LongDescription: bitfields are not supported at the moment],68569780,3321888768,-,-,-,-,-,-,-
,bitvector,soft_float_1_true-unreach-call.c.cil.c,svComp-32bit-precise-BE-Impulse.epf,CodeCheckWithBE-C.xml,ExpectedResult: SAFE UltimateResult: UNSAFE   a call of __VERIFIER_error() is reachable ,1024263164.0,546308096,4,0,170,0,340,82,0.7037037037037037
,memsafety,960521-1_false-valid-free.i,svComp-32bit-memsafety-BE-Impulse.epf.epf,CodeCheckWithBE-C.xml,ExpectedResult: UNSAFE_FREE UltimateResult: SAFE   [ShortDescription: All specifications hold LongDescription: We were not able to verify any specifiation because the program does not contain any specification.],52311692.0,3498049536,-,-,-,-,-,-,-
,loop-acceleration,simple_true-unreach-call1.i,svComp-32bit-precise-BE-Impulse.epf,CodeCheckWithBE-C.xml,ExpectedResult: SAFE UltimateResult: TIMEOUT   [ShortDescription: Timeout LongDescription: Timout or Toolchain cancelled by user],30005309988.0,3471310848,-,-,-,-,-,-,-
,loop-acceleration,phases_false-unreach-call2.i,svComp-32bit-precise-BE-Impulse.epf,CodeCheckWithBE-C.xml,ExpectedResult: UNSAFE UltimateResult: EXCEPTION_OR_ERROR   [de.uni_freiburg.informatik.ultimate.plugins.generator.rcfgbuilder: SMTLIBException: line 97 column 335: logic does not support nonlinear arithmetic: de.uni_freiburg.informatik.ultimate.smtsolver.external.Parser$Action$.CUP$do_action(Parser.java:1338)],12799963.0,3469213696,-,-,-,-,-,-,-
,heap-manipulation,merge_sort_true-unreach-call.i,svComp-32bit-precise-BE-Impulse.epf,CodeCheckWithBE-C.xml,ExpectedResult: SAFE UltimateResult: SYNTAX_ERROR   [ShortDescription: Type Error LongDescription: ~node~31already declared as local variable],17148440.0,3641704448,-,-,-,-,-,-,-
,eca-rers2012,Problem12_label57_true-unreach-call.c,svComp-32bit-precise-BE-Impulse.epf,CodeCheckWithBE-C.xml,ExpectedResult: SAFE UltimateResult: NO_RESULT   NO_RESULT,56264762202,3938451456,-,-,-,-,-,-,-
,bitvector-regression,pointer_extension2_false-unreach-call.i,svComp-32bit-precise-BE-Impulse.epf,CodeCheckWithBE-C.xml,ExpectedResult: UNSAFE UltimateResult: SAFE   [ShortDescription: All specifications hold LongDescription: 1 specifications checked. All of them hold],76804666.0,392691712,2,0,4,0,27,1,1.0
,memsafety-ext,tree_dsw_true-valid-memsafety.i,svComp-32bit-memsafety-BE-Impulse.epf.epf,CodeCheckWithBE-C.xml,ExpectedResult: SAFE UltimateResult: SAFE   [ShortDescription: All specifications hold LongDescription: We were not able to verify any specifiation because the program does not contain any specification.],4857286148.0,3501719552,-,-,-,-,-,-,-
,ldv-linux-3.0,usb_urb-drivers-input-misc-keyspan_remote.ko_false-unreach-call.cil.out.i.pp.i,svComp-64bit-precise-BE-Impulse.epf,CodeCheckWithBE-C.xml,ExpectedResult: UNSAFE UltimateResult: UNSUPPORTED_SYNTAX   [ShortDescription: Unsupported Syntax LongDescription: bitfields are not supported at the moment],61725537,554696704,-,-,-,-,-,-,-
,locks,test_locks_12_true-unreach-call_false-termination.c,svComp-32bit-precise-BE-Impulse.epf,CodeCheckWithBE-C.xml,ExpectedResult: SAFE UltimateResult: SAFE   [ShortDescription: All specifications hold LongDescription: 1 specifications checked. All of them hold],723452180.0,546308096,2,0,6,0,36,1,1.0
,systemc,token_ring.14_false-unreach-call_false-termination.cil.c,svComp-32bit-precise-BE-Impulse.epf,CodeCheckWithBE-C.xml,ExpectedResult: UNSAFE UltimateResult: TIMEOUT   [ShortDescription: Timeout LongDescription: Unable to prove that call of __VERIFIER_error() unreachable (line 10)],35838688127.0,4082106368,22,0,3512,0,38631,101,1.0
,eca-rers2012,Problem05_label55_false-unreach-call.c,svComp-32bit-precise-BE-Impulse.epf,CodeCheckWithBE-C.xml,ExpectedResult: UNSAFE UltimateResult: NO_RESULT   NO_RESULT,39675560703,3817865216,-,-,-,-,-,-,-
,ldv-linux-3.4-simple,43_1a_cilled_true-unreach-call_ok_nondet_linux-43_1a-drivers--media--rc--keymaps--rc-trekstor.ko-ldv_main0_sequence_infinite_withcheck_stateful.cil.out.c,svComp-64bit-precise-BE-Impulse.epf,CodeCheckWithBE-C.xml,ExpectedResult: SAFE UltimateResult: EXCEPTION_OR_ERROR   [de.uni_freiburg.informatik.ultimate.plugins.generator.blockencoding: OutOfMemoryError: Java heap space: java.util.Arrays.copyOf(Arrays.java:2367)],9809349272.0,3296198656,-,-,-,-,-,-,-
,ldv-consumption,linux-3.8-rc1-32_7a-drivers--pcmcia--pcmcia.ko-ldv_main0_false-unreach-call.cil.out.c,svComp-64bit-precise-BE-Impulse.epf,CodeCheckWithBE-C.xml,ExpectedResult: UNSAFE UltimateResult: UNSUPPORTED_SYNTAX   [ShortDescription: Unsupported Syntax LongDescription: bitfields are not supported at the moment],199438990,554696704,-,-,-,-,-,-,-
,eca-rers2012,Problem18_label43_true-unreach-call.c,svComp-32bit-precise-BE-Impulse.epf,CodeCheckWithBE-C.xml,ExpectedResult: SAFE UltimateResult: NO_RESULT   NO_RESULT,42666289566.0,3768057856,-,-,-,-,-,-,-
,ntdrivers,parport_true-unreach-call.i.cil.c,svComp-32bit-precise-BE-Impulse.epf,CodeCheckWithBE-C.xml,ExpectedResult: SAFE UltimateResult: UNSUPPORTED_SYNTAX   [ShortDescription: Unsupported Syntax LongDescription: bitfields are not supported at the moment],53150833,4056940544,-,-,-,-,-,-,-
,systemc,token_ring.07_false-unreach-call_false-termination.cil.c,svComp-32bit-precise-BE-Impulse.epf,CodeCheckWithBE-C.xml,ExpectedResult: UNSAFE UltimateResult: TIMEOUT   [ShortDescription: Timeout LongDescription: Unable to prove that call of __VERIFIER_error() unreachable (line 10)],30271997189.0,4.06585344E+9,22,0,2617,0,24732,107,1.0
,eca-rers2012,Problem12_label32_true-unreach-call.c,svComp-32bit-precise-BE-Impulse.epf,CodeCheckWithBE-C.xml,ExpectedResult: SAFE UltimateResult: NO_RESULT   NO_RESULT,54205009914,3936878592,-,-,-,-,-,-,-
,recursive,Ackermann01_true-unreach-call.c,svComp-32bit-precise-BE-Impulse.epf,CodeCheckWithBE-C.xml,ExpectedResult: SAFE UltimateResult: TIMEOUT   [ShortDescription: Timeout LongDescription: Unable to prove that call of __VERIFIER_error() unreachable (line 38)],32750966622.0,3508011008,15,0,690,0,1530,118,0.7860262008733624
,seq-pthread,cs_szymanski_true-unreach-call.i,svComp-32bit-precise-BE-Impulse.epf,CodeCheckWithBE-C.xml,ExpectedResult: SAFE UltimateResult: EXCEPTION_OR_ERROR   [de.uni_freiburg.informatik.ultimate.plugins.generator.codecheck: ClassCastException: null],1489778309.0,3919577088,-,-,-,-,-,-,-
,ddv-machzwd,ddv_machzwd_inl_p_true-unreach-call.i,svComp-32bit-precise-BE-Impulse.epf,CodeCheckWithBE-C.xml,ExpectedResult: SAFE UltimateResult: EXCEPTION_OR_ERROR   [de.uni_freiburg.informatik.ultimate.plugins.generator.cacsl2boogietranslator: EmptyStackException: null: java.util.Stack.peek(Stack.java:102)],29322204.0,3828875264,-,-,-,-,-,-,-
,bitvector-regression,signextension2_false-unreach-call.i,svComp-32bit-precise-BE-Impulse.epf,CodeCheckWithBE-C.xml,ExpectedResult: UNSAFE UltimateResult: UNSAFE   a call of __VERIFIER_error() is reachable ,55870054.0,392691712,-,-,-,-,-,-,-
,ntdrivers-simplified,floppy_simpl3_false-unreach-call_true-termination.cil.c,svComp-32bit-precise-BE-Impulse.epf,CodeCheckWithBE-C.xml,ExpectedResult: UNSAFE UltimateResult: TIMEOUT   [ShortDescription: Timeout LongDescription: Unable to prove that call of __VERIFIER_error() unreachable (line 38)],30503828681,469762048,52,0,1616,0,31369,276,1.0
,ldv-regression,alias_of_return_2.c_true-unreach-call_1.i,svComp-32bit-precise-BE-Impulse.epf,CodeCheckWithBE-C.xml,ExpectedResult: SAFE UltimateResult: SAFE   [ShortDescription: All specifications hold LongDescription: 1 specifications checked. All of them hold],41534272.0,3554148352,2,0,6,0,31,1,1.0
,loops,nec11_false-unreach-call.i,svComp-32bit-precise-BE-Impulse.epf,CodeCheckWithBE-C.xml,ExpectedResult: UNSAFE UltimateResult: UNSAFE   a call of __VERIFIER_error() is reachable ,36147466.0,3501195264,-,-,-,-,-,-,-
,eca-rers2012,Problem10_label18_true-unreach-call.c,svComp-32bit-precise-BE-Impulse.epf,CodeCheckWithBE-C.xml,ExpectedResult: SAFE UltimateResult: TIMEOUT   [ShortDescription: Timeout LongDescription: Timout or Toolchain cancelled by user],29999138789.0,3637510144,-,-,-,-,-,-,-
,ssh-simplified,s3_srvr_1b_true-unreach-call_false-termination.cil.c,svComp-32bit-precise-BE-Impulse.epf,CodeCheckWithBE-C.xml,ExpectedResult: SAFE UltimateResult: SAFE   [ShortDescription: All specifications hold LongDescription: 1 specifications checked. All of them hold],1120714443.0,449314816,6,0,223,0,152,36,0.04
,bitvector,s3_srvr_1_true-unreach-call.BV.c.cil.c,svComp-32bit-precise-BE-Impulse.epf,CodeCheckWithBE-C.xml,ExpectedResult: SAFE UltimateResult: TIMEOUT   [ShortDescription: Timeout LongDescription: Timout or Toolchain cancelled by user],29998472834.0,595591168,-,-,-,-,-,-,-
,eca-rers2012,Problem06_label59_false-unreach-call.c,svComp-32bit-precise-BE-Impulse.epf,CodeCheckWithBE-C.xml,ExpectedResult: UNSAFE UltimateResult: NO_RESULT   NO_RESULT,67005033284,3810000896,-,-,-,-,-,-,-
,seq-mthreaded,rekh_nxt_true-unreach-call.3.M4.c,svComp-32bit-precise-BE-Impulse.epf,CodeCheckWithBE-C.xml,ExpectedResult: SAFE UltimateResult: SYNTAX_ERROR   [ShortDescription: Type Error LongDescription: Type check failed for BinaryExpression[ARITHMULRealLiteral[0.00400000019]IdentifierExpression[~tmp_thetadot_cmd_lpf~16<LOCALbalance_control>]] ShortDescription: Type Error LongDescription: Type check failed for BinaryExpression[ARITHMINUSRealLiteral[1.0]IdentifierExpression[~A_R~13GLOBAL]] ShortDescription: Type Error LongDescription: Type check failed for BinaryExpression[ARITHMULRealLiteral[0.01745329238]IdentifierExpression[~args_theta_m_l<LOCALbalance_control>]] ShortDescription: Type Error LongDescription: Type check failed for BinaryExpression[ARITHMULBinaryExpression[ARITHDIVBinaryExpression[ARITHMODBinaryExpression[ARITHPLUSBinaryExpression[ARITHMULIdentifierExpression[~K_I~13GLOBAL]IdentifierExpression[~ud_err_theta~13GLOBAL]]IdentifierExpression[~tmp_pwm_r_limiter~16<LOCALbalance_control>]]IntegerLiteral[4294967296]]BinaryExpression[ARITHMODBinaryExpression[ARITHMINUSBinaryExpression[ARITHMULIdentifierExpression[~BATTERY_GAIN~13GLOBAL]IdentifierExpression[~args_battery<LOCALbalance_control>]]IdentifierExpression[~BATTERY_OFFSET~13GLOBAL]]IntegerLiteral[4294967296]]]RealLiteral[100.0]] ShortDescription: Type Error LongDescription: Type check failed (index 0): FunctionApplication[#to_int[BinaryExpression[ARITHPLUSBinaryExpression[ARITHMULBinaryExpression[ARITHMINUSRealLiteral[1.0]IdentifierExpression[~A_D~13GLOBAL]]IdentifierExpression[~tmp_theta~16<LOCALbalance_control>]]BinaryExpression[ARITHMULIdentifierExpression[~A_D~13GLOBAL]IdentifierExpression[~ud_theta_lpf~13GLOBAL]]]]] ShortDescription: Type Error LongDescription: Type check failed for BinaryExpression[ARITHDIVIdentifierExpression[~args_cmd_turn<LOCALbalance_control>]RealLiteral[100.0]] ShortDescription: Type Error LongDescription: Type check failed (index 0): FunctionApplication[#to_int[BinaryExpression[ARITHPLUSBinaryExpression[ARITHMULRealLiteral[0.00400000019]IdentifierExpression[~tmp_thetadot_cmd_lpf~16<LOCALbalance_control>]]IdentifierExpression[~ud_theta_ref~13GLOBAL]]]] ShortDescription: Type Error LongDescription: Type check failed for BinaryExpression[ARITHMULRealLiteral[0.01745329238]IdentifierExpression[~args_theta_m_r<LOCALbalance_control>]] ShortDescription: Type Error LongDescription: Type check failed for BinaryExpression[ARITHMULBinaryExpression[ARITHMINUSIdentifierExpression[~args_gyro<LOCALbalance_control>]IdentifierExpression[~args_gyro_offset<LOCALbalance_control>]]RealLiteral[0.01745329238]] ShortDescription: Type Error LongDescription: Type check failed for BinaryExpression[ARITHDIVIdentifierExpression[~args_cmd_forward<LOCALbalance_control>]RealLiteral[100.0]] ShortDescription: Type Error LongDescription: Type check failed (index 0): FunctionApplication[#to_int[BinaryExpression[ARITHPLUSBinaryExpression[ARITHMULRealLiteral[0.00400000019]IdentifierExpression[~tmp_psidot~16<LOCALbalance_control>]]IdentifierExpression[~ud_psi~13GLOBAL]]]] ShortDescription: Type Error LongDescription: Type check failed for BinaryExpression[ARITHMULRealLiteral[0.00400000019]IdentifierExpression[~tmp_psidot~16<LOCALbalance_control>]] ShortDescription: Type Error LongDescription: Type check failed for BinaryExpression[ARITHMINUSRealLiteral[1.0]IdentifierExpression[~A_D~13GLOBAL]] ShortDescription: Type Error LongDescription: Type check failed for BinaryExpression[ARITHMULBinaryExpression[ARITHPLUSBinaryExpression[ARITHPLUSBinaryExpression[ARITHMULRealLiteral[0.01745329238]IdentifierExpression[~args_theta_m_l<LOCALbalance_control>]]IdentifierExpression[~ud_psi~13GLOBAL]]BinaryExpression[ARITHPLUSBinaryExpression[ARITHMULRealLiteral[0.01745329238]IdentifierExpression[~args_theta_m_r<LOCALbalance_control>]]IdentifierExpression[~ud_psi~13GLOBAL]]]RealLiteral[0.5]] ShortDescription: Type Error LongDescription: Type check failed for BinaryExpression[ARITHMULBinaryExpression[ARITHMINUSIdentifierExpression[~ud_theta_ref~13GLOBAL]IdentifierExpression[~tmp_theta~16<LOCALbalance_control>]]RealLiteral[0.00400000019]] ShortDescription: Type Error LongDescription: Type check failed for BinaryExpression[ARITHDIVBinaryExpression[ARITHMINUSIdentifierExpression[~tmp_theta_lpf~16<LOCALbalance_control>]IdentifierExpression[~ud_theta_lpf~13GLOBAL]]RealLiteral[0.00400000019]]],65788837.0,3564634112,-,-,-,-,-,-,-
,array-examples,standard_init1_false-unreach-call_ground.i,svComp-32bit-precise-BE-Impulse.epf,CodeCheckWithBE-C.xml,ExpectedResult: UNSAFE UltimateResult: TIMEOUT   [ShortDescription: Timeout LongDescription: Timout or Toolchain cancelled by user],30006288329.0,523763712,-,-,-,-,-,-,-
,ldv-regression,1_3.c_false-unreach-call.i,svComp-32bit-precise-BE-Impulse.epf,CodeCheckWithBE-C.xml,ExpectedResult: UNSAFE UltimateResult: EXCEPTION_OR_ERROR   [de.uni_freiburg.informatik.ultimate.plugins.generator.codecheck: ClassCastException: de.uni_freiburg.informatik.ultimate.logic.ApplicationTerm cannot be cast to de.uni_freiburg.informatik.ultimate.modelcheckerutils.smt.linearTerms.AffineTerm: de.uni_freiburg.informatik.ultimate.modelcheckerutils.smt.linearTerms.AffineRelation.<init>(AffineRelation.java:54)],87752786.0,3571974144,-,-,-,-,-,-,-
,ldv-regression,recursive_list.c_false-unreach-call.i,svComp-32bit-precise-BE-Impulse.epf,CodeCheckWithBE-C.xml,ExpectedResult: UNSAFE UltimateResult: UNSAFE   a call of __VERIFIER_error() is reachable ,184434978.0,3513253888,-,-,-,-,-,-,-
,memory-alloca,c.02-alloca_true-valid-memsafety.i,svComp-32bit-memsafety-BE-Impulse.epf.epf,CodeCheckWithBE-C.xml,ExpectedResult: SAFE UltimateResult: SAFE   [ShortDescription: All specifications hold LongDescription: We were not able to verify any specifiation because the program does not contain any specification.],58712777.0,3502768128,-,-,-,-,-,-,-
,eca-rers2012,Problem16_label46_false-unreach-call.c,svComp-32bit-precise-BE-Impulse.epf,CodeCheckWithBE-C.xml,ExpectedResult: UNSAFE UltimateResult: NO_RESULT   NO_RESULT,64207713470.0,3742892032,-,-,-,-,-,-,-
,array-examples,standard_partition_original_true-unreach-call_ground.i,svComp-32bit-precise-BE-Impulse.epf,CodeCheckWithBE-C.xml,ExpectedResult: SAFE UltimateResult: TIMEOUT   [ShortDescription: Timeout LongDescription: Timout or Toolchain cancelled by user],29998481748.0,554696704,-,-,-,-,-,-,-
,array-examples,standard_init6_false-unreach-call_ground.i,svComp-32bit-precise-BE-Impulse.epf,CodeCheckWithBE-C.xml,ExpectedResult: UNSAFE UltimateResult: TIMEOUT   [ShortDescription: Timeout LongDescription: Unable to prove that call of __VERIFIER_error() unreachable (line 2)],30023873084.0,446169088,81,0,8010,0,13312,2277,0.01003360199262166
,eca-rers2012,Problem06_label22_true-unreach-call.c,svComp-32bit-precise-BE-Impulse.epf,CodeCheckWithBE-C.xml,ExpectedResult: SAFE UltimateResult: NO_RESULT   NO_RESULT,65990542122,3817865216,-,-,-,-,-,-,-
,ddv-machzwd,ddv_machzwd_inb_true-unreach-call.i,svComp-32bit-precise-BE-Impulse.epf,CodeCheckWithBE-C.xml,ExpectedResult: SAFE UltimateResult: EXCEPTION_OR_ERROR   [de.uni_freiburg.informatik.ultimate.plugins.generator.cacsl2boogietranslator: EmptyStackException: null: java.util.Stack.peek(Stack.java:102)],26604456.0,3364356096,-,-,-,-,-,-,-
,loop-invgen,fragtest_simple_true-unreach-call.i,svComp-32bit-precise-BE-Impulse.epf,CodeCheckWithBE-C.xml,ExpectedResult: SAFE UltimateResult: TIMEOUT   [ShortDescription: Timeout LongDescription: Unable to prove that call of __VERIFIER_error() unreachable (line 5)],39237732658.0,3.47865088E+9,15,0,1142,0,1528,168,0.6715210355987055
,loop-lit,cggmp2005b_true-unreach-call.c.i,svComp-32bit-precise-BE-Impulse.epf,CodeCheckWithBE-C.xml,ExpectedResult: SAFE UltimateResult: TIMEOUT   [ShortDescription: Timeout LongDescription: Timout or Toolchain cancelled by user],30013065261.0,3.4865152E+9,-,-,-,-,-,-,-
,loop-new,gauss_sum_true-unreach-call.i,svComp-32bit-precise-BE-Impulse.epf,CodeCheckWithBE-C.xml,ExpectedResult: SAFE UltimateResult: EXCEPTION_OR_ERROR   [de.uni_freiburg.informatik.ultimate.plugins.generator.codecheck: SMTLIBException: line 275 column 154: logic does not support nonlinear arithmetic: de.uni_freiburg.informatik.ultimate.smtsolver.external.Parser$Action$.CUP$do_action(Parser.java:1338)],26682655.0,3497525248,-,-,-,-,-,-,-
,ldv-commit-tester,m0_false-unreach-call_drivers-staging-comedi-drivers-ni_670x-ko--107_1a--adbbc36-1.c,svComp-64bit-precise-BE-Impulse.epf,CodeCheckWithBE-C.xml,ExpectedResult: UNSAFE UltimateResult: UNSUPPORTED_SYNTAX   [ShortDescription: Unsupported Syntax LongDescription: bitfields are not supported at the moment],89639435,554696704,-,-,-,-,-,-,-
,ssh,s3_srvr.blast.06_true-unreach-call.i.cil.c,svComp-32bit-precise-BE-Impulse.epf,CodeCheckWithBE-C.xml,ExpectedResult: SAFE UltimateResult: EXCEPTION_OR_ERROR   [de.uni_freiburg.informatik.ultimate.plugins.generator.codecheck: ClassCastException: null],6093486495.0,4.1156608E+9,-,-,-,-,-,-,-
,ldv-linux-3.16-rc1,43_2a_consumption_linux-3.16-rc1.tar.xz-43_2a-drivers--isdn--mISDN--mISDN_dsp.ko-entry_point_true-unreach-call.cil.out.c,svComp-64bit-precise-BE-Impulse.epf,CodeCheckWithBE-C.xml,ExpectedResult: SAFE UltimateResult: UNSUPPORTED_SYNTAX   [ShortDescription: Unsupported Syntax LongDescription: bitfields are not supported at the moment],105208963,562561024,-,-,-,-,-,-,-
,ldv-linux-3.0,usb_urb-drivers-media-video-c-qcam.ko_true-unreach-call.cil.out.i.pp.i,svComp-64bit-precise-BE-Impulse.epf,CodeCheckWithBE-C.xml,ExpectedResult: SAFE UltimateResult: UNSUPPORTED_SYNTAX   [ShortDescription: Unsupported Syntax LongDescription: bitfields are not supported at the moment],70287939,554696704,-,-,-,-,-,-,-
,locks,test_locks_15_false-unreach-call.c,svComp-32bit-precise-BE-Impulse.epf,CodeCheckWithBE-C.xml,ExpectedResult: UNSAFE UltimateResult: UNSAFE   a call of __VERIFIER_error() is reachable ,965380300.0,516947968,-,-,-,-,-,-,-
,seq-mthreaded,rekcba_aso_false-unreach-call.3.M1.c,svComp-32bit-precise-BE-Impulse.epf,CodeCheckWithBE-C.xml,ExpectedResult: UNSAFE UltimateResult: SYNTAX_ERROR   [ShortDescription: Type Error LongDescription: Type check failed for BinaryExpression[ARITHDIVIdentifierExpression[~args_cmd_turn<LOCALbalance_control>]RealLiteral[100.0]] ShortDescription: Type Error LongDescription: Type check failed for BinaryExpression[ARITHMULRealLiteral[0.01745329238]IdentifierExpression[~args_theta_m_l<LOCALbalance_control>]] ShortDescription: Type Error LongDescription: Type check failed for BinaryExpression[ARITHMULBinaryExpression[ARITHPLUSBinaryExpression[ARITHPLUSBinaryExpression[ARITHMULRealLiteral[0.01745329238]IdentifierExpression[~args_theta_m_l<LOCALbalance_control>]]IdentifierExpression[~ud_psi~18GLOBAL]]BinaryExpression[ARITHPLUSBinaryExpression[ARITHMULRealLiteral[0.01745329238]IdentifierExpression[~args_theta_m_r<LOCALbalance_control>]]IdentifierExpression[~ud_psi~18GLOBAL]]]RealLiteral[0.5]] ShortDescription: Type Error LongDescription: Type check failed for BinaryExpression[ARITHMULRealLiteral[0.00400000019]IdentifierExpression[~tmp_psidot~21<LOCALbalance_control>]] ShortDescription: Type Error LongDescription: Type check failed for BinaryExpression[ARITHMULBinaryExpression[ARITHDIVBinaryExpression[ARITHMODBinaryExpression[ARITHPLUSBinaryExpression[ARITHMULIdentifierExpression[~K_I~18GLOBAL]IdentifierExpression[~ud_err_theta~18GLOBAL]]IdentifierExpression[~tmp_pwm_r_limiter~21<LOCALbalance_control>]]IntegerLiteral[4294967296]]BinaryExpression[ARITHMODBinaryExpression[ARITHMINUSBinaryExpression[ARITHMULIdentifierExpression[~BATTERY_GAIN~18GLOBAL]IdentifierExpression[~args_battery<LOCALbalance_control>]]IdentifierExpression[~BATTERY_OFFSET~18GLOBAL]]IntegerLiteral[4294967296]]]RealLiteral[100.0]] ShortDescription: Type Error LongDescription: Type check failed for BinaryExpression[ARITHMULBinaryExpression[ARITHMINUSIdentifierExpression[~args_gyro<LOCALbalance_control>]IdentifierExpression[~args_gyro_offset<LOCALbalance_control>]]RealLiteral[0.01745329238]] ShortDescription: Type Error LongDescription: Type check failed for BinaryExpression[ARITHMULBinaryExpression[ARITHMINUSIdentifierExpression[~ud_theta_ref~18GLOBAL]IdentifierExpression[~tmp_theta~21<LOCALbalance_control>]]RealLiteral[0.00400000019]] ShortDescription: Type Error LongDescription: Type check failed (index 0): FunctionApplication[#to_int[BinaryExpression[ARITHPLUSBinaryExpression[ARITHMULRealLiteral[0.00400000019]IdentifierExpression[~tmp_psidot~21<LOCALbalance_control>]]IdentifierExpression[~ud_psi~18GLOBAL]]]] ShortDescription: Type Error LongDescription: Type check failed (index 0): FunctionApplication[#to_int[BinaryExpression[ARITHPLUSBinaryExpression[ARITHMULBinaryExpression[ARITHMINUSRealLiteral[1.0]IdentifierExpression[~A_D~18GLOBAL]]IdentifierExpression[~tmp_theta~21<LOCALbalance_control>]]BinaryExpression[ARITHMULIdentifierExpression[~A_D~18GLOBAL]IdentifierExpression[~ud_theta_lpf~18GLOBAL]]]]] ShortDescription: Type Error LongDescription: Type check failed for BinaryExpression[ARITHMULRealLiteral[0.00400000019]IdentifierExpression[~tmp_thetadot_cmd_lpf~21<LOCALbalance_control>]] ShortDescription: Type Error LongDescription: Type check failed for BinaryExpression[ARITHDIVIdentifierExpression[~args_cmd_forward<LOCALbalance_control>]RealLiteral[100.0]] ShortDescription: Type Error LongDescription: Type check failed for BinaryExpression[ARITHMINUSRealLiteral[1.0]IdentifierExpression[~A_R~18GLOBAL]] ShortDescription: Type Error LongDescription: Type check failed for BinaryExpression[ARITHDIVBinaryExpression[ARITHMINUSIdentifierExpression[~tmp_theta_lpf~21<LOCALbalance_control>]IdentifierExpression[~ud_theta_lpf~18GLOBAL]]RealLiteral[0.00400000019]] ShortDescription: Type Error LongDescription: Type check failed for BinaryExpression[ARITHMULRealLiteral[0.01745329238]IdentifierExpression[~args_theta_m_r<LOCALbalance_control>]] ShortDescription: Type Error LongDescription: Type check failed for BinaryExpression[ARITHMINUSRealLiteral[1.0]IdentifierExpression[~A_D~18GLOBAL]] ShortDescription: Type Error LongDescription: Type check failed (index 0): FunctionApplication[#to_int[BinaryExpression[ARITHPLUSBinaryExpression[ARITHMULRealLiteral[0.00400000019]IdentifierExpression[~tmp_thetadot_cmd_lpf~21<LOCALbalance_control>]]IdentifierExpression[~ud_theta_ref~18GLOBAL]]]]],170431574,3559391232,-,-,-,-,-,-,-
,loop-acceleration,phases_true-unreach-call1.i,svComp-32bit-precise-BE-Impulse.epf,CodeCheckWithBE-C.xml,ExpectedResult: SAFE UltimateResult: EXCEPTION_OR_ERROR   [de.uni_freiburg.informatik.ultimate.plugins.generator.codecheck: AssertionError: no branch was taken: de.uni_freiburg.informatik.ultimate.plugins.generator.rcfgbuilder.RCFGBacktranslator.addCodeBlock(RCFGBacktranslator.java:128)],25943327371.0,3461349376,17,0,504,0,576,168,0.0
,ntdrivers,cdaudio_true-unreach-call.i.cil.c,svComp-32bit-precise-BE-Impulse.epf,CodeCheckWithBE-C.xml,ExpectedResult: SAFE UltimateResult: UNSUPPORTED_SYNTAX   [ShortDescription: Unsupported Syntax LongDescription: bitfields are not supported at the moment],60636375,4.08420352E+9,-,-,-,-,-,-,-
,ssh,s3_srvr.blast.11_true-unreach-call.i.cil.c,svComp-32bit-precise-BE-Impulse.epf,CodeCheckWithBE-C.xml,ExpectedResult: SAFE UltimateResult: EXCEPTION_OR_ERROR   [de.uni_freiburg.informatik.ultimate.plugins.generator.codecheck: ClassCastException: null],14308076514.0,4129816576,-,-,-,-,-,-,-
,array-examples,sorting_selectionsort_false-unreach-call2_ground.i,svComp-32bit-precise-BE-Impulse.epf,CodeCheckWithBE-C.xml,ExpectedResult: UNSAFE UltimateResult: TIMEOUT   [ShortDescription: Timeout LongDescription: Timout or Toolchain cancelled by user],29998515647.0,845676544,-,-,-,-,-,-,-
,loop-acceleration,array_true-unreach-call2.i,svComp-32bit-precise-BE-Impulse.epf,CodeCheckWithBE-C.xml,ExpectedResult: SAFE UltimateResult: TIMEOUT   [ShortDescription: Timeout LongDescription: Timout or Toolchain cancelled by user],30007570106.0,3469737984,-,-,-,-,-,-,-
,memsafety,960521-1_false-valid-deref.i,svComp-32bit-memsafety-BE-Impulse.epf.epf,CodeCheckWithBE-C.xml,ExpectedResult: UNSAFE_DEREF UltimateResult: SAFE   [ShortDescription: All specifications hold LongDescription: We were not able to verify any specifiation because the program does not contain any specification.],49071167.0,3503816704,-,-,-,-,-,-,-
,ntdrivers-simplified,kbfiltr_simpl1_true-unreach-call_true-termination.cil.c,svComp-32bit-precise-BE-Impulse.epf,CodeCheckWithBE-C.xml,ExpectedResult: SAFE UltimateResult: SAFE   [ShortDescription: All specifications hold LongDescription: 1 specifications checked. All of them hold],26168713222.0,476577792,44,0,2390,0,23421,243,1.0


################################# Summary #######################
Safe: 18
Unsafe: 21
Timeout: 72
Error: 109
Expected Safe: 114
Expected Unsafe: 106
Total: 220
CSV conversion gone wrong: 0

################################# Latex #######################
\newcommand{\headcolor}{}
\newcommand{\header}[1]{\parbox{2.8em}{\centering #1}\headcolor}
\newcommand{\folder}[1]{\parbox{5em}{#1}}
\begin{table}
\centering
\resizebox{\linewidth}{!}{%
\begin{tabu} to \linewidth {lcllcrrrr}
\toprule
  \header{}& 
  \header{\#}&
  \header{Result}&
  \header{Variant}& 
  \header{Count}&
  \header{Avg. runtime}&
  \header{Mem{-}ory}&
  \header{Iter{-}ations}&
  \header{ICC}\\
  \cmidrule(r){2-9}
\multirow{4}{*}{\folder{loop-acceleration}} &
\multirow{1}{*}{3} &
\multirow{1}{*}{\folder{Unsafe}} 
 & svComp-32bit-precise-BE-Impulse.epf & 1 & 0.14 s & 3309.50 MB & 2 & 100.00\%\\
  \cmidrule[0.01em](l){2-9}
& \multirow{1}{*}{3} &
\multirow{1}{*}{\folder{Safe}} 
 & svComp-32bit-precise-BE-Impulse.epf & 0 & - & - & - & -\\
  \cmidrule[0.01em](l){2-9}
& \multirow{1}{*}{6} &
\multirow{1}{*}{\folder{Completed}} 
 & svComp-32bit-precise-BE-Impulse.epf & 1 & 0.14 s & 3309.50 MB & 2 & 100.00\%\\
  \cmidrule[0.01em](l){2-9}
& & \multirow{1}{*}{\folder{Timeout}} 
 & svComp-32bit-precise-BE-Impulse.epf & 2 & 30.01 s & 3309.75 MB & - & -\\
\midrule
\multirow{4}{*}{\folder{ldv-regression}} &
\multirow{1}{*}{3} &
\multirow{1}{*}{\folder{Unsafe}} 
 & svComp-32bit-precise-BE-Impulse.epf & 1 & 0.18 s & 3350.50 MB & - & -\\
  \cmidrule[0.01em](l){2-9}
& \multirow{1}{*}{3} &
\multirow{1}{*}{\folder{Safe}} 
 & svComp-32bit-precise-BE-Impulse.epf & 2 & 0.03 s & 3382.25 MB & 2 & 100.00\%\\
  \cmidrule[0.01em](l){2-9}
& \multirow{1}{*}{6} &
\multirow{1}{*}{\folder{Completed}} 
 & svComp-32bit-precise-BE-Impulse.epf & 3 & 0.08 s & 3371.67 MB & - & -\\
  \cmidrule[0.01em](l){2-9}
& & \multirow{1}{*}{\folder{Timeout}} 
 & svComp-32bit-precise-BE-Impulse.epf & 0 & - & - & - & -\\
\midrule
\multirow{4}{*}{\folder{loop-lit}} &
\multirow{1}{*}{0} &
\multirow{1}{*}{\folder{Unsafe}} 
 & svComp-32bit-precise-BE-Impulse.epf & 0 & - & - & - & -\\
  \cmidrule[0.01em](l){2-9}
& \multirow{1}{*}{3} &
\multirow{1}{*}{\folder{Safe}} 
 & svComp-32bit-precise-BE-Impulse.epf & 1 & 0.59 s & 3328.00 MB & 8 & 17.65\%\\
  \cmidrule[0.01em](l){2-9}
& \multirow{1}{*}{3} &
\multirow{1}{*}{\folder{Completed}} 
 & svComp-32bit-precise-BE-Impulse.epf & 1 & 0.59 s & 3328.00 MB & 8 & 17.65\%\\
  \cmidrule[0.01em](l){2-9}
& & \multirow{1}{*}{\folder{Timeout}} 
 & svComp-32bit-precise-BE-Impulse.epf & 2 & 30.01 s & 3326.00 MB & - & -\\
\midrule
\multirow{4}{*}{\folder{eca-rers2012}} &
\multirow{1}{*}{12} &
\multirow{1}{*}{\folder{Unsafe}} 
 & svComp-32bit-precise-BE-Impulse.epf & 0 & - & - & - & -\\
  \cmidrule[0.01em](l){2-9}
& \multirow{1}{*}{12} &
\multirow{1}{*}{\folder{Safe}} 
 & svComp-32bit-precise-BE-Impulse.epf & 0 & - & - & - & -\\
  \cmidrule[0.01em](l){2-9}
& \multirow{1}{*}{24} &
\multirow{1}{*}{\folder{Completed}} 
 & svComp-32bit-precise-BE-Impulse.epf & 0 & - & - & - & -\\
  \cmidrule[0.01em](l){2-9}
& & \multirow{1}{*}{\folder{Timeout}} 
 & svComp-32bit-precise-BE-Impulse.epf & 8 & 30.13 s & 3591.25 MB & - & -\\
\midrule
\multirow{4}{*}{\folder{ssh}} &
\multirow{1}{*}{6} &
\multirow{1}{*}{\folder{Unsafe}} 
 & svComp-32bit-precise-BE-Impulse.epf & 1 & 32.74 s & 3923.00 MB & 33 & 42.57\%\\
  \cmidrule[0.01em](l){2-9}
& \multirow{1}{*}{6} &
\multirow{1}{*}{\folder{Safe}} 
 & svComp-32bit-precise-BE-Impulse.epf & 0 & - & - & - & -\\
  \cmidrule[0.01em](l){2-9}
& \multirow{1}{*}{12} &
\multirow{1}{*}{\folder{Completed}} 
 & svComp-32bit-precise-BE-Impulse.epf & 1 & 32.74 s & 3923.00 MB & 33 & 42.57\%\\
  \cmidrule[0.01em](l){2-9}
& & \multirow{1}{*}{\folder{Timeout}} 
 & svComp-32bit-precise-BE-Impulse.epf & 0 & - & - & - & -\\
\midrule
\multirow{4}{*}{\folder{memory-alloca}} &
\multirow{1}{*}{1} &
\multirow{1}{*}{\folder{Unsafe}} 
 & svComp-32bit-memsafety-BE-Impulse.epf.epf & 0 & - & - & - & -\\
  \cmidrule[0.01em](l){2-9}
& \multirow{1}{*}{1} &
\multirow{1}{*}{\folder{Safe}} 
 & svComp-32bit-memsafety-BE-Impulse.epf.epf & 1 & 0.06 s & 3340.50 MB & - & -\\
  \cmidrule[0.01em](l){2-9}
& \multirow{1}{*}{2} &
\multirow{1}{*}{\folder{Completed}} 
 & svComp-32bit-memsafety-BE-Impulse.epf.epf & 1 & 0.06 s & 3340.50 MB & - & -\\
  \cmidrule[0.01em](l){2-9}
& & \multirow{1}{*}{\folder{Timeout}} 
 & svComp-32bit-memsafety-BE-Impulse.epf.epf & 0 & - & - & - & -\\
\midrule
\multirow{4}{*}{\folder{ldv-commit-tester}} &
\multirow{1}{*}{1} &
\multirow{1}{*}{\folder{Unsafe}} 
 & svComp-64bit-precise-BE-Impulse.epf & 0 & - & - & - & -\\
  \cmidrule[0.01em](l){2-9}
& \multirow{1}{*}{1} &
\multirow{1}{*}{\folder{Safe}} 
 & svComp-64bit-precise-BE-Impulse.epf & 0 & - & - & - & -\\
  \cmidrule[0.01em](l){2-9}
& \multirow{1}{*}{2} &
\multirow{1}{*}{\folder{Completed}} 
 & svComp-64bit-precise-BE-Impulse.epf & 0 & - & - & - & -\\
  \cmidrule[0.01em](l){2-9}
& & \multirow{1}{*}{\folder{Timeout}} 
 & svComp-64bit-precise-BE-Impulse.epf & 0 & - & - & - & -\\
\midrule
\multirow{4}{*}{\folder{loops}} &
\multirow{1}{*}{3} &
\multirow{1}{*}{\folder{Unsafe}} 
 & svComp-32bit-precise-BE-Impulse.epf & 2 & 0.04 s & 3339.50 MB & - & -\\
  \cmidrule[0.01em](l){2-9}
& \multirow{1}{*}{3} &
\multirow{1}{*}{\folder{Safe}} 
 & svComp-32bit-precise-BE-Impulse.epf & 2 & 0.54 s & 3339.25 MB & 9 & 88.10\%\\
  \cmidrule[0.01em](l){2-9}
& \multirow{1}{*}{6} &
\multirow{1}{*}{\folder{Completed}} 
 & svComp-32bit-precise-BE-Impulse.epf & 4 & 0.29 s & 3339.38 MB & - & -\\
  \cmidrule[0.01em](l){2-9}
& & \multirow{1}{*}{\folder{Timeout}} 
 & svComp-32bit-precise-BE-Impulse.epf & 1 & 30.00 s & 3341.00 MB & - & -\\
\midrule
\multirow{4}{*}{\folder{systemc}} &
\multirow{1}{*}{4} &
\multirow{1}{*}{\folder{Unsafe}} 
 & svComp-32bit-precise-BE-Impulse.epf & 1 & 8.91 s & 3891.00 MB & 12 & 100.00\%\\
  \cmidrule[0.01em](l){2-9}
& \multirow{1}{*}{4} &
\multirow{1}{*}{\folder{Safe}} 
 & svComp-32bit-precise-BE-Impulse.epf & 0 & - & - & - & -\\
  \cmidrule[0.01em](l){2-9}
& \multirow{1}{*}{8} &
\multirow{1}{*}{\folder{Completed}} 
 & svComp-32bit-precise-BE-Impulse.epf & 1 & 8.91 s & 3891.00 MB & 12 & 100.00\%\\
  \cmidrule[0.01em](l){2-9}
& & \multirow{1}{*}{\folder{Timeout}} 
 & svComp-32bit-precise-BE-Impulse.epf & 7 & 32.77 s & 3869.21 MB & 30 & 99.41\%\\
\midrule
\multirow{4}{*}{\folder{ldv-linux-3.7.3}} &
\multirow{1}{*}{1} &
\multirow{1}{*}{\folder{Unsafe}} 
 & svComp-64bit-precise-BE-Impulse.epf & 0 & - & - & - & -\\
  \cmidrule[0.01em](l){2-9}
& \multirow{1}{*}{1} &
\multirow{1}{*}{\folder{Safe}} 
 & svComp-64bit-precise-BE-Impulse.epf & 0 & - & - & - & -\\
  \cmidrule[0.01em](l){2-9}
& \multirow{1}{*}{2} &
\multirow{1}{*}{\folder{Completed}} 
 & svComp-64bit-precise-BE-Impulse.epf & 0 & - & - & - & -\\
  \cmidrule[0.01em](l){2-9}
& & \multirow{1}{*}{\folder{Timeout}} 
 & svComp-64bit-precise-BE-Impulse.epf & 0 & - & - & - & -\\
\midrule
\multirow{4}{*}{\folder{ldv-linux-3.16-rc1}} &
\multirow{1}{*}{1} &
\multirow{1}{*}{\folder{Unsafe}} 
 & svComp-64bit-precise-BE-Impulse.epf & 0 & - & - & - & -\\
  \cmidrule[0.01em](l){2-9}
& \multirow{1}{*}{1} &
\multirow{1}{*}{\folder{Safe}} 
 & svComp-64bit-precise-BE-Impulse.epf & 0 & - & - & - & -\\
  \cmidrule[0.01em](l){2-9}
& \multirow{1}{*}{2} &
\multirow{1}{*}{\folder{Completed}} 
 & svComp-64bit-precise-BE-Impulse.epf & 0 & - & - & - & -\\
  \cmidrule[0.01em](l){2-9}
& & \multirow{1}{*}{\folder{Timeout}} 
 & svComp-64bit-precise-BE-Impulse.epf & 0 & - & - & - & -\\
\midrule
\multirow{4}{*}{\folder{bitvector-regression}} &
\multirow{1}{*}{4} &
\multirow{1}{*}{\folder{Unsafe}} 
 & svComp-32bit-precise-BE-Impulse.epf & 3 & 0.07 s & 374.50 MB & - & -\\
  \cmidrule[0.01em](l){2-9}
& \multirow{1}{*}{4} &
\multirow{1}{*}{\folder{Safe}} 
 & svComp-32bit-precise-BE-Impulse.epf & 2 & 0.04 s & 375.25 MB & 2 & 100.00\%\\
  \cmidrule[0.01em](l){2-9}
& \multirow{1}{*}{8} &
\multirow{1}{*}{\folder{Completed}} 
 & svComp-32bit-precise-BE-Impulse.epf & 5 & 0.06 s & 374.80 MB & - & -\\
  \cmidrule[0.01em](l){2-9}
& & \multirow{1}{*}{\folder{Timeout}} 
 & svComp-32bit-precise-BE-Impulse.epf & 0 & - & - & - & -\\
\midrule
\multirow{4}{*}{\folder{list-properties}} &
\multirow{1}{*}{3} &
\multirow{1}{*}{\folder{Unsafe}} 
 & svComp-32bit-precise-BE-Impulse.epf & 0 & - & - & - & -\\
  \cmidrule[0.01em](l){2-9}
& \multirow{1}{*}{3} &
\multirow{1}{*}{\folder{Safe}} 
 & svComp-32bit-precise-BE-Impulse.epf & 0 & - & - & - & -\\
  \cmidrule[0.01em](l){2-9}
& \multirow{1}{*}{6} &
\multirow{1}{*}{\folder{Completed}} 
 & svComp-32bit-precise-BE-Impulse.epf & 0 & - & - & - & -\\
  \cmidrule[0.01em](l){2-9}
& & \multirow{1}{*}{\folder{Timeout}} 
 & svComp-32bit-precise-BE-Impulse.epf & 0 & - & - & - & -\\
\midrule
\multirow{4}{*}{\folder{seq-mthreaded}} &
\multirow{1}{*}{4} &
\multirow{1}{*}{\folder{Unsafe}} 
 & svComp-32bit-precise-BE-Impulse.epf & 0 & - & - & - & -\\
  \cmidrule[0.01em](l){2-9}
& \multirow{1}{*}{4} &
\multirow{1}{*}{\folder{Safe}} 
 & svComp-32bit-precise-BE-Impulse.epf & 0 & - & - & - & -\\
  \cmidrule[0.01em](l){2-9}
& \multirow{1}{*}{8} &
\multirow{1}{*}{\folder{Completed}} 
 & svComp-32bit-precise-BE-Impulse.epf & 0 & - & - & - & -\\
  \cmidrule[0.01em](l){2-9}
& & \multirow{1}{*}{\folder{Timeout}} 
 & svComp-32bit-precise-BE-Impulse.epf & 4 & 30.10 s & 3381.50 MB & - & -\\
\midrule
\multirow{4}{*}{\folder{seq-pthread}} &
\multirow{1}{*}{4} &
\multirow{1}{*}{\folder{Unsafe}} 
 & svComp-32bit-precise-BE-Impulse.epf & 0 & - & - & - & -\\
  \cmidrule[0.01em](l){2-9}
& \multirow{1}{*}{4} &
\multirow{1}{*}{\folder{Safe}} 
 & svComp-32bit-precise-BE-Impulse.epf & 0 & - & - & - & -\\
  \cmidrule[0.01em](l){2-9}
& \multirow{1}{*}{8} &
\multirow{1}{*}{\folder{Completed}} 
 & svComp-32bit-precise-BE-Impulse.epf & 0 & - & - & - & -\\
  \cmidrule[0.01em](l){2-9}
& & \multirow{1}{*}{\folder{Timeout}} 
 & svComp-32bit-precise-BE-Impulse.epf & 0 & - & - & - & -\\
\midrule
\multirow{4}{*}{\folder{ldv-linux-3.12-rc1}} &
\multirow{1}{*}{1} &
\multirow{1}{*}{\folder{Unsafe}} 
 & svComp-64bit-precise-BE-Impulse.epf & 0 & - & - & - & -\\
  \cmidrule[0.01em](l){2-9}
& \multirow{1}{*}{1} &
\multirow{1}{*}{\folder{Safe}} 
 & svComp-64bit-precise-BE-Impulse.epf & 0 & - & - & - & -\\
  \cmidrule[0.01em](l){2-9}
& \multirow{1}{*}{2} &
\multirow{1}{*}{\folder{Completed}} 
 & svComp-64bit-precise-BE-Impulse.epf & 0 & - & - & - & -\\
  \cmidrule[0.01em](l){2-9}
& & \multirow{1}{*}{\folder{Timeout}} 
 & svComp-64bit-precise-BE-Impulse.epf & 0 & - & - & - & -\\
\midrule
\multirow{4}{*}{\folder{list-ext-properties}} &
\multirow{1}{*}{3} &
\multirow{1}{*}{\folder{Unsafe}} 
 & svComp-32bit-memsafety-BE-Impulse.epf.epf & 0 & - & - & - & -\\
  \cmidrule[0.01em](l){2-9}
& \multirow{1}{*}{1} &
\multirow{1}{*}{\folder{Safe}} 
 & svComp-32bit-memsafety-BE-Impulse.epf.epf & 1 & 0.07 s & 3341.00 MB & - & -\\
  \cmidrule[0.01em](l){2-9}
& \multirow{1}{*}{4} &
\multirow{1}{*}{\folder{Completed}} 
 & svComp-32bit-memsafety-BE-Impulse.epf.epf & 1 & 0.07 s & 3341.00 MB & - & -\\
  \cmidrule[0.01em](l){2-9}
& & \multirow{1}{*}{\folder{Timeout}} 
 & svComp-32bit-memsafety-BE-Impulse.epf.epf & 0 & - & - & - & -\\
\midrule
\multirow{4}{*}{\folder{loop-invgen}} &
\multirow{1}{*}{3} &
\multirow{1}{*}{\folder{Unsafe}} 
 & svComp-32bit-precise-BE-Impulse.epf & 1 & 0.25 s & 3321.50 MB & 4 & 80.00\%\\
  \cmidrule[0.01em](l){2-9}
& \multirow{1}{*}{3} &
\multirow{1}{*}{\folder{Safe}} 
 & svComp-32bit-precise-BE-Impulse.epf & 0 & - & - & - & -\\
  \cmidrule[0.01em](l){2-9}
& \multirow{1}{*}{6} &
\multirow{1}{*}{\folder{Completed}} 
 & svComp-32bit-precise-BE-Impulse.epf & 1 & 0.25 s & 3321.50 MB & 4 & 80.00\%\\
  \cmidrule[0.01em](l){2-9}
& & \multirow{1}{*}{\folder{Timeout}} 
 & svComp-32bit-precise-BE-Impulse.epf & 4 & 34.50 s & 3319.63 MB & 24 & 89.66\%\\
\midrule
\multirow{4}{*}{\folder{ddv-machzwd}} &
\multirow{1}{*}{3} &
\multirow{1}{*}{\folder{Unsafe}} 
 & svComp-32bit-precise-BE-Impulse.epf & 0 & - & - & - & -\\
  \cmidrule[0.01em](l){2-9}
& \multirow{1}{*}{3} &
\multirow{1}{*}{\folder{Safe}} 
 & svComp-32bit-precise-BE-Impulse.epf & 0 & - & - & - & -\\
  \cmidrule[0.01em](l){2-9}
& \multirow{1}{*}{6} &
\multirow{1}{*}{\folder{Completed}} 
 & svComp-32bit-precise-BE-Impulse.epf & 0 & - & - & - & -\\
  \cmidrule[0.01em](l){2-9}
& & \multirow{1}{*}{\folder{Timeout}} 
 & svComp-32bit-precise-BE-Impulse.epf & 0 & - & - & - & -\\
\midrule
\multirow{4}{*}{\folder{ldv-validator-v0.6}} &
\multirow{1}{*}{1} &
\multirow{1}{*}{\folder{Unsafe}} 
 & svComp-64bit-precise-BE-Impulse.epf & 0 & - & - & - & -\\
  \cmidrule[0.01em](l){2-9}
& \multirow{1}{*}{0} &
\multirow{1}{*}{\folder{Safe}} 
 & svComp-64bit-precise-BE-Impulse.epf & 0 & - & - & - & -\\
  \cmidrule[0.01em](l){2-9}
& \multirow{1}{*}{1} &
\multirow{1}{*}{\folder{Completed}} 
 & svComp-64bit-precise-BE-Impulse.epf & 0 & - & - & - & -\\
  \cmidrule[0.01em](l){2-9}
& & \multirow{1}{*}{\folder{Timeout}} 
 & svComp-64bit-precise-BE-Impulse.epf & 0 & - & - & - & -\\
\midrule
\multirow{4}{*}{\folder{heap-manipulation}} &
\multirow{1}{*}{3} &
\multirow{1}{*}{\folder{Unsafe}} 
 & svComp-32bit-precise-BE-Impulse.epf & 0 & - & - & - & -\\
  \cmidrule[0.01em](l){2-9}
& \multirow{1}{*}{3} &
\multirow{1}{*}{\folder{Safe}} 
 & svComp-32bit-precise-BE-Impulse.epf & 0 & - & - & - & -\\
  \cmidrule[0.01em](l){2-9}
& \multirow{1}{*}{6} &
\multirow{1}{*}{\folder{Completed}} 
 & svComp-32bit-precise-BE-Impulse.epf & 0 & - & - & - & -\\
  \cmidrule[0.01em](l){2-9}
& & \multirow{1}{*}{\folder{Timeout}} 
 & svComp-32bit-precise-BE-Impulse.epf & 1 & 38.17 s & 3426.00 MB & - & -\\
\midrule
\multirow{4}{*}{\folder{ssh-simplified}} &
\multirow{1}{*}{4} &
\multirow{1}{*}{\folder{Unsafe}} 
 & svComp-32bit-precise-BE-Impulse.epf & 4 & 9.19 s & 482.25 MB & 65 & 83.79\%\\
  \cmidrule[0.01em](l){2-9}
& \multirow{1}{*}{4} &
\multirow{1}{*}{\folder{Safe}} 
 & svComp-32bit-precise-BE-Impulse.epf & 1 & 1.12 s & 428.50 MB & 6 & 4.00\%\\
  \cmidrule[0.01em](l){2-9}
& \multirow{1}{*}{8} &
\multirow{1}{*}{\folder{Completed}} 
 & svComp-32bit-precise-BE-Impulse.epf & 5 & 7.58 s & 471.50 MB & 53 & 67.83\%\\
  \cmidrule[0.01em](l){2-9}
& & \multirow{1}{*}{\folder{Timeout}} 
 & svComp-32bit-precise-BE-Impulse.epf & 2 & 30.11 s & 496.75 MB & - & -\\
\midrule
\multirow{4}{*}{\folder{memsafety}} &
\multirow{1}{*}{3} &
\multirow{1}{*}{\folder{Unsafe}} 
 & svComp-32bit-memsafety-BE-Impulse.epf.epf & 0 & - & - & - & -\\
  \cmidrule[0.01em](l){2-9}
& \multirow{1}{*}{1} &
\multirow{1}{*}{\folder{Safe}} 
 & svComp-32bit-memsafety-BE-Impulse.epf.epf & 0 & - & - & - & -\\
  \cmidrule[0.01em](l){2-9}
& \multirow{1}{*}{4} &
\multirow{1}{*}{\folder{Completed}} 
 & svComp-32bit-memsafety-BE-Impulse.epf.epf & 0 & - & - & - & -\\
  \cmidrule[0.01em](l){2-9}
& & \multirow{1}{*}{\folder{Timeout}} 
 & svComp-32bit-memsafety-BE-Impulse.epf.epf & 0 & - & - & - & -\\
\midrule
\multirow{4}{*}{\folder{loop-new}} &
\multirow{1}{*}{0} &
\multirow{1}{*}{\folder{Unsafe}} 
 & svComp-32bit-precise-BE-Impulse.epf & 0 & - & - & - & -\\
  \cmidrule[0.01em](l){2-9}
& \multirow{1}{*}{3} &
\multirow{1}{*}{\folder{Safe}} 
 & svComp-32bit-precise-BE-Impulse.epf & 0 & - & - & - & -\\
  \cmidrule[0.01em](l){2-9}
& \multirow{1}{*}{3} &
\multirow{1}{*}{\folder{Completed}} 
 & svComp-32bit-precise-BE-Impulse.epf & 0 & - & - & - & -\\
  \cmidrule[0.01em](l){2-9}
& & \multirow{1}{*}{\folder{Timeout}} 
 & svComp-32bit-precise-BE-Impulse.epf & 2 & 30.05 s & 3337.00 MB & 33 & 0.00\%\\
\midrule
\multirow{4}{*}{\folder{memsafety-ext}} &
\multirow{1}{*}{0} &
\multirow{1}{*}{\folder{Unsafe}} 
 & svComp-32bit-memsafety-BE-Impulse.epf.epf & 0 & - & - & - & -\\
  \cmidrule[0.01em](l){2-9}
& \multirow{1}{*}{1} &
\multirow{1}{*}{\folder{Safe}} 
 & svComp-32bit-memsafety-BE-Impulse.epf.epf & 1 & 4.86 s & 3339.50 MB & - & -\\
  \cmidrule[0.01em](l){2-9}
& \multirow{1}{*}{1} &
\multirow{1}{*}{\folder{Completed}} 
 & svComp-32bit-memsafety-BE-Impulse.epf.epf & 1 & 4.86 s & 3339.50 MB & - & -\\
  \cmidrule[0.01em](l){2-9}
& & \multirow{1}{*}{\folder{Timeout}} 
 & svComp-32bit-memsafety-BE-Impulse.epf.epf & 0 & - & - & - & -\\
\midrule
\multirow{4}{*}{\folder{ldv-consumption}} &
\multirow{1}{*}{1} &
\multirow{1}{*}{\folder{Unsafe}} 
 & svComp-64bit-precise-BE-Impulse.epf & 0 & - & - & - & -\\
  \cmidrule[0.01em](l){2-9}
& \multirow{1}{*}{1} &
\multirow{1}{*}{\folder{Safe}} 
 & svComp-64bit-precise-BE-Impulse.epf & 0 & - & - & - & -\\
  \cmidrule[0.01em](l){2-9}
& \multirow{1}{*}{2} &
\multirow{1}{*}{\folder{Completed}} 
 & svComp-64bit-precise-BE-Impulse.epf & 0 & - & - & - & -\\
  \cmidrule[0.01em](l){2-9}
& & \multirow{1}{*}{\folder{Timeout}} 
 & svComp-64bit-precise-BE-Impulse.epf & 0 & - & - & - & -\\
\midrule
\multirow{4}{*}{\folder{ntdrivers-simplified}} &
\multirow{1}{*}{4} &
\multirow{1}{*}{\folder{Unsafe}} 
 & svComp-32bit-precise-BE-Impulse.epf & 0 & - & - & - & -\\
  \cmidrule[0.01em](l){2-9}
& \multirow{1}{*}{4} &
\multirow{1}{*}{\folder{Safe}} 
 & svComp-32bit-precise-BE-Impulse.epf & 1 & 26.17 s & 454.50 MB & 44 & 100.00\%\\
  \cmidrule[0.01em](l){2-9}
& \multirow{1}{*}{8} &
\multirow{1}{*}{\folder{Completed}} 
 & svComp-32bit-precise-BE-Impulse.epf & 1 & 26.17 s & 454.50 MB & 44 & 100.00\%\\
  \cmidrule[0.01em](l){2-9}
& & \multirow{1}{*}{\folder{Timeout}} 
 & svComp-32bit-precise-BE-Impulse.epf & 7 & 30.62 s & 474.64 MB & 46 & 100.00\%\\
\midrule
\multirow{4}{*}{\folder{array-examples}} &
\multirow{1}{*}{12} &
\multirow{1}{*}{\folder{Unsafe}} 
 & svComp-32bit-precise-BE-Impulse.epf & 0 & - & - & - & -\\
  \cmidrule[0.01em](l){2-9}
& \multirow{1}{*}{12} &
\multirow{1}{*}{\folder{Safe}} 
 & svComp-32bit-precise-BE-Impulse.epf & 0 & - & - & - & -\\
  \cmidrule[0.01em](l){2-9}
& \multirow{1}{*}{24} &
\multirow{1}{*}{\folder{Completed}} 
 & svComp-32bit-precise-BE-Impulse.epf & 0 & - & - & - & -\\
  \cmidrule[0.01em](l){2-9}
& & \multirow{1}{*}{\folder{Timeout}} 
 & svComp-32bit-precise-BE-Impulse.epf & 21 & 30.01 s & 542.74 MB & - & -\\
\midrule
\multirow{4}{*}{\folder{recursive}} &
\multirow{1}{*}{5} &
\multirow{1}{*}{\folder{Unsafe}} 
 & svComp-32bit-precise-BE-Impulse.epf & 3 & 3.17 s & 3351.17 MB & 5 & 85.68\%\\
  \cmidrule[0.01em](l){2-9}
& \multirow{1}{*}{5} &
\multirow{1}{*}{\folder{Safe}} 
 & svComp-32bit-precise-BE-Impulse.epf & 0 & - & - & - & -\\
  \cmidrule[0.01em](l){2-9}
& \multirow{1}{*}{10} &
\multirow{1}{*}{\folder{Completed}} 
 & svComp-32bit-precise-BE-Impulse.epf & 3 & 3.17 s & 3351.17 MB & 5 & 85.68\%\\
  \cmidrule[0.01em](l){2-9}
& & \multirow{1}{*}{\folder{Timeout}} 
 & svComp-32bit-precise-BE-Impulse.epf & 7 & 41.01 s & 3356.57 MB & 11 & 68.78\%\\
\midrule
\multirow{4}{*}{\folder{locks}} &
\multirow{1}{*}{2} &
\multirow{1}{*}{\folder{Unsafe}} 
 & svComp-32bit-precise-BE-Impulse.epf & 2 & 0.90 s & 505.75 MB & - & -\\
  \cmidrule[0.01em](l){2-9}
& \multirow{1}{*}{4} &
\multirow{1}{*}{\folder{Safe}} 
 & svComp-32bit-precise-BE-Impulse.epf & 4 & 0.75 s & 511.13 MB & 2 & 100.00\%\\
  \cmidrule[0.01em](l){2-9}
& \multirow{1}{*}{6} &
\multirow{1}{*}{\folder{Completed}} 
 & svComp-32bit-precise-BE-Impulse.epf & 6 & 0.80 s & 509.33 MB & - & -\\
  \cmidrule[0.01em](l){2-9}
& & \multirow{1}{*}{\folder{Timeout}} 
 & svComp-32bit-precise-BE-Impulse.epf & 0 & - & - & - & -\\
\midrule
\multirow{4}{*}{\folder{bitvector}} &
\multirow{1}{*}{4} &
\multirow{1}{*}{\folder{Unsafe}} 
 & svComp-32bit-precise-BE-Impulse.epf & 2 & 1.27 s & 423.50 MB & 11 & 59.77\%\\
  \cmidrule[0.01em](l){2-9}
& \multirow{1}{*}{8} &
\multirow{1}{*}{\folder{Safe}} 
 & svComp-32bit-precise-BE-Impulse.epf & 2 & 0.79 s & 369.75 MB & 4 & 73.33\%\\
  \cmidrule[0.01em](l){2-9}
& \multirow{1}{*}{12} &
\multirow{1}{*}{\folder{Completed}} 
 & svComp-32bit-precise-BE-Impulse.epf & 4 & 1.03 s & 396.63 MB & 7 & 66.55\%\\
  \cmidrule[0.01em](l){2-9}
& & \multirow{1}{*}{\folder{Timeout}} 
 & svComp-32bit-precise-BE-Impulse.epf & 4 & 30.78 s & 506.25 MB & - & -\\
\midrule
\multirow{4}{*}{\folder{ldv-linux-3.0}} &
\multirow{1}{*}{1} &
\multirow{1}{*}{\folder{Unsafe}} 
 & svComp-64bit-precise-BE-Impulse.epf & 0 & - & - & - & -\\
  \cmidrule[0.01em](l){2-9}
& \multirow{1}{*}{1} &
\multirow{1}{*}{\folder{Safe}} 
 & svComp-64bit-precise-BE-Impulse.epf & 0 & - & - & - & -\\
  \cmidrule[0.01em](l){2-9}
& \multirow{1}{*}{2} &
\multirow{1}{*}{\folder{Completed}} 
 & svComp-64bit-precise-BE-Impulse.epf & 0 & - & - & - & -\\
  \cmidrule[0.01em](l){2-9}
& & \multirow{1}{*}{\folder{Timeout}} 
 & svComp-64bit-precise-BE-Impulse.epf & 0 & - & - & - & -\\
\midrule
\multirow{4}{*}{\folder{ldv-linux-3.4-simple}} &
\multirow{1}{*}{1} &
\multirow{1}{*}{\folder{Unsafe}} 
 & svComp-64bit-precise-BE-Impulse.epf & 0 & - & - & - & -\\
  \cmidrule[0.01em](l){2-9}
& \multirow{1}{*}{1} &
\multirow{1}{*}{\folder{Safe}} 
 & svComp-64bit-precise-BE-Impulse.epf & 0 & - & - & - & -\\
  \cmidrule[0.01em](l){2-9}
& \multirow{1}{*}{2} &
\multirow{1}{*}{\folder{Completed}} 
 & svComp-64bit-precise-BE-Impulse.epf & 0 & - & - & - & -\\
  \cmidrule[0.01em](l){2-9}
& & \multirow{1}{*}{\folder{Timeout}} 
 & svComp-64bit-precise-BE-Impulse.epf & 0 & - & - & - & -\\
\midrule
\multirow{4}{*}{\folder{ntdrivers}} &
\multirow{1}{*}{5} &
\multirow{1}{*}{\folder{Unsafe}} 
 & svComp-32bit-precise-BE-Impulse.epf & 0 & - & - & - & -\\
  \cmidrule[0.01em](l){2-9}
& \multirow{1}{*}{5} &
\multirow{1}{*}{\folder{Safe}} 
 & svComp-32bit-precise-BE-Impulse.epf & 0 & - & - & - & -\\
  \cmidrule[0.01em](l){2-9}
& \multirow{1}{*}{10} &
\multirow{1}{*}{\folder{Completed}} 
 & svComp-32bit-precise-BE-Impulse.epf & 0 & - & - & - & -\\
  \cmidrule[0.01em](l){2-9}
& & \multirow{1}{*}{\folder{Timeout}} 
 & svComp-32bit-precise-BE-Impulse.epf & 0 & - & - & - & -\\
\bottomrule
& & & & & & & & \\
\end{tabu}}
\caption{Results for CodeCheckWithBE-C.xml.}
\end{table}