2015-01-26_21-45-59-533 First run of IncrementalLogWithVMParameters
	Parameters: heapMaxSize=7.6 GB
	Test Suite Parameters: Timeout=1200 s
2015-01-26_21-45-59-535 ### 1/300 ### Starting test for Input:LTL/rers/Problem14_prop_000.c Settings:settings/LtlSoftwareModelCheckingC.epf Toolchain:toolchains/LtlSoftwareModelCheckingC.xml
2015-01-26_21-46-15-723 Finishing test with SUCCESS for Input:LTL/rers/Problem14_prop_000.c Settings:settings/LtlSoftwareModelCheckingC.epf Toolchain:toolchains/LtlSoftwareModelCheckingC.xml: SAFE(Expected:SAFE): ExpectedResult: SAFE UltimateResult: SAFE   [ShortDescription: All specifications hold LongDescription: We were not able to verify any specifiation because the program does not contain any specification.]
2015-01-26_21-46-15-939 ### 2/300 ### Starting test for Input:LTL/rers/Problem14_prop_001.c Settings:settings/LtlSoftwareModelCheckingC.epf Toolchain:toolchains/LtlSoftwareModelCheckingC.xml
2015-01-26_22-07-05-586 Finishing test with UNKNOWN for Input:LTL/rers/Problem14_prop_001.c Settings:settings/LtlSoftwareModelCheckingC.epf Toolchain:toolchains/LtlSoftwareModelCheckingC.xml: TIMEOUT(Expected:SAFE): ExpectedResult: SAFE UltimateResult: TIMEOUT   [ShortDescription: Timeout LongDescription: Timout or Toolchain cancelled by user]
2015-01-26_22-07-14-169 ### 3/300 ### Starting test for Input:LTL/rers/Problem14_prop_002.c Settings:settings/LtlSoftwareModelCheckingC.epf Toolchain:toolchains/LtlSoftwareModelCheckingC.xml
2015-01-26_22-07-31-668 Finishing test with FAIL for Input:LTL/rers/Problem14_prop_002.c Settings:settings/LtlSoftwareModelCheckingC.epf Toolchain:toolchains/LtlSoftwareModelCheckingC.xml: UNSAFE(Expected:SAFE): ExpectedResult: SAFE UltimateResult: UNSAFE   Violation of LTL property G((A || F(B))) 
2015-01-26_22-07-31-908 ### 4/300 ### Starting test for Input:LTL/rers/Problem14_prop_003.c Settings:settings/LtlSoftwareModelCheckingC.epf Toolchain:toolchains/LtlSoftwareModelCheckingC.xml
2015-01-26_22-28-14-338 Finishing test with UNKNOWN for Input:LTL/rers/Problem14_prop_003.c Settings:settings/LtlSoftwareModelCheckingC.epf Toolchain:toolchains/LtlSoftwareModelCheckingC.xml: TIMEOUT(Expected:SAFE): ExpectedResult: SAFE UltimateResult: TIMEOUT   [ShortDescription: Timeout LongDescription: Timout or Toolchain cancelled by user]
2015-01-26_22-28-24-503 ### 5/300 ### Starting test for Input:LTL/rers/Problem14_prop_004.c Settings:settings/LtlSoftwareModelCheckingC.epf Toolchain:toolchains/LtlSoftwareModelCheckingC.xml
2015-01-26_22-30-37-296 Finishing test with SUCCESS for Input:LTL/rers/Problem14_prop_004.c Settings:settings/LtlSoftwareModelCheckingC.epf Toolchain:toolchains/LtlSoftwareModelCheckingC.xml: UNSAFE(Expected:UNSAFE): ExpectedResult: UNSAFE UltimateResult: UNSAFE   Violation of LTL property G((A || G(B))) 
2015-01-26_22-30-37-485 ### 6/300 ### Starting test for Input:LTL/rers/Problem14_prop_005.c Settings:settings/LtlSoftwareModelCheckingC.epf Toolchain:toolchains/LtlSoftwareModelCheckingC.xml
2015-01-26_22-32-38-563 Finishing test with FAIL for Input:LTL/rers/Problem14_prop_005.c Settings:settings/LtlSoftwareModelCheckingC.epf Toolchain:toolchains/LtlSoftwareModelCheckingC.xml: NO_RESULT(Expected:UNSAFE): ExpectedResult: UNSAFE UltimateResult: NO_RESULT   NO_RESULT
2015-01-26_22-32-38-967 ### 7/300 ### Starting test for Input:LTL/rers/Problem14_prop_006.c Settings:settings/LtlSoftwareModelCheckingC.epf Toolchain:toolchains/LtlSoftwareModelCheckingC.xml
2015-01-26_22-44-51-058 Finishing test with SUCCESS for Input:LTL/rers/Problem14_prop_006.c Settings:settings/LtlSoftwareModelCheckingC.epf Toolchain:toolchains/LtlSoftwareModelCheckingC.xml: UNSAFE(Expected:UNSAFE): ExpectedResult: UNSAFE UltimateResult: UNSAFE   Violation of LTL property G((A || G(B))) 
2015-01-26_22-44-51-225 ### 8/300 ### Starting test for Input:LTL/rers/Problem14_prop_007.c Settings:settings/LtlSoftwareModelCheckingC.epf Toolchain:toolchains/LtlSoftwareModelCheckingC.xml
2015-01-26_22-45-15-411 Finishing test with SUCCESS for Input:LTL/rers/Problem14_prop_007.c Settings:settings/LtlSoftwareModelCheckingC.epf Toolchain:toolchains/LtlSoftwareModelCheckingC.xml: SAFE(Expected:SAFE): ExpectedResult: SAFE UltimateResult: SAFE   [ShortDescription: All specifications hold LongDescription: We were not able to verify any specifiation because the program does not contain any specification.]
2015-01-26_22-45-15-879 ### 9/300 ### Starting test for Input:LTL/rers/Problem14_prop_008.c Settings:settings/LtlSoftwareModelCheckingC.epf Toolchain:toolchains/LtlSoftwareModelCheckingC.xml
2015-01-26_22-46-42-791 Finishing test with SUCCESS for Input:LTL/rers/Problem14_prop_008.c Settings:settings/LtlSoftwareModelCheckingC.epf Toolchain:toolchains/LtlSoftwareModelCheckingC.xml: UNSAFE(Expected:UNSAFE): ExpectedResult: UNSAFE UltimateResult: UNSAFE   Violation of LTL property G((!((A && F(B))) || (C U B))) 
2015-01-26_22-46-43-052 ### 10/300 ### Starting test for Input:LTL/rers/Problem14_prop_009.c Settings:settings/LtlSoftwareModelCheckingC.epf Toolchain:toolchains/LtlSoftwareModelCheckingC.xml
2015-01-26_22-50-17-678 Finishing test with SUCCESS for Input:LTL/rers/Problem14_prop_009.c Settings:settings/LtlSoftwareModelCheckingC.epf Toolchain:toolchains/LtlSoftwareModelCheckingC.xml: UNSAFE(Expected:UNSAFE): ExpectedResult: UNSAFE UltimateResult: UNSAFE   Violation of LTL property G((!((A && F(B))) || (C U B))) 
2015-01-26_22-50-17-936 ### 11/300 ### Starting test for Input:LTL/rers/Problem14_prop_010.c Settings:settings/LtlSoftwareModelCheckingC.epf Toolchain:toolchains/LtlSoftwareModelCheckingC.xml
2015-01-26_22-50-43-863 Finishing test with FAIL for Input:LTL/rers/Problem14_prop_010.c Settings:settings/LtlSoftwareModelCheckingC.epf Toolchain:toolchains/LtlSoftwareModelCheckingC.xml: UNSAFE(Expected:SAFE): ExpectedResult: SAFE UltimateResult: UNSAFE   Violation of LTL property (G(A) || F((B && F(C)))) 
2015-01-26_22-50-44-110 ### 12/300 ### Starting test for Input:LTL/rers/Problem14_prop_011.c Settings:settings/LtlSoftwareModelCheckingC.epf Toolchain:toolchains/LtlSoftwareModelCheckingC.xml
2015-01-26_22-51-31-937 Finishing test with SUCCESS for Input:LTL/rers/Problem14_prop_011.c Settings:settings/LtlSoftwareModelCheckingC.epf Toolchain:toolchains/LtlSoftwareModelCheckingC.xml: SAFE(Expected:SAFE): ExpectedResult: SAFE UltimateResult: SAFE   [ShortDescription: All specifications hold LongDescription: We were not able to verify any specifiation because the program does not contain any specification.]
2015-01-26_22-51-32-174 ### 13/300 ### Starting test for Input:LTL/rers/Problem14_prop_012.c Settings:settings/LtlSoftwareModelCheckingC.epf Toolchain:toolchains/LtlSoftwareModelCheckingC.xml
2015-01-26_22-51-45-948 Finishing test with SUCCESS for Input:LTL/rers/Problem14_prop_012.c Settings:settings/LtlSoftwareModelCheckingC.epf Toolchain:toolchains/LtlSoftwareModelCheckingC.xml: SAFE(Expected:SAFE): ExpectedResult: SAFE UltimateResult: SAFE   [ShortDescription: All specifications hold LongDescription: We were not able to verify any specifiation because the program does not contain any specification.]
2015-01-26_22-51-46-155 ### 14/300 ### Starting test for Input:LTL/rers/Problem14_prop_013.c Settings:settings/LtlSoftwareModelCheckingC.epf Toolchain:toolchains/LtlSoftwareModelCheckingC.xml
2015-01-26_22-51-53-164 Finishing test with SUCCESS for Input:LTL/rers/Problem14_prop_013.c Settings:settings/LtlSoftwareModelCheckingC.epf Toolchain:toolchains/LtlSoftwareModelCheckingC.xml: SAFE(Expected:SAFE): ExpectedResult: SAFE UltimateResult: SAFE   [ShortDescription: All specifications hold LongDescription: We were not able to verify any specifiation because the program does not contain any specification.]
2015-01-26_22-51-53-472 ### 15/300 ### Starting test for Input:LTL/rers/Problem14_prop_014.c Settings:settings/LtlSoftwareModelCheckingC.epf Toolchain:toolchains/LtlSoftwareModelCheckingC.xml
2015-01-26_22-52-38-383 Finishing test with SUCCESS for Input:LTL/rers/Problem14_prop_014.c Settings:settings/LtlSoftwareModelCheckingC.epf Toolchain:toolchains/LtlSoftwareModelCheckingC.xml: UNSAFE(Expected:UNSAFE): ExpectedResult: UNSAFE UltimateResult: UNSAFE   Violation of LTL property (!(F(A)) || (B U C)) 
2015-01-26_22-52-38-632 ### 16/300 ### Starting test for Input:LTL/rers/Problem14_prop_015.c Settings:settings/LtlSoftwareModelCheckingC.epf Toolchain:toolchains/LtlSoftwareModelCheckingC.xml
2015-01-26_23-13-31-801 Finishing test with UNKNOWN for Input:LTL/rers/Problem14_prop_015.c Settings:settings/LtlSoftwareModelCheckingC.epf Toolchain:toolchains/LtlSoftwareModelCheckingC.xml: TIMEOUT(Expected:UNSAFE): ExpectedResult: UNSAFE UltimateResult: TIMEOUT   [ShortDescription: Timeout LongDescription: Timout or Toolchain cancelled by user]
2015-01-26_23-13-39-997 ### 17/300 ### Starting test for Input:LTL/rers/Problem14_prop_016.c Settings:settings/LtlSoftwareModelCheckingC.epf Toolchain:toolchains/LtlSoftwareModelCheckingC.xml
2015-01-26_23-13-53-256 Finishing test with SUCCESS for Input:LTL/rers/Problem14_prop_016.c Settings:settings/LtlSoftwareModelCheckingC.epf Toolchain:toolchains/LtlSoftwareModelCheckingC.xml: SAFE(Expected:SAFE): ExpectedResult: SAFE UltimateResult: SAFE   [ShortDescription: All specifications hold LongDescription: We were not able to verify any specifiation because the program does not contain any specification.]
2015-01-26_23-13-53-498 ### 18/300 ### Starting test for Input:LTL/rers/Problem14_prop_017.c Settings:settings/LtlSoftwareModelCheckingC.epf Toolchain:toolchains/LtlSoftwareModelCheckingC.xml
2015-01-26_23-14-12-410 Finishing test with SUCCESS for Input:LTL/rers/Problem14_prop_017.c Settings:settings/LtlSoftwareModelCheckingC.epf Toolchain:toolchains/LtlSoftwareModelCheckingC.xml: UNSAFE(Expected:UNSAFE): ExpectedResult: UNSAFE UltimateResult: UNSAFE   Violation of LTL property ((A U B) || G(A)) 
2015-01-26_23-14-12-678 ### 19/300 ### Starting test for Input:LTL/rers/Problem14_prop_018.c Settings:settings/LtlSoftwareModelCheckingC.epf Toolchain:toolchains/LtlSoftwareModelCheckingC.xml
2015-01-26_23-14-25-621 Finishing test with SUCCESS for Input:LTL/rers/Problem14_prop_018.c Settings:settings/LtlSoftwareModelCheckingC.epf Toolchain:toolchains/LtlSoftwareModelCheckingC.xml: SAFE(Expected:SAFE): ExpectedResult: SAFE UltimateResult: SAFE   [ShortDescription: All specifications hold LongDescription: We were not able to verify any specifiation because the program does not contain any specification.]
2015-01-26_23-14-25-843 ### 20/300 ### Starting test for Input:LTL/rers/Problem14_prop_019.c Settings:settings/LtlSoftwareModelCheckingC.epf Toolchain:toolchains/LtlSoftwareModelCheckingC.xml
2015-01-26_23-14-53-619 Finishing test with SUCCESS for Input:LTL/rers/Problem14_prop_019.c Settings:settings/LtlSoftwareModelCheckingC.epf Toolchain:toolchains/LtlSoftwareModelCheckingC.xml: UNSAFE(Expected:UNSAFE): ExpectedResult: UNSAFE UltimateResult: UNSAFE   Violation of LTL property G((A || F(B))) 
2015-01-26_23-14-53-959 ### 21/300 ### Starting test for Input:LTL/rers/Problem14_prop_020.c Settings:settings/LtlSoftwareModelCheckingC.epf Toolchain:toolchains/LtlSoftwareModelCheckingC.xml
2015-01-26_23-16-54-687 Finishing test with SUCCESS for Input:LTL/rers/Problem14_prop_020.c Settings:settings/LtlSoftwareModelCheckingC.epf Toolchain:toolchains/LtlSoftwareModelCheckingC.xml: UNSAFE(Expected:UNSAFE): ExpectedResult: UNSAFE UltimateResult: UNSAFE   Violation of LTL property G(A) 
2015-01-26_23-16-54-936 ### 22/300 ### Starting test for Input:LTL/rers/Problem14_prop_021.c Settings:settings/LtlSoftwareModelCheckingC.epf Toolchain:toolchains/LtlSoftwareModelCheckingC.xml
2015-01-26_23-20-31-495 Finishing test with SUCCESS for Input:LTL/rers/Problem14_prop_021.c Settings:settings/LtlSoftwareModelCheckingC.epf Toolchain:toolchains/LtlSoftwareModelCheckingC.xml: UNSAFE(Expected:UNSAFE): ExpectedResult: UNSAFE UltimateResult: UNSAFE   Violation of LTL property G((A || ((B U C) || G(B)))) 
2015-01-26_23-20-31-782 ### 23/300 ### Starting test for Input:LTL/rers/Problem14_prop_022.c Settings:settings/LtlSoftwareModelCheckingC.epf Toolchain:toolchains/LtlSoftwareModelCheckingC.xml
2015-01-26_23-41-08-060 Finishing test with UNKNOWN for Input:LTL/rers/Problem14_prop_022.c Settings:settings/LtlSoftwareModelCheckingC.epf Toolchain:toolchains/LtlSoftwareModelCheckingC.xml: TIMEOUT(Expected:UNSAFE): ExpectedResult: UNSAFE UltimateResult: TIMEOUT   [ShortDescription: Timeout LongDescription: Timout or Toolchain cancelled by user]
2015-01-26_23-41-17-905 ### 24/300 ### Starting test for Input:LTL/rers/Problem14_prop_023.c Settings:settings/LtlSoftwareModelCheckingC.epf Toolchain:toolchains/LtlSoftwareModelCheckingC.xml
2015-01-26_23-42-30-649 Finishing test with SUCCESS for Input:LTL/rers/Problem14_prop_023.c Settings:settings/LtlSoftwareModelCheckingC.epf Toolchain:toolchains/LtlSoftwareModelCheckingC.xml: SAFE(Expected:SAFE): ExpectedResult: SAFE UltimateResult: SAFE   [ShortDescription: All specifications hold LongDescription: We were not able to verify any specifiation because the program does not contain any specification.]
2015-01-26_23-42-30-890 ### 25/300 ### Starting test for Input:LTL/rers/Problem14_prop_024.c Settings:settings/LtlSoftwareModelCheckingC.epf Toolchain:toolchains/LtlSoftwareModelCheckingC.xml
2015-01-26_23-44-01-742 Finishing test with SUCCESS for Input:LTL/rers/Problem14_prop_024.c Settings:settings/LtlSoftwareModelCheckingC.epf Toolchain:toolchains/LtlSoftwareModelCheckingC.xml: SAFE(Expected:SAFE): ExpectedResult: SAFE UltimateResult: SAFE   [ShortDescription: All specifications hold LongDescription: We were not able to verify any specifiation because the program does not contain any specification.]
2015-01-26_23-44-01-973 ### 26/300 ### Starting test for Input:LTL/rers/Problem14_prop_025.c Settings:settings/LtlSoftwareModelCheckingC.epf Toolchain:toolchains/LtlSoftwareModelCheckingC.xml
2015-01-26_23-44-46-197 Finishing test with SUCCESS for Input:LTL/rers/Problem14_prop_025.c Settings:settings/LtlSoftwareModelCheckingC.epf Toolchain:toolchains/LtlSoftwareModelCheckingC.xml: SAFE(Expected:SAFE): ExpectedResult: SAFE UltimateResult: SAFE   [ShortDescription: All specifications hold LongDescription: We were not able to verify any specifiation because the program does not contain any specification.]
2015-01-26_23-44-46-416 ### 27/300 ### Starting test for Input:LTL/rers/Problem14_prop_026.c Settings:settings/LtlSoftwareModelCheckingC.epf Toolchain:toolchains/LtlSoftwareModelCheckingC.xml
2015-01-26_23-48-06-185 Finishing test with SUCCESS for Input:LTL/rers/Problem14_prop_026.c Settings:settings/LtlSoftwareModelCheckingC.epf Toolchain:toolchains/LtlSoftwareModelCheckingC.xml: SAFE(Expected:SAFE): ExpectedResult: SAFE UltimateResult: SAFE   [ShortDescription: All specifications hold LongDescription: We were not able to verify any specifiation because the program does not contain any specification.]
2015-01-26_23-48-06-504 ### 28/300 ### Starting test for Input:LTL/rers/Problem14_prop_027.c Settings:settings/LtlSoftwareModelCheckingC.epf Toolchain:toolchains/LtlSoftwareModelCheckingC.xml
2015-01-26_23-48-52-530 Finishing test with SUCCESS for Input:LTL/rers/Problem14_prop_027.c Settings:settings/LtlSoftwareModelCheckingC.epf Toolchain:toolchains/LtlSoftwareModelCheckingC.xml: UNSAFE(Expected:UNSAFE): ExpectedResult: UNSAFE UltimateResult: UNSAFE   Violation of LTL property ((A U B) || G(A)) 
2015-01-26_23-48-52-775 ### 29/300 ### Starting test for Input:LTL/rers/Problem14_prop_028.c Settings:settings/LtlSoftwareModelCheckingC.epf Toolchain:toolchains/LtlSoftwareModelCheckingC.xml
2015-01-26_23-52-04-372 Finishing test with SUCCESS for Input:LTL/rers/Problem14_prop_028.c Settings:settings/LtlSoftwareModelCheckingC.epf Toolchain:toolchains/LtlSoftwareModelCheckingC.xml: UNSAFE(Expected:UNSAFE): ExpectedResult: UNSAFE UltimateResult: UNSAFE   Violation of LTL property ((A U ((B U ((A U ((B U G(A)) || G(B))) || G(A))) || G(B))) || G(A)) 
2015-01-26_23-52-04-650 ### 30/300 ### Starting test for Input:LTL/rers/Problem14_prop_029.c Settings:settings/LtlSoftwareModelCheckingC.epf Toolchain:toolchains/LtlSoftwareModelCheckingC.xml
2015-01-27_00-03-29-201 Finishing test with SUCCESS for Input:LTL/rers/Problem14_prop_029.c Settings:settings/LtlSoftwareModelCheckingC.epf Toolchain:toolchains/LtlSoftwareModelCheckingC.xml: UNSAFE(Expected:UNSAFE): ExpectedResult: UNSAFE UltimateResult: UNSAFE   Violation of LTL property G((A || (B U C))) 
2015-01-27_00-03-29-500 ### 31/300 ### Starting test for Input:LTL/rers/Problem14_prop_030.c Settings:settings/LtlSoftwareModelCheckingC.epf Toolchain:toolchains/LtlSoftwareModelCheckingC.xml
2015-01-27_00-03-36-427 Finishing test with SUCCESS for Input:LTL/rers/Problem14_prop_030.c Settings:settings/LtlSoftwareModelCheckingC.epf Toolchain:toolchains/LtlSoftwareModelCheckingC.xml: SAFE(Expected:SAFE): ExpectedResult: SAFE UltimateResult: SAFE   [ShortDescription: All specifications hold LongDescription: We were not able to verify any specifiation because the program does not contain any specification.]
2015-01-27_00-03-36-823 ### 32/300 ### Starting test for Input:LTL/rers/Problem14_prop_031.c Settings:settings/LtlSoftwareModelCheckingC.epf Toolchain:toolchains/LtlSoftwareModelCheckingC.xml
2015-01-27_00-04-52-924 Finishing test with SUCCESS for Input:LTL/rers/Problem14_prop_031.c Settings:settings/LtlSoftwareModelCheckingC.epf Toolchain:toolchains/LtlSoftwareModelCheckingC.xml: SAFE(Expected:SAFE): ExpectedResult: SAFE UltimateResult: SAFE   [ShortDescription: All specifications hold LongDescription: We were not able to verify any specifiation because the program does not contain any specification.]
2015-01-27_00-04-53-185 ### 33/300 ### Starting test for Input:LTL/rers/Problem14_prop_032.c Settings:settings/LtlSoftwareModelCheckingC.epf Toolchain:toolchains/LtlSoftwareModelCheckingC.xml
2015-01-27_00-05-03-325 Finishing test with SUCCESS for Input:LTL/rers/Problem14_prop_032.c Settings:settings/LtlSoftwareModelCheckingC.epf Toolchain:toolchains/LtlSoftwareModelCheckingC.xml: SAFE(Expected:SAFE): ExpectedResult: SAFE UltimateResult: SAFE   [ShortDescription: All specifications hold LongDescription: We were not able to verify any specifiation because the program does not contain any specification.]
2015-01-27_00-05-03-711 ### 34/300 ### Starting test for Input:LTL/rers/Problem14_prop_033.c Settings:settings/LtlSoftwareModelCheckingC.epf Toolchain:toolchains/LtlSoftwareModelCheckingC.xml
2015-01-27_00-25-43-125 Finishing test with UNKNOWN for Input:LTL/rers/Problem14_prop_033.c Settings:settings/LtlSoftwareModelCheckingC.epf Toolchain:toolchains/LtlSoftwareModelCheckingC.xml: TIMEOUT(Expected:UNSAFE): ExpectedResult: UNSAFE UltimateResult: TIMEOUT   [ShortDescription: Timeout LongDescription: Timout or Toolchain cancelled by user]
2015-01-27_00-25-54-192 ### 35/300 ### Starting test for Input:LTL/rers/Problem14_prop_034.c Settings:settings/LtlSoftwareModelCheckingC.epf Toolchain:toolchains/LtlSoftwareModelCheckingC.xml
2015-01-27_00-27-18-104 Finishing test with SUCCESS for Input:LTL/rers/Problem14_prop_034.c Settings:settings/LtlSoftwareModelCheckingC.epf Toolchain:toolchains/LtlSoftwareModelCheckingC.xml: UNSAFE(Expected:UNSAFE): ExpectedResult: UNSAFE UltimateResult: UNSAFE   Violation of LTL property ((A U B) || G(A)) 
2015-01-27_00-27-18-432 ### 36/300 ### Starting test for Input:LTL/rers/Problem14_prop_035.c Settings:settings/LtlSoftwareModelCheckingC.epf Toolchain:toolchains/LtlSoftwareModelCheckingC.xml
2015-01-27_00-31-22-044 Finishing test with SUCCESS for Input:LTL/rers/Problem14_prop_035.c Settings:settings/LtlSoftwareModelCheckingC.epf Toolchain:toolchains/LtlSoftwareModelCheckingC.xml: UNSAFE(Expected:UNSAFE): ExpectedResult: UNSAFE UltimateResult: UNSAFE   Violation of LTL property G(A) 
2015-01-27_00-31-22-301 ### 37/300 ### Starting test for Input:LTL/rers/Problem14_prop_036.c Settings:settings/LtlSoftwareModelCheckingC.epf Toolchain:toolchains/LtlSoftwareModelCheckingC.xml
2015-01-27_00-52-03-655 Finishing test with UNKNOWN for Input:LTL/rers/Problem14_prop_036.c Settings:settings/LtlSoftwareModelCheckingC.epf Toolchain:toolchains/LtlSoftwareModelCheckingC.xml: TIMEOUT(Expected:UNSAFE): ExpectedResult: UNSAFE UltimateResult: TIMEOUT   [ShortDescription: Timeout LongDescription: Timout or Toolchain cancelled by user]
2015-01-27_00-52-13-702 ### 38/300 ### Starting test for Input:LTL/rers/Problem14_prop_037.c Settings:settings/LtlSoftwareModelCheckingC.epf Toolchain:toolchains/LtlSoftwareModelCheckingC.xml
2015-01-27_00-53-35-215 Finishing test with SUCCESS for Input:LTL/rers/Problem14_prop_037.c Settings:settings/LtlSoftwareModelCheckingC.epf Toolchain:toolchains/LtlSoftwareModelCheckingC.xml: UNSAFE(Expected:UNSAFE): ExpectedResult: UNSAFE UltimateResult: UNSAFE   Violation of LTL property G((A || F(B))) 
2015-01-27_00-53-35-508 ### 39/300 ### Starting test for Input:LTL/rers/Problem14_prop_038.c Settings:settings/LtlSoftwareModelCheckingC.epf Toolchain:toolchains/LtlSoftwareModelCheckingC.xml
2015-01-27_00-56-13-481 Finishing test with SUCCESS for Input:LTL/rers/Problem14_prop_038.c Settings:settings/LtlSoftwareModelCheckingC.epf Toolchain:toolchains/LtlSoftwareModelCheckingC.xml: SAFE(Expected:SAFE): ExpectedResult: SAFE UltimateResult: SAFE   [ShortDescription: All specifications hold LongDescription: We were not able to verify any specifiation because the program does not contain any specification.]
2015-01-27_00-56-13-783 ### 40/300 ### Starting test for Input:LTL/rers/Problem14_prop_039.c Settings:settings/LtlSoftwareModelCheckingC.epf Toolchain:toolchains/LtlSoftwareModelCheckingC.xml
2015-01-27_00-59-49-207 Finishing test with SUCCESS for Input:LTL/rers/Problem14_prop_039.c Settings:settings/LtlSoftwareModelCheckingC.epf Toolchain:toolchains/LtlSoftwareModelCheckingC.xml: SAFE(Expected:SAFE): ExpectedResult: SAFE UltimateResult: SAFE   [ShortDescription: All specifications hold LongDescription: We were not able to verify any specifiation because the program does not contain any specification.]
2015-01-27_00-59-49-532 ### 41/300 ### Starting test for Input:LTL/rers/Problem14_prop_040.c Settings:settings/LtlSoftwareModelCheckingC.epf Toolchain:toolchains/LtlSoftwareModelCheckingC.xml
2015-01-27_01-01-28-738 Finishing test with SUCCESS for Input:LTL/rers/Problem14_prop_040.c Settings:settings/LtlSoftwareModelCheckingC.epf Toolchain:toolchains/LtlSoftwareModelCheckingC.xml: UNSAFE(Expected:UNSAFE): ExpectedResult: UNSAFE UltimateResult: UNSAFE   Violation of LTL property ((A U B) || G(A)) 
2015-01-27_01-01-29-002 ### 42/300 ### Starting test for Input:LTL/rers/Problem14_prop_041.c Settings:settings/LtlSoftwareModelCheckingC.epf Toolchain:toolchains/LtlSoftwareModelCheckingC.xml
2015-01-27_01-03-44-014 Finishing test with SUCCESS for Input:LTL/rers/Problem14_prop_041.c Settings:settings/LtlSoftwareModelCheckingC.epf Toolchain:toolchains/LtlSoftwareModelCheckingC.xml: UNSAFE(Expected:UNSAFE): ExpectedResult: UNSAFE UltimateResult: UNSAFE   Violation of LTL property G((A || (B U C))) 
2015-01-27_01-03-44-310 ### 43/300 ### Starting test for Input:LTL/rers/Problem14_prop_042.c Settings:settings/LtlSoftwareModelCheckingC.epf Toolchain:toolchains/LtlSoftwareModelCheckingC.xml
2015-01-27_01-04-59-226 Finishing test with SUCCESS for Input:LTL/rers/Problem14_prop_042.c Settings:settings/LtlSoftwareModelCheckingC.epf Toolchain:toolchains/LtlSoftwareModelCheckingC.xml: UNSAFE(Expected:UNSAFE): ExpectedResult: UNSAFE UltimateResult: UNSAFE   Violation of LTL property G(A) 
2015-01-27_01-04-59-516 ### 44/300 ### Starting test for Input:LTL/rers/Problem14_prop_043.c Settings:settings/LtlSoftwareModelCheckingC.epf Toolchain:toolchains/LtlSoftwareModelCheckingC.xml
2015-01-27_01-05-07-518 Finishing test with SUCCESS for Input:LTL/rers/Problem14_prop_043.c Settings:settings/LtlSoftwareModelCheckingC.epf Toolchain:toolchains/LtlSoftwareModelCheckingC.xml: SAFE(Expected:SAFE): ExpectedResult: SAFE UltimateResult: SAFE   [ShortDescription: All specifications hold LongDescription: We were not able to verify any specifiation because the program does not contain any specification.]
2015-01-27_01-05-07-994 ### 45/300 ### Starting test for Input:LTL/rers/Problem14_prop_044.c Settings:settings/LtlSoftwareModelCheckingC.epf Toolchain:toolchains/LtlSoftwareModelCheckingC.xml
2015-01-27_01-06-48-447 Finishing test with SUCCESS for Input:LTL/rers/Problem14_prop_044.c Settings:settings/LtlSoftwareModelCheckingC.epf Toolchain:toolchains/LtlSoftwareModelCheckingC.xml: UNSAFE(Expected:UNSAFE): ExpectedResult: UNSAFE UltimateResult: UNSAFE   Violation of LTL property (!(F(A)) || (B U C)) 
2015-01-27_01-06-48-791 ### 46/300 ### Starting test for Input:LTL/rers/Problem14_prop_045.c Settings:settings/LtlSoftwareModelCheckingC.epf Toolchain:toolchains/LtlSoftwareModelCheckingC.xml
2015-01-27_01-11-35-842 Finishing test with SUCCESS for Input:LTL/rers/Problem14_prop_045.c Settings:settings/LtlSoftwareModelCheckingC.epf Toolchain:toolchains/LtlSoftwareModelCheckingC.xml: UNSAFE(Expected:UNSAFE): ExpectedResult: UNSAFE UltimateResult: UNSAFE   Violation of LTL property G((!((A && F(B))) || (C U B))) 
2015-01-27_01-11-36-166 ### 47/300 ### Starting test for Input:LTL/rers/Problem14_prop_046.c Settings:settings/LtlSoftwareModelCheckingC.epf Toolchain:toolchains/LtlSoftwareModelCheckingC.xml
2015-01-27_01-14-32-786 Finishing test with SUCCESS for Input:LTL/rers/Problem14_prop_046.c Settings:settings/LtlSoftwareModelCheckingC.epf Toolchain:toolchains/LtlSoftwareModelCheckingC.xml: UNSAFE(Expected:UNSAFE): ExpectedResult: UNSAFE UltimateResult: UNSAFE   Violation of LTL property G((A || G(B))) 
2015-01-27_01-14-33-090 ### 48/300 ### Starting test for Input:LTL/rers/Problem14_prop_047.c Settings:settings/LtlSoftwareModelCheckingC.epf Toolchain:toolchains/LtlSoftwareModelCheckingC.xml
2015-01-27_01-17-18-237 Finishing test with SUCCESS for Input:LTL/rers/Problem14_prop_047.c Settings:settings/LtlSoftwareModelCheckingC.epf Toolchain:toolchains/LtlSoftwareModelCheckingC.xml: UNSAFE(Expected:UNSAFE): ExpectedResult: UNSAFE UltimateResult: UNSAFE   Violation of LTL property G((A || ((B U C) || G(B)))) 
2015-01-27_01-17-18-582 ### 49/300 ### Starting test for Input:LTL/rers/Problem14_prop_048.c Settings:settings/LtlSoftwareModelCheckingC.epf Toolchain:toolchains/LtlSoftwareModelCheckingC.xml
2015-01-27_01-20-03-273 Finishing test with SUCCESS for Input:LTL/rers/Problem14_prop_048.c Settings:settings/LtlSoftwareModelCheckingC.epf Toolchain:toolchains/LtlSoftwareModelCheckingC.xml: SAFE(Expected:SAFE): ExpectedResult: SAFE UltimateResult: SAFE   [ShortDescription: All specifications hold LongDescription: We were not able to verify any specifiation because the program does not contain any specification.]
2015-01-27_01-20-03-647 ### 50/300 ### Starting test for Input:LTL/rers/Problem14_prop_049.c Settings:settings/LtlSoftwareModelCheckingC.epf Toolchain:toolchains/LtlSoftwareModelCheckingC.xml
2015-01-27_01-21-27-796 Finishing test with SUCCESS for Input:LTL/rers/Problem14_prop_049.c Settings:settings/LtlSoftwareModelCheckingC.epf Toolchain:toolchains/LtlSoftwareModelCheckingC.xml: SAFE(Expected:SAFE): ExpectedResult: SAFE UltimateResult: SAFE   [ShortDescription: All specifications hold LongDescription: We were not able to verify any specifiation because the program does not contain any specification.]
2015-01-27_01-21-28-173 ### 51/300 ### Starting test for Input:LTL/rers/Problem15_prop_000.c Settings:settings/LtlSoftwareModelCheckingC.epf Toolchain:toolchains/LtlSoftwareModelCheckingC.xml
2015-01-27_01-25-03-702 Finishing test with SUCCESS for Input:LTL/rers/Problem15_prop_000.c Settings:settings/LtlSoftwareModelCheckingC.epf Toolchain:toolchains/LtlSoftwareModelCheckingC.xml: SAFE(Expected:SAFE): ExpectedResult: SAFE UltimateResult: SAFE   [ShortDescription: All specifications hold LongDescription: We were not able to verify any specifiation because the program does not contain any specification.]
2015-01-27_01-25-04-274 ### 52/300 ### Starting test for Input:LTL/rers/Problem15_prop_001.c Settings:settings/LtlSoftwareModelCheckingC.epf Toolchain:toolchains/LtlSoftwareModelCheckingC.xml
2015-01-27_01-26-05-845 Finishing test with SUCCESS for Input:LTL/rers/Problem15_prop_001.c Settings:settings/LtlSoftwareModelCheckingC.epf Toolchain:toolchains/LtlSoftwareModelCheckingC.xml: SAFE(Expected:SAFE): ExpectedResult: SAFE UltimateResult: SAFE   [ShortDescription: All specifications hold LongDescription: We were not able to verify any specifiation because the program does not contain any specification.]
2015-01-27_01-26-06-174 ### 53/300 ### Starting test for Input:LTL/rers/Problem15_prop_002.c Settings:settings/LtlSoftwareModelCheckingC.epf Toolchain:toolchains/LtlSoftwareModelCheckingC.xml
2015-01-27_01-26-43-260 Finishing test with SUCCESS for Input:LTL/rers/Problem15_prop_002.c Settings:settings/LtlSoftwareModelCheckingC.epf Toolchain:toolchains/LtlSoftwareModelCheckingC.xml: SAFE(Expected:SAFE): ExpectedResult: SAFE UltimateResult: SAFE   [ShortDescription: All specifications hold LongDescription: We were not able to verify any specifiation because the program does not contain any specification.]
2015-01-27_01-26-43-566 ### 54/300 ### Starting test for Input:LTL/rers/Problem15_prop_003.c Settings:settings/LtlSoftwareModelCheckingC.epf Toolchain:toolchains/LtlSoftwareModelCheckingC.xml
2015-01-27_01-28-15-418 Finishing test with SUCCESS for Input:LTL/rers/Problem15_prop_003.c Settings:settings/LtlSoftwareModelCheckingC.epf Toolchain:toolchains/LtlSoftwareModelCheckingC.xml: SAFE(Expected:SAFE): ExpectedResult: SAFE UltimateResult: SAFE   [ShortDescription: All specifications hold LongDescription: We were not able to verify any specifiation because the program does not contain any specification.]
2015-01-27_01-28-15-834 ### 55/300 ### Starting test for Input:LTL/rers/Problem15_prop_004.c Settings:settings/LtlSoftwareModelCheckingC.epf Toolchain:toolchains/LtlSoftwareModelCheckingC.xml
2015-01-27_01-39-17-555 Finishing test with FAIL for Input:LTL/rers/Problem15_prop_004.c Settings:settings/LtlSoftwareModelCheckingC.epf Toolchain:toolchains/LtlSoftwareModelCheckingC.xml: EXCEPTION_OR_ERROR(Expected:UNSAFE): ExpectedResult: UNSAFE UltimateResult: EXCEPTION_OR_ERROR   [de.uni_freiburg.informatik.ultimate.plugins.generator.buchiautomizer: OutOfMemoryError: GC overhead limit exceeded: java.util.HashMap.createEntry(HashMap.java:901)]
2015-01-27_01-39-17-825 ### 56/300 ### Starting test for Input:LTL/rers/Problem15_prop_005.c Settings:settings/LtlSoftwareModelCheckingC.epf Toolchain:toolchains/LtlSoftwareModelCheckingC.xml
2015-01-27_01-39-55-870 Finishing test with SUCCESS for Input:LTL/rers/Problem15_prop_005.c Settings:settings/LtlSoftwareModelCheckingC.epf Toolchain:toolchains/LtlSoftwareModelCheckingC.xml: SAFE(Expected:SAFE): ExpectedResult: SAFE UltimateResult: SAFE   [ShortDescription: All specifications hold LongDescription: We were not able to verify any specifiation because the program does not contain any specification.]
2015-01-27_01-39-56-453 ### 57/300 ### Starting test for Input:LTL/rers/Problem15_prop_006.c Settings:settings/LtlSoftwareModelCheckingC.epf Toolchain:toolchains/LtlSoftwareModelCheckingC.xml
2015-01-27_01-59-56-956 Finishing test with UNKNOWN for Input:LTL/rers/Problem15_prop_006.c Settings:settings/LtlSoftwareModelCheckingC.epf Toolchain:toolchains/LtlSoftwareModelCheckingC.xml: TIMEOUT(Expected:UNSAFE): ExpectedResult: UNSAFE UltimateResult: TIMEOUT   [ShortDescription: Timeout LongDescription: Timeout while trying to prove G((A || ((B U C) || G(B))))]
2015-01-27_01-59-57-651 ### 58/300 ### Starting test for Input:LTL/rers/Problem15_prop_007.c Settings:settings/LtlSoftwareModelCheckingC.epf Toolchain:toolchains/LtlSoftwareModelCheckingC.xml
2015-01-27_02-19-10-575 Finishing test with FAIL for Input:LTL/rers/Problem15_prop_007.c Settings:settings/LtlSoftwareModelCheckingC.epf Toolchain:toolchains/LtlSoftwareModelCheckingC.xml: EXCEPTION_OR_ERROR(Expected:UNSAFE): ExpectedResult: UNSAFE UltimateResult: EXCEPTION_OR_ERROR   [de.uni_freiburg.informatik.ultimate.plugins.generator.buchiautomizer: OutOfMemoryError: GC overhead limit exceeded: java.util.HashMap.newKeyIterator(HashMap.java:972)]
2015-01-27_02-19-10-838 ### 59/300 ### Starting test for Input:LTL/rers/Problem15_prop_008.c Settings:settings/LtlSoftwareModelCheckingC.epf Toolchain:toolchains/LtlSoftwareModelCheckingC.xml
2015-01-27_02-21-01-212 Finishing test with SUCCESS for Input:LTL/rers/Problem15_prop_008.c Settings:settings/LtlSoftwareModelCheckingC.epf Toolchain:toolchains/LtlSoftwareModelCheckingC.xml: SAFE(Expected:SAFE): ExpectedResult: SAFE UltimateResult: SAFE   [ShortDescription: All specifications hold LongDescription: We were not able to verify any specifiation because the program does not contain any specification.]
2015-01-27_02-21-01-808 ### 60/300 ### Starting test for Input:LTL/rers/Problem15_prop_009.c Settings:settings/LtlSoftwareModelCheckingC.epf Toolchain:toolchains/LtlSoftwareModelCheckingC.xml
2015-01-27_02-22-08-365 Finishing test with SUCCESS for Input:LTL/rers/Problem15_prop_009.c Settings:settings/LtlSoftwareModelCheckingC.epf Toolchain:toolchains/LtlSoftwareModelCheckingC.xml: SAFE(Expected:SAFE): ExpectedResult: SAFE UltimateResult: SAFE   [ShortDescription: All specifications hold LongDescription: We were not able to verify any specifiation because the program does not contain any specification.]
2015-01-27_02-22-08-709 ### 61/300 ### Starting test for Input:LTL/rers/Problem15_prop_010.c Settings:settings/LtlSoftwareModelCheckingC.epf Toolchain:toolchains/LtlSoftwareModelCheckingC.xml
2015-01-27_02-23-28-927 Finishing test with SUCCESS for Input:LTL/rers/Problem15_prop_010.c Settings:settings/LtlSoftwareModelCheckingC.epf Toolchain:toolchains/LtlSoftwareModelCheckingC.xml: SAFE(Expected:SAFE): ExpectedResult: SAFE UltimateResult: SAFE   [ShortDescription: All specifications hold LongDescription: We were not able to verify any specifiation because the program does not contain any specification.]
2015-01-27_02-23-29-385 ### 62/300 ### Starting test for Input:LTL/rers/Problem15_prop_011.c Settings:settings/LtlSoftwareModelCheckingC.epf Toolchain:toolchains/LtlSoftwareModelCheckingC.xml
2015-01-27_02-25-50-706 Finishing test with SUCCESS for Input:LTL/rers/Problem15_prop_011.c Settings:settings/LtlSoftwareModelCheckingC.epf Toolchain:toolchains/LtlSoftwareModelCheckingC.xml: SAFE(Expected:SAFE): ExpectedResult: SAFE UltimateResult: SAFE   [ShortDescription: All specifications hold LongDescription: We were not able to verify any specifiation because the program does not contain any specification.]
2015-01-27_02-25-51-091 ### 63/300 ### Starting test for Input:LTL/rers/Problem15_prop_012.c Settings:settings/LtlSoftwareModelCheckingC.epf Toolchain:toolchains/LtlSoftwareModelCheckingC.xml
2015-01-27_03-10-29-335 Finishing test with FAIL for Input:LTL/rers/Problem15_prop_012.c Settings:settings/LtlSoftwareModelCheckingC.epf Toolchain:toolchains/LtlSoftwareModelCheckingC.xml: EXCEPTION_OR_ERROR(Expected:UNSAFE): ExpectedResult: UNSAFE UltimateResult: EXCEPTION_OR_ERROR   [de.uni_freiburg.informatik.ultimate.plugins.generator.buchiautomizer: OutOfMemoryError: Java heap space: java.util.HashMap.createEntry(HashMap.java:901)]
2015-01-27_03-10-29-604 ### 64/300 ### Starting test for Input:LTL/rers/Problem15_prop_013.c Settings:settings/LtlSoftwareModelCheckingC.epf Toolchain:toolchains/LtlSoftwareModelCheckingC.xml
2015-01-27_03-21-20-904 Finishing test with FAIL for Input:LTL/rers/Problem15_prop_013.c Settings:settings/LtlSoftwareModelCheckingC.epf Toolchain:toolchains/LtlSoftwareModelCheckingC.xml: EXCEPTION_OR_ERROR(Expected:UNSAFE): ExpectedResult: UNSAFE UltimateResult: EXCEPTION_OR_ERROR   [de.uni_freiburg.informatik.ultimate.plugins.generator.buchiautomizer: OutOfMemoryError: GC overhead limit exceeded: java.util.HashMap.createEntry(HashMap.java:901)]
2015-01-27_03-21-21-181 ### 65/300 ### Starting test for Input:LTL/rers/Problem15_prop_014.c Settings:settings/LtlSoftwareModelCheckingC.epf Toolchain:toolchains/LtlSoftwareModelCheckingC.xml
2015-01-27_03-25-01-987 Finishing test with SUCCESS for Input:LTL/rers/Problem15_prop_014.c Settings:settings/LtlSoftwareModelCheckingC.epf Toolchain:toolchains/LtlSoftwareModelCheckingC.xml: SAFE(Expected:SAFE): ExpectedResult: SAFE UltimateResult: SAFE   [ShortDescription: All specifications hold LongDescription: We were not able to verify any specifiation because the program does not contain any specification.]
2015-01-27_03-25-02-669 ### 66/300 ### Starting test for Input:LTL/rers/Problem15_prop_015.c Settings:settings/LtlSoftwareModelCheckingC.epf Toolchain:toolchains/LtlSoftwareModelCheckingC.xml
2015-01-27_03-31-59-262 Finishing test with FAIL for Input:LTL/rers/Problem15_prop_015.c Settings:settings/LtlSoftwareModelCheckingC.epf Toolchain:toolchains/LtlSoftwareModelCheckingC.xml: EXCEPTION_OR_ERROR(Expected:UNSAFE): ExpectedResult: UNSAFE UltimateResult: EXCEPTION_OR_ERROR   [de.uni_freiburg.informatik.ultimate.plugins.generator.buchiautomizer: AssertionError: TermException de.uni_freiburg.informatik.ultimate.lassoranker.exceptions.UnknownFunctionException: Unknown function symbol: ite @term: (ite (<= (+ |v_div_aux(- (- v_mod_auxv_~a29_884229_1 29) (- 14))5_1| 1) 0) (+ |v_div_aux(ite (< (- (- v_mod_auxv_~a29_884229_1 29) (- 14)) 0) (+ v_div_aux(- (- v_mod_auxv_~a29_884229_1 29) (- 14))5_1 1) v_div_aux(- (- v_mod_auxv_~a29_884229_1 29) (- 14))5_1)5_1| 1) |v_div_aux(ite (< (- (- v_mod_auxv_~a29_884229_1 29) (- 14)) 0) (+ v_div_aux(- (- v_mod_auxv_~a29_884229_1 29) (- 14))5_1 1) v_div_aux(- (- v_mod_auxv_~a29_884229_1 29) (- 14))5_1)5_1|): de.uni_freiburg.informatik.ultimate.plugins.generator.buchiautomizer.LassoChecker.synthesize(LassoChecker.java:604)]
2015-01-27_03-31-59-723 ### 67/300 ### Starting test for Input:LTL/rers/Problem15_prop_016.c Settings:settings/LtlSoftwareModelCheckingC.epf Toolchain:toolchains/LtlSoftwareModelCheckingC.xml
2015-01-27_03-32-37-456 Finishing test with SUCCESS for Input:LTL/rers/Problem15_prop_016.c Settings:settings/LtlSoftwareModelCheckingC.epf Toolchain:toolchains/LtlSoftwareModelCheckingC.xml: SAFE(Expected:SAFE): ExpectedResult: SAFE UltimateResult: SAFE   [ShortDescription: All specifications hold LongDescription: We were not able to verify any specifiation because the program does not contain any specification.]
2015-01-27_03-32-37-894 ### 68/300 ### Starting test for Input:LTL/rers/Problem15_prop_017.c Settings:settings/LtlSoftwareModelCheckingC.epf Toolchain:toolchains/LtlSoftwareModelCheckingC.xml
2015-01-27_03-40-22-809 Finishing test with FAIL for Input:LTL/rers/Problem15_prop_017.c Settings:settings/LtlSoftwareModelCheckingC.epf Toolchain:toolchains/LtlSoftwareModelCheckingC.xml: EXCEPTION_OR_ERROR(Expected:UNSAFE): ExpectedResult: UNSAFE UltimateResult: EXCEPTION_OR_ERROR   [de.uni_freiburg.informatik.ultimate.plugins.generator.buchiautomizer: OutOfMemoryError: GC overhead limit exceeded]
2015-01-27_03-40-23-060 ### 69/300 ### Starting test for Input:LTL/rers/Problem15_prop_018.c Settings:settings/LtlSoftwareModelCheckingC.epf Toolchain:toolchains/LtlSoftwareModelCheckingC.xml
2015-01-27_03-41-04-853 Finishing test with SUCCESS for Input:LTL/rers/Problem15_prop_018.c Settings:settings/LtlSoftwareModelCheckingC.epf Toolchain:toolchains/LtlSoftwareModelCheckingC.xml: SAFE(Expected:SAFE): ExpectedResult: SAFE UltimateResult: SAFE   [ShortDescription: All specifications hold LongDescription: We were not able to verify any specifiation because the program does not contain any specification.]
2015-01-27_03-41-05-437 ### 70/300 ### Starting test for Input:LTL/rers/Problem15_prop_019.c Settings:settings/LtlSoftwareModelCheckingC.epf Toolchain:toolchains/LtlSoftwareModelCheckingC.xml
2015-01-27_03-46-46-590 Finishing test with SUCCESS for Input:LTL/rers/Problem15_prop_019.c Settings:settings/LtlSoftwareModelCheckingC.epf Toolchain:toolchains/LtlSoftwareModelCheckingC.xml: SAFE(Expected:SAFE): ExpectedResult: SAFE UltimateResult: SAFE   [ShortDescription: All specifications hold LongDescription: We were not able to verify any specifiation because the program does not contain any specification.]
2015-01-27_03-46-47-118 ### 71/300 ### Starting test for Input:LTL/rers/Problem15_prop_020.c Settings:settings/LtlSoftwareModelCheckingC.epf Toolchain:toolchains/LtlSoftwareModelCheckingC.xml
2015-01-27_04-06-03-600 Finishing test with FAIL for Input:LTL/rers/Problem15_prop_020.c Settings:settings/LtlSoftwareModelCheckingC.epf Toolchain:toolchains/LtlSoftwareModelCheckingC.xml: EXCEPTION_OR_ERROR(Expected:UNSAFE): ExpectedResult: UNSAFE UltimateResult: EXCEPTION_OR_ERROR   [de.uni_freiburg.informatik.ultimate.plugins.generator.buchiautomizer: OutOfMemoryError: GC overhead limit exceeded]
2015-01-27_04-06-03-862 ### 72/300 ### Starting test for Input:LTL/rers/Problem15_prop_021.c Settings:settings/LtlSoftwareModelCheckingC.epf Toolchain:toolchains/LtlSoftwareModelCheckingC.xml
2015-01-27_04-25-53-761 Finishing test with FAIL for Input:LTL/rers/Problem15_prop_021.c Settings:settings/LtlSoftwareModelCheckingC.epf Toolchain:toolchains/LtlSoftwareModelCheckingC.xml: EXCEPTION_OR_ERROR(Expected:UNSAFE): ExpectedResult: UNSAFE UltimateResult: EXCEPTION_OR_ERROR   [de.uni_freiburg.informatik.ultimate.plugins.generator.buchiautomizer: OutOfMemoryError: GC overhead limit exceeded]
2015-01-27_04-25-54-022 ### 73/300 ### Starting test for Input:LTL/rers/Problem15_prop_022.c Settings:settings/LtlSoftwareModelCheckingC.epf Toolchain:toolchains/LtlSoftwareModelCheckingC.xml
2015-01-27_04-33-20-257 Finishing test with FAIL for Input:LTL/rers/Problem15_prop_022.c Settings:settings/LtlSoftwareModelCheckingC.epf Toolchain:toolchains/LtlSoftwareModelCheckingC.xml: EXCEPTION_OR_ERROR(Expected:UNSAFE): ExpectedResult: UNSAFE UltimateResult: EXCEPTION_OR_ERROR   [de.uni_freiburg.informatik.ultimate.plugins.generator.buchiautomizer: OutOfMemoryError: GC overhead limit exceeded]
2015-01-27_04-33-20-519 ### 74/300 ### Starting test for Input:LTL/rers/Problem15_prop_023.c Settings:settings/LtlSoftwareModelCheckingC.epf Toolchain:toolchains/LtlSoftwareModelCheckingC.xml
2015-01-27_04-42-25-986 Finishing test with FAIL for Input:LTL/rers/Problem15_prop_023.c Settings:settings/LtlSoftwareModelCheckingC.epf Toolchain:toolchains/LtlSoftwareModelCheckingC.xml: EXCEPTION_OR_ERROR(Expected:UNSAFE): ExpectedResult: UNSAFE UltimateResult: EXCEPTION_OR_ERROR   [de.uni_freiburg.informatik.ultimate.plugins.generator.buchiautomizer: OutOfMemoryError: GC overhead limit exceeded]
2015-01-27_04-42-26-250 ### 75/300 ### Starting test for Input:LTL/rers/Problem15_prop_024.c Settings:settings/LtlSoftwareModelCheckingC.epf Toolchain:toolchains/LtlSoftwareModelCheckingC.xml
2015-01-27_04-47-12-155 Finishing test with SUCCESS for Input:LTL/rers/Problem15_prop_024.c Settings:settings/LtlSoftwareModelCheckingC.epf Toolchain:toolchains/LtlSoftwareModelCheckingC.xml: SAFE(Expected:SAFE): ExpectedResult: SAFE UltimateResult: SAFE   [ShortDescription: All specifications hold LongDescription: We were not able to verify any specifiation because the program does not contain any specification.]
2015-01-27_04-47-12-809 ### 76/300 ### Starting test for Input:LTL/rers/Problem15_prop_025.c Settings:settings/LtlSoftwareModelCheckingC.epf Toolchain:toolchains/LtlSoftwareModelCheckingC.xml
2015-01-27_05-07-17-041 Finishing test with UNKNOWN for Input:LTL/rers/Problem15_prop_025.c Settings:settings/LtlSoftwareModelCheckingC.epf Toolchain:toolchains/LtlSoftwareModelCheckingC.xml: TIMEOUT(Expected:SAFE): ExpectedResult: SAFE UltimateResult: TIMEOUT   [ShortDescription: Timeout LongDescription: Timeout while trying to prove G((A || ((B U C) || G(B))))]
2015-01-27_05-07-17-368 ### 77/300 ### Starting test for Input:LTL/rers/Problem15_prop_026.c Settings:settings/LtlSoftwareModelCheckingC.epf Toolchain:toolchains/LtlSoftwareModelCheckingC.xml
2015-01-27_05-27-17-948 Finishing test with UNKNOWN for Input:LTL/rers/Problem15_prop_026.c Settings:settings/LtlSoftwareModelCheckingC.epf Toolchain:toolchains/LtlSoftwareModelCheckingC.xml: TIMEOUT(Expected:UNSAFE): ExpectedResult: UNSAFE UltimateResult: TIMEOUT   [ShortDescription: Timeout LongDescription: Timout or Toolchain cancelled by user]
2015-01-27_05-27-18-561 ### 78/300 ### Starting test for Input:LTL/rers/Problem15_prop_027.c Settings:settings/LtlSoftwareModelCheckingC.epf Toolchain:toolchains/LtlSoftwareModelCheckingC.xml
2015-01-27_05-33-49-276 Finishing test with SUCCESS for Input:LTL/rers/Problem15_prop_027.c Settings:settings/LtlSoftwareModelCheckingC.epf Toolchain:toolchains/LtlSoftwareModelCheckingC.xml: SAFE(Expected:SAFE): ExpectedResult: SAFE UltimateResult: SAFE   [ShortDescription: All specifications hold LongDescription: We were not able to verify any specifiation because the program does not contain any specification.]
2015-01-27_05-33-50-026 ### 79/300 ### Starting test for Input:LTL/rers/Problem15_prop_028.c Settings:settings/LtlSoftwareModelCheckingC.epf Toolchain:toolchains/LtlSoftwareModelCheckingC.xml
2015-01-27_05-53-50-062 Finishing test with UNKNOWN for Input:LTL/rers/Problem15_prop_028.c Settings:settings/LtlSoftwareModelCheckingC.epf Toolchain:toolchains/LtlSoftwareModelCheckingC.xml: TIMEOUT(Expected:UNSAFE): ExpectedResult: UNSAFE UltimateResult: TIMEOUT   [ShortDescription: Timeout LongDescription: Timeout while trying to prove ((A U ((B U ((A U ((B U G(A)) || G(B))) || G(A))) || G(B))) || G(A))]
2015-01-27_05-53-50-775 ### 80/300 ### Starting test for Input:LTL/rers/Problem15_prop_029.c Settings:settings/LtlSoftwareModelCheckingC.epf Toolchain:toolchains/LtlSoftwareModelCheckingC.xml
2015-01-27_06-13-50-807 Finishing test with UNKNOWN for Input:LTL/rers/Problem15_prop_029.c Settings:settings/LtlSoftwareModelCheckingC.epf Toolchain:toolchains/LtlSoftwareModelCheckingC.xml: TIMEOUT(Expected:UNSAFE): ExpectedResult: UNSAFE UltimateResult: TIMEOUT   [ShortDescription: Timeout LongDescription: Timeout while trying to prove (!(F(A)) || (B U (A || (C U (A || (B U (A || (C U (A || (D U A))))))))))]
2015-01-27_06-13-51-673 ### 81/300 ### Starting test for Input:LTL/rers/Problem15_prop_030.c Settings:settings/LtlSoftwareModelCheckingC.epf Toolchain:toolchains/LtlSoftwareModelCheckingC.xml
2015-01-27_06-35-21-747 Finishing test with FAIL for Input:LTL/rers/Problem15_prop_030.c Settings:settings/LtlSoftwareModelCheckingC.epf Toolchain:toolchains/LtlSoftwareModelCheckingC.xml: EXCEPTION_OR_ERROR(Expected:UNSAFE): ExpectedResult: UNSAFE UltimateResult: EXCEPTION_OR_ERROR   [de.uni_freiburg.informatik.ultimate.plugins.generator.buchiautomizer: OutOfMemoryError: GC overhead limit exceeded]
2015-01-27_06-35-22-026 ### 82/300 ### Starting test for Input:LTL/rers/Problem15_prop_031.c Settings:settings/LtlSoftwareModelCheckingC.epf Toolchain:toolchains/LtlSoftwareModelCheckingC.xml
2015-01-27_06-55-22-060 Finishing test with UNKNOWN for Input:LTL/rers/Problem15_prop_031.c Settings:settings/LtlSoftwareModelCheckingC.epf Toolchain:toolchains/LtlSoftwareModelCheckingC.xml: TIMEOUT(Expected:UNSAFE): ExpectedResult: UNSAFE UltimateResult: TIMEOUT   [ShortDescription: Timeout LongDescription: Timeout while trying to prove ((A U ((B U ((A U ((B U G(A)) || G(B))) || G(A))) || G(B))) || G(A))]
2015-01-27_06-55-22-659 ### 83/300 ### Starting test for Input:LTL/rers/Problem15_prop_032.c Settings:settings/LtlSoftwareModelCheckingC.epf Toolchain:toolchains/LtlSoftwareModelCheckingC.xml
2015-01-27_07-15-23-828 Finishing test with UNKNOWN for Input:LTL/rers/Problem15_prop_032.c Settings:settings/LtlSoftwareModelCheckingC.epf Toolchain:toolchains/LtlSoftwareModelCheckingC.xml: TIMEOUT(Expected:UNSAFE): ExpectedResult: UNSAFE UltimateResult: TIMEOUT   [ShortDescription: Timeout LongDescription: Timout or Toolchain cancelled by user]
2015-01-27_07-15-24-536 ### 84/300 ### Starting test for Input:LTL/rers/Problem15_prop_033.c Settings:settings/LtlSoftwareModelCheckingC.epf Toolchain:toolchains/LtlSoftwareModelCheckingC.xml
2015-01-27_07-16-01-385 Finishing test with SUCCESS for Input:LTL/rers/Problem15_prop_033.c Settings:settings/LtlSoftwareModelCheckingC.epf Toolchain:toolchains/LtlSoftwareModelCheckingC.xml: SAFE(Expected:SAFE): ExpectedResult: SAFE UltimateResult: SAFE   [ShortDescription: All specifications hold LongDescription: We were not able to verify any specifiation because the program does not contain any specification.]
2015-01-27_07-16-01-742 ### 85/300 ### Starting test for Input:LTL/rers/Problem15_prop_034.c Settings:settings/LtlSoftwareModelCheckingC.epf Toolchain:toolchains/LtlSoftwareModelCheckingC.xml
2015-01-27_07-20-03-944 Finishing test with SUCCESS for Input:LTL/rers/Problem15_prop_034.c Settings:settings/LtlSoftwareModelCheckingC.epf Toolchain:toolchains/LtlSoftwareModelCheckingC.xml: SAFE(Expected:SAFE): ExpectedResult: SAFE UltimateResult: SAFE   [ShortDescription: All specifications hold LongDescription: We were not able to verify any specifiation because the program does not contain any specification.]
2015-01-27_07-20-04-433 ### 86/300 ### Starting test for Input:LTL/rers/Problem15_prop_035.c Settings:settings/LtlSoftwareModelCheckingC.epf Toolchain:toolchains/LtlSoftwareModelCheckingC.xml
2015-01-27_07-45-50-640 Finishing test with FAIL for Input:LTL/rers/Problem15_prop_035.c Settings:settings/LtlSoftwareModelCheckingC.epf Toolchain:toolchains/LtlSoftwareModelCheckingC.xml: EXCEPTION_OR_ERROR(Expected:UNSAFE): ExpectedResult: UNSAFE UltimateResult: EXCEPTION_OR_ERROR   [de.uni_freiburg.informatik.ultimate.plugins.generator.buchiautomizer: OutOfMemoryError: GC overhead limit exceeded]
2015-01-27_07-45-50-935 ### 87/300 ### Starting test for Input:LTL/rers/Problem15_prop_036.c Settings:settings/LtlSoftwareModelCheckingC.epf Toolchain:toolchains/LtlSoftwareModelCheckingC.xml
2015-01-27_07-51-24-010 Finishing test with FAIL for Input:LTL/rers/Problem15_prop_036.c Settings:settings/LtlSoftwareModelCheckingC.epf Toolchain:toolchains/LtlSoftwareModelCheckingC.xml: EXCEPTION_OR_ERROR(Expected:UNSAFE): ExpectedResult: UNSAFE UltimateResult: EXCEPTION_OR_ERROR   [de.uni_freiburg.informatik.ultimate.plugins.generator.buchiautomizer: OutOfMemoryError: Java heap space]
2015-01-27_07-51-24-322 ### 88/300 ### Starting test for Input:LTL/rers/Problem15_prop_037.c Settings:settings/LtlSoftwareModelCheckingC.epf Toolchain:toolchains/LtlSoftwareModelCheckingC.xml
2015-01-27_08-05-04-257 Finishing test with FAIL for Input:LTL/rers/Problem15_prop_037.c Settings:settings/LtlSoftwareModelCheckingC.epf Toolchain:toolchains/LtlSoftwareModelCheckingC.xml: EXCEPTION_OR_ERROR(Expected:UNSAFE): ExpectedResult: UNSAFE UltimateResult: EXCEPTION_OR_ERROR   [de.uni_freiburg.informatik.ultimate.plugins.generator.buchiautomizer: OutOfMemoryError: Java heap space]
2015-01-27_08-05-04-564 ### 89/300 ### Starting test for Input:LTL/rers/Problem15_prop_038.c Settings:settings/LtlSoftwareModelCheckingC.epf Toolchain:toolchains/LtlSoftwareModelCheckingC.xml
2015-01-27_08-10-20-177 Finishing test with SUCCESS for Input:LTL/rers/Problem15_prop_038.c Settings:settings/LtlSoftwareModelCheckingC.epf Toolchain:toolchains/LtlSoftwareModelCheckingC.xml: SAFE(Expected:SAFE): ExpectedResult: SAFE UltimateResult: SAFE   [ShortDescription: All specifications hold LongDescription: We were not able to verify any specifiation because the program does not contain any specification.]
2015-01-27_08-10-20-990 ### 90/300 ### Starting test for Input:LTL/rers/Problem15_prop_039.c Settings:settings/LtlSoftwareModelCheckingC.epf Toolchain:toolchains/LtlSoftwareModelCheckingC.xml
2015-01-27_08-30-33-199 Finishing test with UNKNOWN for Input:LTL/rers/Problem15_prop_039.c Settings:settings/LtlSoftwareModelCheckingC.epf Toolchain:toolchains/LtlSoftwareModelCheckingC.xml: TIMEOUT(Expected:UNSAFE): ExpectedResult: UNSAFE UltimateResult: TIMEOUT   [ShortDescription: Timeout LongDescription: Timout or Toolchain cancelled by user]
2015-01-27_08-30-33-503 ### 91/300 ### Starting test for Input:LTL/rers/Problem15_prop_040.c Settings:settings/LtlSoftwareModelCheckingC.epf Toolchain:toolchains/LtlSoftwareModelCheckingC.xml
2015-01-27_08-41-28-158 Finishing test with FAIL for Input:LTL/rers/Problem15_prop_040.c Settings:settings/LtlSoftwareModelCheckingC.epf Toolchain:toolchains/LtlSoftwareModelCheckingC.xml: EXCEPTION_OR_ERROR(Expected:UNSAFE): ExpectedResult: UNSAFE UltimateResult: EXCEPTION_OR_ERROR   [de.uni_freiburg.informatik.ultimate.plugins.generator.buchiautomizer: OutOfMemoryError: GC overhead limit exceeded]
2015-01-27_08-41-28-455 ### 92/300 ### Starting test for Input:LTL/rers/Problem15_prop_041.c Settings:settings/LtlSoftwareModelCheckingC.epf Toolchain:toolchains/LtlSoftwareModelCheckingC.xml
2015-01-27_09-01-28-648 Finishing test with UNKNOWN for Input:LTL/rers/Problem15_prop_041.c Settings:settings/LtlSoftwareModelCheckingC.epf Toolchain:toolchains/LtlSoftwareModelCheckingC.xml: TIMEOUT(Expected:UNSAFE): ExpectedResult: UNSAFE UltimateResult: TIMEOUT   [ShortDescription: Timeout LongDescription: Timout or Toolchain cancelled by user]
2015-01-27_09-01-29-358 ### 93/300 ### Starting test for Input:LTL/rers/Problem15_prop_042.c Settings:settings/LtlSoftwareModelCheckingC.epf Toolchain:toolchains/LtlSoftwareModelCheckingC.xml
2015-01-27_09-12-33-804 Finishing test with SUCCESS for Input:LTL/rers/Problem15_prop_042.c Settings:settings/LtlSoftwareModelCheckingC.epf Toolchain:toolchains/LtlSoftwareModelCheckingC.xml: SAFE(Expected:SAFE): ExpectedResult: SAFE UltimateResult: SAFE   [ShortDescription: All specifications hold LongDescription: We were not able to verify any specifiation because the program does not contain any specification.]
2015-01-27_09-12-34-515 ### 94/300 ### Starting test for Input:LTL/rers/Problem15_prop_043.c Settings:settings/LtlSoftwareModelCheckingC.epf Toolchain:toolchains/LtlSoftwareModelCheckingC.xml
2015-01-27_09-16-33-959 Finishing test with SUCCESS for Input:LTL/rers/Problem15_prop_043.c Settings:settings/LtlSoftwareModelCheckingC.epf Toolchain:toolchains/LtlSoftwareModelCheckingC.xml: SAFE(Expected:SAFE): ExpectedResult: SAFE UltimateResult: SAFE   [ShortDescription: All specifications hold LongDescription: We were not able to verify any specifiation because the program does not contain any specification.]
2015-01-27_09-16-34-335 ### 95/300 ### Starting test for Input:LTL/rers/Problem15_prop_044.c Settings:settings/LtlSoftwareModelCheckingC.epf Toolchain:toolchains/LtlSoftwareModelCheckingC.xml
2015-01-27_09-17-16-743 Finishing test with SUCCESS for Input:LTL/rers/Problem15_prop_044.c Settings:settings/LtlSoftwareModelCheckingC.epf Toolchain:toolchains/LtlSoftwareModelCheckingC.xml: SAFE(Expected:SAFE): ExpectedResult: SAFE UltimateResult: SAFE   [ShortDescription: All specifications hold LongDescription: We were not able to verify any specifiation because the program does not contain any specification.]
2015-01-27_09-17-17-123 ### 96/300 ### Starting test for Input:LTL/rers/Problem15_prop_045.c Settings:settings/LtlSoftwareModelCheckingC.epf Toolchain:toolchains/LtlSoftwareModelCheckingC.xml
2015-01-27_09-25-35-546 Finishing test with FAIL for Input:LTL/rers/Problem15_prop_045.c Settings:settings/LtlSoftwareModelCheckingC.epf Toolchain:toolchains/LtlSoftwareModelCheckingC.xml: EXCEPTION_OR_ERROR(Expected:SAFE): ExpectedResult: SAFE UltimateResult: EXCEPTION_OR_ERROR   [de.uni_freiburg.informatik.ultimate.plugins.generator.buchiautomizer: OutOfMemoryError: GC overhead limit exceeded]
2015-01-27_09-25-35-848 ### 97/300 ### Starting test for Input:LTL/rers/Problem15_prop_046.c Settings:settings/LtlSoftwareModelCheckingC.epf Toolchain:toolchains/LtlSoftwareModelCheckingC.xml
2015-01-27_09-26-16-848 Finishing test with SUCCESS for Input:LTL/rers/Problem15_prop_046.c Settings:settings/LtlSoftwareModelCheckingC.epf Toolchain:toolchains/LtlSoftwareModelCheckingC.xml: SAFE(Expected:SAFE): ExpectedResult: SAFE UltimateResult: SAFE   [ShortDescription: All specifications hold LongDescription: We were not able to verify any specifiation because the program does not contain any specification.]
2015-01-27_09-26-17-298 ### 98/300 ### Starting test for Input:LTL/rers/Problem15_prop_047.c Settings:settings/LtlSoftwareModelCheckingC.epf Toolchain:toolchains/LtlSoftwareModelCheckingC.xml
2015-01-27_09-31-32-549 Finishing test with SUCCESS for Input:LTL/rers/Problem15_prop_047.c Settings:settings/LtlSoftwareModelCheckingC.epf Toolchain:toolchains/LtlSoftwareModelCheckingC.xml: SAFE(Expected:SAFE): ExpectedResult: SAFE UltimateResult: SAFE   [ShortDescription: All specifications hold LongDescription: We were not able to verify any specifiation because the program does not contain any specification.]
2015-01-27_09-31-33-129 ### 99/300 ### Starting test for Input:LTL/rers/Problem15_prop_048.c Settings:settings/LtlSoftwareModelCheckingC.epf Toolchain:toolchains/LtlSoftwareModelCheckingC.xml
2015-01-27_09-51-31-837 Finishing test with FAIL for Input:LTL/rers/Problem15_prop_048.c Settings:settings/LtlSoftwareModelCheckingC.epf Toolchain:toolchains/LtlSoftwareModelCheckingC.xml: EXCEPTION_OR_ERROR(Expected:UNSAFE): ExpectedResult: UNSAFE UltimateResult: EXCEPTION_OR_ERROR   [de.uni_freiburg.informatik.ultimate.plugins.generator.buchiautomizer: OutOfMemoryError: Java heap space]
2015-01-27_09-51-32-154 ### 100/300 ### Starting test for Input:LTL/rers/Problem15_prop_049.c Settings:settings/LtlSoftwareModelCheckingC.epf Toolchain:toolchains/LtlSoftwareModelCheckingC.xml
2015-01-27_09-52-57-616 Finishing test with SUCCESS for Input:LTL/rers/Problem15_prop_049.c Settings:settings/LtlSoftwareModelCheckingC.epf Toolchain:toolchains/LtlSoftwareModelCheckingC.xml: SAFE(Expected:SAFE): ExpectedResult: SAFE UltimateResult: SAFE   [ShortDescription: All specifications hold LongDescription: We were not able to verify any specifiation because the program does not contain any specification.]
2015-01-27_09-52-58-261 ### 101/300 ### Starting test for Input:LTL/rers/Problem16_prop_000.c Settings:settings/LtlSoftwareModelCheckingC.epf Toolchain:toolchains/LtlSoftwareModelCheckingC.xml
2015-01-27_09-54-50-496 Finishing test with SUCCESS for Input:LTL/rers/Problem16_prop_000.c Settings:settings/LtlSoftwareModelCheckingC.epf Toolchain:toolchains/LtlSoftwareModelCheckingC.xml: SAFE(Expected:SAFE): ExpectedResult: SAFE UltimateResult: SAFE   [ShortDescription: All specifications hold LongDescription: We were not able to verify any specifiation because the program does not contain any specification.]
2015-01-27_09-54-50-910 ### 102/300 ### Starting test for Input:LTL/rers/Problem16_prop_001.c Settings:settings/LtlSoftwareModelCheckingC.epf Toolchain:toolchains/LtlSoftwareModelCheckingC.xml
2015-01-27_10-05-55-867 Finishing test with FAIL for Input:LTL/rers/Problem16_prop_001.c Settings:settings/LtlSoftwareModelCheckingC.epf Toolchain:toolchains/LtlSoftwareModelCheckingC.xml: EXCEPTION_OR_ERROR(Expected:SAFE): ExpectedResult: SAFE UltimateResult: EXCEPTION_OR_ERROR   [de.uni_freiburg.informatik.ultimate.plugins.generator.buchiautomizer: OutOfMemoryError: GC overhead limit exceeded]
2015-01-27_10-05-56-178 ### 103/300 ### Starting test for Input:LTL/rers/Problem16_prop_002.c Settings:settings/LtlSoftwareModelCheckingC.epf Toolchain:toolchains/LtlSoftwareModelCheckingC.xml
2015-01-27_10-10-21-133 Finishing test with SUCCESS for Input:LTL/rers/Problem16_prop_002.c Settings:settings/LtlSoftwareModelCheckingC.epf Toolchain:toolchains/LtlSoftwareModelCheckingC.xml: SAFE(Expected:SAFE): ExpectedResult: SAFE UltimateResult: SAFE   [ShortDescription: All specifications hold LongDescription: We were not able to verify any specifiation because the program does not contain any specification.]
2015-01-27_10-10-21-791 ### 104/300 ### Starting test for Input:LTL/rers/Problem16_prop_003.c Settings:settings/LtlSoftwareModelCheckingC.epf Toolchain:toolchains/LtlSoftwareModelCheckingC.xml
2015-01-27_10-31-14-119 Finishing test with FAIL for Input:LTL/rers/Problem16_prop_003.c Settings:settings/LtlSoftwareModelCheckingC.epf Toolchain:toolchains/LtlSoftwareModelCheckingC.xml: EXCEPTION_OR_ERROR(Expected:SAFE): ExpectedResult: SAFE UltimateResult: EXCEPTION_OR_ERROR   [de.uni_freiburg.informatik.ultimate.plugins.generator.buchiautomizer: OutOfMemoryError: GC overhead limit exceeded]
2015-01-27_10-31-14-433 ### 105/300 ### Starting test for Input:LTL/rers/Problem16_prop_004.c Settings:settings/LtlSoftwareModelCheckingC.epf Toolchain:toolchains/LtlSoftwareModelCheckingC.xml
2015-01-27_10-33-43-991 Finishing test with SUCCESS for Input:LTL/rers/Problem16_prop_004.c Settings:settings/LtlSoftwareModelCheckingC.epf Toolchain:toolchains/LtlSoftwareModelCheckingC.xml: SAFE(Expected:SAFE): ExpectedResult: SAFE UltimateResult: SAFE   [ShortDescription: All specifications hold LongDescription: We were not able to verify any specifiation because the program does not contain any specification.]
2015-01-27_10-33-44-613 ### 106/300 ### Starting test for Input:LTL/rers/Problem16_prop_005.c Settings:settings/LtlSoftwareModelCheckingC.epf Toolchain:toolchains/LtlSoftwareModelCheckingC.xml
2015-01-27_10-55-55-876 Finishing test with FAIL for Input:LTL/rers/Problem16_prop_005.c Settings:settings/LtlSoftwareModelCheckingC.epf Toolchain:toolchains/LtlSoftwareModelCheckingC.xml: EXCEPTION_OR_ERROR(Expected:UNSAFE): ExpectedResult: UNSAFE UltimateResult: EXCEPTION_OR_ERROR   [de.uni_freiburg.informatik.ultimate.plugins.generator.buchiautomizer: OutOfMemoryError: GC overhead limit exceeded]
2015-01-27_10-55-56-199 ### 107/300 ### Starting test for Input:LTL/rers/Problem16_prop_006.c Settings:settings/LtlSoftwareModelCheckingC.epf Toolchain:toolchains/LtlSoftwareModelCheckingC.xml
2015-01-27_11-17-21-685 Finishing test with FAIL for Input:LTL/rers/Problem16_prop_006.c Settings:settings/LtlSoftwareModelCheckingC.epf Toolchain:toolchains/LtlSoftwareModelCheckingC.xml: EXCEPTION_OR_ERROR(Expected:UNSAFE): ExpectedResult: UNSAFE UltimateResult: EXCEPTION_OR_ERROR   [de.uni_freiburg.informatik.ultimate.plugins.generator.buchiautomizer: OutOfMemoryError: GC overhead limit exceeded]
2015-01-27_11-17-22-002 ### 108/300 ### Starting test for Input:LTL/rers/Problem16_prop_007.c Settings:settings/LtlSoftwareModelCheckingC.epf Toolchain:toolchains/LtlSoftwareModelCheckingC.xml
2015-01-27_11-34-58-301 Finishing test with SUCCESS for Input:LTL/rers/Problem16_prop_007.c Settings:settings/LtlSoftwareModelCheckingC.epf Toolchain:toolchains/LtlSoftwareModelCheckingC.xml: SAFE(Expected:SAFE): ExpectedResult: SAFE UltimateResult: SAFE   [ShortDescription: All specifications hold LongDescription: We were not able to verify any specifiation because the program does not contain any specification.]
2015-01-27_11-34-59-086 ### 109/300 ### Starting test for Input:LTL/rers/Problem16_prop_008.c Settings:settings/LtlSoftwareModelCheckingC.epf Toolchain:toolchains/LtlSoftwareModelCheckingC.xml
2015-01-27_11-40-39-332 Finishing test with SUCCESS for Input:LTL/rers/Problem16_prop_008.c Settings:settings/LtlSoftwareModelCheckingC.epf Toolchain:toolchains/LtlSoftwareModelCheckingC.xml: UNSAFE(Expected:UNSAFE): ExpectedResult: UNSAFE UltimateResult: UNSAFE   Violation of LTL property G((!((A && F(B))) || (C U B))) 
2015-01-27_11-40-39-810 ### 110/300 ### Starting test for Input:LTL/rers/Problem16_prop_009.c Settings:settings/LtlSoftwareModelCheckingC.epf Toolchain:toolchains/LtlSoftwareModelCheckingC.xml
2015-01-27_12-00-39-878 Finishing test with UNKNOWN for Input:LTL/rers/Problem16_prop_009.c Settings:settings/LtlSoftwareModelCheckingC.epf Toolchain:toolchains/LtlSoftwareModelCheckingC.xml: TIMEOUT(Expected:UNSAFE): ExpectedResult: UNSAFE UltimateResult: TIMEOUT   [ShortDescription: Timeout LongDescription: Timout or Toolchain cancelled by user]
2015-01-27_12-00-40-451 ### 111/300 ### Starting test for Input:LTL/rers/Problem16_prop_010.c Settings:settings/LtlSoftwareModelCheckingC.epf Toolchain:toolchains/LtlSoftwareModelCheckingC.xml
2015-01-27_12-06-19-494 Finishing test with SUCCESS for Input:LTL/rers/Problem16_prop_010.c Settings:settings/LtlSoftwareModelCheckingC.epf Toolchain:toolchains/LtlSoftwareModelCheckingC.xml: SAFE(Expected:SAFE): ExpectedResult: SAFE UltimateResult: SAFE   [ShortDescription: All specifications hold LongDescription: We were not able to verify any specifiation because the program does not contain any specification.]
2015-01-27_12-06-19-939 ### 112/300 ### Starting test for Input:LTL/rers/Problem16_prop_011.c Settings:settings/LtlSoftwareModelCheckingC.epf Toolchain:toolchains/LtlSoftwareModelCheckingC.xml
2015-01-27_12-26-23-977 Finishing test with UNKNOWN for Input:LTL/rers/Problem16_prop_011.c Settings:settings/LtlSoftwareModelCheckingC.epf Toolchain:toolchains/LtlSoftwareModelCheckingC.xml: TIMEOUT(Expected:SAFE): ExpectedResult: SAFE UltimateResult: TIMEOUT   [ShortDescription: Timeout LongDescription: Timeout while trying to prove G((!((A && F(B))) || (C U B)))]
2015-01-27_12-26-24-703 ### 113/300 ### Starting test for Input:LTL/rers/Problem16_prop_012.c Settings:settings/LtlSoftwareModelCheckingC.epf Toolchain:toolchains/LtlSoftwareModelCheckingC.xml
2015-01-27_12-46-24-996 Finishing test with UNKNOWN for Input:LTL/rers/Problem16_prop_012.c Settings:settings/LtlSoftwareModelCheckingC.epf Toolchain:toolchains/LtlSoftwareModelCheckingC.xml: TIMEOUT(Expected:UNSAFE): ExpectedResult: UNSAFE UltimateResult: TIMEOUT   [ShortDescription: Timeout LongDescription: Timout or Toolchain cancelled by user]
2015-01-27_12-46-25-722 ### 114/300 ### Starting test for Input:LTL/rers/Problem16_prop_013.c Settings:settings/LtlSoftwareModelCheckingC.epf Toolchain:toolchains/LtlSoftwareModelCheckingC.xml
2015-01-27_12-55-55-637 Finishing test with FAIL for Input:LTL/rers/Problem16_prop_013.c Settings:settings/LtlSoftwareModelCheckingC.epf Toolchain:toolchains/LtlSoftwareModelCheckingC.xml: EXCEPTION_OR_ERROR(Expected:SAFE): ExpectedResult: SAFE UltimateResult: EXCEPTION_OR_ERROR   [de.uni_freiburg.informatik.ultimate.plugins.generator.buchiautomizer: OutOfMemoryError: GC overhead limit exceeded]
2015-01-27_12-55-55-974 ### 115/300 ### Starting test for Input:LTL/rers/Problem16_prop_014.c Settings:settings/LtlSoftwareModelCheckingC.epf Toolchain:toolchains/LtlSoftwareModelCheckingC.xml
2015-01-27_12-56-47-751 Finishing test with SUCCESS for Input:LTL/rers/Problem16_prop_014.c Settings:settings/LtlSoftwareModelCheckingC.epf Toolchain:toolchains/LtlSoftwareModelCheckingC.xml: SAFE(Expected:SAFE): ExpectedResult: SAFE UltimateResult: SAFE   [ShortDescription: All specifications hold LongDescription: We were not able to verify any specifiation because the program does not contain any specification.]
2015-01-27_12-56-48-345 ### 116/300 ### Starting test for Input:LTL/rers/Problem16_prop_015.c Settings:settings/LtlSoftwareModelCheckingC.epf Toolchain:toolchains/LtlSoftwareModelCheckingC.xml
2015-01-27_13-21-11-318 Finishing test with FAIL for Input:LTL/rers/Problem16_prop_015.c Settings:settings/LtlSoftwareModelCheckingC.epf Toolchain:toolchains/LtlSoftwareModelCheckingC.xml: EXCEPTION_OR_ERROR(Expected:UNSAFE): ExpectedResult: UNSAFE UltimateResult: EXCEPTION_OR_ERROR   [de.uni_freiburg.informatik.ultimate.plugins.generator.buchiautomizer: OutOfMemoryError: GC overhead limit exceeded]
2015-01-27_13-21-11-662 ### 117/300 ### Starting test for Input:LTL/rers/Problem16_prop_016.c Settings:settings/LtlSoftwareModelCheckingC.epf Toolchain:toolchains/LtlSoftwareModelCheckingC.xml
2015-01-27_13-22-03-129 Finishing test with SUCCESS for Input:LTL/rers/Problem16_prop_016.c Settings:settings/LtlSoftwareModelCheckingC.epf Toolchain:toolchains/LtlSoftwareModelCheckingC.xml: SAFE(Expected:SAFE): ExpectedResult: SAFE UltimateResult: SAFE   [ShortDescription: All specifications hold LongDescription: We were not able to verify any specifiation because the program does not contain any specification.]
2015-01-27_13-22-03-716 ### 118/300 ### Starting test for Input:LTL/rers/Problem16_prop_017.c Settings:settings/LtlSoftwareModelCheckingC.epf Toolchain:toolchains/LtlSoftwareModelCheckingC.xml
2015-01-27_13-33-56-685 Finishing test with FAIL for Input:LTL/rers/Problem16_prop_017.c Settings:settings/LtlSoftwareModelCheckingC.epf Toolchain:toolchains/LtlSoftwareModelCheckingC.xml: EXCEPTION_OR_ERROR(Expected:UNSAFE): ExpectedResult: UNSAFE UltimateResult: EXCEPTION_OR_ERROR   [de.uni_freiburg.informatik.ultimate.plugins.generator.buchiautomizer: OutOfMemoryError: Java heap space]
2015-01-27_13-33-57-034 ### 119/300 ### Starting test for Input:LTL/rers/Problem16_prop_018.c Settings:settings/LtlSoftwareModelCheckingC.epf Toolchain:toolchains/LtlSoftwareModelCheckingC.xml
2015-01-27_13-38-42-983 Finishing test with SUCCESS for Input:LTL/rers/Problem16_prop_018.c Settings:settings/LtlSoftwareModelCheckingC.epf Toolchain:toolchains/LtlSoftwareModelCheckingC.xml: SAFE(Expected:SAFE): ExpectedResult: SAFE UltimateResult: SAFE   [ShortDescription: All specifications hold LongDescription: We were not able to verify any specifiation because the program does not contain any specification.]
2015-01-27_13-38-43-753 ### 120/300 ### Starting test for Input:LTL/rers/Problem16_prop_019.c Settings:settings/LtlSoftwareModelCheckingC.epf Toolchain:toolchains/LtlSoftwareModelCheckingC.xml
2015-01-27_13-49-27-833 Finishing test with FAIL for Input:LTL/rers/Problem16_prop_019.c Settings:settings/LtlSoftwareModelCheckingC.epf Toolchain:toolchains/LtlSoftwareModelCheckingC.xml: EXCEPTION_OR_ERROR(Expected:UNSAFE): ExpectedResult: UNSAFE UltimateResult: EXCEPTION_OR_ERROR   [de.uni_freiburg.informatik.ultimate.plugins.generator.buchiautomizer: OutOfMemoryError: GC overhead limit exceeded]
2015-01-27_13-49-28-186 ### 121/300 ### Starting test for Input:LTL/rers/Problem16_prop_020.c Settings:settings/LtlSoftwareModelCheckingC.epf Toolchain:toolchains/LtlSoftwareModelCheckingC.xml
2015-01-27_14-05-29-254 Finishing test with FAIL for Input:LTL/rers/Problem16_prop_020.c Settings:settings/LtlSoftwareModelCheckingC.epf Toolchain:toolchains/LtlSoftwareModelCheckingC.xml: EXCEPTION_OR_ERROR(Expected:SAFE): ExpectedResult: SAFE UltimateResult: EXCEPTION_OR_ERROR   [de.uni_freiburg.informatik.ultimate.plugins.generator.buchiautomizer: OutOfMemoryError: GC overhead limit exceeded]
2015-01-27_14-05-29-612 ### 122/300 ### Starting test for Input:LTL/rers/Problem16_prop_021.c Settings:settings/LtlSoftwareModelCheckingC.epf Toolchain:toolchains/LtlSoftwareModelCheckingC.xml
2015-01-27_14-19-34-469 Finishing test with FAIL for Input:LTL/rers/Problem16_prop_021.c Settings:settings/LtlSoftwareModelCheckingC.epf Toolchain:toolchains/LtlSoftwareModelCheckingC.xml: EXCEPTION_OR_ERROR(Expected:UNSAFE): ExpectedResult: UNSAFE UltimateResult: EXCEPTION_OR_ERROR   [de.uni_freiburg.informatik.ultimate.plugins.generator.buchiautomizer: OutOfMemoryError: GC overhead limit exceeded]
2015-01-27_14-19-34-826 ### 123/300 ### Starting test for Input:LTL/rers/Problem16_prop_022.c Settings:settings/LtlSoftwareModelCheckingC.epf Toolchain:toolchains/LtlSoftwareModelCheckingC.xml
2015-01-27_14-32-47-691 Finishing test with FAIL for Input:LTL/rers/Problem16_prop_022.c Settings:settings/LtlSoftwareModelCheckingC.epf Toolchain:toolchains/LtlSoftwareModelCheckingC.xml: EXCEPTION_OR_ERROR(Expected:UNSAFE): ExpectedResult: UNSAFE UltimateResult: EXCEPTION_OR_ERROR   [de.uni_freiburg.informatik.ultimate.plugins.generator.buchiautomizer: OutOfMemoryError: GC overhead limit exceeded]
2015-01-27_14-32-48-051 ### 124/300 ### Starting test for Input:LTL/rers/Problem16_prop_023.c Settings:settings/LtlSoftwareModelCheckingC.epf Toolchain:toolchains/LtlSoftwareModelCheckingC.xml
2015-01-27_14-37-34-174 Finishing test with SUCCESS for Input:LTL/rers/Problem16_prop_023.c Settings:settings/LtlSoftwareModelCheckingC.epf Toolchain:toolchains/LtlSoftwareModelCheckingC.xml: SAFE(Expected:SAFE): ExpectedResult: SAFE UltimateResult: SAFE   [ShortDescription: All specifications hold LongDescription: We were not able to verify any specifiation because the program does not contain any specification.]
2015-01-27_14-37-35-054 ### 125/300 ### Starting test for Input:LTL/rers/Problem16_prop_024.c Settings:settings/LtlSoftwareModelCheckingC.epf Toolchain:toolchains/LtlSoftwareModelCheckingC.xml
2015-01-27_14-49-38-198 Finishing test with FAIL for Input:LTL/rers/Problem16_prop_024.c Settings:settings/LtlSoftwareModelCheckingC.epf Toolchain:toolchains/LtlSoftwareModelCheckingC.xml: EXCEPTION_OR_ERROR(Expected:UNSAFE): ExpectedResult: UNSAFE UltimateResult: EXCEPTION_OR_ERROR   [de.uni_freiburg.informatik.ultimate.plugins.generator.buchiautomizer: OutOfMemoryError: GC overhead limit exceeded]
2015-01-27_14-49-38-560 ### 126/300 ### Starting test for Input:LTL/rers/Problem16_prop_025.c Settings:settings/LtlSoftwareModelCheckingC.epf Toolchain:toolchains/LtlSoftwareModelCheckingC.xml
2015-01-27_15-09-41-224 Finishing test with UNKNOWN for Input:LTL/rers/Problem16_prop_025.c Settings:settings/LtlSoftwareModelCheckingC.epf Toolchain:toolchains/LtlSoftwareModelCheckingC.xml: TIMEOUT(Expected:SAFE): ExpectedResult: SAFE UltimateResult: TIMEOUT   [ShortDescription: Timeout LongDescription: Timeout while trying to prove G((!((A && F(B))) || (C U B)))]
2015-01-27_15-09-41-780 ### 127/300 ### Starting test for Input:LTL/rers/Problem16_prop_026.c Settings:settings/LtlSoftwareModelCheckingC.epf Toolchain:toolchains/LtlSoftwareModelCheckingC.xml
2015-01-27_15-22-20-399 Finishing test with FAIL for Input:LTL/rers/Problem16_prop_026.c Settings:settings/LtlSoftwareModelCheckingC.epf Toolchain:toolchains/LtlSoftwareModelCheckingC.xml: EXCEPTION_OR_ERROR(Expected:UNSAFE): ExpectedResult: UNSAFE UltimateResult: EXCEPTION_OR_ERROR   [de.uni_freiburg.informatik.ultimate.plugins.generator.buchiautomizer: OutOfMemoryError: GC overhead limit exceeded]
2015-01-27_15-22-20-900 ### 128/300 ### Starting test for Input:LTL/rers/Problem16_prop_027.c Settings:settings/LtlSoftwareModelCheckingC.epf Toolchain:toolchains/LtlSoftwareModelCheckingC.xml
2015-01-27_15-32-57-840 Finishing test with FAIL for Input:LTL/rers/Problem16_prop_027.c Settings:settings/LtlSoftwareModelCheckingC.epf Toolchain:toolchains/LtlSoftwareModelCheckingC.xml: EXCEPTION_OR_ERROR(Expected:UNSAFE): ExpectedResult: UNSAFE UltimateResult: EXCEPTION_OR_ERROR   [de.uni_freiburg.informatik.ultimate.plugins.generator.buchiautomizer: OutOfMemoryError: Java heap space]
2015-01-27_15-32-58-223 ### 129/300 ### Starting test for Input:LTL/rers/Problem16_prop_028.c Settings:settings/LtlSoftwareModelCheckingC.epf Toolchain:toolchains/LtlSoftwareModelCheckingC.xml
2015-01-27_15-35-25-632 Finishing test with SUCCESS for Input:LTL/rers/Problem16_prop_028.c Settings:settings/LtlSoftwareModelCheckingC.epf Toolchain:toolchains/LtlSoftwareModelCheckingC.xml: UNSAFE(Expected:UNSAFE): ExpectedResult: UNSAFE UltimateResult: UNSAFE   Violation of LTL property ((A U B) || G(A)) 
2015-01-27_15-35-26-126 ### 130/300 ### Starting test for Input:LTL/rers/Problem16_prop_029.c Settings:settings/LtlSoftwareModelCheckingC.epf Toolchain:toolchains/LtlSoftwareModelCheckingC.xml
2015-01-27_15-54-57-629 Finishing test with FAIL for Input:LTL/rers/Problem16_prop_029.c Settings:settings/LtlSoftwareModelCheckingC.epf Toolchain:toolchains/LtlSoftwareModelCheckingC.xml: EXCEPTION_OR_ERROR(Expected:UNSAFE): ExpectedResult: UNSAFE UltimateResult: EXCEPTION_OR_ERROR   [de.uni_freiburg.informatik.ultimate.plugins.generator.buchiautomizer: OutOfMemoryError: GC overhead limit exceeded]
2015-01-27_15-54-57-999 ### 131/300 ### Starting test for Input:LTL/rers/Problem16_prop_030.c Settings:settings/LtlSoftwareModelCheckingC.epf Toolchain:toolchains/LtlSoftwareModelCheckingC.xml
2015-01-27_16-14-58-057 Finishing test with UNKNOWN for Input:LTL/rers/Problem16_prop_030.c Settings:settings/LtlSoftwareModelCheckingC.epf Toolchain:toolchains/LtlSoftwareModelCheckingC.xml: TIMEOUT(Expected:UNSAFE): ExpectedResult: UNSAFE UltimateResult: TIMEOUT   [ShortDescription: Timeout LongDescription: Timout or Toolchain cancelled by user]
2015-01-27_16-14-58-704 ### 132/300 ### Starting test for Input:LTL/rers/Problem16_prop_031.c Settings:settings/LtlSoftwareModelCheckingC.epf Toolchain:toolchains/LtlSoftwareModelCheckingC.xml
2015-01-27_16-20-05-126 Finishing test with SUCCESS for Input:LTL/rers/Problem16_prop_031.c Settings:settings/LtlSoftwareModelCheckingC.epf Toolchain:toolchains/LtlSoftwareModelCheckingC.xml: SAFE(Expected:SAFE): ExpectedResult: SAFE UltimateResult: SAFE   [ShortDescription: All specifications hold LongDescription: We were not able to verify any specifiation because the program does not contain any specification.]
2015-01-27_16-20-05-662 ### 133/300 ### Starting test for Input:LTL/rers/Problem16_prop_032.c Settings:settings/LtlSoftwareModelCheckingC.epf Toolchain:toolchains/LtlSoftwareModelCheckingC.xml
2015-01-27_16-32-26-736 Finishing test with FAIL for Input:LTL/rers/Problem16_prop_032.c Settings:settings/LtlSoftwareModelCheckingC.epf Toolchain:toolchains/LtlSoftwareModelCheckingC.xml: EXCEPTION_OR_ERROR(Expected:UNSAFE): ExpectedResult: UNSAFE UltimateResult: EXCEPTION_OR_ERROR   [de.uni_freiburg.informatik.ultimate.plugins.generator.buchiautomizer: OutOfMemoryError: GC overhead limit exceeded]
2015-01-27_16-32-27-111 ### 134/300 ### Starting test for Input:LTL/rers/Problem16_prop_033.c Settings:settings/LtlSoftwareModelCheckingC.epf Toolchain:toolchains/LtlSoftwareModelCheckingC.xml
2015-01-27_16-37-31-171 Finishing test with SUCCESS for Input:LTL/rers/Problem16_prop_033.c Settings:settings/LtlSoftwareModelCheckingC.epf Toolchain:toolchains/LtlSoftwareModelCheckingC.xml: SAFE(Expected:SAFE): ExpectedResult: SAFE UltimateResult: SAFE   [ShortDescription: All specifications hold LongDescription: We were not able to verify any specifiation because the program does not contain any specification.]
2015-01-27_16-37-31-856 ### 135/300 ### Starting test for Input:LTL/rers/Problem16_prop_034.c Settings:settings/LtlSoftwareModelCheckingC.epf Toolchain:toolchains/LtlSoftwareModelCheckingC.xml
2015-01-27_16-43-06-871 Finishing test with SUCCESS for Input:LTL/rers/Problem16_prop_034.c Settings:settings/LtlSoftwareModelCheckingC.epf Toolchain:toolchains/LtlSoftwareModelCheckingC.xml: SAFE(Expected:SAFE): ExpectedResult: SAFE UltimateResult: SAFE   [ShortDescription: All specifications hold LongDescription: We were not able to verify any specifiation because the program does not contain any specification.]
2015-01-27_16-43-07-455 ### 136/300 ### Starting test for Input:LTL/rers/Problem16_prop_035.c Settings:settings/LtlSoftwareModelCheckingC.epf Toolchain:toolchains/LtlSoftwareModelCheckingC.xml
2015-01-27_16-49-31-929 Finishing test with SUCCESS for Input:LTL/rers/Problem16_prop_035.c Settings:settings/LtlSoftwareModelCheckingC.epf Toolchain:toolchains/LtlSoftwareModelCheckingC.xml: SAFE(Expected:SAFE): ExpectedResult: SAFE UltimateResult: SAFE   [ShortDescription: All specifications hold LongDescription: We were not able to verify any specifiation because the program does not contain any specification.]
2015-01-27_16-49-32-548 ### 137/300 ### Starting test for Input:LTL/rers/Problem16_prop_036.c Settings:settings/LtlSoftwareModelCheckingC.epf Toolchain:toolchains/LtlSoftwareModelCheckingC.xml
2015-01-27_17-09-32-864 Finishing test with UNKNOWN for Input:LTL/rers/Problem16_prop_036.c Settings:settings/LtlSoftwareModelCheckingC.epf Toolchain:toolchains/LtlSoftwareModelCheckingC.xml: TIMEOUT(Expected:UNSAFE): ExpectedResult: UNSAFE UltimateResult: TIMEOUT   [ShortDescription: Timeout LongDescription: Timout or Toolchain cancelled by user]
2015-01-27_17-09-33-574 ### 138/300 ### Starting test for Input:LTL/rers/Problem16_prop_037.c Settings:settings/LtlSoftwareModelCheckingC.epf Toolchain:toolchains/LtlSoftwareModelCheckingC.xml
2015-01-27_17-15-41-005 Finishing test with SUCCESS for Input:LTL/rers/Problem16_prop_037.c Settings:settings/LtlSoftwareModelCheckingC.epf Toolchain:toolchains/LtlSoftwareModelCheckingC.xml: UNSAFE(Expected:UNSAFE): ExpectedResult: UNSAFE UltimateResult: UNSAFE   Violation of LTL property G((A || (B U C))) 
2015-01-27_17-15-41-565 ### 139/300 ### Starting test for Input:LTL/rers/Problem16_prop_038.c Settings:settings/LtlSoftwareModelCheckingC.epf Toolchain:toolchains/LtlSoftwareModelCheckingC.xml
2015-01-27_17-27-08-215 Finishing test with FAIL for Input:LTL/rers/Problem16_prop_038.c Settings:settings/LtlSoftwareModelCheckingC.epf Toolchain:toolchains/LtlSoftwareModelCheckingC.xml: EXCEPTION_OR_ERROR(Expected:UNSAFE): ExpectedResult: UNSAFE UltimateResult: EXCEPTION_OR_ERROR   [de.uni_freiburg.informatik.ultimate.plugins.generator.buchiautomizer: OutOfMemoryError: GC overhead limit exceeded]
2015-01-27_17-27-08-606 ### 140/300 ### Starting test for Input:LTL/rers/Problem16_prop_039.c Settings:settings/LtlSoftwareModelCheckingC.epf Toolchain:toolchains/LtlSoftwareModelCheckingC.xml
2015-01-27_17-47-09-641 Finishing test with UNKNOWN for Input:LTL/rers/Problem16_prop_039.c Settings:settings/LtlSoftwareModelCheckingC.epf Toolchain:toolchains/LtlSoftwareModelCheckingC.xml: TIMEOUT(Expected:UNSAFE): ExpectedResult: UNSAFE UltimateResult: TIMEOUT   [ShortDescription: Timeout LongDescription: Timout or Toolchain cancelled by user]
2015-01-27_17-47-10-476 ### 141/300 ### Starting test for Input:LTL/rers/Problem16_prop_040.c Settings:settings/LtlSoftwareModelCheckingC.epf Toolchain:toolchains/LtlSoftwareModelCheckingC.xml
2015-01-27_18-02-41-239 Finishing test with FAIL for Input:LTL/rers/Problem16_prop_040.c Settings:settings/LtlSoftwareModelCheckingC.epf Toolchain:toolchains/LtlSoftwareModelCheckingC.xml: EXCEPTION_OR_ERROR(Expected:UNSAFE): ExpectedResult: UNSAFE UltimateResult: EXCEPTION_OR_ERROR   [de.uni_freiburg.informatik.ultimate.plugins.generator.buchiautomizer: OutOfMemoryError: GC overhead limit exceeded]
2015-01-27_18-02-41-634 ### 142/300 ### Starting test for Input:LTL/rers/Problem16_prop_041.c Settings:settings/LtlSoftwareModelCheckingC.epf Toolchain:toolchains/LtlSoftwareModelCheckingC.xml
2015-01-27_18-22-41-848 Finishing test with UNKNOWN for Input:LTL/rers/Problem16_prop_041.c Settings:settings/LtlSoftwareModelCheckingC.epf Toolchain:toolchains/LtlSoftwareModelCheckingC.xml: TIMEOUT(Expected:UNSAFE): ExpectedResult: UNSAFE UltimateResult: TIMEOUT   [ShortDescription: Timeout LongDescription: Timout or Toolchain cancelled by user]
2015-01-27_18-22-42-810 ### 143/300 ### Starting test for Input:LTL/rers/Problem16_prop_042.c Settings:settings/LtlSoftwareModelCheckingC.epf Toolchain:toolchains/LtlSoftwareModelCheckingC.xml
2015-01-27_18-42-42-853 Finishing test with UNKNOWN for Input:LTL/rers/Problem16_prop_042.c Settings:settings/LtlSoftwareModelCheckingC.epf Toolchain:toolchains/LtlSoftwareModelCheckingC.xml: TIMEOUT(Expected:UNSAFE): ExpectedResult: UNSAFE UltimateResult: TIMEOUT   [ShortDescription: Timeout LongDescription: Timout or Toolchain cancelled by user]
2015-01-27_18-42-43-254 ### 144/300 ### Starting test for Input:LTL/rers/Problem16_prop_043.c Settings:settings/LtlSoftwareModelCheckingC.epf Toolchain:toolchains/LtlSoftwareModelCheckingC.xml
2015-01-27_18-55-11-182 Finishing test with FAIL for Input:LTL/rers/Problem16_prop_043.c Settings:settings/LtlSoftwareModelCheckingC.epf Toolchain:toolchains/LtlSoftwareModelCheckingC.xml: EXCEPTION_OR_ERROR(Expected:UNSAFE): ExpectedResult: UNSAFE UltimateResult: EXCEPTION_OR_ERROR   [de.uni_freiburg.informatik.ultimate.plugins.generator.buchiautomizer: OutOfMemoryError: GC overhead limit exceeded]
2015-01-27_18-55-11-581 ### 145/300 ### Starting test for Input:LTL/rers/Problem16_prop_044.c Settings:settings/LtlSoftwareModelCheckingC.epf Toolchain:toolchains/LtlSoftwareModelCheckingC.xml
2015-01-27_18-56-07-327 Finishing test with SUCCESS for Input:LTL/rers/Problem16_prop_044.c Settings:settings/LtlSoftwareModelCheckingC.epf Toolchain:toolchains/LtlSoftwareModelCheckingC.xml: SAFE(Expected:SAFE): ExpectedResult: SAFE UltimateResult: SAFE   [ShortDescription: All specifications hold LongDescription: We were not able to verify any specifiation because the program does not contain any specification.]
2015-01-27_18-56-07-979 ### 146/300 ### Starting test for Input:LTL/rers/Problem16_prop_045.c Settings:settings/LtlSoftwareModelCheckingC.epf Toolchain:toolchains/LtlSoftwareModelCheckingC.xml
2015-01-27_19-17-08-148 Finishing test with FAIL for Input:LTL/rers/Problem16_prop_045.c Settings:settings/LtlSoftwareModelCheckingC.epf Toolchain:toolchains/LtlSoftwareModelCheckingC.xml: EXCEPTION_OR_ERROR(Expected:SAFE): ExpectedResult: SAFE UltimateResult: EXCEPTION_OR_ERROR   [de.uni_freiburg.informatik.ultimate.plugins.generator.buchiautomizer: OutOfMemoryError: GC overhead limit exceeded]
2015-01-27_19-17-08-550 ### 147/300 ### Starting test for Input:LTL/rers/Problem16_prop_046.c Settings:settings/LtlSoftwareModelCheckingC.epf Toolchain:toolchains/LtlSoftwareModelCheckingC.xml
2015-01-27_19-35-49-022 Finishing test with FAIL for Input:LTL/rers/Problem16_prop_046.c Settings:settings/LtlSoftwareModelCheckingC.epf Toolchain:toolchains/LtlSoftwareModelCheckingC.xml: EXCEPTION_OR_ERROR(Expected:UNSAFE): ExpectedResult: UNSAFE UltimateResult: EXCEPTION_OR_ERROR   [de.uni_freiburg.informatik.ultimate.plugins.generator.buchiautomizer: OutOfMemoryError: GC overhead limit exceeded]
2015-01-27_19-35-49-426 ### 148/300 ### Starting test for Input:LTL/rers/Problem16_prop_047.c Settings:settings/LtlSoftwareModelCheckingC.epf Toolchain:toolchains/LtlSoftwareModelCheckingC.xml
2015-01-27_19-40-27-519 Finishing test with SUCCESS for Input:LTL/rers/Problem16_prop_047.c Settings:settings/LtlSoftwareModelCheckingC.epf Toolchain:toolchains/LtlSoftwareModelCheckingC.xml: SAFE(Expected:SAFE): ExpectedResult: SAFE UltimateResult: SAFE   [ShortDescription: All specifications hold LongDescription: We were not able to verify any specifiation because the program does not contain any specification.]
2015-01-27_19-40-28-461 ### 149/300 ### Starting test for Input:LTL/rers/Problem16_prop_048.c Settings:settings/LtlSoftwareModelCheckingC.epf Toolchain:toolchains/LtlSoftwareModelCheckingC.xml
2015-01-27_19-53-12-432 Finishing test with FAIL for Input:LTL/rers/Problem16_prop_048.c Settings:settings/LtlSoftwareModelCheckingC.epf Toolchain:toolchains/LtlSoftwareModelCheckingC.xml: EXCEPTION_OR_ERROR(Expected:UNSAFE): ExpectedResult: UNSAFE UltimateResult: EXCEPTION_OR_ERROR   [de.uni_freiburg.informatik.ultimate.plugins.generator.buchiautomizer: OutOfMemoryError: GC overhead limit exceeded]
2015-01-27_19-53-12-842 ### 150/300 ### Starting test for Input:LTL/rers/Problem16_prop_049.c Settings:settings/LtlSoftwareModelCheckingC.epf Toolchain:toolchains/LtlSoftwareModelCheckingC.xml
2015-01-27_20-07-47-806 Finishing test with FAIL for Input:LTL/rers/Problem16_prop_049.c Settings:settings/LtlSoftwareModelCheckingC.epf Toolchain:toolchains/LtlSoftwareModelCheckingC.xml: EXCEPTION_OR_ERROR(Expected:UNSAFE): ExpectedResult: UNSAFE UltimateResult: EXCEPTION_OR_ERROR   [de.uni_freiburg.informatik.ultimate.plugins.generator.buchiautomizer: OutOfMemoryError: Java heap space]
2015-01-27_20-07-48-216 ### 151/300 ### Starting test for Input:LTL/rers/Problem17_prop_000.c Settings:settings/LtlSoftwareModelCheckingC.epf Toolchain:toolchains/LtlSoftwareModelCheckingC.xml
2015-01-27_20-11-35-980 Finishing test with SUCCESS for Input:LTL/rers/Problem17_prop_000.c Settings:settings/LtlSoftwareModelCheckingC.epf Toolchain:toolchains/LtlSoftwareModelCheckingC.xml: SAFE(Expected:SAFE): ExpectedResult: SAFE UltimateResult: SAFE   [ShortDescription: All specifications hold LongDescription: We were not able to verify any specifiation because the program does not contain any specification.]
2015-01-27_20-11-36-922 ### 152/300 ### Starting test for Input:LTL/rers/Problem17_prop_001.c Settings:settings/LtlSoftwareModelCheckingC.epf Toolchain:toolchains/LtlSoftwareModelCheckingC.xml
2015-01-27_20-11-55-514 Finishing test with SUCCESS for Input:LTL/rers/Problem17_prop_001.c Settings:settings/LtlSoftwareModelCheckingC.epf Toolchain:toolchains/LtlSoftwareModelCheckingC.xml: SAFE(Expected:SAFE): ExpectedResult: SAFE UltimateResult: SAFE   [ShortDescription: All specifications hold LongDescription: We were not able to verify any specifiation because the program does not contain any specification.]
2015-01-27_20-11-56-024 ### 153/300 ### Starting test for Input:LTL/rers/Problem17_prop_002.c Settings:settings/LtlSoftwareModelCheckingC.epf Toolchain:toolchains/LtlSoftwareModelCheckingC.xml
2015-01-27_20-26-35-071 Finishing test with SUCCESS for Input:LTL/rers/Problem17_prop_002.c Settings:settings/LtlSoftwareModelCheckingC.epf Toolchain:toolchains/LtlSoftwareModelCheckingC.xml: SAFE(Expected:SAFE): ExpectedResult: SAFE UltimateResult: SAFE   [ShortDescription: All specifications hold LongDescription: We were not able to verify any specifiation because the program does not contain any specification.]
2015-01-27_20-26-35-939 ### 154/300 ### Starting test for Input:LTL/rers/Problem17_prop_003.c Settings:settings/LtlSoftwareModelCheckingC.epf Toolchain:toolchains/LtlSoftwareModelCheckingC.xml
2015-01-27_20-26-54-019 Finishing test with SUCCESS for Input:LTL/rers/Problem17_prop_003.c Settings:settings/LtlSoftwareModelCheckingC.epf Toolchain:toolchains/LtlSoftwareModelCheckingC.xml: SAFE(Expected:SAFE): ExpectedResult: SAFE UltimateResult: SAFE   [ShortDescription: All specifications hold LongDescription: We were not able to verify any specifiation because the program does not contain any specification.]
2015-01-27_20-26-54-529 ### 155/300 ### Starting test for Input:LTL/rers/Problem17_prop_004.c Settings:settings/LtlSoftwareModelCheckingC.epf Toolchain:toolchains/LtlSoftwareModelCheckingC.xml
2015-01-27_20-39-28-220 Finishing test with FAIL for Input:LTL/rers/Problem17_prop_004.c Settings:settings/LtlSoftwareModelCheckingC.epf Toolchain:toolchains/LtlSoftwareModelCheckingC.xml: EXCEPTION_OR_ERROR(Expected:UNSAFE): ExpectedResult: UNSAFE UltimateResult: EXCEPTION_OR_ERROR   [de.uni_freiburg.informatik.ultimate.plugins.generator.buchiautomizer: OutOfMemoryError: GC overhead limit exceeded]
2015-01-27_20-39-28-638 ### 156/300 ### Starting test for Input:LTL/rers/Problem17_prop_005.c Settings:settings/LtlSoftwareModelCheckingC.epf Toolchain:toolchains/LtlSoftwareModelCheckingC.xml
2015-01-27_20-50-01-636 Finishing test with FAIL for Input:LTL/rers/Problem17_prop_005.c Settings:settings/LtlSoftwareModelCheckingC.epf Toolchain:toolchains/LtlSoftwareModelCheckingC.xml: EXCEPTION_OR_ERROR(Expected:SAFE): ExpectedResult: SAFE UltimateResult: EXCEPTION_OR_ERROR   [de.uni_freiburg.informatik.ultimate.plugins.generator.buchiautomizer: OutOfMemoryError: GC overhead limit exceeded]
2015-01-27_20-50-02-074 ### 157/300 ### Starting test for Input:LTL/rers/Problem17_prop_006.c Settings:settings/LtlSoftwareModelCheckingC.epf Toolchain:toolchains/LtlSoftwareModelCheckingC.xml
2015-01-27_21-15-11-413 Finishing test with UNKNOWN for Input:LTL/rers/Problem17_prop_006.c Settings:settings/LtlSoftwareModelCheckingC.epf Toolchain:toolchains/LtlSoftwareModelCheckingC.xml: TIMEOUT(Expected:UNSAFE): ExpectedResult: UNSAFE UltimateResult: TIMEOUT   [ShortDescription: Timeout LongDescription: Timeout while trying to prove (G(A) || F((B && F(C))))]
2015-01-27_21-15-12-344 ### 158/300 ### Starting test for Input:LTL/rers/Problem17_prop_007.c Settings:settings/LtlSoftwareModelCheckingC.epf Toolchain:toolchains/LtlSoftwareModelCheckingC.xml
2015-01-27_21-17-58-858 Finishing test with SUCCESS for Input:LTL/rers/Problem17_prop_007.c Settings:settings/LtlSoftwareModelCheckingC.epf Toolchain:toolchains/LtlSoftwareModelCheckingC.xml: SAFE(Expected:SAFE): ExpectedResult: SAFE UltimateResult: SAFE   [ShortDescription: All specifications hold LongDescription: We were not able to verify any specifiation because the program does not contain any specification.]
2015-01-27_21-18-00-578 ### 159/300 ### Starting test for Input:LTL/rers/Problem17_prop_008.c Settings:settings/LtlSoftwareModelCheckingC.epf Toolchain:toolchains/LtlSoftwareModelCheckingC.xml
2015-01-27_21-20-13-416 Finishing test with SUCCESS for Input:LTL/rers/Problem17_prop_008.c Settings:settings/LtlSoftwareModelCheckingC.epf Toolchain:toolchains/LtlSoftwareModelCheckingC.xml: SAFE(Expected:SAFE): ExpectedResult: SAFE UltimateResult: SAFE   [ShortDescription: All specifications hold LongDescription: We were not able to verify any specifiation because the program does not contain any specification.]
2015-01-27_21-20-14-330 ### 160/300 ### Starting test for Input:LTL/rers/Problem17_prop_009.c Settings:settings/LtlSoftwareModelCheckingC.epf Toolchain:toolchains/LtlSoftwareModelCheckingC.xml
2015-01-27_21-32-28-378 Finishing test with FAIL for Input:LTL/rers/Problem17_prop_009.c Settings:settings/LtlSoftwareModelCheckingC.epf Toolchain:toolchains/LtlSoftwareModelCheckingC.xml: EXCEPTION_OR_ERROR(Expected:UNSAFE): ExpectedResult: UNSAFE UltimateResult: EXCEPTION_OR_ERROR   [de.uni_freiburg.informatik.ultimate.plugins.generator.buchiautomizer: OutOfMemoryError: GC overhead limit exceeded]
2015-01-27_21-32-29-014 ### 161/300 ### Starting test for Input:LTL/rers/Problem17_prop_010.c Settings:settings/LtlSoftwareModelCheckingC.epf Toolchain:toolchains/LtlSoftwareModelCheckingC.xml
2015-01-27_21-32-52-591 Finishing test with SUCCESS for Input:LTL/rers/Problem17_prop_010.c Settings:settings/LtlSoftwareModelCheckingC.epf Toolchain:toolchains/LtlSoftwareModelCheckingC.xml: SAFE(Expected:SAFE): ExpectedResult: SAFE UltimateResult: SAFE   [ShortDescription: All specifications hold LongDescription: We were not able to verify any specifiation because the program does not contain any specification.]
2015-01-27_21-32-53-666 ### 162/300 ### Starting test for Input:LTL/rers/Problem17_prop_011.c Settings:settings/LtlSoftwareModelCheckingC.epf Toolchain:toolchains/LtlSoftwareModelCheckingC.xml
2015-01-27_21-33-16-897 Finishing test with SUCCESS for Input:LTL/rers/Problem17_prop_011.c Settings:settings/LtlSoftwareModelCheckingC.epf Toolchain:toolchains/LtlSoftwareModelCheckingC.xml: SAFE(Expected:SAFE): ExpectedResult: SAFE UltimateResult: SAFE   [ShortDescription: All specifications hold LongDescription: We were not able to verify any specifiation because the program does not contain any specification.]
2015-01-27_21-33-17-690 ### 163/300 ### Starting test for Input:LTL/rers/Problem17_prop_012.c Settings:settings/LtlSoftwareModelCheckingC.epf Toolchain:toolchains/LtlSoftwareModelCheckingC.xml
2015-01-27_21-41-50-171 Finishing test with FAIL for Input:LTL/rers/Problem17_prop_012.c Settings:settings/LtlSoftwareModelCheckingC.epf Toolchain:toolchains/LtlSoftwareModelCheckingC.xml: EXCEPTION_OR_ERROR(Expected:UNSAFE): ExpectedResult: UNSAFE UltimateResult: EXCEPTION_OR_ERROR   [de.uni_freiburg.informatik.ultimate.plugins.generator.buchiautomizer: OutOfMemoryError: GC overhead limit exceeded]
2015-01-27_21-41-50-808 ### 164/300 ### Starting test for Input:LTL/rers/Problem17_prop_013.c Settings:settings/LtlSoftwareModelCheckingC.epf Toolchain:toolchains/LtlSoftwareModelCheckingC.xml
2015-01-27_21-53-12-373 Finishing test with FAIL for Input:LTL/rers/Problem17_prop_013.c Settings:settings/LtlSoftwareModelCheckingC.epf Toolchain:toolchains/LtlSoftwareModelCheckingC.xml: EXCEPTION_OR_ERROR(Expected:UNSAFE): ExpectedResult: UNSAFE UltimateResult: EXCEPTION_OR_ERROR   [de.uni_freiburg.informatik.ultimate.plugins.generator.buchiautomizer: OutOfMemoryError: GC overhead limit exceeded]
2015-01-27_21-53-13-015 ### 165/300 ### Starting test for Input:LTL/rers/Problem17_prop_014.c Settings:settings/LtlSoftwareModelCheckingC.epf Toolchain:toolchains/LtlSoftwareModelCheckingC.xml
2015-01-27_22-06-47-355 Finishing test with FAIL for Input:LTL/rers/Problem17_prop_014.c Settings:settings/LtlSoftwareModelCheckingC.epf Toolchain:toolchains/LtlSoftwareModelCheckingC.xml: EXCEPTION_OR_ERROR(Expected:UNSAFE): ExpectedResult: UNSAFE UltimateResult: EXCEPTION_OR_ERROR   [de.uni_freiburg.informatik.ultimate.plugins.generator.buchiautomizer: OutOfMemoryError: GC overhead limit exceeded]
2015-01-27_22-06-47-996 ### 166/300 ### Starting test for Input:LTL/rers/Problem17_prop_015.c Settings:settings/LtlSoftwareModelCheckingC.epf Toolchain:toolchains/LtlSoftwareModelCheckingC.xml
2015-01-27_22-09-37-400 Finishing test with SUCCESS for Input:LTL/rers/Problem17_prop_015.c Settings:settings/LtlSoftwareModelCheckingC.epf Toolchain:toolchains/LtlSoftwareModelCheckingC.xml: SAFE(Expected:SAFE): ExpectedResult: SAFE UltimateResult: SAFE   [ShortDescription: All specifications hold LongDescription: We were not able to verify any specifiation because the program does not contain any specification.]
2015-01-27_22-09-38-467 ### 167/300 ### Starting test for Input:LTL/rers/Problem17_prop_016.c Settings:settings/LtlSoftwareModelCheckingC.epf Toolchain:toolchains/LtlSoftwareModelCheckingC.xml
2015-01-27_22-16-42-046 Finishing test with FAIL for Input:LTL/rers/Problem17_prop_016.c Settings:settings/LtlSoftwareModelCheckingC.epf Toolchain:toolchains/LtlSoftwareModelCheckingC.xml: EXCEPTION_OR_ERROR(Expected:UNSAFE): ExpectedResult: UNSAFE UltimateResult: EXCEPTION_OR_ERROR   [de.uni_freiburg.informatik.ultimate.plugins.generator.buchiautomizer: OutOfMemoryError: GC overhead limit exceeded]
2015-01-27_22-16-42-697 ### 168/300 ### Starting test for Input:LTL/rers/Problem17_prop_017.c Settings:settings/LtlSoftwareModelCheckingC.epf Toolchain:toolchains/LtlSoftwareModelCheckingC.xml
2015-01-27_22-17-38-651 Finishing test with SUCCESS for Input:LTL/rers/Problem17_prop_017.c Settings:settings/LtlSoftwareModelCheckingC.epf Toolchain:toolchains/LtlSoftwareModelCheckingC.xml: SAFE(Expected:SAFE): ExpectedResult: SAFE UltimateResult: SAFE   [ShortDescription: All specifications hold LongDescription: We were not able to verify any specifiation because the program does not contain any specification.]
2015-01-27_22-17-39-827 ### 169/300 ### Starting test for Input:LTL/rers/Problem17_prop_018.c Settings:settings/LtlSoftwareModelCheckingC.epf Toolchain:toolchains/LtlSoftwareModelCheckingC.xml
2015-01-27_22-19-36-506 Finishing test with SUCCESS for Input:LTL/rers/Problem17_prop_018.c Settings:settings/LtlSoftwareModelCheckingC.epf Toolchain:toolchains/LtlSoftwareModelCheckingC.xml: SAFE(Expected:SAFE): ExpectedResult: SAFE UltimateResult: SAFE   [ShortDescription: All specifications hold LongDescription: We were not able to verify any specifiation because the program does not contain any specification.]
2015-01-27_22-19-37-293 ### 170/300 ### Starting test for Input:LTL/rers/Problem17_prop_019.c Settings:settings/LtlSoftwareModelCheckingC.epf Toolchain:toolchains/LtlSoftwareModelCheckingC.xml
2015-01-27_22-39-03-312 Finishing test with FAIL for Input:LTL/rers/Problem17_prop_019.c Settings:settings/LtlSoftwareModelCheckingC.epf Toolchain:toolchains/LtlSoftwareModelCheckingC.xml: EXCEPTION_OR_ERROR(Expected:UNSAFE): ExpectedResult: UNSAFE UltimateResult: EXCEPTION_OR_ERROR   [de.uni_freiburg.informatik.ultimate.plugins.generator.buchiautomizer: OutOfMemoryError: GC overhead limit exceeded]
2015-01-27_22-39-03-950 ### 171/300 ### Starting test for Input:LTL/rers/Problem17_prop_020.c Settings:settings/LtlSoftwareModelCheckingC.epf Toolchain:toolchains/LtlSoftwareModelCheckingC.xml
2015-01-27_22-42-32-775 Finishing test with SUCCESS for Input:LTL/rers/Problem17_prop_020.c Settings:settings/LtlSoftwareModelCheckingC.epf Toolchain:toolchains/LtlSoftwareModelCheckingC.xml: SAFE(Expected:SAFE): ExpectedResult: SAFE UltimateResult: SAFE   [ShortDescription: All specifications hold LongDescription: We were not able to verify any specifiation because the program does not contain any specification.]
2015-01-27_22-42-33-976 ### 172/300 ### Starting test for Input:LTL/rers/Problem17_prop_021.c Settings:settings/LtlSoftwareModelCheckingC.epf Toolchain:toolchains/LtlSoftwareModelCheckingC.xml
2015-01-27_23-02-35-959 Finishing test with UNKNOWN for Input:LTL/rers/Problem17_prop_021.c Settings:settings/LtlSoftwareModelCheckingC.epf Toolchain:toolchains/LtlSoftwareModelCheckingC.xml: TIMEOUT(Expected:UNSAFE): ExpectedResult: UNSAFE UltimateResult: TIMEOUT   [ShortDescription: Timeout LongDescription: Timeout while trying to prove ((A U B) || G(A))]
2015-01-27_23-02-36-834 ### 173/300 ### Starting test for Input:LTL/rers/Problem17_prop_022.c Settings:settings/LtlSoftwareModelCheckingC.epf Toolchain:toolchains/LtlSoftwareModelCheckingC.xml
2015-01-27_23-02-54-771 Finishing test with SUCCESS for Input:LTL/rers/Problem17_prop_022.c Settings:settings/LtlSoftwareModelCheckingC.epf Toolchain:toolchains/LtlSoftwareModelCheckingC.xml: SAFE(Expected:SAFE): ExpectedResult: SAFE UltimateResult: SAFE   [ShortDescription: All specifications hold LongDescription: We were not able to verify any specifiation because the program does not contain any specification.]
2015-01-27_23-02-56-087 ### 174/300 ### Starting test for Input:LTL/rers/Problem17_prop_023.c Settings:settings/LtlSoftwareModelCheckingC.epf Toolchain:toolchains/LtlSoftwareModelCheckingC.xml
2015-01-27_23-03-19-944 Finishing test with SUCCESS for Input:LTL/rers/Problem17_prop_023.c Settings:settings/LtlSoftwareModelCheckingC.epf Toolchain:toolchains/LtlSoftwareModelCheckingC.xml: SAFE(Expected:SAFE): ExpectedResult: SAFE UltimateResult: SAFE   [ShortDescription: All specifications hold LongDescription: We were not able to verify any specifiation because the program does not contain any specification.]
2015-01-27_23-03-20-876 ### 175/300 ### Starting test for Input:LTL/rers/Problem17_prop_024.c Settings:settings/LtlSoftwareModelCheckingC.epf Toolchain:toolchains/LtlSoftwareModelCheckingC.xml
2015-01-27_23-30-59-683 Finishing test with UNKNOWN for Input:LTL/rers/Problem17_prop_024.c Settings:settings/LtlSoftwareModelCheckingC.epf Toolchain:toolchains/LtlSoftwareModelCheckingC.xml: TIMEOUT(Expected:UNSAFE): ExpectedResult: UNSAFE UltimateResult: TIMEOUT   [ShortDescription: Timeout LongDescription: Timeout while trying to prove (!(F(A)) || (B U (A || (C U (A || (B U (A || (C U (A || (D U A))))))))))]
2015-01-27_23-31-00-456 ### 176/300 ### Starting test for Input:LTL/rers/Problem17_prop_025.c Settings:settings/LtlSoftwareModelCheckingC.epf Toolchain:toolchains/LtlSoftwareModelCheckingC.xml
2015-01-27_23-40-04-627 Finishing test with FAIL for Input:LTL/rers/Problem17_prop_025.c Settings:settings/LtlSoftwareModelCheckingC.epf Toolchain:toolchains/LtlSoftwareModelCheckingC.xml: EXCEPTION_OR_ERROR(Expected:UNSAFE): ExpectedResult: UNSAFE UltimateResult: EXCEPTION_OR_ERROR   [de.uni_freiburg.informatik.ultimate.plugins.generator.buchiautomizer: OutOfMemoryError: GC overhead limit exceeded]
2015-01-27_23-40-05-404 ### 177/300 ### Starting test for Input:LTL/rers/Problem17_prop_026.c Settings:settings/LtlSoftwareModelCheckingC.epf Toolchain:toolchains/LtlSoftwareModelCheckingC.xml
2015-01-27_23-42-55-091 Finishing test with SUCCESS for Input:LTL/rers/Problem17_prop_026.c Settings:settings/LtlSoftwareModelCheckingC.epf Toolchain:toolchains/LtlSoftwareModelCheckingC.xml: SAFE(Expected:SAFE): ExpectedResult: SAFE UltimateResult: SAFE   [ShortDescription: All specifications hold LongDescription: We were not able to verify any specifiation because the program does not contain any specification.]
2015-01-27_23-42-56-708 ### 178/300 ### Starting test for Input:LTL/rers/Problem17_prop_027.c Settings:settings/LtlSoftwareModelCheckingC.epf Toolchain:toolchains/LtlSoftwareModelCheckingC.xml
2015-01-27_23-45-48-773 Finishing test with SUCCESS for Input:LTL/rers/Problem17_prop_027.c Settings:settings/LtlSoftwareModelCheckingC.epf Toolchain:toolchains/LtlSoftwareModelCheckingC.xml: SAFE(Expected:SAFE): ExpectedResult: SAFE UltimateResult: SAFE   [ShortDescription: All specifications hold LongDescription: We were not able to verify any specifiation because the program does not contain any specification.]
2015-01-27_23-45-49-897 ### 179/300 ### Starting test for Input:LTL/rers/Problem17_prop_028.c Settings:settings/LtlSoftwareModelCheckingC.epf Toolchain:toolchains/LtlSoftwareModelCheckingC.xml
2015-01-27_23-46-23-695 Finishing test with SUCCESS for Input:LTL/rers/Problem17_prop_028.c Settings:settings/LtlSoftwareModelCheckingC.epf Toolchain:toolchains/LtlSoftwareModelCheckingC.xml: SAFE(Expected:SAFE): ExpectedResult: SAFE UltimateResult: SAFE   [ShortDescription: All specifications hold LongDescription: We were not able to verify any specifiation because the program does not contain any specification.]
2015-01-27_23-46-24-606 ### 180/300 ### Starting test for Input:LTL/rers/Problem17_prop_029.c Settings:settings/LtlSoftwareModelCheckingC.epf Toolchain:toolchains/LtlSoftwareModelCheckingC.xml
2015-01-27_23-58-58-414 Finishing test with FAIL for Input:LTL/rers/Problem17_prop_029.c Settings:settings/LtlSoftwareModelCheckingC.epf Toolchain:toolchains/LtlSoftwareModelCheckingC.xml: EXCEPTION_OR_ERROR(Expected:UNSAFE): ExpectedResult: UNSAFE UltimateResult: EXCEPTION_OR_ERROR   [de.uni_freiburg.informatik.ultimate.plugins.generator.buchiautomizer: OutOfMemoryError: GC overhead limit exceeded]
2015-01-27_23-58-59-168 ### 181/300 ### Starting test for Input:LTL/rers/Problem17_prop_030.c Settings:settings/LtlSoftwareModelCheckingC.epf Toolchain:toolchains/LtlSoftwareModelCheckingC.xml
2015-01-28_00-00-13-012 Finishing test with SUCCESS for Input:LTL/rers/Problem17_prop_030.c Settings:settings/LtlSoftwareModelCheckingC.epf Toolchain:toolchains/LtlSoftwareModelCheckingC.xml: SAFE(Expected:SAFE): ExpectedResult: SAFE UltimateResult: SAFE   [ShortDescription: All specifications hold LongDescription: We were not able to verify any specifiation because the program does not contain any specification.]
2015-01-28_00-00-14-859 ### 182/300 ### Starting test for Input:LTL/rers/Problem17_prop_031.c Settings:settings/LtlSoftwareModelCheckingC.epf Toolchain:toolchains/LtlSoftwareModelCheckingC.xml
2015-01-28_00-00-34-437 Finishing test with SUCCESS for Input:LTL/rers/Problem17_prop_031.c Settings:settings/LtlSoftwareModelCheckingC.epf Toolchain:toolchains/LtlSoftwareModelCheckingC.xml: SAFE(Expected:SAFE): ExpectedResult: SAFE UltimateResult: SAFE   [ShortDescription: All specifications hold LongDescription: We were not able to verify any specifiation because the program does not contain any specification.]
2015-01-28_00-00-35-494 ### 183/300 ### Starting test for Input:LTL/rers/Problem17_prop_032.c Settings:settings/LtlSoftwareModelCheckingC.epf Toolchain:toolchains/LtlSoftwareModelCheckingC.xml
2015-01-28_00-01-03-250 Finishing test with SUCCESS for Input:LTL/rers/Problem17_prop_032.c Settings:settings/LtlSoftwareModelCheckingC.epf Toolchain:toolchains/LtlSoftwareModelCheckingC.xml: SAFE(Expected:SAFE): ExpectedResult: SAFE UltimateResult: SAFE   [ShortDescription: All specifications hold LongDescription: We were not able to verify any specifiation because the program does not contain any specification.]
2015-01-28_00-01-04-328 ### 184/300 ### Starting test for Input:LTL/rers/Problem17_prop_033.c Settings:settings/LtlSoftwareModelCheckingC.epf Toolchain:toolchains/LtlSoftwareModelCheckingC.xml
2015-01-28_00-10-57-660 Finishing test with FAIL for Input:LTL/rers/Problem17_prop_033.c Settings:settings/LtlSoftwareModelCheckingC.epf Toolchain:toolchains/LtlSoftwareModelCheckingC.xml: EXCEPTION_OR_ERROR(Expected:UNSAFE): ExpectedResult: UNSAFE UltimateResult: EXCEPTION_OR_ERROR   [de.uni_freiburg.informatik.ultimate.plugins.generator.buchiautomizer: OutOfMemoryError: GC overhead limit exceeded]
2015-01-28_00-10-58-427 ### 185/300 ### Starting test for Input:LTL/rers/Problem17_prop_034.c Settings:settings/LtlSoftwareModelCheckingC.epf Toolchain:toolchains/LtlSoftwareModelCheckingC.xml
2015-01-28_00-31-19-121 Finishing test with UNKNOWN for Input:LTL/rers/Problem17_prop_034.c Settings:settings/LtlSoftwareModelCheckingC.epf Toolchain:toolchains/LtlSoftwareModelCheckingC.xml: TIMEOUT(Expected:UNSAFE): ExpectedResult: UNSAFE UltimateResult: TIMEOUT   [ShortDescription: Timeout LongDescription: Timeout while trying to prove ((A U ((B U ((A U ((B U G(A)) || G(B))) || G(A))) || G(B))) || G(A))]
2015-01-28_00-31-19-912 ### 186/300 ### Starting test for Input:LTL/rers/Problem17_prop_035.c Settings:settings/LtlSoftwareModelCheckingC.epf Toolchain:toolchains/LtlSoftwareModelCheckingC.xml
2015-01-28_00-32-26-186 Finishing test with SUCCESS for Input:LTL/rers/Problem17_prop_035.c Settings:settings/LtlSoftwareModelCheckingC.epf Toolchain:toolchains/LtlSoftwareModelCheckingC.xml: SAFE(Expected:SAFE): ExpectedResult: SAFE UltimateResult: SAFE   [ShortDescription: All specifications hold LongDescription: We were not able to verify any specifiation because the program does not contain any specification.]
2015-01-28_00-32-27-557 ### 187/300 ### Starting test for Input:LTL/rers/Problem17_prop_036.c Settings:settings/LtlSoftwareModelCheckingC.epf Toolchain:toolchains/LtlSoftwareModelCheckingC.xml
2015-01-28_01-57-47-500 Finishing test with FAIL for Input:LTL/rers/Problem17_prop_036.c Settings:settings/LtlSoftwareModelCheckingC.epf Toolchain:toolchains/LtlSoftwareModelCheckingC.xml: EXCEPTION_OR_ERROR(Expected:UNSAFE): ExpectedResult: UNSAFE UltimateResult: EXCEPTION_OR_ERROR   [de.uni_freiburg.informatik.ultimate.plugins.generator.buchiautomizer: OutOfMemoryError: Java heap space]
2015-01-28_01-57-48-283 ### 188/300 ### Starting test for Input:LTL/rers/Problem17_prop_037.c Settings:settings/LtlSoftwareModelCheckingC.epf Toolchain:toolchains/LtlSoftwareModelCheckingC.xml
2015-01-28_01-58-28-796 Finishing test with SUCCESS for Input:LTL/rers/Problem17_prop_037.c Settings:settings/LtlSoftwareModelCheckingC.epf Toolchain:toolchains/LtlSoftwareModelCheckingC.xml: SAFE(Expected:SAFE): ExpectedResult: SAFE UltimateResult: SAFE   [ShortDescription: All specifications hold LongDescription: We were not able to verify any specifiation because the program does not contain any specification.]
2015-01-28_01-58-30-123 ### 189/300 ### Starting test for Input:LTL/rers/Problem17_prop_038.c Settings:settings/LtlSoftwareModelCheckingC.epf Toolchain:toolchains/LtlSoftwareModelCheckingC.xml
2015-01-28_02-00-11-526 Finishing test with SUCCESS for Input:LTL/rers/Problem17_prop_038.c Settings:settings/LtlSoftwareModelCheckingC.epf Toolchain:toolchains/LtlSoftwareModelCheckingC.xml: SAFE(Expected:SAFE): ExpectedResult: SAFE UltimateResult: SAFE   [ShortDescription: All specifications hold LongDescription: We were not able to verify any specifiation because the program does not contain any specification.]
2015-01-28_02-00-12-448 ### 190/300 ### Starting test for Input:LTL/rers/Problem17_prop_039.c Settings:settings/LtlSoftwareModelCheckingC.epf Toolchain:toolchains/LtlSoftwareModelCheckingC.xml
2015-01-28_02-27-23-750 Finishing test with UNKNOWN for Input:LTL/rers/Problem17_prop_039.c Settings:settings/LtlSoftwareModelCheckingC.epf Toolchain:toolchains/LtlSoftwareModelCheckingC.xml: TIMEOUT(Expected:UNSAFE): ExpectedResult: UNSAFE UltimateResult: TIMEOUT   [ShortDescription: Timeout LongDescription: Timeout while trying to prove G((A || (B U C)))]
2015-01-28_02-27-24-679 ### 191/300 ### Starting test for Input:LTL/rers/Problem17_prop_040.c Settings:settings/LtlSoftwareModelCheckingC.epf Toolchain:toolchains/LtlSoftwareModelCheckingC.xml
2015-01-28_02-48-51-788 Finishing test with UNKNOWN for Input:LTL/rers/Problem17_prop_040.c Settings:settings/LtlSoftwareModelCheckingC.epf Toolchain:toolchains/LtlSoftwareModelCheckingC.xml: TIMEOUT(Expected:UNSAFE): ExpectedResult: UNSAFE UltimateResult: TIMEOUT   [ShortDescription: Timeout LongDescription: Timeout while trying to prove (G(A) || F((B && F(C))))]
2015-01-28_02-48-52-775 ### 192/300 ### Starting test for Input:LTL/rers/Problem17_prop_041.c Settings:settings/LtlSoftwareModelCheckingC.epf Toolchain:toolchains/LtlSoftwareModelCheckingC.xml
2015-01-28_02-49-19-275 Finishing test with SUCCESS for Input:LTL/rers/Problem17_prop_041.c Settings:settings/LtlSoftwareModelCheckingC.epf Toolchain:toolchains/LtlSoftwareModelCheckingC.xml: SAFE(Expected:SAFE): ExpectedResult: SAFE UltimateResult: SAFE   [ShortDescription: All specifications hold LongDescription: We were not able to verify any specifiation because the program does not contain any specification.]
2015-01-28_02-49-20-423 ### 193/300 ### Starting test for Input:LTL/rers/Problem17_prop_042.c Settings:settings/LtlSoftwareModelCheckingC.epf Toolchain:toolchains/LtlSoftwareModelCheckingC.xml
2015-01-28_02-58-49-604 Finishing test with FAIL for Input:LTL/rers/Problem17_prop_042.c Settings:settings/LtlSoftwareModelCheckingC.epf Toolchain:toolchains/LtlSoftwareModelCheckingC.xml: EXCEPTION_OR_ERROR(Expected:UNSAFE): ExpectedResult: UNSAFE UltimateResult: EXCEPTION_OR_ERROR   [de.uni_freiburg.informatik.ultimate.plugins.generator.buchiautomizer: OutOfMemoryError: GC overhead limit exceeded]
2015-01-28_02-58-50-383 ### 194/300 ### Starting test for Input:LTL/rers/Problem17_prop_043.c Settings:settings/LtlSoftwareModelCheckingC.epf Toolchain:toolchains/LtlSoftwareModelCheckingC.xml
2015-01-28_03-07-59-038 Finishing test with FAIL for Input:LTL/rers/Problem17_prop_043.c Settings:settings/LtlSoftwareModelCheckingC.epf Toolchain:toolchains/LtlSoftwareModelCheckingC.xml: EXCEPTION_OR_ERROR(Expected:UNSAFE): ExpectedResult: UNSAFE UltimateResult: EXCEPTION_OR_ERROR   [de.uni_freiburg.informatik.ultimate.plugins.generator.buchiautomizer: OutOfMemoryError: GC overhead limit exceeded]
2015-01-28_03-07-59-830 ### 195/300 ### Starting test for Input:LTL/rers/Problem17_prop_044.c Settings:settings/LtlSoftwareModelCheckingC.epf Toolchain:toolchains/LtlSoftwareModelCheckingC.xml
2015-01-28_03-09-04-997 Finishing test with SUCCESS for Input:LTL/rers/Problem17_prop_044.c Settings:settings/LtlSoftwareModelCheckingC.epf Toolchain:toolchains/LtlSoftwareModelCheckingC.xml: SAFE(Expected:SAFE): ExpectedResult: SAFE UltimateResult: SAFE   [ShortDescription: All specifications hold LongDescription: We were not able to verify any specifiation because the program does not contain any specification.]
2015-01-28_03-09-06-206 ### 196/300 ### Starting test for Input:LTL/rers/Problem17_prop_045.c Settings:settings/LtlSoftwareModelCheckingC.epf Toolchain:toolchains/LtlSoftwareModelCheckingC.xml
2015-01-28_03-27-38-552 Finishing test with SUCCESS for Input:LTL/rers/Problem17_prop_045.c Settings:settings/LtlSoftwareModelCheckingC.epf Toolchain:toolchains/LtlSoftwareModelCheckingC.xml: UNSAFE(Expected:UNSAFE): ExpectedResult: UNSAFE UltimateResult: UNSAFE   Violation of LTL property G((A || F(B))) 
2015-01-28_03-27-39-522 ### 197/300 ### Starting test for Input:LTL/rers/Problem17_prop_046.c Settings:settings/LtlSoftwareModelCheckingC.epf Toolchain:toolchains/LtlSoftwareModelCheckingC.xml
2015-01-28_03-27-57-848 Finishing test with SUCCESS for Input:LTL/rers/Problem17_prop_046.c Settings:settings/LtlSoftwareModelCheckingC.epf Toolchain:toolchains/LtlSoftwareModelCheckingC.xml: SAFE(Expected:SAFE): ExpectedResult: SAFE UltimateResult: SAFE   [ShortDescription: All specifications hold LongDescription: We were not able to verify any specifiation because the program does not contain any specification.]
2015-01-28_03-27-59-042 ### 198/300 ### Starting test for Input:LTL/rers/Problem17_prop_047.c Settings:settings/LtlSoftwareModelCheckingC.epf Toolchain:toolchains/LtlSoftwareModelCheckingC.xml
2015-01-28_03-37-03-434 Finishing test with FAIL for Input:LTL/rers/Problem17_prop_047.c Settings:settings/LtlSoftwareModelCheckingC.epf Toolchain:toolchains/LtlSoftwareModelCheckingC.xml: EXCEPTION_OR_ERROR(Expected:UNSAFE): ExpectedResult: UNSAFE UltimateResult: EXCEPTION_OR_ERROR   [de.uni_freiburg.informatik.ultimate.plugins.generator.buchiautomizer: OutOfMemoryError: GC overhead limit exceeded]
2015-01-28_03-37-04-242 ### 199/300 ### Starting test for Input:LTL/rers/Problem17_prop_048.c Settings:settings/LtlSoftwareModelCheckingC.epf Toolchain:toolchains/LtlSoftwareModelCheckingC.xml
2015-01-28_03-46-07-529 Finishing test with FAIL for Input:LTL/rers/Problem17_prop_048.c Settings:settings/LtlSoftwareModelCheckingC.epf Toolchain:toolchains/LtlSoftwareModelCheckingC.xml: EXCEPTION_OR_ERROR(Expected:SAFE): ExpectedResult: SAFE UltimateResult: EXCEPTION_OR_ERROR   [de.uni_freiburg.informatik.ultimate.plugins.generator.buchiautomizer: OutOfMemoryError: GC overhead limit exceeded]
2015-01-28_03-46-08-318 ### 200/300 ### Starting test for Input:LTL/rers/Problem17_prop_049.c Settings:settings/LtlSoftwareModelCheckingC.epf Toolchain:toolchains/LtlSoftwareModelCheckingC.xml
2015-01-28_03-55-26-263 Finishing test with FAIL for Input:LTL/rers/Problem17_prop_049.c Settings:settings/LtlSoftwareModelCheckingC.epf Toolchain:toolchains/LtlSoftwareModelCheckingC.xml: EXCEPTION_OR_ERROR(Expected:UNSAFE): ExpectedResult: UNSAFE UltimateResult: EXCEPTION_OR_ERROR   [de.uni_freiburg.informatik.ultimate.plugins.generator.buchiautomizer: OutOfMemoryError: GC overhead limit exceeded]
2015-01-28_03-55-27-049 ### 201/300 ### Starting test for Input:LTL/rers/Problem18_prop_000.c Settings:settings/LtlSoftwareModelCheckingC.epf Toolchain:toolchains/LtlSoftwareModelCheckingC.xml
2015-01-28_04-24-11-881 Finishing test with UNKNOWN for Input:LTL/rers/Problem18_prop_000.c Settings:settings/LtlSoftwareModelCheckingC.epf Toolchain:toolchains/LtlSoftwareModelCheckingC.xml: TIMEOUT(Expected:SAFE): ExpectedResult: SAFE UltimateResult: TIMEOUT   [ShortDescription: Timeout LongDescription: Timeout while trying to prove G((A || ((B U C) || G(B))))]
2015-01-28_04-24-12-876 ### 202/300 ### Starting test for Input:LTL/rers/Problem18_prop_001.c Settings:settings/LtlSoftwareModelCheckingC.epf Toolchain:toolchains/LtlSoftwareModelCheckingC.xml
2015-01-28_04-44-14-221 Finishing test with UNKNOWN for Input:LTL/rers/Problem18_prop_001.c Settings:settings/LtlSoftwareModelCheckingC.epf Toolchain:toolchains/LtlSoftwareModelCheckingC.xml: TIMEOUT(Expected:SAFE): ExpectedResult: SAFE UltimateResult: TIMEOUT   [ShortDescription: Timeout LongDescription: Timeout while trying to prove G((A || G(B)))]
2015-01-28_04-44-15-157 ### 203/300 ### Starting test for Input:LTL/rers/Problem18_prop_002.c Settings:settings/LtlSoftwareModelCheckingC.epf Toolchain:toolchains/LtlSoftwareModelCheckingC.xml
2015-01-28_04-49-43-665 Finishing test with SUCCESS for Input:LTL/rers/Problem18_prop_002.c Settings:settings/LtlSoftwareModelCheckingC.epf Toolchain:toolchains/LtlSoftwareModelCheckingC.xml: SAFE(Expected:SAFE): ExpectedResult: SAFE UltimateResult: SAFE   [ShortDescription: All specifications hold LongDescription: We were not able to verify any specifiation because the program does not contain any specification.]
2015-01-28_04-49-44-896 ### 204/300 ### Starting test for Input:LTL/rers/Problem18_prop_003.c Settings:settings/LtlSoftwareModelCheckingC.epf Toolchain:toolchains/LtlSoftwareModelCheckingC.xml
2015-01-28_04-54-29-511 Finishing test with SUCCESS for Input:LTL/rers/Problem18_prop_003.c Settings:settings/LtlSoftwareModelCheckingC.epf Toolchain:toolchains/LtlSoftwareModelCheckingC.xml: SAFE(Expected:SAFE): ExpectedResult: SAFE UltimateResult: SAFE   [ShortDescription: All specifications hold LongDescription: We were not able to verify any specifiation because the program does not contain any specification.]
2015-01-28_04-54-30-441 ### 205/300 ### Starting test for Input:LTL/rers/Problem18_prop_004.c Settings:settings/LtlSoftwareModelCheckingC.epf Toolchain:toolchains/LtlSoftwareModelCheckingC.xml
2015-01-28_05-00-53-025 Finishing test with SUCCESS for Input:LTL/rers/Problem18_prop_004.c Settings:settings/LtlSoftwareModelCheckingC.epf Toolchain:toolchains/LtlSoftwareModelCheckingC.xml: SAFE(Expected:SAFE): ExpectedResult: SAFE UltimateResult: SAFE   [ShortDescription: All specifications hold LongDescription: We were not able to verify any specifiation because the program does not contain any specification.]
2015-01-28_05-00-53-978 ### 206/300 ### Starting test for Input:LTL/rers/Problem18_prop_005.c Settings:settings/LtlSoftwareModelCheckingC.epf Toolchain:toolchains/LtlSoftwareModelCheckingC.xml
2015-01-28_05-24-54-369 Finishing test with UNKNOWN for Input:LTL/rers/Problem18_prop_005.c Settings:settings/LtlSoftwareModelCheckingC.epf Toolchain:toolchains/LtlSoftwareModelCheckingC.xml: TIMEOUT(Expected:UNSAFE): ExpectedResult: UNSAFE UltimateResult: TIMEOUT   [ShortDescription: Timeout LongDescription: Timeout while trying to prove (!(F(A)) || (B U (A || (C U (A || (B U (A || (C U (A || (D U A))))))))))]
2015-01-28_05-24-55-190 ### 207/300 ### Starting test for Input:LTL/rers/Problem18_prop_006.c Settings:settings/LtlSoftwareModelCheckingC.epf Toolchain:toolchains/LtlSoftwareModelCheckingC.xml
2015-01-28_05-34-35-335 Finishing test with FAIL for Input:LTL/rers/Problem18_prop_006.c Settings:settings/LtlSoftwareModelCheckingC.epf Toolchain:toolchains/LtlSoftwareModelCheckingC.xml: EXCEPTION_OR_ERROR(Expected:UNSAFE): ExpectedResult: UNSAFE UltimateResult: EXCEPTION_OR_ERROR   [de.uni_freiburg.informatik.ultimate.plugins.generator.buchiautomizer: OutOfMemoryError: Java heap space]
2015-01-28_05-34-36-157 ### 208/300 ### Starting test for Input:LTL/rers/Problem18_prop_007.c Settings:settings/LtlSoftwareModelCheckingC.epf Toolchain:toolchains/LtlSoftwareModelCheckingC.xml
2015-01-28_05-54-36-201 Finishing test with UNKNOWN for Input:LTL/rers/Problem18_prop_007.c Settings:settings/LtlSoftwareModelCheckingC.epf Toolchain:toolchains/LtlSoftwareModelCheckingC.xml: TIMEOUT(Expected:UNSAFE): ExpectedResult: UNSAFE UltimateResult: TIMEOUT   [ShortDescription: Timeout LongDescription: Timeout while trying to prove G((!((A && F(B))) || (C U B)))]
2015-01-28_05-54-37-479 ### 209/300 ### Starting test for Input:LTL/rers/Problem18_prop_008.c Settings:settings/LtlSoftwareModelCheckingC.epf Toolchain:toolchains/LtlSoftwareModelCheckingC.xml
2015-01-28_06-14-37-521 Finishing test with UNKNOWN for Input:LTL/rers/Problem18_prop_008.c Settings:settings/LtlSoftwareModelCheckingC.epf Toolchain:toolchains/LtlSoftwareModelCheckingC.xml: TIMEOUT(Expected:UNSAFE): ExpectedResult: UNSAFE UltimateResult: TIMEOUT   [ShortDescription: Timeout LongDescription: Timeout while trying to prove G((A || ((B U C) || G(B))))]
2015-01-28_06-14-38-737 ### 210/300 ### Starting test for Input:LTL/rers/Problem18_prop_009.c Settings:settings/LtlSoftwareModelCheckingC.epf Toolchain:toolchains/LtlSoftwareModelCheckingC.xml
2015-01-28_06-23-34-453 Finishing test with SUCCESS for Input:LTL/rers/Problem18_prop_009.c Settings:settings/LtlSoftwareModelCheckingC.epf Toolchain:toolchains/LtlSoftwareModelCheckingC.xml: SAFE(Expected:SAFE): ExpectedResult: SAFE UltimateResult: SAFE   [ShortDescription: All specifications hold LongDescription: We were not able to verify any specifiation because the program does not contain any specification.]
2015-01-28_06-23-35-426 ### 211/300 ### Starting test for Input:LTL/rers/Problem18_prop_010.c Settings:settings/LtlSoftwareModelCheckingC.epf Toolchain:toolchains/LtlSoftwareModelCheckingC.xml
2015-01-28_06-28-40-978 Finishing test with SUCCESS for Input:LTL/rers/Problem18_prop_010.c Settings:settings/LtlSoftwareModelCheckingC.epf Toolchain:toolchains/LtlSoftwareModelCheckingC.xml: SAFE(Expected:SAFE): ExpectedResult: SAFE UltimateResult: SAFE   [ShortDescription: All specifications hold LongDescription: We were not able to verify any specifiation because the program does not contain any specification.]
2015-01-28_06-28-41-933 ### 212/300 ### Starting test for Input:LTL/rers/Problem18_prop_011.c Settings:settings/LtlSoftwareModelCheckingC.epf Toolchain:toolchains/LtlSoftwareModelCheckingC.xml
2015-01-28_06-49-19-673 Finishing test with UNKNOWN for Input:LTL/rers/Problem18_prop_011.c Settings:settings/LtlSoftwareModelCheckingC.epf Toolchain:toolchains/LtlSoftwareModelCheckingC.xml: TIMEOUT(Expected:UNSAFE): ExpectedResult: UNSAFE UltimateResult: TIMEOUT   [ShortDescription: Timeout LongDescription: Timeout while trying to prove G(A)]
2015-01-28_06-49-20-696 ### 213/300 ### Starting test for Input:LTL/rers/Problem18_prop_012.c Settings:settings/LtlSoftwareModelCheckingC.epf Toolchain:toolchains/LtlSoftwareModelCheckingC.xml
2015-01-28_07-09-35-594 Finishing test with UNKNOWN for Input:LTL/rers/Problem18_prop_012.c Settings:settings/LtlSoftwareModelCheckingC.epf Toolchain:toolchains/LtlSoftwareModelCheckingC.xml: TIMEOUT(Expected:UNSAFE): ExpectedResult: UNSAFE UltimateResult: TIMEOUT   [ShortDescription: Timeout LongDescription: Timeout while trying to prove (!(F(A)) || (B U (A || (C U (A || (B U (A || (C U (A || (D U A))))))))))]
2015-01-28_07-09-36-669 ### 214/300 ### Starting test for Input:LTL/rers/Problem18_prop_013.c Settings:settings/LtlSoftwareModelCheckingC.epf Toolchain:toolchains/LtlSoftwareModelCheckingC.xml
2015-01-28_07-22-14-882 Finishing test with FAIL for Input:LTL/rers/Problem18_prop_013.c Settings:settings/LtlSoftwareModelCheckingC.epf Toolchain:toolchains/LtlSoftwareModelCheckingC.xml: EXCEPTION_OR_ERROR(Expected:UNSAFE): ExpectedResult: UNSAFE UltimateResult: EXCEPTION_OR_ERROR   [de.uni_freiburg.informatik.ultimate.plugins.generator.buchiautomizer: OutOfMemoryError: GC overhead limit exceeded]
2015-01-28_07-22-15-697 ### 215/300 ### Starting test for Input:LTL/rers/Problem18_prop_014.c Settings:settings/LtlSoftwareModelCheckingC.epf Toolchain:toolchains/LtlSoftwareModelCheckingC.xml
2015-01-28_07-42-56-500 Finishing test with UNKNOWN for Input:LTL/rers/Problem18_prop_014.c Settings:settings/LtlSoftwareModelCheckingC.epf Toolchain:toolchains/LtlSoftwareModelCheckingC.xml: TIMEOUT(Expected:UNSAFE): ExpectedResult: UNSAFE UltimateResult: TIMEOUT   [ShortDescription: Timeout LongDescription: Timeout while trying to prove (!(F(A)) || (B U C))]
2015-01-28_07-42-57-469 ### 216/300 ### Starting test for Input:LTL/rers/Problem18_prop_015.c Settings:settings/LtlSoftwareModelCheckingC.epf Toolchain:toolchains/LtlSoftwareModelCheckingC.xml
2015-01-28_08-03-16-397 Finishing test with UNKNOWN for Input:LTL/rers/Problem18_prop_015.c Settings:settings/LtlSoftwareModelCheckingC.epf Toolchain:toolchains/LtlSoftwareModelCheckingC.xml: TIMEOUT(Expected:SAFE): ExpectedResult: SAFE UltimateResult: TIMEOUT   [ShortDescription: Timeout LongDescription: Timeout while trying to prove G((!((A && F(B))) || (C U B)))]
2015-01-28_08-03-17-541 ### 217/300 ### Starting test for Input:LTL/rers/Problem18_prop_016.c Settings:settings/LtlSoftwareModelCheckingC.epf Toolchain:toolchains/LtlSoftwareModelCheckingC.xml
2015-01-28_08-18-46-120 Finishing test with SUCCESS for Input:LTL/rers/Problem18_prop_016.c Settings:settings/LtlSoftwareModelCheckingC.epf Toolchain:toolchains/LtlSoftwareModelCheckingC.xml: SAFE(Expected:SAFE): ExpectedResult: SAFE UltimateResult: SAFE   [ShortDescription: All specifications hold LongDescription: We were not able to verify any specifiation because the program does not contain any specification.]
2015-01-28_08-18-47-382 ### 218/300 ### Starting test for Input:LTL/rers/Problem18_prop_017.c Settings:settings/LtlSoftwareModelCheckingC.epf Toolchain:toolchains/LtlSoftwareModelCheckingC.xml
2015-01-28_08-38-54-357 Finishing test with UNKNOWN for Input:LTL/rers/Problem18_prop_017.c Settings:settings/LtlSoftwareModelCheckingC.epf Toolchain:toolchains/LtlSoftwareModelCheckingC.xml: TIMEOUT(Expected:UNSAFE): ExpectedResult: UNSAFE UltimateResult: TIMEOUT   [ShortDescription: Timeout LongDescription: Timeout while trying to prove (!(F(A)) || (B U C))]
2015-01-28_08-38-55-411 ### 219/300 ### Starting test for Input:LTL/rers/Problem18_prop_018.c Settings:settings/LtlSoftwareModelCheckingC.epf Toolchain:toolchains/LtlSoftwareModelCheckingC.xml
2015-01-28_09-01-36-938 Finishing test with UNKNOWN for Input:LTL/rers/Problem18_prop_018.c Settings:settings/LtlSoftwareModelCheckingC.epf Toolchain:toolchains/LtlSoftwareModelCheckingC.xml: TIMEOUT(Expected:UNSAFE): ExpectedResult: UNSAFE UltimateResult: TIMEOUT   [ShortDescription: Timeout LongDescription: Timeout while trying to prove G((A || ((B U C) || G(B))))]
2015-01-28_09-01-37-923 ### 220/300 ### Starting test for Input:LTL/rers/Problem18_prop_019.c Settings:settings/LtlSoftwareModelCheckingC.epf Toolchain:toolchains/LtlSoftwareModelCheckingC.xml
2015-01-28_09-21-38-070 Finishing test with UNKNOWN for Input:LTL/rers/Problem18_prop_019.c Settings:settings/LtlSoftwareModelCheckingC.epf Toolchain:toolchains/LtlSoftwareModelCheckingC.xml: TIMEOUT(Expected:SAFE): ExpectedResult: SAFE UltimateResult: TIMEOUT   [ShortDescription: Timeout LongDescription: Timeout while trying to prove ((A U ((B U ((A U ((B U G(A)) || G(B))) || G(A))) || G(B))) || G(A))]
2015-01-28_09-21-38-937 ### 221/300 ### Starting test for Input:LTL/rers/Problem18_prop_020.c Settings:settings/LtlSoftwareModelCheckingC.epf Toolchain:toolchains/LtlSoftwareModelCheckingC.xml
2015-01-28_09-43-56-149 Finishing test with UNKNOWN for Input:LTL/rers/Problem18_prop_020.c Settings:settings/LtlSoftwareModelCheckingC.epf Toolchain:toolchains/LtlSoftwareModelCheckingC.xml: TIMEOUT(Expected:UNSAFE): ExpectedResult: UNSAFE UltimateResult: TIMEOUT   [ShortDescription: Timeout LongDescription: Timeout while trying to prove G((A || (B U C)))]
2015-01-28_09-43-57-333 ### 222/300 ### Starting test for Input:LTL/rers/Problem18_prop_021.c Settings:settings/LtlSoftwareModelCheckingC.epf Toolchain:toolchains/LtlSoftwareModelCheckingC.xml
2015-01-28_09-54-01-128 Finishing test with FAIL for Input:LTL/rers/Problem18_prop_021.c Settings:settings/LtlSoftwareModelCheckingC.epf Toolchain:toolchains/LtlSoftwareModelCheckingC.xml: EXCEPTION_OR_ERROR(Expected:UNSAFE): ExpectedResult: UNSAFE UltimateResult: EXCEPTION_OR_ERROR   [de.uni_freiburg.informatik.ultimate.plugins.generator.buchiautomizer: OutOfMemoryError: GC overhead limit exceeded]
2015-01-28_09-54-01-980 ### 223/300 ### Starting test for Input:LTL/rers/Problem18_prop_022.c Settings:settings/LtlSoftwareModelCheckingC.epf Toolchain:toolchains/LtlSoftwareModelCheckingC.xml
2015-01-28_09-58-47-560 Finishing test with SUCCESS for Input:LTL/rers/Problem18_prop_022.c Settings:settings/LtlSoftwareModelCheckingC.epf Toolchain:toolchains/LtlSoftwareModelCheckingC.xml: SAFE(Expected:SAFE): ExpectedResult: SAFE UltimateResult: SAFE   [ShortDescription: All specifications hold LongDescription: We were not able to verify any specifiation because the program does not contain any specification.]
2015-01-28_09-58-48-742 ### 224/300 ### Starting test for Input:LTL/rers/Problem18_prop_023.c Settings:settings/LtlSoftwareModelCheckingC.epf Toolchain:toolchains/LtlSoftwareModelCheckingC.xml
2015-01-28_10-19-10-647 Finishing test with UNKNOWN for Input:LTL/rers/Problem18_prop_023.c Settings:settings/LtlSoftwareModelCheckingC.epf Toolchain:toolchains/LtlSoftwareModelCheckingC.xml: TIMEOUT(Expected:UNSAFE): ExpectedResult: UNSAFE UltimateResult: TIMEOUT   [ShortDescription: Timeout LongDescription: Timeout while trying to prove ((A U B) || G(A))]
2015-01-28_10-19-11-793 ### 225/300 ### Starting test for Input:LTL/rers/Problem18_prop_024.c Settings:settings/LtlSoftwareModelCheckingC.epf Toolchain:toolchains/LtlSoftwareModelCheckingC.xml
2015-01-28_10-24-34-854 Finishing test with SUCCESS for Input:LTL/rers/Problem18_prop_024.c Settings:settings/LtlSoftwareModelCheckingC.epf Toolchain:toolchains/LtlSoftwareModelCheckingC.xml: SAFE(Expected:SAFE): ExpectedResult: SAFE UltimateResult: SAFE   [ShortDescription: All specifications hold LongDescription: We were not able to verify any specifiation because the program does not contain any specification.]
2015-01-28_10-24-36-300 ### 226/300 ### Starting test for Input:LTL/rers/Problem18_prop_025.c Settings:settings/LtlSoftwareModelCheckingC.epf Toolchain:toolchains/LtlSoftwareModelCheckingC.xml
2015-01-28_10-44-36-344 Finishing test with UNKNOWN for Input:LTL/rers/Problem18_prop_025.c Settings:settings/LtlSoftwareModelCheckingC.epf Toolchain:toolchains/LtlSoftwareModelCheckingC.xml: TIMEOUT(Expected:UNSAFE): ExpectedResult: UNSAFE UltimateResult: TIMEOUT   [ShortDescription: Timeout LongDescription: Timeout while trying to prove G((A || ((B U C) || G(B))))]
2015-01-28_10-44-37-680 ### 227/300 ### Starting test for Input:LTL/rers/Problem18_prop_026.c Settings:settings/LtlSoftwareModelCheckingC.epf Toolchain:toolchains/LtlSoftwareModelCheckingC.xml
2015-01-28_11-06-48-263 Finishing test with UNKNOWN for Input:LTL/rers/Problem18_prop_026.c Settings:settings/LtlSoftwareModelCheckingC.epf Toolchain:toolchains/LtlSoftwareModelCheckingC.xml: TIMEOUT(Expected:UNSAFE): ExpectedResult: UNSAFE UltimateResult: TIMEOUT   [ShortDescription: Timeout LongDescription: Timeout while trying to prove G((A || ((B U C) || G(B))))]
2015-01-28_11-06-49-519 ### 228/300 ### Starting test for Input:LTL/rers/Problem18_prop_027.c Settings:settings/LtlSoftwareModelCheckingC.epf Toolchain:toolchains/LtlSoftwareModelCheckingC.xml
2015-01-28_11-27-25-185 Finishing test with UNKNOWN for Input:LTL/rers/Problem18_prop_027.c Settings:settings/LtlSoftwareModelCheckingC.epf Toolchain:toolchains/LtlSoftwareModelCheckingC.xml: TIMEOUT(Expected:SAFE): ExpectedResult: SAFE UltimateResult: TIMEOUT   [ShortDescription: Timeout LongDescription: Timeout while trying to prove (!(F(A)) || (B U C))]
2015-01-28_11-27-26-278 ### 229/300 ### Starting test for Input:LTL/rers/Problem18_prop_028.c Settings:settings/LtlSoftwareModelCheckingC.epf Toolchain:toolchains/LtlSoftwareModelCheckingC.xml
2015-01-28_11-46-07-103 Finishing test with FAIL for Input:LTL/rers/Problem18_prop_028.c Settings:settings/LtlSoftwareModelCheckingC.epf Toolchain:toolchains/LtlSoftwareModelCheckingC.xml: EXCEPTION_OR_ERROR(Expected:UNSAFE): ExpectedResult: UNSAFE UltimateResult: EXCEPTION_OR_ERROR   [de.uni_freiburg.informatik.ultimate.plugins.generator.buchiautomizer: OutOfMemoryError: Java heap space]
2015-01-28_11-46-07-986 ### 230/300 ### Starting test for Input:LTL/rers/Problem18_prop_029.c Settings:settings/LtlSoftwareModelCheckingC.epf Toolchain:toolchains/LtlSoftwareModelCheckingC.xml
2015-01-28_12-06-08-568 Finishing test with UNKNOWN for Input:LTL/rers/Problem18_prop_029.c Settings:settings/LtlSoftwareModelCheckingC.epf Toolchain:toolchains/LtlSoftwareModelCheckingC.xml: TIMEOUT(Expected:SAFE): ExpectedResult: SAFE UltimateResult: TIMEOUT   [ShortDescription: Timeout LongDescription: Timeout while trying to prove G((!((A && F(B))) || (C U B)))]
2015-01-28_12-06-09-524 ### 231/300 ### Starting test for Input:LTL/rers/Problem18_prop_030.c Settings:settings/LtlSoftwareModelCheckingC.epf Toolchain:toolchains/LtlSoftwareModelCheckingC.xml
2015-01-28_12-26-43-574 Finishing test with UNKNOWN for Input:LTL/rers/Problem18_prop_030.c Settings:settings/LtlSoftwareModelCheckingC.epf Toolchain:toolchains/LtlSoftwareModelCheckingC.xml: TIMEOUT(Expected:SAFE): ExpectedResult: SAFE UltimateResult: TIMEOUT   [ShortDescription: Timeout LongDescription: Timeout while trying to prove G((!((A && F(B))) || (C U B)))]
2015-01-28_12-26-44-781 ### 232/300 ### Starting test for Input:LTL/rers/Problem18_prop_031.c Settings:settings/LtlSoftwareModelCheckingC.epf Toolchain:toolchains/LtlSoftwareModelCheckingC.xml
2015-01-28_12-46-44-854 Finishing test with UNKNOWN for Input:LTL/rers/Problem18_prop_031.c Settings:settings/LtlSoftwareModelCheckingC.epf Toolchain:toolchains/LtlSoftwareModelCheckingC.xml: TIMEOUT(Expected:SAFE): ExpectedResult: SAFE UltimateResult: TIMEOUT   [ShortDescription: Timeout LongDescription: Timeout while trying to prove G((A || ((B U C) || G(B))))]
2015-01-28_12-46-46-053 ### 233/300 ### Starting test for Input:LTL/rers/Problem18_prop_032.c Settings:settings/LtlSoftwareModelCheckingC.epf Toolchain:toolchains/LtlSoftwareModelCheckingC.xml
2015-01-28_13-08-23-323 Finishing test with UNKNOWN for Input:LTL/rers/Problem18_prop_032.c Settings:settings/LtlSoftwareModelCheckingC.epf Toolchain:toolchains/LtlSoftwareModelCheckingC.xml: TIMEOUT(Expected:UNSAFE): ExpectedResult: UNSAFE UltimateResult: TIMEOUT   [ShortDescription: Timeout LongDescription: Timeout while trying to prove G((!((A && F(B))) || (C U B)))]
2015-01-28_13-08-24-563 ### 234/300 ### Starting test for Input:LTL/rers/Problem18_prop_033.c Settings:settings/LtlSoftwareModelCheckingC.epf Toolchain:toolchains/LtlSoftwareModelCheckingC.xml
2015-01-28_13-29-01-080 Finishing test with UNKNOWN for Input:LTL/rers/Problem18_prop_033.c Settings:settings/LtlSoftwareModelCheckingC.epf Toolchain:toolchains/LtlSoftwareModelCheckingC.xml: TIMEOUT(Expected:UNSAFE): ExpectedResult: UNSAFE UltimateResult: TIMEOUT   [ShortDescription: Timeout LongDescription: Timeout while trying to prove G(A)]
2015-01-28_13-29-02-149 ### 235/300 ### Starting test for Input:LTL/rers/Problem18_prop_034.c Settings:settings/LtlSoftwareModelCheckingC.epf Toolchain:toolchains/LtlSoftwareModelCheckingC.xml
2015-01-28_13-49-02-193 Finishing test with UNKNOWN for Input:LTL/rers/Problem18_prop_034.c Settings:settings/LtlSoftwareModelCheckingC.epf Toolchain:toolchains/LtlSoftwareModelCheckingC.xml: TIMEOUT(Expected:SAFE): ExpectedResult: SAFE UltimateResult: TIMEOUT   [ShortDescription: Timeout LongDescription: Timeout while trying to prove G((A || G(B)))]
2015-01-28_13-49-03-388 ### 236/300 ### Starting test for Input:LTL/rers/Problem18_prop_035.c Settings:settings/LtlSoftwareModelCheckingC.epf Toolchain:toolchains/LtlSoftwareModelCheckingC.xml
2015-01-28_13-54-05-082 Finishing test with SUCCESS for Input:LTL/rers/Problem18_prop_035.c Settings:settings/LtlSoftwareModelCheckingC.epf Toolchain:toolchains/LtlSoftwareModelCheckingC.xml: SAFE(Expected:SAFE): ExpectedResult: SAFE UltimateResult: SAFE   [ShortDescription: All specifications hold LongDescription: We were not able to verify any specifiation because the program does not contain any specification.]
2015-01-28_13-54-06-067 ### 237/300 ### Starting test for Input:LTL/rers/Problem18_prop_036.c Settings:settings/LtlSoftwareModelCheckingC.epf Toolchain:toolchains/LtlSoftwareModelCheckingC.xml
2015-01-28_14-17-29-615 Finishing test with UNKNOWN for Input:LTL/rers/Problem18_prop_036.c Settings:settings/LtlSoftwareModelCheckingC.epf Toolchain:toolchains/LtlSoftwareModelCheckingC.xml: TIMEOUT(Expected:SAFE): ExpectedResult: SAFE UltimateResult: TIMEOUT   [ShortDescription: Timeout LongDescription: Timeout while trying to prove G((!((A && F(B))) || (C U B)))]
2015-01-28_14-17-30-718 ### 238/300 ### Starting test for Input:LTL/rers/Problem18_prop_037.c Settings:settings/LtlSoftwareModelCheckingC.epf Toolchain:toolchains/LtlSoftwareModelCheckingC.xml
2015-01-28_14-37-30-762 Finishing test with UNKNOWN for Input:LTL/rers/Problem18_prop_037.c Settings:settings/LtlSoftwareModelCheckingC.epf Toolchain:toolchains/LtlSoftwareModelCheckingC.xml: TIMEOUT(Expected:UNSAFE): ExpectedResult: UNSAFE UltimateResult: TIMEOUT   [ShortDescription: Timeout LongDescription: Timeout while trying to prove (G(A) || F((B && F(C))))]
2015-01-28_14-37-32-010 ### 239/300 ### Starting test for Input:LTL/rers/Problem18_prop_038.c Settings:settings/LtlSoftwareModelCheckingC.epf Toolchain:toolchains/LtlSoftwareModelCheckingC.xml
2015-01-28_14-42-39-216 Finishing test with SUCCESS for Input:LTL/rers/Problem18_prop_038.c Settings:settings/LtlSoftwareModelCheckingC.epf Toolchain:toolchains/LtlSoftwareModelCheckingC.xml: SAFE(Expected:SAFE): ExpectedResult: SAFE UltimateResult: SAFE   [ShortDescription: All specifications hold LongDescription: We were not able to verify any specifiation because the program does not contain any specification.]
2015-01-28_14-42-40-218 ### 240/300 ### Starting test for Input:LTL/rers/Problem18_prop_039.c Settings:settings/LtlSoftwareModelCheckingC.epf Toolchain:toolchains/LtlSoftwareModelCheckingC.xml
2015-01-28_14-47-26-834 Finishing test with SUCCESS for Input:LTL/rers/Problem18_prop_039.c Settings:settings/LtlSoftwareModelCheckingC.epf Toolchain:toolchains/LtlSoftwareModelCheckingC.xml: SAFE(Expected:SAFE): ExpectedResult: SAFE UltimateResult: SAFE   [ShortDescription: All specifications hold LongDescription: We were not able to verify any specifiation because the program does not contain any specification.]
2015-01-28_14-47-27-814 ### 241/300 ### Starting test for Input:LTL/rers/Problem18_prop_040.c Settings:settings/LtlSoftwareModelCheckingC.epf Toolchain:toolchains/LtlSoftwareModelCheckingC.xml
2015-01-28_15-01-58-025 Finishing test with SUCCESS for Input:LTL/rers/Problem18_prop_040.c Settings:settings/LtlSoftwareModelCheckingC.epf Toolchain:toolchains/LtlSoftwareModelCheckingC.xml: SAFE(Expected:SAFE): ExpectedResult: SAFE UltimateResult: SAFE   [ShortDescription: All specifications hold LongDescription: We were not able to verify any specifiation because the program does not contain any specification.]
2015-01-28_15-01-59-210 ### 242/300 ### Starting test for Input:LTL/rers/Problem18_prop_041.c Settings:settings/LtlSoftwareModelCheckingC.epf Toolchain:toolchains/LtlSoftwareModelCheckingC.xml
2015-01-28_15-27-58-190 Finishing test with FAIL for Input:LTL/rers/Problem18_prop_041.c Settings:settings/LtlSoftwareModelCheckingC.epf Toolchain:toolchains/LtlSoftwareModelCheckingC.xml: EXCEPTION_OR_ERROR(Expected:UNSAFE): ExpectedResult: UNSAFE UltimateResult: EXCEPTION_OR_ERROR   [de.uni_freiburg.informatik.ultimate.plugins.generator.buchiautomizer: OutOfMemoryError: Java heap space]
2015-01-28_15-27-59-144 ### 243/300 ### Starting test for Input:LTL/rers/Problem18_prop_042.c Settings:settings/LtlSoftwareModelCheckingC.epf Toolchain:toolchains/LtlSoftwareModelCheckingC.xml
2015-01-28_15-57-32-922 Finishing test with UNKNOWN for Input:LTL/rers/Problem18_prop_042.c Settings:settings/LtlSoftwareModelCheckingC.epf Toolchain:toolchains/LtlSoftwareModelCheckingC.xml: TIMEOUT(Expected:UNSAFE): ExpectedResult: UNSAFE UltimateResult: TIMEOUT   [ShortDescription: Timeout LongDescription: Timeout while trying to prove G((A || (B U C)))]
2015-01-28_15-57-34-017 ### 244/300 ### Starting test for Input:LTL/rers/Problem18_prop_043.c Settings:settings/LtlSoftwareModelCheckingC.epf Toolchain:toolchains/LtlSoftwareModelCheckingC.xml
2015-01-28_16-02-19-774 Finishing test with SUCCESS for Input:LTL/rers/Problem18_prop_043.c Settings:settings/LtlSoftwareModelCheckingC.epf Toolchain:toolchains/LtlSoftwareModelCheckingC.xml: SAFE(Expected:SAFE): ExpectedResult: SAFE UltimateResult: SAFE   [ShortDescription: All specifications hold LongDescription: We were not able to verify any specifiation because the program does not contain any specification.]
2015-01-28_16-02-21-124 ### 245/300 ### Starting test for Input:LTL/rers/Problem18_prop_044.c Settings:settings/LtlSoftwareModelCheckingC.epf Toolchain:toolchains/LtlSoftwareModelCheckingC.xml
2015-01-28_16-22-38-042 Finishing test with UNKNOWN for Input:LTL/rers/Problem18_prop_044.c Settings:settings/LtlSoftwareModelCheckingC.epf Toolchain:toolchains/LtlSoftwareModelCheckingC.xml: TIMEOUT(Expected:SAFE): ExpectedResult: SAFE UltimateResult: TIMEOUT   [ShortDescription: Timeout LongDescription: Timeout while trying to prove G((!((A && F(B))) || (C U B)))]
2015-01-28_16-22-39-212 ### 246/300 ### Starting test for Input:LTL/rers/Problem18_prop_045.c Settings:settings/LtlSoftwareModelCheckingC.epf Toolchain:toolchains/LtlSoftwareModelCheckingC.xml
2015-01-28_16-45-03-264 Finishing test with UNKNOWN for Input:LTL/rers/Problem18_prop_045.c Settings:settings/LtlSoftwareModelCheckingC.epf Toolchain:toolchains/LtlSoftwareModelCheckingC.xml: TIMEOUT(Expected:UNSAFE): ExpectedResult: UNSAFE UltimateResult: TIMEOUT   [ShortDescription: Timeout LongDescription: Timeout while trying to prove G((A || ((B U C) || G(B))))]
2015-01-28_16-45-04-311 ### 247/300 ### Starting test for Input:LTL/rers/Problem18_prop_046.c Settings:settings/LtlSoftwareModelCheckingC.epf Toolchain:toolchains/LtlSoftwareModelCheckingC.xml
2015-01-28_17-08-32-669 Finishing test with UNKNOWN for Input:LTL/rers/Problem18_prop_046.c Settings:settings/LtlSoftwareModelCheckingC.epf Toolchain:toolchains/LtlSoftwareModelCheckingC.xml: TIMEOUT(Expected:UNSAFE): ExpectedResult: UNSAFE UltimateResult: TIMEOUT   [ShortDescription: Timeout LongDescription: Timeout while trying to prove G((A || ((B U C) || G(B))))]
2015-01-28_17-08-33-923 ### 248/300 ### Starting test for Input:LTL/rers/Problem18_prop_047.c Settings:settings/LtlSoftwareModelCheckingC.epf Toolchain:toolchains/LtlSoftwareModelCheckingC.xml
2015-01-28_17-45-10-665 Finishing test with FAIL for Input:LTL/rers/Problem18_prop_047.c Settings:settings/LtlSoftwareModelCheckingC.epf Toolchain:toolchains/LtlSoftwareModelCheckingC.xml: EXCEPTION_OR_ERROR(Expected:SAFE): ExpectedResult: SAFE UltimateResult: EXCEPTION_OR_ERROR   [de.uni_freiburg.informatik.ultimate.plugins.generator.buchiautomizer: OutOfMemoryError: Java heap space]
2015-01-28_17-45-11-604 ### 249/300 ### Starting test for Input:LTL/rers/Problem18_prop_048.c Settings:settings/LtlSoftwareModelCheckingC.epf Toolchain:toolchains/LtlSoftwareModelCheckingC.xml
2015-01-28_18-05-11-656 Finishing test with UNKNOWN for Input:LTL/rers/Problem18_prop_048.c Settings:settings/LtlSoftwareModelCheckingC.epf Toolchain:toolchains/LtlSoftwareModelCheckingC.xml: TIMEOUT(Expected:SAFE): ExpectedResult: SAFE UltimateResult: TIMEOUT   [ShortDescription: Timeout LongDescription: Timeout while trying to prove G((A || ((B U C) || G(B))))]
2015-01-28_18-05-12-988 ### 250/300 ### Starting test for Input:LTL/rers/Problem18_prop_049.c Settings:settings/LtlSoftwareModelCheckingC.epf Toolchain:toolchains/LtlSoftwareModelCheckingC.xml
2015-01-28_18-25-13-030 Finishing test with UNKNOWN for Input:LTL/rers/Problem18_prop_049.c Settings:settings/LtlSoftwareModelCheckingC.epf Toolchain:toolchains/LtlSoftwareModelCheckingC.xml: TIMEOUT(Expected:UNSAFE): ExpectedResult: UNSAFE UltimateResult: TIMEOUT   [ShortDescription: Timeout LongDescription: Timeout while trying to prove G((A || ((B U C) || G(B))))]
2015-01-28_18-25-14-369 ### 251/300 ### Starting test for Input:LTL/rers/Problem19_prop_000.c Settings:settings/LtlSoftwareModelCheckingC.epf Toolchain:toolchains/LtlSoftwareModelCheckingC.xml
2015-01-28_18-48-14-208 Finishing test with UNKNOWN for Input:LTL/rers/Problem19_prop_000.c Settings:settings/LtlSoftwareModelCheckingC.epf Toolchain:toolchains/LtlSoftwareModelCheckingC.xml: TIMEOUT(Expected:SAFE): ExpectedResult: SAFE UltimateResult: TIMEOUT   [ShortDescription: Timeout LongDescription: Timeout while trying to prove G((A || ((B U C) || G(B))))]
2015-01-28_18-48-15-284 ### 252/300 ### Starting test for Input:LTL/rers/Problem19_prop_001.c Settings:settings/LtlSoftwareModelCheckingC.epf Toolchain:toolchains/LtlSoftwareModelCheckingC.xml
2015-01-28_19-10-00-578 Finishing test with UNKNOWN for Input:LTL/rers/Problem19_prop_001.c Settings:settings/LtlSoftwareModelCheckingC.epf Toolchain:toolchains/LtlSoftwareModelCheckingC.xml: TIMEOUT(Expected:SAFE): ExpectedResult: SAFE UltimateResult: TIMEOUT   [ShortDescription: Timeout LongDescription: Timeout while trying to prove G((A || F(B)))]
2015-01-28_19-10-01-812 ### 253/300 ### Starting test for Input:LTL/rers/Problem19_prop_002.c Settings:settings/LtlSoftwareModelCheckingC.epf Toolchain:toolchains/LtlSoftwareModelCheckingC.xml
2015-01-28_19-33-01-599 Finishing test with UNKNOWN for Input:LTL/rers/Problem19_prop_002.c Settings:settings/LtlSoftwareModelCheckingC.epf Toolchain:toolchains/LtlSoftwareModelCheckingC.xml: TIMEOUT(Expected:SAFE): ExpectedResult: SAFE UltimateResult: TIMEOUT   [ShortDescription: Timeout LongDescription: Timeout while trying to prove G((A || F(B)))]
2015-01-28_19-33-02-890 ### 254/300 ### Starting test for Input:LTL/rers/Problem19_prop_003.c Settings:settings/LtlSoftwareModelCheckingC.epf Toolchain:toolchains/LtlSoftwareModelCheckingC.xml
2015-01-28_19-54-09-063 Finishing test with UNKNOWN for Input:LTL/rers/Problem19_prop_003.c Settings:settings/LtlSoftwareModelCheckingC.epf Toolchain:toolchains/LtlSoftwareModelCheckingC.xml: TIMEOUT(Expected:SAFE): ExpectedResult: SAFE UltimateResult: TIMEOUT   [ShortDescription: Timeout LongDescription: Timeout while trying to prove ((A U B) || G(A))]
2015-01-28_19-54-10-312 ### 255/300 ### Starting test for Input:LTL/rers/Problem19_prop_004.c Settings:settings/LtlSoftwareModelCheckingC.epf Toolchain:toolchains/LtlSoftwareModelCheckingC.xml
2015-01-28_20-15-19-798 Finishing test with UNKNOWN for Input:LTL/rers/Problem19_prop_004.c Settings:settings/LtlSoftwareModelCheckingC.epf Toolchain:toolchains/LtlSoftwareModelCheckingC.xml: TIMEOUT(Expected:SAFE): ExpectedResult: SAFE UltimateResult: TIMEOUT   [ShortDescription: Timeout LongDescription: Timeout while trying to prove G((A || ((B U C) || G(B))))]
2015-01-28_20-15-21-108 ### 256/300 ### Starting test for Input:LTL/rers/Problem19_prop_005.c Settings:settings/LtlSoftwareModelCheckingC.epf Toolchain:toolchains/LtlSoftwareModelCheckingC.xml
2015-01-28_20-35-47-414 Finishing test with UNKNOWN for Input:LTL/rers/Problem19_prop_005.c Settings:settings/LtlSoftwareModelCheckingC.epf Toolchain:toolchains/LtlSoftwareModelCheckingC.xml: TIMEOUT(Expected:SAFE): ExpectedResult: SAFE UltimateResult: TIMEOUT   [ShortDescription: Timeout LongDescription: Timeout while trying to prove G((!((A && F(B))) || (C U B)))]
2015-01-28_20-35-48-377 ### 257/300 ### Starting test for Input:LTL/rers/Problem19_prop_006.c Settings:settings/LtlSoftwareModelCheckingC.epf Toolchain:toolchains/LtlSoftwareModelCheckingC.xml
2015-01-28_20-56-59-971 Finishing test with UNKNOWN for Input:LTL/rers/Problem19_prop_006.c Settings:settings/LtlSoftwareModelCheckingC.epf Toolchain:toolchains/LtlSoftwareModelCheckingC.xml: TIMEOUT(Expected:SAFE): ExpectedResult: SAFE UltimateResult: TIMEOUT   [ShortDescription: Timeout LongDescription: Timeout while trying to prove (!(F(A)) || (B U C))]
2015-01-28_20-57-01-077 ### 258/300 ### Starting test for Input:LTL/rers/Problem19_prop_007.c Settings:settings/LtlSoftwareModelCheckingC.epf Toolchain:toolchains/LtlSoftwareModelCheckingC.xml
2015-01-28_21-17-01-129 Finishing test with UNKNOWN for Input:LTL/rers/Problem19_prop_007.c Settings:settings/LtlSoftwareModelCheckingC.epf Toolchain:toolchains/LtlSoftwareModelCheckingC.xml: TIMEOUT(Expected:UNSAFE): ExpectedResult: UNSAFE UltimateResult: TIMEOUT   [ShortDescription: Timeout LongDescription: Timeout while trying to prove ((A U B) || G(A))]
2015-01-28_21-17-02-551 ### 259/300 ### Starting test for Input:LTL/rers/Problem19_prop_008.c Settings:settings/LtlSoftwareModelCheckingC.epf Toolchain:toolchains/LtlSoftwareModelCheckingC.xml
2015-01-28_21-38-40-366 Finishing test with UNKNOWN for Input:LTL/rers/Problem19_prop_008.c Settings:settings/LtlSoftwareModelCheckingC.epf Toolchain:toolchains/LtlSoftwareModelCheckingC.xml: TIMEOUT(Expected:SAFE): ExpectedResult: SAFE UltimateResult: TIMEOUT   [ShortDescription: Timeout LongDescription: Timeout while trying to prove G(A)]
2015-01-28_21-38-42-507 ### 260/300 ### Starting test for Input:LTL/rers/Problem19_prop_009.c Settings:settings/LtlSoftwareModelCheckingC.epf Toolchain:toolchains/LtlSoftwareModelCheckingC.xml
2015-01-28_21-59-25-822 Finishing test with UNKNOWN for Input:LTL/rers/Problem19_prop_009.c Settings:settings/LtlSoftwareModelCheckingC.epf Toolchain:toolchains/LtlSoftwareModelCheckingC.xml: TIMEOUT(Expected:UNSAFE): ExpectedResult: UNSAFE UltimateResult: TIMEOUT   [ShortDescription: Timeout LongDescription: Timeout while trying to prove G(A)]
2015-01-28_21-59-27-114 ### 261/300 ### Starting test for Input:LTL/rers/Problem19_prop_010.c Settings:settings/LtlSoftwareModelCheckingC.epf Toolchain:toolchains/LtlSoftwareModelCheckingC.xml
2015-01-28_22-29-44-185 Finishing test with UNKNOWN for Input:LTL/rers/Problem19_prop_010.c Settings:settings/LtlSoftwareModelCheckingC.epf Toolchain:toolchains/LtlSoftwareModelCheckingC.xml: TIMEOUT(Expected:UNSAFE): ExpectedResult: UNSAFE UltimateResult: TIMEOUT   [ShortDescription: Timeout LongDescription: Timeout while trying to prove G((A || (B U C)))]
2015-01-28_22-29-45-408 ### 262/300 ### Starting test for Input:LTL/rers/Problem19_prop_011.c Settings:settings/LtlSoftwareModelCheckingC.epf Toolchain:toolchains/LtlSoftwareModelCheckingC.xml
2015-01-29_00-37-40-901 Finishing test with FAIL for Input:LTL/rers/Problem19_prop_011.c Settings:settings/LtlSoftwareModelCheckingC.epf Toolchain:toolchains/LtlSoftwareModelCheckingC.xml: EXCEPTION_OR_ERROR(Expected:SAFE): ExpectedResult: SAFE UltimateResult: EXCEPTION_OR_ERROR   [de.uni_freiburg.informatik.ultimate.plugins.generator.buchiautomizer: OutOfMemoryError: Java heap space]
2015-01-29_00-37-41-900 ### 263/300 ### Starting test for Input:LTL/rers/Problem19_prop_012.c Settings:settings/LtlSoftwareModelCheckingC.epf Toolchain:toolchains/LtlSoftwareModelCheckingC.xml
2015-01-29_00-51-17-822 Finishing test with FAIL for Input:LTL/rers/Problem19_prop_012.c Settings:settings/LtlSoftwareModelCheckingC.epf Toolchain:toolchains/LtlSoftwareModelCheckingC.xml: EXCEPTION_OR_ERROR(Expected:SAFE): ExpectedResult: SAFE UltimateResult: EXCEPTION_OR_ERROR   [de.uni_freiburg.informatik.ultimate.plugins.generator.buchiautomizer: OutOfMemoryError: GC overhead limit exceeded]
2015-01-29_00-51-18-810 ### 264/300 ### Starting test for Input:LTL/rers/Problem19_prop_013.c Settings:settings/LtlSoftwareModelCheckingC.epf Toolchain:toolchains/LtlSoftwareModelCheckingC.xml
2015-01-29_01-12-31-615 Finishing test with UNKNOWN for Input:LTL/rers/Problem19_prop_013.c Settings:settings/LtlSoftwareModelCheckingC.epf Toolchain:toolchains/LtlSoftwareModelCheckingC.xml: TIMEOUT(Expected:SAFE): ExpectedResult: SAFE UltimateResult: TIMEOUT   [ShortDescription: Timeout LongDescription: Timeout while trying to prove G((A || F(B)))]
2015-01-29_01-12-32-774 ### 265/300 ### Starting test for Input:LTL/rers/Problem19_prop_014.c Settings:settings/LtlSoftwareModelCheckingC.epf Toolchain:toolchains/LtlSoftwareModelCheckingC.xml
2015-01-29_01-27-02-601 Finishing test with FAIL for Input:LTL/rers/Problem19_prop_014.c Settings:settings/LtlSoftwareModelCheckingC.epf Toolchain:toolchains/LtlSoftwareModelCheckingC.xml: EXCEPTION_OR_ERROR(Expected:UNSAFE): ExpectedResult: UNSAFE UltimateResult: EXCEPTION_OR_ERROR   [de.uni_freiburg.informatik.ultimate.plugins.generator.buchiautomizer: OutOfMemoryError: GC overhead limit exceeded]
2015-01-29_01-27-03-599 ### 266/300 ### Starting test for Input:LTL/rers/Problem19_prop_015.c Settings:settings/LtlSoftwareModelCheckingC.epf Toolchain:toolchains/LtlSoftwareModelCheckingC.xml
2015-01-29_01-48-30-274 Finishing test with UNKNOWN for Input:LTL/rers/Problem19_prop_015.c Settings:settings/LtlSoftwareModelCheckingC.epf Toolchain:toolchains/LtlSoftwareModelCheckingC.xml: TIMEOUT(Expected:SAFE): ExpectedResult: SAFE UltimateResult: TIMEOUT   [ShortDescription: Timeout LongDescription: Timeout while trying to prove G((!((A && F(B))) || (C U B)))]
2015-01-29_01-48-31-605 ### 267/300 ### Starting test for Input:LTL/rers/Problem19_prop_016.c Settings:settings/LtlSoftwareModelCheckingC.epf Toolchain:toolchains/LtlSoftwareModelCheckingC.xml
2015-01-29_02-11-05-549 Finishing test with UNKNOWN for Input:LTL/rers/Problem19_prop_016.c Settings:settings/LtlSoftwareModelCheckingC.epf Toolchain:toolchains/LtlSoftwareModelCheckingC.xml: TIMEOUT(Expected:UNSAFE): ExpectedResult: UNSAFE UltimateResult: TIMEOUT   [ShortDescription: Timeout LongDescription: Timeout while trying to prove (G(A) || F((B && F(C))))]
2015-01-29_02-11-06-760 ### 268/300 ### Starting test for Input:LTL/rers/Problem19_prop_017.c Settings:settings/LtlSoftwareModelCheckingC.epf Toolchain:toolchains/LtlSoftwareModelCheckingC.xml
2015-01-29_02-25-44-731 Finishing test with FAIL for Input:LTL/rers/Problem19_prop_017.c Settings:settings/LtlSoftwareModelCheckingC.epf Toolchain:toolchains/LtlSoftwareModelCheckingC.xml: EXCEPTION_OR_ERROR(Expected:UNSAFE): ExpectedResult: UNSAFE UltimateResult: EXCEPTION_OR_ERROR   [de.uni_freiburg.informatik.ultimate.plugins.generator.buchiautomizer: OutOfMemoryError: GC overhead limit exceeded]
2015-01-29_02-25-45-744 ### 269/300 ### Starting test for Input:LTL/rers/Problem19_prop_018.c Settings:settings/LtlSoftwareModelCheckingC.epf Toolchain:toolchains/LtlSoftwareModelCheckingC.xml
2015-01-29_02-46-44-331 Finishing test with UNKNOWN for Input:LTL/rers/Problem19_prop_018.c Settings:settings/LtlSoftwareModelCheckingC.epf Toolchain:toolchains/LtlSoftwareModelCheckingC.xml: TIMEOUT(Expected:UNSAFE): ExpectedResult: UNSAFE UltimateResult: TIMEOUT   [ShortDescription: Timeout LongDescription: Timeout while trying to prove G((A || F(B)))]
2015-01-29_02-46-45-541 ### 270/300 ### Starting test for Input:LTL/rers/Problem19_prop_019.c Settings:settings/LtlSoftwareModelCheckingC.epf Toolchain:toolchains/LtlSoftwareModelCheckingC.xml
2015-01-29_03-10-43-466 Finishing test with UNKNOWN for Input:LTL/rers/Problem19_prop_019.c Settings:settings/LtlSoftwareModelCheckingC.epf Toolchain:toolchains/LtlSoftwareModelCheckingC.xml: TIMEOUT(Expected:SAFE): ExpectedResult: SAFE UltimateResult: TIMEOUT   [ShortDescription: Timeout LongDescription: Timeout while trying to prove (!(F(A)) || (B U C))]
2015-01-29_03-10-44-676 ### 271/300 ### Starting test for Input:LTL/rers/Problem19_prop_020.c Settings:settings/LtlSoftwareModelCheckingC.epf Toolchain:toolchains/LtlSoftwareModelCheckingC.xml
2015-01-29_03-25-07-942 Finishing test with FAIL for Input:LTL/rers/Problem19_prop_020.c Settings:settings/LtlSoftwareModelCheckingC.epf Toolchain:toolchains/LtlSoftwareModelCheckingC.xml: EXCEPTION_OR_ERROR(Expected:SAFE): ExpectedResult: SAFE UltimateResult: EXCEPTION_OR_ERROR   [de.uni_freiburg.informatik.ultimate.plugins.generator.buchiautomizer: OutOfMemoryError: GC overhead limit exceeded]
2015-01-29_03-25-09-028 ### 272/300 ### Starting test for Input:LTL/rers/Problem19_prop_021.c Settings:settings/LtlSoftwareModelCheckingC.epf Toolchain:toolchains/LtlSoftwareModelCheckingC.xml
2015-01-29_03-46-03-385 Finishing test with UNKNOWN for Input:LTL/rers/Problem19_prop_021.c Settings:settings/LtlSoftwareModelCheckingC.epf Toolchain:toolchains/LtlSoftwareModelCheckingC.xml: TIMEOUT(Expected:SAFE): ExpectedResult: SAFE UltimateResult: TIMEOUT   [ShortDescription: Timeout LongDescription: Timeout while trying to prove G(A)]
2015-01-29_03-46-04-759 ### 273/300 ### Starting test for Input:LTL/rers/Problem19_prop_022.c Settings:settings/LtlSoftwareModelCheckingC.epf Toolchain:toolchains/LtlSoftwareModelCheckingC.xml
2015-01-29_04-01-56-598 Finishing test with FAIL for Input:LTL/rers/Problem19_prop_022.c Settings:settings/LtlSoftwareModelCheckingC.epf Toolchain:toolchains/LtlSoftwareModelCheckingC.xml: EXCEPTION_OR_ERROR(Expected:SAFE): ExpectedResult: SAFE UltimateResult: EXCEPTION_OR_ERROR   [de.uni_freiburg.informatik.ultimate.plugins.generator.buchiautomizer: OutOfMemoryError: GC overhead limit exceeded]
2015-01-29_04-01-58-318 ### 274/300 ### Starting test for Input:LTL/rers/Problem19_prop_023.c Settings:settings/LtlSoftwareModelCheckingC.epf Toolchain:toolchains/LtlSoftwareModelCheckingC.xml
2015-01-29_04-15-02-175 Finishing test with FAIL for Input:LTL/rers/Problem19_prop_023.c Settings:settings/LtlSoftwareModelCheckingC.epf Toolchain:toolchains/LtlSoftwareModelCheckingC.xml: EXCEPTION_OR_ERROR(Expected:UNSAFE): ExpectedResult: UNSAFE UltimateResult: EXCEPTION_OR_ERROR   [de.uni_freiburg.informatik.ultimate.plugins.generator.buchiautomizer: OutOfMemoryError: GC overhead limit exceeded]
2015-01-29_04-15-03-416 ### 275/300 ### Starting test for Input:LTL/rers/Problem19_prop_024.c Settings:settings/LtlSoftwareModelCheckingC.epf Toolchain:toolchains/LtlSoftwareModelCheckingC.xml
2015-01-29_04-30-27-991 Finishing test with FAIL for Input:LTL/rers/Problem19_prop_024.c Settings:settings/LtlSoftwareModelCheckingC.epf Toolchain:toolchains/LtlSoftwareModelCheckingC.xml: EXCEPTION_OR_ERROR(Expected:UNSAFE): ExpectedResult: UNSAFE UltimateResult: EXCEPTION_OR_ERROR   [de.uni_freiburg.informatik.ultimate.plugins.generator.buchiautomizer: OutOfMemoryError: GC overhead limit exceeded]
2015-01-29_04-30-29-009 ### 276/300 ### Starting test for Input:LTL/rers/Problem19_prop_025.c Settings:settings/LtlSoftwareModelCheckingC.epf Toolchain:toolchains/LtlSoftwareModelCheckingC.xml
2015-01-29_04-50-29-061 Finishing test with UNKNOWN for Input:LTL/rers/Problem19_prop_025.c Settings:settings/LtlSoftwareModelCheckingC.epf Toolchain:toolchains/LtlSoftwareModelCheckingC.xml: TIMEOUT(Expected:UNSAFE): ExpectedResult: UNSAFE UltimateResult: TIMEOUT   [ShortDescription: Timeout LongDescription: Timeout while trying to prove G((A || F(B)))]
2015-01-29_04-50-30-517 ### 277/300 ### Starting test for Input:LTL/rers/Problem19_prop_026.c Settings:settings/LtlSoftwareModelCheckingC.epf Toolchain:toolchains/LtlSoftwareModelCheckingC.xml
2015-01-29_05-12-55-762 Finishing test with FAIL for Input:LTL/rers/Problem19_prop_026.c Settings:settings/LtlSoftwareModelCheckingC.epf Toolchain:toolchains/LtlSoftwareModelCheckingC.xml: EXCEPTION_OR_ERROR(Expected:SAFE): ExpectedResult: SAFE UltimateResult: EXCEPTION_OR_ERROR   [de.uni_freiburg.informatik.ultimate.plugins.generator.buchiautomizer: OutOfMemoryError: GC overhead limit exceeded]
2015-01-29_05-12-56-793 ### 278/300 ### Starting test for Input:LTL/rers/Problem19_prop_027.c Settings:settings/LtlSoftwareModelCheckingC.epf Toolchain:toolchains/LtlSoftwareModelCheckingC.xml
2015-01-29_05-27-23-100 Finishing test with FAIL for Input:LTL/rers/Problem19_prop_027.c Settings:settings/LtlSoftwareModelCheckingC.epf Toolchain:toolchains/LtlSoftwareModelCheckingC.xml: EXCEPTION_OR_ERROR(Expected:SAFE): ExpectedResult: SAFE UltimateResult: EXCEPTION_OR_ERROR   [de.uni_freiburg.informatik.ultimate.plugins.generator.buchiautomizer: OutOfMemoryError: GC overhead limit exceeded]
2015-01-29_05-27-24-142 ### 279/300 ### Starting test for Input:LTL/rers/Problem19_prop_028.c Settings:settings/LtlSoftwareModelCheckingC.epf Toolchain:toolchains/LtlSoftwareModelCheckingC.xml
2015-01-29_05-39-06-723 Finishing test with FAIL for Input:LTL/rers/Problem19_prop_028.c Settings:settings/LtlSoftwareModelCheckingC.epf Toolchain:toolchains/LtlSoftwareModelCheckingC.xml: EXCEPTION_OR_ERROR(Expected:UNSAFE): ExpectedResult: UNSAFE UltimateResult: EXCEPTION_OR_ERROR   [de.uni_freiburg.informatik.ultimate.plugins.generator.buchiautomizer: OutOfMemoryError: GC overhead limit exceeded]
2015-01-29_05-39-07-762 ### 280/300 ### Starting test for Input:LTL/rers/Problem19_prop_029.c Settings:settings/LtlSoftwareModelCheckingC.epf Toolchain:toolchains/LtlSoftwareModelCheckingC.xml
2015-01-29_05-59-26-575 Finishing test with UNKNOWN for Input:LTL/rers/Problem19_prop_029.c Settings:settings/LtlSoftwareModelCheckingC.epf Toolchain:toolchains/LtlSoftwareModelCheckingC.xml: TIMEOUT(Expected:UNSAFE): ExpectedResult: UNSAFE UltimateResult: TIMEOUT   [ShortDescription: Timeout LongDescription: Timeout while trying to prove F(A)]
2015-01-29_05-59-27-920 ### 281/300 ### Starting test for Input:LTL/rers/Problem19_prop_030.c Settings:settings/LtlSoftwareModelCheckingC.epf Toolchain:toolchains/LtlSoftwareModelCheckingC.xml
2015-01-29_06-22-59-012 Finishing test with UNKNOWN for Input:LTL/rers/Problem19_prop_030.c Settings:settings/LtlSoftwareModelCheckingC.epf Toolchain:toolchains/LtlSoftwareModelCheckingC.xml: TIMEOUT(Expected:SAFE): ExpectedResult: SAFE UltimateResult: TIMEOUT   [ShortDescription: Timeout LongDescription: Timeout while trying to prove G((A || (B U C)))]
2015-01-29_06-23-00-641 ### 282/300 ### Starting test for Input:LTL/rers/Problem19_prop_031.c Settings:settings/LtlSoftwareModelCheckingC.epf Toolchain:toolchains/LtlSoftwareModelCheckingC.xml
2015-01-29_06-43-00-707 Finishing test with UNKNOWN for Input:LTL/rers/Problem19_prop_031.c Settings:settings/LtlSoftwareModelCheckingC.epf Toolchain:toolchains/LtlSoftwareModelCheckingC.xml: TIMEOUT(Expected:SAFE): ExpectedResult: SAFE UltimateResult: TIMEOUT   [ShortDescription: Timeout LongDescription: Timeout while trying to prove G((A || ((B U C) || G(B))))]
2015-01-29_06-43-02-755 ### 283/300 ### Starting test for Input:LTL/rers/Problem19_prop_032.c Settings:settings/LtlSoftwareModelCheckingC.epf Toolchain:toolchains/LtlSoftwareModelCheckingC.xml
2015-01-29_07-04-17-032 Finishing test with UNKNOWN for Input:LTL/rers/Problem19_prop_032.c Settings:settings/LtlSoftwareModelCheckingC.epf Toolchain:toolchains/LtlSoftwareModelCheckingC.xml: TIMEOUT(Expected:SAFE): ExpectedResult: SAFE UltimateResult: TIMEOUT   [ShortDescription: Timeout LongDescription: Timeout while trying to prove G((A || ((B U C) || G(B))))]
2015-01-29_07-04-18-558 ### 284/300 ### Starting test for Input:LTL/rers/Problem19_prop_033.c Settings:settings/LtlSoftwareModelCheckingC.epf Toolchain:toolchains/LtlSoftwareModelCheckingC.xml
2015-01-29_07-25-36-320 Finishing test with UNKNOWN for Input:LTL/rers/Problem19_prop_033.c Settings:settings/LtlSoftwareModelCheckingC.epf Toolchain:toolchains/LtlSoftwareModelCheckingC.xml: TIMEOUT(Expected:UNSAFE): ExpectedResult: UNSAFE UltimateResult: TIMEOUT   [ShortDescription: Timeout LongDescription: Timeout while trying to prove G((!((A && F(B))) || (C U B)))]
2015-01-29_07-25-37-742 ### 285/300 ### Starting test for Input:LTL/rers/Problem19_prop_034.c Settings:settings/LtlSoftwareModelCheckingC.epf Toolchain:toolchains/LtlSoftwareModelCheckingC.xml
2015-01-29_07-46-25-292 Finishing test with UNKNOWN for Input:LTL/rers/Problem19_prop_034.c Settings:settings/LtlSoftwareModelCheckingC.epf Toolchain:toolchains/LtlSoftwareModelCheckingC.xml: TIMEOUT(Expected:UNSAFE): ExpectedResult: UNSAFE UltimateResult: TIMEOUT   [ShortDescription: Timeout LongDescription: Timeout while trying to prove G(A)]
2015-01-29_07-46-26-954 ### 286/300 ### Starting test for Input:LTL/rers/Problem19_prop_035.c Settings:settings/LtlSoftwareModelCheckingC.epf Toolchain:toolchains/LtlSoftwareModelCheckingC.xml
2015-01-29_08-06-26-997 Finishing test with UNKNOWN for Input:LTL/rers/Problem19_prop_035.c Settings:settings/LtlSoftwareModelCheckingC.epf Toolchain:toolchains/LtlSoftwareModelCheckingC.xml: TIMEOUT(Expected:UNSAFE): ExpectedResult: UNSAFE UltimateResult: TIMEOUT   [ShortDescription: Timeout LongDescription: Timeout while trying to prove (G(A) || F((B && F(C))))]
2015-01-29_08-06-28-428 ### 287/300 ### Starting test for Input:LTL/rers/Problem19_prop_036.c Settings:settings/LtlSoftwareModelCheckingC.epf Toolchain:toolchains/LtlSoftwareModelCheckingC.xml
2015-01-29_08-18-01-787 Finishing test with FAIL for Input:LTL/rers/Problem19_prop_036.c Settings:settings/LtlSoftwareModelCheckingC.epf Toolchain:toolchains/LtlSoftwareModelCheckingC.xml: EXCEPTION_OR_ERROR(Expected:SAFE): ExpectedResult: SAFE UltimateResult: EXCEPTION_OR_ERROR   [de.uni_freiburg.informatik.ultimate.plugins.generator.buchiautomizer: OutOfMemoryError: GC overhead limit exceeded]
2015-01-29_08-18-03-614 ### 288/300 ### Starting test for Input:LTL/rers/Problem19_prop_037.c Settings:settings/LtlSoftwareModelCheckingC.epf Toolchain:toolchains/LtlSoftwareModelCheckingC.xml
2015-01-29_08-30-35-926 Finishing test with FAIL for Input:LTL/rers/Problem19_prop_037.c Settings:settings/LtlSoftwareModelCheckingC.epf Toolchain:toolchains/LtlSoftwareModelCheckingC.xml: EXCEPTION_OR_ERROR(Expected:UNSAFE): ExpectedResult: UNSAFE UltimateResult: EXCEPTION_OR_ERROR   [de.uni_freiburg.informatik.ultimate.plugins.generator.buchiautomizer: OutOfMemoryError: GC overhead limit exceeded]
2015-01-29_08-30-37-233 ### 289/300 ### Starting test for Input:LTL/rers/Problem19_prop_038.c Settings:settings/LtlSoftwareModelCheckingC.epf Toolchain:toolchains/LtlSoftwareModelCheckingC.xml
2015-01-29_08-51-36-420 Finishing test with UNKNOWN for Input:LTL/rers/Problem19_prop_038.c Settings:settings/LtlSoftwareModelCheckingC.epf Toolchain:toolchains/LtlSoftwareModelCheckingC.xml: TIMEOUT(Expected:UNSAFE): ExpectedResult: UNSAFE UltimateResult: TIMEOUT   [ShortDescription: Timeout LongDescription: Timeout while trying to prove G((A || ((B U C) || G(B))))]
2015-01-29_08-51-37-904 ### 290/300 ### Starting test for Input:LTL/rers/Problem19_prop_039.c Settings:settings/LtlSoftwareModelCheckingC.epf Toolchain:toolchains/LtlSoftwareModelCheckingC.xml
2015-01-29_09-13-32-848 Finishing test with UNKNOWN for Input:LTL/rers/Problem19_prop_039.c Settings:settings/LtlSoftwareModelCheckingC.epf Toolchain:toolchains/LtlSoftwareModelCheckingC.xml: TIMEOUT(Expected:UNSAFE): ExpectedResult: UNSAFE UltimateResult: TIMEOUT   [ShortDescription: Timeout LongDescription: Timeout while trying to prove G((A || ((B U C) || G(B))))]
2015-01-29_09-13-34-347 ### 291/300 ### Starting test for Input:LTL/rers/Problem19_prop_040.c Settings:settings/LtlSoftwareModelCheckingC.epf Toolchain:toolchains/LtlSoftwareModelCheckingC.xml
2015-01-29_09-35-33-111 Finishing test with UNKNOWN for Input:LTL/rers/Problem19_prop_040.c Settings:settings/LtlSoftwareModelCheckingC.epf Toolchain:toolchains/LtlSoftwareModelCheckingC.xml: TIMEOUT(Expected:UNSAFE): ExpectedResult: UNSAFE UltimateResult: TIMEOUT   [ShortDescription: Timeout LongDescription: Timeout while trying to prove (G(A) || F((B && F(C))))]
2015-01-29_09-35-34-680 ### 292/300 ### Starting test for Input:LTL/rers/Problem19_prop_041.c Settings:settings/LtlSoftwareModelCheckingC.epf Toolchain:toolchains/LtlSoftwareModelCheckingC.xml
2015-01-29_09-55-35-166 Finishing test with UNKNOWN for Input:LTL/rers/Problem19_prop_041.c Settings:settings/LtlSoftwareModelCheckingC.epf Toolchain:toolchains/LtlSoftwareModelCheckingC.xml: TIMEOUT(Expected:UNSAFE): ExpectedResult: UNSAFE UltimateResult: TIMEOUT   [ShortDescription: Timeout LongDescription: Timeout while trying to prove G((A || F(B)))]
2015-01-29_09-55-36-634 ### 293/300 ### Starting test for Input:LTL/rers/Problem19_prop_042.c Settings:settings/LtlSoftwareModelCheckingC.epf Toolchain:toolchains/LtlSoftwareModelCheckingC.xml
2015-01-29_10-15-52-428 Finishing test with UNKNOWN for Input:LTL/rers/Problem19_prop_042.c Settings:settings/LtlSoftwareModelCheckingC.epf Toolchain:toolchains/LtlSoftwareModelCheckingC.xml: TIMEOUT(Expected:SAFE): ExpectedResult: SAFE UltimateResult: TIMEOUT   [ShortDescription: Timeout LongDescription: Timeout while trying to prove G((!((A && F(B))) || (C U B)))]
2015-01-29_10-15-53-885 ### 294/300 ### Starting test for Input:LTL/rers/Problem19_prop_043.c Settings:settings/LtlSoftwareModelCheckingC.epf Toolchain:toolchains/LtlSoftwareModelCheckingC.xml
2015-01-29_10-35-53-940 Finishing test with UNKNOWN for Input:LTL/rers/Problem19_prop_043.c Settings:settings/LtlSoftwareModelCheckingC.epf Toolchain:toolchains/LtlSoftwareModelCheckingC.xml: TIMEOUT(Expected:UNSAFE): ExpectedResult: UNSAFE UltimateResult: TIMEOUT   [ShortDescription: Timeout LongDescription: Timeout while trying to prove ((A U B) || G(A))]
2015-01-29_10-35-55-693 ### 295/300 ### Starting test for Input:LTL/rers/Problem19_prop_044.c Settings:settings/LtlSoftwareModelCheckingC.epf Toolchain:toolchains/LtlSoftwareModelCheckingC.xml
2015-01-29_11-39-54-245 Finishing test with FAIL for Input:LTL/rers/Problem19_prop_044.c Settings:settings/LtlSoftwareModelCheckingC.epf Toolchain:toolchains/LtlSoftwareModelCheckingC.xml: EXCEPTION_OR_ERROR(Expected:SAFE): ExpectedResult: SAFE UltimateResult: EXCEPTION_OR_ERROR   [de.uni_freiburg.informatik.ultimate.plugins.generator.buchiautomizer: OutOfMemoryError: Java heap space]
2015-01-29_11-39-55-604 ### 296/300 ### Starting test for Input:LTL/rers/Problem19_prop_045.c Settings:settings/LtlSoftwareModelCheckingC.epf Toolchain:toolchains/LtlSoftwareModelCheckingC.xml
2015-01-29_12-05-28-416 Finishing test with UNKNOWN for Input:LTL/rers/Problem19_prop_045.c Settings:settings/LtlSoftwareModelCheckingC.epf Toolchain:toolchains/LtlSoftwareModelCheckingC.xml: TIMEOUT(Expected:SAFE): ExpectedResult: SAFE UltimateResult: TIMEOUT   [ShortDescription: Timeout LongDescription: Timeout while trying to prove (!(F(A)) || (B U (A || (C U (A || (B U (A || (C U (A || (D U A))))))))))]
2015-01-29_12-05-29-777 ### 297/300 ### Starting test for Input:LTL/rers/Problem19_prop_046.c Settings:settings/LtlSoftwareModelCheckingC.epf Toolchain:toolchains/LtlSoftwareModelCheckingC.xml
2015-01-29_12-25-29-829 Finishing test with UNKNOWN for Input:LTL/rers/Problem19_prop_046.c Settings:settings/LtlSoftwareModelCheckingC.epf Toolchain:toolchains/LtlSoftwareModelCheckingC.xml: TIMEOUT(Expected:UNSAFE): ExpectedResult: UNSAFE UltimateResult: TIMEOUT   [ShortDescription: Timeout LongDescription: Timeout while trying to prove G(A)]
2015-01-29_12-25-32-010 ### 298/300 ### Starting test for Input:LTL/rers/Problem19_prop_047.c Settings:settings/LtlSoftwareModelCheckingC.epf Toolchain:toolchains/LtlSoftwareModelCheckingC.xml
2015-01-29_12-45-36-977 Finishing test with UNKNOWN for Input:LTL/rers/Problem19_prop_047.c Settings:settings/LtlSoftwareModelCheckingC.epf Toolchain:toolchains/LtlSoftwareModelCheckingC.xml: TIMEOUT(Expected:SAFE): ExpectedResult: SAFE UltimateResult: TIMEOUT   [ShortDescription: Timeout LongDescription: Timeout while trying to prove (!(F(A)) || (B U C))]
2015-01-29_12-45-39-699 ### 299/300 ### Starting test for Input:LTL/rers/Problem19_prop_048.c Settings:settings/LtlSoftwareModelCheckingC.epf Toolchain:toolchains/LtlSoftwareModelCheckingC.xml
2015-01-29_13-06-35-499 Finishing test with UNKNOWN for Input:LTL/rers/Problem19_prop_048.c Settings:settings/LtlSoftwareModelCheckingC.epf Toolchain:toolchains/LtlSoftwareModelCheckingC.xml: TIMEOUT(Expected:UNSAFE): ExpectedResult: UNSAFE UltimateResult: TIMEOUT   [ShortDescription: Timeout LongDescription: Timeout while trying to prove (!(F(A)) || (B U C))]
2015-01-29_13-06-36-931 ### 300/300 ### Starting test for Input:LTL/rers/Problem19_prop_049.c Settings:settings/LtlSoftwareModelCheckingC.epf Toolchain:toolchains/LtlSoftwareModelCheckingC.xml
2015-01-29_13-28-03-930 Finishing test with UNKNOWN for Input:LTL/rers/Problem19_prop_049.c Settings:settings/LtlSoftwareModelCheckingC.epf Toolchain:toolchains/LtlSoftwareModelCheckingC.xml: TIMEOUT(Expected:SAFE): ExpectedResult: SAFE UltimateResult: TIMEOUT   [ShortDescription: Timeout LongDescription: Timeout while trying to prove G((!((A && F(B))) || (C U B)))]
