2014-11-03_22-45-34-078 First run of IncrementalLogWithVMParameters
	Parameters: heapMaxSize=3.8 GB
	Test Suite Parameters: Timeout=30 s
2014-11-03_22-45-34-080 ### 1/258 ### Starting test for Input:svcomp/array-examples/data_structures_set_multi_proc_false-unreach-call_ground.i Settings:settings/svcomp2015/svComp-32bit-precise-Automizer.epf Toolchain:toolchains/AutomizerC.xml
2014-11-03_22-45-36-239 Finishing test with FAIL for Input:svcomp/array-examples/data_structures_set_multi_proc_false-unreach-call_ground.i Settings:settings/svcomp2015/svComp-32bit-precise-Automizer.epf Toolchain:toolchains/AutomizerC.xml: EXCEPTION_OR_ERROR(Expected:UNSAFE): ExpectedResult: UNSAFE UltimateResult: EXCEPTION_OR_ERROR   [de.uni_freiburg.informatik.ultimate.boogie.preprocessor: StackOverflowError: null: de.uni_freiburg.informatik.ultimate.boogie.preprocessor.TypeChecker.findVariable(TypeChecker.java:141)]
2014-11-03_22-45-36-391 ### 2/258 ### Starting test for Input:svcomp/array-examples/data_structures_set_multi_proc_trivial_true-unreach-call_ground.i Settings:settings/svcomp2015/svComp-32bit-precise-Automizer.epf Toolchain:toolchains/AutomizerC.xml
2014-11-03_22-45-37-354 Finishing test with FAIL for Input:svcomp/array-examples/data_structures_set_multi_proc_trivial_true-unreach-call_ground.i Settings:settings/svcomp2015/svComp-32bit-precise-Automizer.epf Toolchain:toolchains/AutomizerC.xml: EXCEPTION_OR_ERROR(Expected:SAFE): ExpectedResult: SAFE UltimateResult: EXCEPTION_OR_ERROR   [de.uni_freiburg.informatik.ultimate.boogie.preprocessor: StackOverflowError: null: de.uni_freiburg.informatik.ultimate.boogie.preprocessor.TypeChecker.typecheckExpression(TypeChecker.java:359)]
2014-11-03_22-45-37-451 ### 3/258 ### Starting test for Input:svcomp/array-examples/sanfoundry_02_true-unreach-call_ground.i Settings:settings/svcomp2015/svComp-32bit-precise-Automizer.epf Toolchain:toolchains/AutomizerC.xml
2014-11-03_22-46-07-493 Finishing test with UNKNOWN for Input:svcomp/array-examples/sanfoundry_02_true-unreach-call_ground.i Settings:settings/svcomp2015/svComp-32bit-precise-Automizer.epf Toolchain:toolchains/AutomizerC.xml: TIMEOUT(Expected:SAFE): ExpectedResult: SAFE UltimateResult: TIMEOUT   [ShortDescription: Timeout LongDescription: Unable to prove that call of __VERIFIER_error() unreachable (line 2)]
2014-11-03_22-46-07-606 ### 4/258 ### Starting test for Input:svcomp/array-examples/sanfoundry_27_true-unreach-call_ground.i Settings:settings/svcomp2015/svComp-32bit-precise-Automizer.epf Toolchain:toolchains/AutomizerC.xml
2014-11-03_22-46-37-646 Finishing test with UNKNOWN for Input:svcomp/array-examples/sanfoundry_27_true-unreach-call_ground.i Settings:settings/svcomp2015/svComp-32bit-precise-Automizer.epf Toolchain:toolchains/AutomizerC.xml: TIMEOUT(Expected:SAFE): ExpectedResult: SAFE UltimateResult: TIMEOUT   [ShortDescription: Timeout LongDescription: Unable to prove that call of __VERIFIER_error() unreachable (line 2)]
2014-11-03_22-46-37-735 ### 5/258 ### Starting test for Input:svcomp/array-examples/sorting_bubblesort_false-unreach-call_ground.i Settings:settings/svcomp2015/svComp-32bit-precise-Automizer.epf Toolchain:toolchains/AutomizerC.xml
2014-11-03_22-47-07-783 Finishing test with UNKNOWN for Input:svcomp/array-examples/sorting_bubblesort_false-unreach-call_ground.i Settings:settings/svcomp2015/svComp-32bit-precise-Automizer.epf Toolchain:toolchains/AutomizerC.xml: TIMEOUT(Expected:UNSAFE): ExpectedResult: UNSAFE UltimateResult: TIMEOUT   [ShortDescription: Timeout LongDescription: Unable to prove that call of __VERIFIER_error() unreachable (line 2)]
2014-11-03_22-47-07-873 ### 6/258 ### Starting test for Input:svcomp/array-examples/standard_allDiff2_false-unreach-call_ground.i Settings:settings/svcomp2015/svComp-32bit-precise-Automizer.epf Toolchain:toolchains/AutomizerC.xml
2014-11-03_22-47-37-909 Finishing test with UNKNOWN for Input:svcomp/array-examples/standard_allDiff2_false-unreach-call_ground.i Settings:settings/svcomp2015/svComp-32bit-precise-Automizer.epf Toolchain:toolchains/AutomizerC.xml: TIMEOUT(Expected:UNSAFE): ExpectedResult: UNSAFE UltimateResult: TIMEOUT   [ShortDescription: Timeout LongDescription: Unable to prove that call of __VERIFIER_error() unreachable (line 2)]
2014-11-03_22-47-37-988 ### 7/258 ### Starting test for Input:svcomp/array-examples/standard_copy2_true-unreach-call_ground.i Settings:settings/svcomp2015/svComp-32bit-precise-Automizer.epf Toolchain:toolchains/AutomizerC.xml
2014-11-03_22-48-08-021 Finishing test with UNKNOWN for Input:svcomp/array-examples/standard_copy2_true-unreach-call_ground.i Settings:settings/svcomp2015/svComp-32bit-precise-Automizer.epf Toolchain:toolchains/AutomizerC.xml: TIMEOUT(Expected:SAFE): ExpectedResult: SAFE UltimateResult: TIMEOUT   [ShortDescription: Timeout LongDescription: Timout or Toolchain cancelled by user]
2014-11-03_22-48-08-099 ### 8/258 ### Starting test for Input:svcomp/array-examples/standard_copy3_false-unreach-call_ground.i Settings:settings/svcomp2015/svComp-32bit-precise-Automizer.epf Toolchain:toolchains/AutomizerC.xml
2014-11-03_22-48-38-185 Finishing test with UNKNOWN for Input:svcomp/array-examples/standard_copy3_false-unreach-call_ground.i Settings:settings/svcomp2015/svComp-32bit-precise-Automizer.epf Toolchain:toolchains/AutomizerC.xml: TIMEOUT(Expected:UNSAFE): ExpectedResult: UNSAFE UltimateResult: TIMEOUT   [ShortDescription: Timeout LongDescription: Timout or Toolchain cancelled by user]
2014-11-03_22-48-38-272 ### 9/258 ### Starting test for Input:svcomp/array-examples/standard_init1_false-unreach-call_ground.i Settings:settings/svcomp2015/svComp-32bit-precise-Automizer.epf Toolchain:toolchains/AutomizerC.xml
2014-11-03_22-49-08-321 Finishing test with UNKNOWN for Input:svcomp/array-examples/standard_init1_false-unreach-call_ground.i Settings:settings/svcomp2015/svComp-32bit-precise-Automizer.epf Toolchain:toolchains/AutomizerC.xml: TIMEOUT(Expected:UNSAFE): ExpectedResult: UNSAFE UltimateResult: TIMEOUT   [ShortDescription: Timeout LongDescription: Unable to prove that call of __VERIFIER_error() unreachable (line 2)]
2014-11-03_22-49-08-415 ### 10/258 ### Starting test for Input:svcomp/array-examples/standard_init5_false-unreach-call_ground.i Settings:settings/svcomp2015/svComp-32bit-precise-Automizer.epf Toolchain:toolchains/AutomizerC.xml
2014-11-03_22-49-38-450 Finishing test with UNKNOWN for Input:svcomp/array-examples/standard_init5_false-unreach-call_ground.i Settings:settings/svcomp2015/svComp-32bit-precise-Automizer.epf Toolchain:toolchains/AutomizerC.xml: TIMEOUT(Expected:UNSAFE): ExpectedResult: UNSAFE UltimateResult: TIMEOUT   [ShortDescription: Timeout LongDescription: Timout or Toolchain cancelled by user]
2014-11-03_22-49-38-532 ### 11/258 ### Starting test for Input:svcomp/array-examples/standard_init6_false-unreach-call_ground.i Settings:settings/svcomp2015/svComp-32bit-precise-Automizer.epf Toolchain:toolchains/AutomizerC.xml
2014-11-03_22-50-08-588 Finishing test with UNKNOWN for Input:svcomp/array-examples/standard_init6_false-unreach-call_ground.i Settings:settings/svcomp2015/svComp-32bit-precise-Automizer.epf Toolchain:toolchains/AutomizerC.xml: TIMEOUT(Expected:UNSAFE): ExpectedResult: UNSAFE UltimateResult: TIMEOUT   [ShortDescription: Timeout LongDescription: Unable to prove that call of __VERIFIER_error() unreachable (line 2)]
2014-11-03_22-50-08-666 ### 12/258 ### Starting test for Input:svcomp/array-examples/standard_init6_true-unreach-call_ground.i Settings:settings/svcomp2015/svComp-32bit-precise-Automizer.epf Toolchain:toolchains/AutomizerC.xml
2014-11-03_22-50-38-698 Finishing test with UNKNOWN for Input:svcomp/array-examples/standard_init6_true-unreach-call_ground.i Settings:settings/svcomp2015/svComp-32bit-precise-Automizer.epf Toolchain:toolchains/AutomizerC.xml: TIMEOUT(Expected:SAFE): ExpectedResult: SAFE UltimateResult: TIMEOUT   [ShortDescription: Timeout LongDescription: Unable to prove that call of __VERIFIER_error() unreachable (line 2)]
2014-11-03_22-50-38-772 ### 13/258 ### Starting test for Input:svcomp/array-examples/standard_partition_original_true-unreach-call_ground.i Settings:settings/svcomp2015/svComp-32bit-precise-Automizer.epf Toolchain:toolchains/AutomizerC.xml
2014-11-03_22-51-08-843 Finishing test with UNKNOWN for Input:svcomp/array-examples/standard_partition_original_true-unreach-call_ground.i Settings:settings/svcomp2015/svComp-32bit-precise-Automizer.epf Toolchain:toolchains/AutomizerC.xml: TIMEOUT(Expected:SAFE): ExpectedResult: SAFE UltimateResult: TIMEOUT   [ShortDescription: Timeout LongDescription: Unable to prove that call of __VERIFIER_error() unreachable (line 2)]
2014-11-03_22-51-08-927 ### 14/258 ### Starting test for Input:svcomp/array-examples/standard_two_index_06_true-unreach-call.i Settings:settings/svcomp2015/svComp-32bit-precise-Automizer.epf Toolchain:toolchains/AutomizerC.xml
2014-11-03_22-51-38-975 Finishing test with UNKNOWN for Input:svcomp/array-examples/standard_two_index_06_true-unreach-call.i Settings:settings/svcomp2015/svComp-32bit-precise-Automizer.epf Toolchain:toolchains/AutomizerC.xml: TIMEOUT(Expected:SAFE): ExpectedResult: SAFE UltimateResult: TIMEOUT   [ShortDescription: Timeout LongDescription: Unable to prove that call of __VERIFIER_error() unreachable (line 2)]
2014-11-03_22-51-39-063 ### 15/258 ### Starting test for Input:svcomp/array-examples/data_structures_set_multi_proc_false-unreach-call_ground.i Settings:settings/svcomp2015/svComp-32bit-precise-BE-Impulse.epf Toolchain:toolchains/CodeCheckWithBE-C.xml
2014-11-03_22-51-40-398 Finishing test with FAIL for Input:svcomp/array-examples/data_structures_set_multi_proc_false-unreach-call_ground.i Settings:settings/svcomp2015/svComp-32bit-precise-BE-Impulse.epf Toolchain:toolchains/CodeCheckWithBE-C.xml: EXCEPTION_OR_ERROR(Expected:UNSAFE): ExpectedResult: UNSAFE UltimateResult: EXCEPTION_OR_ERROR   [de.uni_freiburg.informatik.ultimate.boogie.preprocessor: StackOverflowError: null: java.util.Vector$ListItr.<init>(Vector.java:1165)]
2014-11-03_22-51-40-512 ### 16/258 ### Starting test for Input:svcomp/array-examples/data_structures_set_multi_proc_trivial_true-unreach-call_ground.i Settings:settings/svcomp2015/svComp-32bit-precise-BE-Impulse.epf Toolchain:toolchains/CodeCheckWithBE-C.xml
2014-11-03_22-51-41-794 Finishing test with FAIL for Input:svcomp/array-examples/data_structures_set_multi_proc_trivial_true-unreach-call_ground.i Settings:settings/svcomp2015/svComp-32bit-precise-BE-Impulse.epf Toolchain:toolchains/CodeCheckWithBE-C.xml: EXCEPTION_OR_ERROR(Expected:SAFE): ExpectedResult: SAFE UltimateResult: EXCEPTION_OR_ERROR   [de.uni_freiburg.informatik.ultimate.boogie.preprocessor: StackOverflowError: null: java.util.Vector$ListItr.<init>(Vector.java:1165)]
2014-11-03_22-51-41-918 ### 17/258 ### Starting test for Input:svcomp/array-examples/sanfoundry_02_true-unreach-call_ground.i Settings:settings/svcomp2015/svComp-32bit-precise-BE-Impulse.epf Toolchain:toolchains/CodeCheckWithBE-C.xml
2014-11-03_22-52-11-974 Finishing test with UNKNOWN for Input:svcomp/array-examples/sanfoundry_02_true-unreach-call_ground.i Settings:settings/svcomp2015/svComp-32bit-precise-BE-Impulse.epf Toolchain:toolchains/CodeCheckWithBE-C.xml: TIMEOUT(Expected:SAFE): ExpectedResult: SAFE UltimateResult: TIMEOUT   [ShortDescription: Timeout LongDescription: Unable to prove that call of __VERIFIER_error() unreachable (line 2)]
2014-11-03_22-52-12-101 ### 18/258 ### Starting test for Input:svcomp/array-examples/sanfoundry_27_true-unreach-call_ground.i Settings:settings/svcomp2015/svComp-32bit-precise-BE-Impulse.epf Toolchain:toolchains/CodeCheckWithBE-C.xml
2014-11-03_22-52-42-148 Finishing test with UNKNOWN for Input:svcomp/array-examples/sanfoundry_27_true-unreach-call_ground.i Settings:settings/svcomp2015/svComp-32bit-precise-BE-Impulse.epf Toolchain:toolchains/CodeCheckWithBE-C.xml: TIMEOUT(Expected:SAFE): ExpectedResult: SAFE UltimateResult: TIMEOUT   [ShortDescription: Timeout LongDescription: Timout or Toolchain cancelled by user]
2014-11-03_22-52-42-263 ### 19/258 ### Starting test for Input:svcomp/array-examples/sorting_bubblesort_false-unreach-call_ground.i Settings:settings/svcomp2015/svComp-32bit-precise-BE-Impulse.epf Toolchain:toolchains/CodeCheckWithBE-C.xml
2014-11-03_22-53-12-359 Finishing test with UNKNOWN for Input:svcomp/array-examples/sorting_bubblesort_false-unreach-call_ground.i Settings:settings/svcomp2015/svComp-32bit-precise-BE-Impulse.epf Toolchain:toolchains/CodeCheckWithBE-C.xml: TIMEOUT(Expected:UNSAFE): ExpectedResult: UNSAFE UltimateResult: TIMEOUT   [ShortDescription: Timeout LongDescription: Timout or Toolchain cancelled by user]
2014-11-03_22-53-12-474 ### 20/258 ### Starting test for Input:svcomp/array-examples/standard_allDiff2_false-unreach-call_ground.i Settings:settings/svcomp2015/svComp-32bit-precise-BE-Impulse.epf Toolchain:toolchains/CodeCheckWithBE-C.xml
2014-11-03_22-53-42-593 Finishing test with UNKNOWN for Input:svcomp/array-examples/standard_allDiff2_false-unreach-call_ground.i Settings:settings/svcomp2015/svComp-32bit-precise-BE-Impulse.epf Toolchain:toolchains/CodeCheckWithBE-C.xml: TIMEOUT(Expected:UNSAFE): ExpectedResult: UNSAFE UltimateResult: TIMEOUT   [ShortDescription: Timeout LongDescription: Timout or Toolchain cancelled by user]
2014-11-03_22-53-42-706 ### 21/258 ### Starting test for Input:svcomp/array-examples/standard_copy2_true-unreach-call_ground.i Settings:settings/svcomp2015/svComp-32bit-precise-BE-Impulse.epf Toolchain:toolchains/CodeCheckWithBE-C.xml
2014-11-03_22-54-12-740 Finishing test with UNKNOWN for Input:svcomp/array-examples/standard_copy2_true-unreach-call_ground.i Settings:settings/svcomp2015/svComp-32bit-precise-BE-Impulse.epf Toolchain:toolchains/CodeCheckWithBE-C.xml: TIMEOUT(Expected:SAFE): ExpectedResult: SAFE UltimateResult: TIMEOUT   [ShortDescription: Timeout LongDescription: Timout or Toolchain cancelled by user]
2014-11-03_22-54-12-844 ### 22/258 ### Starting test for Input:svcomp/array-examples/standard_copy3_false-unreach-call_ground.i Settings:settings/svcomp2015/svComp-32bit-precise-BE-Impulse.epf Toolchain:toolchains/CodeCheckWithBE-C.xml
2014-11-03_22-54-42-871 Finishing test with UNKNOWN for Input:svcomp/array-examples/standard_copy3_false-unreach-call_ground.i Settings:settings/svcomp2015/svComp-32bit-precise-BE-Impulse.epf Toolchain:toolchains/CodeCheckWithBE-C.xml: TIMEOUT(Expected:UNSAFE): ExpectedResult: UNSAFE UltimateResult: TIMEOUT   [ShortDescription: Timeout LongDescription: Timout or Toolchain cancelled by user]
2014-11-03_22-54-42-975 ### 23/258 ### Starting test for Input:svcomp/array-examples/standard_init1_false-unreach-call_ground.i Settings:settings/svcomp2015/svComp-32bit-precise-BE-Impulse.epf Toolchain:toolchains/CodeCheckWithBE-C.xml
2014-11-03_22-55-13-017 Finishing test with UNKNOWN for Input:svcomp/array-examples/standard_init1_false-unreach-call_ground.i Settings:settings/svcomp2015/svComp-32bit-precise-BE-Impulse.epf Toolchain:toolchains/CodeCheckWithBE-C.xml: TIMEOUT(Expected:UNSAFE): ExpectedResult: UNSAFE UltimateResult: TIMEOUT   [ShortDescription: Timeout LongDescription: Timout or Toolchain cancelled by user]
2014-11-03_22-55-13-108 ### 24/258 ### Starting test for Input:svcomp/array-examples/standard_init5_false-unreach-call_ground.i Settings:settings/svcomp2015/svComp-32bit-precise-BE-Impulse.epf Toolchain:toolchains/CodeCheckWithBE-C.xml
2014-11-03_22-55-43-148 Finishing test with UNKNOWN for Input:svcomp/array-examples/standard_init5_false-unreach-call_ground.i Settings:settings/svcomp2015/svComp-32bit-precise-BE-Impulse.epf Toolchain:toolchains/CodeCheckWithBE-C.xml: TIMEOUT(Expected:UNSAFE): ExpectedResult: UNSAFE UltimateResult: TIMEOUT   [ShortDescription: Timeout LongDescription: Timout or Toolchain cancelled by user]
2014-11-03_22-55-43-254 ### 25/258 ### Starting test for Input:svcomp/array-examples/standard_init6_false-unreach-call_ground.i Settings:settings/svcomp2015/svComp-32bit-precise-BE-Impulse.epf Toolchain:toolchains/CodeCheckWithBE-C.xml
2014-11-03_22-56-13-284 Finishing test with UNKNOWN for Input:svcomp/array-examples/standard_init6_false-unreach-call_ground.i Settings:settings/svcomp2015/svComp-32bit-precise-BE-Impulse.epf Toolchain:toolchains/CodeCheckWithBE-C.xml: TIMEOUT(Expected:UNSAFE): ExpectedResult: UNSAFE UltimateResult: TIMEOUT   [ShortDescription: Timeout LongDescription: Timout or Toolchain cancelled by user]
2014-11-03_22-56-13-395 ### 26/258 ### Starting test for Input:svcomp/array-examples/standard_init6_true-unreach-call_ground.i Settings:settings/svcomp2015/svComp-32bit-precise-BE-Impulse.epf Toolchain:toolchains/CodeCheckWithBE-C.xml
2014-11-03_22-56-43-426 Finishing test with UNKNOWN for Input:svcomp/array-examples/standard_init6_true-unreach-call_ground.i Settings:settings/svcomp2015/svComp-32bit-precise-BE-Impulse.epf Toolchain:toolchains/CodeCheckWithBE-C.xml: TIMEOUT(Expected:SAFE): ExpectedResult: SAFE UltimateResult: TIMEOUT   [ShortDescription: Timeout LongDescription: Timout or Toolchain cancelled by user]
2014-11-03_22-56-43-527 ### 27/258 ### Starting test for Input:svcomp/array-examples/standard_partition_original_true-unreach-call_ground.i Settings:settings/svcomp2015/svComp-32bit-precise-BE-Impulse.epf Toolchain:toolchains/CodeCheckWithBE-C.xml
2014-11-03_22-57-13-561 Finishing test with UNKNOWN for Input:svcomp/array-examples/standard_partition_original_true-unreach-call_ground.i Settings:settings/svcomp2015/svComp-32bit-precise-BE-Impulse.epf Toolchain:toolchains/CodeCheckWithBE-C.xml: TIMEOUT(Expected:SAFE): ExpectedResult: SAFE UltimateResult: TIMEOUT   [ShortDescription: Timeout LongDescription: Timout or Toolchain cancelled by user]
2014-11-03_22-57-13-673 ### 28/258 ### Starting test for Input:svcomp/array-examples/standard_two_index_06_true-unreach-call.i Settings:settings/svcomp2015/svComp-32bit-precise-BE-Impulse.epf Toolchain:toolchains/CodeCheckWithBE-C.xml
2014-11-03_22-57-43-709 Finishing test with UNKNOWN for Input:svcomp/array-examples/standard_two_index_06_true-unreach-call.i Settings:settings/svcomp2015/svComp-32bit-precise-BE-Impulse.epf Toolchain:toolchains/CodeCheckWithBE-C.xml: TIMEOUT(Expected:SAFE): ExpectedResult: SAFE UltimateResult: TIMEOUT   [ShortDescription: Timeout LongDescription: Timout or Toolchain cancelled by user]
2014-11-03_22-57-43-811 ### 29/258 ### Starting test for Input:svcomp/bitvector-regression/integerpromotion_true-unreach-call.i Settings:settings/svcomp2015/svComp-32bit-precise-Automizer.epf Toolchain:toolchains/AutomizerC.xml
2014-11-03_22-57-43-916 Finishing test with UNKNOWN for Input:svcomp/bitvector-regression/integerpromotion_true-unreach-call.i Settings:settings/svcomp2015/svComp-32bit-precise-Automizer.epf Toolchain:toolchains/AutomizerC.xml: UNKNOWN(Expected:SAFE): ExpectedResult: SAFE UltimateResult: UNKNOWN   Unable to prove that call of __VERIFIER_error() unreachable 
2014-11-03_22-57-44-011 ### 30/258 ### Starting test for Input:svcomp/bitvector-regression/pointer_extension3_false-unreach-call.i Settings:settings/svcomp2015/svComp-32bit-precise-Automizer.epf Toolchain:toolchains/AutomizerC.xml
2014-11-03_22-57-44-151 Finishing test with SUCCESS for Input:svcomp/bitvector-regression/pointer_extension3_false-unreach-call.i Settings:settings/svcomp2015/svComp-32bit-precise-Automizer.epf Toolchain:toolchains/AutomizerC.xml: UNSAFE(Expected:UNSAFE): ExpectedResult: UNSAFE UltimateResult: UNSAFE   a call of __VERIFIER_error() is reachable 
2014-11-03_22-57-44-249 ### 31/258 ### Starting test for Input:svcomp/bitvector-regression/pointer_extension_false-unreach-call.i Settings:settings/svcomp2015/svComp-32bit-precise-Automizer.epf Toolchain:toolchains/AutomizerC.xml
2014-11-03_22-57-44-346 Finishing test with SUCCESS for Input:svcomp/bitvector-regression/pointer_extension_false-unreach-call.i Settings:settings/svcomp2015/svComp-32bit-precise-Automizer.epf Toolchain:toolchains/AutomizerC.xml: UNSAFE(Expected:UNSAFE): ExpectedResult: UNSAFE UltimateResult: UNSAFE   a call of __VERIFIER_error() is reachable 
2014-11-03_22-57-44-436 ### 32/258 ### Starting test for Input:svcomp/bitvector-regression/signextension2_true-unreach-call.i Settings:settings/svcomp2015/svComp-32bit-precise-Automizer.epf Toolchain:toolchains/AutomizerC.xml
2014-11-03_22-57-44-536 Finishing test with SUCCESS for Input:svcomp/bitvector-regression/signextension2_true-unreach-call.i Settings:settings/svcomp2015/svComp-32bit-precise-Automizer.epf Toolchain:toolchains/AutomizerC.xml: SAFE(Expected:SAFE): ExpectedResult: SAFE UltimateResult: SAFE   [ShortDescription: All specifications hold LongDescription: 1 specifications checked. All of them hold]
2014-11-03_22-57-44-633 ### 33/258 ### Starting test for Input:svcomp/bitvector/byte_add_false-unreach-call.i Settings:settings/svcomp2015/svComp-32bit-precise-Automizer.epf Toolchain:toolchains/AutomizerC.xml
2014-11-03_22-57-49-192 Finishing test with UNKNOWN for Input:svcomp/bitvector/byte_add_false-unreach-call.i Settings:settings/svcomp2015/svComp-32bit-precise-Automizer.epf Toolchain:toolchains/AutomizerC.xml: UNKNOWN(Expected:UNSAFE): ExpectedResult: UNSAFE UltimateResult: UNKNOWN   Unable to prove that call of __VERIFIER_error() unreachable 
2014-11-03_22-57-49-287 ### 34/258 ### Starting test for Input:svcomp/bitvector/jain_5_true-unreach-call.i Settings:settings/svcomp2015/svComp-32bit-precise-Automizer.epf Toolchain:toolchains/AutomizerC.xml
2014-11-03_22-57-49-848 Finishing test with SUCCESS for Input:svcomp/bitvector/jain_5_true-unreach-call.i Settings:settings/svcomp2015/svComp-32bit-precise-Automizer.epf Toolchain:toolchains/AutomizerC.xml: SAFE(Expected:SAFE): ExpectedResult: SAFE UltimateResult: SAFE   [ShortDescription: All specifications hold LongDescription: 1 specifications checked. All of them hold]
2014-11-03_22-57-49-941 ### 35/258 ### Starting test for Input:svcomp/bitvector/jain_6_true-unreach-call.i Settings:settings/svcomp2015/svComp-32bit-precise-Automizer.epf Toolchain:toolchains/AutomizerC.xml
2014-11-03_22-58-20-203 Finishing test with UNKNOWN for Input:svcomp/bitvector/jain_6_true-unreach-call.i Settings:settings/svcomp2015/svComp-32bit-precise-Automizer.epf Toolchain:toolchains/AutomizerC.xml: TIMEOUT(Expected:SAFE): ExpectedResult: SAFE UltimateResult: TIMEOUT   [ShortDescription: Timeout LongDescription: Timout or Toolchain cancelled by user]
2014-11-03_22-58-20-325 ### 36/258 ### Starting test for Input:svcomp/bitvector/s3_clnt_2_false-unreach-call.BV.c.cil.c Settings:settings/svcomp2015/svComp-32bit-precise-Automizer.epf Toolchain:toolchains/AutomizerC.xml
2014-11-03_22-58-23-642 Finishing test with UNKNOWN for Input:svcomp/bitvector/s3_clnt_2_false-unreach-call.BV.c.cil.c Settings:settings/svcomp2015/svComp-32bit-precise-Automizer.epf Toolchain:toolchains/AutomizerC.xml: UNKNOWN(Expected:UNSAFE): ExpectedResult: UNSAFE UltimateResult: UNKNOWN   Unable to prove that call of __VERIFIER_error() unreachable 
2014-11-03_22-58-23-746 ### 37/258 ### Starting test for Input:svcomp/bitvector/s3_clnt_3_false-unreach-call.BV.c.cil.c Settings:settings/svcomp2015/svComp-32bit-precise-Automizer.epf Toolchain:toolchains/AutomizerC.xml
2014-11-03_22-58-24-349 Finishing test with UNKNOWN for Input:svcomp/bitvector/s3_clnt_3_false-unreach-call.BV.c.cil.c Settings:settings/svcomp2015/svComp-32bit-precise-Automizer.epf Toolchain:toolchains/AutomizerC.xml: UNKNOWN(Expected:UNSAFE): ExpectedResult: UNSAFE UltimateResult: UNKNOWN   Unable to prove that call of __VERIFIER_error() unreachable 
2014-11-03_22-58-24-443 ### 38/258 ### Starting test for Input:svcomp/bitvector/s3_srvr_1_true-unreach-call.BV.c.cil.c Settings:settings/svcomp2015/svComp-32bit-precise-Automizer.epf Toolchain:toolchains/AutomizerC.xml
2014-11-03_22-58-30-320 Finishing test with SUCCESS for Input:svcomp/bitvector/s3_srvr_1_true-unreach-call.BV.c.cil.c Settings:settings/svcomp2015/svComp-32bit-precise-Automizer.epf Toolchain:toolchains/AutomizerC.xml: SAFE(Expected:SAFE): ExpectedResult: SAFE UltimateResult: SAFE   [ShortDescription: All specifications hold LongDescription: 1 specifications checked. All of them hold]
2014-11-03_22-58-30-414 ### 39/258 ### Starting test for Input:svcomp/bitvector/s3_srvr_2_true-unreach-call.BV.c.cil.c Settings:settings/svcomp2015/svComp-32bit-precise-Automizer.epf Toolchain:toolchains/AutomizerC.xml
2014-11-03_22-58-57-301 Finishing test with SUCCESS for Input:svcomp/bitvector/s3_srvr_2_true-unreach-call.BV.c.cil.c Settings:settings/svcomp2015/svComp-32bit-precise-Automizer.epf Toolchain:toolchains/AutomizerC.xml: SAFE(Expected:SAFE): ExpectedResult: SAFE UltimateResult: SAFE   [ShortDescription: All specifications hold LongDescription: 1 specifications checked. All of them hold]
2014-11-03_22-58-57-398 ### 40/258 ### Starting test for Input:svcomp/bitvector-regression/integerpromotion_true-unreach-call.i Settings:settings/svcomp2015/svComp-32bit-precise-BE-Impulse.epf Toolchain:toolchains/CodeCheckWithBE-C.xml
2014-11-03_22-58-57-496 Finishing test with FAIL for Input:svcomp/bitvector-regression/integerpromotion_true-unreach-call.i Settings:settings/svcomp2015/svComp-32bit-precise-BE-Impulse.epf Toolchain:toolchains/CodeCheckWithBE-C.xml: UNSAFE(Expected:SAFE): ExpectedResult: SAFE UltimateResult: UNSAFE   a call of __VERIFIER_error() is reachable 
2014-11-03_22-58-57-592 ### 41/258 ### Starting test for Input:svcomp/bitvector-regression/pointer_extension3_false-unreach-call.i Settings:settings/svcomp2015/svComp-32bit-precise-BE-Impulse.epf Toolchain:toolchains/CodeCheckWithBE-C.xml
2014-11-03_22-58-57-683 Finishing test with SUCCESS for Input:svcomp/bitvector-regression/pointer_extension3_false-unreach-call.i Settings:settings/svcomp2015/svComp-32bit-precise-BE-Impulse.epf Toolchain:toolchains/CodeCheckWithBE-C.xml: UNSAFE(Expected:UNSAFE): ExpectedResult: UNSAFE UltimateResult: UNSAFE   a call of __VERIFIER_error() is reachable 
2014-11-03_22-58-57-778 ### 42/258 ### Starting test for Input:svcomp/bitvector-regression/pointer_extension_false-unreach-call.i Settings:settings/svcomp2015/svComp-32bit-precise-BE-Impulse.epf Toolchain:toolchains/CodeCheckWithBE-C.xml
2014-11-03_22-58-57-868 Finishing test with SUCCESS for Input:svcomp/bitvector-regression/pointer_extension_false-unreach-call.i Settings:settings/svcomp2015/svComp-32bit-precise-BE-Impulse.epf Toolchain:toolchains/CodeCheckWithBE-C.xml: UNSAFE(Expected:UNSAFE): ExpectedResult: UNSAFE UltimateResult: UNSAFE   a call of __VERIFIER_error() is reachable 
2014-11-03_22-58-57-961 ### 43/258 ### Starting test for Input:svcomp/bitvector-regression/signextension2_true-unreach-call.i Settings:settings/svcomp2015/svComp-32bit-precise-BE-Impulse.epf Toolchain:toolchains/CodeCheckWithBE-C.xml
2014-11-03_22-58-58-041 Finishing test with SUCCESS for Input:svcomp/bitvector-regression/signextension2_true-unreach-call.i Settings:settings/svcomp2015/svComp-32bit-precise-BE-Impulse.epf Toolchain:toolchains/CodeCheckWithBE-C.xml: SAFE(Expected:SAFE): ExpectedResult: SAFE UltimateResult: SAFE   [ShortDescription: All specifications hold LongDescription: 1 specifications checked. All of them hold]
2014-11-03_22-58-58-140 ### 44/258 ### Starting test for Input:svcomp/bitvector/byte_add_false-unreach-call.i Settings:settings/svcomp2015/svComp-32bit-precise-BE-Impulse.epf Toolchain:toolchains/CodeCheckWithBE-C.xml
2014-11-03_22-58-59-092 Finishing test with SUCCESS for Input:svcomp/bitvector/byte_add_false-unreach-call.i Settings:settings/svcomp2015/svComp-32bit-precise-BE-Impulse.epf Toolchain:toolchains/CodeCheckWithBE-C.xml: UNSAFE(Expected:UNSAFE): ExpectedResult: UNSAFE UltimateResult: UNSAFE   a call of __VERIFIER_error() is reachable 
2014-11-03_22-58-59-225 ### 45/258 ### Starting test for Input:svcomp/bitvector/jain_5_true-unreach-call.i Settings:settings/svcomp2015/svComp-32bit-precise-BE-Impulse.epf Toolchain:toolchains/CodeCheckWithBE-C.xml
2014-11-03_22-59-00-128 Finishing test with SUCCESS for Input:svcomp/bitvector/jain_5_true-unreach-call.i Settings:settings/svcomp2015/svComp-32bit-precise-BE-Impulse.epf Toolchain:toolchains/CodeCheckWithBE-C.xml: SAFE(Expected:SAFE): ExpectedResult: SAFE UltimateResult: SAFE   [ShortDescription: All specifications hold LongDescription: 1 specifications checked. All of them hold]
2014-11-03_22-59-00-224 ### 46/258 ### Starting test for Input:svcomp/bitvector/jain_6_true-unreach-call.i Settings:settings/svcomp2015/svComp-32bit-precise-BE-Impulse.epf Toolchain:toolchains/CodeCheckWithBE-C.xml
2014-11-03_22-59-46-360 Finishing test with UNKNOWN for Input:svcomp/bitvector/jain_6_true-unreach-call.i Settings:settings/svcomp2015/svComp-32bit-precise-BE-Impulse.epf Toolchain:toolchains/CodeCheckWithBE-C.xml: TIMEOUT(Expected:SAFE): ExpectedResult: SAFE UltimateResult: TIMEOUT   [ShortDescription: Timeout LongDescription: Timout or Toolchain cancelled by user]
2014-11-03_22-59-46-466 ### 47/258 ### Starting test for Input:svcomp/bitvector/s3_clnt_2_false-unreach-call.BV.c.cil.c Settings:settings/svcomp2015/svComp-32bit-precise-BE-Impulse.epf Toolchain:toolchains/CodeCheckWithBE-C.xml
2014-11-03_23-00-16-594 Finishing test with UNKNOWN for Input:svcomp/bitvector/s3_clnt_2_false-unreach-call.BV.c.cil.c Settings:settings/svcomp2015/svComp-32bit-precise-BE-Impulse.epf Toolchain:toolchains/CodeCheckWithBE-C.xml: TIMEOUT(Expected:UNSAFE): ExpectedResult: UNSAFE UltimateResult: TIMEOUT   [ShortDescription: Timeout LongDescription: Unable to prove that call of __VERIFIER_error() unreachable (line 606)]
2014-11-03_23-00-16-785 ### 48/258 ### Starting test for Input:svcomp/bitvector/s3_clnt_3_false-unreach-call.BV.c.cil.c Settings:settings/svcomp2015/svComp-32bit-precise-BE-Impulse.epf Toolchain:toolchains/CodeCheckWithBE-C.xml
2014-11-03_23-00-18-305 Finishing test with SUCCESS for Input:svcomp/bitvector/s3_clnt_3_false-unreach-call.BV.c.cil.c Settings:settings/svcomp2015/svComp-32bit-precise-BE-Impulse.epf Toolchain:toolchains/CodeCheckWithBE-C.xml: UNSAFE(Expected:UNSAFE): ExpectedResult: UNSAFE UltimateResult: UNSAFE   a call of __VERIFIER_error() is reachable 
2014-11-03_23-00-18-430 ### 49/258 ### Starting test for Input:svcomp/bitvector/s3_srvr_1_true-unreach-call.BV.c.cil.c Settings:settings/svcomp2015/svComp-32bit-precise-BE-Impulse.epf Toolchain:toolchains/CodeCheckWithBE-C.xml
2014-11-03_23-00-48-472 Finishing test with UNKNOWN for Input:svcomp/bitvector/s3_srvr_1_true-unreach-call.BV.c.cil.c Settings:settings/svcomp2015/svComp-32bit-precise-BE-Impulse.epf Toolchain:toolchains/CodeCheckWithBE-C.xml: TIMEOUT(Expected:SAFE): ExpectedResult: SAFE UltimateResult: TIMEOUT   [ShortDescription: Timeout LongDescription: Timout or Toolchain cancelled by user]
2014-11-03_23-00-48-599 ### 50/258 ### Starting test for Input:svcomp/bitvector/s3_srvr_2_true-unreach-call.BV.c.cil.c Settings:settings/svcomp2015/svComp-32bit-precise-BE-Impulse.epf Toolchain:toolchains/CodeCheckWithBE-C.xml
2014-11-03_23-01-19-294 Finishing test with UNKNOWN for Input:svcomp/bitvector/s3_srvr_2_true-unreach-call.BV.c.cil.c Settings:settings/svcomp2015/svComp-32bit-precise-BE-Impulse.epf Toolchain:toolchains/CodeCheckWithBE-C.xml: TIMEOUT(Expected:SAFE): ExpectedResult: SAFE UltimateResult: TIMEOUT   [ShortDescription: Timeout LongDescription: Unable to prove that call of __VERIFIER_error() unreachable (line 669)]
2014-11-03_23-01-19-436 ### 51/258 ### Starting test for Input:svcomp/locks/test_locks_12_true-unreach-call_false-termination.c Settings:settings/svcomp2015/svComp-32bit-precise-Automizer.epf Toolchain:toolchains/AutomizerC.xml
2014-11-03_23-01-27-492 Finishing test with SUCCESS for Input:svcomp/locks/test_locks_12_true-unreach-call_false-termination.c Settings:settings/svcomp2015/svComp-32bit-precise-Automizer.epf Toolchain:toolchains/AutomizerC.xml: SAFE(Expected:SAFE): ExpectedResult: SAFE UltimateResult: SAFE   [ShortDescription: All specifications hold LongDescription: 1 specifications checked. All of them hold]
2014-11-03_23-01-27-645 ### 52/258 ### Starting test for Input:svcomp/locks/test_locks_13_true-unreach-call.c Settings:settings/svcomp2015/svComp-32bit-precise-Automizer.epf Toolchain:toolchains/AutomizerC.xml
2014-11-03_23-01-42-364 Finishing test with SUCCESS for Input:svcomp/locks/test_locks_13_true-unreach-call.c Settings:settings/svcomp2015/svComp-32bit-precise-Automizer.epf Toolchain:toolchains/AutomizerC.xml: SAFE(Expected:SAFE): ExpectedResult: SAFE UltimateResult: SAFE   [ShortDescription: All specifications hold LongDescription: 1 specifications checked. All of them hold]
2014-11-03_23-01-42-491 ### 53/258 ### Starting test for Input:svcomp/locks/test_locks_14_false-unreach-call.c Settings:settings/svcomp2015/svComp-32bit-precise-Automizer.epf Toolchain:toolchains/AutomizerC.xml
2014-11-03_23-01-42-680 Finishing test with SUCCESS for Input:svcomp/locks/test_locks_14_false-unreach-call.c Settings:settings/svcomp2015/svComp-32bit-precise-Automizer.epf Toolchain:toolchains/AutomizerC.xml: UNSAFE(Expected:UNSAFE): ExpectedResult: UNSAFE UltimateResult: UNSAFE   a call of __VERIFIER_error() is reachable 
2014-11-03_23-01-42-806 ### 54/258 ### Starting test for Input:svcomp/locks/test_locks_15_false-unreach-call.c Settings:settings/svcomp2015/svComp-32bit-precise-Automizer.epf Toolchain:toolchains/AutomizerC.xml
2014-11-03_23-01-43-107 Finishing test with SUCCESS for Input:svcomp/locks/test_locks_15_false-unreach-call.c Settings:settings/svcomp2015/svComp-32bit-precise-Automizer.epf Toolchain:toolchains/AutomizerC.xml: UNSAFE(Expected:UNSAFE): ExpectedResult: UNSAFE UltimateResult: UNSAFE   a call of __VERIFIER_error() is reachable 
2014-11-03_23-01-43-239 ### 55/258 ### Starting test for Input:svcomp/ntdrivers-simplified/cdaudio_simpl1_false-unreach-call_true-termination.cil.c Settings:settings/svcomp2015/svComp-32bit-precise-Automizer.epf Toolchain:toolchains/AutomizerC.xml
2014-11-03_23-02-03-509 Finishing test with SUCCESS for Input:svcomp/ntdrivers-simplified/cdaudio_simpl1_false-unreach-call_true-termination.cil.c Settings:settings/svcomp2015/svComp-32bit-precise-Automizer.epf Toolchain:toolchains/AutomizerC.xml: UNSAFE(Expected:UNSAFE): ExpectedResult: UNSAFE UltimateResult: UNSAFE   a call of __VERIFIER_error() is reachable 
2014-11-03_23-02-03-659 ### 56/258 ### Starting test for Input:svcomp/ntdrivers-simplified/floppy_simpl3_false-unreach-call_true-termination.cil.c Settings:settings/svcomp2015/svComp-32bit-precise-Automizer.epf Toolchain:toolchains/AutomizerC.xml
2014-11-03_23-02-14-353 Finishing test with SUCCESS for Input:svcomp/ntdrivers-simplified/floppy_simpl3_false-unreach-call_true-termination.cil.c Settings:settings/svcomp2015/svComp-32bit-precise-Automizer.epf Toolchain:toolchains/AutomizerC.xml: UNSAFE(Expected:UNSAFE): ExpectedResult: UNSAFE UltimateResult: UNSAFE   a call of __VERIFIER_error() is reachable 
2014-11-03_23-02-14-506 ### 57/258 ### Starting test for Input:svcomp/ntdrivers-simplified/kbfiltr_simpl1_true-unreach-call_true-termination.cil.c Settings:settings/svcomp2015/svComp-32bit-precise-Automizer.epf Toolchain:toolchains/AutomizerC.xml
2014-11-03_23-02-16-501 Finishing test with SUCCESS for Input:svcomp/ntdrivers-simplified/kbfiltr_simpl1_true-unreach-call_true-termination.cil.c Settings:settings/svcomp2015/svComp-32bit-precise-Automizer.epf Toolchain:toolchains/AutomizerC.xml: SAFE(Expected:SAFE): ExpectedResult: SAFE UltimateResult: SAFE   [ShortDescription: All specifications hold LongDescription: 1 specifications checked. All of them hold]
2014-11-03_23-02-16-633 ### 58/258 ### Starting test for Input:svcomp/ntdrivers-simplified/kbfiltr_simpl2_true-unreach-call_true-termination.cil.c Settings:settings/svcomp2015/svComp-32bit-precise-Automizer.epf Toolchain:toolchains/AutomizerC.xml
2014-11-03_23-02-19-159 Finishing test with SUCCESS for Input:svcomp/ntdrivers-simplified/kbfiltr_simpl2_true-unreach-call_true-termination.cil.c Settings:settings/svcomp2015/svComp-32bit-precise-Automizer.epf Toolchain:toolchains/AutomizerC.xml: SAFE(Expected:SAFE): ExpectedResult: SAFE UltimateResult: SAFE   [ShortDescription: All specifications hold LongDescription: 1 specifications checked. All of them hold]
2014-11-03_23-02-19-299 ### 59/258 ### Starting test for Input:svcomp/ssh-simplified/s3_clnt_1_false-unreach-call.cil.c Settings:settings/svcomp2015/svComp-32bit-precise-Automizer.epf Toolchain:toolchains/AutomizerC.xml
2014-11-03_23-02-20-366 Finishing test with SUCCESS for Input:svcomp/ssh-simplified/s3_clnt_1_false-unreach-call.cil.c Settings:settings/svcomp2015/svComp-32bit-precise-Automizer.epf Toolchain:toolchains/AutomizerC.xml: UNSAFE(Expected:UNSAFE): ExpectedResult: UNSAFE UltimateResult: UNSAFE   a call of __VERIFIER_error() is reachable 
2014-11-03_23-02-20-498 ### 60/258 ### Starting test for Input:svcomp/ssh-simplified/s3_clnt_4_false-unreach-call.cil.c Settings:settings/svcomp2015/svComp-32bit-precise-Automizer.epf Toolchain:toolchains/AutomizerC.xml
2014-11-03_23-02-21-624 Finishing test with SUCCESS for Input:svcomp/ssh-simplified/s3_clnt_4_false-unreach-call.cil.c Settings:settings/svcomp2015/svComp-32bit-precise-Automizer.epf Toolchain:toolchains/AutomizerC.xml: UNSAFE(Expected:UNSAFE): ExpectedResult: UNSAFE UltimateResult: UNSAFE   a call of __VERIFIER_error() is reachable 
2014-11-03_23-02-21-770 ### 61/258 ### Starting test for Input:svcomp/ssh-simplified/s3_srvr_1_true-unreach-call.cil.c Settings:settings/svcomp2015/svComp-32bit-precise-Automizer.epf Toolchain:toolchains/AutomizerC.xml
2014-11-03_23-02-28-574 Finishing test with SUCCESS for Input:svcomp/ssh-simplified/s3_srvr_1_true-unreach-call.cil.c Settings:settings/svcomp2015/svComp-32bit-precise-Automizer.epf Toolchain:toolchains/AutomizerC.xml: SAFE(Expected:SAFE): ExpectedResult: SAFE UltimateResult: SAFE   [ShortDescription: All specifications hold LongDescription: 1 specifications checked. All of them hold]
2014-11-03_23-02-28-707 ### 62/258 ### Starting test for Input:svcomp/ssh-simplified/s3_srvr_6_true-unreach-call.cil.c Settings:settings/svcomp2015/svComp-32bit-precise-Automizer.epf Toolchain:toolchains/AutomizerC.xml
2014-11-03_23-02-39-863 Finishing test with SUCCESS for Input:svcomp/ssh-simplified/s3_srvr_6_true-unreach-call.cil.c Settings:settings/svcomp2015/svComp-32bit-precise-Automizer.epf Toolchain:toolchains/AutomizerC.xml: SAFE(Expected:SAFE): ExpectedResult: SAFE UltimateResult: SAFE   [ShortDescription: All specifications hold LongDescription: 1 specifications checked. All of them hold]
2014-11-03_23-02-40-006 ### 63/258 ### Starting test for Input:svcomp/locks/test_locks_12_true-unreach-call_false-termination.c Settings:settings/svcomp2015/svComp-32bit-precise-BE-Impulse.epf Toolchain:toolchains/CodeCheckWithBE-C.xml
2014-11-03_23-02-40-734 Finishing test with SUCCESS for Input:svcomp/locks/test_locks_12_true-unreach-call_false-termination.c Settings:settings/svcomp2015/svComp-32bit-precise-BE-Impulse.epf Toolchain:toolchains/CodeCheckWithBE-C.xml: SAFE(Expected:SAFE): ExpectedResult: SAFE UltimateResult: SAFE   [ShortDescription: All specifications hold LongDescription: 1 specifications checked. All of them hold]
2014-11-03_23-02-40-857 ### 64/258 ### Starting test for Input:svcomp/locks/test_locks_13_true-unreach-call.c Settings:settings/svcomp2015/svComp-32bit-precise-BE-Impulse.epf Toolchain:toolchains/CodeCheckWithBE-C.xml
2014-11-03_23-02-41-695 Finishing test with SUCCESS for Input:svcomp/locks/test_locks_13_true-unreach-call.c Settings:settings/svcomp2015/svComp-32bit-precise-BE-Impulse.epf Toolchain:toolchains/CodeCheckWithBE-C.xml: SAFE(Expected:SAFE): ExpectedResult: SAFE UltimateResult: SAFE   [ShortDescription: All specifications hold LongDescription: 1 specifications checked. All of them hold]
2014-11-03_23-02-41-821 ### 65/258 ### Starting test for Input:svcomp/locks/test_locks_14_false-unreach-call.c Settings:settings/svcomp2015/svComp-32bit-precise-BE-Impulse.epf Toolchain:toolchains/CodeCheckWithBE-C.xml
2014-11-03_23-02-42-722 Finishing test with SUCCESS for Input:svcomp/locks/test_locks_14_false-unreach-call.c Settings:settings/svcomp2015/svComp-32bit-precise-BE-Impulse.epf Toolchain:toolchains/CodeCheckWithBE-C.xml: UNSAFE(Expected:UNSAFE): ExpectedResult: UNSAFE UltimateResult: UNSAFE   a call of __VERIFIER_error() is reachable 
2014-11-03_23-02-42-856 ### 66/258 ### Starting test for Input:svcomp/locks/test_locks_15_false-unreach-call.c Settings:settings/svcomp2015/svComp-32bit-precise-BE-Impulse.epf Toolchain:toolchains/CodeCheckWithBE-C.xml
2014-11-03_23-02-43-850 Finishing test with SUCCESS for Input:svcomp/locks/test_locks_15_false-unreach-call.c Settings:settings/svcomp2015/svComp-32bit-precise-BE-Impulse.epf Toolchain:toolchains/CodeCheckWithBE-C.xml: UNSAFE(Expected:UNSAFE): ExpectedResult: UNSAFE UltimateResult: UNSAFE   a call of __VERIFIER_error() is reachable 
2014-11-03_23-02-43-986 ### 67/258 ### Starting test for Input:svcomp/ntdrivers-simplified/cdaudio_simpl1_false-unreach-call_true-termination.cil.c Settings:settings/svcomp2015/svComp-32bit-precise-BE-Impulse.epf Toolchain:toolchains/CodeCheckWithBE-C.xml
2014-11-03_23-03-14-144 Finishing test with UNKNOWN for Input:svcomp/ntdrivers-simplified/cdaudio_simpl1_false-unreach-call_true-termination.cil.c Settings:settings/svcomp2015/svComp-32bit-precise-BE-Impulse.epf Toolchain:toolchains/CodeCheckWithBE-C.xml: TIMEOUT(Expected:UNSAFE): ExpectedResult: UNSAFE UltimateResult: TIMEOUT   [ShortDescription: Timeout LongDescription: Unable to prove that call of __VERIFIER_error() unreachable (line 36)]
2014-11-03_23-03-14-313 ### 68/258 ### Starting test for Input:svcomp/ntdrivers-simplified/floppy_simpl3_false-unreach-call_true-termination.cil.c Settings:settings/svcomp2015/svComp-32bit-precise-BE-Impulse.epf Toolchain:toolchains/CodeCheckWithBE-C.xml
2014-11-03_23-03-44-349 Finishing test with UNKNOWN for Input:svcomp/ntdrivers-simplified/floppy_simpl3_false-unreach-call_true-termination.cil.c Settings:settings/svcomp2015/svComp-32bit-precise-BE-Impulse.epf Toolchain:toolchains/CodeCheckWithBE-C.xml: TIMEOUT(Expected:UNSAFE): ExpectedResult: UNSAFE UltimateResult: TIMEOUT   [ShortDescription: Timeout LongDescription: Unable to prove that call of __VERIFIER_error() unreachable (line 38)]
2014-11-03_23-03-44-482 ### 69/258 ### Starting test for Input:svcomp/ntdrivers-simplified/kbfiltr_simpl1_true-unreach-call_true-termination.cil.c Settings:settings/svcomp2015/svComp-32bit-precise-BE-Impulse.epf Toolchain:toolchains/CodeCheckWithBE-C.xml
2014-11-03_23-04-14-502 Finishing test with UNKNOWN for Input:svcomp/ntdrivers-simplified/kbfiltr_simpl1_true-unreach-call_true-termination.cil.c Settings:settings/svcomp2015/svComp-32bit-precise-BE-Impulse.epf Toolchain:toolchains/CodeCheckWithBE-C.xml: TIMEOUT(Expected:SAFE): ExpectedResult: SAFE UltimateResult: TIMEOUT   [ShortDescription: Timeout LongDescription: Timout or Toolchain cancelled by user]
2014-11-03_23-04-14-624 ### 70/258 ### Starting test for Input:svcomp/ntdrivers-simplified/kbfiltr_simpl2_true-unreach-call_true-termination.cil.c Settings:settings/svcomp2015/svComp-32bit-precise-BE-Impulse.epf Toolchain:toolchains/CodeCheckWithBE-C.xml
2014-11-03_23-04-46-473 Finishing test with UNKNOWN for Input:svcomp/ntdrivers-simplified/kbfiltr_simpl2_true-unreach-call_true-termination.cil.c Settings:settings/svcomp2015/svComp-32bit-precise-BE-Impulse.epf Toolchain:toolchains/CodeCheckWithBE-C.xml: TIMEOUT(Expected:SAFE): ExpectedResult: SAFE UltimateResult: TIMEOUT   [ShortDescription: Timeout LongDescription: Unable to prove that call of __VERIFIER_error() unreachable (line 1325)]
2014-11-03_23-04-46-609 ### 71/258 ### Starting test for Input:svcomp/ssh-simplified/s3_clnt_1_false-unreach-call.cil.c Settings:settings/svcomp2015/svComp-32bit-precise-BE-Impulse.epf Toolchain:toolchains/CodeCheckWithBE-C.xml
2014-11-03_23-04-54-912 Finishing test with SUCCESS for Input:svcomp/ssh-simplified/s3_clnt_1_false-unreach-call.cil.c Settings:settings/svcomp2015/svComp-32bit-precise-BE-Impulse.epf Toolchain:toolchains/CodeCheckWithBE-C.xml: UNSAFE(Expected:UNSAFE): ExpectedResult: UNSAFE UltimateResult: UNSAFE   a call of __VERIFIER_error() is reachable 
2014-11-03_23-04-55-039 ### 72/258 ### Starting test for Input:svcomp/ssh-simplified/s3_clnt_4_false-unreach-call.cil.c Settings:settings/svcomp2015/svComp-32bit-precise-BE-Impulse.epf Toolchain:toolchains/CodeCheckWithBE-C.xml
2014-11-03_23-05-00-401 Finishing test with SUCCESS for Input:svcomp/ssh-simplified/s3_clnt_4_false-unreach-call.cil.c Settings:settings/svcomp2015/svComp-32bit-precise-BE-Impulse.epf Toolchain:toolchains/CodeCheckWithBE-C.xml: UNSAFE(Expected:UNSAFE): ExpectedResult: UNSAFE UltimateResult: UNSAFE   a call of __VERIFIER_error() is reachable 
2014-11-03_23-05-00-558 ### 73/258 ### Starting test for Input:svcomp/ssh-simplified/s3_srvr_1_true-unreach-call.cil.c Settings:settings/svcomp2015/svComp-32bit-precise-BE-Impulse.epf Toolchain:toolchains/CodeCheckWithBE-C.xml
2014-11-03_23-05-30-615 Finishing test with UNKNOWN for Input:svcomp/ssh-simplified/s3_srvr_1_true-unreach-call.cil.c Settings:settings/svcomp2015/svComp-32bit-precise-BE-Impulse.epf Toolchain:toolchains/CodeCheckWithBE-C.xml: TIMEOUT(Expected:SAFE): ExpectedResult: SAFE UltimateResult: TIMEOUT   [ShortDescription: Timeout LongDescription: Timout or Toolchain cancelled by user]
2014-11-03_23-05-30-772 ### 74/258 ### Starting test for Input:svcomp/ssh-simplified/s3_srvr_6_true-unreach-call.cil.c Settings:settings/svcomp2015/svComp-32bit-precise-BE-Impulse.epf Toolchain:toolchains/CodeCheckWithBE-C.xml
2014-11-03_23-06-00-794 Finishing test with UNKNOWN for Input:svcomp/ssh-simplified/s3_srvr_6_true-unreach-call.cil.c Settings:settings/svcomp2015/svComp-32bit-precise-BE-Impulse.epf Toolchain:toolchains/CodeCheckWithBE-C.xml: TIMEOUT(Expected:SAFE): ExpectedResult: SAFE UltimateResult: TIMEOUT   [ShortDescription: Timeout LongDescription: Timout or Toolchain cancelled by user]
2014-11-03_23-06-00-947 ### 75/258 ### Starting test for Input:svcomp/ldv-commit-tester/m0_false-unreach-call_drivers-staging-comedi-drivers-ni_670x-ko--107_1a--adbbc36-1.c Settings:settings/svcomp2015/svComp-64bit-simple-Automizer.epf Toolchain:toolchains/AutomizerC.xml
2014-11-03_23-06-01-042 Finishing test with FAIL for Input:svcomp/ldv-commit-tester/m0_false-unreach-call_drivers-staging-comedi-drivers-ni_670x-ko--107_1a--adbbc36-1.c Settings:settings/svcomp2015/svComp-64bit-simple-Automizer.epf Toolchain:toolchains/AutomizerC.xml: UNSUPPORTED_SYNTAX(Expected:UNSAFE): ExpectedResult: UNSAFE UltimateResult: UNSUPPORTED_SYNTAX   [ShortDescription: Unsupported Syntax LongDescription: bitfields are not supported at the moment]
2014-11-03_23-06-01-198 ### 76/258 ### Starting test for Input:svcomp/ldv-commit-tester/main7_true-unreach-call_sound-oss-sound-ko--32_7a--c4cb1dd.c Settings:settings/svcomp2015/svComp-64bit-simple-Automizer.epf Toolchain:toolchains/AutomizerC.xml
2014-11-03_23-06-01-752 Finishing test with FAIL for Input:svcomp/ldv-commit-tester/main7_true-unreach-call_sound-oss-sound-ko--32_7a--c4cb1dd.c Settings:settings/svcomp2015/svComp-64bit-simple-Automizer.epf Toolchain:toolchains/AutomizerC.xml: UNSUPPORTED_SYNTAX(Expected:SAFE): ExpectedResult: SAFE UltimateResult: UNSUPPORTED_SYNTAX   [ShortDescription: Unsupported Syntax LongDescription: bitfields are not supported at the moment]
2014-11-03_23-06-01-926 ### 77/258 ### Starting test for Input:svcomp/ldv-consumption/32_7a_cilled_true-unreach-call_linux-3.8-rc1-drivers--media--usb--em28xx--em28xx.ko-main.cil.out.c Settings:settings/svcomp2015/svComp-64bit-simple-Automizer.epf Toolchain:toolchains/AutomizerC.xml
2014-11-03_23-06-02-289 Finishing test with FAIL for Input:svcomp/ldv-consumption/32_7a_cilled_true-unreach-call_linux-3.8-rc1-drivers--media--usb--em28xx--em28xx.ko-main.cil.out.c Settings:settings/svcomp2015/svComp-64bit-simple-Automizer.epf Toolchain:toolchains/AutomizerC.xml: UNSUPPORTED_SYNTAX(Expected:SAFE): ExpectedResult: SAFE UltimateResult: UNSUPPORTED_SYNTAX   [ShortDescription: Unsupported Syntax LongDescription: bitfields are not supported at the moment]
2014-11-03_23-06-02-446 ### 78/258 ### Starting test for Input:svcomp/ldv-consumption/linux-3.8-rc1-32_7a-drivers--pcmcia--pcmcia.ko-ldv_main0_false-unreach-call.cil.out.c Settings:settings/svcomp2015/svComp-64bit-simple-Automizer.epf Toolchain:toolchains/AutomizerC.xml
2014-11-03_23-06-02-663 Finishing test with FAIL for Input:svcomp/ldv-consumption/linux-3.8-rc1-32_7a-drivers--pcmcia--pcmcia.ko-ldv_main0_false-unreach-call.cil.out.c Settings:settings/svcomp2015/svComp-64bit-simple-Automizer.epf Toolchain:toolchains/AutomizerC.xml: UNSUPPORTED_SYNTAX(Expected:UNSAFE): ExpectedResult: UNSAFE UltimateResult: UNSUPPORTED_SYNTAX   [ShortDescription: Unsupported Syntax LongDescription: bitfields are not supported at the moment]
2014-11-03_23-06-02-826 ### 79/258 ### Starting test for Input:svcomp/ldv-linux-3.0/usb_urb-drivers-input-misc-keyspan_remote.ko_false-unreach-call.cil.out.i.pp.i Settings:settings/svcomp2015/svComp-64bit-simple-Automizer.epf Toolchain:toolchains/AutomizerC.xml
2014-11-03_23-06-02-894 Finishing test with FAIL for Input:svcomp/ldv-linux-3.0/usb_urb-drivers-input-misc-keyspan_remote.ko_false-unreach-call.cil.out.i.pp.i Settings:settings/svcomp2015/svComp-64bit-simple-Automizer.epf Toolchain:toolchains/AutomizerC.xml: UNSUPPORTED_SYNTAX(Expected:UNSAFE): ExpectedResult: UNSAFE UltimateResult: UNSUPPORTED_SYNTAX   [ShortDescription: Unsupported Syntax LongDescription: bitfields are not supported at the moment]
2014-11-03_23-06-03-046 ### 80/258 ### Starting test for Input:svcomp/ldv-linux-3.0/usb_urb-drivers-media-video-c-qcam.ko_true-unreach-call.cil.out.i.pp.i Settings:settings/svcomp2015/svComp-64bit-simple-Automizer.epf Toolchain:toolchains/AutomizerC.xml
2014-11-03_23-06-03-134 Finishing test with FAIL for Input:svcomp/ldv-linux-3.0/usb_urb-drivers-media-video-c-qcam.ko_true-unreach-call.cil.out.i.pp.i Settings:settings/svcomp2015/svComp-64bit-simple-Automizer.epf Toolchain:toolchains/AutomizerC.xml: UNSUPPORTED_SYNTAX(Expected:SAFE): ExpectedResult: SAFE UltimateResult: UNSUPPORTED_SYNTAX   [ShortDescription: Unsupported Syntax LongDescription: bitfields are not supported at the moment]
2014-11-03_23-06-03-301 ### 81/258 ### Starting test for Input:svcomp/ldv-linux-3.12-rc1/linux-3.12-rc1.tar.xz-144_2a-drivers--net--usb--cdc_mbim.ko-entry_point_true-unreach-call.cil.out.c Settings:settings/svcomp2015/svComp-64bit-simple-Automizer.epf Toolchain:toolchains/AutomizerC.xml
2014-11-03_23-06-03-371 Finishing test with FAIL for Input:svcomp/ldv-linux-3.12-rc1/linux-3.12-rc1.tar.xz-144_2a-drivers--net--usb--cdc_mbim.ko-entry_point_true-unreach-call.cil.out.c Settings:settings/svcomp2015/svComp-64bit-simple-Automizer.epf Toolchain:toolchains/AutomizerC.xml: UNSUPPORTED_SYNTAX(Expected:SAFE): ExpectedResult: SAFE UltimateResult: UNSUPPORTED_SYNTAX   [ShortDescription: Unsupported Syntax LongDescription: bitfields are not supported at the moment]
2014-11-03_23-06-03-514 ### 82/258 ### Starting test for Input:svcomp/ldv-linux-3.12-rc1/linux-3.12-rc1.tar.xz-144_2a-drivers--staging--media--go7007--go7007-loader.ko-entry_point_false-unreach-call.cil.out.c Settings:settings/svcomp2015/svComp-64bit-simple-Automizer.epf Toolchain:toolchains/AutomizerC.xml
2014-11-03_23-06-03-559 Finishing test with FAIL for Input:svcomp/ldv-linux-3.12-rc1/linux-3.12-rc1.tar.xz-144_2a-drivers--staging--media--go7007--go7007-loader.ko-entry_point_false-unreach-call.cil.out.c Settings:settings/svcomp2015/svComp-64bit-simple-Automizer.epf Toolchain:toolchains/AutomizerC.xml: UNSUPPORTED_SYNTAX(Expected:UNSAFE): ExpectedResult: UNSAFE UltimateResult: UNSUPPORTED_SYNTAX   [ShortDescription: Unsupported Syntax LongDescription: bitfields are not supported at the moment]
2014-11-03_23-06-03-710 ### 83/258 ### Starting test for Input:svcomp/ldv-linux-3.16-rc1/205_9a_array_unsafes_linux-3.16-rc1.tar.xz-205_9a-drivers--net--wireless--hostap--hostap_plx.ko-entry_point_false-unreach-call.cil.out.c Settings:settings/svcomp2015/svComp-64bit-simple-Automizer.epf Toolchain:toolchains/AutomizerC.xml
2014-11-03_23-06-03-837 Finishing test with FAIL for Input:svcomp/ldv-linux-3.16-rc1/205_9a_array_unsafes_linux-3.16-rc1.tar.xz-205_9a-drivers--net--wireless--hostap--hostap_plx.ko-entry_point_false-unreach-call.cil.out.c Settings:settings/svcomp2015/svComp-64bit-simple-Automizer.epf Toolchain:toolchains/AutomizerC.xml: UNSUPPORTED_SYNTAX(Expected:UNSAFE): ExpectedResult: UNSAFE UltimateResult: UNSUPPORTED_SYNTAX   [ShortDescription: Unsupported Syntax LongDescription: bitfields are not supported at the moment]
2014-11-03_23-06-03-996 ### 84/258 ### Starting test for Input:svcomp/ldv-linux-3.16-rc1/43_2a_consumption_linux-3.16-rc1.tar.xz-43_2a-drivers--isdn--mISDN--mISDN_dsp.ko-entry_point_true-unreach-call.cil.out.c Settings:settings/svcomp2015/svComp-64bit-simple-Automizer.epf Toolchain:toolchains/AutomizerC.xml
2014-11-03_23-06-04-126 Finishing test with FAIL for Input:svcomp/ldv-linux-3.16-rc1/43_2a_consumption_linux-3.16-rc1.tar.xz-43_2a-drivers--isdn--mISDN--mISDN_dsp.ko-entry_point_true-unreach-call.cil.out.c Settings:settings/svcomp2015/svComp-64bit-simple-Automizer.epf Toolchain:toolchains/AutomizerC.xml: UNSUPPORTED_SYNTAX(Expected:SAFE): ExpectedResult: SAFE UltimateResult: UNSUPPORTED_SYNTAX   [ShortDescription: Unsupported Syntax LongDescription: bitfields are not supported at the moment]
2014-11-03_23-06-04-283 ### 85/258 ### Starting test for Input:svcomp/ldv-linux-3.4-simple/43_1a_cilled_false-unreach-call_ok_linux-43_1a-drivers--scsi--megaraid--megaraid_mm.ko-ldv_main0_sequence_infinite_withcheck_stateful.cil.out.c Settings:settings/svcomp2015/svComp-64bit-simple-Automizer.epf Toolchain:toolchains/AutomizerC.xml
2014-11-03_23-06-04-404 Finishing test with FAIL for Input:svcomp/ldv-linux-3.4-simple/43_1a_cilled_false-unreach-call_ok_linux-43_1a-drivers--scsi--megaraid--megaraid_mm.ko-ldv_main0_sequence_infinite_withcheck_stateful.cil.out.c Settings:settings/svcomp2015/svComp-64bit-simple-Automizer.epf Toolchain:toolchains/AutomizerC.xml: UNSUPPORTED_SYNTAX(Expected:UNSAFE): ExpectedResult: UNSAFE UltimateResult: UNSUPPORTED_SYNTAX   [ShortDescription: Unsupported Syntax LongDescription: bitfields are not supported at the moment]
2014-11-03_23-06-04-570 ### 86/258 ### Starting test for Input:svcomp/ldv-linux-3.4-simple/43_1a_cilled_true-unreach-call_ok_nondet_linux-43_1a-drivers--media--rc--keymaps--rc-trekstor.ko-ldv_main0_sequence_infinite_withcheck_stateful.cil.out.c Settings:settings/svcomp2015/svComp-64bit-simple-Automizer.epf Toolchain:toolchains/AutomizerC.xml
2014-11-03_23-06-04-807 Finishing test with SUCCESS for Input:svcomp/ldv-linux-3.4-simple/43_1a_cilled_true-unreach-call_ok_nondet_linux-43_1a-drivers--media--rc--keymaps--rc-trekstor.ko-ldv_main0_sequence_infinite_withcheck_stateful.cil.out.c Settings:settings/svcomp2015/svComp-64bit-simple-Automizer.epf Toolchain:toolchains/AutomizerC.xml: SAFE(Expected:SAFE): ExpectedResult: SAFE UltimateResult: SAFE   [ShortDescription: All specifications hold LongDescription: We were not able to verify any specifiation because the program does not contain any specification.]
2014-11-03_23-06-05-031 ### 87/258 ### Starting test for Input:svcomp/ldv-linux-3.7.3/linux-3.10-rc1-43_1a-bitvector-drivers--atm--he.ko-ldv_main0_true-unreach-call.cil.out.c Settings:settings/svcomp2015/svComp-64bit-simple-Automizer.epf Toolchain:toolchains/AutomizerC.xml
2014-11-03_23-06-05-126 Finishing test with FAIL for Input:svcomp/ldv-linux-3.7.3/linux-3.10-rc1-43_1a-bitvector-drivers--atm--he.ko-ldv_main0_true-unreach-call.cil.out.c Settings:settings/svcomp2015/svComp-64bit-simple-Automizer.epf Toolchain:toolchains/AutomizerC.xml: UNSUPPORTED_SYNTAX(Expected:SAFE): ExpectedResult: SAFE UltimateResult: UNSUPPORTED_SYNTAX   [ShortDescription: Unsupported Syntax LongDescription: bitfields are not supported at the moment]
2014-11-03_23-06-05-299 ### 88/258 ### Starting test for Input:svcomp/ldv-linux-3.7.3/main17_false-unreach-call_drivers-gpu-drm-vmwgfx-vmwgfx-ko--32_7a--linux-3.5.c Settings:settings/svcomp2015/svComp-64bit-simple-Automizer.epf Toolchain:toolchains/AutomizerC.xml
2014-11-03_23-06-05-528 Finishing test with FAIL for Input:svcomp/ldv-linux-3.7.3/main17_false-unreach-call_drivers-gpu-drm-vmwgfx-vmwgfx-ko--32_7a--linux-3.5.c Settings:settings/svcomp2015/svComp-64bit-simple-Automizer.epf Toolchain:toolchains/AutomizerC.xml: UNSUPPORTED_SYNTAX(Expected:UNSAFE): ExpectedResult: UNSAFE UltimateResult: UNSUPPORTED_SYNTAX   [ShortDescription: Unsupported Syntax LongDescription: bitfields are not supported at the moment]
2014-11-03_23-06-05-701 ### 89/258 ### Starting test for Input:svcomp/ldv-validator-v0.6/linux-stable-d47b389-1-32_7a-drivers--media--video--cx88--cx88-blackbird.ko-entry_point_false-unreach-call.cil.out.c Settings:settings/svcomp2015/svComp-64bit-simple-Automizer.epf Toolchain:toolchains/AutomizerC.xml
2014-11-03_23-06-05-781 Finishing test with FAIL for Input:svcomp/ldv-validator-v0.6/linux-stable-d47b389-1-32_7a-drivers--media--video--cx88--cx88-blackbird.ko-entry_point_false-unreach-call.cil.out.c Settings:settings/svcomp2015/svComp-64bit-simple-Automizer.epf Toolchain:toolchains/AutomizerC.xml: UNSUPPORTED_SYNTAX(Expected:UNSAFE): ExpectedResult: UNSAFE UltimateResult: UNSUPPORTED_SYNTAX   [ShortDescription: Unsupported Syntax LongDescription: bitfields are not supported at the moment]
2014-11-03_23-06-05-998 ### 90/258 ### Starting test for Input:svcomp/ldv-commit-tester/m0_false-unreach-call_drivers-staging-comedi-drivers-ni_670x-ko--107_1a--adbbc36-1.c Settings:settings/svcomp2015/svComp-64bit-precise-BE-Impulse.epf Toolchain:toolchains/CodeCheckWithBE-C.xml
2014-11-03_23-06-06-043 Finishing test with FAIL for Input:svcomp/ldv-commit-tester/m0_false-unreach-call_drivers-staging-comedi-drivers-ni_670x-ko--107_1a--adbbc36-1.c Settings:settings/svcomp2015/svComp-64bit-precise-BE-Impulse.epf Toolchain:toolchains/CodeCheckWithBE-C.xml: UNSUPPORTED_SYNTAX(Expected:UNSAFE): ExpectedResult: UNSAFE UltimateResult: UNSUPPORTED_SYNTAX   [ShortDescription: Unsupported Syntax LongDescription: bitfields are not supported at the moment]
2014-11-03_23-06-06-218 ### 91/258 ### Starting test for Input:svcomp/ldv-commit-tester/main7_true-unreach-call_sound-oss-sound-ko--32_7a--c4cb1dd.c Settings:settings/svcomp2015/svComp-64bit-precise-BE-Impulse.epf Toolchain:toolchains/CodeCheckWithBE-C.xml
2014-11-03_23-06-06-341 Finishing test with FAIL for Input:svcomp/ldv-commit-tester/main7_true-unreach-call_sound-oss-sound-ko--32_7a--c4cb1dd.c Settings:settings/svcomp2015/svComp-64bit-precise-BE-Impulse.epf Toolchain:toolchains/CodeCheckWithBE-C.xml: UNSUPPORTED_SYNTAX(Expected:SAFE): ExpectedResult: SAFE UltimateResult: UNSUPPORTED_SYNTAX   [ShortDescription: Unsupported Syntax LongDescription: bitfields are not supported at the moment]
2014-11-03_23-06-06-533 ### 92/258 ### Starting test for Input:svcomp/ldv-consumption/32_7a_cilled_true-unreach-call_linux-3.8-rc1-drivers--media--usb--em28xx--em28xx.ko-main.cil.out.c Settings:settings/svcomp2015/svComp-64bit-precise-BE-Impulse.epf Toolchain:toolchains/CodeCheckWithBE-C.xml
2014-11-03_23-06-06-701 Finishing test with FAIL for Input:svcomp/ldv-consumption/32_7a_cilled_true-unreach-call_linux-3.8-rc1-drivers--media--usb--em28xx--em28xx.ko-main.cil.out.c Settings:settings/svcomp2015/svComp-64bit-precise-BE-Impulse.epf Toolchain:toolchains/CodeCheckWithBE-C.xml: UNSUPPORTED_SYNTAX(Expected:SAFE): ExpectedResult: SAFE UltimateResult: UNSUPPORTED_SYNTAX   [ShortDescription: Unsupported Syntax LongDescription: bitfields are not supported at the moment]
2014-11-03_23-06-06-879 ### 93/258 ### Starting test for Input:svcomp/ldv-consumption/linux-3.8-rc1-32_7a-drivers--pcmcia--pcmcia.ko-ldv_main0_false-unreach-call.cil.out.c Settings:settings/svcomp2015/svComp-64bit-precise-BE-Impulse.epf Toolchain:toolchains/CodeCheckWithBE-C.xml
2014-11-03_23-06-06-997 Finishing test with FAIL for Input:svcomp/ldv-consumption/linux-3.8-rc1-32_7a-drivers--pcmcia--pcmcia.ko-ldv_main0_false-unreach-call.cil.out.c Settings:settings/svcomp2015/svComp-64bit-precise-BE-Impulse.epf Toolchain:toolchains/CodeCheckWithBE-C.xml: UNSUPPORTED_SYNTAX(Expected:UNSAFE): ExpectedResult: UNSAFE UltimateResult: UNSUPPORTED_SYNTAX   [ShortDescription: Unsupported Syntax LongDescription: bitfields are not supported at the moment]
2014-11-03_23-06-07-177 ### 94/258 ### Starting test for Input:svcomp/ldv-linux-3.0/usb_urb-drivers-input-misc-keyspan_remote.ko_false-unreach-call.cil.out.i.pp.i Settings:settings/svcomp2015/svComp-64bit-precise-BE-Impulse.epf Toolchain:toolchains/CodeCheckWithBE-C.xml
2014-11-03_23-06-07-268 Finishing test with FAIL for Input:svcomp/ldv-linux-3.0/usb_urb-drivers-input-misc-keyspan_remote.ko_false-unreach-call.cil.out.i.pp.i Settings:settings/svcomp2015/svComp-64bit-precise-BE-Impulse.epf Toolchain:toolchains/CodeCheckWithBE-C.xml: UNSUPPORTED_SYNTAX(Expected:UNSAFE): ExpectedResult: UNSAFE UltimateResult: UNSUPPORTED_SYNTAX   [ShortDescription: Unsupported Syntax LongDescription: bitfields are not supported at the moment]
2014-11-03_23-06-07-549 ### 95/258 ### Starting test for Input:svcomp/ldv-linux-3.0/usb_urb-drivers-media-video-c-qcam.ko_true-unreach-call.cil.out.i.pp.i Settings:settings/svcomp2015/svComp-64bit-precise-BE-Impulse.epf Toolchain:toolchains/CodeCheckWithBE-C.xml
2014-11-03_23-06-07-629 Finishing test with FAIL for Input:svcomp/ldv-linux-3.0/usb_urb-drivers-media-video-c-qcam.ko_true-unreach-call.cil.out.i.pp.i Settings:settings/svcomp2015/svComp-64bit-precise-BE-Impulse.epf Toolchain:toolchains/CodeCheckWithBE-C.xml: UNSUPPORTED_SYNTAX(Expected:SAFE): ExpectedResult: SAFE UltimateResult: UNSUPPORTED_SYNTAX   [ShortDescription: Unsupported Syntax LongDescription: bitfields are not supported at the moment]
2014-11-03_23-06-07-875 ### 96/258 ### Starting test for Input:svcomp/ldv-linux-3.12-rc1/linux-3.12-rc1.tar.xz-144_2a-drivers--net--usb--cdc_mbim.ko-entry_point_true-unreach-call.cil.out.c Settings:settings/svcomp2015/svComp-64bit-precise-BE-Impulse.epf Toolchain:toolchains/CodeCheckWithBE-C.xml
2014-11-03_23-06-07-942 Finishing test with FAIL for Input:svcomp/ldv-linux-3.12-rc1/linux-3.12-rc1.tar.xz-144_2a-drivers--net--usb--cdc_mbim.ko-entry_point_true-unreach-call.cil.out.c Settings:settings/svcomp2015/svComp-64bit-precise-BE-Impulse.epf Toolchain:toolchains/CodeCheckWithBE-C.xml: UNSUPPORTED_SYNTAX(Expected:SAFE): ExpectedResult: SAFE UltimateResult: UNSUPPORTED_SYNTAX   [ShortDescription: Unsupported Syntax LongDescription: bitfields are not supported at the moment]
2014-11-03_23-06-08-164 ### 97/258 ### Starting test for Input:svcomp/ldv-linux-3.12-rc1/linux-3.12-rc1.tar.xz-144_2a-drivers--staging--media--go7007--go7007-loader.ko-entry_point_false-unreach-call.cil.out.c Settings:settings/svcomp2015/svComp-64bit-precise-BE-Impulse.epf Toolchain:toolchains/CodeCheckWithBE-C.xml
2014-11-03_23-06-08-213 Finishing test with FAIL for Input:svcomp/ldv-linux-3.12-rc1/linux-3.12-rc1.tar.xz-144_2a-drivers--staging--media--go7007--go7007-loader.ko-entry_point_false-unreach-call.cil.out.c Settings:settings/svcomp2015/svComp-64bit-precise-BE-Impulse.epf Toolchain:toolchains/CodeCheckWithBE-C.xml: UNSUPPORTED_SYNTAX(Expected:UNSAFE): ExpectedResult: UNSAFE UltimateResult: UNSUPPORTED_SYNTAX   [ShortDescription: Unsupported Syntax LongDescription: bitfields are not supported at the moment]
2014-11-03_23-06-08-397 ### 98/258 ### Starting test for Input:svcomp/ldv-linux-3.16-rc1/205_9a_array_unsafes_linux-3.16-rc1.tar.xz-205_9a-drivers--net--wireless--hostap--hostap_plx.ko-entry_point_false-unreach-call.cil.out.c Settings:settings/svcomp2015/svComp-64bit-precise-BE-Impulse.epf Toolchain:toolchains/CodeCheckWithBE-C.xml
2014-11-03_23-06-08-563 Finishing test with FAIL for Input:svcomp/ldv-linux-3.16-rc1/205_9a_array_unsafes_linux-3.16-rc1.tar.xz-205_9a-drivers--net--wireless--hostap--hostap_plx.ko-entry_point_false-unreach-call.cil.out.c Settings:settings/svcomp2015/svComp-64bit-precise-BE-Impulse.epf Toolchain:toolchains/CodeCheckWithBE-C.xml: UNSUPPORTED_SYNTAX(Expected:UNSAFE): ExpectedResult: UNSAFE UltimateResult: UNSUPPORTED_SYNTAX   [ShortDescription: Unsupported Syntax LongDescription: bitfields are not supported at the moment]
2014-11-03_23-06-08-783 ### 99/258 ### Starting test for Input:svcomp/ldv-linux-3.16-rc1/43_2a_consumption_linux-3.16-rc1.tar.xz-43_2a-drivers--isdn--mISDN--mISDN_dsp.ko-entry_point_true-unreach-call.cil.out.c Settings:settings/svcomp2015/svComp-64bit-precise-BE-Impulse.epf Toolchain:toolchains/CodeCheckWithBE-C.xml
2014-11-03_23-06-08-941 Finishing test with FAIL for Input:svcomp/ldv-linux-3.16-rc1/43_2a_consumption_linux-3.16-rc1.tar.xz-43_2a-drivers--isdn--mISDN--mISDN_dsp.ko-entry_point_true-unreach-call.cil.out.c Settings:settings/svcomp2015/svComp-64bit-precise-BE-Impulse.epf Toolchain:toolchains/CodeCheckWithBE-C.xml: UNSUPPORTED_SYNTAX(Expected:SAFE): ExpectedResult: SAFE UltimateResult: UNSUPPORTED_SYNTAX   [ShortDescription: Unsupported Syntax LongDescription: bitfields are not supported at the moment]
2014-11-03_23-06-09-123 ### 100/258 ### Starting test for Input:svcomp/ldv-linux-3.4-simple/43_1a_cilled_false-unreach-call_ok_linux-43_1a-drivers--scsi--megaraid--megaraid_mm.ko-ldv_main0_sequence_infinite_withcheck_stateful.cil.out.c Settings:settings/svcomp2015/svComp-64bit-precise-BE-Impulse.epf Toolchain:toolchains/CodeCheckWithBE-C.xml
2014-11-03_23-06-09-234 Finishing test with FAIL for Input:svcomp/ldv-linux-3.4-simple/43_1a_cilled_false-unreach-call_ok_linux-43_1a-drivers--scsi--megaraid--megaraid_mm.ko-ldv_main0_sequence_infinite_withcheck_stateful.cil.out.c Settings:settings/svcomp2015/svComp-64bit-precise-BE-Impulse.epf Toolchain:toolchains/CodeCheckWithBE-C.xml: UNSUPPORTED_SYNTAX(Expected:UNSAFE): ExpectedResult: UNSAFE UltimateResult: UNSUPPORTED_SYNTAX   [ShortDescription: Unsupported Syntax LongDescription: bitfields are not supported at the moment]
2014-11-03_23-06-09-451 ### 101/258 ### Starting test for Input:svcomp/ldv-linux-3.4-simple/43_1a_cilled_true-unreach-call_ok_nondet_linux-43_1a-drivers--media--rc--keymaps--rc-trekstor.ko-ldv_main0_sequence_infinite_withcheck_stateful.cil.out.c Settings:settings/svcomp2015/svComp-64bit-precise-BE-Impulse.epf Toolchain:toolchains/CodeCheckWithBE-C.xml
2014-11-03_23-06-20-284 Finishing test with FAIL for Input:svcomp/ldv-linux-3.4-simple/43_1a_cilled_true-unreach-call_ok_nondet_linux-43_1a-drivers--media--rc--keymaps--rc-trekstor.ko-ldv_main0_sequence_infinite_withcheck_stateful.cil.out.c Settings:settings/svcomp2015/svComp-64bit-precise-BE-Impulse.epf Toolchain:toolchains/CodeCheckWithBE-C.xml: EXCEPTION_OR_ERROR(Expected:SAFE): ExpectedResult: SAFE UltimateResult: EXCEPTION_OR_ERROR   [de.uni_freiburg.informatik.ultimate.plugins.generator.blockencoding: OutOfMemoryError: Java heap space: java.util.Arrays.copyOf(Arrays.java:2367)]
2014-11-03_23-06-21-751 ### 102/258 ### Starting test for Input:svcomp/ldv-linux-3.7.3/linux-3.10-rc1-43_1a-bitvector-drivers--atm--he.ko-ldv_main0_true-unreach-call.cil.out.c Settings:settings/svcomp2015/svComp-64bit-precise-BE-Impulse.epf Toolchain:toolchains/CodeCheckWithBE-C.xml
2014-11-03_23-06-22-579 Finishing test with FAIL for Input:svcomp/ldv-linux-3.7.3/linux-3.10-rc1-43_1a-bitvector-drivers--atm--he.ko-ldv_main0_true-unreach-call.cil.out.c Settings:settings/svcomp2015/svComp-64bit-precise-BE-Impulse.epf Toolchain:toolchains/CodeCheckWithBE-C.xml: UNSUPPORTED_SYNTAX(Expected:SAFE): ExpectedResult: SAFE UltimateResult: UNSUPPORTED_SYNTAX   [ShortDescription: Unsupported Syntax LongDescription: bitfields are not supported at the moment]
2014-11-03_23-06-22-755 ### 103/258 ### Starting test for Input:svcomp/ldv-linux-3.7.3/main17_false-unreach-call_drivers-gpu-drm-vmwgfx-vmwgfx-ko--32_7a--linux-3.5.c Settings:settings/svcomp2015/svComp-64bit-precise-BE-Impulse.epf Toolchain:toolchains/CodeCheckWithBE-C.xml
2014-11-03_23-06-23-152 Finishing test with FAIL for Input:svcomp/ldv-linux-3.7.3/main17_false-unreach-call_drivers-gpu-drm-vmwgfx-vmwgfx-ko--32_7a--linux-3.5.c Settings:settings/svcomp2015/svComp-64bit-precise-BE-Impulse.epf Toolchain:toolchains/CodeCheckWithBE-C.xml: UNSUPPORTED_SYNTAX(Expected:UNSAFE): ExpectedResult: UNSAFE UltimateResult: UNSUPPORTED_SYNTAX   [ShortDescription: Unsupported Syntax LongDescription: bitfields are not supported at the moment]
2014-11-03_23-06-23-281 ### 104/258 ### Starting test for Input:svcomp/ldv-validator-v0.6/linux-stable-d47b389-1-32_7a-drivers--media--video--cx88--cx88-blackbird.ko-entry_point_false-unreach-call.cil.out.c Settings:settings/svcomp2015/svComp-64bit-precise-BE-Impulse.epf Toolchain:toolchains/CodeCheckWithBE-C.xml
2014-11-03_23-06-23-358 Finishing test with FAIL for Input:svcomp/ldv-validator-v0.6/linux-stable-d47b389-1-32_7a-drivers--media--video--cx88--cx88-blackbird.ko-entry_point_false-unreach-call.cil.out.c Settings:settings/svcomp2015/svComp-64bit-precise-BE-Impulse.epf Toolchain:toolchains/CodeCheckWithBE-C.xml: UNSUPPORTED_SYNTAX(Expected:UNSAFE): ExpectedResult: UNSAFE UltimateResult: UNSUPPORTED_SYNTAX   [ShortDescription: Unsupported Syntax LongDescription: bitfields are not supported at the moment]
2014-11-03_23-06-23-499 ### 105/258 ### Starting test for Input:svcomp/eca-rers2012/Problem02_label13_false-unreach-call.c Settings:settings/svcomp2015/svComp-32bit-precise-Automizer.epf Toolchain:toolchains/AutomizerC.xml
2014-11-03_23-06-31-615 Finishing test with SUCCESS for Input:svcomp/eca-rers2012/Problem02_label13_false-unreach-call.c Settings:settings/svcomp2015/svComp-32bit-precise-Automizer.epf Toolchain:toolchains/AutomizerC.xml: UNSAFE(Expected:UNSAFE): ExpectedResult: UNSAFE UltimateResult: UNSAFE   a call of __VERIFIER_error() is reachable 
2014-11-03_23-06-31-755 ### 106/258 ### Starting test for Input:svcomp/eca-rers2012/Problem05_label55_false-unreach-call.c Settings:settings/svcomp2015/svComp-32bit-precise-Automizer.epf Toolchain:toolchains/AutomizerC.xml
2014-11-03_23-07-01-779 Finishing test with UNKNOWN for Input:svcomp/eca-rers2012/Problem05_label55_false-unreach-call.c Settings:settings/svcomp2015/svComp-32bit-precise-Automizer.epf Toolchain:toolchains/AutomizerC.xml: TIMEOUT(Expected:UNSAFE): ExpectedResult: UNSAFE UltimateResult: TIMEOUT   [ShortDescription: Timeout LongDescription: Unable to prove that call of __VERIFIER_error() unreachable (line 10933)]
2014-11-03_23-07-01-961 ### 107/258 ### Starting test for Input:svcomp/eca-rers2012/Problem06_label22_true-unreach-call.c Settings:settings/svcomp2015/svComp-32bit-precise-Automizer.epf Toolchain:toolchains/AutomizerC.xml
2014-11-03_23-07-31-985 Finishing test with UNKNOWN for Input:svcomp/eca-rers2012/Problem06_label22_true-unreach-call.c Settings:settings/svcomp2015/svComp-32bit-precise-Automizer.epf Toolchain:toolchains/AutomizerC.xml: TIMEOUT(Expected:SAFE): ExpectedResult: SAFE UltimateResult: TIMEOUT   [ShortDescription: Timeout LongDescription: Unable to prove that call of __VERIFIER_error() unreachable (line 9407)]
2014-11-03_23-07-32-244 ### 108/258 ### Starting test for Input:svcomp/eca-rers2012/Problem06_label59_false-unreach-call.c Settings:settings/svcomp2015/svComp-32bit-precise-Automizer.epf Toolchain:toolchains/AutomizerC.xml
2014-11-03_23-08-02-271 Finishing test with UNKNOWN for Input:svcomp/eca-rers2012/Problem06_label59_false-unreach-call.c Settings:settings/svcomp2015/svComp-32bit-precise-Automizer.epf Toolchain:toolchains/AutomizerC.xml: TIMEOUT(Expected:UNSAFE): ExpectedResult: UNSAFE UltimateResult: TIMEOUT   [ShortDescription: Timeout LongDescription: Unable to prove that call of __VERIFIER_error() unreachable (line 9308)]
2014-11-03_23-08-02-603 ### 109/258 ### Starting test for Input:svcomp/eca-rers2012/Problem10_label09_true-unreach-call.c Settings:settings/svcomp2015/svComp-32bit-precise-Automizer.epf Toolchain:toolchains/AutomizerC.xml
2014-11-03_23-08-09-373 Finishing test with SUCCESS for Input:svcomp/eca-rers2012/Problem10_label09_true-unreach-call.c Settings:settings/svcomp2015/svComp-32bit-precise-Automizer.epf Toolchain:toolchains/AutomizerC.xml: SAFE(Expected:SAFE): ExpectedResult: SAFE UltimateResult: SAFE   [ShortDescription: All specifications hold LongDescription: 1 specifications checked. All of them hold]
2014-11-03_23-08-09-559 ### 110/258 ### Starting test for Input:svcomp/eca-rers2012/Problem11_label32_true-unreach-call.c Settings:settings/svcomp2015/svComp-32bit-precise-Automizer.epf Toolchain:toolchains/AutomizerC.xml
2014-11-03_23-08-44-896 Finishing test with UNKNOWN for Input:svcomp/eca-rers2012/Problem11_label32_true-unreach-call.c Settings:settings/svcomp2015/svComp-32bit-precise-Automizer.epf Toolchain:toolchains/AutomizerC.xml: TIMEOUT(Expected:SAFE): ExpectedResult: SAFE UltimateResult: TIMEOUT   [ShortDescription: Timeout LongDescription: Unable to prove that call of __VERIFIER_error() unreachable (line 125)]
2014-11-03_23-08-45-027 ### 111/258 ### Starting test for Input:svcomp/eca-rers2012/Problem11_label43_false-unreach-call.c Settings:settings/svcomp2015/svComp-32bit-precise-Automizer.epf Toolchain:toolchains/AutomizerC.xml
2014-11-03_23-09-21-139 Finishing test with UNKNOWN for Input:svcomp/eca-rers2012/Problem11_label43_false-unreach-call.c Settings:settings/svcomp2015/svComp-32bit-precise-Automizer.epf Toolchain:toolchains/AutomizerC.xml: TIMEOUT(Expected:UNSAFE): ExpectedResult: UNSAFE UltimateResult: TIMEOUT   [ShortDescription: Timeout LongDescription: Unable to prove that call of __VERIFIER_error() unreachable (line 41)]
2014-11-03_23-09-21-282 ### 112/258 ### Starting test for Input:svcomp/eca-rers2012/Problem12_label32_true-unreach-call.c Settings:settings/svcomp2015/svComp-32bit-precise-Automizer.epf Toolchain:toolchains/AutomizerC.xml
2014-11-03_23-10-02-330 Finishing test with UNKNOWN for Input:svcomp/eca-rers2012/Problem12_label32_true-unreach-call.c Settings:settings/svcomp2015/svComp-32bit-precise-Automizer.epf Toolchain:toolchains/AutomizerC.xml: TIMEOUT(Expected:SAFE): ExpectedResult: SAFE UltimateResult: TIMEOUT   [ShortDescription: Timeout LongDescription: Unable to prove that call of __VERIFIER_error() unreachable (line 133)]
2014-11-03_23-10-02-465 ### 113/258 ### Starting test for Input:svcomp/eca-rers2012/Problem12_label57_true-unreach-call.c Settings:settings/svcomp2015/svComp-32bit-precise-Automizer.epf Toolchain:toolchains/AutomizerC.xml
2014-11-03_23-10-32-488 Finishing test with UNKNOWN for Input:svcomp/eca-rers2012/Problem12_label57_true-unreach-call.c Settings:settings/svcomp2015/svComp-32bit-precise-Automizer.epf Toolchain:toolchains/AutomizerC.xml: TIMEOUT(Expected:SAFE): ExpectedResult: SAFE UltimateResult: TIMEOUT   [ShortDescription: Timeout LongDescription: Unable to prove that call of __VERIFIER_error() unreachable (line 115)]
2014-11-03_23-10-32-650 ### 114/258 ### Starting test for Input:svcomp/eca-rers2012/Problem13_label07_false-unreach-call.c Settings:settings/svcomp2015/svComp-32bit-precise-Automizer.epf Toolchain:toolchains/AutomizerC.xml
2014-11-03_23-11-02-672 Finishing test with UNKNOWN for Input:svcomp/eca-rers2012/Problem13_label07_false-unreach-call.c Settings:settings/svcomp2015/svComp-32bit-precise-Automizer.epf Toolchain:toolchains/AutomizerC.xml: TIMEOUT(Expected:UNSAFE): ExpectedResult: UNSAFE UltimateResult: TIMEOUT   [ShortDescription: Timeout LongDescription: Unable to prove that call of __VERIFIER_error() unreachable (line 67)]
2014-11-03_23-11-02-827 ### 115/258 ### Starting test for Input:svcomp/eca-rers2012/Problem16_label05_false-unreach-call.c Settings:settings/svcomp2015/svComp-32bit-precise-Automizer.epf Toolchain:toolchains/AutomizerC.xml
2014-11-03_23-11-37-962 Finishing test with UNKNOWN for Input:svcomp/eca-rers2012/Problem16_label05_false-unreach-call.c Settings:settings/svcomp2015/svComp-32bit-precise-Automizer.epf Toolchain:toolchains/AutomizerC.xml: TIMEOUT(Expected:UNSAFE): ExpectedResult: UNSAFE UltimateResult: TIMEOUT   [ShortDescription: Timeout LongDescription: Unable to prove that call of __VERIFIER_error() unreachable (line 60)]
2014-11-03_23-11-38-132 ### 116/258 ### Starting test for Input:svcomp/eca-rers2012/Problem16_label46_false-unreach-call.c Settings:settings/svcomp2015/svComp-32bit-precise-Automizer.epf Toolchain:toolchains/AutomizerC.xml
2014-11-03_23-12-08-635 Finishing test with UNKNOWN for Input:svcomp/eca-rers2012/Problem16_label46_false-unreach-call.c Settings:settings/svcomp2015/svComp-32bit-precise-Automizer.epf Toolchain:toolchains/AutomizerC.xml: TIMEOUT(Expected:UNSAFE): ExpectedResult: UNSAFE UltimateResult: TIMEOUT   [ShortDescription: Timeout LongDescription: Unable to prove that call of __VERIFIER_error() unreachable (line 51)]
2014-11-03_23-12-08-770 ### 117/258 ### Starting test for Input:svcomp/eca-rers2012/Problem17_label41_true-unreach-call.c Settings:settings/svcomp2015/svComp-32bit-precise-Automizer.epf Toolchain:toolchains/AutomizerC.xml
2014-11-03_23-12-43-458 Finishing test with UNKNOWN for Input:svcomp/eca-rers2012/Problem17_label41_true-unreach-call.c Settings:settings/svcomp2015/svComp-32bit-precise-Automizer.epf Toolchain:toolchains/AutomizerC.xml: TIMEOUT(Expected:SAFE): ExpectedResult: SAFE UltimateResult: TIMEOUT   [ShortDescription: Timeout LongDescription: Unable to prove that call of __VERIFIER_error() unreachable (line 106)]
2014-11-03_23-12-43-589 ### 118/258 ### Starting test for Input:svcomp/eca-rers2012/Problem19_label46_true-unreach-call.c Settings:settings/svcomp2015/svComp-32bit-precise-Automizer.epf Toolchain:toolchains/AutomizerC.xml
2014-11-03_23-13-13-614 Finishing test with UNKNOWN for Input:svcomp/eca-rers2012/Problem19_label46_true-unreach-call.c Settings:settings/svcomp2015/svComp-32bit-precise-Automizer.epf Toolchain:toolchains/AutomizerC.xml: TIMEOUT(Expected:SAFE): ExpectedResult: SAFE UltimateResult: TIMEOUT   [ShortDescription: Timeout LongDescription: Unable to prove that call of __VERIFIER_error() unreachable (line 100)]
2014-11-03_23-13-13-759 ### 119/258 ### Starting test for Input:svcomp/eca-rers2012/Problem02_label13_false-unreach-call.c Settings:settings/svcomp2015/svComp-32bit-precise-BE-Impulse.epf Toolchain:toolchains/CodeCheckWithBE-C.xml
2014-11-03_23-13-46-744 Finishing test with UNKNOWN for Input:svcomp/eca-rers2012/Problem02_label13_false-unreach-call.c Settings:settings/svcomp2015/svComp-32bit-precise-BE-Impulse.epf Toolchain:toolchains/CodeCheckWithBE-C.xml: TIMEOUT(Expected:UNSAFE): ExpectedResult: UNSAFE UltimateResult: TIMEOUT   [ShortDescription: Timeout LongDescription: Timout or Toolchain cancelled by user]
2014-11-03_23-13-47-135 ### 120/258 ### Starting test for Input:svcomp/eca-rers2012/Problem05_label55_false-unreach-call.c Settings:settings/svcomp2015/svComp-32bit-precise-BE-Impulse.epf Toolchain:toolchains/CodeCheckWithBE-C.xml
2014-11-03_23-14-27-384 Finishing test with FAIL for Input:svcomp/eca-rers2012/Problem05_label55_false-unreach-call.c Settings:settings/svcomp2015/svComp-32bit-precise-BE-Impulse.epf Toolchain:toolchains/CodeCheckWithBE-C.xml: NO_RESULT(Expected:UNSAFE): ExpectedResult: UNSAFE UltimateResult: NO_RESULT   NO_RESULT
2014-11-03_23-14-29-436 ### 121/258 ### Starting test for Input:svcomp/eca-rers2012/Problem06_label22_true-unreach-call.c Settings:settings/svcomp2015/svComp-32bit-precise-BE-Impulse.epf Toolchain:toolchains/CodeCheckWithBE-C.xml
2014-11-03_23-15-38-745 Finishing test with FAIL for Input:svcomp/eca-rers2012/Problem06_label22_true-unreach-call.c Settings:settings/svcomp2015/svComp-32bit-precise-BE-Impulse.epf Toolchain:toolchains/CodeCheckWithBE-C.xml: NO_RESULT(Expected:SAFE): ExpectedResult: SAFE UltimateResult: NO_RESULT   NO_RESULT
2014-11-03_23-15-41-403 ### 122/258 ### Starting test for Input:svcomp/eca-rers2012/Problem06_label59_false-unreach-call.c Settings:settings/svcomp2015/svComp-32bit-precise-BE-Impulse.epf Toolchain:toolchains/CodeCheckWithBE-C.xml
2014-11-03_23-16-48-135 Finishing test with FAIL for Input:svcomp/eca-rers2012/Problem06_label59_false-unreach-call.c Settings:settings/svcomp2015/svComp-32bit-precise-BE-Impulse.epf Toolchain:toolchains/CodeCheckWithBE-C.xml: NO_RESULT(Expected:UNSAFE): ExpectedResult: UNSAFE UltimateResult: NO_RESULT   NO_RESULT
2014-11-03_23-16-50-635 ### 123/258 ### Starting test for Input:svcomp/eca-rers2012/Problem10_label09_true-unreach-call.c Settings:settings/svcomp2015/svComp-32bit-precise-BE-Impulse.epf Toolchain:toolchains/CodeCheckWithBE-C.xml
2014-11-03_23-17-20-660 Finishing test with UNKNOWN for Input:svcomp/eca-rers2012/Problem10_label09_true-unreach-call.c Settings:settings/svcomp2015/svComp-32bit-precise-BE-Impulse.epf Toolchain:toolchains/CodeCheckWithBE-C.xml: TIMEOUT(Expected:SAFE): ExpectedResult: SAFE UltimateResult: TIMEOUT   [ShortDescription: Timeout LongDescription: Timout or Toolchain cancelled by user]
2014-11-03_23-17-21-050 ### 124/258 ### Starting test for Input:svcomp/eca-rers2012/Problem11_label32_true-unreach-call.c Settings:settings/svcomp2015/svComp-32bit-precise-BE-Impulse.epf Toolchain:toolchains/CodeCheckWithBE-C.xml
2014-11-03_23-17-51-074 Finishing test with UNKNOWN for Input:svcomp/eca-rers2012/Problem11_label32_true-unreach-call.c Settings:settings/svcomp2015/svComp-32bit-precise-BE-Impulse.epf Toolchain:toolchains/CodeCheckWithBE-C.xml: TIMEOUT(Expected:SAFE): ExpectedResult: SAFE UltimateResult: TIMEOUT   [ShortDescription: Timeout LongDescription: Timout or Toolchain cancelled by user]
2014-11-03_23-17-51-692 ### 125/258 ### Starting test for Input:svcomp/eca-rers2012/Problem11_label43_false-unreach-call.c Settings:settings/svcomp2015/svComp-32bit-precise-BE-Impulse.epf Toolchain:toolchains/CodeCheckWithBE-C.xml
2014-11-03_23-18-21-717 Finishing test with UNKNOWN for Input:svcomp/eca-rers2012/Problem11_label43_false-unreach-call.c Settings:settings/svcomp2015/svComp-32bit-precise-BE-Impulse.epf Toolchain:toolchains/CodeCheckWithBE-C.xml: TIMEOUT(Expected:UNSAFE): ExpectedResult: UNSAFE UltimateResult: TIMEOUT   [ShortDescription: Timeout LongDescription: Timout or Toolchain cancelled by user]
2014-11-03_23-18-22-426 ### 126/258 ### Starting test for Input:svcomp/eca-rers2012/Problem12_label32_true-unreach-call.c Settings:settings/svcomp2015/svComp-32bit-precise-BE-Impulse.epf Toolchain:toolchains/CodeCheckWithBE-C.xml
2014-11-03_23-19-19-978 Finishing test with FAIL for Input:svcomp/eca-rers2012/Problem12_label32_true-unreach-call.c Settings:settings/svcomp2015/svComp-32bit-precise-BE-Impulse.epf Toolchain:toolchains/CodeCheckWithBE-C.xml: NO_RESULT(Expected:SAFE): ExpectedResult: SAFE UltimateResult: NO_RESULT   NO_RESULT
2014-11-03_23-19-21-811 ### 127/258 ### Starting test for Input:svcomp/eca-rers2012/Problem12_label57_true-unreach-call.c Settings:settings/svcomp2015/svComp-32bit-precise-BE-Impulse.epf Toolchain:toolchains/CodeCheckWithBE-C.xml
2014-11-03_23-20-15-111 Finishing test with FAIL for Input:svcomp/eca-rers2012/Problem12_label57_true-unreach-call.c Settings:settings/svcomp2015/svComp-32bit-precise-BE-Impulse.epf Toolchain:toolchains/CodeCheckWithBE-C.xml: NO_RESULT(Expected:SAFE): ExpectedResult: SAFE UltimateResult: NO_RESULT   NO_RESULT
2014-11-03_23-20-16-930 ### 128/258 ### Starting test for Input:svcomp/eca-rers2012/Problem13_label07_false-unreach-call.c Settings:settings/svcomp2015/svComp-32bit-precise-BE-Impulse.epf Toolchain:toolchains/CodeCheckWithBE-C.xml
2014-11-03_23-21-28-030 Finishing test with FAIL for Input:svcomp/eca-rers2012/Problem13_label07_false-unreach-call.c Settings:settings/svcomp2015/svComp-32bit-precise-BE-Impulse.epf Toolchain:toolchains/CodeCheckWithBE-C.xml: NO_RESULT(Expected:UNSAFE): ExpectedResult: UNSAFE UltimateResult: NO_RESULT   NO_RESULT
2014-11-03_23-21-30-353 ### 129/258 ### Starting test for Input:svcomp/eca-rers2012/Problem16_label05_false-unreach-call.c Settings:settings/svcomp2015/svComp-32bit-precise-BE-Impulse.epf Toolchain:toolchains/CodeCheckWithBE-C.xml
2014-11-03_23-22-24-013 Finishing test with FAIL for Input:svcomp/eca-rers2012/Problem16_label05_false-unreach-call.c Settings:settings/svcomp2015/svComp-32bit-precise-BE-Impulse.epf Toolchain:toolchains/CodeCheckWithBE-C.xml: NO_RESULT(Expected:UNSAFE): ExpectedResult: UNSAFE UltimateResult: NO_RESULT   NO_RESULT
2014-11-03_23-22-26-031 ### 130/258 ### Starting test for Input:svcomp/eca-rers2012/Problem16_label46_false-unreach-call.c Settings:settings/svcomp2015/svComp-32bit-precise-BE-Impulse.epf Toolchain:toolchains/CodeCheckWithBE-C.xml
2014-11-03_23-23-23-234 Finishing test with FAIL for Input:svcomp/eca-rers2012/Problem16_label46_false-unreach-call.c Settings:settings/svcomp2015/svComp-32bit-precise-BE-Impulse.epf Toolchain:toolchains/CodeCheckWithBE-C.xml: NO_RESULT(Expected:UNSAFE): ExpectedResult: UNSAFE UltimateResult: NO_RESULT   NO_RESULT
2014-11-03_23-23-25-238 ### 131/258 ### Starting test for Input:svcomp/eca-rers2012/Problem17_label41_true-unreach-call.c Settings:settings/svcomp2015/svComp-32bit-precise-BE-Impulse.epf Toolchain:toolchains/CodeCheckWithBE-C.xml
2014-11-03_23-25-07-492 Finishing test with FAIL for Input:svcomp/eca-rers2012/Problem17_label41_true-unreach-call.c Settings:settings/svcomp2015/svComp-32bit-precise-BE-Impulse.epf Toolchain:toolchains/CodeCheckWithBE-C.xml: NO_RESULT(Expected:SAFE): ExpectedResult: SAFE UltimateResult: NO_RESULT   NO_RESULT
2014-11-03_23-25-11-008 ### 132/258 ### Starting test for Input:svcomp/eca-rers2012/Problem19_label46_true-unreach-call.c Settings:settings/svcomp2015/svComp-32bit-precise-BE-Impulse.epf Toolchain:toolchains/CodeCheckWithBE-C.xml
2014-11-03_23-26-02-167 Finishing test with FAIL for Input:svcomp/eca-rers2012/Problem19_label46_true-unreach-call.c Settings:settings/svcomp2015/svComp-32bit-precise-BE-Impulse.epf Toolchain:toolchains/CodeCheckWithBE-C.xml: NO_RESULT(Expected:SAFE): ExpectedResult: SAFE UltimateResult: NO_RESULT   NO_RESULT
2014-11-03_23-26-04-153 ### 133/258 ### Starting test for Input:svcomp/ddv-machzwd/ddv_machzwd_inl_p_true-unreach-call.i Settings:settings/svcomp2015/svComp-32bit-precise-Automizer.epf Toolchain:toolchains/AutomizerC.xml
2014-11-03_23-26-04-199 Finishing test with FAIL for Input:svcomp/ddv-machzwd/ddv_machzwd_inl_p_true-unreach-call.i Settings:settings/svcomp2015/svComp-32bit-precise-Automizer.epf Toolchain:toolchains/AutomizerC.xml: EXCEPTION_OR_ERROR(Expected:SAFE): ExpectedResult: SAFE UltimateResult: EXCEPTION_OR_ERROR   [de.uni_freiburg.informatik.ultimate.plugins.generator.cacsl2boogietranslator: EmptyStackException: null: java.util.Stack.peek(Stack.java:102)]
2014-11-03_23-26-05-343 ### 134/258 ### Starting test for Input:svcomp/ddv-machzwd/ddv_machzwd_inw_false-unreach-call.i Settings:settings/svcomp2015/svComp-32bit-precise-Automizer.epf Toolchain:toolchains/AutomizerC.xml
2014-11-03_23-26-05-390 Finishing test with FAIL for Input:svcomp/ddv-machzwd/ddv_machzwd_inw_false-unreach-call.i Settings:settings/svcomp2015/svComp-32bit-precise-Automizer.epf Toolchain:toolchains/AutomizerC.xml: EXCEPTION_OR_ERROR(Expected:UNSAFE): ExpectedResult: UNSAFE UltimateResult: EXCEPTION_OR_ERROR   [de.uni_freiburg.informatik.ultimate.plugins.generator.cacsl2boogietranslator: EmptyStackException: null: java.util.Stack.peek(Stack.java:102)]
2014-11-03_23-26-06-517 ### 135/258 ### Starting test for Input:svcomp/heap-manipulation/dll_of_dll_true-unreach-call.i Settings:settings/svcomp2015/svComp-32bit-precise-Automizer.epf Toolchain:toolchains/AutomizerC.xml
2014-11-03_23-26-59-734 Finishing test with UNKNOWN for Input:svcomp/heap-manipulation/dll_of_dll_true-unreach-call.i Settings:settings/svcomp2015/svComp-32bit-precise-Automizer.epf Toolchain:toolchains/AutomizerC.xml: TIMEOUT(Expected:SAFE): ExpectedResult: SAFE UltimateResult: TIMEOUT   [ShortDescription: Timeout LongDescription: Timout or Toolchain cancelled by user]
2014-11-03_23-27-00-884 ### 136/258 ### Starting test for Input:svcomp/heap-manipulation/merge_sort_false-unreach-call.i Settings:settings/svcomp2015/svComp-32bit-precise-Automizer.epf Toolchain:toolchains/AutomizerC.xml
2014-11-03_23-27-00-923 Finishing test with FAIL for Input:svcomp/heap-manipulation/merge_sort_false-unreach-call.i Settings:settings/svcomp2015/svComp-32bit-precise-Automizer.epf Toolchain:toolchains/AutomizerC.xml: SYNTAX_ERROR(Expected:UNSAFE): ExpectedResult: UNSAFE UltimateResult: SYNTAX_ERROR   [ShortDescription: Type Error LongDescription: ~node~31already declared as local variable]
2014-11-03_23-27-02-037 ### 137/258 ### Starting test for Input:svcomp/ldv-regression/alias_of_return_2.c_true-unreach-call_1.i Settings:settings/svcomp2015/svComp-32bit-precise-Automizer.epf Toolchain:toolchains/AutomizerC.xml
2014-11-03_23-27-02-159 Finishing test with SUCCESS for Input:svcomp/ldv-regression/alias_of_return_2.c_true-unreach-call_1.i Settings:settings/svcomp2015/svComp-32bit-precise-Automizer.epf Toolchain:toolchains/AutomizerC.xml: SAFE(Expected:SAFE): ExpectedResult: SAFE UltimateResult: SAFE   [ShortDescription: All specifications hold LongDescription: 1 specifications checked. All of them hold]
2014-11-03_23-27-03-278 ### 138/258 ### Starting test for Input:svcomp/ldv-regression/mutex_lock_struct.c_false-unreach-call.i Settings:settings/svcomp2015/svComp-32bit-precise-Automizer.epf Toolchain:toolchains/AutomizerC.xml
2014-11-03_23-27-03-498 Finishing test with SUCCESS for Input:svcomp/ldv-regression/mutex_lock_struct.c_false-unreach-call.i Settings:settings/svcomp2015/svComp-32bit-precise-Automizer.epf Toolchain:toolchains/AutomizerC.xml: UNSAFE(Expected:UNSAFE): ExpectedResult: UNSAFE UltimateResult: UNSAFE   a call of __VERIFIER_error() is reachable 
2014-11-03_23-27-04-620 ### 139/258 ### Starting test for Input:svcomp/list-properties/list_false-unreach-call.i Settings:settings/svcomp2015/svComp-32bit-precise-Automizer.epf Toolchain:toolchains/AutomizerC.xml
2014-11-03_23-27-34-491 Finishing test with SUCCESS for Input:svcomp/list-properties/list_false-unreach-call.i Settings:settings/svcomp2015/svComp-32bit-precise-Automizer.epf Toolchain:toolchains/AutomizerC.xml: UNSAFE(Expected:UNSAFE): ExpectedResult: UNSAFE UltimateResult: UNSAFE   a call of __VERIFIER_error() is reachable 
2014-11-03_23-27-35-600 ### 140/258 ### Starting test for Input:svcomp/list-properties/simple_true-unreach-call.i Settings:settings/svcomp2015/svComp-32bit-precise-Automizer.epf Toolchain:toolchains/AutomizerC.xml
2014-11-03_23-28-05-665 Finishing test with UNKNOWN for Input:svcomp/list-properties/simple_true-unreach-call.i Settings:settings/svcomp2015/svComp-32bit-precise-Automizer.epf Toolchain:toolchains/AutomizerC.xml: TIMEOUT(Expected:SAFE): ExpectedResult: SAFE UltimateResult: TIMEOUT   [ShortDescription: Timeout LongDescription: Timout or Toolchain cancelled by user]
2014-11-03_23-28-06-772 ### 141/258 ### Starting test for Input:svcomp/ddv-machzwd/ddv_machzwd_inl_p_true-unreach-call.i Settings:settings/svcomp2015/svComp-32bit-precise-BE-Impulse.epf Toolchain:toolchains/CodeCheckWithBE-C.xml
2014-11-03_23-28-06-827 Finishing test with FAIL for Input:svcomp/ddv-machzwd/ddv_machzwd_inl_p_true-unreach-call.i Settings:settings/svcomp2015/svComp-32bit-precise-BE-Impulse.epf Toolchain:toolchains/CodeCheckWithBE-C.xml: EXCEPTION_OR_ERROR(Expected:SAFE): ExpectedResult: SAFE UltimateResult: EXCEPTION_OR_ERROR   [de.uni_freiburg.informatik.ultimate.plugins.generator.cacsl2boogietranslator: EmptyStackException: null: java.util.Stack.peek(Stack.java:102)]
2014-11-03_23-28-07-932 ### 142/258 ### Starting test for Input:svcomp/ddv-machzwd/ddv_machzwd_inw_false-unreach-call.i Settings:settings/svcomp2015/svComp-32bit-precise-BE-Impulse.epf Toolchain:toolchains/CodeCheckWithBE-C.xml
2014-11-03_23-28-07-992 Finishing test with FAIL for Input:svcomp/ddv-machzwd/ddv_machzwd_inw_false-unreach-call.i Settings:settings/svcomp2015/svComp-32bit-precise-BE-Impulse.epf Toolchain:toolchains/CodeCheckWithBE-C.xml: EXCEPTION_OR_ERROR(Expected:UNSAFE): ExpectedResult: UNSAFE UltimateResult: EXCEPTION_OR_ERROR   [de.uni_freiburg.informatik.ultimate.plugins.generator.cacsl2boogietranslator: EmptyStackException: null: java.util.Stack.peek(Stack.java:102)]
2014-11-03_23-28-09-105 ### 143/258 ### Starting test for Input:svcomp/heap-manipulation/dll_of_dll_true-unreach-call.i Settings:settings/svcomp2015/svComp-32bit-precise-BE-Impulse.epf Toolchain:toolchains/CodeCheckWithBE-C.xml
2014-11-03_23-28-42-194 Finishing test with UNKNOWN for Input:svcomp/heap-manipulation/dll_of_dll_true-unreach-call.i Settings:settings/svcomp2015/svComp-32bit-precise-BE-Impulse.epf Toolchain:toolchains/CodeCheckWithBE-C.xml: TIMEOUT(Expected:SAFE): ExpectedResult: SAFE UltimateResult: TIMEOUT   [ShortDescription: Timeout LongDescription: Unable to prove that call of __VERIFIER_error() unreachable (line 621)]
2014-11-03_23-28-42-333 ### 144/258 ### Starting test for Input:svcomp/heap-manipulation/merge_sort_false-unreach-call.i Settings:settings/svcomp2015/svComp-32bit-precise-BE-Impulse.epf Toolchain:toolchains/CodeCheckWithBE-C.xml
2014-11-03_23-28-42-372 Finishing test with FAIL for Input:svcomp/heap-manipulation/merge_sort_false-unreach-call.i Settings:settings/svcomp2015/svComp-32bit-precise-BE-Impulse.epf Toolchain:toolchains/CodeCheckWithBE-C.xml: SYNTAX_ERROR(Expected:UNSAFE): ExpectedResult: UNSAFE UltimateResult: SYNTAX_ERROR   [ShortDescription: Type Error LongDescription: ~node~31already declared as local variable]
2014-11-03_23-28-42-513 ### 145/258 ### Starting test for Input:svcomp/ldv-regression/alias_of_return_2.c_true-unreach-call_1.i Settings:settings/svcomp2015/svComp-32bit-precise-BE-Impulse.epf Toolchain:toolchains/CodeCheckWithBE-C.xml
2014-11-03_23-28-42-571 Finishing test with SUCCESS for Input:svcomp/ldv-regression/alias_of_return_2.c_true-unreach-call_1.i Settings:settings/svcomp2015/svComp-32bit-precise-BE-Impulse.epf Toolchain:toolchains/CodeCheckWithBE-C.xml: SAFE(Expected:SAFE): ExpectedResult: SAFE UltimateResult: SAFE   [ShortDescription: All specifications hold LongDescription: 1 specifications checked. All of them hold]
2014-11-03_23-28-42-693 ### 146/258 ### Starting test for Input:svcomp/ldv-regression/mutex_lock_struct.c_false-unreach-call.i Settings:settings/svcomp2015/svComp-32bit-precise-BE-Impulse.epf Toolchain:toolchains/CodeCheckWithBE-C.xml
2014-11-03_23-28-42-897 Finishing test with SUCCESS for Input:svcomp/ldv-regression/mutex_lock_struct.c_false-unreach-call.i Settings:settings/svcomp2015/svComp-32bit-precise-BE-Impulse.epf Toolchain:toolchains/CodeCheckWithBE-C.xml: UNSAFE(Expected:UNSAFE): ExpectedResult: UNSAFE UltimateResult: UNSAFE   a call of __VERIFIER_error() is reachable 
2014-11-03_23-28-43-032 ### 147/258 ### Starting test for Input:svcomp/list-properties/list_false-unreach-call.i Settings:settings/svcomp2015/svComp-32bit-precise-BE-Impulse.epf Toolchain:toolchains/CodeCheckWithBE-C.xml
2014-11-03_23-28-47-890 Finishing test with SUCCESS for Input:svcomp/list-properties/list_false-unreach-call.i Settings:settings/svcomp2015/svComp-32bit-precise-BE-Impulse.epf Toolchain:toolchains/CodeCheckWithBE-C.xml: UNSAFE(Expected:UNSAFE): ExpectedResult: UNSAFE UltimateResult: UNSAFE   a call of __VERIFIER_error() is reachable 
2014-11-03_23-28-48-012 ### 148/258 ### Starting test for Input:svcomp/list-properties/simple_true-unreach-call.i Settings:settings/svcomp2015/svComp-32bit-precise-BE-Impulse.epf Toolchain:toolchains/CodeCheckWithBE-C.xml
2014-11-03_23-29-18-036 Finishing test with UNKNOWN for Input:svcomp/list-properties/simple_true-unreach-call.i Settings:settings/svcomp2015/svComp-32bit-precise-BE-Impulse.epf Toolchain:toolchains/CodeCheckWithBE-C.xml: TIMEOUT(Expected:SAFE): ExpectedResult: SAFE UltimateResult: TIMEOUT   [ShortDescription: Timeout LongDescription: Timout or Toolchain cancelled by user]
2014-11-03_23-29-18-160 ### 149/258 ### Starting test for Input:svcomp/loop-acceleration/diamond_false-unreach-call2.i Settings:settings/svcomp2015/svComp-32bit-precise-Automizer.epf Toolchain:toolchains/AutomizerC.xml
2014-11-03_23-29-18-399 Finishing test with SUCCESS for Input:svcomp/loop-acceleration/diamond_false-unreach-call2.i Settings:settings/svcomp2015/svComp-32bit-precise-Automizer.epf Toolchain:toolchains/AutomizerC.xml: UNSAFE(Expected:UNSAFE): ExpectedResult: UNSAFE UltimateResult: UNSAFE   a call of __VERIFIER_error() is reachable 
2014-11-03_23-29-18-541 ### 150/258 ### Starting test for Input:svcomp/loop-acceleration/phases_true-unreach-call1.i Settings:settings/svcomp2015/svComp-32bit-precise-Automizer.epf Toolchain:toolchains/AutomizerC.xml
2014-11-03_23-29-48-576 Finishing test with UNKNOWN for Input:svcomp/loop-acceleration/phases_true-unreach-call1.i Settings:settings/svcomp2015/svComp-32bit-precise-Automizer.epf Toolchain:toolchains/AutomizerC.xml: TIMEOUT(Expected:SAFE): ExpectedResult: SAFE UltimateResult: TIMEOUT   [ShortDescription: Timeout LongDescription: Unable to prove that call of __VERIFIER_error() unreachable (line 4)]
2014-11-03_23-29-48-704 ### 151/258 ### Starting test for Input:svcomp/loop-invgen/NetBSD_loop_false-unreach-call.i Settings:settings/svcomp2015/svComp-32bit-precise-Automizer.epf Toolchain:toolchains/AutomizerC.xml
2014-11-03_23-29-49-455 Finishing test with FAIL for Input:svcomp/loop-invgen/NetBSD_loop_false-unreach-call.i Settings:settings/svcomp2015/svComp-32bit-precise-Automizer.epf Toolchain:toolchains/AutomizerC.xml: SAFE(Expected:UNSAFE): ExpectedResult: UNSAFE UltimateResult: SAFE   [ShortDescription: All specifications hold LongDescription: 1 specifications checked. All of them hold]
2014-11-03_23-29-49-579 ### 152/258 ### Starting test for Input:svcomp/loop-invgen/id_build_true-unreach-call.i Settings:settings/svcomp2015/svComp-32bit-precise-Automizer.epf Toolchain:toolchains/AutomizerC.xml
2014-11-03_23-29-49-738 Finishing test with SUCCESS for Input:svcomp/loop-invgen/id_build_true-unreach-call.i Settings:settings/svcomp2015/svComp-32bit-precise-Automizer.epf Toolchain:toolchains/AutomizerC.xml: SAFE(Expected:SAFE): ExpectedResult: SAFE UltimateResult: SAFE   [ShortDescription: All specifications hold LongDescription: 1 specifications checked. All of them hold]
2014-11-03_23-29-49-867 ### 153/258 ### Starting test for Input:svcomp/loop-lit/cggmp2005b_true-unreach-call.c.i Settings:settings/svcomp2015/svComp-32bit-precise-Automizer.epf Toolchain:toolchains/AutomizerC.xml
2014-11-03_23-30-19-887 Finishing test with UNKNOWN for Input:svcomp/loop-lit/cggmp2005b_true-unreach-call.c.i Settings:settings/svcomp2015/svComp-32bit-precise-Automizer.epf Toolchain:toolchains/AutomizerC.xml: TIMEOUT(Expected:SAFE): ExpectedResult: SAFE UltimateResult: TIMEOUT   [ShortDescription: Timeout LongDescription: Timout or Toolchain cancelled by user]
2014-11-03_23-30-20-018 ### 154/258 ### Starting test for Input:svcomp/loop-new/nested_true-unreach-call.i Settings:settings/svcomp2015/svComp-32bit-precise-Automizer.epf Toolchain:toolchains/AutomizerC.xml
2014-11-03_23-30-43-008 Finishing test with SUCCESS for Input:svcomp/loop-new/nested_true-unreach-call.i Settings:settings/svcomp2015/svComp-32bit-precise-Automizer.epf Toolchain:toolchains/AutomizerC.xml: SAFE(Expected:SAFE): ExpectedResult: SAFE UltimateResult: SAFE   [ShortDescription: All specifications hold LongDescription: 1 specifications checked. All of them hold]
2014-11-03_23-30-43-133 ### 155/258 ### Starting test for Input:svcomp/loops/nec11_false-unreach-call.i Settings:settings/svcomp2015/svComp-32bit-precise-Automizer.epf Toolchain:toolchains/AutomizerC.xml
2014-11-03_23-30-43-212 Finishing test with SUCCESS for Input:svcomp/loops/nec11_false-unreach-call.i Settings:settings/svcomp2015/svComp-32bit-precise-Automizer.epf Toolchain:toolchains/AutomizerC.xml: UNSAFE(Expected:UNSAFE): ExpectedResult: UNSAFE UltimateResult: UNSAFE   a call of __VERIFIER_error() is reachable 
2014-11-03_23-30-43-344 ### 156/258 ### Starting test for Input:svcomp/loops/sum01_true-unreach-call_true-termination.i Settings:settings/svcomp2015/svComp-32bit-precise-Automizer.epf Toolchain:toolchains/AutomizerC.xml
2014-11-03_23-31-13-364 Finishing test with UNKNOWN for Input:svcomp/loops/sum01_true-unreach-call_true-termination.i Settings:settings/svcomp2015/svComp-32bit-precise-Automizer.epf Toolchain:toolchains/AutomizerC.xml: TIMEOUT(Expected:SAFE): ExpectedResult: SAFE UltimateResult: TIMEOUT   [ShortDescription: Timeout LongDescription: Timout or Toolchain cancelled by user]
2014-11-03_23-31-13-490 ### 157/258 ### Starting test for Input:svcomp/loop-acceleration/diamond_false-unreach-call2.i Settings:settings/svcomp2015/svComp-32bit-precise-BE-Impulse.epf Toolchain:toolchains/CodeCheckWithBE-C.xml
2014-11-03_23-31-13-689 Finishing test with SUCCESS for Input:svcomp/loop-acceleration/diamond_false-unreach-call2.i Settings:settings/svcomp2015/svComp-32bit-precise-BE-Impulse.epf Toolchain:toolchains/CodeCheckWithBE-C.xml: UNSAFE(Expected:UNSAFE): ExpectedResult: UNSAFE UltimateResult: UNSAFE   a call of __VERIFIER_error() is reachable 
2014-11-03_23-31-13-818 ### 158/258 ### Starting test for Input:svcomp/loop-acceleration/phases_true-unreach-call1.i Settings:settings/svcomp2015/svComp-32bit-precise-BE-Impulse.epf Toolchain:toolchains/CodeCheckWithBE-C.xml
2014-11-03_23-31-40-804 Finishing test with FAIL for Input:svcomp/loop-acceleration/phases_true-unreach-call1.i Settings:settings/svcomp2015/svComp-32bit-precise-BE-Impulse.epf Toolchain:toolchains/CodeCheckWithBE-C.xml: EXCEPTION_OR_ERROR(Expected:SAFE): ExpectedResult: SAFE UltimateResult: EXCEPTION_OR_ERROR   [de.uni_freiburg.informatik.ultimate.plugins.generator.codecheck: AssertionError: no branch was taken: de.uni_freiburg.informatik.ultimate.plugins.generator.rcfgbuilder.RCFGBacktranslator.addCodeBlock(RCFGBacktranslator.java:128)]
2014-11-03_23-31-40-943 ### 159/258 ### Starting test for Input:svcomp/loop-invgen/NetBSD_loop_false-unreach-call.i Settings:settings/svcomp2015/svComp-32bit-precise-BE-Impulse.epf Toolchain:toolchains/CodeCheckWithBE-C.xml
2014-11-03_23-31-48-212 Finishing test with FAIL for Input:svcomp/loop-invgen/NetBSD_loop_false-unreach-call.i Settings:settings/svcomp2015/svComp-32bit-precise-BE-Impulse.epf Toolchain:toolchains/CodeCheckWithBE-C.xml: SAFE(Expected:UNSAFE): ExpectedResult: UNSAFE UltimateResult: SAFE   [ShortDescription: All specifications hold LongDescription: 1 specifications checked. All of them hold]
2014-11-03_23-31-48-345 ### 160/258 ### Starting test for Input:svcomp/loop-invgen/id_build_true-unreach-call.i Settings:settings/svcomp2015/svComp-32bit-precise-BE-Impulse.epf Toolchain:toolchains/CodeCheckWithBE-C.xml
2014-11-03_23-32-22-113 Finishing test with UNKNOWN for Input:svcomp/loop-invgen/id_build_true-unreach-call.i Settings:settings/svcomp2015/svComp-32bit-precise-BE-Impulse.epf Toolchain:toolchains/CodeCheckWithBE-C.xml: TIMEOUT(Expected:SAFE): ExpectedResult: SAFE UltimateResult: TIMEOUT   [ShortDescription: Timeout LongDescription: Unable to prove that call of __VERIFIER_error() unreachable (line 5)]
2014-11-03_23-32-22-240 ### 161/258 ### Starting test for Input:svcomp/loop-lit/cggmp2005b_true-unreach-call.c.i Settings:settings/svcomp2015/svComp-32bit-precise-BE-Impulse.epf Toolchain:toolchains/CodeCheckWithBE-C.xml
2014-11-03_23-32-52-281 Finishing test with UNKNOWN for Input:svcomp/loop-lit/cggmp2005b_true-unreach-call.c.i Settings:settings/svcomp2015/svComp-32bit-precise-BE-Impulse.epf Toolchain:toolchains/CodeCheckWithBE-C.xml: TIMEOUT(Expected:SAFE): ExpectedResult: SAFE UltimateResult: TIMEOUT   [ShortDescription: Timeout LongDescription: Timout or Toolchain cancelled by user]
2014-11-03_23-32-52-415 ### 162/258 ### Starting test for Input:svcomp/loop-new/nested_true-unreach-call.i Settings:settings/svcomp2015/svComp-32bit-precise-BE-Impulse.epf Toolchain:toolchains/CodeCheckWithBE-C.xml
2014-11-03_23-33-22-497 Finishing test with UNKNOWN for Input:svcomp/loop-new/nested_true-unreach-call.i Settings:settings/svcomp2015/svComp-32bit-precise-BE-Impulse.epf Toolchain:toolchains/CodeCheckWithBE-C.xml: TIMEOUT(Expected:SAFE): ExpectedResult: SAFE UltimateResult: TIMEOUT   [ShortDescription: Timeout LongDescription: Timout or Toolchain cancelled by user]
2014-11-03_23-33-22-630 ### 163/258 ### Starting test for Input:svcomp/loops/nec11_false-unreach-call.i Settings:settings/svcomp2015/svComp-32bit-precise-BE-Impulse.epf Toolchain:toolchains/CodeCheckWithBE-C.xml
2014-11-03_23-33-22-711 Finishing test with SUCCESS for Input:svcomp/loops/nec11_false-unreach-call.i Settings:settings/svcomp2015/svComp-32bit-precise-BE-Impulse.epf Toolchain:toolchains/CodeCheckWithBE-C.xml: UNSAFE(Expected:UNSAFE): ExpectedResult: UNSAFE UltimateResult: UNSAFE   a call of __VERIFIER_error() is reachable 
2014-11-03_23-33-22-840 ### 164/258 ### Starting test for Input:svcomp/loops/sum01_true-unreach-call_true-termination.i Settings:settings/svcomp2015/svComp-32bit-precise-BE-Impulse.epf Toolchain:toolchains/CodeCheckWithBE-C.xml
2014-11-03_23-33-52-931 Finishing test with UNKNOWN for Input:svcomp/loops/sum01_true-unreach-call_true-termination.i Settings:settings/svcomp2015/svComp-32bit-precise-BE-Impulse.epf Toolchain:toolchains/CodeCheckWithBE-C.xml: TIMEOUT(Expected:SAFE): ExpectedResult: SAFE UltimateResult: TIMEOUT   [ShortDescription: Timeout LongDescription: Timout or Toolchain cancelled by user]
2014-11-03_23-33-53-058 ### 165/258 ### Starting test for Input:svcomp/list-ext-properties/960521-1_1_false-valid-deref.i Settings:settings/svcomp2015/svComp-32bit-memsafety-Automizer.epf Toolchain:toolchains/AutomizerC.xml
2014-11-03_23-34-25-054 Finishing test with UNKNOWN for Input:svcomp/list-ext-properties/960521-1_1_false-valid-deref.i Settings:settings/svcomp2015/svComp-32bit-memsafety-Automizer.epf Toolchain:toolchains/AutomizerC.xml: TIMEOUT(Expected:UNSAFE_DEREF): ExpectedResult: UNSAFE_DEREF UltimateResult: TIMEOUT   [ShortDescription: Timeout LongDescription: Timout or Toolchain cancelled by user]
2014-11-03_23-34-25-194 ### 166/258 ### Starting test for Input:svcomp/list-ext-properties/960521-1_1_false-valid-free.i Settings:settings/svcomp2015/svComp-32bit-memsafety-Automizer.epf Toolchain:toolchains/AutomizerC.xml
2014-11-03_23-34-27-522 Finishing test with SUCCESS for Input:svcomp/list-ext-properties/960521-1_1_false-valid-free.i Settings:settings/svcomp2015/svComp-32bit-memsafety-Automizer.epf Toolchain:toolchains/AutomizerC.xml: UNSAFE_FREE(Expected:UNSAFE_FREE): ExpectedResult: UNSAFE_FREE UltimateResult: UNSAFE_FREE   free of unallocated memory possible 
2014-11-03_23-34-27-666 ### 167/258 ### Starting test for Input:svcomp/list-ext-properties/test-0019_1_true-valid-memsafety.i Settings:settings/svcomp2015/svComp-32bit-memsafety-Automizer.epf Toolchain:toolchains/AutomizerC.xml
2014-11-03_23-35-09-794 Finishing test with UNKNOWN for Input:svcomp/list-ext-properties/test-0019_1_true-valid-memsafety.i Settings:settings/svcomp2015/svComp-32bit-memsafety-Automizer.epf Toolchain:toolchains/AutomizerC.xml: TIMEOUT(Expected:SAFE): ExpectedResult: SAFE UltimateResult: TIMEOUT   [ShortDescription: Timeout LongDescription: Timout or Toolchain cancelled by user]
2014-11-03_23-35-09-935 ### 168/258 ### Starting test for Input:svcomp/list-ext-properties/test-0232_1_false-valid-memtrack.i Settings:settings/svcomp2015/svComp-32bit-memsafety-Automizer.epf Toolchain:toolchains/AutomizerC.xml
2014-11-03_23-35-19-294 Finishing test with SUCCESS for Input:svcomp/list-ext-properties/test-0232_1_false-valid-memtrack.i Settings:settings/svcomp2015/svComp-32bit-memsafety-Automizer.epf Toolchain:toolchains/AutomizerC.xml: UNSAFE_MEMTRACK(Expected:UNSAFE_MEMTRACK): ExpectedResult: UNSAFE_MEMTRACK UltimateResult: UNSAFE_MEMTRACK   not all allocated memory was freed 
2014-11-03_23-35-19-419 ### 169/258 ### Starting test for Input:svcomp/memory-alloca/c.02-alloca_true-valid-memsafety.i Settings:settings/svcomp2015/svComp-32bit-memsafety-Automizer.epf Toolchain:toolchains/AutomizerC.xml
2014-11-03_23-37-14-271 Finishing test with UNKNOWN for Input:svcomp/memory-alloca/c.02-alloca_true-valid-memsafety.i Settings:settings/svcomp2015/svComp-32bit-memsafety-Automizer.epf Toolchain:toolchains/AutomizerC.xml: TIMEOUT(Expected:SAFE): ExpectedResult: SAFE UltimateResult: TIMEOUT   [ShortDescription: Timeout LongDescription: Timout or Toolchain cancelled by user]
2014-11-03_23-37-14-499 ### 170/258 ### Starting test for Input:svcomp/memory-alloca/cstrcpy_unsafe_false-valid-deref.i Settings:settings/svcomp2015/svComp-32bit-memsafety-Automizer.epf Toolchain:toolchains/AutomizerC.xml
2014-11-03_23-37-14-589 Finishing test with SUCCESS for Input:svcomp/memory-alloca/cstrcpy_unsafe_false-valid-deref.i Settings:settings/svcomp2015/svComp-32bit-memsafety-Automizer.epf Toolchain:toolchains/AutomizerC.xml: UNSAFE_DEREF(Expected:UNSAFE_DEREF): ExpectedResult: UNSAFE_DEREF UltimateResult: UNSAFE_DEREF   pointer dereference may fail 
2014-11-03_23-37-14-717 ### 171/258 ### Starting test for Input:svcomp/memsafety-ext/tree_dsw_true-valid-memsafety.i Settings:settings/svcomp2015/svComp-32bit-memsafety-Automizer.epf Toolchain:toolchains/AutomizerC.xml
2014-11-03_23-37-26-073 Finishing test with FAIL for Input:svcomp/memsafety-ext/tree_dsw_true-valid-memsafety.i Settings:settings/svcomp2015/svComp-32bit-memsafety-Automizer.epf Toolchain:toolchains/AutomizerC.xml: EXCEPTION_OR_ERROR(Expected:SAFE): ExpectedResult: SAFE UltimateResult: EXCEPTION_OR_ERROR   [de.uni_freiburg.informatik.ultimate.plugins.generator.traceabstraction: AssertionError: invalid Hoare triple in FP: de.uni_freiburg.informatik.ultimate.plugins.generator.traceabstraction.singleTraceCheck.TraceCheckerSpWp.computeInterpolantsUsingUnsatCore(TraceCheckerSpWp.java:357)]
2014-11-03_23-37-26-203 ### 172/258 ### Starting test for Input:svcomp/memsafety/960521-1_false-valid-deref.i Settings:settings/svcomp2015/svComp-32bit-memsafety-Automizer.epf Toolchain:toolchains/AutomizerC.xml
2014-11-03_23-37-56-235 Finishing test with UNKNOWN for Input:svcomp/memsafety/960521-1_false-valid-deref.i Settings:settings/svcomp2015/svComp-32bit-memsafety-Automizer.epf Toolchain:toolchains/AutomizerC.xml: TIMEOUT(Expected:UNSAFE_DEREF): ExpectedResult: UNSAFE_DEREF UltimateResult: TIMEOUT   [ShortDescription: Timeout LongDescription: Unable to prove that free always succeeds (line 637), ShortDescription: Timeout LongDescription: Unable to prove that free always succeeds (line 637), ShortDescription: Timeout LongDescription: Unable to prove that free always succeeds (line 637), ShortDescription: Timeout LongDescription: Unable to prove that pointer dereference always succeeds (line 636), ShortDescription: Timeout LongDescription: Unable to prove that pointer dereference always succeeds (line 636), ShortDescription: Timeout LongDescription: Unable to prove that pointer dereference always succeeds (line 634), ShortDescription: Timeout LongDescription: Unable to prove that pointer dereference always succeeds (line 625), ShortDescription: Timeout LongDescription: Unable to prove that free always succeeds (line 639), ShortDescription: Timeout LongDescription: Unable to prove that free always succeeds (line 639), ShortDescription: Timeout LongDescription: Unable to prove that all allocated memory was freed (line 629), ShortDescription: Timeout LongDescription: Unable to prove that free always succeeds (line 639), ShortDescription: Timeout LongDescription: Unable to prove that free always succeeds (line 637), ShortDescription: Timeout LongDescription: Unable to prove that pointer dereference always succeeds (line 627), ShortDescription: Timeout LongDescription: Unable to prove that pointer dereference always succeeds (line 634), ShortDescription: Timeout LongDescription: Unable to prove that free always succeeds (line 639), ShortDescription: Timeout LongDescription: Unable to prove that pointer dereference always succeeds (line 627), ShortDescription: Timeout LongDescription: Unable to prove that pointer dereference always succeeds (line 625)]
2014-11-03_23-37-56-370 ### 173/258 ### Starting test for Input:svcomp/memsafety/960521-1_false-valid-free.i Settings:settings/svcomp2015/svComp-32bit-memsafety-Automizer.epf Toolchain:toolchains/AutomizerC.xml
2014-11-03_23-38-26-402 Finishing test with UNKNOWN for Input:svcomp/memsafety/960521-1_false-valid-free.i Settings:settings/svcomp2015/svComp-32bit-memsafety-Automizer.epf Toolchain:toolchains/AutomizerC.xml: TIMEOUT(Expected:UNSAFE_FREE): ExpectedResult: UNSAFE_FREE UltimateResult: TIMEOUT   [ShortDescription: Timeout LongDescription: Timout or Toolchain cancelled by user]
2014-11-03_23-38-26-534 ### 174/258 ### Starting test for Input:svcomp/memsafety/test-0220_false-valid-memtrack.i Settings:settings/svcomp2015/svComp-32bit-memsafety-Automizer.epf Toolchain:toolchains/AutomizerC.xml
2014-11-03_23-38-26-599 Finishing test with FAIL for Input:svcomp/memsafety/test-0220_false-valid-memtrack.i Settings:settings/svcomp2015/svComp-32bit-memsafety-Automizer.epf Toolchain:toolchains/AutomizerC.xml: EXCEPTION_OR_ERROR(Expected:UNSAFE_MEMTRACK): ExpectedResult: UNSAFE_MEMTRACK UltimateResult: EXCEPTION_OR_ERROR   [de.uni_freiburg.informatik.ultimate.plugins.generator.rcfgbuilder: SMTLIBException: line 519 column 895: logic does not support nonlinear arithmetic: de.uni_freiburg.informatik.ultimate.smtsolver.external.Parser$Action$.CUP$do_action(Parser.java:1338)]
2014-11-03_23-38-26-730 ### 175/258 ### Starting test for Input:svcomp/memsafety/test-0236_true-valid-memsafety.i Settings:settings/svcomp2015/svComp-32bit-memsafety-Automizer.epf Toolchain:toolchains/AutomizerC.xml
2014-11-03_23-38-26-823 Finishing test with FAIL for Input:svcomp/memsafety/test-0236_true-valid-memsafety.i Settings:settings/svcomp2015/svComp-32bit-memsafety-Automizer.epf Toolchain:toolchains/AutomizerC.xml: EXCEPTION_OR_ERROR(Expected:SAFE): ExpectedResult: SAFE UltimateResult: EXCEPTION_OR_ERROR   [de.uni_freiburg.informatik.ultimate.plugins.generator.rcfgbuilder: SMTLIBException: line 957 column 895: logic does not support nonlinear arithmetic: de.uni_freiburg.informatik.ultimate.smtsolver.external.Parser$Action$.CUP$do_action(Parser.java:1338)]
2014-11-03_23-38-26-954 ### 176/258 ### Starting test for Input:svcomp/list-ext-properties/960521-1_1_false-valid-deref.i Settings:settings/svcomp2015/svComp-32bit-memsafety-BE-Impulse.epf.epf Toolchain:toolchains/CodeCheckWithBE-C.xml
2014-11-03_23-39-16-224 Finishing test with UNKNOWN for Input:svcomp/list-ext-properties/960521-1_1_false-valid-deref.i Settings:settings/svcomp2015/svComp-32bit-memsafety-BE-Impulse.epf.epf Toolchain:toolchains/CodeCheckWithBE-C.xml: TIMEOUT(Expected:UNSAFE_DEREF): ExpectedResult: UNSAFE_DEREF UltimateResult: TIMEOUT   [ShortDescription: Timeout LongDescription: Timout or Toolchain cancelled by user]
2014-11-03_23-39-16-383 ### 177/258 ### Starting test for Input:svcomp/list-ext-properties/960521-1_1_false-valid-free.i Settings:settings/svcomp2015/svComp-32bit-memsafety-BE-Impulse.epf.epf Toolchain:toolchains/CodeCheckWithBE-C.xml
2014-11-03_23-39-26-373 Finishing test with SUCCESS for Input:svcomp/list-ext-properties/960521-1_1_false-valid-free.i Settings:settings/svcomp2015/svComp-32bit-memsafety-BE-Impulse.epf.epf Toolchain:toolchains/CodeCheckWithBE-C.xml: UNSAFE_FREE(Expected:UNSAFE_FREE): ExpectedResult: UNSAFE_FREE UltimateResult: UNSAFE_FREE   free of unallocated memory possible 
2014-11-03_23-39-26-505 ### 178/258 ### Starting test for Input:svcomp/list-ext-properties/test-0019_1_true-valid-memsafety.i Settings:settings/svcomp2015/svComp-32bit-memsafety-BE-Impulse.epf.epf Toolchain:toolchains/CodeCheckWithBE-C.xml
2014-11-03_23-40-03-982 Finishing test with UNKNOWN for Input:svcomp/list-ext-properties/test-0019_1_true-valid-memsafety.i Settings:settings/svcomp2015/svComp-32bit-memsafety-BE-Impulse.epf.epf Toolchain:toolchains/CodeCheckWithBE-C.xml: TIMEOUT(Expected:SAFE): ExpectedResult: SAFE UltimateResult: TIMEOUT   [ShortDescription: Timeout LongDescription: Timout or Toolchain cancelled by user]
2014-11-03_23-40-04-132 ### 179/258 ### Starting test for Input:svcomp/list-ext-properties/test-0232_1_false-valid-memtrack.i Settings:settings/svcomp2015/svComp-32bit-memsafety-BE-Impulse.epf.epf Toolchain:toolchains/CodeCheckWithBE-C.xml
2014-11-03_23-40-35-100 Finishing test with UNKNOWN for Input:svcomp/list-ext-properties/test-0232_1_false-valid-memtrack.i Settings:settings/svcomp2015/svComp-32bit-memsafety-BE-Impulse.epf.epf Toolchain:toolchains/CodeCheckWithBE-C.xml: TIMEOUT(Expected:UNSAFE_MEMTRACK): ExpectedResult: UNSAFE_MEMTRACK UltimateResult: TIMEOUT   [ShortDescription: Timeout LongDescription: Unable to prove that pointer dereference always succeeds (line 647), ShortDescription: Timeout LongDescription: Unable to prove that pointer dereference always succeeds (line 654), ShortDescription: Timeout LongDescription: Unable to prove that pointer dereference always succeeds (line 629), ShortDescription: Timeout LongDescription: Unable to prove that pointer dereference always succeeds (line 653), ShortDescription: Timeout LongDescription: Unable to prove that pointer dereference always succeeds (line 653), ShortDescription: Timeout LongDescription: Unable to prove that pointer dereference always succeeds (line 645), ShortDescription: Timeout LongDescription: Unable to prove that pointer dereference always succeeds (line 647), ShortDescription: Timeout LongDescription: Unable to prove that pointer dereference always succeeds (line 648), ShortDescription: Timeout LongDescription: Unable to prove that pointer dereference always succeeds (line 649), ShortDescription: Timeout LongDescription: Unable to prove that free always succeeds (line 645), ShortDescription: Timeout LongDescription: Unable to prove that pointer dereference always succeeds (line 631), ShortDescription: Timeout LongDescription: Unable to prove that pointer dereference always succeeds (line 629), ShortDescription: Timeout LongDescription: Unable to prove that free always succeeds (line 648), ShortDescription: Timeout LongDescription: Unable to prove that pointer dereference always succeeds (line 631), ShortDescription: Timeout LongDescription: Unable to prove that free always succeeds (line 647), ShortDescription: Timeout LongDescription: Unable to prove that pointer dereference always succeeds (line 645), ShortDescription: Timeout LongDescription: Unable to prove that pointer dereference always succeeds (line 655), ShortDescription: Timeout LongDescription: Unable to prove that pointer dereference always succeeds (line 630), ShortDescription: Timeout LongDescription: Unable to prove that pointer dereference always succeeds (line 630), ShortDescription: Timeout LongDescription: Unable to prove that pointer dereference always succeeds (line 645), ShortDescription: Timeout LongDescription: Unable to prove that pointer dereference always succeeds (line 637), ShortDescription: Timeout LongDescription: Unable to prove that pointer dereference always succeeds (line 629), ShortDescription: Timeout LongDescription: Unable to prove that pointer dereference always succeeds (line 631), ShortDescription: Timeout LongDescription: Unable to prove that free always succeeds (line 637), ShortDescription: Timeout LongDescription: Unable to prove that pointer dereference always succeeds (line 647), ShortDescription: Timeout LongDescription: Unable to prove that pointer dereference always succeeds (line 630), ShortDescription: Timeout LongDescription: Unable to prove that pointer dereference always succeeds (line 649), ShortDescription: Timeout LongDescription: Unable to prove that pointer dereference always succeeds (line 629), ShortDescription: Timeout LongDescription: Unable to prove that pointer dereference always succeeds (line 653), ShortDescription: Timeout LongDescription: Unable to prove that pointer dereference always succeeds (line 653), ShortDescription: Timeout LongDescription: Unable to prove that pointer dereference always succeeds (line 655), ShortDescription: Timeout LongDescription: Unable to prove that pointer dereference always succeeds (line 655), ShortDescription: Timeout LongDescription: Unable to prove that pointer dereference always succeeds (line 655), ShortDescription: Timeout LongDescription: Unable to prove that pointer dereference always succeeds (line 647), ShortDescription: Timeout LongDescription: Unable to prove that pointer dereference always succeeds (line 647), ShortDescription: Timeout LongDescription: Unable to prove that free always succeeds (line 637), ShortDescription: Timeout LongDescription: Unable to prove that pointer dereference always succeeds (line 633), ShortDescription: Timeout LongDescription: Unable to prove that pointer dereference always succeeds (line 647), ShortDescription: Timeout LongDescription: Unable to prove that pointer dereference always succeeds (line 653), ShortDescription: Timeout LongDescription: Unable to prove that pointer dereference always succeeds (line 649), ShortDescription: Timeout LongDescription: Unable to prove that pointer dereference always succeeds (line 645), ShortDescription: Timeout LongDescription: Unable to prove that pointer dereference always succeeds (line 654), ShortDescription: Timeout LongDescription: Unable to prove that free always succeeds (line 653), ShortDescription: Timeout LongDescription: Unable to prove that free always succeeds (line 648), ShortDescription: Timeout LongDescription: Unable to prove that pointer dereference always succeeds (line 637), ShortDescription: Timeout LongDescription: Unable to prove that pointer dereference always succeeds (line 648), ShortDescription: Timeout LongDescription: Unable to prove that all allocated memory was freed (line 635), ShortDescription: Timeout LongDescription: Unable to prove that pointer dereference always succeeds (line 631), ShortDescription: Timeout LongDescription: Unable to prove that pointer dereference always succeeds (line 630), ShortDescription: Timeout LongDescription: Unable to prove that pointer dereference always succeeds (line 649), ShortDescription: Timeout LongDescription: Unable to prove that free always succeeds (line 654), ShortDescription: Timeout LongDescription: Unable to prove that free always succeeds (line 653), ShortDescription: Timeout LongDescription: Unable to prove that free always succeeds (line 645), ShortDescription: Timeout LongDescription: Unable to prove that free always succeeds (line 647), ShortDescription: Timeout LongDescription: Unable to prove that pointer dereference always succeeds (line 653), ShortDescription: Timeout LongDescription: Unable to prove that pointer dereference always succeeds (line 633), ShortDescription: Timeout LongDescription: Unable to prove that free always succeeds (line 654)]
2014-11-03_23-40-35-241 ### 180/258 ### Starting test for Input:svcomp/memory-alloca/c.02-alloca_true-valid-memsafety.i Settings:settings/svcomp2015/svComp-32bit-memsafety-BE-Impulse.epf.epf Toolchain:toolchains/CodeCheckWithBE-C.xml
2014-11-03_23-41-06-645 Finishing test with UNKNOWN for Input:svcomp/memory-alloca/c.02-alloca_true-valid-memsafety.i Settings:settings/svcomp2015/svComp-32bit-memsafety-BE-Impulse.epf.epf Toolchain:toolchains/CodeCheckWithBE-C.xml: TIMEOUT(Expected:SAFE): ExpectedResult: SAFE UltimateResult: TIMEOUT   [ShortDescription: Timeout LongDescription: Timout or Toolchain cancelled by user]
2014-11-03_23-41-06-787 ### 181/258 ### Starting test for Input:svcomp/memory-alloca/cstrcpy_unsafe_false-valid-deref.i Settings:settings/svcomp2015/svComp-32bit-memsafety-BE-Impulse.epf.epf Toolchain:toolchains/CodeCheckWithBE-C.xml
2014-11-03_23-41-06-893 Finishing test with SUCCESS for Input:svcomp/memory-alloca/cstrcpy_unsafe_false-valid-deref.i Settings:settings/svcomp2015/svComp-32bit-memsafety-BE-Impulse.epf.epf Toolchain:toolchains/CodeCheckWithBE-C.xml: UNSAFE_DEREF(Expected:UNSAFE_DEREF): ExpectedResult: UNSAFE_DEREF UltimateResult: UNSAFE_DEREF   pointer dereference may fail 
2014-11-03_23-41-07-025 ### 182/258 ### Starting test for Input:svcomp/memsafety-ext/tree_dsw_true-valid-memsafety.i Settings:settings/svcomp2015/svComp-32bit-memsafety-BE-Impulse.epf.epf Toolchain:toolchains/CodeCheckWithBE-C.xml
2014-11-03_23-41-38-910 Finishing test with UNKNOWN for Input:svcomp/memsafety-ext/tree_dsw_true-valid-memsafety.i Settings:settings/svcomp2015/svComp-32bit-memsafety-BE-Impulse.epf.epf Toolchain:toolchains/CodeCheckWithBE-C.xml: TIMEOUT(Expected:SAFE): ExpectedResult: SAFE UltimateResult: TIMEOUT   [ShortDescription: Timeout LongDescription: Timout or Toolchain cancelled by user]
2014-11-03_23-41-39-064 ### 183/258 ### Starting test for Input:svcomp/memsafety/960521-1_false-valid-deref.i Settings:settings/svcomp2015/svComp-32bit-memsafety-BE-Impulse.epf.epf Toolchain:toolchains/CodeCheckWithBE-C.xml
2014-11-03_23-42-09-083 Finishing test with UNKNOWN for Input:svcomp/memsafety/960521-1_false-valid-deref.i Settings:settings/svcomp2015/svComp-32bit-memsafety-BE-Impulse.epf.epf Toolchain:toolchains/CodeCheckWithBE-C.xml: TIMEOUT(Expected:UNSAFE_DEREF): ExpectedResult: UNSAFE_DEREF UltimateResult: TIMEOUT   [ShortDescription: Timeout LongDescription: Timout or Toolchain cancelled by user]
2014-11-03_23-42-09-225 ### 184/258 ### Starting test for Input:svcomp/memsafety/960521-1_false-valid-free.i Settings:settings/svcomp2015/svComp-32bit-memsafety-BE-Impulse.epf.epf Toolchain:toolchains/CodeCheckWithBE-C.xml
2014-11-03_23-42-39-406 Finishing test with UNKNOWN for Input:svcomp/memsafety/960521-1_false-valid-free.i Settings:settings/svcomp2015/svComp-32bit-memsafety-BE-Impulse.epf.epf Toolchain:toolchains/CodeCheckWithBE-C.xml: TIMEOUT(Expected:UNSAFE_FREE): ExpectedResult: UNSAFE_FREE UltimateResult: TIMEOUT   [ShortDescription: Timeout LongDescription: Unable to prove that pointer dereference always succeeds (line 634), ShortDescription: Timeout LongDescription: Unable to prove that pointer dereference always succeeds (line 636), ShortDescription: Timeout LongDescription: Unable to prove that pointer dereference always succeeds (line 627), ShortDescription: Timeout LongDescription: Unable to prove that pointer dereference always succeeds (line 636), ShortDescription: Timeout LongDescription: Unable to prove that free always succeeds (line 639), ShortDescription: Timeout LongDescription: Unable to prove that free always succeeds (line 639), ShortDescription: Timeout LongDescription: Unable to prove that all allocated memory was freed (line 629), ShortDescription: Timeout LongDescription: Unable to prove that free always succeeds (line 639), ShortDescription: Timeout LongDescription: Unable to prove that free always succeeds (line 637), ShortDescription: Timeout LongDescription: Unable to prove that pointer dereference always succeeds (line 625), ShortDescription: Timeout LongDescription: Unable to prove that free always succeeds (line 637), ShortDescription: Timeout LongDescription: Unable to prove that pointer dereference always succeeds (line 627), ShortDescription: Timeout LongDescription: Unable to prove that pointer dereference always succeeds (line 625), ShortDescription: Timeout LongDescription: Unable to prove that pointer dereference always succeeds (line 634), ShortDescription: Timeout LongDescription: Unable to prove that free always succeeds (line 637), ShortDescription: Timeout LongDescription: Unable to prove that free always succeeds (line 639), ShortDescription: Timeout LongDescription: Unable to prove that free always succeeds (line 637)]
2014-11-03_23-42-39-551 ### 185/258 ### Starting test for Input:svcomp/memsafety/test-0220_false-valid-memtrack.i Settings:settings/svcomp2015/svComp-32bit-memsafety-BE-Impulse.epf.epf Toolchain:toolchains/CodeCheckWithBE-C.xml
2014-11-03_23-42-39-619 Finishing test with FAIL for Input:svcomp/memsafety/test-0220_false-valid-memtrack.i Settings:settings/svcomp2015/svComp-32bit-memsafety-BE-Impulse.epf.epf Toolchain:toolchains/CodeCheckWithBE-C.xml: EXCEPTION_OR_ERROR(Expected:UNSAFE_MEMTRACK): ExpectedResult: UNSAFE_MEMTRACK UltimateResult: EXCEPTION_OR_ERROR   [de.uni_freiburg.informatik.ultimate.plugins.generator.rcfgbuilder: SMTLIBException: line 527 column 895: logic does not support nonlinear arithmetic: de.uni_freiburg.informatik.ultimate.smtsolver.external.Parser$Action$.CUP$do_action(Parser.java:1338)]
2014-11-03_23-42-39-772 ### 186/258 ### Starting test for Input:svcomp/memsafety/test-0236_true-valid-memsafety.i Settings:settings/svcomp2015/svComp-32bit-memsafety-BE-Impulse.epf.epf Toolchain:toolchains/CodeCheckWithBE-C.xml
2014-11-03_23-42-39-895 Finishing test with FAIL for Input:svcomp/memsafety/test-0236_true-valid-memsafety.i Settings:settings/svcomp2015/svComp-32bit-memsafety-BE-Impulse.epf.epf Toolchain:toolchains/CodeCheckWithBE-C.xml: EXCEPTION_OR_ERROR(Expected:SAFE): ExpectedResult: SAFE UltimateResult: EXCEPTION_OR_ERROR   [de.uni_freiburg.informatik.ultimate.plugins.generator.rcfgbuilder: SMTLIBException: line 965 column 895: logic does not support nonlinear arithmetic: de.uni_freiburg.informatik.ultimate.smtsolver.external.Parser$Action$.CUP$do_action(Parser.java:1338)]
2014-11-03_23-42-40-049 ### 187/258 ### Starting test for Input:svcomp/product-lines/elevator_spec14_product32_false-unreach-call.cil.c Settings:settings/svcomp2015/svComp-32bit-precise-Automizer.epf Toolchain:toolchains/AutomizerC.xml
2014-11-03_23-43-10-545 Finishing test with UNKNOWN for Input:svcomp/product-lines/elevator_spec14_product32_false-unreach-call.cil.c Settings:settings/svcomp2015/svComp-32bit-precise-Automizer.epf Toolchain:toolchains/AutomizerC.xml: TIMEOUT(Expected:UNSAFE): ExpectedResult: UNSAFE UltimateResult: TIMEOUT   [ShortDescription: Timeout LongDescription: Timout or Toolchain cancelled by user]
2014-11-03_23-43-10-741 ### 188/258 ### Starting test for Input:svcomp/product-lines/elevator_spec1_product18_false-unreach-call.cil.c Settings:settings/svcomp2015/svComp-32bit-precise-Automizer.epf Toolchain:toolchains/AutomizerC.xml
2014-11-03_23-43-40-763 Finishing test with UNKNOWN for Input:svcomp/product-lines/elevator_spec1_product18_false-unreach-call.cil.c Settings:settings/svcomp2015/svComp-32bit-precise-Automizer.epf Toolchain:toolchains/AutomizerC.xml: TIMEOUT(Expected:UNSAFE): ExpectedResult: UNSAFE UltimateResult: TIMEOUT   [ShortDescription: Timeout LongDescription: Unable to prove that call of __VERIFIER_error() unreachable (line 50)]
2014-11-03_23-43-40-913 ### 189/258 ### Starting test for Input:svcomp/product-lines/elevator_spec1_product19_true-unreach-call.cil.c Settings:settings/svcomp2015/svComp-32bit-precise-Automizer.epf Toolchain:toolchains/AutomizerC.xml
2014-11-03_23-44-11-223 Finishing test with UNKNOWN for Input:svcomp/product-lines/elevator_spec1_product19_true-unreach-call.cil.c Settings:settings/svcomp2015/svComp-32bit-precise-Automizer.epf Toolchain:toolchains/AutomizerC.xml: TIMEOUT(Expected:SAFE): ExpectedResult: SAFE UltimateResult: TIMEOUT   [ShortDescription: Timeout LongDescription: Timout or Toolchain cancelled by user]
2014-11-03_23-44-11-372 ### 190/258 ### Starting test for Input:svcomp/product-lines/elevator_spec3_product17_true-unreach-call.cil.c Settings:settings/svcomp2015/svComp-32bit-precise-Automizer.epf Toolchain:toolchains/AutomizerC.xml
2014-11-03_23-44-41-394 Finishing test with UNKNOWN for Input:svcomp/product-lines/elevator_spec3_product17_true-unreach-call.cil.c Settings:settings/svcomp2015/svComp-32bit-precise-Automizer.epf Toolchain:toolchains/AutomizerC.xml: TIMEOUT(Expected:SAFE): ExpectedResult: SAFE UltimateResult: TIMEOUT   [ShortDescription: Timeout LongDescription: Unable to prove that call of __VERIFIER_error() unreachable (line 338)]
2014-11-03_23-44-41-574 ### 191/258 ### Starting test for Input:svcomp/product-lines/email_spec0_product24_true-unreach-call.cil.c Settings:settings/svcomp2015/svComp-32bit-precise-Automizer.epf Toolchain:toolchains/AutomizerC.xml
2014-11-03_23-45-11-602 Finishing test with UNKNOWN for Input:svcomp/product-lines/email_spec0_product24_true-unreach-call.cil.c Settings:settings/svcomp2015/svComp-32bit-precise-Automizer.epf Toolchain:toolchains/AutomizerC.xml: TIMEOUT(Expected:SAFE): ExpectedResult: SAFE UltimateResult: TIMEOUT   [ShortDescription: Timeout LongDescription: Unable to prove that call of __VERIFIER_error() unreachable (line 1926)]
2014-11-03_23-45-11-790 ### 192/258 ### Starting test for Input:svcomp/product-lines/email_spec11_product18_true-unreach-call.cil.c Settings:settings/svcomp2015/svComp-32bit-precise-Automizer.epf Toolchain:toolchains/AutomizerC.xml
2014-11-03_23-45-41-813 Finishing test with UNKNOWN for Input:svcomp/product-lines/email_spec11_product18_true-unreach-call.cil.c Settings:settings/svcomp2015/svComp-32bit-precise-Automizer.epf Toolchain:toolchains/AutomizerC.xml: TIMEOUT(Expected:SAFE): ExpectedResult: SAFE UltimateResult: TIMEOUT   [ShortDescription: Timeout LongDescription: Unable to prove that call of __VERIFIER_error() unreachable (line 3846)]
2014-11-03_23-45-42-006 ### 193/258 ### Starting test for Input:svcomp/product-lines/email_spec27_product32_false-unreach-call.cil.c Settings:settings/svcomp2015/svComp-32bit-precise-Automizer.epf Toolchain:toolchains/AutomizerC.xml
2014-11-03_23-46-12-033 Finishing test with UNKNOWN for Input:svcomp/product-lines/email_spec27_product32_false-unreach-call.cil.c Settings:settings/svcomp2015/svComp-32bit-precise-Automizer.epf Toolchain:toolchains/AutomizerC.xml: TIMEOUT(Expected:UNSAFE): ExpectedResult: UNSAFE UltimateResult: TIMEOUT   [ShortDescription: Timeout LongDescription: Unable to prove that call of __VERIFIER_error() unreachable (line 1786)]
2014-11-03_23-46-12-224 ### 194/258 ### Starting test for Input:svcomp/product-lines/email_spec3_product35_false-unreach-call.cil.c Settings:settings/svcomp2015/svComp-32bit-precise-Automizer.epf Toolchain:toolchains/AutomizerC.xml
2014-11-03_23-46-42-247 Finishing test with UNKNOWN for Input:svcomp/product-lines/email_spec3_product35_false-unreach-call.cil.c Settings:settings/svcomp2015/svComp-32bit-precise-Automizer.epf Toolchain:toolchains/AutomizerC.xml: TIMEOUT(Expected:UNSAFE): ExpectedResult: UNSAFE UltimateResult: TIMEOUT   [ShortDescription: Timeout LongDescription: Unable to prove that call of __VERIFIER_error() unreachable (line 4339)]
2014-11-03_23-46-42-437 ### 195/258 ### Starting test for Input:svcomp/product-lines/minepump_spec1_product34_false-unreach-call.cil.c Settings:settings/svcomp2015/svComp-32bit-precise-Automizer.epf Toolchain:toolchains/AutomizerC.xml
2014-11-03_23-46-43-498 Finishing test with SUCCESS for Input:svcomp/product-lines/minepump_spec1_product34_false-unreach-call.cil.c Settings:settings/svcomp2015/svComp-32bit-precise-Automizer.epf Toolchain:toolchains/AutomizerC.xml: UNSAFE(Expected:UNSAFE): ExpectedResult: UNSAFE UltimateResult: UNSAFE   a call of __VERIFIER_error() is reachable 
2014-11-03_23-46-43-641 ### 196/258 ### Starting test for Input:svcomp/product-lines/minepump_spec3_product07_false-unreach-call.cil.c Settings:settings/svcomp2015/svComp-32bit-precise-Automizer.epf Toolchain:toolchains/AutomizerC.xml
2014-11-03_23-46-44-140 Finishing test with SUCCESS for Input:svcomp/product-lines/minepump_spec3_product07_false-unreach-call.cil.c Settings:settings/svcomp2015/svComp-32bit-precise-Automizer.epf Toolchain:toolchains/AutomizerC.xml: UNSAFE(Expected:UNSAFE): ExpectedResult: UNSAFE UltimateResult: UNSAFE   a call of __VERIFIER_error() is reachable 
2014-11-03_23-46-44-280 ### 197/258 ### Starting test for Input:svcomp/product-lines/minepump_spec5_product07_true-unreach-call.cil.c Settings:settings/svcomp2015/svComp-32bit-precise-Automizer.epf Toolchain:toolchains/AutomizerC.xml
2014-11-03_23-46-44-713 Finishing test with SUCCESS for Input:svcomp/product-lines/minepump_spec5_product07_true-unreach-call.cil.c Settings:settings/svcomp2015/svComp-32bit-precise-Automizer.epf Toolchain:toolchains/AutomizerC.xml: SAFE(Expected:SAFE): ExpectedResult: SAFE UltimateResult: SAFE   [ShortDescription: All specifications hold LongDescription: 1 specifications checked. All of them hold]
2014-11-03_23-46-44-845 ### 198/258 ### Starting test for Input:svcomp/product-lines/minepump_spec5_product17_true-unreach-call.cil.c Settings:settings/svcomp2015/svComp-32bit-precise-Automizer.epf Toolchain:toolchains/AutomizerC.xml
2014-11-03_23-46-45-255 Finishing test with SUCCESS for Input:svcomp/product-lines/minepump_spec5_product17_true-unreach-call.cil.c Settings:settings/svcomp2015/svComp-32bit-precise-Automizer.epf Toolchain:toolchains/AutomizerC.xml: SAFE(Expected:SAFE): ExpectedResult: SAFE UltimateResult: SAFE   [ShortDescription: All specifications hold LongDescription: 1 specifications checked. All of them hold]
2014-11-03_23-46-45-393 ### 199/258 ### Starting test for Input:svcomp/recursive/Ackermann01_true-unreach-call.c Settings:settings/svcomp2015/svComp-32bit-precise-Automizer.epf Toolchain:toolchains/AutomizerC.xml
2014-11-03_23-46-46-905 Finishing test with SUCCESS for Input:svcomp/recursive/Ackermann01_true-unreach-call.c Settings:settings/svcomp2015/svComp-32bit-precise-Automizer.epf Toolchain:toolchains/AutomizerC.xml: SAFE(Expected:SAFE): ExpectedResult: SAFE UltimateResult: SAFE   [ShortDescription: All specifications hold LongDescription: 1 specifications checked. All of them hold]
2014-11-03_23-46-47-043 ### 200/258 ### Starting test for Input:svcomp/recursive/Ackermann02_false-unreach-call_false-termination.c Settings:settings/svcomp2015/svComp-32bit-precise-Automizer.epf Toolchain:toolchains/AutomizerC.xml
2014-11-03_23-46-47-329 Finishing test with SUCCESS for Input:svcomp/recursive/Ackermann02_false-unreach-call_false-termination.c Settings:settings/svcomp2015/svComp-32bit-precise-Automizer.epf Toolchain:toolchains/AutomizerC.xml: UNSAFE(Expected:UNSAFE): ExpectedResult: UNSAFE UltimateResult: UNSAFE   a call of __VERIFIER_error() is reachable 
2014-11-03_23-46-47-468 ### 201/258 ### Starting test for Input:svcomp/recursive/Fibonacci03_true-unreach-call_true-termination.c Settings:settings/svcomp2015/svComp-32bit-precise-Automizer.epf Toolchain:toolchains/AutomizerC.xml
2014-11-03_23-47-18-979 Finishing test with UNKNOWN for Input:svcomp/recursive/Fibonacci03_true-unreach-call_true-termination.c Settings:settings/svcomp2015/svComp-32bit-precise-Automizer.epf Toolchain:toolchains/AutomizerC.xml: TIMEOUT(Expected:SAFE): ExpectedResult: SAFE UltimateResult: TIMEOUT   [ShortDescription: Timeout LongDescription: Unable to prove that call of __VERIFIER_error() unreachable (line 34)]
2014-11-03_23-47-19-134 ### 202/258 ### Starting test for Input:svcomp/recursive/Fibonacci04_false-unreach-call_true-termination.c Settings:settings/svcomp2015/svComp-32bit-precise-Automizer.epf Toolchain:toolchains/AutomizerC.xml
2014-11-03_23-47-21-281 Finishing test with SUCCESS for Input:svcomp/recursive/Fibonacci04_false-unreach-call_true-termination.c Settings:settings/svcomp2015/svComp-32bit-precise-Automizer.epf Toolchain:toolchains/AutomizerC.xml: UNSAFE(Expected:UNSAFE): ExpectedResult: UNSAFE UltimateResult: UNSAFE   a call of __VERIFIER_error() is reachable 
2014-11-03_23-47-21-420 ### 203/258 ### Starting test for Input:svcomp/recursive/Fibonacci05_false-unreach-call_true-termination.c Settings:settings/svcomp2015/svComp-32bit-precise-Automizer.epf Toolchain:toolchains/AutomizerC.xml
2014-11-03_23-47-35-837 Finishing test with SUCCESS for Input:svcomp/recursive/Fibonacci05_false-unreach-call_true-termination.c Settings:settings/svcomp2015/svComp-32bit-precise-Automizer.epf Toolchain:toolchains/AutomizerC.xml: UNSAFE(Expected:UNSAFE): ExpectedResult: UNSAFE UltimateResult: UNSAFE   a call of __VERIFIER_error() is reachable 
2014-11-03_23-47-35-991 ### 204/258 ### Starting test for Input:svcomp/recursive/gcd01_true-unreach-call_true-termination.c Settings:settings/svcomp2015/svComp-32bit-precise-Automizer.epf Toolchain:toolchains/AutomizerC.xml
2014-11-03_23-47-36-758 Finishing test with SUCCESS for Input:svcomp/recursive/gcd01_true-unreach-call_true-termination.c Settings:settings/svcomp2015/svComp-32bit-precise-Automizer.epf Toolchain:toolchains/AutomizerC.xml: SAFE(Expected:SAFE): ExpectedResult: SAFE UltimateResult: SAFE   [ShortDescription: All specifications hold LongDescription: 1 specifications checked. All of them hold]
2014-11-03_23-47-36-897 ### 205/258 ### Starting test for Input:svcomp/recursive/Ackermann01_true-unreach-call.c Settings:settings/svcomp2015/svComp-32bit-precise-BE-Impulse.epf Toolchain:toolchains/CodeCheckWithBE-C.xml
2014-11-03_23-48-20-916 Finishing test with UNKNOWN for Input:svcomp/recursive/Ackermann01_true-unreach-call.c Settings:settings/svcomp2015/svComp-32bit-precise-BE-Impulse.epf Toolchain:toolchains/CodeCheckWithBE-C.xml: TIMEOUT(Expected:SAFE): ExpectedResult: SAFE UltimateResult: TIMEOUT   [ShortDescription: Timeout LongDescription: Unable to prove that call of __VERIFIER_error() unreachable (line 38)]
2014-11-03_23-48-21-066 ### 206/258 ### Starting test for Input:svcomp/recursive/Ackermann02_false-unreach-call_false-termination.c Settings:settings/svcomp2015/svComp-32bit-precise-BE-Impulse.epf Toolchain:toolchains/CodeCheckWithBE-C.xml
2014-11-03_23-48-21-927 Finishing test with SUCCESS for Input:svcomp/recursive/Ackermann02_false-unreach-call_false-termination.c Settings:settings/svcomp2015/svComp-32bit-precise-BE-Impulse.epf Toolchain:toolchains/CodeCheckWithBE-C.xml: UNSAFE(Expected:UNSAFE): ExpectedResult: UNSAFE UltimateResult: UNSAFE   a call of __VERIFIER_error() is reachable 
2014-11-03_23-48-22-079 ### 207/258 ### Starting test for Input:svcomp/recursive/Fibonacci03_true-unreach-call_true-termination.c Settings:settings/svcomp2015/svComp-32bit-precise-BE-Impulse.epf Toolchain:toolchains/CodeCheckWithBE-C.xml
2014-11-03_23-49-06-325 Finishing test with UNKNOWN for Input:svcomp/recursive/Fibonacci03_true-unreach-call_true-termination.c Settings:settings/svcomp2015/svComp-32bit-precise-BE-Impulse.epf Toolchain:toolchains/CodeCheckWithBE-C.xml: TIMEOUT(Expected:SAFE): ExpectedResult: SAFE UltimateResult: TIMEOUT   [ShortDescription: Timeout LongDescription: Unable to prove that call of __VERIFIER_error() unreachable (line 34)]
2014-11-03_23-49-06-469 ### 208/258 ### Starting test for Input:svcomp/recursive/Fibonacci04_false-unreach-call_true-termination.c Settings:settings/svcomp2015/svComp-32bit-precise-BE-Impulse.epf Toolchain:toolchains/CodeCheckWithBE-C.xml
2014-11-03_23-49-53-422 Finishing test with UNKNOWN for Input:svcomp/recursive/Fibonacci04_false-unreach-call_true-termination.c Settings:settings/svcomp2015/svComp-32bit-precise-BE-Impulse.epf Toolchain:toolchains/CodeCheckWithBE-C.xml: TIMEOUT(Expected:UNSAFE): ExpectedResult: UNSAFE UltimateResult: TIMEOUT   [ShortDescription: Timeout LongDescription: Unable to prove that call of __VERIFIER_error() unreachable (line 33)]
2014-11-03_23-49-53-568 ### 209/258 ### Starting test for Input:svcomp/recursive/Fibonacci05_false-unreach-call_true-termination.c Settings:settings/svcomp2015/svComp-32bit-precise-BE-Impulse.epf Toolchain:toolchains/CodeCheckWithBE-C.xml
2014-11-03_23-50-41-164 Finishing test with UNKNOWN for Input:svcomp/recursive/Fibonacci05_false-unreach-call_true-termination.c Settings:settings/svcomp2015/svComp-32bit-precise-BE-Impulse.epf Toolchain:toolchains/CodeCheckWithBE-C.xml: TIMEOUT(Expected:UNSAFE): ExpectedResult: UNSAFE UltimateResult: TIMEOUT   [ShortDescription: Timeout LongDescription: Unable to prove that call of __VERIFIER_error() unreachable (line 31)]
2014-11-03_23-50-41-316 ### 210/258 ### Starting test for Input:svcomp/recursive/gcd01_true-unreach-call_true-termination.c Settings:settings/svcomp2015/svComp-32bit-precise-BE-Impulse.epf Toolchain:toolchains/CodeCheckWithBE-C.xml
2014-11-03_23-51-26-683 Finishing test with UNKNOWN for Input:svcomp/recursive/gcd01_true-unreach-call_true-termination.c Settings:settings/svcomp2015/svComp-32bit-precise-BE-Impulse.epf Toolchain:toolchains/CodeCheckWithBE-C.xml: TIMEOUT(Expected:SAFE): ExpectedResult: SAFE UltimateResult: TIMEOUT   [ShortDescription: Timeout LongDescription: Unable to prove that call of __VERIFIER_error() unreachable (line 39)]
2014-11-03_23-51-26-824 ### 211/258 ### Starting test for Input:svcomp/seq-mthreaded/pals_lcr-var-start-time.6_true-unreach-call.ufo.UNBOUNDED.pals.c Settings:settings/svcomp2015/svComp-32bit-precise-Automizer.epf Toolchain:toolchains/AutomizerC.xml
2014-11-03_23-51-56-846 Finishing test with UNKNOWN for Input:svcomp/seq-mthreaded/pals_lcr-var-start-time.6_true-unreach-call.ufo.UNBOUNDED.pals.c Settings:settings/svcomp2015/svComp-32bit-precise-Automizer.epf Toolchain:toolchains/AutomizerC.xml: TIMEOUT(Expected:SAFE): ExpectedResult: SAFE UltimateResult: TIMEOUT   [ShortDescription: Timeout LongDescription: Unable to prove that call of __VERIFIER_error() unreachable (line 618)]
2014-11-03_23-51-57-231 ### 212/258 ### Starting test for Input:svcomp/seq-mthreaded/pals_lcr.8_false-unreach-call.1.ufo.UNBOUNDED.pals.c Settings:settings/svcomp2015/svComp-32bit-precise-Automizer.epf Toolchain:toolchains/AutomizerC.xml
2014-11-03_23-52-27-255 Finishing test with UNKNOWN for Input:svcomp/seq-mthreaded/pals_lcr.8_false-unreach-call.1.ufo.UNBOUNDED.pals.c Settings:settings/svcomp2015/svComp-32bit-precise-Automizer.epf Toolchain:toolchains/AutomizerC.xml: TIMEOUT(Expected:UNSAFE): ExpectedResult: UNSAFE UltimateResult: TIMEOUT   [ShortDescription: Timeout LongDescription: Unable to prove that call of __VERIFIER_error() unreachable (line 725)]
2014-11-03_23-52-27-433 ### 213/258 ### Starting test for Input:svcomp/seq-mthreaded/rekcba_aso_false-unreach-call.3.M1.c Settings:settings/svcomp2015/svComp-32bit-precise-Automizer.epf Toolchain:toolchains/AutomizerC.xml
2014-11-03_23-52-27-597 Finishing test with FAIL for Input:svcomp/seq-mthreaded/rekcba_aso_false-unreach-call.3.M1.c Settings:settings/svcomp2015/svComp-32bit-precise-Automizer.epf Toolchain:toolchains/AutomizerC.xml: SYNTAX_ERROR(Expected:UNSAFE): ExpectedResult: UNSAFE UltimateResult: SYNTAX_ERROR   [ShortDescription: Type Error LongDescription: Type check failed for BinaryExpression[ARITHMUL,RealLiteral[0.00400000019],IdentifierExpression[~tmp_psidot~21,<LOCAL,balance_control>]], ShortDescription: Type Error LongDescription: Type check failed (index 0): FunctionApplication[#to_int,[BinaryExpression[ARITHPLUS,BinaryExpression[ARITHMUL,RealLiteral[0.00400000019],IdentifierExpression[~tmp_psidot~21,<LOCAL,balance_control>]],IdentifierExpression[~ud_psi~18,GLOBAL]]]], ShortDescription: Type Error LongDescription: Type check failed for BinaryExpression[ARITHMUL,BinaryExpression[ARITHPLUS,BinaryExpression[ARITHPLUS,BinaryExpression[ARITHMUL,RealLiteral[0.01745329238],IdentifierExpression[~args_theta_m_l,<LOCAL,balance_control>]],IdentifierExpression[~ud_psi~18,GLOBAL]],BinaryExpression[ARITHPLUS,BinaryExpression[ARITHMUL,RealLiteral[0.01745329238],IdentifierExpression[~args_theta_m_r,<LOCAL,balance_control>]],IdentifierExpression[~ud_psi~18,GLOBAL]]],RealLiteral[0.5]], ShortDescription: Type Error LongDescription: Type check failed for BinaryExpression[ARITHMINUS,RealLiteral[1.0],IdentifierExpression[~A_D~18,GLOBAL]], ShortDescription: Type Error LongDescription: Type check failed for BinaryExpression[ARITHMUL,BinaryExpression[ARITHMINUS,IdentifierExpression[~args_gyro,<LOCAL,balance_control>],IdentifierExpression[~args_gyro_offset,<LOCAL,balance_control>]],RealLiteral[0.01745329238]], ShortDescription: Type Error LongDescription: Type check failed for BinaryExpression[ARITHMUL,RealLiteral[0.01745329238],IdentifierExpression[~args_theta_m_r,<LOCAL,balance_control>]], ShortDescription: Type Error LongDescription: Type check failed for BinaryExpression[ARITHMINUS,RealLiteral[1.0],IdentifierExpression[~A_R~18,GLOBAL]], ShortDescription: Type Error LongDescription: Type check failed for BinaryExpression[ARITHDIV,BinaryExpression[ARITHMINUS,IdentifierExpression[~tmp_theta_lpf~21,<LOCAL,balance_control>],IdentifierExpression[~ud_theta_lpf~18,GLOBAL]],RealLiteral[0.00400000019]], ShortDescription: Type Error LongDescription: Type check failed (index 0): FunctionApplication[#to_int,[BinaryExpression[ARITHPLUS,BinaryExpression[ARITHMUL,RealLiteral[0.00400000019],IdentifierExpression[~tmp_thetadot_cmd_lpf~21,<LOCAL,balance_control>]],IdentifierExpression[~ud_theta_ref~18,GLOBAL]]]], ShortDescription: Type Error LongDescription: Type check failed for BinaryExpression[ARITHDIV,IdentifierExpression[~args_cmd_turn,<LOCAL,balance_control>],RealLiteral[100.0]], ShortDescription: Type Error LongDescription: Type check failed for BinaryExpression[ARITHMUL,BinaryExpression[ARITHMINUS,IdentifierExpression[~ud_theta_ref~18,GLOBAL],IdentifierExpression[~tmp_theta~21,<LOCAL,balance_control>]],RealLiteral[0.00400000019]], ShortDescription: Type Error LongDescription: Type check failed for BinaryExpression[ARITHMUL,BinaryExpression[ARITHDIV,BinaryExpression[ARITHMOD,BinaryExpression[ARITHPLUS,BinaryExpression[ARITHMUL,IdentifierExpression[~K_I~18,GLOBAL],IdentifierExpression[~ud_err_theta~18,GLOBAL]],IdentifierExpression[~tmp_pwm_r_limiter~21,<LOCAL,balance_control>]],IntegerLiteral[4294967296]],BinaryExpression[ARITHMOD,BinaryExpression[ARITHMINUS,BinaryExpression[ARITHMUL,IdentifierExpression[~BATTERY_GAIN~18,GLOBAL],IdentifierExpression[~args_battery,<LOCAL,balance_control>]],IdentifierExpression[~BATTERY_OFFSET~18,GLOBAL]],IntegerLiteral[4294967296]]],RealLiteral[100.0]], ShortDescription: Type Error LongDescription: Type check failed for BinaryExpression[ARITHMUL,RealLiteral[0.01745329238],IdentifierExpression[~args_theta_m_l,<LOCAL,balance_control>]], ShortDescription: Type Error LongDescription: Type check failed for BinaryExpression[ARITHDIV,IdentifierExpression[~args_cmd_forward,<LOCAL,balance_control>],RealLiteral[100.0]], ShortDescription: Type Error LongDescription: Type check failed (index 0): FunctionApplication[#to_int,[BinaryExpression[ARITHPLUS,BinaryExpression[ARITHMUL,BinaryExpression[ARITHMINUS,RealLiteral[1.0],IdentifierExpression[~A_D~18,GLOBAL]],IdentifierExpression[~tmp_theta~21,<LOCAL,balance_control>]],BinaryExpression[ARITHMUL,IdentifierExpression[~A_D~18,GLOBAL],IdentifierExpression[~ud_theta_lpf~18,GLOBAL]]]]], ShortDescription: Type Error LongDescription: Type check failed for BinaryExpression[ARITHMUL,RealLiteral[0.00400000019],IdentifierExpression[~tmp_thetadot_cmd_lpf~21,<LOCAL,balance_control>]]]
2014-11-03_23-52-27-749 ### 214/258 ### Starting test for Input:svcomp/seq-mthreaded/rekh_aso_true-unreach-call.1.M4.c Settings:settings/svcomp2015/svComp-32bit-precise-Automizer.epf Toolchain:toolchains/AutomizerC.xml
2014-11-03_23-52-27-902 Finishing test with FAIL for Input:svcomp/seq-mthreaded/rekh_aso_true-unreach-call.1.M4.c Settings:settings/svcomp2015/svComp-32bit-precise-Automizer.epf Toolchain:toolchains/AutomizerC.xml: SYNTAX_ERROR(Expected:SAFE): ExpectedResult: SAFE UltimateResult: SYNTAX_ERROR   [ShortDescription: Type Error LongDescription: Type check failed for BinaryExpression[ARITHMUL,RealLiteral[0.00400000019],IdentifierExpression[~tmp_psidot~17,<LOCAL,balance_control>]], ShortDescription: Type Error LongDescription: Type check failed for BinaryExpression[ARITHMUL,BinaryExpression[ARITHMINUS,IdentifierExpression[~ud_theta_ref~14,GLOBAL],IdentifierExpression[~tmp_theta~17,<LOCAL,balance_control>]],RealLiteral[0.00400000019]], ShortDescription: Type Error LongDescription: Type check failed for BinaryExpression[ARITHMINUS,RealLiteral[1.0],IdentifierExpression[~A_R~14,GLOBAL]], ShortDescription: Type Error LongDescription: Type check failed (index 0): FunctionApplication[#to_int,[BinaryExpression[ARITHPLUS,BinaryExpression[ARITHMUL,BinaryExpression[ARITHMINUS,RealLiteral[1.0],IdentifierExpression[~A_D~14,GLOBAL]],IdentifierExpression[~tmp_theta~17,<LOCAL,balance_control>]],BinaryExpression[ARITHMUL,IdentifierExpression[~A_D~14,GLOBAL],IdentifierExpression[~ud_theta_lpf~14,GLOBAL]]]]], ShortDescription: Type Error LongDescription: Type check failed for BinaryExpression[ARITHMUL,RealLiteral[0.01745329238],IdentifierExpression[~args_theta_m_l,<LOCAL,balance_control>]], ShortDescription: Type Error LongDescription: Type check failed (index 0): FunctionApplication[#to_int,[BinaryExpression[ARITHPLUS,BinaryExpression[ARITHMUL,RealLiteral[0.00400000019],IdentifierExpression[~tmp_psidot~17,<LOCAL,balance_control>]],IdentifierExpression[~ud_psi~14,GLOBAL]]]], ShortDescription: Type Error LongDescription: Type check failed for BinaryExpression[ARITHMUL,BinaryExpression[ARITHPLUS,BinaryExpression[ARITHPLUS,BinaryExpression[ARITHMUL,RealLiteral[0.01745329238],IdentifierExpression[~args_theta_m_l,<LOCAL,balance_control>]],IdentifierExpression[~ud_psi~14,GLOBAL]],BinaryExpression[ARITHPLUS,BinaryExpression[ARITHMUL,RealLiteral[0.01745329238],IdentifierExpression[~args_theta_m_r,<LOCAL,balance_control>]],IdentifierExpression[~ud_psi~14,GLOBAL]]],RealLiteral[0.5]], ShortDescription: Type Error LongDescription: Type check failed for BinaryExpression[ARITHMUL,RealLiteral[0.01745329238],IdentifierExpression[~args_theta_m_r,<LOCAL,balance_control>]], ShortDescription: Type Error LongDescription: Type check failed for BinaryExpression[ARITHDIV,IdentifierExpression[~args_cmd_forward,<LOCAL,balance_control>],RealLiteral[100.0]], ShortDescription: Type Error LongDescription: Type check failed for BinaryExpression[ARITHMUL,BinaryExpression[ARITHMINUS,IdentifierExpression[~args_gyro,<LOCAL,balance_control>],IdentifierExpression[~args_gyro_offset,<LOCAL,balance_control>]],RealLiteral[0.01745329238]], ShortDescription: Type Error LongDescription: Type check failed (index 0): FunctionApplication[#to_int,[BinaryExpression[ARITHPLUS,BinaryExpression[ARITHMUL,RealLiteral[0.00400000019],IdentifierExpression[~tmp_thetadot_cmd_lpf~17,<LOCAL,balance_control>]],IdentifierExpression[~ud_theta_ref~14,GLOBAL]]]], ShortDescription: Type Error LongDescription: Type check failed for BinaryExpression[ARITHMINUS,RealLiteral[1.0],IdentifierExpression[~A_D~14,GLOBAL]], ShortDescription: Type Error LongDescription: Type check failed for BinaryExpression[ARITHMUL,BinaryExpression[ARITHDIV,BinaryExpression[ARITHMOD,BinaryExpression[ARITHPLUS,BinaryExpression[ARITHMUL,IdentifierExpression[~K_I~14,GLOBAL],IdentifierExpression[~ud_err_theta~14,GLOBAL]],IdentifierExpression[~tmp_pwm_r_limiter~17,<LOCAL,balance_control>]],IntegerLiteral[4294967296]],BinaryExpression[ARITHMOD,BinaryExpression[ARITHMINUS,BinaryExpression[ARITHMUL,IdentifierExpression[~BATTERY_GAIN~14,GLOBAL],IdentifierExpression[~args_battery,<LOCAL,balance_control>]],IdentifierExpression[~BATTERY_OFFSET~14,GLOBAL]],IntegerLiteral[4294967296]]],RealLiteral[100.0]], ShortDescription: Type Error LongDescription: Type check failed for BinaryExpression[ARITHDIV,BinaryExpression[ARITHMINUS,IdentifierExpression[~tmp_theta_lpf~17,<LOCAL,balance_control>],IdentifierExpression[~ud_theta_lpf~14,GLOBAL]],RealLiteral[0.00400000019]], ShortDescription: Type Error LongDescription: Type check failed for BinaryExpression[ARITHDIV,IdentifierExpression[~args_cmd_turn,<LOCAL,balance_control>],RealLiteral[100.0]], ShortDescription: Type Error LongDescription: Type check failed for BinaryExpression[ARITHMUL,RealLiteral[0.00400000019],IdentifierExpression[~tmp_thetadot_cmd_lpf~17,<LOCAL,balance_control>]]]
2014-11-03_23-52-28-049 ### 215/258 ### Starting test for Input:svcomp/seq-pthread/cs_lamport_true-unreach-call.i Settings:settings/svcomp2015/svComp-32bit-precise-Automizer.epf Toolchain:toolchains/AutomizerC.xml
2014-11-03_23-53-00-105 Finishing test with UNKNOWN for Input:svcomp/seq-pthread/cs_lamport_true-unreach-call.i Settings:settings/svcomp2015/svComp-32bit-precise-Automizer.epf Toolchain:toolchains/AutomizerC.xml: TIMEOUT(Expected:SAFE): ExpectedResult: SAFE UltimateResult: TIMEOUT   [ShortDescription: Timeout LongDescription: Timout or Toolchain cancelled by user]
2014-11-03_23-53-00-255 ### 216/258 ### Starting test for Input:svcomp/seq-pthread/cs_lazy_false-unreach-call.i Settings:settings/svcomp2015/svComp-32bit-precise-Automizer.epf Toolchain:toolchains/AutomizerC.xml
2014-11-03_23-53-16-774 Finishing test with SUCCESS for Input:svcomp/seq-pthread/cs_lazy_false-unreach-call.i Settings:settings/svcomp2015/svComp-32bit-precise-Automizer.epf Toolchain:toolchains/AutomizerC.xml: UNSAFE(Expected:UNSAFE): ExpectedResult: UNSAFE UltimateResult: UNSAFE   a call of __VERIFIER_error() is reachable 
2014-11-03_23-53-16-928 ### 217/258 ### Starting test for Input:svcomp/seq-pthread/cs_stateful_false-unreach-call.i Settings:settings/svcomp2015/svComp-32bit-precise-Automizer.epf Toolchain:toolchains/AutomizerC.xml
2014-11-03_23-53-37-120 Finishing test with SUCCESS for Input:svcomp/seq-pthread/cs_stateful_false-unreach-call.i Settings:settings/svcomp2015/svComp-32bit-precise-Automizer.epf Toolchain:toolchains/AutomizerC.xml: UNSAFE(Expected:UNSAFE): ExpectedResult: UNSAFE UltimateResult: UNSAFE   a call of __VERIFIER_error() is reachable 
2014-11-03_23-53-37-275 ### 218/258 ### Starting test for Input:svcomp/seq-pthread/cs_szymanski_true-unreach-call.i Settings:settings/svcomp2015/svComp-32bit-precise-Automizer.epf Toolchain:toolchains/AutomizerC.xml
2014-11-03_23-54-10-819 Finishing test with UNKNOWN for Input:svcomp/seq-pthread/cs_szymanski_true-unreach-call.i Settings:settings/svcomp2015/svComp-32bit-precise-Automizer.epf Toolchain:toolchains/AutomizerC.xml: TIMEOUT(Expected:SAFE): ExpectedResult: SAFE UltimateResult: TIMEOUT   [ShortDescription: Timeout LongDescription: Timout or Toolchain cancelled by user]
2014-11-03_23-54-10-978 ### 219/258 ### Starting test for Input:svcomp/systemc/token_ring.02_true-unreach-call_false-termination.cil.c Settings:settings/svcomp2015/svComp-32bit-precise-Automizer.epf Toolchain:toolchains/AutomizerC.xml
2014-11-03_23-54-20-211 Finishing test with SUCCESS for Input:svcomp/systemc/token_ring.02_true-unreach-call_false-termination.cil.c Settings:settings/svcomp2015/svComp-32bit-precise-Automizer.epf Toolchain:toolchains/AutomizerC.xml: SAFE(Expected:SAFE): ExpectedResult: SAFE UltimateResult: SAFE   [ShortDescription: All specifications hold LongDescription: 1 specifications checked. All of them hold]
2014-11-03_23-54-20-354 ### 220/258 ### Starting test for Input:svcomp/systemc/token_ring.06_false-unreach-call_false-termination.cil.c Settings:settings/svcomp2015/svComp-32bit-precise-Automizer.epf Toolchain:toolchains/AutomizerC.xml
2014-11-03_23-54-50-382 Finishing test with UNKNOWN for Input:svcomp/systemc/token_ring.06_false-unreach-call_false-termination.cil.c Settings:settings/svcomp2015/svComp-32bit-precise-Automizer.epf Toolchain:toolchains/AutomizerC.xml: TIMEOUT(Expected:UNSAFE): ExpectedResult: UNSAFE UltimateResult: TIMEOUT   [ShortDescription: Timeout LongDescription: Unable to prove that call of __VERIFIER_error() unreachable (line 10)]
2014-11-03_23-54-50-654 ### 221/258 ### Starting test for Input:svcomp/systemc/token_ring.14_false-unreach-call_false-termination.cil.c Settings:settings/svcomp2015/svComp-32bit-precise-Automizer.epf Toolchain:toolchains/AutomizerC.xml
2014-11-03_23-55-20-933 Finishing test with UNKNOWN for Input:svcomp/systemc/token_ring.14_false-unreach-call_false-termination.cil.c Settings:settings/svcomp2015/svComp-32bit-precise-Automizer.epf Toolchain:toolchains/AutomizerC.xml: TIMEOUT(Expected:UNSAFE): ExpectedResult: UNSAFE UltimateResult: TIMEOUT   [ShortDescription: Timeout LongDescription: Timout or Toolchain cancelled by user]
2014-11-03_23-55-21-216 ### 222/258 ### Starting test for Input:svcomp/systemc/toy_true-unreach-call_false-termination.cil.c Settings:settings/svcomp2015/svComp-32bit-precise-Automizer.epf Toolchain:toolchains/AutomizerC.xml
2014-11-03_23-55-38-437 Finishing test with SUCCESS for Input:svcomp/systemc/toy_true-unreach-call_false-termination.cil.c Settings:settings/svcomp2015/svComp-32bit-precise-Automizer.epf Toolchain:toolchains/AutomizerC.xml: SAFE(Expected:SAFE): ExpectedResult: SAFE UltimateResult: SAFE   [ShortDescription: All specifications hold LongDescription: 1 specifications checked. All of them hold]
2014-11-03_23-55-38-580 ### 223/258 ### Starting test for Input:svcomp/seq-mthreaded/pals_lcr-var-start-time.6_true-unreach-call.ufo.UNBOUNDED.pals.c Settings:settings/svcomp2015/svComp-32bit-precise-BE-Impulse.epf Toolchain:toolchains/CodeCheckWithBE-C.xml
2014-11-03_23-56-08-600 Finishing test with UNKNOWN for Input:svcomp/seq-mthreaded/pals_lcr-var-start-time.6_true-unreach-call.ufo.UNBOUNDED.pals.c Settings:settings/svcomp2015/svComp-32bit-precise-BE-Impulse.epf Toolchain:toolchains/CodeCheckWithBE-C.xml: TIMEOUT(Expected:SAFE): ExpectedResult: SAFE UltimateResult: TIMEOUT   [ShortDescription: Timeout LongDescription: Timout or Toolchain cancelled by user]
2014-11-03_23-56-08-782 ### 224/258 ### Starting test for Input:svcomp/seq-mthreaded/pals_lcr.8_false-unreach-call.1.ufo.UNBOUNDED.pals.c Settings:settings/svcomp2015/svComp-32bit-precise-BE-Impulse.epf Toolchain:toolchains/CodeCheckWithBE-C.xml
2014-11-03_23-56-38-805 Finishing test with UNKNOWN for Input:svcomp/seq-mthreaded/pals_lcr.8_false-unreach-call.1.ufo.UNBOUNDED.pals.c Settings:settings/svcomp2015/svComp-32bit-precise-BE-Impulse.epf Toolchain:toolchains/CodeCheckWithBE-C.xml: TIMEOUT(Expected:UNSAFE): ExpectedResult: UNSAFE UltimateResult: TIMEOUT   [ShortDescription: Timeout LongDescription: Timout or Toolchain cancelled by user]
2014-11-03_23-56-38-999 ### 225/258 ### Starting test for Input:svcomp/seq-mthreaded/rekcba_aso_false-unreach-call.3.M1.c Settings:settings/svcomp2015/svComp-32bit-precise-BE-Impulse.epf Toolchain:toolchains/CodeCheckWithBE-C.xml
2014-11-03_23-56-39-165 Finishing test with FAIL for Input:svcomp/seq-mthreaded/rekcba_aso_false-unreach-call.3.M1.c Settings:settings/svcomp2015/svComp-32bit-precise-BE-Impulse.epf Toolchain:toolchains/CodeCheckWithBE-C.xml: SYNTAX_ERROR(Expected:UNSAFE): ExpectedResult: UNSAFE UltimateResult: SYNTAX_ERROR   [ShortDescription: Type Error LongDescription: Type check failed for BinaryExpression[ARITHMUL,BinaryExpression[ARITHMINUS,IdentifierExpression[~args_gyro,<LOCAL,balance_control>],IdentifierExpression[~args_gyro_offset,<LOCAL,balance_control>]],RealLiteral[0.01745329238]], ShortDescription: Type Error LongDescription: Type check failed for BinaryExpression[ARITHMUL,RealLiteral[0.01745329238],IdentifierExpression[~args_theta_m_l,<LOCAL,balance_control>]], ShortDescription: Type Error LongDescription: Type check failed for BinaryExpression[ARITHDIV,IdentifierExpression[~args_cmd_turn,<LOCAL,balance_control>],RealLiteral[100.0]], ShortDescription: Type Error LongDescription: Type check failed (index 0): FunctionApplication[#to_int,[BinaryExpression[ARITHPLUS,BinaryExpression[ARITHMUL,RealLiteral[0.00400000019],IdentifierExpression[~tmp_thetadot_cmd_lpf~21,<LOCAL,balance_control>]],IdentifierExpression[~ud_theta_ref~18,GLOBAL]]]], ShortDescription: Type Error LongDescription: Type check failed (index 0): FunctionApplication[#to_int,[BinaryExpression[ARITHPLUS,BinaryExpression[ARITHMUL,BinaryExpression[ARITHMINUS,RealLiteral[1.0],IdentifierExpression[~A_D~18,GLOBAL]],IdentifierExpression[~tmp_theta~21,<LOCAL,balance_control>]],BinaryExpression[ARITHMUL,IdentifierExpression[~A_D~18,GLOBAL],IdentifierExpression[~ud_theta_lpf~18,GLOBAL]]]]], ShortDescription: Type Error LongDescription: Type check failed for BinaryExpression[ARITHMUL,RealLiteral[0.01745329238],IdentifierExpression[~args_theta_m_r,<LOCAL,balance_control>]], ShortDescription: Type Error LongDescription: Type check failed for BinaryExpression[ARITHDIV,IdentifierExpression[~args_cmd_forward,<LOCAL,balance_control>],RealLiteral[100.0]], ShortDescription: Type Error LongDescription: Type check failed for BinaryExpression[ARITHMUL,RealLiteral[0.00400000019],IdentifierExpression[~tmp_thetadot_cmd_lpf~21,<LOCAL,balance_control>]], ShortDescription: Type Error LongDescription: Type check failed for BinaryExpression[ARITHMUL,BinaryExpression[ARITHMINUS,IdentifierExpression[~ud_theta_ref~18,GLOBAL],IdentifierExpression[~tmp_theta~21,<LOCAL,balance_control>]],RealLiteral[0.00400000019]], ShortDescription: Type Error LongDescription: Type check failed (index 0): FunctionApplication[#to_int,[BinaryExpression[ARITHPLUS,BinaryExpression[ARITHMUL,RealLiteral[0.00400000019],IdentifierExpression[~tmp_psidot~21,<LOCAL,balance_control>]],IdentifierExpression[~ud_psi~18,GLOBAL]]]], ShortDescription: Type Error LongDescription: Type check failed for BinaryExpression[ARITHDIV,BinaryExpression[ARITHMINUS,IdentifierExpression[~tmp_theta_lpf~21,<LOCAL,balance_control>],IdentifierExpression[~ud_theta_lpf~18,GLOBAL]],RealLiteral[0.00400000019]], ShortDescription: Type Error LongDescription: Type check failed for BinaryExpression[ARITHMINUS,RealLiteral[1.0],IdentifierExpression[~A_R~18,GLOBAL]], ShortDescription: Type Error LongDescription: Type check failed for BinaryExpression[ARITHMINUS,RealLiteral[1.0],IdentifierExpression[~A_D~18,GLOBAL]], ShortDescription: Type Error LongDescription: Type check failed for BinaryExpression[ARITHMUL,RealLiteral[0.00400000019],IdentifierExpression[~tmp_psidot~21,<LOCAL,balance_control>]], ShortDescription: Type Error LongDescription: Type check failed for BinaryExpression[ARITHMUL,BinaryExpression[ARITHPLUS,BinaryExpression[ARITHPLUS,BinaryExpression[ARITHMUL,RealLiteral[0.01745329238],IdentifierExpression[~args_theta_m_l,<LOCAL,balance_control>]],IdentifierExpression[~ud_psi~18,GLOBAL]],BinaryExpression[ARITHPLUS,BinaryExpression[ARITHMUL,RealLiteral[0.01745329238],IdentifierExpression[~args_theta_m_r,<LOCAL,balance_control>]],IdentifierExpression[~ud_psi~18,GLOBAL]]],RealLiteral[0.5]], ShortDescription: Type Error LongDescription: Type check failed for BinaryExpression[ARITHMUL,BinaryExpression[ARITHDIV,BinaryExpression[ARITHMOD,BinaryExpression[ARITHPLUS,BinaryExpression[ARITHMUL,IdentifierExpression[~K_I~18,GLOBAL],IdentifierExpression[~ud_err_theta~18,GLOBAL]],IdentifierExpression[~tmp_pwm_r_limiter~21,<LOCAL,balance_control>]],IntegerLiteral[4294967296]],BinaryExpression[ARITHMOD,BinaryExpression[ARITHMINUS,BinaryExpression[ARITHMUL,IdentifierExpression[~BATTERY_GAIN~18,GLOBAL],IdentifierExpression[~args_battery,<LOCAL,balance_control>]],IdentifierExpression[~BATTERY_OFFSET~18,GLOBAL]],IntegerLiteral[4294967296]]],RealLiteral[100.0]]]
2014-11-03_23-56-39-354 ### 226/258 ### Starting test for Input:svcomp/seq-mthreaded/rekh_aso_true-unreach-call.1.M4.c Settings:settings/svcomp2015/svComp-32bit-precise-BE-Impulse.epf Toolchain:toolchains/CodeCheckWithBE-C.xml
2014-11-03_23-56-39-475 Finishing test with FAIL for Input:svcomp/seq-mthreaded/rekh_aso_true-unreach-call.1.M4.c Settings:settings/svcomp2015/svComp-32bit-precise-BE-Impulse.epf Toolchain:toolchains/CodeCheckWithBE-C.xml: SYNTAX_ERROR(Expected:SAFE): ExpectedResult: SAFE UltimateResult: SYNTAX_ERROR   [ShortDescription: Type Error LongDescription: Type check failed for BinaryExpression[ARITHDIV,BinaryExpression[ARITHMINUS,IdentifierExpression[~tmp_theta_lpf~17,<LOCAL,balance_control>],IdentifierExpression[~ud_theta_lpf~14,GLOBAL]],RealLiteral[0.00400000019]], ShortDescription: Type Error LongDescription: Type check failed (index 0): FunctionApplication[#to_int,[BinaryExpression[ARITHPLUS,BinaryExpression[ARITHMUL,RealLiteral[0.00400000019],IdentifierExpression[~tmp_psidot~17,<LOCAL,balance_control>]],IdentifierExpression[~ud_psi~14,GLOBAL]]]], ShortDescription: Type Error LongDescription: Type check failed for BinaryExpression[ARITHMUL,RealLiteral[0.01745329238],IdentifierExpression[~args_theta_m_l,<LOCAL,balance_control>]], ShortDescription: Type Error LongDescription: Type check failed for BinaryExpression[ARITHDIV,IdentifierExpression[~args_cmd_turn,<LOCAL,balance_control>],RealLiteral[100.0]], ShortDescription: Type Error LongDescription: Type check failed for BinaryExpression[ARITHMUL,BinaryExpression[ARITHMINUS,IdentifierExpression[~ud_theta_ref~14,GLOBAL],IdentifierExpression[~tmp_theta~17,<LOCAL,balance_control>]],RealLiteral[0.00400000019]], ShortDescription: Type Error LongDescription: Type check failed (index 0): FunctionApplication[#to_int,[BinaryExpression[ARITHPLUS,BinaryExpression[ARITHMUL,RealLiteral[0.00400000019],IdentifierExpression[~tmp_thetadot_cmd_lpf~17,<LOCAL,balance_control>]],IdentifierExpression[~ud_theta_ref~14,GLOBAL]]]], ShortDescription: Type Error LongDescription: Type check failed for BinaryExpression[ARITHMUL,BinaryExpression[ARITHPLUS,BinaryExpression[ARITHPLUS,BinaryExpression[ARITHMUL,RealLiteral[0.01745329238],IdentifierExpression[~args_theta_m_l,<LOCAL,balance_control>]],IdentifierExpression[~ud_psi~14,GLOBAL]],BinaryExpression[ARITHPLUS,BinaryExpression[ARITHMUL,RealLiteral[0.01745329238],IdentifierExpression[~args_theta_m_r,<LOCAL,balance_control>]],IdentifierExpression[~ud_psi~14,GLOBAL]]],RealLiteral[0.5]], ShortDescription: Type Error LongDescription: Type check failed (index 0): FunctionApplication[#to_int,[BinaryExpression[ARITHPLUS,BinaryExpression[ARITHMUL,BinaryExpression[ARITHMINUS,RealLiteral[1.0],IdentifierExpression[~A_D~14,GLOBAL]],IdentifierExpression[~tmp_theta~17,<LOCAL,balance_control>]],BinaryExpression[ARITHMUL,IdentifierExpression[~A_D~14,GLOBAL],IdentifierExpression[~ud_theta_lpf~14,GLOBAL]]]]], ShortDescription: Type Error LongDescription: Type check failed for BinaryExpression[ARITHDIV,IdentifierExpression[~args_cmd_forward,<LOCAL,balance_control>],RealLiteral[100.0]], ShortDescription: Type Error LongDescription: Type check failed for BinaryExpression[ARITHMUL,BinaryExpression[ARITHMINUS,IdentifierExpression[~args_gyro,<LOCAL,balance_control>],IdentifierExpression[~args_gyro_offset,<LOCAL,balance_control>]],RealLiteral[0.01745329238]], ShortDescription: Type Error LongDescription: Type check failed for BinaryExpression[ARITHMUL,RealLiteral[0.00400000019],IdentifierExpression[~tmp_psidot~17,<LOCAL,balance_control>]], ShortDescription: Type Error LongDescription: Type check failed for BinaryExpression[ARITHMINUS,RealLiteral[1.0],IdentifierExpression[~A_D~14,GLOBAL]], ShortDescription: Type Error LongDescription: Type check failed for BinaryExpression[ARITHMUL,BinaryExpression[ARITHDIV,BinaryExpression[ARITHMOD,BinaryExpression[ARITHPLUS,BinaryExpression[ARITHMUL,IdentifierExpression[~K_I~14,GLOBAL],IdentifierExpression[~ud_err_theta~14,GLOBAL]],IdentifierExpression[~tmp_pwm_r_limiter~17,<LOCAL,balance_control>]],IntegerLiteral[4294967296]],BinaryExpression[ARITHMOD,BinaryExpression[ARITHMINUS,BinaryExpression[ARITHMUL,IdentifierExpression[~BATTERY_GAIN~14,GLOBAL],IdentifierExpression[~args_battery,<LOCAL,balance_control>]],IdentifierExpression[~BATTERY_OFFSET~14,GLOBAL]],IntegerLiteral[4294967296]]],RealLiteral[100.0]], ShortDescription: Type Error LongDescription: Type check failed for BinaryExpression[ARITHMUL,RealLiteral[0.00400000019],IdentifierExpression[~tmp_thetadot_cmd_lpf~17,<LOCAL,balance_control>]], ShortDescription: Type Error LongDescription: Type check failed for BinaryExpression[ARITHMUL,RealLiteral[0.01745329238],IdentifierExpression[~args_theta_m_r,<LOCAL,balance_control>]], ShortDescription: Type Error LongDescription: Type check failed for BinaryExpression[ARITHMINUS,RealLiteral[1.0],IdentifierExpression[~A_R~14,GLOBAL]]]
2014-11-03_23-56-39-668 ### 227/258 ### Starting test for Input:svcomp/seq-pthread/cs_lamport_true-unreach-call.i Settings:settings/svcomp2015/svComp-32bit-precise-BE-Impulse.epf Toolchain:toolchains/CodeCheckWithBE-C.xml
2014-11-03_23-57-16-021 Finishing test with UNKNOWN for Input:svcomp/seq-pthread/cs_lamport_true-unreach-call.i Settings:settings/svcomp2015/svComp-32bit-precise-BE-Impulse.epf Toolchain:toolchains/CodeCheckWithBE-C.xml: TIMEOUT(Expected:SAFE): ExpectedResult: SAFE UltimateResult: TIMEOUT   [ShortDescription: Timeout LongDescription: Unable to prove that call of __VERIFIER_error() unreachable (line 633)]
2014-11-03_23-57-16-188 ### 228/258 ### Starting test for Input:svcomp/seq-pthread/cs_lazy_false-unreach-call.i Settings:settings/svcomp2015/svComp-32bit-precise-BE-Impulse.epf Toolchain:toolchains/CodeCheckWithBE-C.xml
2014-11-03_23-57-47-013 Finishing test with UNKNOWN for Input:svcomp/seq-pthread/cs_lazy_false-unreach-call.i Settings:settings/svcomp2015/svComp-32bit-precise-BE-Impulse.epf Toolchain:toolchains/CodeCheckWithBE-C.xml: TIMEOUT(Expected:UNSAFE): ExpectedResult: UNSAFE UltimateResult: TIMEOUT   [ShortDescription: Timeout LongDescription: Timout or Toolchain cancelled by user]
2014-11-03_23-57-47-183 ### 229/258 ### Starting test for Input:svcomp/seq-pthread/cs_stateful_false-unreach-call.i Settings:settings/svcomp2015/svComp-32bit-precise-BE-Impulse.epf Toolchain:toolchains/CodeCheckWithBE-C.xml
2014-11-03_23-58-11-344 Finishing test with SUCCESS for Input:svcomp/seq-pthread/cs_stateful_false-unreach-call.i Settings:settings/svcomp2015/svComp-32bit-precise-BE-Impulse.epf Toolchain:toolchains/CodeCheckWithBE-C.xml: UNSAFE(Expected:UNSAFE): ExpectedResult: UNSAFE UltimateResult: UNSAFE   a call of __VERIFIER_error() is reachable 
2014-11-03_23-58-11-523 ### 230/258 ### Starting test for Input:svcomp/seq-pthread/cs_szymanski_true-unreach-call.i Settings:settings/svcomp2015/svComp-32bit-precise-BE-Impulse.epf Toolchain:toolchains/CodeCheckWithBE-C.xml
2014-11-03_23-58-44-365 Finishing test with UNKNOWN for Input:svcomp/seq-pthread/cs_szymanski_true-unreach-call.i Settings:settings/svcomp2015/svComp-32bit-precise-BE-Impulse.epf Toolchain:toolchains/CodeCheckWithBE-C.xml: TIMEOUT(Expected:SAFE): ExpectedResult: SAFE UltimateResult: TIMEOUT   [ShortDescription: Timeout LongDescription: Unable to prove that call of __VERIFIER_error() unreachable (line 633)]
2014-11-03_23-58-44-528 ### 231/258 ### Starting test for Input:svcomp/systemc/token_ring.02_true-unreach-call_false-termination.cil.c Settings:settings/svcomp2015/svComp-32bit-precise-BE-Impulse.epf Toolchain:toolchains/CodeCheckWithBE-C.xml
2014-11-03_23-59-14-740 Finishing test with UNKNOWN for Input:svcomp/systemc/token_ring.02_true-unreach-call_false-termination.cil.c Settings:settings/svcomp2015/svComp-32bit-precise-BE-Impulse.epf Toolchain:toolchains/CodeCheckWithBE-C.xml: TIMEOUT(Expected:SAFE): ExpectedResult: SAFE UltimateResult: TIMEOUT   [ShortDescription: Timeout LongDescription: Unable to prove that call of __VERIFIER_error() unreachable (line 10)]
2014-11-03_23-59-14-895 ### 232/258 ### Starting test for Input:svcomp/systemc/token_ring.06_false-unreach-call_false-termination.cil.c Settings:settings/svcomp2015/svComp-32bit-precise-BE-Impulse.epf Toolchain:toolchains/CodeCheckWithBE-C.xml
2014-11-03_23-59-45-129 Finishing test with UNKNOWN for Input:svcomp/systemc/token_ring.06_false-unreach-call_false-termination.cil.c Settings:settings/svcomp2015/svComp-32bit-precise-BE-Impulse.epf Toolchain:toolchains/CodeCheckWithBE-C.xml: TIMEOUT(Expected:UNSAFE): ExpectedResult: UNSAFE UltimateResult: TIMEOUT   [ShortDescription: Timeout LongDescription: Unable to prove that call of __VERIFIER_error() unreachable (line 10)]
2014-11-03_23-59-45-296 ### 233/258 ### Starting test for Input:svcomp/systemc/token_ring.14_false-unreach-call_false-termination.cil.c Settings:settings/svcomp2015/svComp-32bit-precise-BE-Impulse.epf Toolchain:toolchains/CodeCheckWithBE-C.xml
2014-11-04_00-00-16-638 Finishing test with UNKNOWN for Input:svcomp/systemc/token_ring.14_false-unreach-call_false-termination.cil.c Settings:settings/svcomp2015/svComp-32bit-precise-BE-Impulse.epf Toolchain:toolchains/CodeCheckWithBE-C.xml: TIMEOUT(Expected:UNSAFE): ExpectedResult: UNSAFE UltimateResult: TIMEOUT   [ShortDescription: Timeout LongDescription: Unable to prove that call of __VERIFIER_error() unreachable (line 10)]
2014-11-04_00-00-16-901 ### 234/258 ### Starting test for Input:svcomp/systemc/toy_true-unreach-call_false-termination.cil.c Settings:settings/svcomp2015/svComp-32bit-precise-BE-Impulse.epf Toolchain:toolchains/CodeCheckWithBE-C.xml
2014-11-04_00-00-47-567 Finishing test with UNKNOWN for Input:svcomp/systemc/toy_true-unreach-call_false-termination.cil.c Settings:settings/svcomp2015/svComp-32bit-precise-BE-Impulse.epf Toolchain:toolchains/CodeCheckWithBE-C.xml: TIMEOUT(Expected:SAFE): ExpectedResult: SAFE UltimateResult: TIMEOUT   [ShortDescription: Timeout LongDescription: Unable to prove that call of __VERIFIER_error() unreachable (line 13)]
2014-11-04_00-00-47-745 ### 235/258 ### Starting test for Input:svcomp/ntdrivers/diskperf_false-unreach-call.i.cil.c Settings:settings/svcomp2015/svComp-32bit-simple-Automizer.epf Toolchain:toolchains/AutomizerC.xml
2014-11-04_00-00-47-794 Finishing test with FAIL for Input:svcomp/ntdrivers/diskperf_false-unreach-call.i.cil.c Settings:settings/svcomp2015/svComp-32bit-simple-Automizer.epf Toolchain:toolchains/AutomizerC.xml: UNSUPPORTED_SYNTAX(Expected:UNSAFE): ExpectedResult: UNSAFE UltimateResult: UNSUPPORTED_SYNTAX   [ShortDescription: Unsupported Syntax LongDescription: bitfields are not supported at the moment]
2014-11-04_00-00-47-961 ### 236/258 ### Starting test for Input:svcomp/ntdrivers/diskperf_true-unreach-call.i.cil.c Settings:settings/svcomp2015/svComp-32bit-simple-Automizer.epf Toolchain:toolchains/AutomizerC.xml
2014-11-04_00-00-48-011 Finishing test with FAIL for Input:svcomp/ntdrivers/diskperf_true-unreach-call.i.cil.c Settings:settings/svcomp2015/svComp-32bit-simple-Automizer.epf Toolchain:toolchains/AutomizerC.xml: UNSUPPORTED_SYNTAX(Expected:SAFE): ExpectedResult: SAFE UltimateResult: UNSUPPORTED_SYNTAX   [ShortDescription: Unsupported Syntax LongDescription: bitfields are not supported at the moment]
2014-11-04_00-00-48-201 ### 237/258 ### Starting test for Input:svcomp/ntdrivers/floppy_false-unreach-call.i.cil.c Settings:settings/svcomp2015/svComp-32bit-simple-Automizer.epf Toolchain:toolchains/AutomizerC.xml
2014-11-04_00-00-48-271 Finishing test with FAIL for Input:svcomp/ntdrivers/floppy_false-unreach-call.i.cil.c Settings:settings/svcomp2015/svComp-32bit-simple-Automizer.epf Toolchain:toolchains/AutomizerC.xml: UNSUPPORTED_SYNTAX(Expected:UNSAFE): ExpectedResult: UNSAFE UltimateResult: UNSUPPORTED_SYNTAX   [ShortDescription: Unsupported Syntax LongDescription: bitfields are not supported at the moment]
2014-11-04_00-00-48-446 ### 238/258 ### Starting test for Input:svcomp/ntdrivers/floppy_true-unreach-call.i.cil.c Settings:settings/svcomp2015/svComp-32bit-simple-Automizer.epf Toolchain:toolchains/AutomizerC.xml
2014-11-04_00-00-48-524 Finishing test with FAIL for Input:svcomp/ntdrivers/floppy_true-unreach-call.i.cil.c Settings:settings/svcomp2015/svComp-32bit-simple-Automizer.epf Toolchain:toolchains/AutomizerC.xml: UNSUPPORTED_SYNTAX(Expected:SAFE): ExpectedResult: SAFE UltimateResult: UNSUPPORTED_SYNTAX   [ShortDescription: Unsupported Syntax LongDescription: bitfields are not supported at the moment]
2014-11-04_00-00-48-737 ### 239/258 ### Starting test for Input:svcomp/ntdrivers/parport_false-unreach-call.i.cil.c Settings:settings/svcomp2015/svComp-32bit-simple-Automizer.epf Toolchain:toolchains/AutomizerC.xml
2014-11-04_00-00-48-813 Finishing test with FAIL for Input:svcomp/ntdrivers/parport_false-unreach-call.i.cil.c Settings:settings/svcomp2015/svComp-32bit-simple-Automizer.epf Toolchain:toolchains/AutomizerC.xml: UNSUPPORTED_SYNTAX(Expected:UNSAFE): ExpectedResult: UNSAFE UltimateResult: UNSUPPORTED_SYNTAX   [ShortDescription: Unsupported Syntax LongDescription: bitfields are not supported at the moment]
2014-11-04_00-00-48-994 ### 240/258 ### Starting test for Input:svcomp/ntdrivers/parport_true-unreach-call.i.cil.c Settings:settings/svcomp2015/svComp-32bit-simple-Automizer.epf Toolchain:toolchains/AutomizerC.xml
2014-11-04_00-00-49-103 Finishing test with FAIL for Input:svcomp/ntdrivers/parport_true-unreach-call.i.cil.c Settings:settings/svcomp2015/svComp-32bit-simple-Automizer.epf Toolchain:toolchains/AutomizerC.xml: UNSUPPORTED_SYNTAX(Expected:SAFE): ExpectedResult: SAFE UltimateResult: UNSUPPORTED_SYNTAX   [ShortDescription: Unsupported Syntax LongDescription: bitfields are not supported at the moment]
2014-11-04_00-00-49-293 ### 241/258 ### Starting test for Input:svcomp/ssh/s3_clnt.blast.03_false-unreach-call.i.cil.c Settings:settings/svcomp2015/svComp-32bit-simple-Automizer.epf Toolchain:toolchains/AutomizerC.xml
2014-11-04_00-01-11-647 Finishing test with UNKNOWN for Input:svcomp/ssh/s3_clnt.blast.03_false-unreach-call.i.cil.c Settings:settings/svcomp2015/svComp-32bit-simple-Automizer.epf Toolchain:toolchains/AutomizerC.xml: UNKNOWN(Expected:UNSAFE): ExpectedResult: UNSAFE UltimateResult: UNKNOWN   Unable to prove that call of __VERIFIER_error() unreachable 
2014-11-04_00-01-11-920 ### 242/258 ### Starting test for Input:svcomp/ssh/s3_srvr.blast.02_true-unreach-call.i.cil.c Settings:settings/svcomp2015/svComp-32bit-simple-Automizer.epf Toolchain:toolchains/AutomizerC.xml
2014-11-04_00-01-41-939 Finishing test with UNKNOWN for Input:svcomp/ssh/s3_srvr.blast.02_true-unreach-call.i.cil.c Settings:settings/svcomp2015/svComp-32bit-simple-Automizer.epf Toolchain:toolchains/AutomizerC.xml: TIMEOUT(Expected:SAFE): ExpectedResult: SAFE UltimateResult: TIMEOUT   [ShortDescription: Timeout LongDescription: Unable to prove that call of __VERIFIER_error() unreachable (line 1705)]
2014-11-04_00-01-42-119 ### 243/258 ### Starting test for Input:svcomp/ssh/s3_srvr.blast.03_false-unreach-call.i.cil.c Settings:settings/svcomp2015/svComp-32bit-simple-Automizer.epf Toolchain:toolchains/AutomizerC.xml
2014-11-04_00-01-44-825 Finishing test with SUCCESS for Input:svcomp/ssh/s3_srvr.blast.03_false-unreach-call.i.cil.c Settings:settings/svcomp2015/svComp-32bit-simple-Automizer.epf Toolchain:toolchains/AutomizerC.xml: UNSAFE(Expected:UNSAFE): ExpectedResult: UNSAFE UltimateResult: UNSAFE   a call of __VERIFIER_error() is reachable 
2014-11-04_00-01-45-035 ### 244/258 ### Starting test for Input:svcomp/ssh/s3_srvr.blast.06_true-unreach-call.i.cil.c Settings:settings/svcomp2015/svComp-32bit-simple-Automizer.epf Toolchain:toolchains/AutomizerC.xml
2014-11-04_00-02-15-059 Finishing test with UNKNOWN for Input:svcomp/ssh/s3_srvr.blast.06_true-unreach-call.i.cil.c Settings:settings/svcomp2015/svComp-32bit-simple-Automizer.epf Toolchain:toolchains/AutomizerC.xml: TIMEOUT(Expected:SAFE): ExpectedResult: SAFE UltimateResult: TIMEOUT   [ShortDescription: Timeout LongDescription: Unable to prove that call of __VERIFIER_error() unreachable (line 1781)]
2014-11-04_00-02-15-224 ### 245/258 ### Starting test for Input:svcomp/ssh/s3_srvr.blast.07_false-unreach-call.i.cil.c Settings:settings/svcomp2015/svComp-32bit-simple-Automizer.epf Toolchain:toolchains/AutomizerC.xml
2014-11-04_00-02-18-915 Finishing test with SUCCESS for Input:svcomp/ssh/s3_srvr.blast.07_false-unreach-call.i.cil.c Settings:settings/svcomp2015/svComp-32bit-simple-Automizer.epf Toolchain:toolchains/AutomizerC.xml: UNSAFE(Expected:UNSAFE): ExpectedResult: UNSAFE UltimateResult: UNSAFE   a call of __VERIFIER_error() is reachable 
2014-11-04_00-02-19-088 ### 246/258 ### Starting test for Input:svcomp/ssh/s3_srvr.blast.15_true-unreach-call.i.cil.c Settings:settings/svcomp2015/svComp-32bit-simple-Automizer.epf Toolchain:toolchains/AutomizerC.xml
2014-11-04_00-02-47-167 Finishing test with FAIL for Input:svcomp/ssh/s3_srvr.blast.15_true-unreach-call.i.cil.c Settings:settings/svcomp2015/svComp-32bit-simple-Automizer.epf Toolchain:toolchains/AutomizerC.xml: EXCEPTION_OR_ERROR(Expected:SAFE): ExpectedResult: SAFE UltimateResult: EXCEPTION_OR_ERROR   [de.uni_freiburg.informatik.ultimate.plugins.generator.traceabstraction: AssertionError: invalid Hoare triple in FP: de.uni_freiburg.informatik.ultimate.plugins.generator.traceabstraction.singleTraceCheck.TraceCheckerSpWp.computeInterpolantsUsingUnsatCore(TraceCheckerSpWp.java:357)]
2014-11-04_00-02-47-329 ### 247/258 ### Starting test for Input:svcomp/ntdrivers/diskperf_false-unreach-call.i.cil.c Settings:settings/svcomp2015/svComp-32bit-precise-BE-Impulse.epf Toolchain:toolchains/CodeCheckWithBE-C.xml
2014-11-04_00-02-47-377 Finishing test with FAIL for Input:svcomp/ntdrivers/diskperf_false-unreach-call.i.cil.c Settings:settings/svcomp2015/svComp-32bit-precise-BE-Impulse.epf Toolchain:toolchains/CodeCheckWithBE-C.xml: UNSUPPORTED_SYNTAX(Expected:UNSAFE): ExpectedResult: UNSAFE UltimateResult: UNSUPPORTED_SYNTAX   [ShortDescription: Unsupported Syntax LongDescription: bitfields are not supported at the moment]
2014-11-04_00-02-47-534 ### 248/258 ### Starting test for Input:svcomp/ntdrivers/diskperf_true-unreach-call.i.cil.c Settings:settings/svcomp2015/svComp-32bit-precise-BE-Impulse.epf Toolchain:toolchains/CodeCheckWithBE-C.xml
2014-11-04_00-02-47-580 Finishing test with FAIL for Input:svcomp/ntdrivers/diskperf_true-unreach-call.i.cil.c Settings:settings/svcomp2015/svComp-32bit-precise-BE-Impulse.epf Toolchain:toolchains/CodeCheckWithBE-C.xml: UNSUPPORTED_SYNTAX(Expected:SAFE): ExpectedResult: SAFE UltimateResult: UNSUPPORTED_SYNTAX   [ShortDescription: Unsupported Syntax LongDescription: bitfields are not supported at the moment]
2014-11-04_00-02-47-745 ### 249/258 ### Starting test for Input:svcomp/ntdrivers/floppy_false-unreach-call.i.cil.c Settings:settings/svcomp2015/svComp-32bit-precise-BE-Impulse.epf Toolchain:toolchains/CodeCheckWithBE-C.xml
2014-11-04_00-02-47-807 Finishing test with FAIL for Input:svcomp/ntdrivers/floppy_false-unreach-call.i.cil.c Settings:settings/svcomp2015/svComp-32bit-precise-BE-Impulse.epf Toolchain:toolchains/CodeCheckWithBE-C.xml: UNSUPPORTED_SYNTAX(Expected:UNSAFE): ExpectedResult: UNSAFE UltimateResult: UNSUPPORTED_SYNTAX   [ShortDescription: Unsupported Syntax LongDescription: bitfields are not supported at the moment]
2014-11-04_00-02-47-971 ### 250/258 ### Starting test for Input:svcomp/ntdrivers/floppy_true-unreach-call.i.cil.c Settings:settings/svcomp2015/svComp-32bit-precise-BE-Impulse.epf Toolchain:toolchains/CodeCheckWithBE-C.xml
2014-11-04_00-02-48-033 Finishing test with FAIL for Input:svcomp/ntdrivers/floppy_true-unreach-call.i.cil.c Settings:settings/svcomp2015/svComp-32bit-precise-BE-Impulse.epf Toolchain:toolchains/CodeCheckWithBE-C.xml: UNSUPPORTED_SYNTAX(Expected:SAFE): ExpectedResult: SAFE UltimateResult: UNSUPPORTED_SYNTAX   [ShortDescription: Unsupported Syntax LongDescription: bitfields are not supported at the moment]
2014-11-04_00-02-48-199 ### 251/258 ### Starting test for Input:svcomp/ntdrivers/parport_false-unreach-call.i.cil.c Settings:settings/svcomp2015/svComp-32bit-precise-BE-Impulse.epf Toolchain:toolchains/CodeCheckWithBE-C.xml
2014-11-04_00-02-48-274 Finishing test with FAIL for Input:svcomp/ntdrivers/parport_false-unreach-call.i.cil.c Settings:settings/svcomp2015/svComp-32bit-precise-BE-Impulse.epf Toolchain:toolchains/CodeCheckWithBE-C.xml: UNSUPPORTED_SYNTAX(Expected:UNSAFE): ExpectedResult: UNSAFE UltimateResult: UNSUPPORTED_SYNTAX   [ShortDescription: Unsupported Syntax LongDescription: bitfields are not supported at the moment]
2014-11-04_00-02-48-436 ### 252/258 ### Starting test for Input:svcomp/ntdrivers/parport_true-unreach-call.i.cil.c Settings:settings/svcomp2015/svComp-32bit-precise-BE-Impulse.epf Toolchain:toolchains/CodeCheckWithBE-C.xml
2014-11-04_00-02-48-513 Finishing test with FAIL for Input:svcomp/ntdrivers/parport_true-unreach-call.i.cil.c Settings:settings/svcomp2015/svComp-32bit-precise-BE-Impulse.epf Toolchain:toolchains/CodeCheckWithBE-C.xml: UNSUPPORTED_SYNTAX(Expected:SAFE): ExpectedResult: SAFE UltimateResult: UNSUPPORTED_SYNTAX   [ShortDescription: Unsupported Syntax LongDescription: bitfields are not supported at the moment]
2014-11-04_00-02-48-672 ### 253/258 ### Starting test for Input:svcomp/ssh/s3_clnt.blast.03_false-unreach-call.i.cil.c Settings:settings/svcomp2015/svComp-32bit-precise-BE-Impulse.epf Toolchain:toolchains/CodeCheckWithBE-C.xml
2014-11-04_00-03-18-698 Finishing test with UNKNOWN for Input:svcomp/ssh/s3_clnt.blast.03_false-unreach-call.i.cil.c Settings:settings/svcomp2015/svComp-32bit-precise-BE-Impulse.epf Toolchain:toolchains/CodeCheckWithBE-C.xml: TIMEOUT(Expected:UNSAFE): ExpectedResult: UNSAFE UltimateResult: TIMEOUT   [ShortDescription: Timeout LongDescription: Timout or Toolchain cancelled by user]
2014-11-04_00-03-18-890 ### 254/258 ### Starting test for Input:svcomp/ssh/s3_srvr.blast.02_true-unreach-call.i.cil.c Settings:settings/svcomp2015/svComp-32bit-precise-BE-Impulse.epf Toolchain:toolchains/CodeCheckWithBE-C.xml
2014-11-04_00-03-48-911 Finishing test with UNKNOWN for Input:svcomp/ssh/s3_srvr.blast.02_true-unreach-call.i.cil.c Settings:settings/svcomp2015/svComp-32bit-precise-BE-Impulse.epf Toolchain:toolchains/CodeCheckWithBE-C.xml: TIMEOUT(Expected:SAFE): ExpectedResult: SAFE UltimateResult: TIMEOUT   [ShortDescription: Timeout LongDescription: Timout or Toolchain cancelled by user]
2014-11-04_00-03-49-110 ### 255/258 ### Starting test for Input:svcomp/ssh/s3_srvr.blast.03_false-unreach-call.i.cil.c Settings:settings/svcomp2015/svComp-32bit-precise-BE-Impulse.epf Toolchain:toolchains/CodeCheckWithBE-C.xml
2014-11-04_00-04-22-964 Finishing test with FAIL for Input:svcomp/ssh/s3_srvr.blast.03_false-unreach-call.i.cil.c Settings:settings/svcomp2015/svComp-32bit-precise-BE-Impulse.epf Toolchain:toolchains/CodeCheckWithBE-C.xml: EXCEPTION_OR_ERROR(Expected:UNSAFE): ExpectedResult: UNSAFE UltimateResult: EXCEPTION_OR_ERROR   [de.uni_freiburg.informatik.ultimate.plugins.generator.codecheck: AssertionError: no branch was taken: de.uni_freiburg.informatik.ultimate.plugins.generator.rcfgbuilder.RCFGBacktranslator.addCodeBlock(RCFGBacktranslator.java:128)]
2014-11-04_00-04-23-160 ### 256/258 ### Starting test for Input:svcomp/ssh/s3_srvr.blast.06_true-unreach-call.i.cil.c Settings:settings/svcomp2015/svComp-32bit-precise-BE-Impulse.epf Toolchain:toolchains/CodeCheckWithBE-C.xml
2014-11-04_00-04-53-185 Finishing test with UNKNOWN for Input:svcomp/ssh/s3_srvr.blast.06_true-unreach-call.i.cil.c Settings:settings/svcomp2015/svComp-32bit-precise-BE-Impulse.epf Toolchain:toolchains/CodeCheckWithBE-C.xml: TIMEOUT(Expected:SAFE): ExpectedResult: SAFE UltimateResult: TIMEOUT   [ShortDescription: Timeout LongDescription: Timout or Toolchain cancelled by user]
2014-11-04_00-04-53-384 ### 257/258 ### Starting test for Input:svcomp/ssh/s3_srvr.blast.07_false-unreach-call.i.cil.c Settings:settings/svcomp2015/svComp-32bit-precise-BE-Impulse.epf Toolchain:toolchains/CodeCheckWithBE-C.xml
2014-11-04_00-05-23-454 Finishing test with UNKNOWN for Input:svcomp/ssh/s3_srvr.blast.07_false-unreach-call.i.cil.c Settings:settings/svcomp2015/svComp-32bit-precise-BE-Impulse.epf Toolchain:toolchains/CodeCheckWithBE-C.xml: TIMEOUT(Expected:UNSAFE): ExpectedResult: UNSAFE UltimateResult: TIMEOUT   [ShortDescription: Timeout LongDescription: Timout or Toolchain cancelled by user]
2014-11-04_00-05-23-658 ### 258/258 ### Starting test for Input:svcomp/ssh/s3_srvr.blast.15_true-unreach-call.i.cil.c Settings:settings/svcomp2015/svComp-32bit-precise-BE-Impulse.epf Toolchain:toolchains/CodeCheckWithBE-C.xml
2014-11-04_00-05-53-732 Finishing test with UNKNOWN for Input:svcomp/ssh/s3_srvr.blast.15_true-unreach-call.i.cil.c Settings:settings/svcomp2015/svComp-32bit-precise-BE-Impulse.epf Toolchain:toolchains/CodeCheckWithBE-C.xml: TIMEOUT(Expected:SAFE): ExpectedResult: SAFE UltimateResult: TIMEOUT   [ShortDescription: Timeout LongDescription: Timout or Toolchain cancelled by user]
